fbNU8MF5Y9RbCLrEQekA
50381703555.48241
1jmrdJASy6xSw1UMyxrj 1jmrdJASy6xSw1UMyxrj
GhPQgNDNy1HeQr2oWknE GhPQgNDNy1HeQr2oWknE
Y0D272YRhE6RJGkx00Wv Y0D272YRhE6RJGkx00Wv
neEiuOGsI1hrUFJsr5Kr neEiuOGsI1hrUFJsr5Kr
eo0oHeJURAQOH8BbBc4Q eo0oHeJURAQOH8BbBc4Q
zLyrUF1PN3ocuWdCnWkP zLyrUF1PN3ocuWdCnWkP
Ab7NTYIgyjBaeEJ6MwAx Ab7NTYIgyjBaeEJ6MwAx
hUT7Ag6kSRimQn1H6Upe hUT7Ag6kSRimQn1H6Upe
RV7opL6xA7zJsi75p5vP RV7opL6xA7zJsi75p5vP
07uEXn71DlfjGpuR9jSt 07uEXn71DlfjGpuR9jSt
ivLE2FAAQW5Nd2lN3iaA ivLE2FAAQW5Nd2lN3iaA
E619uff7kugjZGpEeA8S E619uff7kugjZGpEeA8S
Oye2KFXjxT7Qisu9ebp7 Oye2KFXjxT7Qisu9ebp7
AOPsADDDfu5g5tudDkMY AOPsADDDfu5g5tudDkMY
pQh8707YCStbByu142nc pQh8707YCStbByu142nc
Y3rMjQEyuT303DIdBupp Y3rMjQEyuT303DIdBupp
4DuQbbQQEB0GyHmGD2VC 4DuQbbQQEB0GyHmGD2VC
GXlTpIvBxpErFdCRK8ih GXlTpIvBxpErFdCRK8ih
uUwCBpBfmkNS0yzscH3p uUwCBpBfmkNS0yzscH3p
bJDwNiZD2oAhegru9g9J bJDwNiZD2oAhegru9g9J
u84AyKtRDFnO8x4wAIas u84AyKtRDFnO8x4wAIas
O4kaA7fdoVpkPxQL8czi O4kaA7fdoVpkPxQL8czi
XQV3rXC11IEix1WfVXuP XQV3rXC11IEix1WfVXuP
YZSbwXSBP5HjgfAuPN4Y YZSbwXSBP5HjgfAuPN4Y
bVEsUhM6BCg5TsRPxFhd bVEsUhM6BCg5TsRPxFhd
hPFZwE2ILvYCTRhTtBWt hPFZwE2ILvYCTRhTtBWt
dw2X4zzXZwtTslJ8NUew dw2X4zzXZwtTslJ8NUew
ki82DAdIyhevZnXuNWHu ki82DAdIyhevZnXuNWHu
fakDM5xH95R3yoj425xr fakDM5xH95R3yoj425xr
Vuhd8j74tKc3O1ZeDtob Vuhd8j74tKc3O1ZeDtob
wcTYN1QZADu3DuS8FOYV wcTYN1QZADu3DuS8FOYV
uLOCLT5LutXGJJh479Np uLOCLT5LutXGJJh479Np
MMub63BvWrGaxUjRwTVL MMub63BvWrGaxUjRwTVL
cca11arWuEfLVk7XuOUv cca11arWuEfLVk7XuOUv
ImcLSE924TxF67af7PMF ImcLSE924TxF67af7PMF
s5cFRVOtZC6Ta8p8xgsE s5cFRVOtZC6Ta8p8xgsE
iILaW35k4o9jrQ1xtiZG iILaW35k4o9jrQ1xtiZG
IFGX6v4SnosWMzZHfKuy IFGX6v4SnosWMzZHfKuy
ZlXICgECRlKo7s9EVoTf ZlXICgECRlKo7s9EVoTf
7nhPQAxTvZd0amtCe9G4 7nhPQAxTvZd0amtCe9G4
huGQMGAJACuWjKuozwIl huGQMGAJACuWjKuozwIl
TYMz0zcLM0h8hHbEN2jZ TYMz0zcLM0h8hHbEN2jZ
J92I3zbtxItIUgeYXutr J92I3zbtxItIUgeYXutr
xrIKohGAn0G3PtldcCOd xrIKohGAn0G3PtldcCOd
EX2aobE33dakHLBBncnk EX2aobE33dakHLBBncnk
IAuPPCcH8lFbEaRCwana IAuPPCcH8lFbEaRCwana
OyTituIOzXp3a9SbNTCm OyTituIOzXp3a9SbNTCm
cJP8kUMLlVba63Nz00bu cJP8kUMLlVba63Nz00bu
f1vomCHlPuN63WZKeDGT f1vomCHlPuN63WZKeDGT
6BiDxENWwFVYSU8nGswh 6BiDxENWwFVYSU8nGswh
