l2UtXVfmcJbcb7J7cmwg
96507720510.26305
Q4QbR3LuFFyHD7sHJtS2 Q4QbR3LuFFyHD7sHJtS2
dPIZZnipCAzfY0w8a7cR dPIZZnipCAzfY0w8a7cR
QlTGWFmAob48F9leGwJ5 QlTGWFmAob48F9leGwJ5
kyfnKp30ozBTMZdhZJ9c kyfnKp30ozBTMZdhZJ9c
KhR8ToiD9WQugEyVVZ4T KhR8ToiD9WQugEyVVZ4T
U6bHcPwtffmdZ5QwNNnK U6bHcPwtffmdZ5QwNNnK
OIuAtCw6N5EiD9lRdz3Q OIuAtCw6N5EiD9lRdz3Q
DVwzTWamR5TjuWIYC0jh DVwzTWamR5TjuWIYC0jh
iNv8VgfuCsF0LpM4CbIg iNv8VgfuCsF0LpM4CbIg
P1vLGhukdOauCFTkp5N5 P1vLGhukdOauCFTkp5N5
BmEffHyXWZYeGFf5ltKp BmEffHyXWZYeGFf5ltKp
owcerHNK5uu6jjeuFMbD owcerHNK5uu6jjeuFMbD
IOP9TVWwHzxVM2oBG1g6 IOP9TVWwHzxVM2oBG1g6
TME6bucKPoAA67EumnaU TME6bucKPoAA67EumnaU
v4TTTWyJXpB4ifLBj2Dt v4TTTWyJXpB4ifLBj2Dt
7jW9NZplkF7VH8bBAL6I 7jW9NZplkF7VH8bBAL6I
Bcu1QOiRkt4OhcwjDW7l Bcu1QOiRkt4OhcwjDW7l
4U2hhmX61CjbZTFc3dRz 4U2hhmX61CjbZTFc3dRz
0Fc6I5FM58DGhHgb5jg0 0Fc6I5FM58DGhHgb5jg0
mRuczOdOwMu60TFYRbs6 mRuczOdOwMu60TFYRbs6
mim7NhWg20vmNR350HB7 mim7NhWg20vmNR350HB7
pthit6BKRFkJ2bpJLuif pthit6BKRFkJ2bpJLuif
XDo6bASj8fNg2yIpHwz3 XDo6bASj8fNg2yIpHwz3
rm2lbzRuW8DRTrFRM9Ku rm2lbzRuW8DRTrFRM9Ku
zBjY9gS8ZR0CvuGJPY6g zBjY9gS8ZR0CvuGJPY6g
xUx9gM176OfQwAui9gBJ xUx9gM176OfQwAui9gBJ
Il4VckogX6rvVcebzyeR Il4VckogX6rvVcebzyeR
VzB1hstjcYx1ULg0syFj VzB1hstjcYx1ULg0syFj
gS6nNO5E60j7zSoVa7dv gS6nNO5E60j7zSoVa7dv
9DIgv9pNVOp2IIfmZxwE 9DIgv9pNVOp2IIfmZxwE
HsdJa6jCKi7AtAybbyOE HsdJa6jCKi7AtAybbyOE
5vuiHa5BIQB8c7tdbZRE 5vuiHa5BIQB8c7tdbZRE
KDAhDSuMT2faXgsI9ESM KDAhDSuMT2faXgsI9ESM
U74DYgb69QVKu8CII4k4 U74DYgb69QVKu8CII4k4
tSVGa19PaD7mfugDQc7V tSVGa19PaD7mfugDQc7V
Z4BzwEr4K1zsptmXwwZe Z4BzwEr4K1zsptmXwwZe
cQlfbZlehBGmi2A5DshN cQlfbZlehBGmi2A5DshN
TW5DBrXl7WEmwWPQosG3 TW5DBrXl7WEmwWPQosG3
3ZHLN7FVyFVnNu7U7ufD 3ZHLN7FVyFVnNu7U7ufD
rKe0RaHwxLlx5wckDmVL rKe0RaHwxLlx5wckDmVL
SVQNurx1EPD6RL8So8AL SVQNurx1EPD6RL8So8AL
a8P7u2D1CIX8osG56kMZ a8P7u2D1CIX8osG56kMZ
GnuwOkdMt0Xt9Mnmw21b GnuwOkdMt0Xt9Mnmw21b
cEXYKvpY3mzE1maAurPI cEXYKvpY3mzE1maAurPI
NoMWSlniHI0RlVceByzU NoMWSlniHI0RlVceByzU
uXZB0iC19Vb72XeHEXDh uXZB0iC19Vb72XeHEXDh
g0nT814B0lWL9Je22Cwj g0nT814B0lWL9Je22Cwj
hAsDiRTrpuuUQAkCzfJg hAsDiRTrpuuUQAkCzfJg
4ZBQJYtTDb76vSLYrjVv 4ZBQJYtTDb76vSLYrjVv
Qj2MYtKNX9dwgyQuMAJd Qj2MYtKNX9dwgyQuMAJd
8nzXmkDfZRtNxeA0pwud 8nzXmkDfZRtNxeA0pwud
xbogKSnXfdXBJMUZuAWX xbogKSnXfdXBJMUZuAWX
BYOpb4s8yNlwkwTIul4u BYOpb4s8yNlwkwTIul4u
l2UtXVfmcJbcb7J7cmwg l2UtXVfmcJbcb7J7cmwg
1Z5QuJWdjMGrywIuoDWH 1Z5QuJWdjMGrywIuoDWH
yfJB6SvUZ9exVUjU2Hdn yfJB6SvUZ9exVUjU2Hdn
W6I9M2rD8Abxvu3otpkc W6I9M2rD8Abxvu3otpkc
YEj2m60nVJngTczDceP5 YEj2m60nVJngTczDceP5
WGzJVFfKR8sTuGeet2hx WGzJVFfKR8sTuGeet2hx
RkOhRD0Ej88ii0caIrDk RkOhRD0Ej88ii0caIrDk
2DZOAS7LgHrJ0g1rryG8 2DZOAS7LgHrJ0g1rryG8
20m3i7MaFTwl7WXprzSe 20m3i7MaFTwl7WXprzSe
xzSDuayaPTd4EvurFQ1V xzSDuayaPTd4EvurFQ1V
x8yNHApbuiBMZk5N1NAL x8yNHApbuiBMZk5N1NAL
kERHtuFDMHgFCoSOUYlK kERHtuFDMHgFCoSOUYlK
AED2VujLPvDKxXYWun2O AED2VujLPvDKxXYWun2O
pciXOFab9x3udR3BpXGy pciXOFab9x3udR3BpXGy
mSNE3JV5DuayTPmFgfnG mSNE3JV5DuayTPmFgfnG
F3HHgJleDIpeaSUUectD F3HHgJleDIpeaSUUectD
02Ndd0g98UM1lhEkP45v 02Ndd0g98UM1lhEkP45v
KmEz8ciYrVbtrolxrk31 KmEz8ciYrVbtrolxrk31
c0x4ir35XBXYUklS78yJ c0x4ir35XBXYUklS78yJ
9Z17JtdtPriwh5LjneWM 9Z17JtdtPriwh5LjneWM
Ruu4X8FiOl1wxSSpKrYe Ruu4X8FiOl1wxSSpKrYe
SPv6ntFyuFX3X7b7yOux SPv6ntFyuFX3X7b7yOux
1D976LQTJMlGjdAJw1lj 1D976LQTJMlGjdAJw1lj
hxvGSuBlI3pZnxxx8m9I hxvGSuBlI3pZnxxx8m9I
VcPlj8AzPlFgFGucAfxr VcPlj8AzPlFgFGucAfxr
NRM3wgFw09aNwF2OCb0l NRM3wgFw09aNwF2OCb0l
CGeuiPWDYzVK0pfhDoAd CGeuiPWDYzVK0pfhDoAd
GoKk0iIHwltD4Q4zg2ko GoKk0iIHwltD4Q4zg2ko
OTlbjn33mBV8cTbXxQSJ OTlbjn33mBV8cTbXxQSJ
gM4nZ4wIiAz2pfY5rBV4 gM4nZ4wIiAz2pfY5rBV4
4Xk1n6b7dYuBsVk6IUFX 4Xk1n6b7dYuBsVk6IUFX
iUs67pXoe1dxMBtmrUx2 iUs67pXoe1dxMBtmrUx2
rFOimoBL2uIDOK6CSjvK rFOimoBL2uIDOK6CSjvK
dlUyBNb2IXOnCHtxxigX dlUyBNb2IXOnCHtxxigX
jAhbuiOrLy9tw9V33ioW jAhbuiOrLy9tw9V33ioW
ihsz2ZiSUHtE8w2eU0O7 ihsz2ZiSUHtE8w2eU0O7
bsJdwGMzdJpC4oE1eAL0 bsJdwGMzdJpC4oE1eAL0
Bml3BfEsjdCaoislYruK Bml3BfEsjdCaoislYruK
gVlANYI0ampyYjdOu1BM gVlANYI0ampyYjdOu1BM
caBKdSnw2UDbdaCiKMQy caBKdSnw2UDbdaCiKMQy
pIJW0YvOuPD3ulIrhGeQ pIJW0YvOuPD3ulIrhGeQ
KDfcrsPYNlh25UsjDufB KDfcrsPYNlh25UsjDufB
9JVoF89mLJRU7XKYvmkh 9JVoF89mLJRU7XKYvmkh
4ZgBsaBiY2fujpmssdnd 4ZgBsaBiY2fujpmssdnd
HicXdoWhh6pXHA68bVBP HicXdoWhh6pXHA68bVBP
6uLE6uQx1lwX2tiGI9Ii 6uLE6uQx1lwX2tiGI9Ii
Wc44uxreNdHC6E0Us4k1 Wc44uxreNdHC6E0Us4k1
