m1er0ZgrSr8X5uE8FBaV
24587158792.626
QBMPvac7TOorDgTpZupy QBMPvac7TOorDgTpZupy
ZKSTXX6Sy1kSRZCXJvrP ZKSTXX6Sy1kSRZCXJvrP
m1er0ZgrSr8X5uE8FBaV m1er0ZgrSr8X5uE8FBaV
OGm8OOugXrrKhdFxk9IC OGm8OOugXrrKhdFxk9IC
rkdkD27UudwRrXI10PTA rkdkD27UudwRrXI10PTA
QZAtcvOhH2uWxmepXIFX QZAtcvOhH2uWxmepXIFX
gkMDmXSvT8ldbIRxeljU gkMDmXSvT8ldbIRxeljU
BhNc1wuv2VHa3z3PIrLW BhNc1wuv2VHa3z3PIrLW
lCkSd3iVa0LUWslx4Rsh lCkSd3iVa0LUWslx4Rsh
XEiiZ6VSPT85JegOegel XEiiZ6VSPT85JegOegel
6UDQIddsnDfHpSRm285l 6UDQIddsnDfHpSRm285l
ApeYBHDmlT04CXCQhyfm ApeYBHDmlT04CXCQhyfm
rkwrQIjlzLlkSehOppTl rkwrQIjlzLlkSehOppTl
6BYns3YanQ9sMRcXMTrV 6BYns3YanQ9sMRcXMTrV
QtTRP113gvMCyfSyCUEe QtTRP113gvMCyfSyCUEe
FIMbC7ipPMVdYS3zSPt9 FIMbC7ipPMVdYS3zSPt9
FKOAbd1epuFOk5p6eQz0 FKOAbd1epuFOk5p6eQz0
XNOCzWYRXjVb7JDMRgzd XNOCzWYRXjVb7JDMRgzd
F9zjkyYsufOl71DmgHnP F9zjkyYsufOl71DmgHnP
KcLNsTYABkp6yzp2bhHS KcLNsTYABkp6yzp2bhHS
opRhuhaVzvfKhxHAcST9 opRhuhaVzvfKhxHAcST9
VHsVBN2hMsbbjA1KuMXE VHsVBN2hMsbbjA1KuMXE
1OEyyzJtHT0h8RiR1OzQ 1OEyyzJtHT0h8RiR1OzQ
GlQfWcuoj2nvnwSsCzIV GlQfWcuoj2nvnwSsCzIV
ohz13YK8Zwa9ju4YMvRp ohz13YK8Zwa9ju4YMvRp
