FacultyClub CareerCenter HearstGym Spieker FacultyClub Etcheverry FacultyClub BioscienceLibrary FacultyClub OptometryLibrary Wheeler BioscienceLibrary FacultyClub LawrenceofScience FacultyClub Mulford FacultyClub Durham FacultyClub PacificFilmArchive FacultyClub Manville FacultyClub Morrison FacultyClub SproulPlaza FacultyClub OBrien FacultyClub EarthquakeLibrary Pimentel Manville Hilgard Library FacultyClub BrainImagingCenter StudentUnion FacultyClub SutardjaDai UniversityHouse Cheit FacultyClub 
24
FacultyClub FacultyClub
CareerCenter CareerCenter
HearstGym HearstGym
Spieker Spieker
Etcheverry Etcheverry
BioscienceLibrary BioscienceLibrary FPF
Wheeler Wheeler
LawrenceofScience LawrenceofScience
Mulford Mulford
Durham Durham
PacificFilmArchive PacificFilmArchive
Manville Manville
Morrison Morrison
SproulPlaza SproulPlaza
OBrien OBrien
EarthquakeLibrary EarthquakeLibrary
Pimentel Pimentel
Hilgard Hilgard
Library Library
BrainImagingCenter BrainImagingCenter
StudentUnion StudentUnion
SutardjaDai SutardjaDai
UniversityHouse UniversityHouse
Cheit Cheit
