1 3 18 28 18 35 18 39 18 28 55 40 20 40 55 97 4 97 55 40 55 28 18 44 18 28 55 36 55 28 18 3 1 15 97 55 22 55 28 51 28 18 97 4 53 26 1 3 18 89 43 4 97 15 31 15 97 55 22 12 22 55 28 18 19 1 17 18 28 38 28 18 35 33 4 97 15 49 1 26 32 39 18 28 55 40 20 29 20 43 9 43 89 27 28 18 97 46 97 4 25 4 76 20 42 20 51 28 48 18 35 5 100 45 100 77 66 30 76 67 31 2 17 18 3 99 16 99 3 35 10 36 55 8 98 21 53 14 12 23 34 99 47 35 18 44 24 44 19 37 93 88 36 6 36 89 98 41 35 3 56 67 31 40 60 13 94 1 7 1 19 11 19 1 15 69 29 50 29 69 15 1 
50
3 3
18 18
28 28
35 35
39 39
40 40
20 20
4 4
44 44
36 36
15 15
22 22
51 51
26 26
43 43
31 31
12 12
19 19
17 17
38 38
33 33
49 49
32 32
29 29
9 9
27 27
46 46
25 25
42 42
48 48
5 5
45 45
30 30
2 2
16 16
10 10
8 8
21 21
14 14
23 23
34 34
47 47
24 24
37 37
6 6
41 41
13 13
7 7
11 11
50 50
