33 20 80 32 6 81 61 81 6 32 89 32 13 98 11 69 34 69 88 69 11 100 11 98 51 98 11 14 97 14 89 14 26 14 50 88 69 67 57 67 54 67 54 67 69 11 14 97 14 63 12 63 14 11 100 11 14 9 10 9 80 9 10 9 14 63 17 63 14 89 14 63 17 63 14 11 98 83 42 93 22 31 16 29 16 94 25 94 47 94 16 31 22 35 92 35 80 20 33 51 37 79 37 51 33 20 15 20 80 35 22 2 22 31 60 67 69 49 7 35 7 35 80 20 33 86 33 51 37 38 52 38 37 79 36 99 19 99 36 18 56 42 83 98 91 46 75 46 91 98 38 52 65 18 36 53 71 48 71 53 36 99 19 50 35 5 43 69 11 86 33 
42
20 20
80 80
61 61
89 89
13 13
11 11
69 69
34 34
88 88
100 95 100
51 51
97 8 97
26 26
50 50
67 67
57 57
54 54 30
63 63
12 12
9 9
10 10 68
17 23 17
42 42
22 22
31 31
29 29
94 94
25 25
47 47
35 35 40
79 79
15 15
2 2
60 60
7 7 82
86 64 86
52 52
19 19
75 75
65 65
48 48
5 5
