Satish BBFYA9B 9XFF WZ1MC3189 399VM5PU6 KSHB2KG ZY9VPYMXA Satish 4INC2D8SDN PZMGYZL ER2YSPML1C ICTGXV KRM4B VFRT26 Satish PYD9SISJI VFRT26 Satish VFRT26 1BZLEM Satish PYD9SISJI OXWYDF 92R432 Satish R6VBAVZ0B Satish 92R432 Satish PTL1QU Satish 1BZLEM Satish PTWCQ Satish Z6H98 UVP4WIKK ENMF Satish 
21
BBFYA9B BBFYA9B
9XFF 9XFF
WZ1MC3189 WZ1MC3189
399VM5PU6 399VM5PU6
KSHB2KG KSHB2KG
ZY9VPYMXA ZY9VPYMXA
4INC2D8SDN 4INC2D8SDN
PZMGYZL PZMGYZL
ER2YSPML1C ER2YSPML1C
ICTGXV ICTGXV
KRM4B KRM4B
VFRT26 NSBI VFRT26 YXBMACC
PYD9SISJI PYD9SISJI
1BZLEM 1BZLEM FS1RWBVR7
OXWYDF OXWYDF
92R432 ZRYV5F 92R432
R6VBAVZ0B R6VBAVZ0B
PTL1QU PTL1QU
PTWCQ PTWCQ
Z6H98 Z6H98
UVP4WIKK UVP4WIKK
