0 38 0 26 0 20 0 49 0 49 0 11 44 37 9 99 88 47 27 47 88 42 51 42 51 42 88 47 34 47 88 99 5 7 5 3 5 51 12 51 5 3 2 3 5 99 9 43 9 37 98 32 98 37 44 60 10 60 44 11 45 13 85 78 25 6 25 78 85 91 86 97 46 97 86 88 42 88 47 34 69 60 44 37 29 37 44 60 69 34 47 88 86 8 86 76 86 8 86 97 24 97 86 88 47 41 21 41 58 51 14 53 71 11 45 13 19 13 45 40 4 40 45 11 68 39 68 11 44 37 44 11 68 39 68 11 44 37 44 11 68 39 68 11 71 30 72 50 24 97 36 97 59 33 59 35 18 78 85 13 19 63 48 69 60 44 11 0 
42
0 0
38 38
26 26
20 20
49 49 22
11 11 1
44 44
37 37
9 9
47 47
27 27
42 42 23 16
34 34
5 5
7 7
3 3
12 12
2 2
43 43
32 32
10 10
45 45
13 13
25 25
6 6
46 46
29 29
8 8 31
24 24
41 15 41
21 21
14 14
19 19
40 40
4 4
39 28 39 17
30 30
36 36
33 33
35 35
18 18
48 48
