loc0 loc23 loc84 loc91 loc43 loc45 loc43 loc93 loc91 loc84 loc62 loc6 loc99 loc47 loc25 loc46 loc33 loc46 loc25 loc81 loc4 loc42 loc4 loc62 loc45 loc62 loc4 loc42 loc4 loc81 loc25 loc81 loc4 loc42 loc4 loc81 loc68 loc86 loc69 loc93 loc71 loc90 loc62 loc45 loc43 loc49 loc33 loc90 loc62 loc84 loc62 loc90 loc62 loc84 loc62 loc90 loc71 loc93 loc26 loc0 loc26 loc0 loc35 loc0 loc89 loc32 loc7 loc47 loc99 loc23 loc39 loc91 loc9 loc78 loc79 loc0 loc23 loc7 loc47 loc99 loc94 loc21 loc94 loc99 loc23 loc84 loc91 loc75 loc91 loc84 loc23 loc0 loc61 loc0 loc89 loc86 loc89 loc0 loc23 loc84 loc91 loc31 loc91 loc75 loc28 loc13 loc71 loc93 loc69 loc93 loc3 loc51 loc94 loc8 loc88 loc99 loc94 loc72 loc93 loc40 loc84 loc23 loc0 
31
loc23 loc23
loc84 loc84
loc91 loc91
loc45 loc45
loc93 loc93
loc62 loc62
loc6 loc6
loc99 loc99
loc25 loc25
loc33 loc33 loc48
loc81 loc81
loc42 loc42 loc65 loc24
loc86 loc86
loc69 loc52 loc69
loc90 loc90 loc34 loc16 loc29
loc49 loc49
loc26 loc26 loc20
loc35 loc35
loc7 loc54 loc7
loc39 loc39
loc79 loc79
loc21 loc21
loc75 loc75
loc61 loc61
loc31 loc31
loc28 loc28
loc51 loc51
loc8 loc8
loc88 loc88
loc72 loc72
loc40 loc40
