73 96 38 8 38 5 38 88 27 88 100 88 27 88 22 88 100 60 75 46 60 100 88 45 88 22 88 45 77 45 10 45 88 22 88 45 77 1 50 61 92 65 62 99 46 99 62 65 92 61 50 78 91 28 40 13 47 86 37 76 37 76 37 86 47 13 40 28 91 28 7 80 21 80 39 68 4 74 49 44 49 74 4 7 28 40 16 85 16 40 13 47 86 31 66 31 86 47 13 48 32 41 82 41 32 1 77 14 17 93 17 14 77 45 88 22 88 45 98 45 88 22 88 38 96 15 96 38 5 38 96 15 96 15 96 38 5 55 34 12 34 58 39 68 92 33 48 32 1 68 90 68 90 68 92 33 11 33 48 15 96 38 5 55 34 53 34 55 5 45 98 9 98 9 98 45 88 38 96 73 
36
96 96
8 8
5 5
27 27 94
100 100
22 22 29 86 84 83
75 75
46 46 49
77 77 14
10 10
1 1
50 50
65 65
99 99
78 78
91 91 81
13 13
76 76 18
21 21
68 68
74 74
44 44
85 85
66 66
48 48
82 82
93 93
98 57 98
15 19 79 15
34 34
12 12
33 33
90 25 90
11 11
53 53
9 71 9
