0 31 4 31 51 34 51 31 4 21 4 97 72 35 72 97 4 31 51 24 51 31 4 19 4 97 72 35 28 35 72 75 40 49 83 59 16 34 89 17 89 34 51 31 85 40 49 83 59 16 42 34 51 31 4 97 20 2 20 97 4 19 39 19 4 21 89 68 11 68 72 97 23 97 20 97 4 31 51 34 44 34 51 31 85 18 85 31 4 19 46 70 35 28 33 28 35 72 97 52 38 52 18 85 80 59 7 28 30 89 21 92 40 49 83 45 39 19 4 21 89 5 89 64 2 26 2 20 97 4 47 4 31 43 38 14 21 92 85 32 2 27 89 68 22 18 98 80 59 7 6 7 28 35 70 12 70 17 89 34 42 48 40 49 83 59 7 1 54 35 70 17 89 9 89 21 4 31 51 24 25 24 51 31 4 21 29 80 98 50 18 11 13 11 68 77 36 82 97 37 97 4 31 51 34 81 10 81 34 16 8 16 51 31 4 21 89 17 70 41 70 35 72 97 52 38 69 15 69 38 43 31 4 97 37 3 37 97 4 31 0 
50
31 31
4 4
34 34
21 21
35 35
24 24
19 19
28 28
40 40
49 49
16 16
17 17
42 42
20 20
2 2
39 39
11 11
23 23
44 44
18 18
46 46
33 33
38 38
7 7
30 30
45 45
5 5
26 26
47 47
43 43
14 14
32 32
27 27
22 22
6 6
12 12
48 48
1 1
9 9
25 25
29 29
50 50
13 13
36 36
37 37
10 10
8 8
41 41
15 15
3 3
