75 89 32 42 32 71 21 71 80 29 1 63 91 63 91 63 93 25 9 25 93 63 1 29 80 71 21 5 73 5 21 68 31 41 76 18 62 18 81 94 81 18 76 41 33 14 72 58 42 97 80 29 39 57 39 29 1 63 46 55 75 27 34 19 81 30 65 79 51 0 45 38 59 9 25 93 63 1 74 7 66 40 11 5 44 77 44 5 11 28 3 24 94 81 64 40 64 40 11 78 69 78 31 86 97 86 97 86 97 5 73 0 82 0 40 64 80 64 80 64 80 97 80 64 80 71 26 71 80 64 80 97 86 25 86 25 9 59 68 55 75 16 81 64 47 64 40 0 82 92 15 50 83 43 29 1 74 96 73 5 21 68 55 46 63 93 4 47 64 81 16 75 
38
75 55 75
89 89
32 32
42 42
21 21
80 80
29 29
91 12 91
25 25
9 9
73 73
31 31
76 76
62 62
81 81
94 94
58 58
97 97
57 57
46 46
34 34
65 65
59 59
74 74
7 7
44 44
77 77
3 3
64 36 56 90 52 87 64 13
69 69
86 48 86 49 84 98
82 82
26 26
47 47
92 92
43 43
96 96
4 4
