mdyuzxshey mysadifwma mdyuzxshey vkrlpmybdj jatkaoyfxb bnmegnfgii jatkaoyfxb zumetrybth ebqxbaqnmm ljhmnbaicr owusjcmdkp oewptytlja knfzsnhzvx xftptyrlvl jedsthbmzo xftptyrlvl yiwwdwbzth wtyqwjwskq bswhowadhl zpybghfdbe cmdqzmgvfi qfbvncxldf cmdqzmgvfi zpybghfdbe lndsfxewdc mswyvpdrsy hkempoemlv ixyurvbpvu siatqqydwf ahqdrcepub siatqqydwf ahqdrcepub siatqqydwf ixyurvbpvu uooysjrxsb seeyrseflx uooysjrxsb seeyrseflx uooysjrxsb ixyurvbpvu optviwhmbr rkyixxpcbx gllungmori rkyixxpcbx optviwhmbr ixyurvbpvu hkempoemlv fznfvsgjhc yhpfnjjqmm xkasbvrrxd eysfgfavho wtjzgzopuw euqbrkzdsw wtjzgzopuw lndsfxewdc zpybghfdbe cmdqzmgvfi qydclznxrd cmdqzmgvfi zpybghfdbe bswhowadhl wtyqwjwskq yiwwdwbzth xftptyrlvl knfzsnhzvx oewptytlja nwlccbonas oewptytlja knfzsnhzvx xftptyrlvl yiwwdwbzth jqtguzxxsl hadchvmijq xplqpgpbvq lkvobxyfca fznfvsgjhc yhpfnjjqmm xkasbvrrxd eysfgfavho wtjzgzopuw lndsfxewdc zpybghfdbe psiebvskfb zpybghfdbe lndsfxewdc bulywvvpni zjbarjhmau kdujdjjwot ebqxbaqnmm kdujdjjwot zjbarjhmau kdujdjjwot ebqxbaqnmm kdujdjjwot zjbarjhmau kdujdjjwot ebqxbaqnmm ljhmnbaicr owusjcmdkp lnicnhmajr owusjcmdkp ljhmnbaicr ebqxbaqnmm zumetrybth jatkaoyfxb vkrlpmybdj zmfuudfatm ouxenssqdu qydclznxrd cmdqzmgvfi tmrnpjqnxx wtlzrefwav hsjqtjkukk smwxdupkdv aokbiptbzc koawdpgqdx unihwwnyqz qepegujmaa unihwwnyqz koawdpgqdx smwxdupkdv hsjqtjkukk wtlzrefwav tmrnpjqnxx cmdqzmgvfi zpybghfdbe bswhowadhl oegfbrwyrp tgbmxdmvwe oegfbrwyrp bswhowadhl zpybghfdbe cmdqzmgvfi tmrnpjqnxx wtlzrefwav hsjqtjkukk smwxdupkdv koawdpgqdx unihwwnyqz qepegujmaa unihwwnyqz koawdpgqdx smwxdupkdv hsjqtjkukk wtlzrefwav epdwcjuvdr wynbxuuxru hadchvmijq phknwbtipl eysfgfavho xkasbvrrxd idfvjoquhh lbuiysostx oegfbrwyrp bswhowadhl zpybghfdbe cmdqzmgvfi qydclznxrd ouxenssqdu tvcolajnao vkrlpmybdj mdyuzxshey 
42
mdyuzxshey mdyuzxshey
mysadifwma mysadifwma
vkrlpmybdj vkrlpmybdj
jatkaoyfxb jatkaoyfxb
bnmegnfgii bnmegnfgii
zumetrybth zumetrybth
ebqxbaqnmm ebqxbaqnmm
ljhmnbaicr ljhmnbaicr
owusjcmdkp owusjcmdkp
oewptytlja oewptytlja
knfzsnhzvx knfzsnhzvx
xftptyrlvl xftptyrlvl
jedsthbmzo jedsthbmzo
wtyqwjwskq wtyqwjwskq
cmdqzmgvfi cmdqzmgvfi
qfbvncxldf qfbvncxldf
lndsfxewdc lndsfxewdc
mswyvpdrsy mswyvpdrsy
ahqdrcepub ahqdrcepub lazlsvgukx
seeyrseflx seeyrseflx vugkhjygfe
optviwhmbr optviwhmbr
rkyixxpcbx eooyfwmxln rkyixxpcbx
gllungmori gllungmori
fznfvsgjhc lkvobxyfca fznfvsgjhc
euqbrkzdsw euqbrkzdsw
qydclznxrd qydclznxrd
nwlccbonas nwlccbonas
jqtguzxxsl jqtguzxxsl
hadchvmijq hadchvmijq
psiebvskfb psiebvskfb
bulywvvpni gwnccktgki
zjbarjhmau bulywvvpni qcktwemqbm zjbarjhmau
kdujdjjwot kdujdjjwot
lnicnhmajr lnicnhmajr
zmfuudfatm zmfuudfatm
wtlzrefwav wtlzrefwav
aokbiptbzc aokbiptbzc
koawdpgqdx koawdpgqdx
qepegujmaa xtvbrolacp qepegujmaa
tgbmxdmvwe tgbmxdmvwe
wynbxuuxru wynbxuuxru
lbuiysostx lbuiysostx
