0 3 4 5 6 9 11 14 33 38 42 44 49 50 52 54 58 62 63 62 58 59 60 61 58 54 52 50 49 44 42 44 49 50 52 53 54 58 62 64 73 64 62 58 56 54 52 50 49 44 42 38 37 39 40 41 42 43 42 44 49 50 52 54 58 62 63 75 76 77 78 77 76 75 63 62 58 54 55 54 58 62 70 62 58 54 52 50 49 48 47 46 44 49 50 52 54 58 62 63 75 74 75 63 62 58 54 52 50 49 44 42 41 40 39 37 36 37 39 40 41 42 44 49 50 52 54 58 62 70 71 70 62 63 75 76 77 78 79 80 79 78 77 76 75 63 62 58 54 52 50 49 44 42 38 33 34 35 36 37 39 40 41 42 44 49 50 52 54 58 62 63 75 76 77 78 79 81 83 86 83 81 79 78 77 76 75 63 62 58 54 52 50 49 44 42 38 33 14 13 14 33 38 42 44 49 50 52 54 58 62 63 75 76 77 78 79 81 82 90 17 19 17 90 82 81 79 78 77 76 75 63 62 58 54 52 50 49 44 42 38 33 14 15 14 11 9 8 9 11 14 33 38 42 44 49 50 52 54 58 62 63 75 76 77 78 79 81 82 90 17 18 17 21 17 90 82 81 79 78 77 76 75 63 62 58 54 52 50 49 44 42 38 33 14 11 9 8 7 8 9 11 14 33 38 42 44 49 50 52 54 58 62 63 75 76 77 78 79 81 82 90 17 21 20 32 23 25 26 28 0 3 4 3 0 30 0 3 0 30 0 1 2 5 6 9 10 9 6 5 2 1 0 
33
3 3
4 4
42 42
63 63
59 59
60 60
53 53
73 73
56 56
37 37
43 43
78 78
55 55
70 70
48 48
47 47
74 74
36 36
71 71
80 80
35 35
86 86
13 13
19 19
15 15
8 8
18 18
21 21
7 7
20 20
25 25
30 27 30
10 10
