exothermic Injun McCall Andersen McCall Irvin Bleeker exothermic swordfish Injun extrovert yogurt swordfish shovel lordosis exothermic swordfish wafer Halstead lordosis exothermic Curtis exothermic Iowa amateur Bleeker combine Iowa coarse intangible lordosis exothermic Bernini exothermic felony Bernini amateur midget namesake Halstead decor shovel FPC yogurt Dominican trill shovel exothermic sacrifice exothermic 
24
Injun Injun
McCall McCall
Andersen Andersen
Irvin Irvin
swordfish swordfish
extrovert extrovert
yogurt yogurt
shovel shovel
lordosis lordosis
wafer wafer
Halstead Halstead
Curtis Curtis
Iowa Iowa
amateur amateur
combine combine
coarse coarse
Bernini Bernini Tucson
felony felony
midget midget
namesake namesake
decor decor
FPC FPC
trill trill
sacrifice sacrifice
