M2S9flVUcYP2sJdh8LXf dOKaHsIcDX32wPXAX2Gt cdaizmjQrCe5Vnwy3JQF dOKaHsIcDX32wPXAX2Gt Jjat3uJ5XboI9kZe0522 vodEvdIApqt0N3TZsbxN v0QJIKD4q7sFXrzFSb6J vodEvdIApqt0N3TZsbxN dOKaHsIcDX32wPXAX2Gt vodEvdIApqt0N3TZsbxN dOKaHsIcDX32wPXAX2Gt M2S9flVUcYP2sJdh8LXf 8KfYYXeMqM0D4nShLOzi M2S9flVUcYP2sJdh8LXf tVhIJJgs0kEFaQx1hdWm pNXWB5geApaSjbsCCT4J uy6RcQAYd3ATM1Icq3my e6duCKbQcxnU6ymY57XQ 9GrchmlNCDIapQ9OnEYh oWxP87H6AXwFzF0dpB9d Yj14cJHLteGLwnT0JCVo LxEzX08MG9T8knIYbul0 93aDiM8K0XhtiVcCVKi2 Z8MZ2JfftjeVVnGFSOQe zdtRVpQ9lVyEhNj9Evpp T05cb1iVZnpGK4zO8JN8 dKH5OdpmJKCU83bbXVxZ T05cb1iVZnpGK4zO8JN8 M2S9flVUcYP2sJdh8LXf W4IxjYZtRN88GGSV9Uoc ECCnzlgsMEvTYjNwAlfM M2S9flVUcYP2sJdh8LXf gZVNRDm5p6aX5QEEX8UG vxiwkV1b5fV2sGCBFsRQ R0zbyZWlnyux9w7Bds4F Z0DuoZMcx6oyDPWFznMK E84Fbb1fDMRXU6XgwbS0 XmlH4l2BXG35TF70bZqZ NMTjl1jsvrb7y2ggdCSc M2S9flVUcYP2sJdh8LXf yZPIHwySFuIdRJCMzjnz M2S9flVUcYP2sJdh8LXf k7k4sHxeh1pR4sOjcVuj M2S9flVUcYP2sJdh8LXf k7k4sHxeh1pR4sOjcVuj M2S9flVUcYP2sJdh8LXf MtQDjkLToWj4d53MMhKG m1IYiQsUBuvvpTv7yWXO LwS5op21h2H20gmVULql M2S9flVUcYP2sJdh8LXf 48nWZMVqWDxfH9uMf2U3 M2S9flVUcYP2sJdh8LXf 9Jr76N4fnNot7SNYqBKG M2S9flVUcYP2sJdh8LXf k7k4sHxeh1pR4sOjcVuj i2zuTkgDKtYA8Q9KejMN Dt5YfbjQq6VoKnyw6Zav i2zuTkgDKtYA8Q9KejMN nbZglhhmYQAPQz4eETaj m1IYiQsUBuvvpTv7yWXO LNMZej67uy0Whvqp5OR1 8KfYYXeMqM0D4nShLOzi 4bQwji0D4wyEDLd54MWv M2S9flVUcYP2sJdh8LXf EtrZREkmL456viQQJ9Rb M2S9flVUcYP2sJdh8LXf tVhIJJgs0kEFaQx1hdWm M2S9flVUcYP2sJdh8LXf 48nWZMVqWDxfH9uMf2U3 zD7ErBenXxsG4D9b5TEV i2zuTkgDKtYA8Q9KejMN tUowOUG1V7iCXBCMR0AT H59EihDjhfpS7ToXFM3L M2S9flVUcYP2sJdh8LXf sH3pvLOfMUrEGUrmsHCu M2S9flVUcYP2sJdh8LXf k7k4sHxeh1pR4sOjcVuj Dc1wEVV3kuOZotG6pNlL ag5vZ07KPwCr1Lpz8zM0 fmFrd4vggNac5TkiFJAd Pqf0Sn4UvsBLaxz7WO4n M2S9flVUcYP2sJdh8LXf yHMPX8vHctuUweyLluyz M2S9flVUcYP2sJdh8LXf 4bQwji0D4wyEDLd54MWv oWxP87H6AXwFzF0dpB9d Kfu1pc3YPMGebW7Iu8ex pNXWB5geApaSjbsCCT4J L8bxdxuDa5issn2PiN3u M2S9flVUcYP2sJdh8LXf S8uMGvUglWyhnfV5Wzdp M2S9flVUcYP2sJdh8LXf yHMPX8vHctuUweyLluyz M2S9flVUcYP2sJdh8LXf X9TJsvmT50zYeG0q6XSG Bc6dudheE3WGLxP0iDdK M7SD6FC2BzrEV1z9ajVv PZrpdQAa8H8tkrajh08J m1IYiQsUBuvvpTv7yWXO Eu0wGcDBBrgvePzHfqrS sZojFweTE55bBWYz0Tda 0uvEfLgT4s8ImTk9VWBt 5gumrx48u1yPpF6ivPOI dOKaHsIcDX32wPXAX2Gt M2S9flVUcYP2sJdh8LXf 
48
M2S9flVUcYP2sJdh8LXf M2S9flVUcYP2sJdh8LXf
dOKaHsIcDX32wPXAX2Gt dOKaHsIcDX32wPXAX2Gt
cdaizmjQrCe5Vnwy3JQF cdaizmjQrCe5Vnwy3JQF
Jjat3uJ5XboI9kZe0522 Jjat3uJ5XboI9kZe0522
vodEvdIApqt0N3TZsbxN vodEvdIApqt0N3TZsbxN
v0QJIKD4q7sFXrzFSb6J v0QJIKD4q7sFXrzFSb6J
8KfYYXeMqM0D4nShLOzi 8KfYYXeMqM0D4nShLOzi
tVhIJJgs0kEFaQx1hdWm tVhIJJgs0kEFaQx1hdWm
pNXWB5geApaSjbsCCT4J pNXWB5geApaSjbsCCT4J
uy6RcQAYd3ATM1Icq3my uy6RcQAYd3ATM1Icq3my
9GrchmlNCDIapQ9OnEYh 9GrchmlNCDIapQ9OnEYh
oWxP87H6AXwFzF0dpB9d oWxP87H6AXwFzF0dpB9d
LxEzX08MG9T8knIYbul0 LxEzX08MG9T8knIYbul0
93aDiM8K0XhtiVcCVKi2 93aDiM8K0XhtiVcCVKi2
Z8MZ2JfftjeVVnGFSOQe Z8MZ2JfftjeVVnGFSOQe
zdtRVpQ9lVyEhNj9Evpp zdtRVpQ9lVyEhNj9Evpp
dKH5OdpmJKCU83bbXVxZ dKH5OdpmJKCU83bbXVxZ
W4IxjYZtRN88GGSV9Uoc W4IxjYZtRN88GGSV9Uoc
ECCnzlgsMEvTYjNwAlfM ECCnzlgsMEvTYjNwAlfM
vxiwkV1b5fV2sGCBFsRQ vxiwkV1b5fV2sGCBFsRQ
Z0DuoZMcx6oyDPWFznMK Z0DuoZMcx6oyDPWFznMK
XmlH4l2BXG35TF70bZqZ XmlH4l2BXG35TF70bZqZ
NMTjl1jsvrb7y2ggdCSc NMTjl1jsvrb7y2ggdCSc
yZPIHwySFuIdRJCMzjnz yZPIHwySFuIdRJCMzjnz
k7k4sHxeh1pR4sOjcVuj k7k4sHxeh1pR4sOjcVuj jgcWqrcniA4q9WNs9xkc
m1IYiQsUBuvvpTv7yWXO m1IYiQsUBuvvpTv7yWXO
48nWZMVqWDxfH9uMf2U3 48nWZMVqWDxfH9uMf2U3
9Jr76N4fnNot7SNYqBKG 9Jr76N4fnNot7SNYqBKG
Dt5YfbjQq6VoKnyw6Zav Dt5YfbjQq6VoKnyw6Zav
nbZglhhmYQAPQz4eETaj nbZglhhmYQAPQz4eETaj
LNMZej67uy0Whvqp5OR1 LNMZej67uy0Whvqp5OR1
4bQwji0D4wyEDLd54MWv 4bQwji0D4wyEDLd54MWv
EtrZREkmL456viQQJ9Rb EtrZREkmL456viQQJ9Rb
zD7ErBenXxsG4D9b5TEV zD7ErBenXxsG4D9b5TEV
tUowOUG1V7iCXBCMR0AT tUowOUG1V7iCXBCMR0AT
H59EihDjhfpS7ToXFM3L H59EihDjhfpS7ToXFM3L
sH3pvLOfMUrEGUrmsHCu sH3pvLOfMUrEGUrmsHCu
fmFrd4vggNac5TkiFJAd fmFrd4vggNac5TkiFJAd
Pqf0Sn4UvsBLaxz7WO4n Pqf0Sn4UvsBLaxz7WO4n
yHMPX8vHctuUweyLluyz gZVNRDm5p6aX5QEEX8UG yHMPX8vHctuUweyLluyz
Kfu1pc3YPMGebW7Iu8ex Kfu1pc3YPMGebW7Iu8ex
L8bxdxuDa5issn2PiN3u L8bxdxuDa5issn2PiN3u
S8uMGvUglWyhnfV5Wzdp S8uMGvUglWyhnfV5Wzdp
Bc6dudheE3WGLxP0iDdK Bc6dudheE3WGLxP0iDdK
PZrpdQAa8H8tkrajh08J PZrpdQAa8H8tkrajh08J
Eu0wGcDBBrgvePzHfqrS Eu0wGcDBBrgvePzHfqrS
0uvEfLgT4s8ImTk9VWBt 0uvEfLgT4s8ImTk9VWBt
5gumrx48u1yPpF6ivPOI 5gumrx48u1yPpF6ivPOI
