location12 location84 location19 location8 location76 location71 location42 location36 location72 location32 location86 location32 location72 location36 location72 location36 location72 location36 location72 location36 location72 location36 location72 location36 location72 location36 location42 location19 location8 location24 location8 location19 location84 location22 location15 location49 location15 location71 location42 location19 location23 location30 location49 location15 location71 location42 location19 location1 location19 location42 location71 location15 location35 location15 location49 location15 location71 location42 location19 location1 location60 location1 location19 location84 location22 location89 location63 location55 location27 location55 location63 location89 location39 location42 location66 location6 location78 location16 location78 location53 location52 location14 location98 location83 location26 location83 location91 location31 location91 location49 location59 location28 location95 location25 location54 location25 location22 location39 location79 location65 location74 location65 location72 location32 location86 location87 location43 location38 location75 location45 location53 location89 location63 location29 location5 location29 location63 location89 location22 location84 location12 
24
location12 location12
location19 location19
location71 location71
location36 location36
location72 location94 location77 location0 location51 location11 location72 location67
location86 location86
location24 location24
location49 location57 location13 location49
location1 location1
location35 location35
location60 location60
location89 location89
location63 location63
location27 location27
location16 location16
location14 location14
location26 location26
location31 location31
location28 location28
location54 location54
location79 location79
location74 location74
location87 location87
location5 location5
