O2XJ9 OLSL2 MXX55 IY314 TC4MB O2XJ9 IY314 O2XJ9 SXCXT XOPIR ZCU97 Z6GW2 O2XJ9 YGEXQ O2XJ9 SKA5V O2XJ9 Z6GW2 O2XJ9 JXXUO O2XJ9 EI5ZM O2XJ9 OLSL2 T5W7D RQZSX SZKKG O2XJ9 SXCXT 0JUN2 SZKKG O2XJ9 NV2VY O2XJ9 GNMDA O2XJ9 N6XF7 O2XJ9 DYG9M O2XJ9 8D0H4 O2XJ9 S1W7I O2XJ9 OLSL2 FOXDK MXST9 OLSL2 49CGM OLSL2 O2XJ9 
23
MXX55 MXX55
IY314 IY314
TC4MB TC4MB
SXCXT SXCXT
XOPIR XOPIR
ZCU97 ZCU97
Z6GW2 KPNHM Z6GW2
YGEXQ YGEXQ
SKA5V SKA5V
JXXUO JXXUO
EI5ZM EI5ZM
T5W7D T5W7D
SZKKG 1P1UA SZKKG
0JUN2 0JUN2
NV2VY NV2VY
GNMDA GNMDA
N6XF7 N6XF7
DYG9M DYG9M
8D0H4 8D0H4
S1W7I S1W7I
FOXDK FOXDK
MXST9 MXST9
49CGM 49CGM
