10 14 69 21 23 89 54 89 23 21 68 21 69 14 10 92 10 14 69 21 2 82 2 21 23 43 72 73 72 43 89 54 55 36 14 41 87 51 87 41 14 69 21 2 82 83 82 2 21 23 8 61 8 10 14 41 87 41 92 10 59 10 14 75 14 69 21 23 43 77 43 23 22 78 22 23 43 67 43 33 50 4 22 64 14 10 58 10 14 69 21 23 74 23 21 2 63 2 21 68 35 93 35 84 41 87 51 33 43 67 98 67 43 23 21 69 14 88 14 69 21 23 91 23 21 2 90 2 21 23 43 77 76 29 92 41 87 86 87 41 92 15 53 15 36 14 69 21 2 63 62 35 64 22 91 56 19 8 60 35 0 85 41 92 15 78 79 48 22 23 21 2 63 95 49 66 49 31 91 22 64 65 64 22 91 57 4 52 49 70 2 21 23 80 43 62 94 6 97 6 23 21 69 14 10 58 20 96 20 58 10 8 23 81 3 71 3 15 59 10 
49
69 69
89 89
54 54
68 68
92 92
82 82
72 72
73 73
55 55
87 87
51 51
83 83
61 61
59 59
75 75
77 77
78 78
67 67
50 50
64 64
58 58
74 74
63 63
93 93
84 84
98 98
88 88
91 91
90 90
76 76
86 86
53 53
62 62
56 56
60 60
85 85
79 79
95 95
66 66
65 65
57 57
52 52
70 70
80 80
94 94
97 97
96 96
81 81
71 71
