1 96 71 35 92 84 43 15 43 84 92 35 71 96 1 4 2 98 83 87 91 97 0 95 94 72 86 22 45 64 54 99 51 48 47 46 44 16 85 16 44 42 44 16 80 78 76 89 88 24 67 75 81 49 38 57 61 79 61 57 38 49 55 49 74 49 53 49 52 49 56 49 34 49 59 49 70 49 38 57 61 79 61 57 38 49 81 67 24 88 89 76 78 80 16 44 45 27 29 39 40 18 73 30 23 28 31 50 32 26 41 19 36 37 65 12 8 13 14 33 20 11 9 17 21 25 10 3 5 7 5 3 10 25 21 17 9 11 20 33 14 13 8 12 65 37 36 19 41 26 32 50 31 28 23 30 73 18 40 39 29 27 45 44 16 80 78 76 89 88 24 67 81 62 81 68 81 69 81 90 81 66 81 63 82 60 58 81 67 24 88 89 76 78 80 16 44 45 27 29 39 40 18 73 30 23 28 31 50 32 26 41 19 36 37 65 12 8 13 14 33 20 11 9 17 21 25 10 3 5 7 5 3 10 25 21 17 9 11 20 33 14 13 8 12 65 37 36 19 41 26 32 50 31 28 23 30 73 18 40 39 29 27 45 22 86 72 94 95 0 97 91 87 83 98 2 4 1 
48
15 15
94 94
45 45
64 64
54 54
99 99
51 51
48 48
47 47
46 46
44 44
16 16
85 85
42 42
80 80
78 78
76 76
89 89
88 88
24 24
67 67
75 75
81 81
49 49
38 38
57 57
61 61
79 77 79
55 55
74 74
53 53
52 52
56 56
34 34
59 59
70 70
36 36
20 20
7 7 6
62 62
68 68
69 69
90 90
66 66
63 63
82 82
60 60
58 58
