DZA DOM BHS DOM CAN DOM BHS GUM GRD GUM BHS DOM DZA GIB FSM GIB DZA DOM BHS BRB CAN COG EGY GAB FIN GIB BWA BLM BHS CAF CCK BWA BMU BHS DOM CYP CYM CYP DMA BLR AUT GUY GUM CIV CHE GAB ERI AUT GNQ HND DMA DOM BHS BLM BES BRB CAN FLK FIN CUW DOM BHS GUM GUY GLP EGY FSM GIB BWA BVT CAF CHN CYP CYM CXR CYM CYP ESP FIN ECU GIB BWA BMU BDI BMU BWA GIB ESP AND ESP CYP GEO HND DMA DOM BHS BFA BLM BWA GIB GBR DZA DOM BHS BRA GRC BRA BHS DOM CUW DNK CUW DOM ASM ATA DMA DZA ALB DZA ALB DZA DOM BHS BMU BRN CHN CYP CYM ARE CYM CYP CHN CAF BVT FRA GHA FSM GIB CAF COD CHN CYP CUB CYP ASM ATF ASM FSM ETH HMD GTM ESP FRO ESH EGY CMR CAN BRB BGD CYM DZA DMA DJI GIB BWA CMR HKG GAB ESP CYP CZE CYP ESP AND ALB ARG ALB DZA DMA BLR BEN AUT ERI FIN AFG ABW AFG FIN GIB DZA 
49
DOM DOM
BHS BHS
CAN CAN
GRD GRD
FSM FSM
BRB BRB
COG COG
FIN FIN
BLM BLM
CAF CAF
CCK CCK
CYM CYM
BLR BLR
CHE CHE
ERI ERI
GNQ GNQ
HND HND
BES BES
FLK FLK
CUW CUW
GLP GLP
BVT BVT
CXR CXR
ECU ECU
BDI BDI
AND AND
GEO GEO
BFA BFA
GBR GBR
GRC GRC
DNK DNK
ATA ATA
ALB AUS ALB
BRN BRN
ARE ARE
FRA FRA
GHA GHA
COD COD
CUB CUB
ATF ATF
HMD HMD
FRO FRO
BGD BGD
DJI DJI
HKG HKG
CZE CZE
ARG ARG
BEN BEN
ABW ABW
