100 31 15 30 16 61 26 61 16 30 16 61 54 61 26 45 26 61 16 30 15 30 16 61 54 1 54 61 14 61 26 45 44 45 26 61 16 30 15 31 15 30 16 61 54 1 17 1 54 61 16 59 16 61 26 45 44 2 44 45 26 61 16 30 15 27 15 30 16 61 26 45 43 45 44 2 46 2 44 45 26 61 16 30 15 31 100 58 100 31 15 30 16 61 14 34 14 61 16 59 25 59 16 61 26 45 44 2 46 142 131 50 131 142 46 2 44 45 43 29 43 45 26 61 16 30 15 31 100 58 55 58 100 31 15 30 16 61 54 1 48 1 54 61 16 30 15 27 70 36 70 27 15 30 16 61 26 45 43 29 13 29 43 45 26 61 54 1 48 47 48 1 54 61 14 34 7 34 14 61 26 45 44 2 46 142 131 50 19 50 131 142 46 2 44 45 26 61 16 30 15 31 100 58 55 18 55 58 100 31 15 27 70 36 33 36 70 27 15 30 16 61 14 34 7 39 7 34 14 61 54 1 48 53 18 55 58 100 89 85 164 165 164 85 86 100 31 15 30 16 61 26 45 44 2 46 142 131 50 133 141 20 141 133 50 131 142 46 2 44 45 26 61 16 30 15 27 70 36 33 12 33 36 70 27 15 30 16 61 60 61 16 30 15 27 70 36 33 12 11 10 11 12 33 36 70 27 15 31 100 89 85 164 165 104 156 153 156 104 165 164 85 86 100 31 15 30 16 61 26 45 43 72 40 72 43 45 26 61 54 1 48 49 48 1 54 61 16 59 25 22 25 59 16 30 15 31 100 88 32 88 100 31 15 30 16 61 26 45 44 4 44 2 46 142 131 50 133 141 20 136 188 192 188 136 20 141 133 50 131 142 46 2 44 45 26 61 16 30 15 31 100 89 85 164 165 104 156 153 115 111 115 153 156 104 165 164 85 86 100 31 15 30 16 61 26 45 44 2 17 1 48 53 23 53 48 1 54 61 16 30 15 27 70 36 33 12 11 10 76 121 76 10 11 12 33 36 70 27 15 30 16 61 14 34 7 39 78 37 78 39 7 34 14 61 26 45 44 2 17 1 48 49 51 49 48 1 17 2 44 45 26 61 16 30 15 31 100 58 98 94 95 189 182 189 95 94 98 58 100 31 15 30 16 61 26 45 44 2 46 142 131 130 129 144 42 144 129 130 131 142 46 2 44 4 71 5 71 4 44 45 26 61 16 30 15 31 100 58 55 24 55 58 100 31 15 30 16 61 26 45 43 72 40 8 40 72 43 45 44 2 46 142 131 50 133 141 20 136 188 21 188 136 20 141 133 50 131 130 129 144 42 3 42 144 129 130 131 142 46 2 44 45 26 61 16 30 15 27 70 36 28 36 70 27 15 30 16 61 26 45 44 2 17 1 48 53 52 53 48 1 17 2 46 142 131 130 129 144 42 3 41 3 42 144 129 130 131 142 46 2 44 45 43 72 40 8 9 8 40 72 43 45 44 2 46 142 131 50 133 141 20 136 188 21 56 57 56 21 188 136 20 141 133 50 131 142 46 2 44 45 43 72 40 8 9 6 9 8 40 72 43 45 26 61 16 30 15 31 100 
64
31 31
15 15
30 30
16 16
26 26
54 54
45 45
1 1
14 14
44 44
17 17
59 59
2 2
27 27
43 43
46 46
58 58
34 34
25 25
50 50
29 29
55 55
48 48
36 36
13 13
47 47
7 7
19 19
18 18
33 33
39 39
53 53
165 165
20 20
12 12
60 60
11 11
10 10
153 153
40 40
49 49
22 22
32 32
4 4
192 192
111 111
23 23
121 121
37 37
51 51
182 182
42 42
5 5
24 24
8 8
21 21
3 3
28 28
52 52
41 41
9 9
56 56
57 57
6 6
