AY AZ AG BC BD BA BD AI S AI BF BG CA BG CB BG BY AN T R P O J L AH AJ AK AG BC BD BW BX BE AM BE CT BE BX BW BD BC AG AZ AY AW AU AS AP AQ AO AQ AP V AP W X B X B X W AP AQ BL BK BJ BK BJ CD CC CD BJ BK BN BK BL AQ AP W X D F G F N H AE Y AE AD AX AY AW AV BM BS CL CN CJ CK CJ CN CQ CP CQ CN CM CO CM CN CL BS BM AV AW AY AZ AG AK AJ AH L J H N F I F N M N K N H AE AD AX AY AW AV BM BS CL CN CQ CP CQ CN CL BS BM AV AW AY 
37
AG AG
BA BA
S S
BF BF
BG BG
CA CA
CB CB
T T
P P
O O
AJ AJ
AM AM
CT CT
AS AS
AQ AQ
AO AO
V V
X X
B A B
BJ BI BJ
CC CC
BN BN
D D
F F
G G
H H
Y Y
AD AD
AX AX
AV AV
CN CN
CK CK
CP CP CS
CO CO
I I
M M
K K
