BukitBatokEast GaliBatuMandai Sudong SungeiRoad ChoaChuKang PearlsHill RiverValley TiongBahruStation NeeSoon JooKoon SwissClub Frankel CityHall Frankel Tengeh Frankel TanjongPagar BukitBatokEast DowntownCore BukitBatokEast KakiBukit Safti Simei BukitBatokEast LeonieHill BukitBatokEast Hillcrest Redhill GhimMoh Sembawang BukitBatokEast SimpangNorth BukitBatokEast TiongBahruStation LowerSeletar RobertsonQuay Sudong Hillview Tyersall TiongBahruStation BukitBatokEast 
25
GaliBatuMandai GaliBatuMandai
Sudong Sudong
SungeiRoad SungeiRoad
ChoaChuKang ChoaChuKang
PearlsHill PearlsHill
RiverValley RiverValley
TiongBahruStation TiongBahruStation
NeeSoon NeeSoon
JooKoon JooKoon
SwissClub SwissClub
Frankel Frankel
CityHall CityHall
Tengeh Tengeh
TanjongPagar TanjongPagar
DowntownCore DowntownCore
Safti Safti
Simei Simei
LeonieHill LeonieHill
Hillcrest Hillcrest
Redhill Redhill
GhimMoh GhimMoh
Sembawang Sembawang
SimpangNorth SimpangNorth
LowerSeletar LowerSeletar
Tyersall Tyersall
