5 3 5 1 5 4 5 2 5 0 5 11 17 12 17 15 17 13 17 16 17 14 17 23 19 23 22 23 20 23 18 23 21 23 29 26 29 28 29 25 29 27 29 24 29 35 33 35 31 35 34 35 32 35 30 35 41 40 41 38 41 36 41 39 41 37 41 47 45 47 43 47 46 47 44 47 42 47 53 49 53 52 53 50 53 48 53 51 53 59 57 59 55 59 58 59 56 59 54 59 65 61 65 64 65 62 65 60 65 63 65 71 69 71 67 71 70 71 68 71 66 71 77 74 77 76 77 73 77 75 77 72 77 83 79 83 82 83 80 83 78 83 81 83 89 86 89 88 89 85 84 89 87 89 95 101 98 101 100 101 97 101 99 101 96 101 107 105 107 103 107 106 107 104 107 102 107 113 119 125 131 137 143 149 155 161 167 173 179 5 11 7 11 9 11 6 11 8 11 10 11 17 23 29 35 41 47 53 59 65 71 77 83 89 95 94 95 92 93 95 91 90 95 101 107 113 119 125 131 137 143 149 155 161 167 173 179 5 
90
3 3
1 1
4 4
2 2
0 0
12 12
15 15
13 13
16 16
14 14
19 19
22 22
20 20
18 18
21 21
26 26
28 28
25 25
27 27
24 24
33 33
31 31
34 34
32 32
30 30
40 40
38 38
36 36
39 39
37 37
45 45
43 43
46 46
44 44
42 42
49 49
52 52
50 50
48 48
51 51
57 57
55 55
58 58
56 56
54 54
61 61
64 64
62 62
60 60
63 63
69 69
67 67
70 70
68 68
66 66
74 74
76 76
73 73
75 75
72 72
79 79
82 82
80 80
78 78
81 81
86 86
88 88
85 85
84 84
87 87
98 98
100 100
97 97
99 99
96 96
105 105
103 103
106 106
104 104
102 102
7 7
9 9
6 6
8 8
10 10
94 94
92 92
93 93
91 91
90 90
