61 11 60 57 60 91 11 36 98 61 28 57 51 80 8 97 90 14 28 11 26 60 57 42 61 65 91 39 83 85 60 57 92 1 5 49 33 57 70 91 31 20 76 61 82 61 76 61 80 38 25 94 58 92 77 30 61 3 61 6 61 80 38 54 98 67 72 61 35 61 74 61 48 61 80 63 29 69 80 17 61 80 38 32 2 61 80 38 54 40 52 60 57 88 15 61 86 61 4 61 80 77 44 77 61 73 61 80 38 10 75 61 
49
11 11
60 60
57 57
91 91
36 36
98 98
28 28
51 51
80 80
8 8
97 97
90 90
14 14
26 26
42 42
65 65
39 39
83 83
85 85
92 92
1 1
5 5
33 33
70 70
31 31
76 76 37
82 82
25 25
58 58
30 30
3 3
6 6
67 67
72 72
35 35
74 74
48 48
63 63
69 69
17 17
32 32
2 2
40 40
15 15
86 86
4 4
44 44
73 73
10 10
