zero six thirteen fourteen twentyone twentyeight thirtyfive thirtyfour thirtyfive twentyeight twentyone twenty nineteen eighteen seventeen twentyfour thirtyone thirtyeight thirtyone twentyfour seventeen ten eleven ten eleven ten eleven eighteen seventeen ten three zero seven one eight nine sixteen seventeen eighteen seventeen sixteen seventeen eighteen twentyfive thirtytwo thirtynine forty fortyone fortytwo thirtysix thirtyseven thirtyeight fortyfive fortysix thirtynine thirtytwo twentyfive eighteen eleven four zero 
22
six six
thirteen thirteen
fourteen fourteen
thirtyfive thirtyfive
thirtyfour thirtyfour
twenty twenty
nineteen nineteen
eighteen eighteen
seventeen twentyfive
thirtyone thirtyone
thirtyeight thirtyeight
eleven five twelve eleven
three three
seven seven
nine nine
sixteen fifteen sixteen
thirtytwo thirtytwo
forty forty
fortytwo fortytwo
thirtyseven thirtyseven
fortyfive fortyfive
fortysix fortysix
