0 3 117 92 112 116 103 21 105 142 150 142 164 142 150 106 154 106 151 106 150 142 164 109 180 109 164 142 150 106 153 106 150 142 164 109 180 114 182 114 180 109 164 142 150 106 154 175 112 72 24 93 104 140 104 18 109 164 142 150 106 152 106 149 106 150 142 164 109 18 104 65 114 183 114 180 109 164 142 150 106 148 106 150 142 164 109 18 104 138 104 18 109 164 142 150 106 147 106 150 142 105 146 105 145 105 33 28 48 93 104 140 191 140 104 93 48 28 33 105 144 105 143 105 33 28 48 93 104 139 104 18 109 164 142 150 106 7 119 171 119 7 106 150 142 105 141 105 142 150 106 153 158 153 106 150 142 164 109 167 109 18 104 93 24 72 112 172 112 72 24 93 104 18 109 166 109 180 114 185 114 182 76 15 68 101 125 101 68 33 105 142 164 109 165 109 180 114 184 114 183 86 14 21 103 137 103 116 112 177 112 72 24 93 104 65 114 12 132 12 114 180 109 163 109 18 104 93 24 72 112 176 112 72 24 93 104 18 109 162 109 18 104 93 24 72 112 174 112 175 154 106 153 158 108 194 108 158 153 106 150 142 164 109 180 114 181 114 183 86 14 21 103 136 103 21 105 142 164 109 161 109 18 104 93 24 72 112 173 112 72 24 93 104 138 178 138 104 93 24 72 112 116 103 135 103 21 105 33 68 101 130 101 68 33 105 142 150 106 7 119 199 119 7 106 150 142 105 33 68 101 129 101 68 33 105 21 103 134 103 41 50 7 106 153 158 108 160 108 158 153 106 7 119 198 119 7 106 150 142 105 33 68 101 128 101 68 33 105 142 150 106 7 119 197 119 7 106 150 142 105 33 68 101 127 101 125 36 98 118 194 108 159 108 194 118 98 36 125 101 126 101 68 15 76 182 114 12 113 179 113 12 132 102 49 44 38 106 153 158 108 157 108 158 153 106 154 175 112 92 117 193 117 191 140 104 65 114 12 132 102 131 102 132 12 114 182 76 15 68 101 124 101 68 33 28 48 93 104 140 191 117 192 117 191 140 104 18 109 45 95 100 123 100 95 45 109 164 142 150 106 153 158 108 156 108 158 153 106 38 44 49 102 133 102 49 44 38 106 154 175 112 116 190 116 103 21 105 142 164 109 45 95 100 122 100 95 45 109 164 142 105 21 103 116 189 116 103 21 105 142 164 109 45 95 100 121 100 95 45 109 164 142 150 106 153 158 108 115 187 115 58 13 28 48 93 104 138 178 113 78 110 170 110 78 113 12 132 102 49 44 38 106 151 8 91 118 196 118 91 8 151 106 154 175 112 116 188 116 112 72 24 93 104 138 178 113 78 110 169 110 78 113 12 114 65 104 93 24 111 171 119 7 106 151 8 91 118 195 118 91 8 151 106 38 44 49 102 2 107 155 107 2 102 132 12 114 65 104 18 109 45 95 100 120 100 95 45 109 18 104 138 178 113 78 110 168 110 78 113 178 138 104 93 48 28 13 58 115 186 115 108 158 153 106 154 175 112 92 117 3 0 
80
142 142
150 150
164 164
154 154
151 151
180 180
153 153
182 182
175 175
140 140
152 152
149 149
183 183
148 148
138 138
147 147
146 146
145 145
191 191
144 144
143 143
139 139
171 171
141 141
158 158
167 167
172 172
166 166
185 185
125 125
165 165
184 184
137 137
177 177
132 132
163 163
176 176
162 162
174 174
194 194
181 181
136 136
161 161
173 173
178 178
135 135
130 130
199 199
129 129
134 134
160 160
198 198
128 128
197 197
127 127
159 159
126 126
179 179
157 157
193 193
131 131
124 124
192 192
123 123
156 156
133 133
190 190
122 122
189 189
121 121
187 187
170 170
196 196
188 188
169 169
195 195
155 155
120 120
168 168
186 186
