0 24 0 24 0 17 0 24 25 24 0 49 0 4 0 24 25 27 25 24 0 33 0 41 0 17 13 17 0 41 42 41 0 49 50 49 0 33 34 33 0 4 57 58 10 58 57 4 0 17 13 19 13 17 0 24 25 27 26 27 25 24 0 78 38 78 0 51 52 53 54 3 54 53 52 51 0 49 50 87 47 87 50 49 0 17 13 19 14 19 13 17 0 4 57 58 10 9 10 58 57 4 0 24 25 27 26 28 26 27 25 24 0 4 57 58 10 9 8 9 10 58 57 4 0 17 13 19 14 15 14 19 13 17 0 66 67 68 69 70 71 72 22 72 71 70 69 68 67 66 0 41 42 83 84 85 44 85 84 83 42 41 0 78 38 79 40 79 38 78 0 33 34 75 76 35 76 75 34 33 0 17 13 19 14 15 11 16 11 15 14 19 13 17 0 4 57 58 10 9 8 5 6 5 8 9 10 58 57 4 0 41 42 83 84 85 44 45 86 43 86 45 44 85 84 83 42 41 0 59 60 61 21 61 60 59 0 78 38 79 40 37 80 81 82 39 82 81 80 37 40 79 38 78 0 24 25 27 26 28 23 74 30 74 23 28 26 27 25 24 0 17 13 19 14 15 11 16 18 12 18 16 11 15 14 19 13 17 0 51 52 53 54 3 55 56 2 1 2 56 55 3 54 53 52 51 0 49 50 87 47 88 48 89 46 89 48 88 47 87 50 49 0 33 34 75 76 35 32 77 36 31 36 77 32 35 76 75 34 33 0 4 57 58 10 9 8 5 6 7 6 5 8 9 10 58 57 4 0 59 60 61 21 62 63 20 63 62 21 61 60 59 0 
48
24 24 29
17 17
25 25
49 49
4 4
27 27
33 33
41 41
13 13
42 42
50 50
34 34
10 10
19 19
26 26
38 38
3 3
47 47
14 14
9 9
28 28
8 8
15 15
22 22
44 44
40 40
35 35 32
11 11
16 16
5 5
6 6
45 45
43 43
21 21
37 37
39 39
23 23
30 30
18 18
12 12
2 2
1 1
48 48
46 46
36 36
31 31
7 7
20 20
