0 100 0 100 0 100 0 17 0 100 101 100 0 17 0 100 105 100 0 17 0 13 0 31 0 100 102 100 0 31 35 17 0 100 104 100 0 3 4 3 0 100 105 138 105 100 101 113 101 100 106 100 101 117 101 100 102 124 102 100 0 17 4 96 4 3 0 100 103 130 103 100 101 109 101 100 106 146 106 100 101 116 198 116 101 100 106 145 106 100 0 3 4 63 4 17 0 100 102 118 102 100 0 17 70 17 0 86 0 100 107 152 107 100 101 112 101 100 0 86 0 100 103 127 103 100 0 17 77 17 0 86 0 100 101 113 189 113 101 100 0 86 0 100 101 115 196 115 101 100 0 31 53 31 0 100 101 109 167 109 101 100 0 17 4 14 4 3 0 86 0 100 101 110 169 110 101 100 0 86 0 100 102 123 102 100 0 11 58 11 0 100 101 110 168 110 101 100 0 86 0 100 107 153 107 100 101 112 182 112 101 100 0 86 0 100 101 111 177 111 101 100 0 86 0 100 106 147 106 100 101 115 194 115 101 100 0 86 0 100 101 113 188 113 101 100 0 17 70 65 70 17 75 3 0 86 0 100 101 110 172 110 101 100 107 151 107 100 0 3 51 3 31 89 31 3 29 3 0 100 101 112 180 112 101 100 0 17 5 17 0 100 106 149 106 100 0 86 0 100 101 111 178 111 101 100 0 11 55 11 0 100 106 144 106 100 0 31 25 31 0 100 101 108 158 108 101 100 104 136 104 100 102 121 102 100 101 110 171 110 101 100 0 57 0 100 106 142 106 100 0 17 4 87 4 49 4 17 0 100 101 112 179 112 101 100 0 57 0 17 35 42 35 31 25 24 25 17 0 100 101 108 160 108 101 100 0 3 56 35 17 0 100 101 110 175 110 101 100 0 31 89 72 89 31 0 17 75 18 75 17 0 100 101 110 173 110 101 100 0 17 77 22 77 17 75 28 75 17 25 59 25 31 0 100 101 108 156 108 101 100 0 31 89 26 89 64 7 35 54 3 0 17 80 66 80 17 0 
83
100 154 100 128
17 44 17 68
101 101
105 105
13 13
31 31 1
102 102
35 35
104 104
4 4
138 138
113 113
106 106
117 117
124 124
96 96
130 130
109 109
146 146
198 198
145 145
63 63
118 118
70 70
86 20 99 90 10 85 62 82 83 43 98 86 81
152 152
112 112
127 127
77 77
189 189
196 196
53 53
167 167
14 14
169 169
123 123
58 58
168 168
153 153
182 182
177 177
147 147
194 194
188 188
65 65
75 75
172 172
151 151
51 51
89 89
29 29
180 180
5 5
149 149
178 178
55 55
144 144
25 25
158 158
136 136
121 121
171 171
57 21 57
142 142
87 87
49 49
179 179
42 42
24 24
160 160
56 56
175 175
72 72
18 18
173 173
22 22
28 28
59 59
156 156
26 26
7 7
54 54
66 66
