7FWNmYu1sEzp7YpjhNM0 LEf0huj6HzVDaAZAnsYH goJftIzc5FBlw9j9PMfL 7FWNmYu1sEzp7YpjhNM0 AzIG5crlJuxKgwAi8EiY goJftIzc5FBlw9j9PMfL 7FWNmYu1sEzp7YpjhNM0 goJftIzc5FBlw9j9PMfL 7FWNmYu1sEzp7YpjhNM0 kgMLDXb5R3ORIfTilNFP goJftIzc5FBlw9j9PMfL 7FWNmYu1sEzp7YpjhNM0 Hp324dioHwKLfiZ19twT 7FWNmYu1sEzp7YpjhNM0 goJftIzc5FBlw9j9PMfL 7FWNmYu1sEzp7YpjhNM0 5yzYewNOjD4D1V8ZP8q1 g2g8WLVxe9HOQYy10Bok 7FWNmYu1sEzp7YpjhNM0 goJftIzc5FBlw9j9PMfL 7FWNmYu1sEzp7YpjhNM0 W2denTwXnWz4qrXL3aFw 7FWNmYu1sEzp7YpjhNM0 CdlE2FMHtE23wbpleKPr 9l9bqgsSEgsSkszLK4O4 7FWNmYu1sEzp7YpjhNM0 IcKzxr7CcACAPE40T0L0 RIFDgOYLizqUpmzvNX0Y 6uJmr1C0tkMcbasOZ8YR 7FWNmYu1sEzp7YpjhNM0 A9DFzQyemv4Vrp2lXMgz 7FWNmYu1sEzp7YpjhNM0 nAg8OEdqlYhSIX9nv2SQ uKBUiyynqpfTFP93OJ0w 7FWNmYu1sEzp7YpjhNM0 CdlE2FMHtE23wbpleKPr PyIlH9YicODghA6KwJUV lDAnOMVYOYXzMCtINEX8 6uYVEZNStGwGBaOTSZJ3 7FWNmYu1sEzp7YpjhNM0 
19
LEf0huj6HzVDaAZAnsYH LEf0huj6HzVDaAZAnsYH
goJftIzc5FBlw9j9PMfL pPWJrH430fABR0NcoPKV 1foAom0YUla8ad6rygWf goJftIzc5FBlw9j9PMfL ZPdVSQmUt7J8A3Rehp7D scUa5QdkUC7khfk1TYEx B46pe0ii1rn1dcGCmje6
AzIG5crlJuxKgwAi8EiY AzIG5crlJuxKgwAi8EiY
kgMLDXb5R3ORIfTilNFP kgMLDXb5R3ORIfTilNFP
Hp324dioHwKLfiZ19twT Hp324dioHwKLfiZ19twT
5yzYewNOjD4D1V8ZP8q1 5yzYewNOjD4D1V8ZP8q1
g2g8WLVxe9HOQYy10Bok g2g8WLVxe9HOQYy10Bok
W2denTwXnWz4qrXL3aFw W2denTwXnWz4qrXL3aFw
CdlE2FMHtE23wbpleKPr CdlE2FMHtE23wbpleKPr qUHIoJ8btUij9h8nDU8R
9l9bqgsSEgsSkszLK4O4 9l9bqgsSEgsSkszLK4O4
IcKzxr7CcACAPE40T0L0 IcKzxr7CcACAPE40T0L0
RIFDgOYLizqUpmzvNX0Y RIFDgOYLizqUpmzvNX0Y
6uJmr1C0tkMcbasOZ8YR 6uJmr1C0tkMcbasOZ8YR
A9DFzQyemv4Vrp2lXMgz A9DFzQyemv4Vrp2lXMgz
nAg8OEdqlYhSIX9nv2SQ nAg8OEdqlYhSIX9nv2SQ
uKBUiyynqpfTFP93OJ0w uKBUiyynqpfTFP93OJ0w
PyIlH9YicODghA6KwJUV PyIlH9YicODghA6KwJUV
lDAnOMVYOYXzMCtINEX8 lDAnOMVYOYXzMCtINEX8
6uYVEZNStGwGBaOTSZJ3 6uYVEZNStGwGBaOTSZJ3
