1 2 3 14 19 18 19 30 35 34 35 22 11 10 11 22 27 26 27 28 27 22 11 12 11 30 31 30 19 38 39 40 36 35 14 13 12 11 6 5 6 19 20 19 46 47 48 44 43 42 43 6 7 8 4 3 14 15 14 3 46 47 48 49 52 49 54 49 53 49 51 49 50 49 48 44 45 44 43 38 37 38 43 6 5 1 98 97 96 95 94 93 92 91 90 89 88 87 86 85 84 83 77 82 77 81 77 79 77 78 77 80 77 76 75 74 73 72 71 70 69 63 68 63 65 63 67 63 66 63 64 63 62 61 60 59 58 57 56 55 49 48 44 43 6 11 22 21 20 19 20 19 6 5 1 
42
2 2
18 18
34 34
10 10
26 26
28 28
12 12
31 31
39 39
36 36
13 13
5 5
20 23 20 29
47 47
44 44
42 42
7 7
4 4
15 15
52 52
54 54
53 53
51 51
50 50
45 45
37 37
96 96
95 95
94 94
93 93
92 92
82 82
81 81
79 79
78 78
80 80
68 68
65 65
67 67
66 66
64 64
21 21
