Soda Doe UniversityVillage Bowles UniversityVillage Doe GreekTheatre Doe Soda LeConte Foothill LeConte Wheeler Boalt HilgardHall Gilman Cory Blackwell Unit1 HesseHall Stern HesseHall Campanile BerkeleyWayWest Soda Doe Soda BerkeleyWayWest Soda BerkeleyWayWest Soda Doe LawrenceHall Doe UniversityVillage HildebrandHall Gilman Cory Blackwell BancroftLibrary Unit2 DurantHall Unit2 BancroftLibrary Blackwell Unit1 SouthHall Moffit SouthHall DavisHall Cory Campbell Unit3 Barrows CaliforniaHall HildebrandHall UniversityVillage Doe LawrenceHall Doe Soda BerkeleyWayWest Soda 
20
Doe Doe
Bowles Bowles
GreekTheatre GreekTheatre
LeConte LeConte
Foothill Foothill
Wheeler Wheeler
Gilman Gilman
Unit1 Unit1
Stern Stern
Campanile BAMPFA
BerkeleyWayWest Campanile Dwinelle BerkeleyWayWest Evans
LawrenceHall LawrenceHall InternationalHouse
HildebrandHall CaliforniaHall HearstMining
BancroftLibrary BancroftLibrary
Unit2 Unit2
DurantHall DurantHall
SouthHall SouthHall
Moffit Moffit
Campbell Campbell
Unit3 Unit3
