S B C D U N M 6 Z 10 X 3 L 9 Y 11 G2 H2 I2 J2 K2 F2 E2 D2 C2 B2 I 5 H 3 G W O 2 T 6 V 1 I 11 16 R Q2 L2 M2 R2 Z2 Y2 X2 W2 23 22 18 13 L 3 X 2 K F E A S B P B S A S B C D 24 29 28 38 43 1 I 11 16 L2 M2 N2 T2 U2 T2 U2 T2 48 Z2 Y2 X2 W2 23 22 Q 17 12 13 14 15 16 L2 M2 N2 O2 P2 K2 F2 E2 D2 C2 B2 I 1 V N U D 24 25 26 27 A2 27 26 25 24 D C B S A S 
48
B B
C C
D D
U U
N N
M M
Z Z
X X
L L
Y Y
G2 G2
H2 H2
I2 I2
J2 J2
K2 K2
F2 F2
E2 E2
D2 D2
C2 C2
B2 B2
I I
H H
G G
W W
O O
T T
V V
R R
Q2 Q2
L2 L2
M2 M2
R2 R2
Z2 Z2
Y2 Y2
X2 X2
W2 W2
K K
F F
E E
A A J
P P
N2 N2
T2 T2
U2 U2 V2
Q Q
O2 O2
P2 P2
A2 A2
