L YouLL L some L glow cool COuld cool of cool it cool hole game hole re years re gAme Somebody gAme away gAme smart gAme doNt start doNt as doNt To doNt bundled doNt gAme re roll re shine re hole get hole shooting hole re GeT re gAme Hey gAme doNt L but L staR L glow use glow your glow skate glow L 
25
YouLL YouLL
some some
COuld COuld
of of
it it
game game
years years
Somebody Somebody
away away
smart smart
start start
as as
To To
bundled bundled
roll roll
shine shine
get get
shooting shooting
GeT GeT
Hey Hey
but but
staR staR
use use
your your
skate skate
