Aberdeen Reno Hampton Lowell Henderson Austin Henderson WestValleyCity Henderson Riverside Norwalk Miramar Norwalk SouthLyon Reno SouthLyon Reno Hampton Pensacola Hampton Reno Modesto McAllen AppleValley SaltLakeCity Norwalk Tuscaloosa Bremerton SanAntonio Bremerton Olathe Springdale Olathe Kennewick WestValleyCity Kennewick Olathe Springdale Reno Chattanooga SaltLakeCity Columbia GreenBay Columbia Murrieta Riverside Newburgh Hampton Tuscaloosa Bremerton Marina Henderson StPetersburg Lewisville Elkhart Racine ChulaVista Newburgh Hampton Reno Aberdeen 
20
Reno Reno
Hampton Hampton
Lowell Lowell
Henderson Henderson
Austin Austin
WestValleyCity WestValleyCity SanBernardino
Miramar Miramar
SouthLyon Montgomery SouthLyon
Pensacola Pensacola
Modesto Modesto
SaltLakeCity Gainesville SaltLakeCity
Tuscaloosa Winston Tuscaloosa
SanAntonio SanAntonio
Springdale Springdale Newburgh
Chattanooga Chattanooga
GreenBay GreenBay
Marina Marina
StPetersburg StPetersburg
Lewisville Lewisville
Racine Racine
