MHnVCXOJJwOI MlFqcqjWiUdI GoPPViXuIoMW phTlHtTwrYOU UAhLDhBNYkFI ltlOmMSvjmIL MHnVCXOJJwOI SPoMbAzxrqrj cXYRsTNMJDHO RWoTZCNhceUR GLfJulJDWdHA SJPfUQrbAbqM YbGvPudTcbyh bVDkAfQbeTmx crcFIKqbaYTC MHnVCXOJJwOI KKNtdnAHmUpc MHnVCXOJJwOI svpVoYHpEpjH crcFIKqbaYTC MHnVCXOJJwOI KKNtdnAHmUpc MHnVCXOJJwOI KKNtdnAHmUpc MHnVCXOJJwOI NmmqQKqzdERM MHnVCXOJJwOI UvfnFwkwYqFk oClepMbylsqk AZrILCuGwbtV MHnVCXOJJwOI NmmqQKqzdERM FhVNapbaoZOZ phTlHtTwrYOU PaWasRDhTGLg crcFIKqbaYTC MHnVCXOJJwOI 
19
MHnVCXOJJwOI PCNGxUSnzrYJ
MlFqcqjWiUdI MlFqcqjWiUdI
GoPPViXuIoMW GoPPViXuIoMW
phTlHtTwrYOU phTlHtTwrYOU FhVNapbaoZOZ
ltlOmMSvjmIL ltlOmMSvjmIL
SPoMbAzxrqrj SPoMbAzxrqrj
cXYRsTNMJDHO cXYRsTNMJDHO
RWoTZCNhceUR RWoTZCNhceUR
GLfJulJDWdHA GLfJulJDWdHA
SJPfUQrbAbqM SJPfUQrbAbqM
YbGvPudTcbyh YbGvPudTcbyh
bVDkAfQbeTmx bVDkAfQbeTmx
crcFIKqbaYTC jmWqilJNXyuV crcFIKqbaYTC JCPkGQQBkgge
KKNtdnAHmUpc YfpLHnDpSXzc KKNtdnAHmUpc NkzUoyRYPnbb
svpVoYHpEpjH svpVoYHpEpjH
NmmqQKqzdERM ilCjMogPnNTK NmmqQKqzdERM
UvfnFwkwYqFk UvfnFwkwYqFk
oClepMbylsqk oClepMbylsqk
AZrILCuGwbtV AZrILCuGwbtV
