Soda C9 D5 D7 D10 B10 B9 D8 B9 D9 C10 A7 A1 D5 D7 D4 E1 D4 C2 Soda A C J I AF I C A F M AC AM AN AO X O F A Soda A5 A9 B7 B5 C1 D3 D6 A5 Soda C2 D4 C3 D4 C2 Soda A E Q E P V AG U Q E A Soda A5 A9 A4 A3 A4 A9 A5 Soda C5 B2 E5 B1 E5 B3 E5 B2 E3 C4 Soda C5 B2 E5 B1 E5 B2 C7 B2 C5 Soda A D K AI AU AS AI T AJ AK AW AH AI K D A G N AA AP Y Z AB H B A Soda 
37
C9 C9
D5 D5
D7 D7
B9 D1 B9
D9 D9
A7 A7
A1 A1
E1 E1
J J
AF AF
AC AC
AO AO
A5 A5
A9 A9
B7 B7
B5 B5
C1 C1
D3 D3
C3 C3
Q Q
P P
AG AG
A3 A3
C5 C5
E5 E5
B1 B1 E7
B3 B3
E3 E3
C7 C7
AU AU
AS AS
T T
AW AW
N N
AP AP
AB AB
H H
