ssp200 13 10 2 8 6 5 4 3 7 2 14 2 14 2 181 47 52 48 49 50 51 53 47 59 47 181 107 113 111 110 109 108 112 107 119 107 119 107 181 17 23 21 20 19 18 22 17 29 17 29 17 27 26 27 17 181 152 157 153 154 155 156 158 152 164 152 164 152 162 161 162 152 181 62 68 66 65 64 63 67 62 74 62 74 62 72 71 72 62 181 122 134 122 134 122 128 126 125 124 123 127 122 181 77 89 77 89 77 83 81 80 79 78 82 77 87 86 87 77 181 47 59 47 57 56 57 47 181 167 173 171 170 169 168 172 167 179 167 177 176 177 167 179 167 181 92 104 92 104 92 102 101 102 92 97 93 94 95 96 98 92 181 32 44 32 44 32 37 33 34 35 36 38 32 42 41 42 32 181 137 149 137 149 137 147 146 147 137 181 182 194 182 192 191 192 182 194 182 187 183 184 185 186 188 182 181 107 117 116 117 107 181 122 132 131 132 122 181 2 12 11 12 2 181 137 142 138 139 140 141 140 139 138 142 137 181 32 37 33 37 32 181 2 10 13 ssp200 
78
6 6
5 5
4 4
3 3
14 14 15
48 48
49 49
50 50
51 51
59 60 59
111 111
110 110
109 109
108 108
119 119 120
21 21
20 20
19 19
18 18
29 30 29
26 26
153 153
154 154
155 155
156 156
164 165 164
161 161
66 66
65 65
64 64
63 63
74 74 75
71 71
134 134 135
126 126
125 125
124 124
123 123
89 90 89
81 81
80 80
79 79
78 78
86 86
56 56
171 171
170 170
169 169
168 168
179 179 180
176 176
104 104 105
101 101
93 93
94 94
95 95
96 96
44 44 45
33 33
34 34
35 35
36 36
41 41
149 149 150
146 146
194 194 195
191 191
183 183
184 184
185 185
186 186
116 116
131 131
11 11
138 138
139 139
140 140
141 141
