ssp100 25 4 2 1 2 3 18 15 18 15 18 19 22 19 20 19 18 3 8 11 8 10 8 9 8 3 23 27 34 37 47 42 56 28 34 45 35 52 41 52 30 33 38 43 38 31 42 51 45 29 36 27 92 97 99 98 87 88 87 93 87 93 87 93 87 91 95 91 89 96 89 91 87 27 55 27 36 49 36 53 33 27 48 39 48 27 71 63 59 62 68 62 68 62 69 82 69 62 59 26 58 60 65 60 65 60 58 26 59 63 71 27 23 3 5 7 24 7 5 3 23 27 71 63 59 26 58 61 67 79 67 61 58 60 64 73 64 60 58 26 59 63 71 27 23 18 19 20 19 18 3 2 4 25 ssp100 
41
4 4
2 2
1 1
15 15 12
22 22
20 21 20
11 11
10 10
9 9
27 27
37 37
47 47
56 56
45 45
35 35
41 41
33 33
43 43
31 31
51 51
29 29
92 92
97 97
99 99
98 98
88 88
93 90 93 94
95 95
96 96
55 55
49 49
53 53
39 39
59 59
68 68 81
82 82
65 74 65
24 24
79 79
64 64
73 73
