Glameow Inkay Turtwig Wailord Turtwig Meganium Turtwig Fomantis Mudbray Fomantis Turtwig Meganium Turtwig Inkay Spheal Inkay Spheal Inkay Turtwig Inkay Spheal Inkay Turtwig Fomantis Poochyena Piplup Poochyena Fomantis Turtwig Inkay Spheal Inkay Simisage Glalie Simisage Inkay Spheal Starmie Wartortle Spinarak Wartortle Loudred Yamask Sigilyph Yanma Sigilyph Araquanid Ledian Araquanid Feebas Bergmite Feebas Wailord Cacturne Leavanny Beheeyem Cacturne Wartortle Furret Wartortle Starmie Ivysaur Spiritomb Bergmite Spiritomb Ivysaur Zygarde Ivysaur Gloom Golett Wartortle Furret Electivire Archeops Electivire Glameow 
18
Inkay Inkay
Wailord Wailord
Meganium Gumshoos Meganium
Mudbray Mudbray
Spheal Loudred Gigalith Buneary Gothorita Spheal
Piplup Piplup
Glalie Glalie
Spinarak Spinarak
Yanma Yanma
Ledian Ledian
Bergmite Togepi Bergmite
Leavanny Leavanny
Beheeyem Beheeyem
Furret Furret Electivire
Spiritomb Spiritomb
Zygarde Zygarde
Golett Golett
Archeops Archeops
