19 21 56 73 1 99 58 45 61 41 26 0 10 45 40 83 46 34 99 62 11 5 11 51 13 51 30 14 63 55 24 55 82 60 80 7 73 12 17 85 90 64 37 15 23 97 96 48 19 64 44 43 35 39 3 70 66 10 21 93 7 41 28 11 62 92 9 35 32 29 54 33 95 36 80 9 50 9 88 95 31 65 63 68 12 73 32 39 1 25 58 59 58 72 0 26 97 67 51 53 51 11 14 39 3 85 68 88 89 76 89 71 11 14 39 3 21 19 
50
1 1
99 99
58 58
45 45
61 61
41 41
26 26
0 0
10 10
40 40
46 46
34 34
11 11
5 5
51 51
13 13
63 63
55 55
24 24
60 60
80 80
7 7
12 12
17 17
85 85
90 90
15 15
23 23
44 44
43 43
35 35
39 39
70 70
28 28
92 92
9 9
32 32
29 29
54 54
33 33
95 95
36 36
50 50
88 88
65 65
25 25
59 59
72 72
53 53
76 76
