68 63 61 78 43 91 43 57 43 78 89 78 43 91 50 37 50 91 43 78 61 78 83 78 43 91 50 37 64 17 64 37 50 91 43 78 83 53 83 78 43 79 43 78 61 63 64 37 50 91 43 22 65 22 43 78 83 53 33 53 83 78 43 22 65 45 65 22 43 91 50 51 53 83 78 77 78 43 91 50 37 21 37 50 51 53 44 7 52 45 31 45 65 22 43 91 39 91 50 37 52 5 63 64 17 82 41 42 43 22 23 22 43 91 50 37 64 63 68 4 94 75 76 80 82 17 96 90 89 81 89 78 43 91 50 37 64 63 68 4 94 49 21 37 50 91 43 42 58 85 58 42 43 78 24 93 24 55 89 78 43 91 67 91 43 78 89 81 9 81 89 78 77 13 77 78 43 79 95 47 42 43 22 23 87 51 53 54 52 45 31 71 31 75 76 80 3 5 52 34 18 22 21 97 21 37 52 5 15 5 52 54 55 59 55 89 78 83 84 25 26 78 83 53 54 10 11 94 4 52 34 35 34 18 80 82 17 64 1 64 37 50 91 73 91 50 51 87 69 87 51 53 83 40 29 31 45 52 34 18 19 18 80 82 17 64 63 68 84 25 27 25 84 68 
49
63 63
61 61
43 43
91 91
57 57
89 89
37 37
83 83
17 17
53 53
79 79
65 65
33 33
45 45
51 51
77 77
21 21
7 7
31 31
39 39
5 5
41 41
23 23
75 75
81 81
49 49
85 85
93 93
55 55
67 67
9 9
13 13
95 95
47 47
87 87
71 71
3 3
97 97
15 15
59 59
25 25
11 11
35 35
1 1
73 73
69 69
29 29
19 19
27 27
