75 80 72 74 21 88 10 99 98 99 21 26 28 21 35 36 37 35 61 67 61 74 72 74 99 92 99 61 66 61 43 42 43 99 91 99 21 24 21 88 82 88 51 53 51 43 47 43 11 12 11 10 1 10 11 16 11 99 97 99 74 78 74 35 32 35 11 13 11 88 89 88 43 50 43 74 72 80 72 74 61 70 61 99 98 100 98 99 43 45 43 35 31 35 21 28 30 28 21 74 72 76 78 74 10 6 2 6 10 88 87 88 99 93 94 93 99 74 72 71 72 74 11 17 20 17 11 61 63 61 88 86 88 74 72 73 78 74 35 37 33 37 35 21 24 22 24 21 10 6 7 6 10 11 17 19 17 11 51 58 59 58 51 61 62 69 62 61 74 72 77 75 
50
75 75
80 80
72 72
74 74
21 21
88 88
10 10
98 98
26 26
28 28
36 36
37 37
67 67
92 92
66 66
42 42
91 91
24 24
82 82
53 53
47 47
12 12
1 1
16 16
97 97
78 78
32 32
13 13
89 89
50 50
70 70
100 100
45 45
31 31
30 30
76 76
2 2
87 87
94 94
71 71
20 20
63 63
86 86
73 73
33 33
22 22
7 7
19 19
59 59
69 69
