51 50 35 39 38 13 7 6 3 27 23 27 3 1 3 27 22 27 3 0 17 15 20 15 14 33 14 33 34 33 14 16 15 38 41 40 36 41 21 23 48 45 47 46 44 47 44 2 0 3 27 22 8 7 8 11 23 22 14 19 17 3 17 19 17 3 5 2 46 43 45 31 33 36 41 21 25 24 27 3 30 32 33 36 9 36 9 36 35 26 27 3 0 50 49 50 35 40 28 29 28 40 35 50 51 
43
35 35
39 39
38 38
13 13
7 7
6 6
3 3
27 27
23 23
1 1
22 22
0 0 4
17 17
15 15
20 20
14 14
33 33 30
34 34
16 16
41 37 41
40 40
36 36
21 21
48 48
45 45
47 47
46 46
44 42 44
2 2
8 8 10
11 11
19 18 19
5 5
43 43
31 31
25 25
24 24
32 32
9 9 12
26 26
49 49
28 28
29 29
