node0 node89 node0 node67 node94 node67 node0 node80 node66 node80 node52 node94 node37 node65 node37 node69 node37 node50 node83 node94 node37 node57 node64 node0 node88 node64 node0 node64 node0 node4 node99 node37 node7 node97 node31 node4 node76 node65 node34 node66 node64 node0 node64 node0 node59 node64 node0 node70 node64 node0 node57 node67 node87 node67 node64 node0 node48 node43 node33 node74 node67 node64 node0 node64 node0 node64 node0 node59 node81 node91 node37 node64 node0 node48 node43 node95 node64 node0 node93 node55 node0 node59 node85 node48 node89 node55 node0 node64 node0 node82 node0 node57 node4 node68 node79 node82 node0 node57 node73 node37 node72 node41 node98 node57 node0 node92 node0 node77 node0 node61 node0 
35
node89 node89
node67 node67
node94 node94
node80 node80
node66 node66
node52 node52
node65 node65
node69 node69
node50 node50
node83 node83
node57 node57
node64 node62 node54 node64 node53 node96 node63 node58 node86 node51 node71 node84 node60 node56 node78
node88 node88
node99 node99
node97 node97
node76 node76
node59 node59
node70 node70
node87 node87
node74 node74
node81 node81
node91 node91
node95 node95
node93 node93
node55 node90 node55
node85 node85
node82 node82 node75
node68 node68
node79 node79
node73 node73
node72 node72
node98 node98
node92 node92
node77 node77
node61 node61
