node0 node2 node7 node44 node7 node47 node45 node47 node7 node44 node7 node47 node45 node47 node7 node44 node7 node47 node12 node33 node7 node44 node7 node47 node12 node43 node12 node47 node7 node40 node36 node0 node6 node39 node0 node41 node0 node6 node35 node6 node39 node49 node6 node0 node42 node28 node27 node28 node48 node46 node48 node0 node48 node0 node37 node0 
18
node7 node34 node44
node44 node32 node25 node29 node31
node47 node47
node45 node45
node33 node33
node43 node43
node40 node40
node36 node30
node39 node39 node36
node41 node41
node35 node35
node49 node49
node42 node42
node28 node28
node27 node27
node48 node38 node48 node26
node46 node46
node37 node37
