UMUCUTWAW XJOXYWA CRSMUEPQG YPXLG GVNFQM JJAQQ EGEASKKIE CNINRTR UENPUJ LQCZF VASGY UMUCUTWAW JYHRZJJDG ZFMGDWP WCHJFCRZJ USUVN UMUCUTWAW WEPDZ TNKNMUFI TJFSEUB OIPVAKF UMUCUTWAW XWBHEYXJU AOWYQNAYA LEJNUKCZ QOHWG KUUVZB DQOPCH ZSHRTZVKO OMBFD STQNQT ZPFHBWI IZNSKNS MNWMWDXCQ IGVCE RDTQTJB OLYQTGVA MHXHJGEF UMUCUTWAW VHHVQ WRQUJ XGGIUBVDN EGEASKKIE PLYPQBTP YFKIFTRS GUDSRTKLA UMUCUTWAW RRFKVFYKR QOHWG JVYIBRJ KAYADTT SUIOZK AWQOWSNYN NYBEJN JOWHZXTIA YPXLG ZLYFI VHLSP ULFOLRB VSMLVXSP ELILXSR CJLYWOAQ KUUVZB UMUCUTWAW KAYADTT FVKLDY JMLZW YNHRBC TNSRRJCDD UMUCUTWAW KAYADTT MWTSDF CNINRTR TCXWZV SVLLIIS STQNQT UMUCUTWAW 
50
XJOXYWA XJOXYWA
CRSMUEPQG CRSMUEPQG
YPXLG YPXLG
GVNFQM GVNFQM
JJAQQ JJAQQ
EGEASKKIE EGEASKKIE
CNINRTR CNINRTR
UENPUJ UENPUJ
VASGY VASGY
ZFMGDWP ZFMGDWP
USUVN USUVN
WEPDZ WEPDZ
TNKNMUFI TNKNMUFI
TJFSEUB TJFSEUB
OIPVAKF OIPVAKF
XWBHEYXJU XWBHEYXJU
AOWYQNAYA AOWYQNAYA
QOHWG QOHWG
KUUVZB KUUVZB
DQOPCH DQOPCH
ZSHRTZVKO ZSHRTZVKO
OMBFD OMBFD
STQNQT STQNQT
ZPFHBWI ZPFHBWI
IZNSKNS IZNSKNS
MNWMWDXCQ MNWMWDXCQ
RDTQTJB RDTQTJB
MHXHJGEF MHXHJGEF
VHHVQ VHHVQ
WRQUJ WRQUJ
XGGIUBVDN XGGIUBVDN
PLYPQBTP PLYPQBTP
YFKIFTRS YFKIFTRS
GUDSRTKLA GUDSRTKLA
RRFKVFYKR RRFKVFYKR
JVYIBRJ JVYIBRJ
KAYADTT KAYADTT
SUIOZK SUIOZK
AWQOWSNYN AWQOWSNYN
JOWHZXTIA JOWHZXTIA
ZLYFI ZLYFI
VHLSP VHLSP
VSMLVXSP VSMLVXSP
ELILXSR ELILXSR
CJLYWOAQ CJLYWOAQ
FVKLDY FVKLDY
YNHRBC YNHRBC
TNSRRJCDD TNSRRJCDD
MWTSDF MWTSDF
TCXWZV TCXWZV
