TA0 TA10 TA11 TA85 TA86 TA50 TA47 TA72 TA30 TA23 TA60 TA37 TA36 TA35 TA77 TA76 TA77 TA76 TA77 TA92 TA8 TA7 TA6 TA7 TA8 TA9 TA8 TA7 TA52 TA53 TA72 TA30 TA31 TA42 TA31 TA30 TA23 TA60 TA37 TA36 TA25 TA36 TA37 TA60 TA59 TA60 TA61 TA60 TA37 TA36 TA25 TA26 TA21 TA26 TA25 TA16 TA12 TA87 TA86 TA56 TA55 TA46 TA55 TA54 TA10 TA59 TA60 TA37 TA52 TA7 TA73 TA62 TA61 TA60 TA37 TA16 TA12 TA11 TA85 TA84 TA85 TA86 TA56 TA86 TA85 TA84 TA85 TA86 TA56 TA55 TA98 TA99 TA98 TA55 TA46 TA20 TA65 TA64 TA65 TA86 TA85 TA11 TA12 TA13 TA71 TA35 TA77 TA92 TA91 TA90 TA91 TA92 TA77 TA35 TA71 TA22 TA21 TA20 TA65 TA64 TA65 TA64 TA65 TA86 TA50 TA47 TA72 TA30 TA29 TA28 TA29 TA30 TA57 TA58 TA59 TA60 TA37 TA52 TA51 TA40 TA51 TA52 TA51 TA40 TA51 TA52 TA53 TA54 TA53 TA52 TA51 TA40 TA51 TA50 TA47 TA48 TA84 TA85 TA11 TA10 TA0 TA1 TA0 TA36 TA37 TA49 TA8 TA9 TA35 TA71 TA72 TA47 TA46 TA55 TA56 TA27 TA28 TA29 TA12 TA38 TA39 TA40 TA41 TA90 TA18 TA19 TA20 TA21 TA67 TA79 TA80 TA79 TA27 TA79 TA67 TA10 TA0 
43
TA10 TA10
TA85 TA85
TA86 TA86
TA50 TA50
TA47 TA47
TA23 TA23
TA36 TA36
TA35 TA35
TA76 TA76 TA33
TA92 TA92
TA8 TA8
TA7 TA7
TA6 TA6
TA9 TA9
TA42 TA42
TA25 TA25
TA59 TA59
TA61 TA61
TA26 TA26
TA21 TA21
TA12 TA12
TA56 TA56
TA46 TA46
TA54 TA54
TA73 TA73
TA62 TA62
TA84 TA84 TA24
TA99 TA99
TA64 TA64 TA32 TA63
TA71 TA71
TA90 TA90
TA28 TA28
TA58 TA58
TA40 TA94 TA89 TA40
TA48 TA48
TA1 TA1
TA49 TA49
TA27 TA27 TA81
TA38 TA38
TA39 TA39
TA18 TA18
TA19 TA19
TA80 TA80
