AAA ABA ACA ADA BAA BBA BCA BDA CAA CBA CCA CCB CCA CDA DAA DBA DBB DBA DAA CDA CCA CBA CBB CBA CCA CDA DAA DBA DCA DCB DCA DBA DAA CDA CCA CBA CAA BDA BCA BCB BCA BDA CAA CBA CCA CDA DAA DBA DCA DDA EAA EBA EBB EBA EAA DDA DCA DBA DAA CDA CCA CBA CBB CBC CBB CBA CCA CDA DAA DBA DBB DBC DBB DBA DAA CDA CCA CBA CAA BDA BCA BBA BBB BBA BCA BDA CAA CBA CCA CDA DAA DBA DCA DDA EAA EBA ECA ECB ECA EBA EAA DDA DCA DBA DAA CDA CDB CDC CDD CDC CDB CDA DAA DBA DCA DDA EAA EBA EBB EBC EBB EBA EAA DDA DCA DBA DAA CDA CCA CBA CAA BDA BCA BBA BBB BBC BBB BBA BCA BDA CAA CBA CCA CDA DAA DAB DAC DAD DAC DAB DAA CDA CCA CBA CAA BDA BCA BBA BAA ADA ADB ACB ADB ADA BAA BBA BCA BDA CAA CBA CCA CDA DAA DBA DCA DDA EAA EAB EAC EAD EAC EAB EAA DDA DCA DBA DAA CDA CCA CBA CAA BDA BDB BDC BDD BDC BDB BDA CAA CBA CCA CDA DAA DBA DCA DDA EAA EBA ECA EDA FAA FAB FBB FBA FAA EDA ECA EBA EAA DDA DCA DBA DAA CDA CCA CCB CCC CCD CCC CCB CCA CDA DAA DBA DCA DCB DCC DCD DCC DCB DCA DBA DAA CDA CCA CBA CAA BDA BCA BBA BAA ADA ADB ACB ABB ACB ADB ADA BAA BBA BCA BDA CAA CBA CCA CDA DAA DBA DCA DDA EAA EBA ECA EDA FAA FAB FBB FBC FBB FBA FAA EDA ECA EBA EAA DDA DCA DBA DAA CDA CCA CBA CAA BDA BCA BCB BCC BCD BCC BCB BCA BBA BAA ADA ADB ADC ADD ADC ADB ADA BAA BBA BCA BDA CAA CBA CCA CDA DAA DBA DCA DDA EAA EBA ECA ECB ECC ECD ECC ECB ECA EDA FAA FAB FBB FCB FCA FBA FAA EDA ECA EBA EAA DDA DCA DBA DAA CDA CCA CBA CAA BDA BCA BBA BAA ADA ACA ACB ACC ABC ACC ACB ACA ADA BAA BBA BCA BDA CAA CBA CCA CDA DAA DBA DCA DDA DDB DDC DDD DDC DDB DDA DCA DBA DAA CDA CCA CBA CAA CAB CAC CAD CAC CAB CAA CBA CCA CDA DAA DBA DCA DDA EAA EBA ECA EDA FAA FAB FAC FAD FAC FAB FAA EDA ECA EBA EAA DDA DCA DBA DAA CDA CCA CBA CAA BDA BCA BBA BAA ADA ACA ACB ACC ACD ACC ACB ACA ADA BAA BAB BAC BAD BAC BAB BAA BBA BCA BDA CAA CBA CCA CDA DAA DBA DCA DDA EAA EBA ECA EDA FAA FBA FCA FCB FCC FCD FCC FCB FCA FBA FAA EDA EDB EDC EDD EDC EDB EDA ECA EBA EAA DDA DCA DBA DAA CDA CCA CBA CAA BDA BCA BBA BAA ADA ACA ABA AAA AAB AAC AAD AAC AAB AAA ABA ACA ADA BAA BBA BCA BDA CAA CBA CCA CDA DAA DBA DCA DDA EAA EBA ECA EDA FAA FBA FCA FDA FDB FDC FDD FDC FDB FDA FCA FBA FAA EDA ECA EBA EAA DDA DCA DBA DAA CDA CCA CBA CAA BDA BCA BBA BAA ADA ACA ABA AAA 
36
CCB CCB
DBB DBB
CBB CBB
DCB DCB
BCB BCB
EBB EBB
CBC CBC
DBC DBC
BBB BBB
ECB ECB
CDD CDD
EBC EBC
BBC BBC
DAD DAD
ACB ACB
EAD EAD
BDD BDD
FBB FBB
CCD CCD
DCD DCD
ABB ABB
FBC FBC
BCD BCD
ADD ADD
ECD ECD
FCB FCB
ABC ABC
DDD DDD
CAD CAD
FAD FAD
ACD ACD
BAD BAD
FCD FCD
EDD EDD
AAD AAD
FDD FDD
