lkplf xraqx lnndk qlvnf rvjuv pxoew iszqq xhwzk lkplf vanpa lkplf vanpa lkplf vanpa lkplf xhwzk lkplf dhjbs lkplf etpku lkplf ecolz lkplf wfduo lkplf ofnly lkplf etpku pajep jzkkr nqvqo onzwv lkplf xrkws lkplf wkvjd tjlhk ptkrs lkplf 
21
xraqx xraqx
lnndk lnndk
qlvnf qlvnf
rvjuv rvjuv
pxoew pxoew
iszqq iszqq
xhwzk ccbcf xhwzk
vanpa tnccf vyluf vanpa
dhjbs dhjbs
etpku ifonh etpku
ecolz ecolz
wfduo wfduo
ofnly ofnly
pajep pajep
jzkkr jzkkr
nqvqo nqvqo
onzwv onzwv
xrkws xrkws
wkvjd wkvjd
tjlhk tjlhk
ptkrs ptkrs
