0 93 46 40 39 10 36 14 2 21 11 34 27 30 0 48 26 49 2 21 43 52 0 31 68 12 20 8 59 38 59 13 26 68 16 24 15 24 10 90 45 74 0 52 1 22 25 5 26 3 52 0 17 22 34 53 6 29 58 44 62 7 82 0 52 1 43 95 41 37 27 68 44 0 53 29 26 5 62 72 23 4 27 18 2 24 47 85 35 28 43 32 33 32 47 9 68 0 42 0 18 20 1 19 41 32 33 16 68 23 53 0 
50
0 0
46 46
40 40
39 39
10 10
36 36
14 14
2 2
21 21
11 11
34 34
27 27
30 30
48 48
26 26
49 49
43 43
31 31
12 12
20 20
8 8
38 38
13 13
16 16
24 24
15 15
45 45
1 1
22 22
25 25
5 5
3 3
17 17
6 6
29 29
44 44
7 7
41 41
37 37
23 23
4 4
18 18
47 47
35 35
28 28
32 32
33 33
9 9
42 42
19 19
