aa0 aa1 aa2 aa8 aa9 ab0 ab2 ab4 ab7 ab8 ab9 ac0 ac4 ac9 ad0 ad9 ga0 ga1 ga5 ga8 ga4 ga3 ga1 ga5 ga8 ga9 gb0 gb3 gb0 gb2 gb0 ga9 ga8 ga5 ga1 ga0 ad9 ad0 ac9 ac4 ac7 ac3 ac7 ac4 ac9 ad0 ad9 ga0 ga1 ga5 ga8 ga9 gb0 gb3 gb4 gb3 gb0 ga9 ga8 ga5 ga1 ga0 ad9 ad0 ac9 ac4 ac7 ac3 ac6 ac3 ac7 ac4 ac9 ad0 ad9 ga0 ga1 ga5 ga8 ga9 gb0 gb1 gb7 gb1 gb6 gb9 gc0 gc3 gc0 gc6 gc5 gc6 gc0 gb9 gb8 gb1 gb0 ga9 ga8 ga5 ga1 ga0 ad9 ad0 ac9 ac4 ac0 ab9 ab8 ab7 ab8 ab9 ac0 ac4 ac9 ad0 ad9 ga0 ga1 ga5 ga8 ga9 gb0 gb1 gb8 gb9 gc0 gc6 gc5 gc9 gd0 gd2 gd5 gd6 gd9 ka0 ka2 ka0 gd9 gd6 gd5 gd2 gd0 gc9 gc5 gc6 gc0 gb9 gb8 gb1 gb0 ga9 ga8 ga5 ga1 ga0 ad9 ad0 ac9 ac4 ac0 ab9 ab8 ab7 ab4 ab2 ab4 ab7 ab8 ab9 ac0 ac4 ac9 ad0 ad9 ga0 ga1 ga5 ga8 ga9 gb0 gb1 gb8 gb9 gc0 gc6 gc5 gc9 gd0 gd2 gd5 gd6 gd9 ka0 ka2 ka4 ka6 ka9 kb0 kb2 kb0 ka9 ka6 ka4 ka2 ka0 gd9 gd6 gd5 gd2 gd0 gc9 gc5 gc6 gc0 gb9 gb8 gb1 gb0 ga9 ga8 ga5 ga1 ga0 ad9 ad0 ac9 ac4 ac0 ab9 ab8 ab7 ab4 ab2 ab0 aa9 aa8 aa2 aa1 aa0 kd9 kd8 kd9 aa0 aa1 aa2 aa8 aa9 ab0 ab2 ab4 ab7 ab8 ab9 ac0 ac4 ac9 ad0 ad9 ga0 ga1 ga5 ga8 ga9 gb0 gb1 gb8 gb9 gc0 gc6 gc5 gc9 gd0 gd2 gd5 gd3 gd4 gd6 gd5 gd2 gd0 gc9 gc5 gc6 gc0 gb9 gb8 gb1 gb0 ga9 ga8 ga5 ga1 ga0 ad9 ad0 ac9 ac4 ac0 ab9 ab8 ab7 ab4 ab2 ab0 aa9 aa8 aa2 aa1 aa0 kd9 kd8 kd1 kd7 kd8 kd9 aa0 aa1 aa2 aa8 aa9 ab0 ab2 ab4 ab7 ab8 ab9 ac0 ac4 ac9 ad0 ad9 ga0 ga1 ga5 ga8 ga9 gb0 gb1 gb8 gb9 gc0 gc7 gc8 gc7 gc0 gb9 gb8 gb1 gb0 ga9 ga8 ga5 ga1 ga0 ad9 ad0 ac9 ac4 ac0 ab9 ab8 ab7 ab4 ab2 ab0 aa9 aa8 aa5 aa8 aa9 ab0 ab2 ab4 ab7 ab8 ab9 ac0 ac4 ac9 ad0 ad9 ga0 ga1 ga5 ga8 ga9 gb0 gb1 gb8 gb9 gc0 gc6 gc5 gc9 gd0 gd2 gd5 gd6 gd8 gd9 gd7 gd6 gd5 gd2 gd0 gc9 gc5 gc6 gc0 gb9 gb8 gb1 gb0 ga9 ga8 ga5 ga1 ga0 ad9 ad0 ac9 ac4 ac0 ab9 ab8 ab7 ab4 ab2 ab0 aa9 aa8 aa2 aa1 aa0 kd9 kd0 kc9 kc8 kc9 kd0 kd9 aa0 aa1 aa2 aa8 aa9 ab0 ab2 ab4 ab7 ab8 ab5 ab8 ab9 ac0 ac4 ac9 ad0 ad9 ga0 ga1 ga5 ga8 ga9 gb0 gb1 gb8 gb9 gc0 gc6 gc5 gc9 gd0 gd2 gd5 gd6 gd9 ka0 ka2 ka4 ka6 ka9 kb0 kb2 kb6 kb2 kb0 ka9 ka6 ka4 ka2 ka0 gd9 gd6 gd5 gd2 gd0 gc9 gc5 gc6 gc0 gb9 gb8 gb1 gb0 ga9 ga8 ga5 ga1 ga2 ga1 ga5 ga8 ga9 gb0 gb1 gb8 gb9 gc0 gc6 gc5 gc9 gd0 gd2 gd5 gd6 gd9 ka0 ka2 ka4 ka7 ka4 ka2 ka0 gd9 gd6 gd5 gd2 gd0 gc9 gc5 gc6 gc0 gb9 gb8 gb1 gb0 ga9 ga8 ga5 ga1 ga0 ad9 ad0 ac9 ac4 ac7 ac3 ac6 ac8 ac6 ac3 ac7 ac4 ac0 ab9 ab8 ab7 ab4 ab2 ab0 aa9 aa8 aa2 aa1 aa0 kd9 kd0 kd1 kd7 kd4 kd6 kd9 aa0 aa1 aa2 aa8 aa9 ab0 ab2 ab4 ab7 ab8 ab9 ac0 ac4 ac9 ad0 ad9 ga0 ga1 ga5 ga8 ga9 gb0 gb1 gb8 gb9 gc0 gc6 gc5 gc9 gd0 gd2 gd5 gd6 gd9 ka0 ka2 ka4 ka6 ka9 kb0 kb2 kb5 kb2 kb0 ka9 ka6 ka4 ka2 ka5 ka2 ka0 gd9 gd6 gd5 gd2 gd0 gc9 gc5 gc6 gc0 gb9 gb8 gb1 gb0 ga9 ga8 ga5 ga1 ga0 ad9 ad0 ac9 ac4 ac0 ab9 ab8 ab7 ab4 ab2 ab0 aa9 aa8 aa2 aa1 aa0 kd9 kd0 kd1 kd3 kd1 kd0 kc9 kc8 kc1 kc0 kc9 kd0 kd9 aa0 aa1 aa2 aa8 aa9 ab0 ab2 ab4 ab7 ab8 ab9 ac0 ac4 ac9 ad0 ad9 ga0 ga1 ga5 ga6 ga5 ga1 ga0 ad9 ad0 ac9 ac4 ac0 ab9 ab8 ab7 ab4 ab2 ab0 aa9 aa8 aa2 aa4 aa2 aa8 aa9 ab0 ab2 ab4 ab7 ab8 ab9 ac0 ac4 ac9 ad0 ad9 ga0 ga1 ga5 ga8 ga9 gb0 gb1 gb8 gb9 gc0 gc6 gc5 gc9 gd0 gd2 gd5 gd6 gd9 ka0 ka2 ka4 ka7 ka8 ka7 ka4 ka2 ka0 gd9 gd6 gd5 gd2 gd0 gc9 gc5 gc6 gc0 gb9 gb8 gb1 gb0 ga9 ga8 ga5 ga1 ga0 ad9 ad0 ac9 ac4 ac2 ac4 ac0 ab9 ab8 ab7 ab4 ab2 ab0 aa9 aa8 aa2 aa1 aa0 kd9 kd0 kc9 kc6 kc9 kd0 kd9 aa0 aa1 aa2 aa8 aa9 ab0 ab2 ab4 ab7 ab8 ab9 ac0 ac5 ac9 ad0 ad9 ga0 ga1 ga5 ga8 ga7 ga8 ga5 ga1 ga0 ad9 ad0 ac9 ac4 ac0 ab9 ab8 ab7 ab4 ab2 ab0 aa9 aa8 aa2 aa1 aa0 kd9 kd0 kd1 kd7 kd5 kd7 kd8 kd9 aa0 aa1 aa2 aa8 aa9 ab0 ab2 ab4 ab7 ab8 ab9 ac0 ac5 ac9 ad0 ad9 ga0 ga1 ga5 ga8 ga9 gb0 gb1 gb8 gb9 gc0 gc1 gc0 gb9 gb8 gb1 gb0 ga9 ga8 ga5 ga1 ga0 ad9 ad1 ad2 ad3 ad8 ad3 ad2 ad1 ad9 ad0 ac9 ac4 ac0 ab9 ab8 ab7 ab4 ab2 ab0 aa9 aa8 aa2 aa1 aa0 kd9 kd0 kc9 kc8 kc7 kc5 kc4 kc6 kc9 kd0 kd9 aa0 aa1 aa2 aa8 aa9 ab0 ab2 ab4 ab7 ab8 ab9 ac0 ac5 ac9 ad0 ad9 ad1 ad2 ad3 ad7 ad3 ad2 ad1 ad9 ad0 ac9 ac4 ac0 ab9 ab8 ab7 ab4 ab2 ab0 aa9 aa8 aa5 aa6 aa5 aa8 aa9 ab0 ab2 ab4 ab7 ab8 ab9 ac0 ac5 ac9 ad0 ad9 ga0 ga1 ga5 ga8 ga9 gb0 gb1 gb8 gb9 gc0 gc6 gc5 gc9 gd0 gd2 gd5 gd6 gd9 ka0 ka2 ka4 ka6 ka9 kb0 kb2 kb5 kb8 kb5 kb2 kb0 ka9 ka6 ka4 ka2 ka0 gd9 gd6 gd5 gd2 gd0 gc9 gc5 gc6 gc0 gb9 gb8 gb1 gb0 ga9 ga8 ga5 ga1 ga0 ad9 ad1 ad2 ad3 ad6 ad3 ad2 ad1 ad9 ad0 ac9 ac4 ac0 ab9 ab8 ab7 ab4 ab2 ab0 aa9 aa8 aa2 aa1 aa0 kd9 kd0 kc9 kc0 kc2 kc0 kc9 kd0 kd9 aa0 aa1 aa2 aa4 aa7 aa4 aa2 aa8 aa9 ab0 ab2 ab4 ab7 ab8 ab9 ac0 ac5 ac9 ad0 ad9 ad1 ad2 ad3 ad5 ad3 ad2 ad1 ad9 ga0 ga1 ga5 ga8 ga9 gb0 gb1 gb8 gb9 gc0 gc6 gc5 gc9 gd0 gd2 gd5 gd6 gd9 ka0 ka2 ka4 ka6 ka9 kb0 kb1 kb3 kb7 kb4 kb1 kb0 ka9 ka6 ka4 ka2 ka0 gd9 gd6 gd5 gd2 gd0 gc9 gc5 gc6 gc0 gb9 gb8 gb1 gb0 ga9 ga8 ga5 ga1 ga0 ad9 ad0 ac9 ac4 ac0 ab9 ab8 ab7 ab4 ab2 ab0 aa9 aa8 aa2 aa4 aa3 aa4 aa2 aa8 aa9 ab0 ab2 ab4 ab7 ab8 ab9 ac0 ac5 ac9 ad0 ad9 ad1 ad2 ad3 ad4 ad3 ad2 ad1 ad9 ga0 ga1 ga5 ga8 ga9 gb0 gb1 gb8 gb9 gc0 gc1 gc2 gc1 gc0 gb9 gb8 gb1 gb0 ga9 ga8 ga5 ga1 ga0 ad9 ad0 ac9 ac4 ac0 ab9 ab8 ab7 ab4 ab2 ab0 aa9 aa8 aa2 aa1 aa0 
60
ab2 ab2
ab4 ab4
ab7 ab7
ab8 ab8
ga4 ga4
ga3 ga3
gb3 gb3
gb2 gb2
ac7 ac7
ac3 ac3
gb4 gb4
ac6 ac6
gb7 gb7
gb6 gb6
gc3 gc3
gc5 gc5
gd9 gd9
ka2 ka2
ka6 ka6
kb2 kb2
kd8 kd8
gd3 gd3
gd4 gd4
kd1 kd1
gc8 gc8
aa5 aa5
gd8 gd8
gd7 gd7
kc8 kc8
ab5 ab5
kb6 kb6
ga2 ga2
ka7 ka7
ac8 ac8
kd4 kd4
kb5 kb5
ka5 ka5
kd3 kd3
kc1 kc1
ga6 ga6
aa4 aa4
ka8 ka8
ac2 ac2
kc6 kc6
ga7 ga7
kd5 kd5
gc1 gc1
ad8 ad8
kc5 kc5
ad7 ad7
aa6 aa6
kb8 kb8
ad6 ad6
kc2 kc2
aa7 aa7
ad5 ad5
kb7 kb7
aa3 aa3
ad4 ad4
gc2 gc2
