71 37 91 64 38 48 43 30 36 2 39 52 85 52 39 3 16 29 16 3 14 54 49 54 14 3 39 61 75 19 75 61 75 19 75 61 75 19 75 61 39 61 87 75 87 61 39 2 33 2 39 61 75 19 75 61 39 52 86 56 68 78 68 56 86 52 39 3 16 24 16 11 16 3 39 61 75 15 75 61 39 52 86 89 59 89 86 52 39 3 16 24 16 11 35 11 16 3 39 2 36 42 70 42 67 42 36 2 39 52 86 18 86 52 39 61 87 61 39 52 86 18 86 52 39 61 87 61 39 52 86 89 86 18 86 52 39 61 87 61 39 52 86 18 86 56 68 56 86 52 39 3 28 3 39 3 28 3 39 52 86 18 86 56 68 56 86 18 86 52 39 61 87 7 99 6 32 55 32 6 32 55 32 6 99 7 87 75 19 74 20 88 78 68 56 86 18 86 52 39 61 87 61 39 52 86 18 86 52 39 61 87 61 39 52 86 89 4 60 37 91 64 38 48 43 84 81 95 21 95 81 84 41 31 79 73 26 47 10 92 53 44 60 37 91 64 38 48 43 84 81 95 21 95 81 84 43 48 38 64 91 37 71 
34
64 64
38 38
30 30
36 36
2 2
39 39
85 85
29 29
54 54
49 49
61 61
19 19 74 5 41
87 7 87
33 33
78 78
24 24 69
11 11
15 15
59 59
35 35
42 70 42
70 53
18 0 96 66 65 94 45 26 18
28 28 13
6 6
55 55 77
88 88
60 60
84 84
95 95
21 21 50
79 79
47 47
10 10
