f w c qqqqqq ffffffff fffffff uu f v uu f zzz uu f rrrrrr uu f ssssss uuuuu jjjjjjj uu f aaa f llllll uu f s aaa f aaa f ssss j aaa f vv aaa f z aaa f ss qqqqqqq f qqqqqqq f m qqqqqqq f wwwwwww qqqqqqq f qqqqqqq f lllll qqqqqqq f aaa f qq sss f qqqqqqq f qqqqqqq f xxx llllllll a qqqqqqq nnnn f 
31
f f
w w
c c
qqqqqq qqqqqq
ffffffff ffffffff
fffffff fffffff
uu xxxxxx wwww ff pp ttttt q
v v
zzz zzz
rrrrrr rrrrrr
ssssss ssssss
uuuuu uuuuu
jjjjjjj jjjjjjj
aaa jjjj uu aaa hhhh vvvv p ggggg
llllll llllll
s s
ssss ssss
j j
vv vv
z z
ss ss
qqqqqqq qqqqqqq ggg rrrrrrrr aaaaa dddddddd iii hhh bbbbbbbb eeee
m m
wwwwwww wwwwwww
lllll lllll
qq qq
sss sss
xxx xxx
llllllll llllllll
a a
nnnn nnnn
