99 4 18 61 3 20 3 61 34 61 3 58 23 24 70 91 31 38 31 91 70 24 23 19 5 19 40 19 23 58 3 13 3 61 34 7 22 10 79 98 21 98 79 10 22 7 84 99 35 99 4 99 35 99 4 18 63 49 63 18 61 3 6 89 44 89 6 89 99 35 99 4 18 61 3 58 43 17 43 58 3 61 18 4 99 4 99 68 90 19 26 19 90 68 96 82 46 82 96 68 96 82 46 82 96 68 90 19 45 19 90 68 11 42 59 1 15 14 15 1 24 70 91 42 11 68 90 19 45 19 90 68 11 88 36 37 36 37 36 88 11 68 99 4 18 63 16 78 39 78 29 78 16 33 48 33 2 8 17 43 58 23 19 90 54 76 81 12 81 31 0 29 78 16 33 48 33 16 63 18 4 99 
42
4 4
18 18
3 3
20 20
34 34
23 23
24 24
31 31
38 38
19 19
5 32 5
40 40
13 13
7 7
22 22
10 10
21 21
35 27 9 35
49 49
6 6
44 44
43 43 30
17 17
26 26
46 41 46
45 25 45
11 11
42 42
1 1
15 15
14 14
36 36
37 28 37
16 16
39 39
29 29
33 33
48 47 48
2 2
8 8
12 12
0 0
