gv dw gv xr fm wl bj gv dw ij zh ho wl dw gv wl ea rp gv su gv rp gv dw gv fz gv xr zc sc gv fz gv xr fm mb rp fz gv xr nx vs rp fz gv xr il xr fz gv gu gv xr jz vf gz gv wl ur ef yl ci az zo az hz gv xr ft ej ft xr hz gv xr ft oa jz xr nx kx bx gv gz ds et fr rp gv gz xm gz cm wl ay gv uj gv 
32
dw sx dw yo
fm fm
bj bj
ij ij
ho ho
ea ea
rp rp wo
su su
fz yj ve my bg fz
zc zc
sc sc
mb mb
vs vs
il il
gu gu
vf vf
gz gz
ur ur
ef ef
yl yl
zo zo
hz hz ec
ej ej
oa oa
kx kx
bx bx
ds ds
et et
xm xm
cm cm
ay ay
uj uj
