location0 location43 location23 location20 location21 location1 location47 location14 location10 location17 location10 location17 location4 location8 location12 location22 location46 location36 location13 location36 location12 location22 location9 location31 location25 location11 location25 location8 location12 location2 location6 location1 location18 location49 location34 location4 location19 location4 location8 location25 location16 location20 location23 location24 location23 location43 location0 
21
location23 location23
location20 location20
location21 location21
location1 location1
location14 location14
location10 location10
location17 location7 location17
location4 location4
location8 location8 location5
location12 location12
location22 location15 location22 location3
location13 location13
location9 location9
location25 location25
location11 location11
location2 location2
location6 location6
location18 location18
location19 location19
location16 location16
location24 location24
