oUyBZvEHNPOWtAsHANHU ikjgYLaZRolSrbIYyKBd tItiZloipgPmLuONrNnZ JKNUHFrXPStBWMuUOVkj QFaSXENOfunmdZIBqDsS UMfDYlvFlUVuogMRkWNG QFaSXENOfunmdZIBqDsS JKNUHFrXPStBWMuUOVkj CCYBPFZgoOONzoEeTKzC JKNUHFrXPStBWMuUOVkj tItiZloipgPmLuONrNnZ cAvnOxZJtanpVvcAxJHM tItiZloipgPmLuONrNnZ ikjgYLaZRolSrbIYyKBd NBTlGJqSnWahMvuDlXAm hpQFeVriPZmwKZcYFAWN NBTlGJqSnWahMvuDlXAm hpQFeVriPZmwKZcYFAWN NBTlGJqSnWahMvuDlXAm hpQFeVriPZmwKZcYFAWN NBTlGJqSnWahMvuDlXAm CcspnGXfrmzZRWjdMjLd CCYBPFZgoOONzoEeTKzC MeohNnftDTzllMTGwxnG eqwycKZriorIAbsUBjxu tItiZloipgPmLuONrNnZ ikjgYLaZRolSrbIYyKBd CXrruomvXfADUrHxMwZi ikjgYLaZRolSrbIYyKBd oUyBZvEHNPOWtAsHANHU eWGFHgdBASXJbxQbYrCG oUyBZvEHNPOWtAsHANHU ikjgYLaZRolSrbIYyKBd NBTlGJqSnWahMvuDlXAm CcspnGXfrmzZRWjdMjLd oMKDNkBacLxexXKHqXfF CcspnGXfrmzZRWjdMjLd CCYBPFZgoOONzoEeTKzC JKNUHFrXPStBWMuUOVkj QFaSXENOfunmdZIBqDsS UMfDYlvFlUVuogMRkWNG QFaSXENOfunmdZIBqDsS eWVKeYegIFOJxvfRkjek JKNUHFrXPStBWMuUOVkj tItiZloipgPmLuONrNnZ ikjgYLaZRolSrbIYyKBd NBTlGJqSnWahMvuDlXAm rqqedkokePZFdhDbMNpX IUJDEWwYxhQimsCqnrFH rqqedkokePZFdhDbMNpX CcspnGXfrmzZRWjdMjLd YIofCjSpfjMZYcwDVdpu hNRcEeFjmsmOnuOdNAXl eWGFHgdBASXJbxQbYrCG oUyBZvEHNPOWtAsHANHU JGmrlhNqKarRJZMikIzR fDAbzsYfiXDxOIsITcQl NVPacTSrBMpDkMBotiWB fDAbzsYfiXDxOIsITcQl IuNNJvHSmYKpVBzmzuJX rqqedkokePZFdhDbMNpX hpQFeVriPZmwKZcYFAWN UgaWwXBplvlUJzfeuZdN eqwycKZriorIAbsUBjxu VVzvLIOwARaWwhQTKPrx eqwycKZriorIAbsUBjxu UgaWwXBplvlUJzfeuZdN QMnEKXGwZYUlreveNjwA XZRBuctXhYPbWardFSZS CcspnGXfrmzZRWjdMjLd rqqedkokePZFdhDbMNpX IuNNJvHSmYKpVBzmzuJX znYRMYifzQwyixuIXDnz IuNNJvHSmYKpVBzmzuJX fDAbzsYfiXDxOIsITcQl JGmrlhNqKarRJZMikIzR oUyBZvEHNPOWtAsHANHU 
21
oUyBZvEHNPOWtAsHANHU oUyBZvEHNPOWtAsHANHU
JKNUHFrXPStBWMuUOVkj JKNUHFrXPStBWMuUOVkj
UMfDYlvFlUVuogMRkWNG lPMfQyVLDIZczBuDgsVQ UMfDYlvFlUVuogMRkWNG
CCYBPFZgoOONzoEeTKzC CCYBPFZgoOONzoEeTKzC
cAvnOxZJtanpVvcAxJHM cAvnOxZJtanpVvcAxJHM
NBTlGJqSnWahMvuDlXAm NBTlGJqSnWahMvuDlXAm
hpQFeVriPZmwKZcYFAWN hpQFeVriPZmwKZcYFAWN PojKKQvEDmFOnJinujFi gUlgGYCPZjsRiFLqnVun
CcspnGXfrmzZRWjdMjLd CcspnGXfrmzZRWjdMjLd
MeohNnftDTzllMTGwxnG MeohNnftDTzllMTGwxnG
eqwycKZriorIAbsUBjxu eqwycKZriorIAbsUBjxu
CXrruomvXfADUrHxMwZi CXrruomvXfADUrHxMwZi
eWGFHgdBASXJbxQbYrCG eWGFHgdBASXJbxQbYrCG
oMKDNkBacLxexXKHqXfF oMKDNkBacLxexXKHqXfF
eWVKeYegIFOJxvfRkjek eWVKeYegIFOJxvfRkjek
IUJDEWwYxhQimsCqnrFH IUJDEWwYxhQimsCqnrFH
hNRcEeFjmsmOnuOdNAXl hNRcEeFjmsmOnuOdNAXl
NVPacTSrBMpDkMBotiWB NVPacTSrBMpDkMBotiWB
IuNNJvHSmYKpVBzmzuJX IuNNJvHSmYKpVBzmzuJX
VVzvLIOwARaWwhQTKPrx VVzvLIOwARaWwhQTKPrx OWCblOtQanZakRLMqMxz
QMnEKXGwZYUlreveNjwA QMnEKXGwZYUlreveNjwA
znYRMYifzQwyixuIXDnz znYRMYifzQwyixuIXDnz
