Soda kevin Soda jarrett Soda wang Soda sathvik Soda kanika Soda gregory Soda ellen Soda weaver Soda mack Soda chandran Soda rouzbahani Soda li sahai caroline gibson steven luo vaibhav yanay yip berit scott yash du tran Soda 
25
kevin kevin
jarrett jarrett
wang wang
sathvik sathvik
kanika kanika
gregory gregory
ellen ellen
weaver weaver
mack mack
chandran chandran
rouzbahani rouzbahani
li li
sahai sahai
caroline caroline
gibson gibson
steven steven
luo luo
vaibhav vaibhav
yanay yanay
yip yip
berit berit
scott scott
yash yash
du du
tran tran
