EFLJOTk 0e cPnISetFj7gG8o9K EFLJOTk qKAN35ZxfJxs2n EFLJOTk qKAN35ZxfJxs2n EFLJOTk cPnISetFj7gG8o9K EFLJOTk cPnISetFj7gG8o9K EFLJOTk Q7Ib7B EJOi3LI92xJB tZ EFLJOTk Q7Ib7B 4pWeD5 tZ EFLJOTk mQzeU6iv7 EFLJOTk K6 EFLJOTk 9PHu2NLeEO EFLJOTk 4W EFLJOTk SoHxfA EFLJOTk Q7Ib7B 13GDMZYtkIBDG8SVi5px EcsTlClw S5 EFLJOTk SoHxfA EFLJOTk 1p3lWfo8qHHC EFLJOTk fMV6tQxP EFLJOTk Tb5qjVS0DSkDKD EFLJOTk JQX0b EFLJOTk Q7Ib7B 8I1AatPM 7F9H97joVTdU8ZEpeb JQX0b vngV9R4 EFLJOTk JQX0b EFLJOTk Q7Ib7B q9b8L0oiOJr JQX0b EFLJOTk sR1n9b fgxHyKXvIAKSHtMEoO Kpec EFLJOTk 
23
0e 0e
cPnISetFj7gG8o9K 6mx6unEnl QyWIcdD7GorZtfQJb cPnISetFj7gG8o9K
qKAN35ZxfJxs2n Xn8chReB4cAIE2gsbLF qKAN35ZxfJxs2n
EJOi3LI92xJB EJOi3LI92xJB
tZ tZ r5x
4pWeD5 4pWeD5
mQzeU6iv7 mQzeU6iv7
K6 K6
9PHu2NLeEO 9PHu2NLeEO
4W 4W
SoHxfA SoHxfA IRUxJNqQHDtKwk
13GDMZYtkIBDG8SVi5px 13GDMZYtkIBDG8SVi5px
S5 S5
1p3lWfo8qHHC 1p3lWfo8qHHC
fMV6tQxP fMV6tQxP
Tb5qjVS0DSkDKD Tb5qjVS0DSkDKD
JQX0b AUKNFdTo JQX0b I0a5SBtiDKckQxXh155L
8I1AatPM 8I1AatPM
7F9H97joVTdU8ZEpeb 7F9H97joVTdU8ZEpeb
vngV9R4 vngV9R4
q9b8L0oiOJr q9b8L0oiOJr
fgxHyKXvIAKSHtMEoO fgxHyKXvIAKSHtMEoO
Kpec Kpec
