yqRn7pcv mpBvpan0 RKTqv0lO xaYYL0Xr yqRn7pcv mpBvpan0 ne5PzSYX rKjRBwvM hcJG54h4 mB6fiF0u i4M5A6hw yqRn7pcv mpBvpan0 ne5PzSYX LQU5lyru hcJG54h4 uzY67sfN XlaUIvCb i4M5A6hw yqRn7pcv mpBvpan0 4bzLzw2O d0naUNzM Tv0Ngo2a 5Zo9R33z 6XOrbPEm hC2ZPbzA zcy1X765 rJm7nPd7 TMAXVAcF lRFv66dO 7xyYvlir 2XMfF8YA 4bzLzw2O mmiVeCrf mpBvpan0 z3tqnoFm 1JmiRMy2 cbK8BQiu Wvomb2LC o5fxSomz mpBvpan0 yqRn7pcv 
24
yqRn7pcv yqRn7pcv
RKTqv0lO RKTqv0lO
xaYYL0Xr xaYYL0Xr
ne5PzSYX ne5PzSYX
rKjRBwvM rKjRBwvM
hcJG54h4 hcJG54h4
mB6fiF0u mB6fiF0u
i4M5A6hw fsgAjhrq i4M5A6hw
LQU5lyru LQU5lyru
uzY67sfN uzY67sfN
XlaUIvCb XlaUIvCb
Tv0Ngo2a Tv0Ngo2a
5Zo9R33z 5Zo9R33z
6XOrbPEm 6XOrbPEm
hC2ZPbzA hC2ZPbzA
zcy1X765 zcy1X765
rJm7nPd7 rJm7nPd7
lRFv66dO lRFv66dO
7xyYvlir 7xyYvlir
2XMfF8YA 2XMfF8YA
mmiVeCrf mmiVeCrf
1JmiRMy2 1JmiRMy2
Wvomb2LC Wvomb2LC
o5fxSomz o5fxSomz
