h0 h1 h6 h1 h52 h2 h65 h82 h22 h82 h41 h63 h81 h18 h20 h18 h36 h19 h98 h37 h98 h36 h18 h81 h63 h94 h59 h11 h10 h11 h10 h9 h11 h10 h9 h10 h9 h3 h56 h4 h56 h3 h9 h11 h59 h94 h63 h81 h18 h36 h46 h45 h25 h45 h74 h87 h75 h39 h75 h87 h74 h45 h84 h66 h85 h24 h85 h66 h84 h66 h85 h24 h85 h66 h26 h67 h0 h42 h68 h43 h68 h44 h23 h33 h23 h44 h68 h42 h0 h67 h21 h58 h2 h65 h82 h64 h35 h47 h35 h64 h35 h64 h82 h41 h94 h59 h12 h93 h16 h62 h92 h49 h92 h17 h80 h63 h81 h18 h20 h97 h27 h97 h20 h18 h81 h63 h41 h82 h65 h2 h52 h1 h57 h8 h5 h8 h6 h8 h57 h1 h7 h1 h0 h42 h68 h44 h23 h33 h34 h32 h72 h31 h72 h30 h32 h71 h69 h23 h44 h68 h42 h0 h67 h21 h58 h2 h65 h82 h41 h63 h81 h18 h50 h18 h81 h63 h41 h63 h81 h18 h50 h18 h81 h63 h41 h82 h41 h63 h81 h18 h50 h18 h81 h63 h41 h82 h65 h2 h58 h21 h67 h0 
40
h1 h1
h6 h6 h3
h2 h2
h22 h22
h41 h41
h18 h18
h20 h20
h36 h36
h19 h19
h37 h37
h11 h11
h10 h16 h15 h10 h13
h9 h14 h9
h4 h4
h46 h46
h45 h45
h25 h25
h39 h39
h24 h29 h24
h26 h26
h42 h42
h43 h43
h44 h44
h23 h23
h33 h38 h33
h21 h21
h35 h48 h35
h47 h47
h12 h12
h49 h49
h17 h17
h27 h40
h8 h8
h5 h5
h7 h7
h34 h34
h32 h32
h31 h31
h30 h30
h50 h50 h27 h28
