Alena Riley Miah Ciara Alena Riley Jamiya Susan Alena Nia Vivian Natalee Maggie Mira Alena Bryanna Heather Cloe Tamia Kaila Riley Brooklyn Paulina Tania Kenzie Kaley Rebecca Aryana Alena Rebecca Aryana Alexus Rebecca Mireya Lainey Jasmin Kaley Alena 
18
Alena Alena
Miah Miah
Ciara Ciara
Jamiya Jamiya
Nia Nia
Natalee Natalee
Mira Mira
Bryanna Bryanna
Heather Heather
Cloe Cloe
Kaila Kaila
Brooklyn Brooklyn
Tania Tania
Kaley Jade Kaley
Aryana Aryana Lucille
Alexus Alexus
Mireya Mireya
Jasmin Jasmin
