steward exotic company hide company basketball exotic farewell line tin linear skip fuss ballot childish minimize appear creation battery steward deck steward ballot community creation battery steward adult steward concern steward think steward childish belief prove concern pastel fuss top crew ballot steward 
23
exotic exotic
company company
hide hide
basketball basketball
farewell farewell
tin tin
linear linear
skip skip
ballot ballot
childish childish
minimize minimize
appear appear
creation perception creation
battery battery
deck deck
community community
adult adult
concern concern scrap
think think
belief belief
pastel pastel
top top
crew crew
