0 5 11 16 22 27 33 37 43 47 43 37 43 47 46 47 43 38 43 47 52 47 48 47 42 41 42 43 44 43 42 36 35 36 42 47 52 57 52 47 43 38 34 38 43 47 46 45 46 47 48 49 48 47 42 36 31 30 31 36 42 46 51 55 56 52 47 43 38 39 38 37 32 26 21 26 32 37 43 47 52 57 63 58 53 47 52 56 61 56 52 47 43 37 33 27 22 17 23 28 29 34 38 43 47 53 58 64 58 53 47 42 37 32 27 22 16 22 27 33 32 37 43 47 52 56 62 66 62 57 53 47 42 36 31 25 20 25 31 36 42 47 52 56 61 65 61 56 52 47 43 37 33 28 24 23 22 27 33 32 37 43 47 53 58 64 69 64 59 54 48 43 37 32 27 23 18 17 16 11 16 22 27 33 38 43 47 52 56 61 65 70 65 61 66 72 77 83 78 74 69 64 59 54 48 43 37 32 26 22 17 13 12 17 16 15 10 15 21 26 32 37 43 48 54 58 63 67 72 76 81 85 81 76 72 67 63 58 54 49 44 38 33 27 22 16 12 7 13 12 17 23 22 27 33 38 44 49 54 58 63 67 73 77 83 87 92 87 83 78 74 69 64 59 54 49 44 38 33 27 22 16 12 6 12 17 23 22 27 33 38 44 49 54 58 63 67 73 78 84 89 84 79 74 69 64 59 54 49 44 38 33 27 22 16 11 5 11 16 22 27 33 38 44 49 54 58 63 67 72 77 82 86 91 86 82 77 73 68 64 59 54 49 44 38 33 27 22 17 13 8 7 13 18 24 29 34 39 44 49 54 58 63 67 72 77 83 88 94 93 92 87 83 78 74 69 64 59 54 49 44 38 33 27 22 16 12 7 2 7 13 18 24 29 34 39 44 49 54 58 63 67 72 76 81 85 90 85 81 76 72 77 83 88 94 99 94 89 84 79 74 69 64 59 54 49 44 38 33 27 22 16 12 7 3 2 1 0 5 11 16 22 27 33 38 44 49 54 59 64 69 74 78 83 87 92 96 92 87 83 78 74 69 64 59 54 49 44 38 33 27 22 16 11 5 0 
50
0 0
5 5
11 11
16 16
37 37
43 43
47 47
46 46
38 38
52 52
48 48
41 41
44 44
35 35
57 57
34 34
45 45
49 49
30 30
55 55
39 39
21 21
63 63
61 61
17 17
29 29
64 64
66 66
20 20
65 65
24 24
69 69
18 18
70 70
83 83
13 13
10 10
85 85
7 7
92 92
6 6
89 89
91 91
8 8
94 94
2 2
90 90
99 99
3 3
96 96
