Nepal Afghanistan Vietnam Nepal NewZealand Serbia Vietnam Fiji Nepal Niger Slovakia Nepal Afghanistan Suriname Belarus Nepal Afghanistan Belgium Botswana Belgium Afghanistan Estonia BosHerzegovina Argentina Nepal Georgia Tajikistan SaintLucia Nepal Kuwait Nepal Afghanistan Liechtenstein Tanzania Nepal Afghanistan Azerbaijan Palau Afghanistan Panama Bahrain VaticanCity UAE Nepal BosHerzegovina Mauritius Niger MarshallIslands Slovakia Nepal 
25
Afghanistan Afghanistan
Vietnam Vietnam
NewZealand NewZealand
Serbia Serbia
Fiji Fiji
Niger Niger
Slovakia Slovakia
Suriname Suriname
Belarus Belarus
Botswana Botswana
Estonia Estonia
Argentina Argentina
Georgia Georgia
Tajikistan Tajikistan
SaintLucia SaintLucia
Kuwait Kuwait
Liechtenstein Liechtenstein
Tanzania Tanzania
Azerbaijan Azerbaijan
Palau Palau
Panama Panama
VaticanCity VaticanCity
UAE UAE
Mauritius Mauritius
MarshallIslands MarshallIslands
