0EzLvznzqSsDTCbR5WWQ 75EgdJC8MacBE2zKZlon 0EzLvznzqSsDTCbR5WWQ cZGUbNgsLGnuZE3Ot20K 0EzLvznzqSsDTCbR5WWQ oFJmSdI9Mubs3awqWY5w 3iRTkaf7suaV2i91D7AI LtVuPtXkki7L0rCf1ysG lEZ0YMvUzTvQYxlTiMir N0EmviMgt156P2Bd7oet IVZaGmLbfT5MQpxXO2DP TWpWLT2JICvczaB6q8Bo hk9ECfFhibg7bmIlco5h 0EzLvznzqSsDTCbR5WWQ wrf0xNKoLGLKfuhe6hpI vgcAaadTbDs3lU9Z1t49 0EzLvznzqSsDTCbR5WWQ b69ITlIgTtPRUIpmSw5o YRtAAkfi0YIaAv0XqGni HET4yE4ksHFmFRytJhfu cZGUbNgsLGnuZE3Ot20K m5Au4RgVgXhOUKbKSdGW pWBi6tyyRZpOm0dbsZfH 4ZMxz7AKccmgx6JK5gZn 3iRTkaf7suaV2i91D7AI I7VRK3VugXxRlgxCe54Q K5LnOJV1Zh18kgMnZsVe hk9ECfFhibg7bmIlco5h LTgssryHh3BZe1w1IMJd tnUjNl6cWuoaXQEfxH4p LS3fS52ozGva9KBtcfZZ 0EzLvznzqSsDTCbR5WWQ 
23
75EgdJC8MacBE2zKZlon 75EgdJC8MacBE2zKZlon
cZGUbNgsLGnuZE3Ot20K cZGUbNgsLGnuZE3Ot20K
oFJmSdI9Mubs3awqWY5w oFJmSdI9Mubs3awqWY5w
3iRTkaf7suaV2i91D7AI idUlMWK1ZaKWh4awCdHY 3iRTkaf7suaV2i91D7AI
LtVuPtXkki7L0rCf1ysG LtVuPtXkki7L0rCf1ysG
lEZ0YMvUzTvQYxlTiMir lEZ0YMvUzTvQYxlTiMir
N0EmviMgt156P2Bd7oet N0EmviMgt156P2Bd7oet
IVZaGmLbfT5MQpxXO2DP IVZaGmLbfT5MQpxXO2DP
TWpWLT2JICvczaB6q8Bo TWpWLT2JICvczaB6q8Bo
hk9ECfFhibg7bmIlco5h j7jI3vJM5SWQs3N9YWK4 hk9ECfFhibg7bmIlco5h
wrf0xNKoLGLKfuhe6hpI wrf0xNKoLGLKfuhe6hpI
vgcAaadTbDs3lU9Z1t49 vgcAaadTbDs3lU9Z1t49
b69ITlIgTtPRUIpmSw5o b69ITlIgTtPRUIpmSw5o
YRtAAkfi0YIaAv0XqGni YRtAAkfi0YIaAv0XqGni
HET4yE4ksHFmFRytJhfu HET4yE4ksHFmFRytJhfu
m5Au4RgVgXhOUKbKSdGW m5Au4RgVgXhOUKbKSdGW
pWBi6tyyRZpOm0dbsZfH pWBi6tyyRZpOm0dbsZfH
4ZMxz7AKccmgx6JK5gZn 4ZMxz7AKccmgx6JK5gZn
I7VRK3VugXxRlgxCe54Q I7VRK3VugXxRlgxCe54Q
K5LnOJV1Zh18kgMnZsVe K5LnOJV1Zh18kgMnZsVe
LTgssryHh3BZe1w1IMJd LTgssryHh3BZe1w1IMJd
tnUjNl6cWuoaXQEfxH4p tnUjNl6cWuoaXQEfxH4p
LS3fS52ozGva9KBtcfZZ LS3fS52ozGva9KBtcfZZ
