IIII1I1 1IIlIIl lII1I11 1IIlIIl IIII1I1 1IIlIIl IIII1I1 11I1lll IIII1I1 IIlIlI1 IIII1I1 II1I1Il 11lI11I IIIllll lIlllll IIII1I1 II111I1 IIII1I1 I1I111I IIII1I1 II1I1Il lIIIllI I1I1111 IIlIIII 1IlII1I 1lI11l1 11IIl1I l1IlIl1 IIII1I1 I1I1111 IIII1I1 lI11l1l IIII1I1 IIII1ll IIII1I1 IlllI11 I11IIlI lI1l1II II1I1Il III1lII l1IlIII IIllIl1 I1I1111 11I1Ill IIIllll IIII1I1 
25
IIII1I1 II1I1Il
1IIlIIl 1IIlIIl
lII1I11 lII1I11
11I1lll 11I1lll
IIlIlI1 IIlIlI1
11lI11I 11lI11I
lIlllll lIlllll
II111I1 II111I1
I1I111I I1I111I
lIIIllI lIIIllI
I1I1111 I1I1111
IIlIIII IIlIIII
1IlII1I 1IlII1I
1lI11l1 1lI11l1
11IIl1I 11IIl1I
l1IlIl1 l1IlIl1
lI11l1l lI11l1l
IIII1ll IIII1ll
IlllI11 IlllI11
I11IIlI I11IIlI
lI1l1II lI1l1II
III1lII III1lII
l1IlIII l1IlIII
IIllIl1 IIllIl1
11I1Ill 11I1Ill
