awsq33VKPi6omYhDxD EEGmmDga qaNF4 a049zYG55Zn66Xbmpdp0 fnMwNw1M6Naw owJxU5AByA1usDUB3gkv nOiawiwD0EH865 23LQ1uFKh B6zwxFUTXP7207OU 23LQ1uFKh nOiawiwD0EH865 4o eh31Ty 9JJWGryKp1iJ5JrjK3 eh31Ty 4o eh31Ty 9JJWGryKp1iJ5JrjK3 qaNF4 EEGmmDga 8AGaG4q0Iof9C Tgw4KRLY56280J0 o2TJY8U Tgw4KRLY56280J0 8AGaG4q0Iof9C EEGmmDga qaNF4 GqPS06 tH7nO948j59TD 10rY1cuVgs XwqXZ5 4o XwqXZ5 EEGmmDga qaNF4 a049zYG55Zn66Xbmpdp0 3AZZS7ZlVKs4rRsl a049zYG55Zn66Xbmpdp0 qaNF4 EEGmmDga XwqXZ5 10rY1cuVgs XwqXZ5 EEGmmDga qaNF4 a049zYG55Zn66Xbmpdp0 3AZZS7ZlVKs4rRsl gE2u1BLhV0VP9W4K FXctIQn9v awsq33VKPi6omYhDxD EEGmmDga XwqXZ5 10rY1cuVgs XwqXZ5 EEGmmDga qaNF4 9NiO9NIt6mT qaNF4 a049zYG55Zn66Xbmpdp0 3AZZS7ZlVKs4rRsl T930LVMZqWnRhtA bIXpEU56v5EwRurYx T930LVMZqWnRhtA 3AZZS7ZlVKs4rRsl Vg 3l6XBJU8C1Vc5ugKIhUy J 3l6XBJU8C1Vc5ugKIhUy J a049zYG55Zn66Xbmpdp0 qaNF4 EEGmmDga gE2u1BLhV0VP9W4K zvAc9Z2d7eDxV LgZ3kgV 5NI1AGh6XyxT39yE eh31Ty 4o XwqXZ5 EEGmmDga awsq33VKPi6omYhDxD 
19
awsq33VKPi6omYhDxD awsq33VKPi6omYhDxD
qaNF4 qaNF4
a049zYG55Zn66Xbmpdp0 a049zYG55Zn66Xbmpdp0
fnMwNw1M6Naw fnMwNw1M6Naw
owJxU5AByA1usDUB3gkv owJxU5AByA1usDUB3gkv
B6zwxFUTXP7207OU B6zwxFUTXP7207OU
4o 4o b88Y9j2qm7Ik9Uc1Akg 5NI1AGh6XyxT39yE t4g038uD0J7N2MjjK
Tgw4KRLY56280J0 Tgw4KRLY56280J0
o2TJY8U o2TJY8U
tH7nO948j59TD tH7nO948j59TD
10rY1cuVgs 10rY1cuVgs IU22L8 e2CQ
3AZZS7ZlVKs4rRsl l 3AZZS7ZlVKs4rRsl
gE2u1BLhV0VP9W4K gE2u1BLhV0VP9W4K
9NiO9NIt6mT 9NiO9NIt6mT
T930LVMZqWnRhtA T930LVMZqWnRhtA
bIXpEU56v5EwRurYx bIXpEU56v5EwRurYx
3l6XBJU8C1Vc5ugKIhUy 3l6XBJU8C1Vc5ugKIhUy
J J
zvAc9Z2d7eDxV zvAc9Z2d7eDxV
