ctUVEJSyNR Z82QDWb0Pr HTp005294X IU0Ia8127Z HTp005294X TDmNOuGJBk I4iTN5KXjB BtCEVbHoQI VbPBW7rmhF MuYreynm57 f91pUtm9EZ MuYreynm57 VbPBW7rmhF QwY2G6aX6c 8Jejdr7ynm sY3UqAEMG3 KMo4YIX1eu zUWT7uduzq KMo4YIX1eu sY3UqAEMG3 HG8olhhcTZ sY3UqAEMG3 MzId8uwrPz pxgZ5VHtpD 6lpxgUxCxO pxgZ5VHtpD MzId8uwrPz KMo4YIX1eu T3o9dNVbcG ctUVEJSyNR vZijjgnvKU gLI8ArV2Ui vZijjgnvKU ctUVEJSyNR Z82QDWb0Pr ctUVEJSyNR Z82QDWb0Pr T3o9dNVbcG BtCEVbHoQI VbPBW7rmhF UphA2uAaYC VbPBW7rmhF BtCEVbHoQI T3o9dNVbcG RLF9v27sOQ VbPBW7rmhF UphA2uAaYC VbPBW7rmhF MuYreynm57 osdKgXyg1e gLI8ArV2Ui oPQmRUijH5 gLI8ArV2Ui N4DMbR59L3 qg08r1Pg6g uVIshS2g8a VBTKstUXwG 8UaR4YpZys VBTKstUXwG HTp005294X Z82QDWb0Pr ctUVEJSyNR 
22
Z82QDWb0Pr Z82QDWb0Pr 7d3UA4fKWz U5XdtBFGOe
IU0Ia8127Z IU0Ia8127Z
TDmNOuGJBk TDmNOuGJBk
I4iTN5KXjB I4iTN5KXjB
BtCEVbHoQI BtCEVbHoQI
MuYreynm57 MuYreynm57
f91pUtm9EZ f91pUtm9EZ
QwY2G6aX6c QwY2G6aX6c
8Jejdr7ynm 8Jejdr7ynm
zUWT7uduzq zUWT7uduzq
HG8olhhcTZ HG8olhhcTZ
MzId8uwrPz MzId8uwrPz
6lpxgUxCxO 6lpxgUxCxO
T3o9dNVbcG T3o9dNVbcG
gLI8ArV2Ui gLI8ArV2Ui
UphA2uAaYC UphA2uAaYC vzXeZbLrSW
RLF9v27sOQ RLF9v27sOQ
osdKgXyg1e osdKgXyg1e
oPQmRUijH5 oPQmRUijH5
qg08r1Pg6g qg08r1Pg6g
VBTKstUXwG VBTKstUXwG
8UaR4YpZys 8UaR4YpZys
