Jacksonville Atlanta Louisville Arlington Portland Arlington Oakland Albuquerque Oakland Miami Charlotte LasVegas Charlotte Miami SanAntonio Detroit Columbus Detroit Columbus Detroit FortWorth OklahomaCity Arlington Milwaukee Austin Raleigh Memphis Raleigh LosAngeles Raleigh Austin Milwaukee Tulsa Detroit Columbus Houston Philadelphia Chicago Minneapolis Chicago ColoradoSprings VirginiaBeach ColoradoSprings Houston Philadelphia Oakland Miami Charlotte SanFrancisco Charlotte Miami SanAntonio Boston OklahomaCity Phoenix Oakland Miami Charlotte SanFrancisco Nashville VirginiaBeach ColoradoSprings Houston Columbus Seattle LasVegas LongBeach Baltimore SanJose Indianapolis Raleigh Austin Milwaukee Jacksonville 
22
Jacksonville Jacksonville
Atlanta Atlanta
Louisville Louisville
Portland Portland
Albuquerque Albuquerque
LasVegas LasVegas
Columbus Columbus Tucson
FortWorth FortWorth
Austin Austin
Memphis Memphis
LosAngeles LosAngeles
Tulsa Tulsa
Philadelphia Philadelphia
Minneapolis Minneapolis
VirginiaBeach VirginiaBeach ElPaso
SanFrancisco SanFrancisco Fresno
Boston Boston
Phoenix Phoenix
Seattle Seattle
LongBeach LongBeach
SanJose SanJose
Indianapolis Indianapolis
