BatonRouge Atlanta Arvada Burbank Abilene Aurora BatonRouge Bryan Buffalo Bethlehem Aberdeen Anchorage Atlanta AtlanticCity Boulder AnnArbor Bradenton Albuquerque Amarillo Barnstable Boston Albany AnnArbor BatonRouge Burbank Bryan Berkeley Cambridge BatonRouge Aberdeen BatonRouge Birmingham BatonRouge Bellevue BoiseCity Bellevue Beaumont BatonRouge 
25
BatonRouge BatonRouge
Atlanta Atlanta
Arvada Arvada
Burbank Burbank
Abilene Abilene
Aurora Aurora
Bryan Bryan
Buffalo Buffalo
Bethlehem Bethlehem
Aberdeen Aberdeen
Anchorage Anchorage
AtlanticCity AtlanticCity
Boulder Boulder
AnnArbor AnnArbor
Bradenton Bradenton
Albuquerque Albuquerque
Amarillo Amarillo
Barnstable Barnstable
Boston Boston
Albany Albany
Berkeley Berkeley
Cambridge Cambridge
Birmingham Birmingham
BoiseCity BoiseCity
Beaumont Beaumont
