E5QfM 3rGcS GLYoA 3rGcS KtuGJ beqJL lPMDV 8TDB7 nRWIs 8TDB7 eo9RR g7UFE 4HmGm lGTR3 bgK6r uUlBE UAJ0O hWCGd 05SJr 3rGcS sBCEV Ln4EG gMApe f1Y6z gMApe XWn9g gMApe f1Y6z gMApe kK9KO gMApe f1Y6z hSuE9 jGP1H hEy3K i0LV1 8TDB7 VzbsN 8TDB7 76Tmp E5QfM 
23
3rGcS 3rGcS
GLYoA GLYoA
KtuGJ KtuGJ
beqJL beqJL
lPMDV lPMDV
8TDB7 8TDB7
nRWIs nRWIs
eo9RR eo9RR
4HmGm 4HmGm
lGTR3 lGTR3
bgK6r bgK6r
uUlBE uUlBE
UAJ0O UAJ0O
hWCGd hWCGd
05SJr 05SJr
sBCEV sBCEV
Ln4EG Ln4EG
f1Y6z PqcOh f1Y6z wJ1Uh
kK9KO kK9KO
jGP1H jGP1H
i0LV1 i0LV1
VzbsN VzbsN
76Tmp 76Tmp
