0 1 3 8 17 36 17 35 17 8 3 1 0 2 6 14 29 14 6 13 28 13 6 14 30 14 6 2 0 1 3 7 15 32 15 31 15 7 16 33 16 7 3 1 0 2 5 12 26 12 5 2 0 1 3 8 18 38 18 37 18 8 3 1 0 2 5 12 25 12 5 2 6 13 27 13 6 2 0 1 4 10 21 44 21 43 21 10 22 45 22 10 4 9 20 41 20 42 20 9 19 39 19 40 19 9 4 10 22 45 22 10 4 1 3 7 16 34 16 7 3 1 0 2 5 11 23 48 23 47 23 11 24 49 24 11 5 2 0 
24
36 36
35 35
29 29
28 28
30 30
32 32
31 31
33 33
26 26
38 38
37 37
25 25
27 27
44 44
43 43
45 46 45
41 41
42 42
39 39
40 40
34 34
48 48
47 47
49 49
