Donner Tallahassee Old Iowa Foothill Gilman Recreational Phoenix Haas Cyclotron North Wurster Illinois Ishi Life Gayley Donner Helena Juneau Optometry Donner Haste Donner Providence Donner Santa McCone Life Minnesota Donner 
24
Donner Donner
Tallahassee Tallahassee
Old Old
Iowa Iowa
Foothill Foothill
Gilman Gilman
Recreational Recreational
Phoenix Phoenix
Haas Haas
Cyclotron Cyclotron
North North
Wurster Wurster
Illinois Illinois
Ishi Ishi
Life Life Topeka
Gayley Gayley
Helena Helena
Juneau Juneau
Optometry Optometry
Haste Haste
Providence Providence
Santa Santa
McCone McCone
Minnesota Minnesota
