Burlington Honolulu Burlington Independence Burlington Honolulu Burlington Independence Burlington Independence Burlington Clarke Burlington Killeen Burlington Killeen Burlington Amarillo Burlington Amarillo Burlington Amarillo Burlington Honolulu Burlington Louisville Burlington Cambridge Merced Hampton Columbus Miramar Rapids Naperville Myrtle Greenville Prairie Julian McAllen Costa Buffalo Cambridge Burlington 
18
Honolulu Denver Honolulu Davenport
Independence Chicago Hayward Independence
Clarke Clarke
Killeen Killeen Chattanooga
Amarillo Amarillo Bridgeport Cedar
Louisville Louisville
Cambridge Cambridge
Merced Merced
Hampton Hampton
Columbus Columbus
Miramar Miramar
Rapids Rapids
Naperville Naperville
Myrtle Myrtle
Greenville Greenville
Prairie Prairie
McAllen McAllen
Buffalo Buffalo
