LegendsAquaticCenter DurantHall LegendsAquaticCenter GolbousPlace LegendsAquaticCenter ValleyLifeSciencesBu LegendsAquaticCenter MemorialGlade LegendsAquaticCenter EucalyptusGrove LewisHall CITRIS SodaHall LeConteHall LawSchool EllsworthParkingStru StarrEastAsianLibrar LevineFrickeSoftball GoldmanField SatherTower InvestigativeReporti NorthField SoutheastAsianStudie LegendsAquaticCenter 
19
LegendsAquaticCenter NorthGateHall LegendsAquaticCenter
DurantHall DurantHall
GolbousPlace GolbousPlace
ValleyLifeSciencesBu ValleyLifeSciencesBu
MemorialGlade MemorialGlade
EucalyptusGrove EucalyptusGrove
LewisHall LewisHall
CITRIS CITRIS
SodaHall SodaHall
LeConteHall LeConteHall
LawSchool LawSchool
EllsworthParkingStru EllsworthParkingStru
StarrEastAsianLibrar StarrEastAsianLibrar
LevineFrickeSoftball LevineFrickeSoftball
GoldmanField GoldmanField
SatherTower SatherTower
InvestigativeReporti InvestigativeReporti
NorthField NorthField
SoutheastAsianStudie SoutheastAsianStudie
