Zeus Sven Zeus Braum Zeus Braum Dazzle Renekton Zeus Braum Zeus Blitzcrank Zeus Syndra Zeus Axe Zeus Slardar Zeus Lycan Lulu Lycan Zeus ElderTitan Zeus Bloodseeker Zeus Twitch EmberSpirit Leshrac TreantProtector Nocturne Xayah Zeus 
19
Zeus Zeus
Sven Sven
Braum Braum Shen
Dazzle Dazzle
Renekton Renekton
Blitzcrank Blitzcrank
Syndra Syndra
Axe Axe
Slardar Slardar
Lycan Lycan
Lulu Lulu
ElderTitan ElderTitan
Bloodseeker Bloodseeker
Twitch Twitch
EmberSpirit EmberSpirit
Leshrac Leshrac
TreantProtector TreantProtector
Nocturne Nocturne
Xayah Xayah
