Liam Jaxon James Samuel Liam Jaxon David Matthew Jaxon Liam Benjamin Liam Jacob Liam Benjamin Liam Jaxon Aiden Jaxon Matthew Joseph Noah Mason Samuel Liam Benjamin Wyatt Dylan Noah Mason Samuel Alexander Samuel Alexander Samuel Mason Elijah Mason Samuel Julian Lucas Liam Jaxon Matthew Joseph Andrew Lucas Liam Benjamin Nathan Jackson Nathan Jackson Nathan Daniel Wyatt Benjamin Liam Jaxon Sebastian Mason Elijah Mason Samuel Liam 
18
Liam Liam
James James
Samuel Carter Samuel
David David
Matthew Michael Matthew
Benjamin Benjamin
Jacob Jacob
Aiden Aiden
Joseph Joseph
Noah Noah Logan
Mason Mason
Wyatt Wyatt
Alexander Henry Alexander
Elijah Elijah William
Lucas Ethan Oliver
Jackson Jackson Lucas
Daniel Daniel
Sebastian Sebastian
