Shower0 Toilet12 Puppy19 Websites24 YouTube4 Ice42 YouTube4 Websites24 Nuclear43 Websites24 Monster32 Elevator35 Rollers40 Sink37 Rollers40 Shower0 Robot49 Cat44 Light1 Cat44 Toilet45 Shower0 Robot49 Fence29 BBQ36 Fence29 Robot49 Shower0 Websites15 Laptop22 Rollers40 Sink37 Websites15 Laptop22 Shower0 Cone13 Shower0 Ice30 Shower0 Ice30 Shower0 Ice30 Shower0 Ice30 Shower0 Ice30 Shower0 Ice30 Plants3 BBQ38 Shower0 
18
Shower0 Ice30
Puppy19 Puppy19
YouTube4 YouTube4
Ice42 Ring33
Nuclear43 Nuclear43
Monster32 Monster32
Elevator35 Elevator35
Sink37 Android27 Sink37
Robot49 Robot49
Cat44 Cat44
Light1 Light1
Toilet45 Mail41
BBQ36 BBQ36
Laptop22 Allergies7 Laptop22
Cone13 Cone13
Ice30 Toilet26 Ice42 Crab16 Prints25 Toilet45 Soda18
Plants3 Plants3
BBQ38 BBQ38
