FleaBottom TheAturanEmpire GringottsBank TheAturanEmpire HighGarden TheGreatDivide Dagobah Westopolis Arkham RockofKuthian Severen UtgardMountain Tartarus SatishVille TheGreatDivide TheBurningPlains TheGreatDivide SatishVille Tartarus Glimthain Yunkai HighGarden Batcave HighGarden Batcave HighGarden TheGreatDivide TheBurningPlains TheGreatDivide HighGarden Batcave GringottsBank Severen RockofKuthian CrastersKeep Carvahall Accrington Carvahall BorginBurkes Tartarus Bobbingbourne Tartarus Bobbingbourne Tartarus Lorien ShriekingShack CrastersKeep Ebonfall CrastersKeep ShriekingShack CrastersKeep RockofKuthian Urubaen Toperhagen Vintas Vroengard Ademre Carvahall TheVale Severen MinistryofMagic Yll HighGarden TheAturanEmpire FleaBottom 
20
GringottsBank GringottsBank
HighGarden HighGarden
TheGreatDivide TheGreatDivide
Westopolis Westopolis
Arkham Arkham
UtgardMountain UtgardMountain
SatishVille SatishVille
TheBurningPlains TheBurningPlains Olivanders
Glimthain Glimthain
Batcave TheBoilingRock Eggmanland Batcave
Accrington Accrington
Bobbingbourne Trebon Bobbingbourne
ShriekingShack Coalwatch ShriekingShack
Ebonfall Ebonfall
Urubaen Urubaen
Vintas Vintas
Ademre Ademre
TheVale TheVale
MinistryofMagic MinistryofMagic
Yll Yll
