1FoundersRock 19SouthHall 1FoundersRock 22Unit2 1FoundersRock 25Foothill 1FoundersRock 28SodaHall 1FoundersRock 34Martinez 1FoundersRock 37OtherCoop 1FoundersRock 18NorthGate 1FoundersRock 17Wheeler 1FoundersRock 20Ehrman 1FoundersRock 27InternationalHouse 1FoundersRock 30Stonefire 1FoundersRock 32DeltaPhiEpsilon 1FoundersRock 35ChanningBowdwitch 1FoundersRock 24Blackwell 1FoundersRock 23Unit3 1FoundersRock 29VarsityBerkeley 1FoundersRock 33Wada 1FoundersRock 38RajProperties 1FoundersRock 16Giannini 1FoundersRock 21Unit1 1FoundersRock 26ClarkKerr 1FoundersRock 31Hillegass 1FoundersRock 39SanFransisco 40Oaktown 1FoundersRock 36CasaZimbabwe 1FoundersRock 
25
19SouthHall 19SouthHall
22Unit2 22Unit2
25Foothill 25Foothill
28SodaHall 28SodaHall
34Martinez 34Martinez
37OtherCoop 37OtherCoop
18NorthGate 18NorthGate
17Wheeler 17Wheeler
20Ehrman 20Ehrman
27InternationalHouse 27InternationalHouse
30Stonefire 30Stonefire
32DeltaPhiEpsilon 32DeltaPhiEpsilon
35ChanningBowdwitch 35ChanningBowdwitch
24Blackwell 24Blackwell
23Unit3 23Unit3
29VarsityBerkeley 29VarsityBerkeley
33Wada 33Wada
38RajProperties 38RajProperties
16Giannini 16Giannini
21Unit1 21Unit1
26ClarkKerr 26ClarkKerr
31Hillegass 31Hillegass
39SanFransisco 39SanFransisco
40Oaktown 40Oaktown
36CasaZimbabwe 36CasaZimbabwe
