liverance coulde liverance kamencheh oversleeps handballer moderatrix wellbores tortillons refortify shutter catabolism hypanthium asterisk studiously bywoners jitterbugs lethiferal pontage hatrail achieve tightening otate Akkub pallia metamere liverance 
25
liverance liverance
coulde coulde
kamencheh kamencheh
oversleeps oversleeps
handballer handballer
moderatrix moderatrix
wellbores wellbores
tortillons tortillons
refortify refortify
shutter shutter
catabolism catabolism
hypanthium hypanthium
asterisk asterisk
studiously studiously
bywoners bywoners
jitterbugs jitterbugs
lethiferal lethiferal
pontage pontage
hatrail hatrail
achieve achieve
tightening tightening
otate otate
Akkub Akkub
pallia pallia
metamere metamere
