Wrightsville Hsinchu Rauna Maywood Progress Metz Leeuwarden Palopo Pljevlja Golubac Bayonne Necochea Changde Ayacucho Temirtau Wrightsville Irvington Sayhut Wrightsville Gevgelija Coihaique Wrightsville Rivas Wrightsville Zanzibar Wrightsville Ljutomer Wrightsville Praya Wrightsville Gemena Wrightsville Mzimba Wrightsville Asti Wrightsville 
25
Hsinchu Hsinchu
Rauna Rauna
Maywood Maywood
Progress Progress
Metz Metz
Leeuwarden Leeuwarden
Palopo Palopo
Pljevlja Pljevlja
Golubac Golubac
Bayonne Bayonne
Necochea Necochea
Changde Changde
Ayacucho Ayacucho
Temirtau Temirtau
Irvington Irvington
Sayhut Sayhut
Gevgelija Gevgelija
Coihaique Coihaique
Rivas Rivas
Zanzibar Zanzibar
Ljutomer Ljutomer
Praya Praya
Gemena Gemena
Mzimba Mzimba
Asti Asti
