Soda Senior Pitzer Soda Koshland Hildebrand DoeLibrary LifeSciences McCone Soda Foothill Soda Wellman Soda Hertz Soda Blackwell Soda Bowles Soda Haste Stanley Soda Giannini Soda Cheit Morgan Soda HaasPavilion Soda Wheeler Boalt Dwinelle Stern Moses Wheeler Soda 
23
Senior Senior
Pitzer Pitzer
Koshland Koshland
Hildebrand Hildebrand
DoeLibrary DoeLibrary
LifeSciences LifeSciences
McCone McCone
Foothill Foothill
Wellman Wellman
Hertz Hertz
Blackwell Blackwell
Bowles Bowles
Haste Haste
Stanley Stanley
Giannini Giannini
Cheit Cheit
Morgan Morgan
HaasPavilion HaasPavilion
Wheeler Wheeler Jacobs
Boalt Boalt
Dwinelle Dwinelle
Stern Stern
Moses Moses
