SusanneJohnBerrios SpencerCourtneyBroth LaquitaJohnBrunette ClaudiaDavidTaylor JuanDebbieAllen ClaudiaDavidTaylor GarryDavidKingery JuliaMollieHernandez SallyJamesGibson MattieBarbaraEkstrom StephanieAaronWalker MaryFrankieWomack DougHelenHornbeck SusanneJohnBerrios SallyJamesGibson HarryNeilFranklin DouglasRobertFerkovi RalphClydeMills ClaudiaDavidTaylor SusanneJohnBerrios SallyJamesGibson AntonioGeraldBaker SallyJamesGibson JorgeHeatherSamuels JuliaLindaGordon DorothyDavidStromme JudithConstanceDelaf FernandoLindaWatson SallyJamesGibson DinahCatherineFaulkn SandraBethSellers RubyLelandCollard DouglasRobertFerkovi SusanneJohnBerrios 
20
SpencerCourtneyBroth SpencerCourtneyBroth
LaquitaJohnBrunette LaquitaJohnBrunette
ClaudiaDavidTaylor ClaudiaDavidTaylor
JuanDebbieAllen JuanDebbieAllen
GarryDavidKingery GarryDavidKingery
JuliaMollieHernandez JuliaMollieHernandez
MattieBarbaraEkstrom MattieBarbaraEkstrom
StephanieAaronWalker StephanieAaronWalker
MaryFrankieWomack MaryFrankieWomack
DougHelenHornbeck DougHelenHornbeck
HarryNeilFranklin HarryNeilFranklin
DouglasRobertFerkovi MonteMonicaLum DouglasRobertFerkovi
RalphClydeMills RalphClydeMills
AntonioGeraldBaker AntonioGeraldBaker
JorgeHeatherSamuels JorgeHeatherSamuels
JuliaLindaGordon JuliaLindaGordon
DorothyDavidStromme DorothyDavidStromme
FernandoLindaWatson FernandoLindaWatson
DinahCatherineFaulkn DinahCatherineFaulkn
RubyLelandCollard RubyLelandCollard
