Waco SanAntonio Waco OverlandPark AnnArbor Palmdale StPaul Palmdale Clarksville Palmdale LexingtonFa Palmdale FortCollins Palmdale FortWayne Palmdale AthensClarkeCounty Palmdale Birmingham SaltLakeCity Birmingham Palmdale AthensClarkeCounty Palmdale Birmingham Palmdale AthensClarkeCounty Palmdale AthensClarkeCounty Palmdale WestValleyCity Palmdale Birmingham Lincoln Newark SaltLakeCity AnnArbor OverlandPark SterlingHeights Henderson Omaha KansasCity OverlandPark Detroit SaltLakeCity Irving OverlandPark Cary OverlandPark Waco SanAntonio Waco 
18
SanAntonio SanAntonio MorenoValley
AnnArbor AnnArbor
Palmdale Palmdale
StPaul StPaul
Clarksville Clarksville
LexingtonFa LexingtonFa
FortCollins FortCollins
FortWayne FortWayne
AthensClarkeCounty SanFrancisco OWO AthensClarkeCounty Richmond
SaltLakeCity ChulaVista Rochester SaltLakeCity
WestValleyCity SanBernardino Stamford
Lincoln Lincoln
Newark Newark
SterlingHeights SterlingHeights
Omaha Omaha
Detroit Detroit
Irving Irving
Cary Cary
