Kaimganj MilpaAlta GobernadorGalvez Tsirang MilpaAlta Kaimganj Fagaras Kaimganj Isakogorka Yucheng Malaybalay Dankov Marseille Novopokrovskaya GobernadorGalvez Tsirang GobernadorGalvez Tsirang MilpaAlta Anahuac MilpaAlta Tocache MilpaAlta Pinas Karasuyama Pinas Tocache MilpaAlta Kaimganj Leixlip Kaimganj MilpaAlta Gobo MilpaAlta PinhalNovo MilpaAlta GobernadorGalvez MilpaAlta PinhalNovo MilpaAlta GobernadorGalvez Narangba GobernadorGalvez Novopokrovskaya Mesa EncarnaciondeDiaz Mesa Vagonoremont Albi Jalaun MontecatiniTerme MilpaAlta Kaimganj Fagaras Pilibhit Irvine Pilibhit Fagaras Kaimganj Isakogorka Yucheng Tsukawaki Yucheng Isakogorka Kaimganj 
21
MilpaAlta MilpaAlta
GobernadorGalvez GobernadorGalvez
Tsirang Korolev Brecht Tsirang
Fagaras Fagaras
Isakogorka Isakogorka
Yucheng Yucheng
Dankov Dankov
Novopokrovskaya Novopokrovskaya
Anahuac Anahuac
Tocache Fandriana Tocache
Karasuyama Karasuyama
Leixlip Leixlip
Gobo Gobo
PinhalNovo PinhalNovo Racine
Narangba Narangba
EncarnaciondeDiaz EncarnaciondeDiaz
Albi Albi
MontecatiniTerme MontecatiniTerme
Pilibhit Pilibhit
Irvine Irvine
Tsukawaki Tsukawaki
