Acadia Biscayne Cuyahoga Clark Canyonlands Brycecanyon Glacier Gunnison Basin Kenai Voyageurs Smoky Lassen Channel Lassen Crater Olympic Arches Olympic Crater Rocky Caverns Congaree Cuyahoga Biscayne Acadia Capitol Acadia Guadalupe Isle Kenai Voyageurs Bend Tortugas Gunnison Katmai Denali Teddy Haleakala Shenandoah Badlands Crater Olympic Saguaro Gateway Saguaro Voyageurs Mammoth Everglades Mammoth Guadalupe Acadia 
23
Biscayne Biscayne
Cuyahoga Cuyahoga
Canyonlands Canyonlands
Brycecanyon Brycecanyon
Glacier Glacier
Gunnison Gunnison
Basin Basin
Smoky Smoky
Channel Channel
Crater Indiana Crater
Arches Arches
Caverns Caverns
Congaree Congaree
Capitol Capitol
Guadalupe Guadalupe
Isle Teton Isle
Bend Bend
Tortugas Tortugas
Denali Denali
Haleakala Haleakala
Badlands Badlands
Gateway Gateway
Everglades Everglades
