Loc0 Loc2 Loc0 Loc4 Loc0 Loc14 Loc0 Loc14 Loc0 Loc14 Loc0 Loc45 Loc0 Loc45 Loc0 Loc45 Loc0 Loc1 Loc0 Loc25 Loc12 Loc14 Loc24 Loc34 Loc44 Loc9 Loc0 Loc29 Loc0 Loc49 Loc33 Loc23 Loc0 Loc47 Loc12 Loc39 Loc21 Loc31 Loc21 Loc39 Loc12 Loc0 Loc7 Loc11 Loc20 Loc8 Loc16 Loc8 Loc3 Loc22 Loc32 Loc0 
20
Loc2 Loc2
Loc4 Loc4
Loc14 Loc27 Loc14 Loc41 Loc30
Loc45 Loc37 Loc15 Loc45
Loc1 Loc1
Loc25 Loc25
Loc34 Loc34
Loc9 Loc9
Loc29 Loc29
Loc49 Loc49
Loc23 Loc23
Loc47 Loc47
Loc39 Loc39
Loc21 Loc21
Loc31 Loc31
Loc7 Loc7
Loc20 Loc20
Loc16 Loc16
Loc3 Loc3
Loc32 Loc32
