Lesnoy GatesNorth Lesnoy Hueytown Franceville Beveren Sun Beveren Stade Portogruaro Artur Portogruaro Beveren Zgorzelec Beveren Meerut Gisborne Ken Brentwood Hueytown Malaut Beveren Malaut Beveren Kundla Beveren Ishim Gisborne Franceville Hueytown Blackpool Gisborne Winsford Gisborne Pingyi Gisborne Dharmapuri Gisborne Glogovac Andijon Yangambi Beveren Sungurlu Lesnoy 
22
Lesnoy Lesnoy
GatesNorth GatesNorth
Hueytown Hueytown
Franceville Rutherglen Franceville
Sun Sun
Stade Stade
Portogruaro Portogruaro Hudiksvall
Artur Artur
Zgorzelec Zgorzelec
Meerut Meerut
Gisborne Gisborne
Brentwood Brentwood
Malaut Malaut Visitacion
Kundla Kundla
Ishim Ishim
Blackpool Blackpool
Winsford Winsford
Pingyi Pingyi
Dharmapuri Dharmapuri
Glogovac Glogovac
Yangambi Yangambi
Sungurlu Sungurlu
