Clearnesse Foxvale Corbank Violetley Newby Courtwall Morwall Oakmere Clearnesse Valhaven Clearnesse Freyview Goldwyvern Clearnesse Eriwall Clearnesse Foxhaven Clearnesse Ironshore Clearnesse Oldmoor Clearnesse Courtcastle Clearnesse Morwald Clearnesse Woodice Clearnesse Butterbush Marbleiron Ironriver Westvale Buttermead Esterfall Dellwyn Clearnesse 
25
Clearnesse clearnesse
Foxvale foxvale
Corbank corbank
Violetley violetley
Newby newby
Courtwall courtwall
Morwall morwall
Oakmere oakmere
Valhaven valhaven
Freyview freyview
Goldwyvern goldwyvern
Eriwall eriwall
Foxhaven foxhaven
Ironshore ironshore
Oldmoor oldmoor
Courtcastle courtcastle
Morwald morwald
Woodice woodice
Butterbush butterbush
Marbleiron marbleiron
Ironriver ironriver
Westvale westvale
Buttermead buttermead
Esterfall esterfall
Dellwyn dellwyn
