0 4 85 90 80 4 65 49 60 39 40 20 14 54 29 55 35 5 85 44 79 94 99 84 89 90 35 37 35 55 58 55 65 67 65 50 80 82 80 40 42 98 52 50 49 32 30 85 88 85 30 33 30 65 68 65 5 8 5 80 83 80 90 92 90 45 48 45 10 13 10 20 23 20 15 18 15 20 95 97 95 5 25 28 25 60 63 60 0 10 12 81 12 10 15 17 16 17 15 55 57 55 85 77 76 77 85 88 47 46 47 45 30 9 7 71 7 9 30 32 31 32 30 50 52 51 52 50 0 10 12 11 12 10 0 85 87 86 87 85 0 
50
4 4
85 85
90 90
80 80
65 65
49 49
60 60
39 39
40 40
20 20
54 54
29 29
55 55
5 5
44 44
79 79
94 94
99 99
84 84
89 89
37 37
58 58
67 67
82 82
42 42
52 52
32 32
88 88
33 33
68 68
8 8
83 83
92 92
48 48
13 13
23 23
18 18
97 97
28 28
63 63
81 81
16 16
57 57
76 76
46 46
71 71
31 31
51 51
11 11
86 86
