1 13 czhzrf 13 2 hkmvzs 2 8 qmdppc 8 qmrpna 8 10 atjnbp 10 itizxl 10 2 wdukvg 2 9 eaxqgg 9 dgndkq 9 12 pecqdq 12 zmlind 12 7 obygpx 7 15 eofvmz 15 ragwaz 15 13 ndksiu 13 11 bvxxxl 11 4 adnqny 4 6 bdkbsl 6 htnufq 6 7 zfpeyb 7 1 mxfjog 1 11 dfkzik 11 4 aiahrn 4 14 enyiik 14 vprasu 14 3 dwtmye 3 fncbor 3 5 xzpwqp 5 jjhfbf 5 1 
30
1 eecyyi
czhzrf czhzrf
hkmvzs hkmvzs
qmdppc qmdppc
qmrpna qmrpna
atjnbp atjnbp
itizxl itizxl
wdukvg wdukvg
eaxqgg eaxqgg
dgndkq dgndkq
pecqdq pecqdq
zmlind zmlind
obygpx obygpx
eofvmz eofvmz
ragwaz ragwaz
ndksiu ndksiu
bvxxxl bvxxxl
adnqny adnqny
bdkbsl bdkbsl
htnufq htnufq
zfpeyb zfpeyb
mxfjog mxfjog
dfkzik dfkzik
aiahrn aiahrn
enyiik enyiik
vprasu vprasu
dwtmye dwtmye
fncbor fncbor
xzpwqp xzpwqp
jjhfbf jjhfbf
