David0 Dawn4 David0 Grace3 David0 Sally1 David0 Timothy2 David0 David5 Robin6 Susan7 Robin6 David5 Gwendolyn9 Dale10 Gwendolyn9 Dale10 Gwendolyn9 Yolanda12 Pamela13 Yolanda12 Michael14 Brandon19 Sandra20 Brandon19 Edward22 Brandon19 Rebecca21 Brandon19 Patricia23 Brandon19 Bree24 Randy25 Henry26 Randy25 Bree24 Willie28 Suzanne29 Willie28 Suzanne29 Willie28 Elizabeth31 Donald32 Elizabeth31 Gladys33 Howard38 Janice39 Howard38 Gladys33 John34 Lionel35 Jane37 Lionel35 Christopher36 Lionel35 John34 Gladys33 Elizabeth31 Willie28 Bree24 Randy25 Henry26 Randy25 Bree24 Brandon19 Michael14 Dorothy15 Kim16 June17 Kim16 Donald18 Kim16 Dorothy15 Michael14 Yolanda12 Gwendolyn9 David5 Robin6 Susan7 Robin6 David5 David0 
21
Dawn4 dawn4
Grace3 grace3
Sally1 sally1
Timothy2 timothy2
Robin6 robin6
Susan7 susan7 tami8
Dale10 paul11 dale10
Pamela13 pamela13
Sandra20 sandra20
Edward22 edward22
Rebecca21 rebecca21
Patricia23 patricia23
Randy25 randy25
Henry26 marvin27 henry26
Suzanne29 ruben30 suzanne29
Donald32 donald32
Janice39 janice39
Jane37 jane37
Christopher36 christopher36
June17 june17
Donald18 donald18
