y1ueyuwp svhmnjst1e jjeivv4j55 f3vyq53xc ywksl5wd svhmnjst1e jjeivv4j55 vehkyi71w q847myi qde64o9i3e 2y9obuu oyoi4md61 f3vyq53xc svhmnjst1e ywksl5wd yida2btlrgcd2it ywksl5wd f3vyq53xc oyoi4md61 vehkyi71w z3qc9ub j2pso94 w4qoh15 jjeivv4j55 95nsenz6 2y9obuu 38s4jyp4eu 2y9obuu rkd38ui5s4 p53u2x9bku99j f3vyq53xc oyoi4md61 3hlob94j5u q847myi jjeivv4j55 w4qoh15 jjeivv4j55 q847myi 8cfvpx26xwcwt rp7qqdx12pxp3 kab7t8o7qjj oyoi4md61 f3vyq53xc kc3zwg52 f3vyq53xc 2bwd2j f3vyq53xc svhmnjst1e umnww3 z3qc9ub quxig9xz2 j2pso94 t9q1ztn8723 qde64o9i3e 31raz5hp9v qde64o9i3e 2y9obuu my85gnmouy 2y9obuu oyoi4md61 f3vyq53xc svhmnjst1e ywksl5wd 8eg2mee b7of9a m48nzuh bmicm4au rp7qqdx12pxp3 9956fi vehkyi71w 7og7qr4t86 svhmnjst1e f3vyq53xc 4cddmu86gmo y1ueyuwp 2bwd2j 6u33i yida2btlrgcd2it mqt67y9n yida2btlrgcd2it 38s4jyp4eu 2y9obuu eq5c5ygub 2y9obuu oyoi4md61 8erlfq u1p7t48fr5 vnsdusp qde64o9i3e uus7jirbe svhmnjst1e yik8cqxn2 svhmnjst1e ngl6ujj91 ehy39 2jba9pca y1ueyuwp 2bwd2j l12pu 2bwd2j f3vyq53xc swoprer f3vyq53xc kch7lui7 vehkyi71w g7pgjjh6 u4xzrfm7f rp7qqdx12pxp3 oso2xmpn1i y1ueyuwp 6irox6z xllfi9b 6irox6z y1ueyuwp oso2xmpn1i nnie92a fhrrge nnie92a oso2xmpn1i y1ueyuwp 
43
svhmnjst1e svhmnjst1e
jjeivv4j55 jjeivv4j55
f3vyq53xc f3vyq53xc
ywksl5wd ywksl5wd
vehkyi71w vehkyi71w
q847myi q847myi
2y9obuu 2y9obuu
yida2btlrgcd2it yida2btlrgcd2it
j2pso94 j2pso94
w4qoh15 w4qoh15
95nsenz6 95nsenz6
38s4jyp4eu 38s4jyp4eu
rkd38ui5s4 rkd38ui5s4
p53u2x9bku99j p53u2x9bku99j
3hlob94j5u 3hlob94j5u
8cfvpx26xwcwt 8cfvpx26xwcwt
kab7t8o7qjj kab7t8o7qjj
kc3zwg52 kc3zwg52
2bwd2j 2bwd2j
umnww3 umnww3
quxig9xz2 quxig9xz2
t9q1ztn8723 t9q1ztn8723
31raz5hp9v 31raz5hp9v
my85gnmouy my85gnmouy
8eg2mee 8eg2mee
bmicm4au bmicm4au
9956fi 9956fi
7og7qr4t86 7og7qr4t86
4cddmu86gmo 4cddmu86gmo
6u33i 6u33i
mqt67y9n mqt67y9n
eq5c5ygub eq5c5ygub
8erlfq 8erlfq
vnsdusp vnsdusp
uus7jirbe uus7jirbe
yik8cqxn2 yik8cqxn2
ehy39 ehy39
l12pu l12pu
swoprer swoprer
kch7lui7 kch7lui7
u4xzrfm7f u4xzrfm7f
xllfi9b xllfi9b
fhrrge fhrrge
