3xgrfvks t42r85mht8ru 4418l7vdyv d3y7jq it92vprqk lrleda it92vprqk d3y7jq b9zxvj22sc d3y7jq it92vprqk d8hwo5pi pxtk2 t42r85mht8ru kr5jy4uyjt it92vprqk nbvknr lrleda ag29aqlop d8hwo5pi 45bp6qh 4418l7vdyv d3y7jq y6571 lrleda m5uyvxo2h lrleda 1huq1df 3xgrfvks ual3asit 3xgrfvks t42r85mht8ru dooatf4 t42r85mht8ru kr5jy4uyjt 4418l7vdyv 4l424khddum 4418l7vdyv 2hmpo9x8v795 uqc3avv5 2hmpo9x8v795 ifmqwyt6x bi2lbvodvw1 okbjywtq4zz9 ho87zq94a914a ag29aqlop lrleda bt3xcgwcd6c 3xgrfvks t42r85mht8ru d5podyx2rn1o t42r85mht8ru 5ed169a5jrt pxtk2 d8hwo5pi z4o91 8evxiqgcp69n z4o91 d8hwo5pi i3la5wvv4 d8hwo5pi ual3asit 3xgrfvks 
23
4418l7vdyv 4418l7vdyv
d3y7jq d3y7jq
it92vprqk it92vprqk
lrleda lrleda
b9zxvj22sc b9zxvj22sc
pxtk2 pxtk2
kr5jy4uyjt kr5jy4uyjt
nbvknr nbvknr
ag29aqlop ag29aqlop
45bp6qh 45bp6qh
m5uyvxo2h m5uyvxo2h
1huq1df 1huq1df
ual3asit ual3asit
dooatf4 dooatf4
4l424khddum 4l424khddum
uqc3avv5 uqc3avv5
ifmqwyt6x ifmqwyt6x
ho87zq94a914a ho87zq94a914a
bt3xcgwcd6c bt3xcgwcd6c
d5podyx2rn1o d5podyx2rn1o
5ed169a5jrt 5ed169a5jrt
8evxiqgcp69n 8evxiqgcp69n
i3la5wvv4 i3la5wvv4
