Hernandezville Joelview Farmerside Gabriellabury Courtneyfurt Morrisbury Courtneyfurt Contrerasland Courtneyfurt Gabriellabury Farmerside Ryanton Williamsmouth Johnstonmouth Williamsmouth Mcdonaldmouth Adkinsfurt Mcdonaldmouth Williamsmouth Ryanton Farmerside Ralphtown Garciaport Charlesburgh Angelaview Charlesburgh Garciaport Ralphtown Stricklandbury Tylermouth Deanstad Tylermouth Stricklandbury Ralphtown Farmerside Joelview Hernandezville Beckyshire Ponceville Bridgesville Riveramouth Martinton Brianland Martinton Deborahfort Martinton Riveramouth Bradshawside Wandaside Bradshawside Riveramouth Bridgesville Esparzaberg Kristinbury Esparzaberg Thomasburgh Johnsonmouth Thomasburgh Sanchezland Thomasburgh Esparzaberg Bridgesville Dennisstad Wilsonburgh Harristown Wilsonburgh Dennisstad Bridgesville Ponceville Mcculloughchester Jonestown Barbarachester Jonesberg Barbarachester Jonestown Kellyfort Tinatown Kellyfort Pittsland Kellyfort Jonestown Barbarachester Jonestown Kellyfort Jonestown Mcculloughchester Ponceville Garymouth Christophertown Crystaltown Johnsontown Crystaltown Christophertown Garymouth Ponceville Bridgesville Riveramouth Bradshawside Riveramouth Bridgesville Dennisstad Wilsonburgh Josephton Wilsonburgh Dennisstad Bridgesville Ponceville Garymouth Camposstad Williamsville Camposstad Donaldstad Thomastown Donaldstad Camposstad Garymouth Ponceville Beckyshire Derekton Wallaceville Morenoside Johnport Morenoside Amberfurt Morenoside Wallaceville Derekton Beckyshire Ponceville Mcculloughchester Crystalchester Smithmouth Crystalchester Mcculloughchester Ponceville Beckyshire Hernandezville Joelview Mitchellchester Lopezmouth Dixonton Francesmouth Richardville Francesmouth Dixonton Keithton Aprilstad Keithton Andrewland Keithton Dixonton Lopezmouth Heathermouth Lopezview Robertsfort Lopezview Heathermouth Emilymouth Heathermouth Lopezmouth Mitchellchester Sheabury Maysfort Huynhton Maysfort Sheabury Mitchellchester Joelview Downsville Richardhaven Tammychester Richardhaven Downsville Williammouth Haasville Williammouth Downsville Richardhaven Tammychester Rebeccaton Tammychester Richardhaven Downsville Joelview Hernandezville Beckyshire Ponceville Mcculloughchester Crystalchester Smithmouth Robertborough Smithmouth Crystalchester Mcculloughchester Ponceville Garymouth Christophertown Crystaltown Christophertown Garymouth Ponceville Bridgesville Esparzaberg Kristinbury Allenberg Kristinbury Esparzaberg Bridgesville Ponceville Beckyshire Derekton Thomaschester Mcfarlandville Belindamouth Mcfarlandville Thomaschester Derekton Beckyshire Hernandezville Joelview Farmerside Gabriellabury Murphyberg Hendersonchester Murphyberg Gabriellabury Farmerside Joelview Hernandezville 
50
Morrisbury morrisbury
Contrerasland contrerasland
Johnstonmouth johnstonmouth
Mcdonaldmouth mcdonaldmouth
Adkinsfurt adkinsfurt
Charlesburgh charlesburgh
Angelaview angelaview
Tylermouth tylermouth
Deanstad deanstad
Martinton martinton
Brianland brianland
Deborahfort deborahfort
Bradshawside bradshawside
Wandaside wandaside
Kristinbury kristinbury
Thomasburgh thomasburgh
Johnsonmouth johnsonmouth
Sanchezland sanchezland
Wilsonburgh wilsonburgh
Harristown harristown
Barbarachester barbarachester
Jonesberg jonesberg
Kellyfort kellyfort
Tinatown tinatown
Pittsland pittsland
Crystaltown crystaltown
Johnsontown johnsontown
Josephton josephton
Williamsville williamsville
Donaldstad donaldstad
Thomastown thomastown
Johnport johnport
Amberfurt amberfurt
Smithmouth smithmouth
Francesmouth francesmouth
Richardville richardville
Keithton keithton
Aprilstad aprilstad
Andrewland andrewland
Lopezview lopezview
Robertsfort robertsfort
Emilymouth emilymouth
Huynhton huynhton
Tammychester tammychester
Haasville haasville
Rebeccaton rebeccaton
Robertborough robertborough
Allenberg allenberg
Belindamouth belindamouth
Hendersonchester hendersonchester
