Taylorville Weberside Eduardotown Sullivanmouth Underwoodborough Sullivanmouth Michaelville Sullivanmouth Eduardotown Weberside Jonesbury Jamestown Jonesbury Lloydton Smithborough Lloydton Stephensonburgh Lloydton Jonesbury Jamestown Jonesbury Weberside Taylorville Alejandroport Deborahfurt Anthonyburgh Martinezfort Anthonyburgh Deborahfurt Jacobberg Foleyhaven Jacobberg Deborahfurt Alejandroport Ashleyland Kathyfort Hawkinsland Ayalabury Hawkinsland Camposstad Hawkinsland Kathyfort Ashleyland Alejandroport Shawnport Mariaview Kristenmouth Alexmouth Kristenmouth Stevenshire Kristenmouth Mariaview Saraport Underwoodmouth Saraport Lewisburgh Saraport Mariaview Shawnport Alejandroport Taylorville Valerietown Johnmouth Kempshire Michaelfort Kempshire Grahambury Johnsonside Grahambury Kempshire Johnmouth Valerietown Stewartberg Tinaville Nicholasshire Tinaville Steventown Tinaville Stewartberg Valerietown Taylorville Weberside Jonesbury Jamestown Jonesbury Weberside Taylorville 
23
Taylorville martinezfort
Underwoodborough underwoodborough
Michaelville michaelville
Jamestown glasston nicholefurt jamestown
Lloydton lloydton
Smithborough smithborough
Stephensonburgh stephensonburgh
Martinezfort ericksonmouth
Foleyhaven foleyhaven
Hawkinsland hawkinsland
Ayalabury ayalabury
Camposstad camposstad
Kristenmouth kristenmouth
Alexmouth alexmouth
Stevenshire stevenshire
Saraport saraport
Underwoodmouth underwoodmouth
Lewisburgh lewisburgh
Michaelfort michaelfort
Grahambury grahambury
Johnsonside johnsonside
Nicholasshire nicholasshire
Steventown steventown
