tepsteinfdkilldlmhns hdepsteinsmdtnflkill ndlepsteinhdtskillfm epsteinthsdmndkillfl nfdhepsteinltsdmkill skilldnmlhdftepstein sltkillfndepsteinmhd htskillepsteindnlfdm hepsteinnfstkilllmdd thmepsteinlkillfsndd nfdhepsteinltsdmkill thmepsteinlkillfsndd nmhdkilltslepsteinfd snldmtkillfepsteindh killepsteintdldshfnm nkillsdtdhfmlepstein epsteinthsdmndkillfl dhlepsteindkillsmtnf lepsteinfdkillsdnmht dhlepsteindkillsmtnf hldmepsteindsnkilltf dmfndhstkillepsteinl hkillmepsteinstdfdnl msnepsteinfkillhtdld epsteinsdfmhltkillnd msnepsteinfkillhtdld fnmhskilldepsteinltd hldmepsteindsnkilltf tmhsnfepsteinldkilld hdepsteinsmdtnflkill thsfnmkilldlepsteind hldmepsteindsnkilltf tmhsnfepsteinldkilld ndlmhepsteintdskillf nlhtdsdepsteinfmkill ndlmhepsteintdskillf tmhsnfepsteinldkilld hdepsteinsmdtnflkill tepsteinfdkilldlmhns killepsteintdldshfnm thmepsteinlkillfsndd nfdhepsteinltsdmkill lepsteinfdkillsdnmht dhlepsteindkillsmtnf killnfhdsdltepsteinm dhlepsteindkillsmtnf killepsteintdldshfnm thsfnmkilldlepsteind fnlskillhtepsteindmd thsfnmkilldlepsteind epsteinthsdmndkillfl thsfnmkilldlepsteind tskillepsteinhfmddnl lepsteinfdkillsdnmht dhlepsteindkillsmtnf mfskillnhlddtepstein epsteindsmnlfdtkillh mfskillnhlddtepstein depsteinkillsfmnldth hdkillfmtslndepstein tepsteinfdkilldlmhns 
25
hdepsteinsmdtnflkill hdepsteinsmdtnflkill
ndlepsteinhdtskillfm ndlepsteinhdtskillfm
epsteinthsdmndkillfl epsteinthsdmndkillfl
nfdhepsteinltsdmkill nfdhepsteinltsdmkill
skilldnmlhdftepstein skilldnmlhdftepstein
htskillepsteindnlfdm htskillepsteindnlfdm
hepsteinnfstkilllmdd hepsteinnfstkilllmdd
thmepsteinlkillfsndd thmepsteinlkillfsndd
snldmtkillfepsteindh snldmtkillfepsteindh
killepsteintdldshfnm killepsteintdldshfnm
nkillsdtdhfmlepstein nkillsdtdhfmlepstein
dhlepsteindkillsmtnf dhlepsteindkillsmtnf
lepsteinfdkillsdnmht lepsteinfdkillsdnmht
hldmepsteindsnkilltf hldmepsteindsnkilltf
hkillmepsteinstdfdnl hkillmepsteinstdfdnl
msnepsteinfkillhtdld msnepsteinfkillhtdld
epsteinsdfmhltkillnd epsteinsdfmhltkillnd
fnmhskilldepsteinltd fnmhskilldepsteinltd
tmhsnfepsteinldkilld tmhsnfepsteinldkilld
ndlmhepsteintdskillf ndlmhepsteintdskillf
nlhtdsdepsteinfmkill nlhtdsdepsteinfmkill
killnfhdsdltepsteinm killnfhdsdltepsteinm
fnlskillhtepsteindmd fnlskillhtepsteindmd
tskillepsteinhfmddnl tskillepsteinhfmddnl
epsteindsmnlfdtkillh epsteindsmnlfdtkillh
