2 11 23 78 2 34 83 24 43 7 99 11 2 59 25 66 28 6 69 61 18 3 81 87 24 5 4 67 62 38 86 14 2 59 44 10 93 66 71 30 89 96 84 7 84 50 51 72 98 99 11 2 83 2 78 60 0 60 71 18 16 79 78 14 29 62 72 53 89 76 35 76 70 41 70 17 65 42 13 77 94 58 47 66 47 49 31 24 89 96 84 1 5 58 95 2 14 86 14 2 11 63 78 87 29 87 74 22 88 84 78 79 16 40 30 89 96 84 2 
50
11 11
23 23
34 34
83 83
24 24
7 7
59 59
25 25
66 66
28 28
69 69
61 61
3 3
81 81
5 5
4 4
67 67
62 62
38 38
86 86
14 14
44 44
10 10
71 71
30 30
96 96
50 50
72 72
98 98
60 60
0 0
16 16
29 29
76 76
35 35
70 70
41 41
17 17
65 65
42 42
13 13
94 94
58 58
47 47
31 31
1 1
63 63
74 74
88 88
40 40
