Soda a a1 a a0 a Soda 50 54 50 Soda a b b1 b c d e e1 e d c b a Soda 50 55 50 Soda a b c d e e0 e d d0 d c b a Soda 50 51 57 51 52 60 52 51 50 Soda a b b0 b c c1 c b a Soda 50 51 52 61 52 51 50 Soda a b c d e f g g1 g f e d d1 d c b a Soda 50 51 58 51 50 Soda a b c c0 c d e f g h h0 h g f e d c b a Soda 66 67 68 69 68 67 66 Soda 50 55 56 55 50 Soda a b c d e f g h h1 h g f e d c b a Soda 66 67 80 81 82 81 80 67 66 Soda 50 51 58 59 58 51 50 Soda a b c d e f f1 f e d c b a Soda 66 67 85 86 87 86 85 67 66 Soda a b c d e f g h i i1 i h g f f0 f e d c b a Soda 50 51 52 53 63 53 52 51 50 Soda 66 67 68 95 96 97 96 95 68 67 66 Soda a b c d e f g g0 g f e d c b a Soda 66 75 76 77 76 75 66 70 71 72 71 70 66 Soda 50 51 52 53 64 53 52 51 50 Soda a b c d e f g h i j k l l0 l k j i h g f e d c b a Soda 66 67 85 86 87 88 89 88 87 86 85 67 66 Soda a b c d e f g h i i0 i h g f e d c b a Soda 50 51 52 61 62 61 52 51 50 Soda 66 67 80 81 82 83 84 83 82 81 80 67 68 90 91 92 93 94 93 92 91 90 68 67 66 Soda a b c d e f g h i j j0 j k l l1 l k j j1 j k k1 k k0 k j i h g f e d c b a Soda 50 51 52 53 64 65 64 53 52 51 50 Soda 66 70 71 72 73 74 73 72 71 70 66 Soda o p r s u w y w u s r p o Soda 66 75 76 77 78 79 78 77 76 75 66 67 68 95 96 97 98 99 98 97 96 95 68 67 66 Soda 
50
a1 a1
a0 a0
54 54
b1 b1
e1 e1
55 55
e0 e0
d0 d0
57 57
60 60
b0 b0
c1 c1
61 61
g1 g1
d1 d1
58 58
c0 c0
h0 h0
69 69
56 56
h1 h1
82 82
59 59
f1 f1
87 87
i1 i1
f0 f0
63 63
97 97
g0 g0
77 77
72 72
64 64
l0 l0
89 89
i0 i0
62 62
84 84
92 92
94 94
j0 j0
l1 l1
j1 j1
k1 k1
k0 k0
65 65
74 74
y y
79 79
99 99
