1 22 63 28 64 7 1 22 63 91 2 1 100 1 2 1 22 29 22 17 1 47 63 62 22 68 1 53 1 90 1 8 1 80 5 80 72 1 99 1 87 1 39 1 77 1 6 1 20 67 46 45 1 81 1 85 1 47 82 22 3 22 35 1 47 26 47 42 1 40 1 61 1 14 1 80 41 64 9 64 76 1 12 1 50 1 58 1 33 1 80 55 94 63 28 16 71 49 19 36 21 62 73 1 
49
1 1
63 63
28 28
64 64
7 7
91 91
2 2 83
100 100
29 29
17 17
62 62
68 68
53 53
90 90
8 8
5 5
72 72
99 99
87 87
39 39
77 77
6 6
67 67
45 45
81 81
85 85
82 82
3 3
35 35
26 26
42 42
40 40
61 61
14 14
41 41
9 9
76 76
12 12
50 50
58 58
33 33
55 55
94 94
16 16
71 71
49 49
19 19
21 21
73 73
