Djibouti Austrian Bangladesh Austrian Bahrain Austrian Baden Austrian Azerbaijan Austrian Djibouti Benin Bolivia Benin Bosnia Benin Brazil Benin Botswana Benin Djibouti Afghanistan Albania Afghanistan Algeria Afghanistan Angola Afghanistan Andorra Afghanistan Djibouti Antigu Australia Antigu Austria Antigu Argentina Antigu Armenia Antigu Djibouti Barbados Belarus Barbados Belize Barbados Djibouti 
23
Austrian austrian
Bangladesh bangladesh
Bahrain bahrain
Baden baden
Azerbaijan azerbaijan
Benin benin
Bolivia bolivia
Bosnia bosnia
Brazil brazil
Botswana botswana
Afghanistan afghanistan
Albania albania
Algeria algeria
Angola angola
Andorra andorra
Antigu antigu
Australia australia
Austria austria
Argentina argentina
Armenia armenia
Barbados bavaria barbados belgium
Belarus belarus
Belize belize
