paint floor paint imported paint complain paint ray paint blade paint fetch indicate simple same paint thumb paint finish paint fetch inherit water wooden paint diligent paint learning paint fling determine stink route fling ambiguous desire measure nutty same ice glamorous paint slam paint rake paint 
25
paint paint
floor floor
imported imported
complain complain
ray ray
blade blade
indicate indicate
same same
thumb thumb
finish finish
inherit inherit
wooden wooden
diligent diligent
learning learning
determine determine
stink stink
route route
ambiguous ambiguous
desire desire
measure measure
nutty nutty
ice ice
glamorous glamorous
slam slam
rake rake
