188645 A5CCB5 35FF16 500783 298FDD EC05F7 4FBDE1 EC05F7 B3243F 1276AF B0C7A5 31D332 DD2694 31D332 35F60D 2C101C E0E349 35FF16 A5CCB5 DBDC9A CEAE00 EC05F7 35F60D 61EDA9 84EBFF 103C70 94D700 410DA1 298FDD 0FBCDC 61EDA9 E09D29 61EDA9 D27DC1 6D778A D27DC1 EC05F7 298FDD A7E9D9 410DA1 70146D D01E6B 70146D EC05F7 539A92 EC05F7 29B2A4 70146D E954F7 410DA1 784F83 410DA1 35F60D 103C70 07D80A C0766C 628AB2 31D332 35F60D B7B073 35F60D AFF8D1 35F60D B86446 8D0852 70146D 9B0EC2 70146D EC05F7 0FB66D FA567E 3ADA02 61EDA9 35F60D EC05F7 FD1783 EC05F7 298FDD 410DA1 CB09C0 B0C7A5 35F60D 3B1041 35F60D 31D332 C98FE7 A5CCB5 35FF16 800641 35FF16 0D7DE7 724A76 CEAE00 B833F0 37F745 7BF2B5 0A5C0E 298FDD 410DA1 4B39CA 19FFAB 0801CC D443EB 1EB422 2F1AB5 9B9BDD 2F1AB5 FF8D45 298FDD 48C2D5 188645 C0766C 143B88 44716B D27DC1 EF4D57 B7B073 A7E9D9 0D7DE7 E954F7 D5356A 3ADA02 61EDA9 D9447D D04F40 DD2694 410DA1 8D0852 D443EB D7CAF9 D443EB 673B36 7E18E9 673B36 DBDC9A 994F93 DBDC9A A5CCB5 188645 0FB66D FA567E 0D7DE7 467AB7 724A76 AA8E14 CEAE00 0FB66D 188645 
50
188645 188645
A5CCB5 A5CCB5
500783 500783
4FBDE1 4FBDE1
1276AF 1276AF
DD2694 DD2694
2C101C 2C101C
DBDC9A DBDC9A
84EBFF 84EBFF
94D700 94D700
0FBCDC 0FBCDC
E09D29 E09D29
6D778A 6D778A
A7E9D9 A7E9D9
D01E6B D01E6B
539A92 539A92
29B2A4 29B2A4
E954F7 E954F7
784F83 784F83
07D80A 07D80A
628AB2 628AB2
B7B073 B7B073
AFF8D1 AFF8D1
8D0852 8D0852
9B0EC2 9B0EC2
0FB66D 0FB66D
3ADA02 3ADA02
FD1783 FD1783
CB09C0 CB09C0
3B1041 3B1041
C98FE7 C98FE7
800641 800641
724A76 724A76
B833F0 B833F0
37F745 37F745
0A5C0E 0A5C0E
19FFAB 19FFAB
D443EB D443EB
9B9BDD 9B9BDD
FF8D45 FF8D45
48C2D5 48C2D5
44716B 44716B
EF4D57 EF4D57
D5356A D5356A
D04F40 D04F40
D7CAF9 D7CAF9
7E18E9 7E18E9
994F93 994F93
467AB7 467AB7
AA8E14 AA8E14
