context satisfaction construction fat force anxiety bit soup reality fat bread aspect bedroom context cell state anxiety satisfaction context road context cell care stress thanks anxiety departure anxiety force soil context force fat store part interaction context attempt context bedroom context force wood recognition ability force context road teaching care currency priority car while cell context 
24
context context
satisfaction satisfaction
construction construction
fat fat
anxiety anxiety
bit bit
reality reality
bread bread
aspect aspect
bedroom farmer bedroom
state state
road road
care care
thanks thanks
departure departure
soil soil
store store
interaction interaction
attempt attempt
wood wood
ability ability
teaching teaching
currency currency
while while
