3 60 97 100 69 63 83 68 83 31 55 90 55 57 55 43 55 83 22 95 32 95 36 95 64 71 64 46 69 53 80 33 91 55 85 93 88 61 25 61 88 93 85 55 27 91 7 86 98 86 54 12 54 38 81 50 34 8 34 9 84 45 84 55 41 83 67 44 14 44 23 44 86 66 47 38 80 73 80 29 80 6 64 75 86 66 86 24 91 52 91 3 12 54 40 54 86 21 3 87 3 91 78 17 78 69 96 69 79 42 82 70 83 58 83 78 1 99 98 86 48 49 48 100 77 15 77 94 77 100 97 76 47 82 19 5 3 
49
60 60
100 100
63 63
68 68
31 31
90 90
57 57
43 43
22 22
32 32
36 36
71 71
46 46
53 53
33 33
25 25
27 27
7 7
98 98
12 12
50 50
8 8
9 9
45 45
41 41
67 67
14 14
23 23
66 56 66
73 73
29 29
6 6
75 75
24 24
52 52
40 40
21 21
87 87
17 17
96 96
42 42
70 70
58 58
1 1
49 49
15 15
94 94
76 76
19 19
