cure land lint land Vichy Allen belch Allen Blackman gas seem atoll item atoll Muscat land Moe land roost loud indignity atoll reflectance atoll Brillouin march stupor march upheld Allen obfuscate land swoop atoll hypotonic gas logjam gas Bridgeport Allen latch Allen Delphi land ineducable march Negroid Wilkinson marquess atoll greet atoll cure 
25
lint lint
Vichy vichy
belch belch
Blackman blackman
seem seem
item item
Muscat muscat
Moe moe
roost roost
indignity indignity
reflectance reflectance
Brillouin brillouin
stupor stupor
upheld upheld
obfuscate obfuscate
swoop swoop
hypotonic hypotonic
logjam logjam
Bridgeport bridgeport
latch latch
Delphi delphi
ineducable ineducable
Negroid negroid
marquess marquess
greet greet
