89 8 40 4 89 8 57 66 41 49 29 57 55 42 55 57 56 16 95 55 42 31 42 55 57 8 50 8 57 66 41 12 41 66 57 8 40 19 40 4 23 4 40 8 50 20 50 8 57 66 41 49 45 49 41 27 40 8 57 66 35 66 41 24 92 16 95 40 8 50 39 50 8 40 4 5 4 40 8 57 47 57 8 40 7 92 18 20 56 57 66 41 49 38 49 41 66 57 56 17 23 4 40 8 57 55 2 55 95 10 95 40 8 94 14 94 8 36 40 4 9 4 28 4 40 8 57 74 44 77 95 40 8 57 56 32 56 57 8 43 8 40 4 23 48 24 7 15 41 66 57 74 44 21 44 77 95 40 8 57 66 34 2 55 66 26 67 57 66 41 24 13 24 3 24 92 16 37 0 92 94 1 94 46 29 57 8 40 27 11 89 8 57 56 30 56 57 8 40 95 33 95 40 8 57 66 41 22 68 57 8 6 8 89 65 82 92 24 25 24 92 82 65 89 
50
8 8
40 40
4 4
41 41
49 49
29 29
42 42
16 16
31 31
50 50
12 12
19 19
23 23
20 20
45 45
27 27
35 35
24 24
39 39
5 5
47 47
7 7
18 18
38 38
17 17
2 2
10 10
14 14
36 36
9 9
28 28
44 44
32 32
43 43
48 48
15 15
21 21
34 34
26 26
13 13
3 3
37 37
1 1
46 46
11 11
30 30
33 33
22 22
6 6
25 25
