Potrero Hume 18th Balsdon Ames Oceanside Merced Banning Fremont Colonnade All Potrero Santa Sherman Ida Sherman Calaveras Potrero Warner Potrero Calaveras Potrero Warner Potrero Chinese Potrero Garden Smoke 18th Linden Potrero Meyers Potrero Woffard Sherman Fiorini Clayton Chinese Laguna Hume Potrero 
22
Potrero potrero
Hume hume
18th 18th
Balsdon balsdon
Ames ames
Oceanside oceanside
Merced merced
Banning banning
Fremont fremont
All all
Santa santa
Ida ida
Calaveras calaveras boulevard
Warner carmel warner
Chinese richvale chinese
Smoke smoke
Linden linden
Meyers meyers
Woffard woffard
Fiorini fiorini
Clayton clayton
Laguna laguna
