0 49 48 47 46 47 48 49 0 2 0 3 0 49 48 47 46 45 46 47 48 49 0 5 0 49 48 47 46 45 44 45 46 47 48 49 0 4 0 49 48 47 46 45 44 43 44 45 46 47 48 49 0 6 7 8 9 10 11 12 13 14 19 14 18 14 20 21 22 23 24 25 26 27 28 33 28 32 28 31 28 27 26 25 24 23 22 21 20 14 17 14 16 14 15 14 20 21 22 23 24 25 26 27 28 30 28 34 35 36 37 38 39 40 41 42 43 44 45 46 47 48 49 0 1 0 49 48 47 46 45 44 43 42 41 40 39 38 37 36 35 34 28 29 28 34 35 36 37 38 39 40 41 42 43 44 45 46 47 48 49 0 
20
47 47
46 46
2 2
3 3
45 45
5 5
44 44
4 4
43 43
19 19
18 18
33 33
32 32
31 31
17 17
16 16
15 15
30 30
1 1
29 29
