S B P 8 T 6 Z 5 I 11 16 R 16 L2 Q2 L2 G2 11 16 R X2 R 16 11 G2 11 Y 11 I 11 16 R X2 Y2 X2 W2 X2 R 16 L2 M2 R2 M2 H2 G2 B2 G2 H2 G2 11 Y 5 H 5 Y 11 16 R X2 Y2 Z2 Y2 X2 R 16 11 Y 5 Z 5 Y 11 16 R X2 73 130 U3 130 73 X2 R 16 11 I B2 C2 B2 G2 L2 Q2 Y2 74 Z3 74 73 X2 R 16 11 Y 9 L 9 Y 11 I 1 V 1 I 11 16 R X2 W2 72 129 58 P3 128 129 72 W2 20 R 16 L2 M2 N2 T2 48 Z2 Y2 X2 73 130 U3 N3 U3 130 73 X2 W2 20 15 Y 5 H 10 T 10 H 5 Y 15 20 W2 72 129 58 M3 58 129 72 W2 20 R 16 11 G2 H2 I2 N2 T2 48 Z2 Y2 X2 W2 23 19 14 9 H 10 X 3 H 5 Y 15 20 W2 72 51 128 P3 F3 131 128 129 72 W2 X2 R 16 11 I B2 C2 D2 C2 B2 I 1 V N V 1 I 11 16 R X2 73 130 U3 N3 V3 N3 U3 130 73 X2 W2 23 22 Q 22 23 W2 20 15 Y 5 Z 6 M 6 Z 5 Y 15 16 R Q2 R2 T2 U2 O2 U2 A3 U2 O2 J2 O2 U2 A3 B3 52 Z3 74 73 72 51 128 P3 64 K3 F3 131 50 Q3 50 51 23 19 14 9 H 3 G 3 H 5 I 1 V N U N V 1 I 11 16 R X2 73 130 54 55 60 66 80 W3 80 66 65 N3 U3 58 129 72 W2 20 15 Y 5 Z 10 T 2 K 2 X 3 H 9 14 19 23 51 128 P3 F3 E3 127 131 128 129 72 73 74 Z3 52 B3 A3 U2 O2 J2 E2 D2 C2 B2 I 1 Z 10 T 8 P 8 T 10 H 9 Y 15 20 W2 72 129 58 M3 64 71 84 H3 84 71 64 P3 128 129 72 W2 20 R 16 11 G2 H2 C2 D2 E2 D2 C2 B2 I 1 Z 10 X W G 3 H 5 Y 15 16 R X2 73 130 54 55 60 66 80 W3 X3 81 80 W3 C3 W3 80 66 65 N3 U3 130 73 X2 R 16 11 I 1 V 6 T 2 K F K 2 X 3 H 9 Y 15 20 W2 72 129 58 M3 64 K3 J3 E3 127 131 128 129 72 W2 20 R 16 11 I 1 V N U D U N V 1 I 11 16 R Q2 R2 Z2 Z3 55 60 66 80 W3 X3 D3 X3 81 80 66 60 55 Z3 Z2 R2 M2 H2 C2 B2 I 1 V 6 T 2 O W G 3 H 9 Y 15 20 R Q2 R2 T2 U2 V2 P2 K2 P2 V2 49 53 A2 63 69 83 82 81 80 79 V3 78 71 70 O3 J3 E3 127 Q3 Q 17 12 7 G 3 H 10 T 8 P B S F K 2 X 3 L 13 18 22 50 131 F3 K3 70 76 91 L3 91 76 84 75 78 M3 58 129 72 W2 20 15 Y 5 Z 6 M 4 C 4 M 6 Z 5 Y 15 20 W2 72 129 58 M3 78 75 92 H3 91 G3 77 76 84 75 85 86 W3 X3 D3 I3 D3 X3 81 67 61 56 52 48 T2 N2 I2 D2 C2 B2 I 1 V N M 8 K J O W G 3 H 5 I B2 C2 H2 M2 R2 Z2 Z3 55 60 66 80 W3 X3 Y3 82 68 62 57 B3 A3 U2 O2 J2 E2 D2 C2 B2 I 1 V N U 4 P F E J O W G 3 H 5 I B2 C2 D2 E2 F2 E2 D2 C2 H2 M2 R2 Z2 Z3 55 60 66 80 W3 C3 107 105 R3 105 107 C3 W3 80 66 60 55 Z3 Z2 R2 M2 H2 C2 B2 I 1 V N U D C B S A S F K 2 X 3 L 13 18 22 50 131 F3 K3 70 76 91 L3 113 117 118 119 120 121 R3 T3 104 I3 D3 X3 81 67 61 56 52 48 T2 N2 I2 D2 C2 B2 I 1 V N U D C B S 
75
B B
P P
T T
Z Z
I I
R R
L2 L2
Q2 Q2
G2 G2
X2 X2
Y Y
Y2 Y2
W2 W2
M2 M2
R2 R2
H2 H2
B2 B2
H H
Z2 Z2
U3 U3
C2 C2
Z3 Z3
L L
V V
P3 P3
N2 N2
T2 T2
N3 N3
M3 M3
I2 I2
X X
F3 F3
D2 D2
N N
V3 V3
Q Q
M M
U2 U2
O2 O2
A3 A3
J2 J2
B3 B3
K3 K3
Q3 Q3
G G
U U
W3 W3
K K
E3 E3
E2 E2
H3 H3
W W
X3 X3
C3 C3
F F
J3 J3
D D
D3 D3
O O
V2 V2
P2 P2
K2 K2
A2 A2
O3 O3
L3 L3
C C
G3 G3
I3 I3
J J
Y3 Y3
E E
F2 F2
R3 R3
A A
T3 T3
