Leah Russell Leah Paula Leah Russell Ruth Russell Leah Ryan Kelly Russell Kristie Lisa Shannon Paula Michael Leah Vicki Cole Adrian Ruth Carol Shannon Rachel Leah Rachel Leah Jon Leah Jennifer Leah Ryan Gary Shannon Alexander Anthony Tiffany David Leah Russell Amanda Russell Megan Paula Leah Russell Brian Russell Kelly Jade Kelly Russell April Paula Javier Paula Kelly Dylan Michael Leah 
24
Russell russell
Paula paula
Ruth ruth
Ryan ryan
Kelly kelly
Lisa lisa
Michael michael
Vicki vicki
Adrian adrian
Carol carol
Rachel jordan rachel
Jon jon
Jennifer jennifer
Gary gary
Alexander alexander
Anthony anthony
David david
Amanda amanda
Megan megan
Brian brian
Jade jade
April april
Javier javier
Dylan dylan
