Glameow Inkay Turtwig Wailord Turtwig Meganium Turtwig Fomantis Mudbray Fomantis Turtwig Meganium Turtwig Inkay Spheal Inkay Spheal Inkay Turtwig Inkay Spheal Inkay Turtwig Fomantis Poochyena Piplup Poochyena Fomantis Turtwig Inkay Spheal Inkay Simisage Glalie Simisage Inkay Spheal Starmie Wartortle Spinarak Wartortle Loudred Yamask Sigilyph Yanma Sigilyph Araquanid Ledian Araquanid Feebas Bergmite Feebas Wailord Cacturne Leavanny Beheeyem Cacturne Wartortle Furret Wartortle Starmie Ivysaur Spiritomb Bergmite Spiritomb Ivysaur Zygarde Ivysaur Gloom Golett Wartortle Furret Electivire Archeops Electivire Glameow 
18
Inkay inkay
Wailord wailord
Meganium meganium gumshoos
Mudbray mudbray
Spheal gothorita gigalith buneary spheal loudred
Piplup piplup
Glalie glalie
Spinarak spinarak
Yanma yanma
Ledian ledian
Bergmite bergmite togepi
Leavanny leavanny
Beheeyem beheeyem
Furret electivire furret
Spiritomb spiritomb
Zygarde zygarde
Golett golett
Archeops archeops
