0 74 53 96 53 18 64 95 64 18 80 94 23 94 24 0 21 3 24 0 32 0 17 67 0 59 6 35 6 71 62 98 58 38 62 10 8 39 90 38 90 81 55 81 0 43 39 99 39 43 0 81 57 9 57 81 0 89 0 15 0 27 0 45 0 81 13 46 57 81 0 43 39 99 65 83 39 72 0 81 57 60 29 50 78 7 43 40 74 42 26 0 16 51 65 37 9 11 99 39 93 20 0 4 0 81 61 81 52 0 81 84 88 84 81 0 
50
0 0
96 96
18 18
95 95
94 94
23 23
24 24
21 21
3 3
32 32
17 17
67 67
35 35
71 71
62 62
98 98
58 58
38 38
10 10
8 8
90 90
55 55
43 43
99 99
57 57
9 9
89 89
15 15
27 27
45 45
13 13
46 46
65 65
83 83
72 72
60 60
78 78
7 7
40 40
42 42
26 26
51 51
37 37
11 11
93 93
20 20
4 4
61 61
52 52
88 88
