0 99 60 96 60 82 97 96 17 23 60 99 31 99 35 17 23 86 42 63 87 99 60 82 38 44 71 44 9 93 96 43 96 17 30 17 80 11 38 82 88 82 35 92 63 74 97 44 10 39 10 64 97 66 48 96 72 27 44 58 35 17 56 16 86 93 6 93 17 8 17 96 36 46 99 87 91 87 99 45 67 40 88 9 23 11 83 68 80 97 71 95 71 44 2 23 17 61 81 65 62 73 29 63 50 63 71 52 47 27 72 85 0 37 90 76 0 23 84 23 28 37 53 73 96 36 0 
49
60 60
96 96
82 82
97 97
23 23
31 31
35 35
86 86
63 63
38 38
71 71
9 9
43 43
30 30
80 80
11 11
88 88
92 92
74 74
39 39
64 64
66 66
48 48
27 27
58 58
56 56
16 16
6 6
8 8
46 46
91 91
45 45
40 40
83 83
68 68
95 95
2 2
61 61
81 81
65 65
73 73
50 50
47 47
85 85
90 90
76 76
84 84
28 28
53 53
