Soda Hungary Fiji Czech Faroe Burkina Guam Burkina Honduras Hungary Australia Hungary Honduras Guyana Honduras Hungary Colombia Hungary Fiji Argentina Fiji Hungary Soda Azerbaijan Faroe Austria Faroe China British Hungary Honduras United Brunei Bouvet Christmas Djibouti Canada Soda Guadeloupe Soda Cook Holy Ghana Angola Central Fiji Hungary Soda Bahamas Denmark Faroe Czech Fiji Central Fiji Antigua Fiji Cocos Fiji Bosnia Egypt British Hungary Honduras Burkina Guam Belize Guam Cambodia Brazil Cuba Comoros Canada Austria Dominica Botswana Honduras Cyprus Aruba Germany Fiji Bermuda Antarctica Honduras Cayman Honduras Hungary Soda 
25
Fiji fiji
Czech czech
Guam guam
Australia australia
Guyana guyana
Colombia colombia
Argentina argentina
Austria austria
China china
United united
Bouvet bouvet
Guadeloupe guadeloupe
Angola angola
Central central
Denmark denmark
Antigua antigua
Cocos cocos
Egypt egypt
Belize belize
Cambodia cambodia
Comoros comoros
Botswana botswana
Aruba aruba
Bermuda bermuda
Cayman cayman
