NENJIT XAUNPSJR UEMUXMRIZ XAUNPSJR UUBADXD XVEIIY ZRBGORXP HJANXPSU PEHTVQXDW PQHUEQ UUBADXD FULIXB DYDBSTHU MXOUMOMJ EIPVED XXXTKAUWZ WTGBMM CQLIWA KUTCUN EANWPZEPE LFAYEWG MXOUMOMJ NENJIT KQUKCKTD NENJIT ZJITEK RIEJGXSA UEMUXMRIZ XYVFHKPGH JQGIH SPKBX NENJIT PRANHUZWO NENJIT QMQDBY RZCLRJW SPKBX DHNQUS NDFUIQRA GZNWUPV NENJIT 
25
XAUNPSJR XAUNPSJR
UEMUXMRIZ UEMUXMRIZ
UUBADXD UUBADXD
XVEIIY XVEIIY
ZRBGORXP ZRBGORXP
HJANXPSU HJANXPSU
PEHTVQXDW PEHTVQXDW
PQHUEQ PQHUEQ
FULIXB FULIXB
DYDBSTHU DYDBSTHU
MXOUMOMJ MXOUMOMJ
EIPVED EIPVED
WTGBMM WTGBMM
CQLIWA CQLIWA
KUTCUN KUTCUN
LFAYEWG LFAYEWG
KQUKCKTD KQUKCKTD
RIEJGXSA RIEJGXSA
XYVFHKPGH XYVFHKPGH
SPKBX SPKBX MXPVTEZCH
PRANHUZWO PRANHUZWO
QMQDBY QMQDBY
RZCLRJW RZCLRJW
NDFUIQRA NDFUIQRA
GZNWUPV GZNWUPV
