92 2 91 60 43 73 63 49 67 68 5 34 2 13 2 92 67 68 0 3 91 60 43 66 68 46 68 67 34 35 34 70 34 67 49 55 49 66 43 73 12 73 43 60 35 90 35 36 29 67 57 67 34 94 34 2 13 65 66 43 60 91 23 91 60 43 16 63 80 54 91 2 13 97 13 2 91 60 43 38 21 38 43 60 91 3 70 33 70 34 67 82 45 36 35 32 81 46 44 57 49 52 47 52 3 93 3 91 2 17 2 91 60 43 20 43 60 91 7 37 67 29 10 66 49 63 95 5 1 31 66 65 85 65 66 43 50 43 66 49 61 49 63 16 78 16 43 73 18 92 64 92 58 46 14 46 81 93 59 92 60 24 60 92 67 68 0 52 74 6 76 0 19 46 25 11 25 46 58 34 5 28 72 28 92 60 91 23 86 23 91 60 92 67 29 99 87 99 29 67 92 
50
2 2
73 73
63 63
68 68
5 5
13 13
0 0
3 3
46 46
35 35
70 70
55 55
12 12
90 90
29 29
57 57
94 94
65 65
23 23
16 16
54 54
97 97
21 21
33 33
45 45
32 32
44 44
47 47
93 93
17 17
20 20
37 37
10 10
95 95
1 1
85 85
50 50
61 61
78 78
18 18
64 64
14 14
59 59
24 24
74 74
19 19
11 11
72 72
86 86
87 87
