Soda Location87 Location34 Location58 Location77 Location70 Location40 Location11 Location80 Location11 Location7 Location94 Location56 Location58 Location34 Location76 Location74 Location57 Location9 Location57 Location74 Location64 Location94 Location95 Location38 Location67 Location93 Location40 Location70 Location35 Location70 Location77 Location58 Location56 Location94 Location37 Location42 Location37 Location94 Location95 Location94 Location37 Location42 Location37 Location94 Location29 Location95 Location48 Location1 Location90 Location6 Location22 Location40 Location11 Location5 Location62 Location66 Location32 Location70 Location79 Location94 Location95 Location63 Location3 Location54 Location6 Location90 Location17 Location90 Location14 Location16 Location48 Location87 Location34 Location33 Location10 Location33 Location52 Soda Location46 Soda Location46 Soda Location46 Soda Location96 Location77 Location70 Location32 Location12 Location32 Location64 Location74 Location57 Location2 Location57 Location2 Location57 Location2 Location57 Location20 Location31 Location20 Location22 Location82 Location22 Location6 Location54 Location28 Location63 Location95 Location48 Location44 Location19 Location72 Location41 Location72 Location53 Soda 
35
Location58 location58
Location77 location77
Location70 location70
Location80 location80
Location7 location7
Location94 location94
Location56 location56
Location76 location76
Location74 location74
Location57 location57
Location9 location9
Location38 location38
Location93 location93
Location35 location35
Location42 location42 location23
Location29 location29
Location1 location1
Location5 location5
Location66 location66
Location32 location32
Location79 location79
Location3 location3
Location17 location17
Location16 location16
Location10 location10
Location46 location46 location0 location26
Location12 location12
Location2 location45 location39 location2
Location20 location20
Location31 location31
Location82 location82
Location28 location28
Location44 location44
Location72 location72
Location41 location41
