Soda Xiykasaul Pvqvkpcd Naovhz Ycnmyyspjf Rfgfrncmnd Dacrfmpv Rfgfrncmnd Rjuvckvy Rfgfrncmnd Idwoxehtk Soda Xiykasaul Kpdxi Obpzvveihj Xmibe Obpzvveihj Kpdxi Sicichvcten Wdhdwqbb Sicichvcten Kpdxi Obpzvveihj Kpdxi Sicichvcten Wdhdwqbb Sicichvcten Kpdxi Obpzvveihj Kpdxi Bbvlwxnejni Kpdxi Naovhz Plptbkef Naovhz Kpdxi Hxhwuymcqle Ygykrl Boyttsdoot Soda Idwoxehtk Soda Xiykasaul Kpdxi Bbvlwxnejni Jdqn Bbvlwxnejni Kvcj Wgigv Ukih Naovhz Kpdxi Bbvlwxnejni Wksfdqrv Kahi Rjuvckvy Naovhz Ukih Wgigv Ukih Naovhz Soda Xiykasaul Ncyuq Xiykasaul Soda Boyttsdoot Ncul Cgcszojbs Plptbkef Gzgo Rfwigv Sjwkqvmzq Rfwigv Dshcboejqo Boyttsdoot Soda Idwoxehtk Soda 
20
Soda soda
Xiykasaul xiykasaul
Pvqvkpcd pvqvkpcd
Ycnmyyspjf ycnmyyspjf
Dacrfmpv dacrfmpv
Rjuvckvy fpujhjd
Idwoxehtk hbogcfyxa idwoxehtk
Obpzvveihj xgyovgk ojnvskrpfp
Xmibe xmibe
Sicichvcten rjuvckvy sicichvcten
Wdhdwqbb wdhdwqbb gsbrvvyhxcc
Plptbkef plptbkef
Ygykrl ygykrl
Jdqn jdqn
Wgigv wgigv kvcj
Wksfdqrv wksfdqrv
Ncyuq ncyuq
Ncul ncul
Rfwigv rfwigv
Sjwkqvmzq sjwkqvmzq
