0 21 31 33 30 5 49 78 42 12 28 96 58 2 14 15 78 49 89 49 78 29 78 15 14 2 58 41 52 45 68 3 74 3 74 3 68 45 76 69 65 51 80 51 75 51 79 51 65 58 16 58 2 22 24 98 24 22 2 58 16 76 61 76 69 65 87 91 87 7 87 65 69 76 54 76 69 65 87 91 87 65 58 16 97 9 97 16 58 2 44 87 49 5 67 76 69 65 69 76 67 5 33 5 67 3 36 3 67 76 69 65 87 20 87 78 87 20 87 78 49 5 62 22 88 83 93 83 88 22 2 44 82 34 77 60 99 59 28 96 32 78 87 78 32 78 87 20 87 65 87 20 87 91 64 46 12 28 59 83 48 83 51 65 69 76 67 5 0 
40
31 31
33 85 18
30 30
42 42
12 12
58 58
2 2
14 14
15 15 6
89 89
29 29
41 41
45 26 45
68 68
3 3
74 56 74
69 69
80 80
75 75
79 79
16 16
98 98
61 61
91 91 63
7 7
54 54
9 9
67 67 10
36 36
20 20 11 13 23
93 93
82 17
77 77
60 60
99 99
59 59
32 82 32
64 64
46 46
48 48
