qgyqjgwlbh djtmyhmwnn qgyqjgwlbh sthbsdqlwm rzgfaqookt qgyqjgwlbh feggaeevcb qgyqjgwlbh culutarzsm tvrzrioagg bzcpozsody qgyqjgwlbh bnfhxmjqzg qgyqjgwlbh ajjekwybql smlsmfgyxa hnnlwliezo fnlmocuczk tjcamfqmxd bvwklxlwsa hyficezvgi qgyqjgwlbh fwzkdpfinn hpbkyqcejb lgwqodunqt ysndikwwgh wmeeitskjx kmwsevkfov sgizgtdhhn qgyqjgwlbh hqvifzhbmo qgyqjgwlbh czgfnbovhq qlieaqyzel uyirsvqblu npffaineub kmwsevkfov fdbzjhgcmh qgyqjgwlbh iznialmand xpcqolcpnf sqlbmrxpwv vvurcgizpo cynraykzum gqulqjeire sngqmldfxu stxmhuffri qgyqjgwlbh yfvfzingng gdtsmzpvig qgyqjgwlbh kgewtltijq hrbvyznkmd somaaudaxm atkqvymdax stxmhuffri lpopityrof qgyqjgwlbh wegckoctcp cddppqxsmb tdqzbpmftq qgyqjgwlbh aruweadnpf qgyqjgwlbh 
47
djtmyhmwnn djtmyhmwnn
sthbsdqlwm sthbsdqlwm
rzgfaqookt rzgfaqookt
feggaeevcb feggaeevcb
culutarzsm culutarzsm
tvrzrioagg tvrzrioagg
bzcpozsody bzcpozsody
bnfhxmjqzg bnfhxmjqzg
ajjekwybql ajjekwybql
smlsmfgyxa smlsmfgyxa
hnnlwliezo hnnlwliezo
fnlmocuczk fnlmocuczk
tjcamfqmxd tjcamfqmxd
bvwklxlwsa bvwklxlwsa
hyficezvgi hyficezvgi
fwzkdpfinn fwzkdpfinn
hpbkyqcejb hpbkyqcejb
lgwqodunqt lgwqodunqt
ysndikwwgh ysndikwwgh
wmeeitskjx wmeeitskjx
kmwsevkfov kmwsevkfov
sgizgtdhhn sgizgtdhhn
hqvifzhbmo hqvifzhbmo
czgfnbovhq czgfnbovhq
qlieaqyzel qlieaqyzel
uyirsvqblu uyirsvqblu
npffaineub npffaineub
fdbzjhgcmh fdbzjhgcmh
iznialmand iznialmand
xpcqolcpnf xpcqolcpnf
sqlbmrxpwv sqlbmrxpwv
vvurcgizpo vvurcgizpo
cynraykzum cynraykzum
gqulqjeire gqulqjeire
sngqmldfxu sngqmldfxu
stxmhuffri ntlhpzyidk stxmhuffri
yfvfzingng yfvfzingng
gdtsmzpvig gdtsmzpvig
kgewtltijq kgewtltijq
hrbvyznkmd hrbvyznkmd
somaaudaxm somaaudaxm
atkqvymdax atkqvymdax
lpopityrof lpopityrof
wegckoctcp wegckoctcp
cddppqxsmb cddppqxsmb
tdqzbpmftq tdqzbpmftq
aruweadnpf aruweadnpf
