0 97 74 34 3 34 3 4 72 4 3 20 34 66 54 66 74 97 87 7 3 51 3 35 3 65 92 53 89 53 92 63 0 30 0 99 0 30 0 86 58 83 0 97 49 66 33 35 4 1 67 66 56 66 67 22 0 97 29 90 29 10 4 3 41 5 66 84 35 12 0 30 48 78 62 95 47 34 3 32 97 11 66 59 66 5 29 97 21 13 35 3 34 16 29 97 87 72 50 14 93 0 68 73 28 60 87 72 24 39 80 78 64 0 99 36 28 98 56 75 78 64 0 68 56 81 20 79 74 78 64 0 
47
74 74
34 34
3 3
4 4
72 72
20 20
54 54
87 87
7 7
51 51
35 35
89 89
63 63
30 30 42
99 99
86 86
83 83
33 33
1 1
56 56
22 22
90 90
10 10
41 41
84 84
12 12
48 48
62 62
95 95
47 47
32 32
11 11
59 59
13 13
16 16
50 50
93 93
60 60
24 24
39 39
80 80
64 64 71 2
36 36
98 98
75 75
81 81
79 79
