6 4 6 13 11 13 6 5 2 5 6 13 11 13 12 9 12 13 20 27 34 41 48 55 62 60 56 60 62 69 67 69 67 69 76 74 71 74 76 69 68 65 68 69 76 75 73 75 76 69 62 55 53 49 53 55 48 46 48 41 34 27 20 18 15 18 14 18 20 27 25 27 20 27 25 27 34 41 48 55 62 69 76 83 82 83 82 83 81 78 81 83 76 69 62 55 48 41 39 41 39 41 34 32 29 32 34 33 31 33 34 27 26 24 26 27 20 13 6 97 90 88 84 88 90 97 95 92 95 97 96 94 96 97 6 13 20 27 34 41 48 47 44 47 48 55 54 52 54 55 48 41 34 27 20 13 6 
36
6 6
4 4
11 8 11
2 2
9 9
34 34
41 41
48 48
60 60
56 56
67 67 63
71 71
65 65
75 75
73 73
49 49
46 46
18 18
15 15
14 14
25 25 21
82 79 82
78 78
39 39 35
29 29
31 31
24 24
90 90
88 88
84 84
95 95
92 92
94 94
44 44
54 54 59
52 52
