create steward childish cancel steward create accessible create steward minimize mosaic create perception scrap salmon ballot suffer childish hide create pride create childish suffer childish belief create steward nationalism vote childish appear create childish creation vote pupil salmon minimize think colon mosaic create childish fuss childish create exotic create merit create childish battery integrated celebration salmon deck pride create mechanism create pride bracket salmon childish dose childish predict create concern create maze create breakin create mosaic crew appear top create mosaic minimize absorption adult minimize farewell create childish company formation tin celebration prove cancel basketball create feign create community create direct create magnitude create mosaic line mosaic linear contract appear transmission mosaic pastel magnetic skip top create 
50
steward steward
childish childish
cancel cancel
accessible accessible
minimize minimize
perception perception
scrap scrap
ballot ballot
suffer suffer
hide hide
pride pride
belief belief
nationalism nationalism
appear appear
creation creation
pupil pupil
think think
colon colon
fuss fuss
exotic exotic
merit merit
battery battery
celebration celebration
deck deck
mechanism mechanism
bracket bracket
dose dose
predict predict
concern concern
maze maze
breakin breakin
crew crew
top top
absorption absorption
adult adult
farewell farewell
company company
tin tin
prove prove
basketball basketball
feign feign
community community
direct direct
magnitude magnitude
line line
linear linear
contract contract
transmission transmission
pastel pastel
skip skip
