(DROPOFF TA_XOldmoor XClearnesse)
(HOMESAFE TA_XOldmoor Xclearnesse)
(DROPOFF TA_XWoodice XClearnesse)
(WALK TA_XWoodice XClearnesse XCorbank)
(HOMESAFE TA_XWoodice Xcorbank)
(DROPOFF TA_XFreyview XClearnesse)
(WALK TA_XFreyview XClearnesse XWoodice)
(HOMESAFE TA_XFreyview Xwoodice)
(DROPOFF TA_XCourtcastle XClearnesse)
(WALK TA_XCourtcastle XClearnesse XFoxvale)
(HOMESAFE TA_XCourtcastle Xfoxvale)
(DROPOFF TA_XDellwyn XClearnesse)
(WALK TA_XDellwyn XClearnesse XIronriver)
(HOMESAFE TA_XDellwyn Xironriver)
(DROPOFF TA_XFoxvale XClearnesse)
(WALK TA_XFoxvale XClearnesse XMarbleiron)
(HOMESAFE TA_XFoxvale Xmarbleiron)
(DROPOFF TA_XEsterfall XClearnesse)
(WALK TA_XEsterfall XClearnesse XFoxhaven)
(HOMESAFE TA_XEsterfall Xfoxhaven)
(DROPOFF TA_XValhaven XClearnesse)
(WALK TA_XValhaven XClearnesse XNewby)
(HOMESAFE TA_XValhaven Xnewby)
(DROPOFF TA_XEriwall XClearnesse)
(WALK TA_XEriwall XClearnesse XOakmere)
(HOMESAFE TA_XEriwall Xoakmere)
(DROPOFF TA_XWestvale XClearnesse)
(WALK TA_XWestvale XClearnesse XVioletley)
(HOMESAFE TA_XWestvale Xvioletley)
(DROPOFF TA_XButterbush XClearnesse)
(WALK TA_XButterbush XClearnesse XMorwall)
(HOMESAFE TA_XButterbush Xmorwall)
(DROPOFF TA_XGoldwyvern XClearnesse)
(WALK TA_XGoldwyvern XClearnesse XIronshore)
(HOMESAFE TA_XGoldwyvern Xironshore)
(DROPOFF TA_XVioletley XClearnesse)
(WALK TA_XVioletley XClearnesse XFreyview)
(HOMESAFE TA_XVioletley Xfreyview)
(DROPOFF TA_XClearnesse XClearnesse)
(WALK TA_XClearnesse XClearnesse XGoldwyvern)
(HOMESAFE TA_XClearnesse Xgoldwyvern)
(DROPOFF TA_XIronshore XClearnesse)
(WALK TA_XIronshore XClearnesse XValhaven)
(HOMESAFE TA_XIronshore Xvalhaven)
(DROPOFF TA_XNewby XClearnesse)
(WALK TA_XNewby XClearnesse XMorwald)
(HOMESAFE TA_XNewby Xmorwald)
(DROPOFF TA_XCorbank XClearnesse)
(WALK TA_XCorbank XClearnesse XEsterfall)
(HOMESAFE TA_XCorbank Xesterfall)
(DROPOFF TA_XButtermead XClearnesse)
(WALK TA_XButtermead XClearnesse XWestvale)
(HOMESAFE TA_XButtermead Xwestvale)
(DROPOFF TA_XMorwall XClearnesse)
(WALK TA_XMorwall XClearnesse XEriwall)
(HOMESAFE TA_XMorwall Xeriwall)
(DROPOFF TA_XMarbleiron XClearnesse)
(WALK TA_XMarbleiron XClearnesse XCourtwall)
(HOMESAFE TA_XMarbleiron Xcourtwall)
(DROPOFF TA_XCourtwall XClearnesse)
(WALK TA_XCourtwall XClearnesse XButterbush)
(HOMESAFE TA_XCourtwall Xbutterbush)
(DROPOFF TA_XIronriver XClearnesse)
(WALK TA_XIronriver XClearnesse XCourtcastle)
(HOMESAFE TA_XIronriver Xcourtcastle)
(DROPOFF TA_XMorwald XClearnesse)
(WALK TA_XMorwald XClearnesse XDellwyn)
(HOMESAFE TA_XMorwald Xdellwyn)
(DROPOFF TA_XFoxhaven XClearnesse)
(WALK TA_XFoxhaven XClearnesse XButtermead)
(HOMESAFE TA_XFoxhaven Xbuttermead)
(DROPOFF TA_XOakmere XClearnesse)
(WALK TA_XOakmere XClearnesse XOldmoor)
(HOMESAFE TA_XOakmere Xoldmoor)
