(DROPOFF TA_XManville XFacultyClub)
(HOMESAFE TA_XManville XfacultyClub)
(DRIVE XFacultyClub XCareerCenter)
(DROPOFF TA_XFacultyClub XCareerCenter)
(HOMESAFE TA_XFacultyclub XcareerCenter)
(DRIVE XCareerCenter XHearstGym)
(DROPOFF TA_XBioscienceLibrary XHearstGym)
(HOMESAFE TA_XBiosciencelibrary XhearstGym)
(DRIVE XHearstGym XSpieker)
(DROPOFF TA_XSutardjaDai XSpieker)
(DRIVE XSpieker XFacultyClub)
(HOMESAFE TA_XSutardjadai Xspieker)
(DRIVE XFacultyClub XEtcheverry)
(DROPOFF TA_XEtcheverry XEtcheverry)
(DRIVE XEtcheverry XFacultyClub)
(HOMESAFE TA_XEtcheverry Xetcheverry)
(DRIVE XFacultyClub XBioscienceLibrary)
(DROPOFF TA_XSproulPlaza XBioscienceLibrary)
(DRIVE XBioscienceLibrary XFacultyClub)
(WALK TA_XSproulPlaza XBioscienceLibrary XManville)
(WALK TA_XSproulPlaza XManville XSproulPlaza)
(WALK TA_XSproulPlaza XSproulPlaza XFPF)
(HOMESAFE TA_XSproulplaza XfPF)
(DRIVE XFacultyClub XOptometryLibrary)
(DRIVE XOptometryLibrary XWheeler)
(DROPOFF TA_XHilgard XWheeler)
(HOMESAFE TA_XHilgard Xwheeler)
(DRIVE XWheeler XBioscienceLibrary)
(DROPOFF TA_XStudentUnion XBioscienceLibrary)
(DRIVE XBioscienceLibrary XFacultyClub)
(HOMESAFE TA_XStudentunion XbioscienceLibrary)
(DRIVE XFacultyClub XLawrenceofScience)
(DROPOFF TA_XEarthquakeLibrary XLawrenceofScience)
(DRIVE XLawrenceofScience XFacultyClub)
(HOMESAFE TA_XEarthquakelibrary XlawrenceofScience)
(DRIVE XFacultyClub XMulford)
(DROPOFF TA_XUniversityHouse XMulford)
(DRIVE XMulford XFacultyClub)
(HOMESAFE TA_XUniversityhouse Xmulford)
(DRIVE XFacultyClub XDurham)
(DROPOFF TA_XLawrenceofScience XDurham)
(DRIVE XDurham XFacultyClub)
(HOMESAFE TA_XLawrenceofscience Xdurham)
(DRIVE XFacultyClub XPacificFilmArchive)
(DROPOFF TA_XPimentel XPacificFilmArchive)
(DRIVE XPacificFilmArchive XFacultyClub)
(HOMESAFE TA_XPimentel XpacificFilmArchive)
(DRIVE XFacultyClub XManville)
(DROPOFF TA_XMulford XManville)
(DRIVE XManville XFacultyClub)
(HOMESAFE TA_XMulford Xmanville)
(DRIVE XFacultyClub XMorrison)
(DROPOFF TA_XCareerCenter XMorrison)
(DRIVE XMorrison XFacultyClub)
(HOMESAFE TA_XCareercenter Xmorrison)
(DRIVE XFacultyClub XSproulPlaza)
(DROPOFF TA_XHearstGym XSproulPlaza)
(DRIVE XSproulPlaza XFacultyClub)
(HOMESAFE TA_XHearstgym XsproulPlaza)
(DRIVE XFacultyClub XOBrien)
(DROPOFF TA_XDurham XOBrien)
(DRIVE XOBrien XFacultyClub)
(HOMESAFE TA_XDurham XoBrien)
(DRIVE XFacultyClub XEarthquakeLibrary)
(DROPOFF TA_XOBrien XEarthquakeLibrary)
(DRIVE XEarthquakeLibrary XPimentel)
(DROPOFF TA_XLibrary XPimentel)
(HOMESAFE TA_XLibrary Xpimentel)
(DRIVE XPimentel XManville)
(DRIVE XManville XHilgard)
(DROPOFF TA_XSpieker XHilgard)
(DRIVE XHilgard XLibrary)
(DROPOFF TA_XFPF XLibrary)
(DRIVE XLibrary XFacultyClub)
(HOMESAFE TA_XFPF XLibrary)
(HOMESAFE TA_XSpieker Xhilgard)
(DRIVE XFacultyClub XBrainImagingCenter)
(DROPOFF TA_XPacificFilmArchive XBrainImagingCenter)
(HOMESAFE TA_XPacificfilmarchive XbrainImagingCenter)
(DRIVE XBrainImagingCenter XStudentUnion)
(DROPOFF TA_XBrainImagingCenter XStudentUnion)
(DRIVE XStudentUnion XFacultyClub)
(HOMESAFE TA_XBrainimagingcenter XstudentUnion)
(HOMESAFE TA_XOBrien XearthquakeLibrary)
(DRIVE XFacultyClub XSutardjaDai)
(DROPOFF TA_XMorrison XSutardjaDai)
(HOMESAFE TA_XMorrison XsutardjaDai)
(DRIVE XSutardjaDai XUniversityHouse)
(DROPOFF TA_XWheeler XUniversityHouse)
(HOMESAFE TA_XWheeler XuniversityHouse)
(DRIVE XUniversityHouse XCheit)
(DROPOFF TA_XCheit XCheit)
(DRIVE XCheit XFacultyClub)
(HOMESAFE TA_XCheit Xcheit)
