(DRIVE XIIII1I1 X1IIlIIl)
(DRIVE X1IIlIIl XlII1I11)
(DROPOFF TA_XIIlIlI1 XlII1I11)
(HOMESAFE TA_XIIlili1 XlII1I11)
(DRIVE XlII1I11 X1IIlIIl)
(DRIVE X1IIlIIl XIIII1I1)
(DROPOFF TA_XI1I111I XIIII1I1)
(WALK TA_XI1I111I XIIII1I1 XII1I1Il)
(HOMESAFE TA_XI1I111I XII1I1Il)
(DRIVE XIIII1I1 X1IIlIIl)
(DROPOFF TA_XlIlllll X1IIlIIl)
(DRIVE X1IIlIIl XIIII1I1)
(HOMESAFE TA_Xlilllll X1IIlIIl)
(DRIVE XIIII1I1 X11I1lll)
(DROPOFF TA_X1lI11l1 X11I1lll)
(DRIVE X11I1lll XIIII1I1)
(HOMESAFE TA_X1li11l1 X11I1lll)
(DRIVE XIIII1I1 XIIlIlI1)
(DROPOFF TA_Xl1IlIII XIIlIlI1)
(DRIVE XIIlIlI1 XIIII1I1)
(HOMESAFE TA_Xl1iliii XiIlIlI1)
(DRIVE XIIII1I1 XII1I1Il)
(DRIVE XII1I1Il X11lI11I)
(DROPOFF TA_X1IIlIIl X11lI11I)
(HOMESAFE TA_X1IIliil X11lI11I)
(DRIVE X11lI11I XIIIllll)
(DRIVE XIIIllll XlIlllll)
(DROPOFF TA_X11I1lll XlIlllll)
(DRIVE XlIlllll XIIII1I1)
(HOMESAFE TA_X11I1lll XlIlllll)
(DRIVE XIIII1I1 XII111I1)
(DROPOFF TA_Xl1IlIl1 XII111I1)
(DRIVE XII111I1 XIIII1I1)
(HOMESAFE TA_Xl1ilil1 XiI111I1)
(DRIVE XIIII1I1 XI1I111I)
(DROPOFF TA_X11IIl1I XI1I111I)
(DRIVE XI1I111I XIIII1I1)
(HOMESAFE TA_X11IIl1i Xi1I111I)
(DRIVE XIIII1I1 XII1I1Il)
(DRIVE XII1I1Il XlIIIllI)
(DROPOFF TA_X11I1Ill XlIIIllI)
(HOMESAFE TA_X11I1Ill XlIIIllI)
(DRIVE XlIIIllI XI1I1111)
(DRIVE XI1I1111 XIIlIIII)
(DROPOFF TA_XlI1l1II XIIlIIII)
(HOMESAFE TA_Xli1l1ii XiIlIIII)
(DRIVE XIIlIIII X1IlII1I)
(DROPOFF TA_XI11IIlI X1IlII1I)
(HOMESAFE TA_XI11IIli X1IlII1I)
(DRIVE X1IlII1I X1lI11l1)
(DROPOFF TA_XIIllIl1 X1lI11l1)
(HOMESAFE TA_XIIllil1 X1lI11l1)
(DRIVE X1lI11l1 X11IIl1I)
(DROPOFF TA_X11lI11I X11IIl1I)
(HOMESAFE TA_X11li11i X11IIl1I)
(DRIVE X11IIl1I Xl1IlIl1)
(DROPOFF TA_XIIII1ll Xl1IlIl1)
(DRIVE Xl1IlIl1 XIIII1I1)
(HOMESAFE TA_XIIII1ll Xl1IlIl1)
(DRIVE XIIII1I1 XI1I1111)
(DROPOFF TA_XlIIIllI XI1I1111)
(DRIVE XI1I1111 XIIII1I1)
(HOMESAFE TA_Xliiilli Xi1I1111)
(DRIVE XIIII1I1 XlI11l1l)
(DROPOFF TA_XlI11l1l XlI11l1l)
(DRIVE XlI11l1l XIIII1I1)
(HOMESAFE TA_Xli11l1l XlI11l1l)
(DRIVE XIIII1I1 XIIII1ll)
(DROPOFF TA_X1IlII1I XIIII1ll)
(DRIVE XIIII1ll XIIII1I1)
(HOMESAFE TA_X1Ilii1i XiIII1ll)
(DRIVE XIIII1I1 XIlllI11)
(DROPOFF TA_XI1I1111 XIlllI11)
(HOMESAFE TA_XI1I1111 XIlllI11)
(DRIVE XIlllI11 XI11IIlI)
(DROPOFF TA_XII111I1 XI11IIlI)
(HOMESAFE TA_XII111I1 XI11IIlI)
(DRIVE XI11IIlI XlI1l1II)
(DROPOFF TA_XIIlIIII XlI1l1II)
(HOMESAFE TA_XIIliiii XlI1l1II)
(DRIVE XlI1l1II XII1I1Il)
(DRIVE XII1I1Il XIII1lII)
(DROPOFF TA_XlII1I11 XIII1lII)
(HOMESAFE TA_Xlii1i11 XiII1lII)
(DRIVE XIII1lII Xl1IlIII)
(DROPOFF TA_XIII1lII Xl1IlIII)
(HOMESAFE TA_XIII1lii Xl1IlIII)
(DRIVE Xl1IlIII XIIllIl1)
(DROPOFF TA_XIlllI11 XIIllIl1)
(HOMESAFE TA_XIllli11 XiIllIl1)
(DRIVE XIIllIl1 XI1I1111)
(DRIVE XI1I1111 X11I1Ill)
(DROPOFF TA_XII1I1Il X11I1Ill)
(HOMESAFE TA_XII1I1Il X11I1Ill)
(DRIVE X11I1Ill XIIIllll)
(DRIVE XIIIllll XIIII1I1)
