(DROPOFF TA_X672Pt4Ytw8LW X845LWU7Kg6167HQY)
(HOMESAFE TA_X672Pt4ytw8lw X845LWU7Kg6167HQY)
(DRIVE X845LWU7Kg6167HQY XUyj5raM7C9SGCHQGUC)
(DRIVE XUyj5raM7C9SGCHQGUC Xy)
(DRIVE Xy X9vq8gscs7dz1)
(DRIVE X9vq8gscs7dz1 XKKUFV29x8iO)
(DROPOFF TA_XMVvh XKKUFV29x8iO)
(HOMESAFE TA_XMVvh XkKUFV29x8iO)
(DRIVE XKKUFV29x8iO X9)
(DROPOFF TA_X48783322I5q9PFVPT X9)
(HOMESAFE TA_X48783322I5q9pfvpt X9)
(DRIVE X9 X4)
(DRIVE X4 XTU76UjE52906)
(DROPOFF TA_X122gt XTU76UjE52906)
(HOMESAFE TA_X122gt XtU76UjE52906)
(DRIVE XTU76UjE52906 X4)
(DRIVE X4 XKpBvy)
(DROPOFF TA_X42U0k6JhTQxPvUw8 XKpBvy)
(HOMESAFE TA_X42U0k6jhtqxpvuw8 XkpBvy)
(DRIVE XKpBvy X4)
(DRIVE X4 XDUiYDuR9yYFD5)
(DROPOFF TA_X4 XDUiYDuR9yYFD5)
(HOMESAFE TA_X4 XDUiYDuR9yYFD5)
(DRIVE XDUiYDuR9yYFD5 X4)
(DRIVE X4 X1P8KX)
(DRIVE X1P8KX X845LWU7Kg6167HQY)
(DRIVE X845LWU7Kg6167HQY Xi7lmV5iDIgl5f)
(DRIVE Xi7lmV5iDIgl5f X8M2OK8Px58)
(DRIVE X8M2OK8Px58 XfgM12T)
(DROPOFF TA_XTBk5Pt5vt5SInt XfgM12T)
(HOMESAFE TA_XTBk5pt5vt5sint XfgM12T)
(DRIVE XfgM12T XElUTL)
(DROPOFF TA_X95E0752p51t XElUTL)
(HOMESAFE TA_X95E0752p51t XelUTL)
(DRIVE XElUTL XD3zC)
(DRIVE XD3zC XTBk5Pt5vt5SInt)
(DROPOFF TA_Xr XTBk5Pt5vt5SInt)
(HOMESAFE TA_Xr XtBk5Pt5vt5SInt)
(DRIVE XTBk5Pt5vt5SInt XSpXOzJq05hvQH12ugJr5)
(DRIVE XSpXOzJq05hvQH12ugJr5 X2377Qe3J7g3dGXjk0y)
(DRIVE X2377Qe3J7g3dGXjk0y XMY3aL96Y)
(DROPOFF TA_XH6pXAnE0KypnExX XMY3aL96Y)
(HOMESAFE TA_XH6pxane0kypnexx XmY3aL96Y)
(DRIVE XMY3aL96Y X2qgWbB40Ya16)
(DROPOFF TA_XMY3aL96Y X2qgWbB40Ya16)
(HOMESAFE TA_XMY3al96y X2qgWbB40Ya16)
(DRIVE X2qgWbB40Ya16 XxaM1q4jQi3efYb0)
(DROPOFF TA_XZT3 XxaM1q4jQi3efYb0)
(HOMESAFE TA_XZT3 XxaM1q4jQi3efYb0)
(DRIVE XxaM1q4jQi3efYb0 X11l6P71DgEau1baEX4)
(DRIVE X11l6P71DgEau1baEX4 XMVvh)
(DRIVE XMVvh X3)
(DRIVE X3 X3k)
(DROPOFF TA_X6RiHvQ4xTN5 X3k)
(HOMESAFE TA_X6Rihvq4xtn5 X3k)
(DRIVE X3k Xi7lmV5iDIgl5f)
(DRIVE Xi7lmV5iDIgl5f XWPu)
(DRIVE XWPu X5Qkzz260R7)
(DRIVE X5Qkzz260R7 XSpXOzJq05hvQH12ugJr5)
(DRIVE XSpXOzJq05hvQH12ugJr5 Xr)
(DRIVE Xr XX6SrYf57mSUQQ28C)
(DROPOFF TA_XfgM12T XX6SrYf57mSUQQ28C)
(HOMESAFE TA_Xfgm12t Xx6SrYf57mSUQQ28C)
(DRIVE XX6SrYf57mSUQQ28C XJ)
(DRIVE XJ XICQxh0Q58799CUd2)
(DROPOFF TA_XSmI7f XICQxh0Q58799CUd2)
(HOMESAFE TA_XSmi7f XiCQxh0Q58799CUd2)
(DRIVE XICQxh0Q58799CUd2 Xr)
(DROPOFF TA_XO41Muu Xr)
(HOMESAFE TA_XO41Muu Xr)
(DRIVE Xr X5CCl0n2r5512)
(DROPOFF TA_X2qgWbB40Ya16 X5CCl0n2r5512)
(HOMESAFE TA_X2qgwbb40ya16 X5CCl0n2r5512)
(DRIVE X5CCl0n2r5512 XeDv5MBdo)
(DRIVE XeDv5MBdo XMVvh)
(DROPOFF TA_X4l4aqvNKB XMVvh)
(HOMESAFE TA_X4l4aqvnkb XmVvh)
(DRIVE XMVvh X11l6P71DgEau1baEX4)
(DRIVE X11l6P71DgEau1baEX4 XxaM1q4jQi3efYb0)
(DRIVE XxaM1q4jQi3efYb0 X1P8KX)
(DRIVE X1P8KX X845LWU7Kg6167HQY)
(DRIVE X845LWU7Kg6167HQY Xi7lmV5iDIgl5f)
(DRIVE Xi7lmV5iDIgl5f XNQ3vX6W6H74aK53np)
(DROPOFF TA_X9 XNQ3vX6W6H74aK53np)
(HOMESAFE TA_X9 XNQ3vX6W6H74aK53np)
(DRIVE XNQ3vX6W6H74aK53np X42U0k6JhTQxPvUw8)
(DRIVE X42U0k6JhTQxPvUw8 XO58T)
(DROPOFF TA_XNQ3vX6W6H74aK53np XO58T)
(HOMESAFE TA_XNQ3vx6w6h74ak53np Xo58T)
(DRIVE XO58T Xdw6Yuyls1ZilP493g91O)
(DRIVE Xdw6Yuyls1ZilP493g91O XKpBvy)
(DRIVE XKpBvy X4l4aqvNKB)
(DROPOFF TA_X11l6P71DgEau1baEX4 X4l4aqvNKB)
(HOMESAFE TA_X11l6p71dgeau1baex4 X4l4aqvNKB)
(DRIVE X4l4aqvNKB Xk)
(DRIVE Xk XfgM12T)
(DRIVE XfgM12T X6RiHvQ4xTN5)
(DROPOFF TA_XxaM1q4jQi3efYb0 X6RiHvQ4xTN5)
(HOMESAFE TA_Xxam1q4jqi3efyb0 X6RiHvQ4xTN5)
(DRIVE X6RiHvQ4xTN5 X9vq8gscs7dz1)
(DRIVE X9vq8gscs7dz1 Xy)
(DROPOFF TA_XgeUO1h Xy)
(HOMESAFE TA_Xgeuo1h Xy)
(DRIVE Xy X0CwgepgS85xC4gx)
(DRIVE X0CwgepgS85xC4gx X4)
(DRIVE X4 XTU76UjE52906)
(DRIVE XTU76UjE52906 X3)
(DROPOFF TA_X3k X3)
(HOMESAFE TA_X3k X3)
(DRIVE X3 X5S6)
(DRIVE X5S6 Xk)
(DRIVE Xk XfgM12T)
(DRIVE XfgM12T X5)
(DROPOFF TA_XX6SrYf57mSUQQ28C X5)
(HOMESAFE TA_XX6Sryf57msuqq28c X5)
(DRIVE X5 Xnd5qDM7kw618Hh0d4048)
(DRIVE Xnd5qDM7kw618Hh0d4048 X5Qkzz260R7)
(DROPOFF TA_X5CCl0n2r5512 X5Qkzz260R7)
(HOMESAFE TA_X5CCl0n2r5512 X5Qkzz260R7)
(DRIVE X5Qkzz260R7 Xu3Qv)
(DROPOFF TA_XKKUFV29x8iO Xu3Qv)
(HOMESAFE TA_XKKUFV29x8io Xu3Qv)
(DRIVE Xu3Qv X42U0k6JhTQxPvUw8)
(DROPOFF TA_X5 X42U0k6JhTQxPvUw8)
(HOMESAFE TA_X5 X42U0k6JhTQxPvUw8)
(DRIVE X42U0k6JhTQxPvUw8 Xu3Qv)
(DRIVE Xu3Qv Xr)
(DRIVE Xr Xk)
(DRIVE Xk XxaM1q4jQi3efYb0)
(DRIVE XxaM1q4jQi3efYb0 X11l6P71DgEau1baEX4)
(DROPOFF TA_X8M2OK8Px58 X11l6P71DgEau1baEX4)
(HOMESAFE TA_X8M2OK8Px58 X11l6P71DgEau1baEX4)
(DRIVE X11l6P71DgEau1baEX4 XxaM1q4jQi3efYb0)
(DRIVE XxaM1q4jQi3efYb0 X2qgWbB40Ya16)
(DRIVE X2qgWbB40Ya16 XD)
(DRIVE XD XSmI7f)
(DRIVE XSmI7f X48783322I5q9PFVPT)
(DROPOFF TA_XO58T X48783322I5q9PFVPT)
(HOMESAFE TA_XO58T X48783322I5q9PFVPT)
(DRIVE X48783322I5q9PFVPT Xa)
(DRIVE Xa XYKpC4gQmPKaU311w9eOT)
(DROPOFF TA_XDUiYDuR9yYFD5 XYKpC4gQmPKaU311w9eOT)
(HOMESAFE TA_XDUiydur9yyfd5 XyKpC4gQmPKaU311w9eOT)
(DRIVE XYKpC4gQmPKaU311w9eOT XO41Muu)
(DROPOFF TA_XeqYzN7b19UgNo1K XO41Muu)
(HOMESAFE TA_Xeqyzn7b19ugno1k Xo41Muu)
(DRIVE XO41Muu Xdw6Yuyls1ZilP493g91O)
(DRIVE Xdw6Yuyls1ZilP493g91O XKpBvy)
(DRIVE XKpBvy X4)
(DROPOFF TA_XTU76UjE52906 X4)
(HOMESAFE TA_XTU76Uje52906 X4)
(DRIVE X4 XOi6biMHY)
(DRIVE XOi6biMHY XD)
(DROPOFF TA_XYLKBD54k XD)
(HOMESAFE TA_XYLKBD54k Xd)
(DRIVE XD XElUTL)
(DRIVE XElUTL X3k)
(DRIVE X3k Xk)
(DRIVE Xk Xr)
(DRIVE Xr XeqYzN7b19UgNo1K)
(DROPOFF TA_XEnhLq7BgTj8IN3Z2m XeqYzN7b19UgNo1K)
(HOMESAFE TA_XEnhlq7bgtj8in3z2m XeqYzN7b19UgNo1K)
(DRIVE XeqYzN7b19UgNo1K X3HQj1I8wd8)
(DRIVE X3HQj1I8wd8 XB4mQOl023dn1)
(DRIVE XB4mQOl023dn1 XeDv5MBdo)
(DROPOFF TA_XYKpC4gQmPKaU311w9eOT XeDv5MBdo)
(HOMESAFE TA_XYKpc4gqmpkau311w9eot XeDv5MBdo)
(DRIVE XeDv5MBdo Xa)
(DRIVE Xa Xnd5qDM7kw618Hh0d4048)
(DRIVE Xnd5qDM7kw618Hh0d4048 X5)
(DRIVE X5 XfgM12T)
(DRIVE XfgM12T XEnhLq7BgTj8IN3Z2m)
(DROPOFF TA_Xu3Qv XEnhLq7BgTj8IN3Z2m)
(HOMESAFE TA_Xu3qv XenhLq7BgTj8IN3Z2m)
(DRIVE XEnhLq7BgTj8IN3Z2m Xu3Qv)
(DRIVE Xu3Qv Xr)
(DRIVE Xr XgeUO1h)
(DROPOFF TA_X845LWU7Kg6167HQY XgeUO1h)
(HOMESAFE TA_X845LWU7Kg6167hqy XgeUO1h)
(DRIVE XgeUO1h XH6pXAnE0KypnExX)
(DRIVE XH6pXAnE0KypnExX XSmI7f)
(DROPOFF TA_Xy XSmI7f)
(HOMESAFE TA_Xy XsmI7f)
(DRIVE XSmI7f X48783322I5q9PFVPT)
(DRIVE X48783322I5q9PFVPT XN8191M9E9v)
(DRIVE XN8191M9E9v XHDLHc5Kdk)
(DRIVE XHDLHc5Kdk X0CwgepgS85xC4gx)
(DRIVE X0CwgepgS85xC4gx X122gt)
(DRIVE X122gt X7L)
(DROPOFF TA_X3 X7L)
(HOMESAFE TA_X3 X7L)
(DRIVE X7L XJ)
(DRIVE XJ XElUTL)
(DRIVE XElUTL XD3zC)
(DRIVE XD3zC XNGDVzC)
(DRIVE XNGDVzC XYLKBD54k)
(DROPOFF TA_X7L XYLKBD54k)
(HOMESAFE TA_X7L XYLKBD54k)
(DRIVE XYLKBD54k Xnd5qDM7kw618Hh0d4048)
(DRIVE Xnd5qDM7kw618Hh0d4048 Xftk2)
(DROPOFF TA_X5Qkzz260R7 Xftk2)
(HOMESAFE TA_X5Qkzz260r7 Xftk2)
(DRIVE Xftk2 XKKUFV29x8iO)
(DRIVE XKKUFV29x8iO X0CwgepgS85xC4gx)
(DRIVE X0CwgepgS85xC4gx Xy)
(DRIVE Xy XZT3)
(DROPOFF TA_XElUTL XZT3)
(HOMESAFE TA_XElutl XzT3)
(DRIVE XZT3 X95E0752p51t)
(DROPOFF TA_XICQxh0Q58799CUd2 X95E0752p51t)
(HOMESAFE TA_XICQxh0q58799cud2 X95E0752p51t)
(DRIVE X95E0752p51t Xdw6Yuyls1ZilP493g91O)
(DRIVE Xdw6Yuyls1ZilP493g91O X122gt)
(DROPOFF TA_XB4mQOl023dn1 X122gt)
(HOMESAFE TA_XB4mqol023dn1 X122gt)
(DRIVE X122gt X0CwgepgS85xC4gx)
(DRIVE X0CwgepgS85xC4gx Xy)
(DRIVE Xy XB4mQOl023dn1)
(DRIVE XB4mQOl023dn1 X5Ll49ySSWT043CtCd2)
(DRIVE X5Ll49ySSWT043CtCd2 XTBk5Pt5vt5SInt)
(DRIVE XTBk5Pt5vt5SInt X77yN7eHZwfF99R2)
(DRIVE X77yN7eHZwfF99R2 XgeUO1h)
(DRIVE XgeUO1h X8M2OK8Px58)
(DROPOFF TA_XSL88w66v7 X8M2OK8Px58)
(HOMESAFE TA_XSL88w66v7 X8M2OK8Px58)
(DRIVE X8M2OK8Px58 Xi7lmV5iDIgl5f)
(DRIVE Xi7lmV5iDIgl5f X3i80K09a)
(DRIVE X3i80K09a X672Pt4Ytw8LW)
(DROPOFF TA_XD X672Pt4Ytw8LW)
(HOMESAFE TA_XD X672Pt4Ytw8LW)
(DRIVE X672Pt4Ytw8LW XJ)
(DRIVE XJ X7L)
(DRIVE X7L XH6pXAnE0KypnExX)
(DROPOFF TA_XeDv5MBdo XH6pXAnE0KypnExX)
(HOMESAFE TA_Xedv5mbdo Xh6pXAnE0KypnExX)
(DRIVE XH6pXAnE0KypnExX XSmI7f)
(DRIVE XSmI7f X3HQj1I8wd8)
(DRIVE X3HQj1I8wd8 XN8191M9E9v)
(DRIVE XN8191M9E9v XHDLHc5Kdk)
(DRIVE XHDLHc5Kdk XSL88w66v7)
(DROPOFF TA_XKpBvy XSL88w66v7)
(HOMESAFE TA_XKpbvy XsL88w66v7)
(DRIVE XSL88w66v7 XHDLHc5Kdk)
(DRIVE XHDLHc5Kdk X0CwgepgS85xC4gx)
(DRIVE X0CwgepgS85xC4gx Xy)
(DRIVE Xy XB4mQOl023dn1)
(DROPOFF TA_Xftk2 XB4mQOl023dn1)
(HOMESAFE TA_Xftk2 Xb4mQOl023dn1)
(DRIVE XB4mQOl023dn1 Xy)
(DRIVE Xy XUyj5raM7C9SGCHQGUC)
(DRIVE XUyj5raM7C9SGCHQGUC X845LWU7Kg6167HQY)
