(DRIVE Xawsq33VKPi6omYhDxD XEEGmmDga)
(DRIVE XEEGmmDga XqaNF4)
(DROPOFF TA_XqaNF4 XqaNF4)
(HOMESAFE TA_Xqanf4 XqaNF4)
(DRIVE XqaNF4 Xa049zYG55Zn66Xbmpdp0)
(DROPOFF TA_Xb88Y9j2qm7Ik9Uc1Akg Xa049zYG55Zn66Xbmpdp0)
(HOMESAFE TA_Xb88y9j2qm7ik9uc1akg Xa049zYG55Zn66Xbmpdp0)
(DRIVE Xa049zYG55Zn66Xbmpdp0 XfnMwNw1M6Naw)
(DROPOFF TA_X10rY1cuVgs XfnMwNw1M6Naw)
(HOMESAFE TA_X10ry1cuvgs XfnMwNw1M6Naw)
(DRIVE XfnMwNw1M6Naw XowJxU5AByA1usDUB3gkv)
(DROPOFF TA_XJ XowJxU5AByA1usDUB3gkv)
(HOMESAFE TA_XJ XowJxU5AByA1usDUB3gkv)
(DRIVE XowJxU5AByA1usDUB3gkv XnOiawiwD0EH865)
(DRIVE XnOiawiwD0EH865 X23LQ1uFKh)
(DRIVE X23LQ1uFKh XB6zwxFUTXP7207OU)
(DROPOFF TA_X4o XB6zwxFUTXP7207OU)
(HOMESAFE TA_X4o Xb6zwxFUTXP7207OU)
(DRIVE XB6zwxFUTXP7207OU X23LQ1uFKh)
(DRIVE X23LQ1uFKh XnOiawiwD0EH865)
(DRIVE XnOiawiwD0EH865 X4o)
(DROPOFF TA_X9NiO9NIt6mT X4o)
(DRIVE X4o Xeh31Ty)
(DRIVE Xeh31Ty X9JJWGryKp1iJ5JrjK3)
(WALK TA_X9NiO9NIt6mT X4o Xb88Y9j2qm7Ik9Uc1Akg)
(HOMESAFE TA_X9Nio9nit6mt Xb88Y9j2qm7Ik9Uc1Akg)
(DRIVE X9JJWGryKp1iJ5JrjK3 Xeh31Ty)
(DRIVE Xeh31Ty X4o)
(DROPOFF TA_XgE2u1BLhV0VP9W4K X4o)
(DRIVE X4o Xeh31Ty)
(DRIVE Xeh31Ty X9JJWGryKp1iJ5JrjK3)
(WALK TA_XgE2u1BLhV0VP9W4K X4o Xeh31Ty)
(DRIVE X9JJWGryKp1iJ5JrjK3 XqaNF4)
(DRIVE XqaNF4 XEEGmmDga)
(DRIVE XEEGmmDga X8AGaG4q0Iof9C)
(WALK TA_XgE2u1BLhV0VP9W4K Xeh31Ty X5NI1AGh6XyxT39yE)
(WALK TA_XgE2u1BLhV0VP9W4K X5NI1AGh6XyxT39yE XLgZ3kgV)
(DRIVE X8AGaG4q0Iof9C XTgw4KRLY56280J0)
(DROPOFF TA_XtH7nO948j59TD XTgw4KRLY56280J0)
(HOMESAFE TA_Xth7no948j59td Xtgw4KRLY56280J0)
(DRIVE XTgw4KRLY56280J0 Xo2TJY8U)
(DROPOFF TA_XIU22L8 Xo2TJY8U)
(HOMESAFE TA_XIU22L8 Xo2TJY8U)
(DRIVE Xo2TJY8U XTgw4KRLY56280J0)
(DRIVE XTgw4KRLY56280J0 X8AGaG4q0Iof9C)
(DRIVE X8AGaG4q0Iof9C XEEGmmDga)
(DRIVE XEEGmmDga XqaNF4)
(DRIVE XqaNF4 XGqPS06)
(WALK TA_XgE2u1BLhV0VP9W4K XLgZ3kgV XzvAc9Z2d7eDxV)
(WALK TA_XgE2u1BLhV0VP9W4K XzvAc9Z2d7eDxV XgE2u1BLhV0VP9W4K)
(DRIVE XGqPS06 XtH7nO948j59TD)
(DROPOFF TA_XowJxU5AByA1usDUB3gkv XtH7nO948j59TD)
(HOMESAFE TA_Xowjxu5abya1usdub3gkv XtH7nO948j59TD)
(DRIVE XtH7nO948j59TD X10rY1cuVgs)
(DROPOFF TA_XB6zwxFUTXP7207OU X10rY1cuVgs)
(DRIVE X10rY1cuVgs XXwqXZ5)
(WALK TA_XB6zwxFUTXP7207OU X10rY1cuVgs Xe2CQ)
(HOMESAFE TA_XB6zwxfutxp7207ou Xe2CQ)
(DRIVE XXwqXZ5 X4o)
(DROPOFF TA_X3l6XBJU8C1Vc5ugKIhUy X4o)
(DRIVE X4o XXwqXZ5)
(DRIVE XXwqXZ5 XEEGmmDga)
(DRIVE XEEGmmDga XqaNF4)
(DRIVE XqaNF4 Xa049zYG55Zn66Xbmpdp0)
(WALK TA_X3l6XBJU8C1Vc5ugKIhUy X4o Xt4g038uD0J7N2MjjK)
(DRIVE Xa049zYG55Zn66Xbmpdp0 X3AZZS7ZlVKs4rRsl)
(DROPOFF TA_Xl X3AZZS7ZlVKs4rRsl)
(DRIVE X3AZZS7ZlVKs4rRsl Xa049zYG55Zn66Xbmpdp0)
(WALK TA_Xl X3AZZS7ZlVKs4rRsl XVg)
(DRIVE Xa049zYG55Zn66Xbmpdp0 XqaNF4)
(WALK TA_Xl XVg X5J)
(WALK TA_Xl X5J X23LQ1uFKh)
(WALK TA_Xl X23LQ1uFKh Xl)
(HOMESAFE TA_Xl Xl)
(DRIVE XqaNF4 XEEGmmDga)
(DRIVE XEEGmmDga XXwqXZ5)
(DRIVE XXwqXZ5 X10rY1cuVgs)
(DROPOFF TA_XfnMwNw1M6Naw X10rY1cuVgs)
(DRIVE X10rY1cuVgs XXwqXZ5)
(DRIVE XXwqXZ5 XEEGmmDga)
(DRIVE XEEGmmDga XqaNF4)
(DRIVE XqaNF4 Xa049zYG55Zn66Xbmpdp0)
(WALK TA_XfnMwNw1M6Naw X10rY1cuVgs XIU22L8)
(WALK TA_XgE2u1BLhV0VP9W4K XgE2u1BLhV0VP9W4K XzvAc9Z2d7eDxV)
(WALK TA_XgE2u1BLhV0VP9W4K XzvAc9Z2d7eDxV XLgZ3kgV)
(WALK TA_XgE2u1BLhV0VP9W4K XLgZ3kgV X5NI1AGh6XyxT39yE)
(HOMESAFE TA_Xge2u1blhv0vp9w4k X5NI1AGh6XyxT39yE)
(WALK TA_X3l6XBJU8C1Vc5ugKIhUy Xt4g038uD0J7N2MjjK X4o)
(DRIVE Xa049zYG55Zn66Xbmpdp0 X3AZZS7ZlVKs4rRsl)
(DRIVE X3AZZS7ZlVKs4rRsl XgE2u1BLhV0VP9W4K)
(DROPOFF TA_Xa049zYG55Zn66Xbmpdp0 XgE2u1BLhV0VP9W4K)
(DRIVE XgE2u1BLhV0VP9W4K XFXctIQn9v)
(DRIVE XFXctIQn9v Xawsq33VKPi6omYhDxD)
(HOMESAFE TA_Xfnmwnw1m6naw XiU22L8)
(DROPOFF TA_Xt4g038uD0J7N2MjjK Xawsq33VKPi6omYhDxD)
(HOMESAFE TA_Xt4g038ud0j7n2mjjk Xawsq33VKPi6omYhDxD)
(DRIVE Xawsq33VKPi6omYhDxD XEEGmmDga)
(DRIVE XEEGmmDga XXwqXZ5)
(DRIVE XXwqXZ5 X10rY1cuVgs)
(DROPOFF TA_X5NI1AGh6XyxT39yE X10rY1cuVgs)
(HOMESAFE TA_X5NI1AGh6xyxt39ye X10rY1cuVgs)
(DRIVE X10rY1cuVgs XXwqXZ5)
(DRIVE XXwqXZ5 XEEGmmDga)
(DRIVE XEEGmmDga XqaNF4)
(WALK TA_X3l6XBJU8C1Vc5ugKIhUy X4o Xt4g038uD0J7N2MjjK)
(DRIVE XqaNF4 X9NiO9NIt6mT)
(DROPOFF TA_Xe2CQ X9NiO9NIt6mT)
(HOMESAFE TA_Xe2cq X9NiO9NIt6mT)
(DRIVE X9NiO9NIt6mT XqaNF4)
(DRIVE XqaNF4 Xa049zYG55Zn66Xbmpdp0)
(DRIVE Xa049zYG55Zn66Xbmpdp0 X3AZZS7ZlVKs4rRsl)
(DRIVE X3AZZS7ZlVKs4rRsl XT930LVMZqWnRhtA)
(DROPOFF TA_Xo2TJY8U XT930LVMZqWnRhtA)
(HOMESAFE TA_Xo2tjy8u Xt930LVMZqWnRhtA)
(DRIVE XT930LVMZqWnRhtA XbIXpEU56v5EwRurYx)
(DROPOFF TA_Xawsq33VKPi6omYhDxD XbIXpEU56v5EwRurYx)
(HOMESAFE TA_Xawsq33vkpi6omyhdxd XbIXpEU56v5EwRurYx)
(DRIVE XbIXpEU56v5EwRurYx XT930LVMZqWnRhtA)
(DRIVE XT930LVMZqWnRhtA X3AZZS7ZlVKs4rRsl)
(DROPOFF TA_XTgw4KRLY56280J0 X3AZZS7ZlVKs4rRsl)
(HOMESAFE TA_XTgw4krly56280j0 X3AZZS7ZlVKs4rRsl)
(DRIVE X3AZZS7ZlVKs4rRsl XVg)
(DRIVE XVg X3l6XBJU8C1Vc5ugKIhUy)
(DRIVE X3l6XBJU8C1Vc5ugKIhUy XJ)
(DROPOFF TA_X3AZZS7ZlVKs4rRsl XJ)
(DRIVE XJ X3l6XBJU8C1Vc5ugKIhUy)
(DROPOFF TA_XzvAc9Z2d7eDxV X3l6XBJU8C1Vc5ugKIhUy)
(DRIVE X3l6XBJU8C1Vc5ugKIhUy XJ)
(DRIVE XJ Xa049zYG55Zn66Xbmpdp0)
(DRIVE Xa049zYG55Zn66Xbmpdp0 XqaNF4)
(HOMESAFE TA_Xa049zyg55zn66xbmpdp0 XgE2u1BLhV0VP9W4K)
(DRIVE XqaNF4 XEEGmmDga)
(DRIVE XEEGmmDga XgE2u1BLhV0VP9W4K)
(DRIVE XgE2u1BLhV0VP9W4K XzvAc9Z2d7eDxV)
(DROPOFF TA_XbIXpEU56v5EwRurYx XzvAc9Z2d7eDxV)
(HOMESAFE TA_Xbixpeu56v5ewruryx XzvAc9Z2d7eDxV)
(HOMESAFE TA_X3l6xbju8c1vc5ugkihuy Xt4g038uD0J7N2MjjK)
(DRIVE XzvAc9Z2d7eDxV XLgZ3kgV)
(DRIVE XLgZ3kgV X5NI1AGh6XyxT39yE)
(HOMESAFE TA_Xzvac9z2d7edxv X3l6XBJU8C1Vc5ugKIhUy)
(DRIVE X5NI1AGh6XyxT39yE Xeh31Ty)
(DRIVE Xeh31Ty X4o)
(DROPOFF TA_XT930LVMZqWnRhtA X4o)
(DRIVE X4o XXwqXZ5)
(HOMESAFE TA_X3AZZS7Zlvks4rrsl Xj)
(DRIVE XXwqXZ5 XEEGmmDga)
(DRIVE XEEGmmDga Xawsq33VKPi6omYhDxD)
(HOMESAFE TA_XT930LVMZqwnrhta X4o)
