(DRIVE Xa0 Xb5)
(DROPOFF TA_Xf4 Xb5)
(HOMESAFE TA_Xf4 Xb5)
(DRIVE Xb5 Xa0)
(DRIVE Xa0 Xb9)
(DROPOFF TA_Xf3 Xb9)
(HOMESAFE TA_Xf3 Xb9)
(DRIVE Xb9 Xb6)
(DROPOFF TA_Xf2 Xb6)
(HOMESAFE TA_Xf2 Xb6)
(DRIVE Xb6 Xf7)
(DRIVE Xf7 Xi1)
(DRIVE Xi1 Xe3)
(DROPOFF TA_Xf1 Xe3)
(HOMESAFE TA_Xf1 Xe3)
(DRIVE Xe3 Xi1)
(DRIVE Xi1 Xf7)
(DRIVE Xf7 Xb6)
(DRIVE Xb6 Xb7)
(DROPOFF TA_Xf0 Xb7)
(DRIVE Xb7 Xb6)
(DRIVE Xb6 Xa0)
(DRIVE Xa0 Xb4)
(DROPOFF TA_Xe9 Xb4)
(HOMESAFE TA_Xe9 Xb4)
(DRIVE Xb4 Xa0)
(WALK TA_Xf0 Xb7 Xb8)
(HOMESAFE TA_Xf0 Xb8)
(DRIVE Xa0 Xc9)
(DROPOFF TA_Xe8 Xc9)
(DRIVE Xc9 Xa0)
(WALK TA_Xe8 Xc9 Xe8)
(WALK TA_Xe8 Xe8 Xd7)
(DRIVE Xa0 Xc9)
(DROPOFF TA_Xe7 Xc9)
(HOMESAFE TA_Xe7 Xc9)
(DRIVE Xc9 Xa0)
(DRIVE Xa0 Xh5)
(DRIVE Xh5 Xe2)
(DROPOFF TA_Xe6 Xe2)
(HOMESAFE TA_Xe6 Xe2)
(DRIVE Xe2 Xh5)
(DRIVE Xh5 Xe4)
(DROPOFF TA_Xe5 Xe4)
(HOMESAFE TA_Xe5 Xe4)
(DRIVE Xe4 Xh5)
(DRIVE Xh5 Xa0)
(DRIVE Xa0 Xj3)
(DRIVE Xj3 Xf3)
(DROPOFF TA_Xe4 Xf3)
(HOMESAFE TA_Xe4 Xf3)
(DRIVE Xf3 Xj3)
(DRIVE Xj3 Xf0)
(DROPOFF TA_Xe3 Xf0)
(HOMESAFE TA_Xe3 Xf0)
(DRIVE Xf0 Xj3)
(DRIVE Xj3 Xa0)
(DRIVE Xa0 Xb6)
(DRIVE Xb6 Xb7)
(DROPOFF TA_Xe2 Xb7)
(DRIVE Xb7 Xb6)
(DRIVE Xb6 Xa0)
(WALK TA_Xe2 Xb7 Xd5)
(HOMESAFE TA_Xe2 Xd5)
(DRIVE Xa0 Xb6)
(DRIVE Xb6 Xb7)
(DROPOFF TA_Xe1 Xb7)
(HOMESAFE TA_Xe1 Xb7)
(DRIVE Xb7 Xb6)
(DRIVE Xb6 Xa0)
(DRIVE Xa0 Xa1)
(DRIVE Xa1 Xb1)
(DROPOFF TA_Xe0 Xb1)
(HOMESAFE TA_Xe0 Xb1)
(DRIVE Xb1 Xj6)
(DRIVE Xj6 Xc4)
(HOMESAFE TA_Xe8 Xd7)
(DROPOFF TA_Xd9 Xc4)
(HOMESAFE TA_Xd9 Xc4)
(DRIVE Xc4 Xg3)
(DRIVE Xg3 Xj1)
(DRIVE Xj1 Xe9)
(DROPOFF TA_Xd8 Xe9)
(HOMESAFE TA_Xd8 Xe9)
(DRIVE Xe9 Xj1)
(DRIVE Xj1 Xg3)
(DRIVE Xg3 Xd3)
(DROPOFF TA_Xd7 Xd3)
(HOMESAFE TA_Xd7 Xd3)
(DRIVE Xd3 Xd2)
(DROPOFF TA_Xd6 Xd2)
(DRIVE Xd2 Xd4)
(DROPOFF TA_Xd5 Xd4)
(HOMESAFE TA_Xd5 Xd4)
(DRIVE Xd4 Xe1)
(DROPOFF TA_Xd4 Xe1)
(DRIVE Xe1 Xd4)
(WALK TA_Xd4 Xe1 Xe0)
(HOMESAFE TA_Xd4 Xe0)
(DRIVE Xd4 Xe1)
(DROPOFF TA_Xd3 Xe1)
(DRIVE Xe1 Xd4)
(DRIVE Xd4 Xd2)
(DRIVE Xd2 Xd3)
(DRIVE Xd3 Xg3)
(WALK TA_Xd3 Xe1 Xd4)
(WALK TA_Xd3 Xd4 Xh1)
(WALK TA_Xd6 Xd2 Xd4)
(WALK TA_Xd6 Xd4 Xe1)
(HOMESAFE TA_Xd6 Xe1)
(DRIVE Xg3 Xd3)
(DRIVE Xd3 Xd2)
(DROPOFF TA_Xd2 Xd2)
(HOMESAFE TA_Xd2 Xd2)
(DRIVE Xd2 Xd3)
(DRIVE Xd3 Xg3)
(WALK TA_Xd3 Xh1 Xg8)
(WALK TA_Xd3 Xg8 Xf4)
(HOMESAFE TA_Xd3 Xf4)
(DRIVE Xg3 Xe6)
(DROPOFF TA_Xd1 Xe6)
(HOMESAFE TA_Xd1 Xe6)
(DRIVE Xe6 Xe7)
(DROPOFF TA_Xd0 Xe7)
(HOMESAFE TA_Xd0 Xe7)
(DRIVE Xe7 Xi1)
(DRIVE Xi1 Xe5)
(DROPOFF TA_Xc9 Xe5)
(HOMESAFE TA_Xc9 Xe5)
(DRIVE Xe5 Xi1)
(DRIVE Xi1 Xf7)
(DRIVE Xf7 Xb6)
(DRIVE Xb6 Xa0)
(DRIVE Xa0 Xa1)
(DRIVE Xa1 Xb3)
(DROPOFF TA_Xc8 Xb3)
(HOMESAFE TA_Xc8 Xb3)
(DRIVE Xb3 Xa1)
(DRIVE Xa1 Xb0)
(DROPOFF TA_Xc7 Xb0)
(HOMESAFE TA_Xc7 Xb0)
(DRIVE Xb0 Xa1)
(DRIVE Xa1 Xb2)
(DROPOFF TA_Xc6 Xb2)
(HOMESAFE TA_Xc6 Xb2)
(DRIVE Xb2 Xa1)
(DRIVE Xa1 Xa0)
(DRIVE Xa0 Xa3)
(DRIVE Xa3 Xf2)
(DROPOFF TA_Xc5 Xf2)
(DRIVE Xf2 Xa3)
(DRIVE Xa3 Xa0)
(WALK TA_Xc5 Xf2 Xf1)
(WALK TA_Xc5 Xf1 Xd1)
(WALK TA_Xc5 Xd1 Xc8)
(DRIVE Xa0 Xa3)
(DRIVE Xa3 Xf2)
(DROPOFF TA_Xc4 Xf2)
(HOMESAFE TA_Xc4 Xf2)
(WALK TA_Xc5 Xc8 Xc6)
(DRIVE Xf2 Xf1)
(DROPOFF TA_Xc3 Xf1)
(DRIVE Xf1 Xf2)
(DRIVE Xf2 Xa3)
(DRIVE Xa3 Xa0)
(DRIVE Xa0 Xc9)
(DRIVE Xc9 Xe8)
(DROPOFF TA_Xc2 Xe8)
(HOMESAFE TA_Xc2 Xe8)
(DRIVE Xe8 Xc9)
(DRIVE Xc9 Xa0)
(WALK TA_Xc5 Xc6 Xc5)
(HOMESAFE TA_Xc5 Xc5)
(WALK TA_Xc3 Xf1 Xd1)
(WALK TA_Xc3 Xd1 Xc8)
(WALK TA_Xc3 Xc8 Xc6)
(WALK TA_Xc3 Xc6 Xc7)
(HOMESAFE TA_Xc3 Xc7)
(DRIVE Xa0 Xa3)
(DRIVE Xa3 Xf2)
(DRIVE Xf2 Xf1)
(DRIVE Xf1 Xd1)
(DROPOFF TA_Xc1 Xd1)
(HOMESAFE TA_Xc1 Xd1)
(DRIVE Xd1 Xc8)
(DROPOFF TA_Xc0 Xc8)
(DRIVE Xc8 Xd1)
(DRIVE Xd1 Xf1)
(DROPOFF TA_Xb9 Xf1)
(DRIVE Xf1 Xf2)
(DRIVE Xf2 Xa3)
(WALK TA_Xc0 Xc8 Xc6)
(HOMESAFE TA_Xc0 Xc6)
(WALK TA_Xb9 Xf1 Xd1)
(WALK TA_Xb9 Xd1 Xc8)
(HOMESAFE TA_Xb9 Xc8)
(DRIVE Xa3 Xf2)
(DRIVE Xf2 Xf1)
(DROPOFF TA_Xb8 Xf1)
(HOMESAFE TA_Xb8 Xf1)
(DRIVE Xf1 Xf2)
(DRIVE Xf2 Xa3)
(DRIVE Xa3 Xc2)
(DROPOFF TA_Xb7 Xc2)
(DRIVE Xc2 Xd0)
(DROPOFF TA_Xb6 Xd0)
(HOMESAFE TA_Xb6 Xd0)
(WALK TA_Xb7 Xc2 Xa3)
(DRIVE Xd0 Xc2)
(DROPOFF TA_Xb5 Xc2)
(HOMESAFE TA_Xb5 Xc2)
(DRIVE Xc2 Xd0)
(WALK TA_Xb7 Xa3 Xc0)
(WALK TA_Xb7 Xc0 Xc1)
(DRIVE Xd0 Xa9)
(DRIVE Xa9 Xd6)
(DROPOFF TA_Xb4 Xd6)
(HOMESAFE TA_Xb4 Xd6)
(DRIVE Xd6 Xd8)
(DROPOFF TA_Xb3 Xd8)
(HOMESAFE TA_Xb3 Xd8)
(DRIVE Xd8 Xd6)
(DRIVE Xd6 Xi9)
(DRIVE Xi9 Xc3)
(DROPOFF TA_Xb2 Xc3)
(HOMESAFE TA_Xb2 Xc3)
(DRIVE Xc3 Xi9)
(DRIVE Xi9 Xd6)
(DRIVE Xd6 Xa9)
(DRIVE Xa9 Xa8)
(DRIVE Xa8 Xa7)
(DRIVE Xa7 Xd9)
(DROPOFF TA_Xb1 Xd9)
(HOMESAFE TA_Xb1 Xd9)
(DRIVE Xd9 Xa7)
(DRIVE Xa7 Xa8)
(DRIVE Xa8 Xa9)
(DRIVE Xa9 Xd0)
(DRIVE Xd0 Xc2)
(DRIVE Xc2 Xa3)
(HOMESAFE TA_Xb7 Xc1)
(DRIVE Xa3 Xc0)
(DROPOFF TA_Xb0 Xc0)
(HOMESAFE TA_Xb0 Xc0)
(DRIVE Xc0 Xa3)
(DRIVE Xa3 Xa0)
