(DROPOFF TA_XAA XAA)
(HOMESAFE TA_XAA XAA)
(DROPOFF TA_XAF XAA)
(WALK TA_XAF XAA XAB)
(HOMESAFE TA_XAF XAB)
(DROPOFF TA_XEZ XAA)
(WALK TA_XEZ XAA XDT)
(HOMESAFE TA_XEZ XDT)
(DROPOFF TA_XAP XAA)
(WALK TA_XAP XAA XAD)
(HOMESAFE TA_XAP XAD)
(DROPOFF TA_XAK XAA)
(WALK TA_XAK XAA XAC)
(HOMESAFE TA_XAK XAC)
(DROPOFF TA_XAC XAA)
(WALK TA_XAC XAA XAC)
(WALK TA_XAC XAC XAJ)
(HOMESAFE TA_XAC XAJ)
(DROPOFF TA_XBJ XAA)
(WALK TA_XBJ XAA XAB)
(WALK TA_XBJ XAB XAH)
(HOMESAFE TA_XBJ XAH)
(DROPOFF TA_XBK XAA)
(WALK TA_XBK XAA XAB)
(WALK TA_XBK XAB XAF)
(HOMESAFE TA_XBK XAF)
(DROPOFF TA_XDP XAA)
(WALK TA_XDP XAA XAB)
(WALK TA_XDP XAB XAE)
(HOMESAFE TA_XDP XAE)
(DROPOFF TA_XAM XAA)
(WALK TA_XAM XAA XAD)
(WALK TA_XAM XAD XAK)
(HOMESAFE TA_XAM XAK)
(DROPOFF TA_XDQ XAA)
(WALK TA_XDQ XAA XAD)
(WALK TA_XDQ XAD XAN)
(HOMESAFE TA_XDQ XAN)
(DROPOFF TA_XAB XAA)
(WALK TA_XAB XAA XAD)
(WALK TA_XAB XAD XAL)
(HOMESAFE TA_XAB XAL)
(DROPOFF TA_XAG XAA)
(WALK TA_XAG XAA XAB)
(WALK TA_XAG XAB XAG)
(HOMESAFE TA_XAG XAG)
(DROPOFF TA_XAD XAA)
(WALK TA_XAD XAA XAB)
(WALK TA_XAD XAB XAE)
(WALK TA_XAD XAE XAO)
(HOMESAFE TA_XAD XAO)
(DROPOFF TA_XFC XAA)
(WALK TA_XFC XAA XDT)
(WALK TA_XFC XDT XCX)
(WALK TA_XFC XCX XDU)
(HOMESAFE TA_XFC XDU)
(DROPOFF TA_XDT XAA)
(WALK TA_XDT XAA XDT)
(WALK TA_XDT XDT XCX)
(WALK TA_XDT XCX XDS)
(HOMESAFE TA_XDT XDS)
(DROPOFF TA_XBH XAA)
(WALK TA_XBH XAA XAD)
(WALK TA_XBH XAD XAN)
(WALK TA_XBH XAN XCY)
(WALK TA_XBH XCY XDW)
(HOMESAFE TA_XBH XDW)
(DROPOFF TA_XDS XAA)
(WALK TA_XDS XAA XAB)
(WALK TA_XDS XAB XAE)
(WALK TA_XDS XAE XAO)
(WALK TA_XDS XAO XAQ)
(HOMESAFE TA_XDS XAQ)
(DROPOFF TA_XAO XAA)
(WALK TA_XAO XAA XAD)
(WALK TA_XAO XAD XAN)
(WALK TA_XAO XAN XCY)
(WALK TA_XAO XCY XDV)
(HOMESAFE TA_XAO XDV)
(DROPOFF TA_XEX XAA)
(WALK TA_XEX XAA XAB)
(WALK TA_XEX XAB XAG)
(WALK TA_XEX XAG XBC)
(WALK TA_XEX XBC XBK)
(HOMESAFE TA_XEX XBK)
(DROPOFF TA_XDX XAA)
(WALK TA_XDX XAA XAD)
(WALK TA_XDX XAD XDN)
(WALK TA_XDX XDN XCT)
(WALK TA_XDX XCT XAM)
(HOMESAFE TA_XDX XAM)
(DROPOFF TA_XBD XAA)
(WALK TA_XBD XAA XAB)
(WALK TA_XBD XAB XAE)
(WALK TA_XBD XAE XAO)
(WALK TA_XBD XAO XAP)
(HOMESAFE TA_XBD XAP)
(DROPOFF TA_XAE XAA)
(WALK TA_XAE XAA XAB)
(WALK TA_XAE XAB XAG)
(WALK TA_XAE XAG XAZ)
(WALK TA_XAE XAZ XBD)
(HOMESAFE TA_XAE XBD)
(DROPOFF TA_XDY XAA)
(WALK TA_XDY XAA XAB)
(WALK TA_XDY XAB XAG)
(WALK TA_XDY XAG XBA)
(WALK TA_XDY XBA XBF)
(HOMESAFE TA_XDY XBF)
(DROPOFF TA_XEY XAA)
(WALK TA_XEY XAA XAB)
(WALK TA_XEY XAB XAG)
(WALK TA_XEY XAG XBA)
(WALK TA_XEY XBA XBG)
(HOMESAFE TA_XEY XBG)
(DROPOFF TA_XAJ XAA)
(WALK TA_XAJ XAA XAB)
(WALK TA_XAJ XAB XAG)
(WALK TA_XAJ XAG XBA)
(WALK TA_XAJ XBA XBE)
(HOMESAFE TA_XAJ XBE)
(DROPOFF TA_XAI XAA)
(WALK TA_XAI XAA XAB)
(WALK TA_XAI XAB XAG)
(WALK TA_XAI XAG XBC)
(WALK TA_XAI XBC XBJ)
(HOMESAFE TA_XAI XBJ)
(DROPOFF TA_XDZ XAA)
(WALK TA_XDZ XAA XAB)
(WALK TA_XDZ XAB XAG)
(WALK TA_XDZ XAG XBB)
(WALK TA_XDZ XBB XBI)
(HOMESAFE TA_XDZ XBI)
(DROPOFF TA_XAN XAA)
(WALK TA_XAN XAA XAB)
(WALK TA_XAN XAB XAG)
(WALK TA_XAN XAG XBB)
(WALK TA_XAN XBB XBH)
(HOMESAFE TA_XAN XBH)
(DROPOFF TA_XEO XAA)
(WALK TA_XEO XAA XAB)
(WALK TA_XEO XAB XAH)
(WALK TA_XEO XAH XBN)
(WALK TA_XEO XBN XBS)
(WALK TA_XEO XBS XFF)
(HOMESAFE TA_XEO XFF)
(DROPOFF TA_XEN XAA)
(WALK TA_XEN XAA XAD)
(WALK TA_XEN XAD XDN)
(WALK TA_XEN XDN XCT)
(WALK TA_XEN XCT XAM)
(WALK TA_XEN XAM XCW)
(WALK TA_XEN XCW XDP)
(HOMESAFE TA_XEN XDP)
(DROPOFF TA_XFB XAA)
(WALK TA_XFB XAA XAD)
(WALK TA_XFB XAD XDN)
(WALK TA_XFB XDN XCT)
(WALK TA_XFB XCT XAM)
(WALK TA_XFB XAM XCV)
(WALK TA_XFB XCV XDR)
(HOMESAFE TA_XFB XDR)
(DROPOFF TA_XAQ XAA)
(WALK TA_XAQ XAA XAB)
(WALK TA_XAQ XAB XAG)
(WALK TA_XAQ XAG XBC)
(WALK TA_XAQ XBC XBK)
(WALK TA_XAQ XBK XFE)
(WALK TA_XAQ XFE XDZ)
(HOMESAFE TA_XAQ XDZ)
(DROPOFF TA_XFA XAA)
(WALK TA_XFA XAA XAD)
(WALK TA_XFA XAD XDN)
(WALK TA_XFA XDN XCT)
(WALK TA_XFA XCT XAM)
(WALK TA_XFA XAM XCW)
(WALK TA_XFA XCW XDQ)
(HOMESAFE TA_XFA XDQ)
(DROPOFF TA_XDV XAA)
(WALK TA_XDV XAA XAB)
(WALK TA_XDV XAB XAH)
(WALK TA_XDV XAH XBM)
(WALK TA_XDV XBM XBP)
(WALK TA_XDV XBP XCE)
(WALK TA_XDV XCE XBW)
(WALK TA_XDV XBW XAI)
(HOMESAFE TA_XDV XAI)
(DROPOFF TA_XDW XAA)
(WALK TA_XDW XAA XAB)
(WALK TA_XDW XAB XAG)
(WALK TA_XDW XAG XBC)
(WALK TA_XDW XBC XBK)
(WALK TA_XDW XBK XFE)
(WALK TA_XDW XFE XDZ)
(WALK TA_XDW XDZ XEC)
(WALK TA_XDW XEC XDX)
(HOMESAFE TA_XDW XDX)
(DROPOFF TA_XAL XAA)
(WALK TA_XAL XAA XAB)
(WALK TA_XAL XAB XAG)
(WALK TA_XAL XAG XBC)
(WALK TA_XAL XBC XBK)
(WALK TA_XAL XBK XFE)
(WALK TA_XAL XFE XDZ)
(WALK TA_XAL XDZ XEC)
(WALK TA_XAL XEC XDX)
(WALK TA_XAL XDX XDY)
(HOMESAFE TA_XAL XDY)
(DROPOFF TA_XBI XAA)
(WALK TA_XBI XAA XAB)
(WALK TA_XBI XAB XAG)
(WALK TA_XBI XAG XBC)
(WALK TA_XBI XBC XBK)
(WALK TA_XBI XBK XFE)
(WALK TA_XBI XFE XDZ)
(WALK TA_XBI XDZ XEC)
(WALK TA_XBI XEC XEB)
(WALK TA_XBI XEB XEA)
(WALK TA_XBI XEA XFC)
(HOMESAFE TA_XBI XFC)
(DROPOFF TA_XDU XAA)
(WALK TA_XDU XAA XAB)
(WALK TA_XDU XAB XAG)
(WALK TA_XDU XAG XBC)
(WALK TA_XDU XBC XBK)
(WALK TA_XDU XBK XFE)
(WALK TA_XDU XFE XDZ)
(WALK TA_XDU XDZ XEC)
(WALK TA_XDU XEC XEE)
(WALK TA_XDU XEE XED)
(WALK TA_XDU XED XEP)
(HOMESAFE TA_XDU XEP)
(DROPOFF TA_XBG XAA)
(WALK TA_XBG XAA XAB)
(WALK TA_XBG XAB XAG)
(WALK TA_XBG XAG XBC)
(WALK TA_XBG XBC XBK)
(WALK TA_XBG XBK XFE)
(WALK TA_XBG XFE XDZ)
(WALK TA_XBG XDZ XEC)
(WALK TA_XBG XEC XEE)
(WALK TA_XBG XEE XEF)
(WALK TA_XBG XEF XEN)
(HOMESAFE TA_XBG XEN)
(DROPOFF TA_XEP XAA)
(WALK TA_XEP XAA XAB)
(WALK TA_XEP XAB XAG)
(WALK TA_XEP XAG XBC)
(WALK TA_XEP XBC XBK)
(WALK TA_XEP XBK XFE)
(WALK TA_XEP XFE XDZ)
(WALK TA_XEP XDZ XEC)
(WALK TA_XEP XEC XEE)
(WALK TA_XEP XEE XEF)
(WALK TA_XEP XEF XEH)
(WALK TA_XEP XEH XFA)
(HOMESAFE TA_XEP XFA)
(DROPOFF TA_XBE XAA)
(WALK TA_XBE XAA XAB)
(WALK TA_XBE XAB XAG)
(WALK TA_XBE XAG XBC)
(WALK TA_XBE XBC XBK)
(WALK TA_XBE XBK XFE)
(WALK TA_XBE XFE XDZ)
(WALK TA_XBE XDZ XEC)
(WALK TA_XBE XEC XEB)
(WALK TA_XBE XEB XEA)
(WALK TA_XBE XEA XEI)
(WALK TA_XBE XEI XFB)
(HOMESAFE TA_XBE XFB)
(DROPOFF TA_XBF XAA)
(WALK TA_XBF XAA XAB)
(WALK TA_XBF XAB XAG)
(WALK TA_XBF XAG XBC)
(WALK TA_XBF XBC XBK)
(WALK TA_XBF XBK XFE)
(WALK TA_XBF XFE XDZ)
(WALK TA_XBF XDZ XEC)
(WALK TA_XBF XEC XEE)
(WALK TA_XBF XEE XEF)
(WALK TA_XBF XEF XEN)
(WALK TA_XBF XEN XEQ)
(WALK TA_XBF XEQ XEO)
(HOMESAFE TA_XBF XEO)
(DROPOFF TA_XAH XAA)
(WALK TA_XAH XAA XAB)
(WALK TA_XAH XAB XAG)
(WALK TA_XAH XAG XBC)
(WALK TA_XAH XBC XBK)
(WALK TA_XAH XBK XFE)
(WALK TA_XAH XFE XDZ)
(WALK TA_XAH XDZ XEC)
(WALK TA_XAH XEC XEE)
(WALK TA_XAH XEE XEF)
(WALK TA_XAH XEF XEL)
(WALK TA_XAH XEL XEW)
(WALK TA_XAH XEW XEX)
(HOMESAFE TA_XAH XEX)
(DROPOFF TA_XDR XAA)
(WALK TA_XDR XAA XAB)
(WALK TA_XDR XAB XAG)
(WALK TA_XDR XAG XBC)
(WALK TA_XDR XBC XBK)
(WALK TA_XDR XBK XFE)
(WALK TA_XDR XFE XDZ)
(WALK TA_XDR XDZ XEC)
(WALK TA_XDR XEC XEE)
(WALK TA_XDR XEE XEF)
(WALK TA_XDR XEF XEH)
(WALK TA_XDR XEH XEJ)
(WALK TA_XDR XEJ XEZ)
(HOMESAFE TA_XDR XEZ)
(DROPOFF TA_XFF XAA)
(WALK TA_XFF XAA XAB)
(WALK TA_XFF XAB XAG)
(WALK TA_XFF XAG XBC)
(WALK TA_XFF XBC XBK)
(WALK TA_XFF XBK XFE)
(WALK TA_XFF XFE XDZ)
(WALK TA_XFF XDZ XEC)
(WALK TA_XFF XEC XEE)
(WALK TA_XFF XEE XEF)
(WALK TA_XFF XEF XEL)
(WALK TA_XFF XEL XEW)
(WALK TA_XFF XEW XEX)
(WALK TA_XFF XEX XEY)
(HOMESAFE TA_XFF XEY)
