(DRIVE XMASA01 XMASA07)
(DRIVE XMASA07 XMASA08)
(DRIVE XMASA08 XMASA09)
(DRIVE XMASA09 XMASA10)
(DRIVE XMASA10 XMASA11)
(DRIVE XMASA11 XMASB07)
(DRIVE XMASB07 XMASB08)
(DRIVE XMASB08 XMASB09)
(DRIVE XMASB09 XMASB10)
(DRIVE XMASB10 XMASB11)
(DRIVE XMASB11 XMASC07)
(DRIVE XMASC07 XMASC08)
(DRIVE XMASC08 XMASC09)
(DRIVE XMASC09 XMASC10)
(DRIVE XMASC10 XMASC11)
(DROPOFF TA_XMASA02 XMASC11)
(HOMESAFE TA_XMASA02 XMASC11)
(DRIVE XMASC11 XMASC10)
(DROPOFF TA_XMASA04 XMASC10)
(HOMESAFE TA_XMASA04 XMASC10)
(DRIVE XMASC10 XMASC09)
(DROPOFF TA_XMASA05 XMASC09)
(HOMESAFE TA_XMASA05 XMASC09)
(DRIVE XMASC09 XMASC10)
(DRIVE XMASC10 XMASC11)
(DRIVE XMASC11 XMBSA01)
(DRIVE XMBSA01 XMBSA07)
(DRIVE XMBSA07 XMBSA08)
(DROPOFF TA_XMASA08 XMBSA08)
(HOMESAFE TA_XMASA08 XMBSA08)
(DRIVE XMBSA08 XMBSA07)
(DRIVE XMBSA07 XMBSA01)
(DRIVE XMBSA01 XMASC11)
(DRIVE XMASC11 XMASC10)
(DRIVE XMASC10 XMASC09)
(DRIVE XMASC09 XMASC08)
(DROPOFF TA_XMASA09 XMASC08)
(HOMESAFE TA_XMASA09 XMASC08)
(DRIVE XMASC08 XMASC09)
(DRIVE XMASC09 XMASC10)
(DRIVE XMASC10 XMASC11)
(DRIVE XMASC11 XMASC12)
(DROPOFF TA_XMASA10 XMASC12)
(HOMESAFE TA_XMASA10 XMASC12)
(DRIVE XMASC12 XMASC11)
(DRIVE XMASC11 XMBSA01)
(DRIVE XMBSA01 XMBSA07)
(DRIVE XMBSA07 XMBSA08)
(DRIVE XMBSA08 XMBSA09)
(DROPOFF TA_XMASA11 XMBSA09)
(HOMESAFE TA_XMASA11 XMBSA09)
(DRIVE XMBSA09 XMBSA10)
(DROPOFF TA_XMASA12 XMBSA10)
(HOMESAFE TA_XMASA12 XMBSA10)
(DRIVE XMBSA10 XMBSA09)
(DRIVE XMBSA09 XMBSA08)
(DRIVE XMBSA08 XMBSA07)
(DRIVE XMBSA07 XMBSA06)
(DRIVE XMBSA06 XMBSA03)
(DRIVE XMBSA03 XMBSA05)
(DROPOFF TA_XMASB02 XMBSA05)
(HOMESAFE TA_XMASB02 XMBSA05)
(DRIVE XMBSA05 XMBSA03)
(DRIVE XMBSA03 XMBSA06)
(DRIVE XMBSA06 XMBSA07)
(DRIVE XMBSA07 XMBSA08)
(DRIVE XMBSA08 XMBSA09)
(DRIVE XMBSA09 XMBSA10)
(DRIVE XMBSA10 XMBSA11)
(DROPOFF TA_XMASB04 XMBSA11)
(HOMESAFE TA_XMASB04 XMBSA11)
(DRIVE XMBSA11 XMBSA10)
(DRIVE XMBSA10 XMBSA09)
(DRIVE XMBSA09 XMBSA08)
(DRIVE XMBSA08 XMBSA07)
(DRIVE XMBSA07 XMBSA01)
(DRIVE XMBSA01 XMASC11)
(DRIVE XMASC11 XMASC10)
(DRIVE XMASC10 XMASC09)
(DRIVE XMASC09 XMASC08)
(DRIVE XMASC08 XMASC07)
(DRIVE XMASC07 XMASB11)
(DROPOFF TA_XMASB05 XMASB11)
(HOMESAFE TA_XMASB05 XMASB11)
(DRIVE XMASB11 XMASC07)
(DRIVE XMASC07 XMASC06)
(DRIVE XMASC06 XMASC03)
(DRIVE XMASC03 XMASC05)
(DROPOFF TA_XMASB08 XMASC05)
(HOMESAFE TA_XMASB08 XMASC05)
(DRIVE XMASC05 XMASC03)
(DRIVE XMASC03 XMASC06)
(DRIVE XMASC06 XMASC07)
(DRIVE XMASC07 XMASC08)
(DRIVE XMASC08 XMASC09)
(DRIVE XMASC09 XMASC10)
(DRIVE XMASC10 XMASC11)
(DRIVE XMASC11 XMBSA01)
(DRIVE XMBSA01 XMBSA07)
(DRIVE XMBSA07 XMBSA06)
(DRIVE XMBSA06 XMBSA03)
(DRIVE XMBSA03 XMBSA04)
(DROPOFF TA_XMASB09 XMBSA04)
(HOMESAFE TA_XMASB09 XMBSA04)
(DRIVE XMBSA04 XMBSA03)
(DRIVE XMBSA03 XMBSA06)
(DRIVE XMBSA06 XMBSA07)
(DRIVE XMBSA07 XMBSA08)
(DRIVE XMBSA08 XMBSA09)
(DRIVE XMBSA09 XMBSA10)
(DRIVE XMBSA10 XMBSA11)
(DRIVE XMBSA11 XMBSA12)
(DROPOFF TA_XMASB10 XMBSA12)
(HOMESAFE TA_XMASB10 XMBSA12)
(DRIVE XMBSA12 XMBSA11)
(DRIVE XMBSA11 XMBSA10)
(DRIVE XMBSA10 XMBSA09)
(DRIVE XMBSA09 XMBSA08)
(DRIVE XMBSA08 XMBSA07)
(DRIVE XMBSA07 XMBSA01)
(DRIVE XMBSA01 XMASC11)
(DRIVE XMASC11 XMASC10)
(DRIVE XMASC10 XMASC09)
(DRIVE XMASC09 XMASC08)
(DRIVE XMASC08 XMASC07)
(DRIVE XMASC07 XMASB11)
(DRIVE XMASB11 XMASB10)
(DROPOFF TA_XMASB11 XMASB10)
(HOMESAFE TA_XMASB11 XMASB10)
(DRIVE XMASB10 XMASB09)
(DROPOFF TA_XMASB12 XMASB09)
(HOMESAFE TA_XMASB12 XMASB09)
(DRIVE XMASB09 XMASB10)
(DRIVE XMASB10 XMASB11)
(DRIVE XMASB11 XMASC07)
(DRIVE XMASC07 XMASC08)
(DRIVE XMASC08 XMASC09)
(DRIVE XMASC09 XMASC10)
(DRIVE XMASC10 XMASC11)
(DRIVE XMASC11 XMBSA01)
(DRIVE XMBSA01 XMBSA07)
(DRIVE XMBSA07 XMBSA08)
(DRIVE XMBSA08 XMBSA09)
(DRIVE XMBSA09 XMBSA10)
(DRIVE XMBSA10 XMBSA11)
(DRIVE XMBSA11 XMBSB02)
(DROPOFF TA_XMASC02 XMBSB02)
(HOMESAFE TA_XMASC02 XMBSB02)
(DRIVE XMBSB02 XMBSA11)
(DRIVE XMBSA11 XMBSA10)
(DRIVE XMBSA10 XMBSA09)
(DRIVE XMBSA09 XMBSA08)
(DRIVE XMBSA08 XMBSA07)
(DRIVE XMBSA07 XMBSA01)
(DRIVE XMBSA01 XMASC11)
(DRIVE XMASC11 XMASC10)
(DRIVE XMASC10 XMASC09)
(DRIVE XMASC09 XMASC08)
(DRIVE XMASC08 XMASC07)
(DRIVE XMASC07 XMASC06)
(DRIVE XMASC06 XMASC03)
(DRIVE XMASC03 XMASC04)
(DROPOFF TA_XMASC04 XMASC04)
(HOMESAFE TA_XMASC04 XMASC04)
(DRIVE XMASC04 XMASC03)
(DRIVE XMASC03 XMASC06)
(DRIVE XMASC06 XMASC07)
(DRIVE XMASC07 XMASC08)
(DRIVE XMASC08 XMASC09)
(DRIVE XMASC09 XMASC10)
(DRIVE XMASC10 XMASC11)
(DRIVE XMASC11 XMBSA01)
(DRIVE XMBSA01 XMBSA07)
(DRIVE XMBSA07 XMBSA08)
(DRIVE XMBSA08 XMBSA09)
(DRIVE XMBSA09 XMBSA10)
(DRIVE XMBSA10 XMBSA11)
(DRIVE XMBSA11 XMBSB07)
(DRIVE XMBSB07 XMBSB08)
(DROPOFF TA_XMASC05 XMBSB08)
(HOMESAFE TA_XMASC05 XMBSB08)
(DRIVE XMBSB08 XMBSB07)
(DRIVE XMBSB07 XMBSA11)
(DRIVE XMBSA11 XMBSA10)
(DRIVE XMBSA10 XMBSA09)
(DRIVE XMBSA09 XMBSA08)
(DRIVE XMBSA08 XMBSA07)
(DRIVE XMBSA07 XMBSA01)
(DRIVE XMBSA01 XMASC11)
(DRIVE XMASC11 XMASC10)
(DRIVE XMASC10 XMASC09)
(DRIVE XMASC09 XMASC08)
(DRIVE XMASC08 XMASC07)
(DRIVE XMASC07 XMASB11)
(DRIVE XMASB11 XMASB12)
(DROPOFF TA_XMASC08 XMASB12)
(HOMESAFE TA_XMASC08 XMASB12)
(DRIVE XMASB12 XMASB11)
(DRIVE XMASB11 XMASC07)
(DRIVE XMASC07 XMASC08)
(DRIVE XMASC08 XMASC09)
(DRIVE XMASC09 XMASC10)
(DRIVE XMASC10 XMASC11)
(DRIVE XMASC11 XMBSA01)
(DRIVE XMBSA01 XMBSA07)
(DRIVE XMBSA07 XMBSA08)
(DRIVE XMBSA08 XMBSA09)
(DRIVE XMBSA09 XMBSA10)
(DRIVE XMBSA10 XMBSA11)
(DRIVE XMBSA11 XMBSB07)
(DRIVE XMBSB07 XMBSB06)
(DRIVE XMBSB06 XMBSB03)
(DRIVE XMBSB03 XMBSB05)
(DROPOFF TA_XMASC09 XMBSB05)
(HOMESAFE TA_XMASC09 XMBSB05)
(DRIVE XMBSB05 XMBSB03)
(DRIVE XMBSB03 XMBSB06)
(DRIVE XMBSB06 XMBSB07)
(DRIVE XMBSB07 XMBSA11)
(DRIVE XMBSA11 XMBSA10)
(DRIVE XMBSA10 XMBSA09)
(DRIVE XMBSA09 XMBSA08)
(DRIVE XMBSA08 XMBSA07)
(DRIVE XMBSA07 XMBSA01)
(DRIVE XMBSA01 XMASC11)
(DRIVE XMASC11 XMASC10)
(DRIVE XMASC10 XMASC09)
(DRIVE XMASC09 XMASC08)
(DRIVE XMASC08 XMASC07)
(DRIVE XMASC07 XMASB11)
(DRIVE XMASB11 XMASB10)
(DRIVE XMASB10 XMASB09)
(DRIVE XMASB09 XMASB08)
(DROPOFF TA_XMASC10 XMASB08)
(HOMESAFE TA_XMASC10 XMASB08)
(DRIVE XMASB08 XMASB09)
(DRIVE XMASB09 XMASB10)
(DRIVE XMASB10 XMASB11)
(DRIVE XMASB11 XMASC07)
(DRIVE XMASC07 XMASC08)
(DRIVE XMASC08 XMASC09)
(DRIVE XMASC09 XMASC10)
(DRIVE XMASC10 XMASC11)
(DRIVE XMASC11 XMBSA01)
(DRIVE XMBSA01 XMBSA07)
(DRIVE XMBSA07 XMBSA08)
(DRIVE XMBSA08 XMBSA09)
(DRIVE XMBSA09 XMBSA10)
(DRIVE XMBSA10 XMBSA11)
(DRIVE XMBSA11 XMBSB07)
(DRIVE XMBSB07 XMBSB08)
(DRIVE XMBSB08 XMBSB09)
(DROPOFF TA_XMASC11 XMBSB09)
(HOMESAFE TA_XMASC11 XMBSB09)
(DRIVE XMBSB09 XMBSB08)
(DRIVE XMBSB08 XMBSB07)
(DRIVE XMBSB07 XMBSA11)
(DRIVE XMBSA11 XMBSA10)
(DRIVE XMBSA10 XMBSA09)
(DRIVE XMBSA09 XMBSA08)
(DRIVE XMBSA08 XMBSA07)
(DRIVE XMBSA07 XMBSA01)
(DRIVE XMBSA01 XMASC11)
(DRIVE XMASC11 XMASC10)
(DRIVE XMASC10 XMASC09)
(DRIVE XMASC09 XMASC08)
(DRIVE XMASC08 XMASC07)
(DRIVE XMASC07 XMASB11)
(DRIVE XMASB11 XMASB10)
(DRIVE XMASB10 XMASB09)
(DRIVE XMASB09 XMASB08)
(DRIVE XMASB08 XMASB07)
(DRIVE XMASB07 XMASB06)
(DRIVE XMASB06 XMASB03)
(DRIVE XMASB03 XMASB05)
(DROPOFF TA_XMASC12 XMASB05)
(HOMESAFE TA_XMASC12 XMASB05)
(DRIVE XMASB05 XMASB03)
(DRIVE XMASB03 XMASB06)
(DRIVE XMASB06 XMASB07)
(DRIVE XMASB07 XMASB08)
(DRIVE XMASB08 XMASB09)
(DRIVE XMASB09 XMASB10)
(DRIVE XMASB10 XMASB11)
(DRIVE XMASB11 XMASC07)
(DRIVE XMASC07 XMASC08)
(DRIVE XMASC08 XMASC09)
(DRIVE XMASC09 XMASC10)
(DRIVE XMASC10 XMASC11)
(DRIVE XMASC11 XMBSA01)
(DRIVE XMBSA01 XMBSA07)
(DRIVE XMBSA07 XMBSA08)
(DRIVE XMBSA08 XMBSA09)
(DRIVE XMBSA09 XMBSA10)
(DRIVE XMBSA10 XMBSA11)
(DRIVE XMBSA11 XMBSB07)
(DRIVE XMBSB07 XMBSB08)
(DRIVE XMBSB08 XMBSB09)
(DRIVE XMBSB09 XMBSB10)
(DROPOFF TA_XMBSA02 XMBSB10)
(HOMESAFE TA_XMBSA02 XMBSB10)
(DRIVE XMBSB10 XMBSB09)
(DRIVE XMBSB09 XMBSB08)
(DRIVE XMBSB08 XMBSB07)
(DRIVE XMBSB07 XMBSA11)
(DRIVE XMBSA11 XMBSA10)
(DRIVE XMBSA10 XMBSA09)
(DRIVE XMBSA09 XMBSA08)
(DRIVE XMBSA08 XMBSA07)
(DRIVE XMBSA07 XMBSA01)
(DRIVE XMBSA01 XMASC11)
(DRIVE XMASC11 XMASC10)
(DRIVE XMASC10 XMASC09)
(DRIVE XMASC09 XMASC08)
(DRIVE XMASC08 XMASC07)
(DRIVE XMASC07 XMASB11)
(DRIVE XMASB11 XMASB10)
(DRIVE XMASB10 XMASB09)
(DRIVE XMASB09 XMASB08)
(DRIVE XMASB08 XMASB07)
(DRIVE XMASB07 XMASB06)
(DRIVE XMASB06 XMASB03)
(DRIVE XMASB03 XMASB04)
(DROPOFF TA_XMBSA04 XMASB04)
(HOMESAFE TA_XMBSA04 XMASB04)
(DRIVE XMASB04 XMASB03)
(DRIVE XMASB03 XMASB06)
(DRIVE XMASB06 XMASB07)
(DRIVE XMASB07 XMASB08)
(DRIVE XMASB08 XMASB09)
(DRIVE XMASB09 XMASB10)
(DRIVE XMASB10 XMASB11)
(DRIVE XMASB11 XMASC07)
(DRIVE XMASC07 XMASC08)
(DRIVE XMASC08 XMASC09)
(DRIVE XMASC09 XMASC10)
(DRIVE XMASC10 XMASC11)
(DRIVE XMASC11 XMBSA01)
(DRIVE XMBSA01 XMBSA07)
(DRIVE XMBSA07 XMBSA08)
(DRIVE XMBSA08 XMBSA09)
(DRIVE XMBSA09 XMBSA10)
(DRIVE XMBSA10 XMBSA11)
(DRIVE XMBSA11 XMBSB07)
(DRIVE XMBSB07 XMBSB06)
(DRIVE XMBSB06 XMBSB03)
(DRIVE XMBSB03 XMBSB04)
(DROPOFF TA_XMBSA05 XMBSB04)
(HOMESAFE TA_XMBSA05 XMBSB04)
(DRIVE XMBSB04 XMBSB03)
(DRIVE XMBSB03 XMBSB06)
(DRIVE XMBSB06 XMBSB07)
(DRIVE XMBSB07 XMBSB08)
(DRIVE XMBSB08 XMBSB09)
(DRIVE XMBSB09 XMBSB10)
(DRIVE XMBSB10 XMBSB11)
(DROPOFF TA_XMBSA08 XMBSB11)
(HOMESAFE TA_XMBSA08 XMBSB11)
(DRIVE XMBSB11 XMBSB10)
(DRIVE XMBSB10 XMBSB09)
(DRIVE XMBSB09 XMBSB08)
(DRIVE XMBSB08 XMBSB07)
(DRIVE XMBSB07 XMBSA11)
(DRIVE XMBSA11 XMBSA10)
(DRIVE XMBSA10 XMBSA09)
(DRIVE XMBSA09 XMBSA08)
(DRIVE XMBSA08 XMBSA07)
(DRIVE XMBSA07 XMBSA01)
(DRIVE XMBSA01 XMASC11)
(DRIVE XMASC11 XMASC10)
(DRIVE XMASC10 XMASC09)
(DRIVE XMASC09 XMASC08)
(DRIVE XMASC08 XMASC07)
(DRIVE XMASC07 XMASB11)
(DRIVE XMASB11 XMASB10)
(DRIVE XMASB10 XMASB09)
(DRIVE XMASB09 XMASB08)
(DRIVE XMASB08 XMASB07)
(DRIVE XMASB07 XMASA11)
(DROPOFF TA_XMBSA09 XMASA11)
(HOMESAFE TA_XMBSA09 XMASA11)
(DRIVE XMASA11 XMASB07)
(DRIVE XMASB07 XMASB08)
(DRIVE XMASB08 XMASB09)
(DRIVE XMASB09 XMASB10)
(DRIVE XMASB10 XMASB11)
(DRIVE XMASB11 XMASC07)
(DRIVE XMASC07 XMASC06)
(DRIVE XMASC06 XMASC03)
(DRIVE XMASC03 XMASC02)
(DROPOFF TA_XMBSA10 XMASC02)
(HOMESAFE TA_XMBSA10 XMASC02)
(DRIVE XMASC02 XMASC03)
(DRIVE XMASC03 XMASC06)
(DRIVE XMASC06 XMASC07)
(DRIVE XMASC07 XMASC08)
(DRIVE XMASC08 XMASC09)
(DRIVE XMASC09 XMASC10)
(DRIVE XMASC10 XMASC11)
(DRIVE XMASC11 XMBSA01)
(DRIVE XMBSA01 XMBSA07)
(DRIVE XMBSA07 XMBSA08)
(DRIVE XMBSA08 XMBSA09)
(DRIVE XMBSA09 XMBSA10)
(DRIVE XMBSA10 XMBSA11)
(DRIVE XMBSA11 XMBSB07)
(DRIVE XMBSB07 XMBSB08)
(DRIVE XMBSB08 XMBSB09)
(DRIVE XMBSB09 XMBSB10)
(DRIVE XMBSB10 XMBSB11)
(DRIVE XMBSB11 XMBSB12)
(DROPOFF TA_XMBSA11 XMBSB12)
(HOMESAFE TA_XMBSA11 XMBSB12)
(DRIVE XMBSB12 XMBSB11)
(DRIVE XMBSB11 XMBSB10)
(DRIVE XMBSB10 XMBSB09)
(DRIVE XMBSB09 XMBSB08)
(DRIVE XMBSB08 XMBSB07)
(DRIVE XMBSB07 XMBSA11)
(DRIVE XMBSA11 XMBSA10)
(DRIVE XMBSA10 XMBSA09)
(DRIVE XMBSA09 XMBSA08)
(DRIVE XMBSA08 XMBSA07)
(DRIVE XMBSA07 XMBSA01)
(DRIVE XMBSA01 XMASC11)
(DRIVE XMASC11 XMASC10)
(DRIVE XMASC10 XMASC09)
(DRIVE XMASC09 XMASC08)
(DRIVE XMASC08 XMASC07)
(DRIVE XMASC07 XMASB11)
(DRIVE XMASB11 XMASB10)
(DRIVE XMASB10 XMASB09)
(DRIVE XMASB09 XMASB08)
(DRIVE XMASB08 XMASB07)
(DRIVE XMASB07 XMASA11)
(DRIVE XMASA11 XMASA10)
(DROPOFF TA_XMBSA12 XMASA10)
(HOMESAFE TA_XMBSA12 XMASA10)
(DRIVE XMASA10 XMASA11)
(DRIVE XMASA11 XMASB07)
(DRIVE XMASB07 XMASB08)
(DRIVE XMASB08 XMASB09)
(DRIVE XMASB09 XMASB10)
(DRIVE XMASB10 XMASB11)
(DRIVE XMASB11 XMASC07)
(DRIVE XMASC07 XMASC08)
(DRIVE XMASC08 XMASC09)
(DRIVE XMASC09 XMASC10)
(DRIVE XMASC10 XMASC11)
(DRIVE XMASC11 XMBSA01)
(DRIVE XMBSA01 XMBSA07)
(DRIVE XMBSA07 XMBSA06)
(DRIVE XMBSA06 XMBSA03)
(DRIVE XMBSA03 XMBSA02)
(DROPOFF TA_XMBSB02 XMBSA02)
(HOMESAFE TA_XMBSB02 XMBSA02)
(DRIVE XMBSA02 XMBSA03)
(DRIVE XMBSA03 XMBSA06)
(DRIVE XMBSA06 XMBSA07)
(DRIVE XMBSA07 XMBSA08)
(DRIVE XMBSA08 XMBSA09)
(DRIVE XMBSA09 XMBSA10)
(DRIVE XMBSA10 XMBSA11)
(DRIVE XMBSA11 XMBSB07)
(DRIVE XMBSB07 XMBSB08)
(DRIVE XMBSB08 XMBSB09)
(DRIVE XMBSB09 XMBSB10)
(DRIVE XMBSB10 XMBSB11)
(DRIVE XMBSB11 XMBSC07)
(DRIVE XMBSC07 XMBSC06)
(DRIVE XMBSC06 XMBSC03)
(DRIVE XMBSC03 XMBSC05)
(DROPOFF TA_XMBSB04 XMBSC05)
(HOMESAFE TA_XMBSB04 XMBSC05)
(DRIVE XMBSC05 XMBSC03)
(DRIVE XMBSC03 XMBSC06)
(DRIVE XMBSC06 XMBSC07)
(DRIVE XMBSC07 XMBSB11)
(DRIVE XMBSB11 XMBSB10)
(DRIVE XMBSB10 XMBSB09)
(DRIVE XMBSB09 XMBSB08)
(DRIVE XMBSB08 XMBSB07)
(DRIVE XMBSB07 XMBSA11)
(DRIVE XMBSA11 XMBSA10)
(DRIVE XMBSA10 XMBSA09)
(DRIVE XMBSA09 XMBSA08)
(DRIVE XMBSA08 XMBSA07)
(DRIVE XMBSA07 XMBSA01)
(DRIVE XMBSA01 XMASC11)
(DRIVE XMASC11 XMASC10)
(DRIVE XMASC10 XMASC09)
(DRIVE XMASC09 XMASC08)
(DRIVE XMASC08 XMASC07)
(DRIVE XMASC07 XMASB11)
(DRIVE XMASB11 XMASB10)
(DRIVE XMASB10 XMASB09)
(DRIVE XMASB09 XMASB08)
(DRIVE XMASB08 XMASB07)
(DRIVE XMASB07 XMASA11)
(DRIVE XMASA11 XMASA10)
(DRIVE XMASA10 XMASA09)
(DROPOFF TA_XMBSB05 XMASA09)
(HOMESAFE TA_XMBSB05 XMASA09)
(DRIVE XMASA09 XMASA10)
(DRIVE XMASA10 XMASA11)
(DRIVE XMASA11 XMASB07)
(DRIVE XMASB07 XMASB08)
(DRIVE XMASB08 XMASB09)
(DRIVE XMASB09 XMASB10)
(DRIVE XMASB10 XMASB11)
(DRIVE XMASB11 XMASC07)
(DRIVE XMASC07 XMASC08)
(DRIVE XMASC08 XMASC09)
(DRIVE XMASC09 XMASC10)
(DRIVE XMASC10 XMASC11)
(DRIVE XMASC11 XMBSA01)
(DRIVE XMBSA01 XMBSA07)
(DRIVE XMBSA07 XMBSA08)
(DRIVE XMBSA08 XMBSA09)
(DRIVE XMBSA09 XMBSA10)
(DRIVE XMBSA10 XMBSA11)
(DRIVE XMBSA11 XMBSB07)
(DRIVE XMBSB07 XMBSB08)
(DRIVE XMBSB08 XMBSB09)
(DRIVE XMBSB09 XMBSB10)
(DRIVE XMBSB10 XMBSB11)
(DRIVE XMBSB11 XMBSC07)
(DRIVE XMBSC07 XMBSC06)
(DRIVE XMBSC06 XMBSC03)
(DRIVE XMBSC03 XMBSC04)
(DROPOFF TA_XMBSB08 XMBSC04)
(HOMESAFE TA_XMBSB08 XMBSC04)
(DRIVE XMBSC04 XMBSC03)
(DRIVE XMBSC03 XMBSC06)
(DRIVE XMBSC06 XMBSC07)
(DRIVE XMBSC07 XMBSB11)
(DRIVE XMBSB11 XMBSB10)
(DRIVE XMBSB10 XMBSB09)
(DRIVE XMBSB09 XMBSB08)
(DRIVE XMBSB08 XMBSB07)
(DRIVE XMBSB07 XMBSA11)
(DRIVE XMBSA11 XMBSA10)
(DRIVE XMBSA10 XMBSA09)
(DRIVE XMBSA09 XMBSA08)
(DRIVE XMBSA08 XMBSA07)
(DRIVE XMBSA07 XMBSA01)
(DRIVE XMBSA01 XMASC11)
(DRIVE XMASC11 XMASC10)
(DRIVE XMASC10 XMASC09)
(DRIVE XMASC09 XMASC08)
(DRIVE XMASC08 XMASC07)
(DRIVE XMASC07 XMASB11)
(DRIVE XMASB11 XMASB10)
(DRIVE XMASB10 XMASB09)
(DRIVE XMASB09 XMASB08)
(DRIVE XMASB08 XMASB07)
(DRIVE XMASB07 XMASA11)
(DRIVE XMASA11 XMASA12)
(DROPOFF TA_XMBSB09 XMASA12)
(HOMESAFE TA_XMBSB09 XMASA12)
(DRIVE XMASA12 XMASA11)
(DRIVE XMASA11 XMASB07)
(DRIVE XMASB07 XMASB08)
(DRIVE XMASB08 XMASB09)
(DRIVE XMASB09 XMASB10)
(DRIVE XMASB10 XMASB11)
(DRIVE XMASB11 XMASC07)
(DRIVE XMASC07 XMASC08)
(DRIVE XMASC08 XMASC09)
(DRIVE XMASC09 XMASC10)
(DRIVE XMASC10 XMASC11)
(DRIVE XMASC11 XMBSA01)
(DRIVE XMBSA01 XMBSA07)
(DRIVE XMBSA07 XMBSA08)
(DRIVE XMBSA08 XMBSA09)
(DRIVE XMBSA09 XMBSA10)
(DRIVE XMBSA10 XMBSA11)
(DRIVE XMBSA11 XMBSB07)
(DRIVE XMBSB07 XMBSB08)
(DRIVE XMBSB08 XMBSB09)
(DRIVE XMBSB09 XMBSB10)
(DRIVE XMBSB10 XMBSB11)
(DRIVE XMBSB11 XMBSC07)
(DRIVE XMBSC07 XMBSC08)
(DROPOFF TA_XMBSB10 XMBSC08)
(HOMESAFE TA_XMBSB10 XMBSC08)
(DRIVE XMBSC08 XMBSC07)
(DRIVE XMBSC07 XMBSB11)
(DRIVE XMBSB11 XMBSB10)
(DRIVE XMBSB10 XMBSB09)
(DRIVE XMBSB09 XMBSB08)
(DRIVE XMBSB08 XMBSB07)
(DRIVE XMBSB07 XMBSA11)
(DRIVE XMBSA11 XMBSA10)
(DRIVE XMBSA10 XMBSA09)
(DRIVE XMBSA09 XMBSA08)
(DRIVE XMBSA08 XMBSA07)
(DRIVE XMBSA07 XMBSA01)
(DRIVE XMBSA01 XMASC11)
(DRIVE XMASC11 XMASC10)
(DRIVE XMASC10 XMASC09)
(DRIVE XMASC09 XMASC08)
(DRIVE XMASC08 XMASC07)
(DRIVE XMASC07 XMASB11)
(DRIVE XMASB11 XMASB10)
(DRIVE XMASB10 XMASB09)
(DRIVE XMASB09 XMASB08)
(DRIVE XMASB08 XMASB07)
(DRIVE XMASB07 XMASA11)
(DRIVE XMASA11 XMASB02)
(DROPOFF TA_XMBSB11 XMASB02)
(HOMESAFE TA_XMBSB11 XMASB02)
(DRIVE XMASB02 XMASA11)
(DRIVE XMASA11 XMASA10)
(DRIVE XMASA10 XMASA09)
(DRIVE XMASA09 XMASA08)
(DROPOFF TA_XMBSB12 XMASA08)
(HOMESAFE TA_XMBSB12 XMASA08)
(DRIVE XMASA08 XMASA09)
(DRIVE XMASA09 XMASA10)
(DRIVE XMASA10 XMASA11)
(DRIVE XMASA11 XMASB07)
(DRIVE XMASB07 XMASB08)
(DRIVE XMASB08 XMASB09)
(DRIVE XMASB09 XMASB10)
(DRIVE XMASB10 XMASB11)
(DRIVE XMASB11 XMASC07)
(DRIVE XMASC07 XMASC08)
(DRIVE XMASC08 XMASC09)
(DRIVE XMASC09 XMASC10)
(DRIVE XMASC10 XMASC11)
(DRIVE XMASC11 XMBSA01)
(DRIVE XMBSA01 XMBSA07)
(DRIVE XMBSA07 XMBSA08)
(DRIVE XMBSA08 XMBSA09)
(DRIVE XMBSA09 XMBSA10)
(DRIVE XMBSA10 XMBSA11)
(DRIVE XMBSA11 XMBSB07)
(DRIVE XMBSB07 XMBSB08)
(DRIVE XMBSB08 XMBSB09)
(DRIVE XMBSB09 XMBSB10)
(DRIVE XMBSB10 XMBSB11)
(DRIVE XMBSB11 XMBSC07)
(DRIVE XMBSC07 XMBSC08)
(DRIVE XMBSC08 XMBSC09)
(DROPOFF TA_XMBSC02 XMBSC09)
(HOMESAFE TA_XMBSC02 XMBSC09)
(DRIVE XMBSC09 XMBSC08)
(DRIVE XMBSC08 XMBSC07)
(DRIVE XMBSC07 XMBSB11)
(DRIVE XMBSB11 XMBSB10)
(DRIVE XMBSB10 XMBSB09)
(DRIVE XMBSB09 XMBSB08)
(DRIVE XMBSB08 XMBSB07)
(DRIVE XMBSB07 XMBSA11)
(DRIVE XMBSA11 XMBSA10)
(DRIVE XMBSA10 XMBSA09)
(DRIVE XMBSA09 XMBSA08)
(DRIVE XMBSA08 XMBSA07)
(DRIVE XMBSA07 XMBSA01)
(DRIVE XMBSA01 XMASC11)
(DRIVE XMASC11 XMASC10)
(DRIVE XMASC10 XMASC09)
(DRIVE XMASC09 XMASC08)
(DRIVE XMASC08 XMASC07)
(DRIVE XMASC07 XMASB11)
(DRIVE XMASB11 XMASB10)
(DRIVE XMASB10 XMASB09)
(DRIVE XMASB09 XMASB08)
(DRIVE XMASB08 XMASB07)
(DRIVE XMASB07 XMASA11)
(DRIVE XMASA11 XMASA10)
(DRIVE XMASA10 XMASA09)
(DRIVE XMASA09 XMASA08)
(DRIVE XMASA08 XMASA07)
(DRIVE XMASA07 XMASA06)
(DRIVE XMASA06 XMASA03)
(DRIVE XMASA03 XMASA05)
(DROPOFF TA_XMBSC04 XMASA05)
(HOMESAFE TA_XMBSC04 XMASA05)
(DRIVE XMASA05 XMASA03)
(DRIVE XMASA03 XMASA06)
(DRIVE XMASA06 XMASA07)
(DRIVE XMASA07 XMASA08)
(DRIVE XMASA08 XMASA09)
(DRIVE XMASA09 XMASA10)
(DRIVE XMASA10 XMASA11)
(DRIVE XMASA11 XMASB07)
(DRIVE XMASB07 XMASB08)
(DRIVE XMASB08 XMASB09)
(DRIVE XMASB09 XMASB10)
(DRIVE XMASB10 XMASB11)
(DRIVE XMASB11 XMASC07)
(DRIVE XMASC07 XMASC08)
(DRIVE XMASC08 XMASC09)
(DRIVE XMASC09 XMASC10)
(DRIVE XMASC10 XMASC11)
(DRIVE XMASC11 XMBSA01)
(DRIVE XMBSA01 XMBSA07)
(DRIVE XMBSA07 XMBSA08)
(DRIVE XMBSA08 XMBSA09)
(DRIVE XMBSA09 XMBSA10)
(DRIVE XMBSA10 XMBSA11)
(DRIVE XMBSA11 XMBSB07)
(DRIVE XMBSB07 XMBSB08)
(DRIVE XMBSB08 XMBSB09)
(DRIVE XMBSB09 XMBSB10)
(DRIVE XMBSB10 XMBSB11)
(DRIVE XMBSB11 XMBSC07)
(DRIVE XMBSC07 XMBSC08)
(DRIVE XMBSC08 XMBSC09)
(DRIVE XMBSC09 XMBSC10)
(DROPOFF TA_XMBSC05 XMBSC10)
(HOMESAFE TA_XMBSC05 XMBSC10)
(DRIVE XMBSC10 XMBSC09)
(DRIVE XMBSC09 XMBSC08)
(DRIVE XMBSC08 XMBSC07)
(DRIVE XMBSC07 XMBSB11)
(DRIVE XMBSB11 XMBSB10)
(DRIVE XMBSB10 XMBSB09)
(DRIVE XMBSB09 XMBSB08)
(DRIVE XMBSB08 XMBSB07)
(DRIVE XMBSB07 XMBSA11)
(DRIVE XMBSA11 XMBSA10)
(DRIVE XMBSA10 XMBSA09)
(DRIVE XMBSA09 XMBSA08)
(DRIVE XMBSA08 XMBSA07)
(DRIVE XMBSA07 XMBSA01)
(DRIVE XMBSA01 XMASC11)
(DRIVE XMASC11 XMASC10)
(DRIVE XMASC10 XMASC09)
(DRIVE XMASC09 XMASC08)
(DRIVE XMASC08 XMASC07)
(DRIVE XMASC07 XMASB11)
(DRIVE XMASB11 XMASB10)
(DRIVE XMASB10 XMASB09)
(DRIVE XMASB09 XMASB08)
(DRIVE XMASB08 XMASB07)
(DRIVE XMASB07 XMASA11)
(DRIVE XMASA11 XMASA10)
(DRIVE XMASA10 XMASA09)
(DRIVE XMASA09 XMASA08)
(DRIVE XMASA08 XMASA07)
(DRIVE XMASA07 XMASA06)
(DRIVE XMASA06 XMASA03)
(DRIVE XMASA03 XMASA04)
(DROPOFF TA_XMBSC08 XMASA04)
(HOMESAFE TA_XMBSC08 XMASA04)
(DRIVE XMASA04 XMASA03)
(DRIVE XMASA03 XMASA06)
(DRIVE XMASA06 XMASA07)
(DRIVE XMASA07 XMASA08)
(DRIVE XMASA08 XMASA09)
(DRIVE XMASA09 XMASA10)
(DRIVE XMASA10 XMASA11)
(DRIVE XMASA11 XMASB07)
(DRIVE XMASB07 XMASB08)
(DRIVE XMASB08 XMASB09)
(DRIVE XMASB09 XMASB10)
(DRIVE XMASB10 XMASB11)
(DRIVE XMASB11 XMASC07)
(DRIVE XMASC07 XMASC08)
(DRIVE XMASC08 XMASC09)
(DRIVE XMASC09 XMASC10)
(DRIVE XMASC10 XMASC11)
(DRIVE XMASC11 XMBSA01)
(DRIVE XMBSA01 XMBSA07)
(DRIVE XMBSA07 XMBSA08)
(DRIVE XMBSA08 XMBSA09)
(DRIVE XMBSA09 XMBSA10)
(DRIVE XMBSA10 XMBSA11)
(DRIVE XMBSA11 XMBSB07)
(DRIVE XMBSB07 XMBSB08)
(DRIVE XMBSB08 XMBSB09)
(DRIVE XMBSB09 XMBSB10)
(DRIVE XMBSB10 XMBSB11)
(DRIVE XMBSB11 XMBSC07)
(DRIVE XMBSC07 XMBSC06)
(DRIVE XMBSC06 XMBSC03)
(DRIVE XMBSC03 XMBSC02)
(DROPOFF TA_XMBSC09 XMBSC02)
(HOMESAFE TA_XMBSC09 XMBSC02)
(DRIVE XMBSC02 XMBSC03)
(DRIVE XMBSC03 XMBSC06)
(DRIVE XMBSC06 XMBSC07)
(DRIVE XMBSC07 XMBSC08)
(DRIVE XMBSC08 XMBSC09)
(DRIVE XMBSC09 XMBSC10)
(DRIVE XMBSC10 XMBSC11)
(DROPOFF TA_XMBSC10 XMBSC11)
(HOMESAFE TA_XMBSC10 XMBSC11)
(DRIVE XMBSC11 XMBSC10)
(DRIVE XMBSC10 XMBSC09)
(DRIVE XMBSC09 XMBSC08)
(DRIVE XMBSC08 XMBSC07)
(DRIVE XMBSC07 XMBSB11)
(DRIVE XMBSB11 XMBSB10)
(DRIVE XMBSB10 XMBSB09)
(DRIVE XMBSB09 XMBSB08)
(DRIVE XMBSB08 XMBSB07)
(DRIVE XMBSB07 XMBSA11)
(DRIVE XMBSA11 XMBSA10)
(DRIVE XMBSA10 XMBSA09)
(DRIVE XMBSA09 XMBSA08)
(DRIVE XMBSA08 XMBSA07)
(DRIVE XMBSA07 XMBSA01)
(DRIVE XMBSA01 XMASC11)
(DRIVE XMASC11 XMASC10)
(DRIVE XMASC10 XMASC09)
(DRIVE XMASC09 XMASC08)
(DRIVE XMASC08 XMASC07)
(DRIVE XMASC07 XMASB11)
(DRIVE XMASB11 XMASB10)
(DRIVE XMASB10 XMASB09)
(DRIVE XMASB09 XMASB08)
(DRIVE XMASB08 XMASB07)
(DRIVE XMASB07 XMASA11)
(DRIVE XMASA11 XMASA10)
(DRIVE XMASA10 XMASA09)
(DRIVE XMASA09 XMASA08)
(DRIVE XMASA08 XMASA07)
(DRIVE XMASA07 XMASA06)
(DRIVE XMASA06 XMASA03)
(DRIVE XMASA03 XMASA02)
(DROPOFF TA_XMBSC11 XMASA02)
(HOMESAFE TA_XMBSC11 XMASA02)
(DRIVE XMASA02 XMASA03)
(DRIVE XMASA03 XMASA06)
(DRIVE XMASA06 XMASA07)
(DRIVE XMASA07 XMASA08)
(DRIVE XMASA08 XMASA09)
(DRIVE XMASA09 XMASA10)
(DRIVE XMASA10 XMASA11)
(DRIVE XMASA11 XMASB07)
(DRIVE XMASB07 XMASB08)
(DRIVE XMASB08 XMASB09)
(DRIVE XMASB09 XMASB10)
(DRIVE XMASB10 XMASB11)
(DRIVE XMASB11 XMASC07)
(DRIVE XMASC07 XMASC08)
(DRIVE XMASC08 XMASC09)
(DRIVE XMASC09 XMASC10)
(DRIVE XMASC10 XMASC11)
(DRIVE XMASC11 XMBSA01)
(DRIVE XMBSA01 XMBSA07)
(DRIVE XMBSA07 XMBSA08)
(DRIVE XMBSA08 XMBSA09)
(DRIVE XMBSA09 XMBSA10)
(DRIVE XMBSA10 XMBSA11)
(DRIVE XMBSA11 XMBSB07)
(DRIVE XMBSB07 XMBSB08)
(DRIVE XMBSB08 XMBSB09)
(DRIVE XMBSB09 XMBSB10)
(DRIVE XMBSB10 XMBSB11)
(DRIVE XMBSB11 XMBSC07)
(DRIVE XMBSC07 XMBSC08)
(DRIVE XMBSC08 XMBSC09)
(DRIVE XMBSC09 XMBSC10)
(DRIVE XMBSC10 XMBSC11)
(DRIVE XMBSC11 XMBSC12)
(DROPOFF TA_XMBSC12 XMBSC12)
(HOMESAFE TA_XMBSC12 XMBSC12)
(DRIVE XMBSC12 XMBSC11)
(DRIVE XMBSC11 XMBSC10)
(DRIVE XMBSC10 XMBSC09)
(DRIVE XMBSC09 XMBSC08)
(DRIVE XMBSC08 XMBSC07)
(DRIVE XMBSC07 XMBSB11)
(DRIVE XMBSB11 XMBSB10)
(DRIVE XMBSB10 XMBSB09)
(DRIVE XMBSB09 XMBSB08)
(DRIVE XMBSB08 XMBSB07)
(DRIVE XMBSB07 XMBSA11)
(DRIVE XMBSA11 XMBSA10)
(DRIVE XMBSA10 XMBSA09)
(DRIVE XMBSA09 XMBSA08)
(DRIVE XMBSA08 XMBSA07)
(DRIVE XMBSA07 XMBSA01)
(DRIVE XMBSA01 XMASC11)
(DRIVE XMASC11 XMASC10)
(DRIVE XMASC10 XMASC09)
(DRIVE XMASC09 XMASC08)
(DRIVE XMASC08 XMASC07)
(DRIVE XMASC07 XMASB11)
(DRIVE XMASB11 XMASB10)
(DRIVE XMASB10 XMASB09)
(DRIVE XMASB09 XMASB08)
(DRIVE XMASB08 XMASB07)
(DRIVE XMASB07 XMASA11)
(DRIVE XMASA11 XMASA10)
(DRIVE XMASA10 XMASA09)
(DRIVE XMASA09 XMASA08)
(DRIVE XMASA08 XMASA07)
(DRIVE XMASA07 XMASA01)
