(DRIVE XSoda Xloc43)
(DRIVE Xloc43 Xloc38)
(DRIVE Xloc38 Xloc11)
(DROPOFF TA_Xloc2 Xloc11)
(HOMESAFE TA_Xloc2 Xloc11)
(DRIVE Xloc11 Xloc7)
(DRIVE Xloc7 Xloc10)
(DROPOFF TA_Xloc25 Xloc10)
(HOMESAFE TA_Xloc25 Xloc10)
(DRIVE Xloc10 Xloc6)
(DRIVE Xloc6 Xloc9)
(DROPOFF TA_Xloc20 Xloc9)
(HOMESAFE TA_Xloc20 Xloc9)
(DRIVE Xloc9 Xloc1)
(DROPOFF TA_Xloc4 Xloc1)
(HOMESAFE TA_Xloc4 Xloc1)
(DRIVE Xloc1 Xloc16)
(DROPOFF TA_Xloc46 Xloc16)
(HOMESAFE TA_Xloc46 Xloc16)
(DRIVE Xloc16 Xloc4)
(DROPOFF TA_Xloc8 Xloc4)
(HOMESAFE TA_Xloc8 Xloc4)
(DRIVE Xloc4 Xloc3)
(DROPOFF TA_Xloc14 Xloc3)
(HOMESAFE TA_Xloc14 Xloc3)
(DRIVE Xloc3 Xloc45)
(DROPOFF TA_Xloc17 Xloc45)
(HOMESAFE TA_Xloc17 Xloc45)
(DRIVE Xloc45 Xloc1)
(DRIVE Xloc1 Xloc11)
(DRIVE Xloc11 Xloc29)
(DROPOFF TA_Xloc3 Xloc29)
(HOMESAFE TA_Xloc3 Xloc29)
(DRIVE Xloc29 Xloc2)
(DROPOFF TA_Xloc30 Xloc2)
(HOMESAFE TA_Xloc30 Xloc2)
(DRIVE Xloc2 Xloc6)
(DRIVE Xloc6 Xloc46)
(DROPOFF TA_Xloc22 Xloc46)
(HOMESAFE TA_Xloc22 Xloc46)
(DRIVE Xloc46 Xloc6)
(DRIVE Xloc6 Xloc19)
(DROPOFF TA_Xloc16 Xloc19)
(HOMESAFE TA_Xloc16 Xloc19)
(DRIVE Xloc19 Xloc5)
(DROPOFF TA_Xloc48 Xloc5)
(HOMESAFE TA_Xloc48 Xloc5)
(DRIVE Xloc5 Xloc3)
(DRIVE Xloc3 Xloc20)
(DROPOFF TA_Xloc1 Xloc20)
(HOMESAFE TA_Xloc1 Xloc20)
(DRIVE Xloc20 Xloc8)
(DROPOFF TA_Xloc31 Xloc8)
(HOMESAFE TA_Xloc31 Xloc8)
(DRIVE Xloc8 Xloc31)
(DROPOFF TA_Xloc11 Xloc31)
(HOMESAFE TA_Xloc11 Xloc31)
(DRIVE Xloc31 Xloc1)
(DRIVE Xloc1 Xloc25)
(DROPOFF TA_Xloc45 Xloc25)
(HOMESAFE TA_Xloc45 Xloc25)
(DRIVE Xloc25 Xloc1)
(DRIVE Xloc1 Xloc38)
(DRIVE Xloc38 Xloc43)
(DRIVE Xloc43 XSoda)
(DRIVE XSoda Xloc48)
(DROPOFF TA_Xloc19 Xloc48)
(DRIVE Xloc48 XSoda)
(HOMESAFE TA_Xloc19 Xloc48)
(DRIVE XSoda Xloc43)
(DRIVE Xloc43 Xloc38)
(DRIVE Xloc38 Xloc2)
(DRIVE Xloc2 Xloc22)
(DROPOFF TA_Xloc29 Xloc22)
(HOMESAFE TA_Xloc29 Xloc22)
(DRIVE Xloc22 Xloc2)
(DRIVE Xloc2 Xloc38)
(DRIVE Xloc38 Xloc43)
(DRIVE Xloc43 Xloc17)
(DROPOFF TA_Xloc15 Xloc17)
(DRIVE Xloc17 XSoda)
(HOMESAFE TA_Xloc15 Xloc17)
(DRIVE XSoda Xloc43)
(DRIVE Xloc43 Xloc38)
(DRIVE Xloc38 Xloc6)
(DRIVE Xloc6 Xloc39)
(DRIVE Xloc39 Xloc37)
(DRIVE Xloc37 Xloc15)
(DROPOFF TA_Xloc12 Xloc15)
(HOMESAFE TA_Xloc12 Xloc15)
(DRIVE Xloc15 Xloc37)
(DRIVE Xloc37 Xloc39)
(DRIVE Xloc39 Xloc11)
(DRIVE Xloc11 Xloc38)
(DRIVE Xloc38 Xloc43)
(DRIVE Xloc43 Xloc12)
(DROPOFF TA_Xloc10 Xloc12)
(DRIVE Xloc12 XSoda)
(HOMESAFE TA_Xloc10 Xloc12)
(DRIVE XSoda Xloc43)
(DRIVE Xloc43 Xloc38)
(DRIVE Xloc38 Xloc6)
(DRIVE Xloc6 Xloc39)
(DRIVE Xloc39 Xloc37)
(DRIVE Xloc37 Xloc15)
(DRIVE Xloc15 Xloc14)
(DROPOFF TA_Xloc9 Xloc14)
(HOMESAFE TA_Xloc9 Xloc14)
(DRIVE Xloc14 Xloc15)
(DRIVE Xloc15 Xloc37)
(DRIVE Xloc37 Xloc39)
(DRIVE Xloc39 Xloc11)
(DRIVE Xloc11 Xloc38)
(DRIVE Xloc38 Xloc43)
(DRIVE Xloc43 Xloc35)
(DRIVE Xloc35 Xloc30)
(DROPOFF TA_Xloc5 Xloc30)
(HOMESAFE TA_Xloc5 Xloc30)
(DRIVE Xloc30 Xloc35)
(DRIVE Xloc35 Xloc43)
(DRIVE Xloc43 Xloc38)
(DRIVE Xloc38 Xloc6)
(DRIVE Xloc6 Xloc13)
(DRIVE Xloc13 Xloc23)
(DRIVE Xloc23 Xloc42)
(DROPOFF TA_Xloc42 Xloc42)
(HOMESAFE TA_Xloc42 Xloc42)
(DRIVE Xloc42 Xloc23)
(DRIVE Xloc23 Xloc13)
(DRIVE Xloc13 Xloc11)
(DRIVE Xloc11 Xloc38)
(DRIVE Xloc38 Xloc43)
(DRIVE Xloc43 XSoda)
