(DRIVE XHL XSU)
(DROPOFF TA_XJS XSU)
(HOMESAFE TA_XJS XSU)
(DRIVE XSU XYP)
(DROPOFF TA_XSU XYP)
(DRIVE XYP XHL)
(WALK TA_XSU XYP XQZ)
(HOMESAFE TA_XSU XQZ)
(DRIVE XHL XYP)
(DROPOFF TA_XLJ XYP)
(DRIVE XYP XHL)
(HOMESAFE TA_XLJ XYP)
(DRIVE XHL XQK)
(DROPOFF TA_XGL XQK)
(DRIVE XQK XHL)
(HOMESAFE TA_XGL XQK)
(DRIVE XHL XBI)
(DROPOFF TA_XTH XBI)
(DRIVE XBI XHL)
(WALK TA_XTH XBI XZZ)
(HOMESAFE TA_XTH XZZ)
(DRIVE XHL XBI)
(DROPOFF TA_XWZ XBI)
(DRIVE XBI XHL)
(HOMESAFE TA_XWZ XBI)
(DRIVE XHL XLJ)
(DROPOFF TA_XQZ XLJ)
(DRIVE XLJ XHL)
(HOMESAFE TA_XQZ XLJ)
(DRIVE XHL XED)
(DROPOFF TA_XAU XED)
(HOMESAFE TA_XAU XED)
(DRIVE XED XTH)
(DROPOFF TA_XYP XTH)
(HOMESAFE TA_XYP XTH)
(DRIVE XTH XKT)
(DROPOFF TA_XBI XKT)
(HOMESAFE TA_XBI XKT)
(DRIVE XKT XGL)
(DROPOFF TA_XQK XGL)
(HOMESAFE TA_XQK XGL)
(DRIVE XGL XUY)
(DROPOFF TA_XED XUY)
(HOMESAFE TA_XED XUY)
(DRIVE XUY XWZ)
(DROPOFF TA_XKT XWZ)
(HOMESAFE TA_XKT XWZ)
(DRIVE XWZ XJS)
(DROPOFF TA_XZZ XJS)
(HOMESAFE TA_XZZ XJS)
(DRIVE XJS XAU)
(DROPOFF TA_XUY XAU)
(DRIVE XAU XHL)
(HOMESAFE TA_XUY XAU)
