(DRIVE Xgucdicwxmb Xepdwcjuvdr)
(DROPOFF TA_Xepdwcjuvdr Xepdwcjuvdr)
(HOMESAFE TA_Xepdwcjuvdr Xepdwcjuvdr)
(DRIVE Xepdwcjuvdr Xvugkhjygfe)
(DROPOFF TA_Xwtyqwjwskq Xvugkhjygfe)
(HOMESAFE TA_Xwtyqwjwskq Xvugkhjygfe)
(DRIVE Xvugkhjygfe Xqzdrdcxoib)
(DRIVE Xqzdrdcxoib Xwtyqwjwskq)
(DROPOFF TA_Xvugkhjygfe Xwtyqwjwskq)
(DRIVE Xwtyqwjwskq Xqzdrdcxoib)
(DRIVE Xqzdrdcxoib Xoggftsricu)
(DROPOFF TA_Xevdoyagqfp Xoggftsricu)
(HOMESAFE TA_Xevdoyagqfp Xoggftsricu)
(WALK TA_Xvugkhjygfe Xwtyqwjwskq Xgwnccktgki)
(WALK TA_Xvugkhjygfe Xgwnccktgki Xseeyrseflx)
(HOMESAFE TA_Xvugkhjygfe Xseeyrseflx)
(DRIVE Xoggftsricu Xqzdrdcxoib)
(DRIVE Xqzdrdcxoib Xwtyqwjwskq)
(DROPOFF TA_Xkoawdpgqdx Xwtyqwjwskq)
(WALK TA_Xkoawdpgqdx Xwtyqwjwskq Xgwnccktgki)
(WALK TA_Xkoawdpgqdx Xgwnccktgki Xztplgyvqhm)
(HOMESAFE TA_Xkoawdpgqdx Xztplgyvqhm)
(DRIVE Xwtyqwjwskq Xqzdrdcxoib)
(DRIVE Xqzdrdcxoib Xvugkhjygfe)
(DRIVE Xvugkhjygfe Xvkrlpmybdj)
(DROPOFF TA_Xzpjhxyylhb Xvkrlpmybdj)
(HOMESAFE TA_Xzpjhxyylhb Xvkrlpmybdj)
(DRIVE Xvkrlpmybdj Xzpjhxyylhb)
(DRIVE Xzpjhxyylhb Xrnpokwoqgt)
(DROPOFF TA_Xzumetrybth Xrnpokwoqgt)
(HOMESAFE TA_Xzumetrybth Xrnpokwoqgt)
(DRIVE Xrnpokwoqgt Xiwdghbmiai)
(DROPOFF TA_Xgkcfktyute Xiwdghbmiai)
(HOMESAFE TA_Xgkcfktyute Xiwdghbmiai)
(DRIVE Xiwdghbmiai Xrnpokwoqgt)
(DRIVE Xrnpokwoqgt Xzpjhxyylhb)
(DROPOFF TA_Xtvuprbwofb Xzpjhxyylhb)
(WALK TA_Xtvuprbwofb Xzpjhxyylhb Xkoawdpgqdx)
(DROPOFF TA_Xoggftsricu Xzpjhxyylhb)
(HOMESAFE TA_Xtvuprbwofb Xkoawdpgqdx)
(DRIVE Xzpjhxyylhb Xrnpokwoqgt)
(HOMESAFE TA_Xoggftsricu Xzpjhxyylhb)
(DRIVE Xrnpokwoqgt Xjqtguzxxsl)
(DRIVE Xjqtguzxxsl Xevdoyagqfp)
(DRIVE Xevdoyagqfp Xgkcfktyute)
(DROPOFF TA_Xztplgyvqhm Xgkcfktyute)
(DRIVE Xgkcfktyute Xtgbmxdmvwe)
(DRIVE Xtgbmxdmvwe Xkdujdjjwot)
(DRIVE Xkdujdjjwot Xoggftsricu)
(WALK TA_Xztplgyvqhm Xgkcfktyute Xevdoyagqfp)
(HOMESAFE TA_Xztplgyvqhm Xevdoyagqfp)
(DRIVE Xoggftsricu Xkdujdjjwot)
(DRIVE Xkdujdjjwot Xtgbmxdmvwe)
(DRIVE Xtgbmxdmvwe Xgkcfktyute)
(DROPOFF TA_Xseeyrseflx Xgkcfktyute)
(DRIVE Xgkcfktyute Xtgbmxdmvwe)
(WALK TA_Xseeyrseflx Xgkcfktyute Xzjbarjhmau)
(WALK TA_Xseeyrseflx Xzjbarjhmau Xxawkqmfmmx)
(HOMESAFE TA_Xseeyrseflx Xxawkqmfmmx)
(DRIVE Xtgbmxdmvwe Xgkcfktyute)
(DROPOFF TA_Xzjbarjhmau Xgkcfktyute)
(DRIVE Xgkcfktyute Xtgbmxdmvwe)
(WALK TA_Xzjbarjhmau Xgkcfktyute Xzjbarjhmau)
(HOMESAFE TA_Xzjbarjhmau Xzjbarjhmau)
(DRIVE Xtgbmxdmvwe Xgkcfktyute)
(DROPOFF TA_Xyiwwdwbzth Xgkcfktyute)
(HOMESAFE TA_Xyiwwdwbzth Xgkcfktyute)
(DRIVE Xgkcfktyute Xtgbmxdmvwe)
(DRIVE Xtgbmxdmvwe Xkdujdjjwot)
(DRIVE Xkdujdjjwot Xoggftsricu)
(DRIVE Xoggftsricu Xyiwwdwbzth)
(DROPOFF TA_Xvkrlpmybdj Xyiwwdwbzth)
(HOMESAFE TA_Xvkrlpmybdj Xyiwwdwbzth)
(DRIVE Xyiwwdwbzth Xoggftsricu)
(DRIVE Xoggftsricu Xqzdrdcxoib)
(DRIVE Xqzdrdcxoib Xwtyqwjwskq)
(DROPOFF TA_Xpsiebvskfb Xwtyqwjwskq)
(DRIVE Xwtyqwjwskq Xeysfgfavho)
(DRIVE Xeysfgfavho Xlbuiysostx)
(DRIVE Xlbuiysostx Xtvuprbwofb)
(DROPOFF TA_Xiwdghbmiai Xtvuprbwofb)
(HOMESAFE TA_Xiwdghbmiai Xtvuprbwofb)
(DRIVE Xtvuprbwofb Xaokbiptbzc)
(DRIVE Xaokbiptbzc Xpsiebvskfb)
(DROPOFF TA_Xlkvobxyfca Xpsiebvskfb)
(WALK TA_Xlkvobxyfca Xpsiebvskfb Xzumetrybth)
(DROPOFF TA_Xxawkqmfmmx Xpsiebvskfb)
(HOMESAFE TA_Xpsiebvskfb Xwtyqwjwskq)
(HOMESAFE TA_Xlkvobxyfca Xzumetrybth)
(HOMESAFE TA_Xxawkqmfmmx Xpsiebvskfb)
(DRIVE Xpsiebvskfb Xxtvbrolacp)
(DRIVE Xxtvbrolacp Xchjuuxuacs)
(DRIVE Xchjuuxuacs Xjedsthbmzo)
(DRIVE Xjedsthbmzo Xlkvobxyfca)
(DROPOFF TA_Xahqdrcepub Xlkvobxyfca)
(DRIVE Xlkvobxyfca Xlbuiysostx)
(DRIVE Xlbuiysostx Xeysfgfavho)
(DRIVE Xeysfgfavho Xwtyqwjwskq)
(DRIVE Xwtyqwjwskq Xqzdrdcxoib)
(DRIVE Xqzdrdcxoib Xvugkhjygfe)
(DRIVE Xvugkhjygfe Xahqdrcepub)
(DROPOFF TA_Xrnpokwoqgt Xahqdrcepub)
(HOMESAFE TA_Xrnpokwoqgt Xahqdrcepub)
(DRIVE Xahqdrcepub Xvugkhjygfe)
(DRIVE Xvugkhjygfe Xepdwcjuvdr)
(HOMESAFE TA_Xahqdrcepub Xlkvobxyfca)
(DRIVE Xepdwcjuvdr Xgucdicwxmb)
