(DROPOFF TA_Xpsiebvskfb Xmdyuzxshey)
(HOMESAFE TA_Xpsiebvskfb Xmdyuzxshey)
(DRIVE Xmdyuzxshey Xmysadifwma)
(DROPOFF TA_Xseeyrseflx Xmysadifwma)
(HOMESAFE TA_Xseeyrseflx Xmysadifwma)
(DRIVE Xmysadifwma Xmdyuzxshey)
(DRIVE Xmdyuzxshey Xvkrlpmybdj)
(DROPOFF TA_Xlnicnhmajr Xvkrlpmybdj)
(HOMESAFE TA_Xlnicnhmajr Xvkrlpmybdj)
(DRIVE Xvkrlpmybdj Xjatkaoyfxb)
(DROPOFF TA_Xeuqbrkzdsw Xjatkaoyfxb)
(HOMESAFE TA_Xeuqbrkzdsw Xjatkaoyfxb)
(DRIVE Xjatkaoyfxb Xbnmegnfgii)
(DROPOFF TA_Xnwlccbonas Xbnmegnfgii)
(HOMESAFE TA_Xnwlccbonas Xbnmegnfgii)
(DRIVE Xbnmegnfgii Xjatkaoyfxb)
(DRIVE Xjatkaoyfxb Xzumetrybth)
(DROPOFF TA_Xmdyuzxshey Xzumetrybth)
(HOMESAFE TA_Xmdyuzxshey Xzumetrybth)
(DRIVE Xzumetrybth Xebqxbaqnmm)
(DROPOFF TA_Xcmdqzmgvfi Xebqxbaqnmm)
(HOMESAFE TA_Xcmdqzmgvfi Xebqxbaqnmm)
(DRIVE Xebqxbaqnmm Xljhmnbaicr)
(DROPOFF TA_Xfznfvsgjhc Xljhmnbaicr)
(HOMESAFE TA_Xfznfvsgjhc Xljhmnbaicr)
(DRIVE Xljhmnbaicr Xowusjcmdkp)
(DROPOFF TA_Xkoawdpgqdx Xowusjcmdkp)
(HOMESAFE TA_Xkoawdpgqdx Xowusjcmdkp)
(DRIVE Xowusjcmdkp Xoewptytlja)
(DROPOFF TA_Xxftptyrlvl Xoewptytlja)
(HOMESAFE TA_Xxftptyrlvl Xoewptytlja)
(DRIVE Xoewptytlja Xknfzsnhzvx)
(DROPOFF TA_Xljhmnbaicr Xknfzsnhzvx)
(HOMESAFE TA_Xljhmnbaicr Xknfzsnhzvx)
(DRIVE Xknfzsnhzvx Xxftptyrlvl)
(DROPOFF TA_Xqfbvncxldf Xxftptyrlvl)
(HOMESAFE TA_Xqfbvncxldf Xxftptyrlvl)
(DRIVE Xxftptyrlvl Xjedsthbmzo)
(DROPOFF TA_Xowusjcmdkp Xjedsthbmzo)
(HOMESAFE TA_Xowusjcmdkp Xjedsthbmzo)
(DRIVE Xjedsthbmzo Xxftptyrlvl)
(DRIVE Xxftptyrlvl Xyiwwdwbzth)
(DRIVE Xyiwwdwbzth Xwtyqwjwskq)
(DROPOFF TA_Xlkvobxyfca Xwtyqwjwskq)
(HOMESAFE TA_Xlkvobxyfca Xwtyqwjwskq)
(DRIVE Xwtyqwjwskq Xbswhowadhl)
(DRIVE Xbswhowadhl Xzpybghfdbe)
(DRIVE Xzpybghfdbe Xcmdqzmgvfi)
(DROPOFF TA_Xwtyqwjwskq Xcmdqzmgvfi)
(HOMESAFE TA_Xwtyqwjwskq Xcmdqzmgvfi)
(DRIVE Xcmdqzmgvfi Xqfbvncxldf)
(DROPOFF TA_Xwtlzrefwav Xqfbvncxldf)
(HOMESAFE TA_Xwtlzrefwav Xqfbvncxldf)
(DRIVE Xqfbvncxldf Xcmdqzmgvfi)
(DRIVE Xcmdqzmgvfi Xzpybghfdbe)
(DRIVE Xzpybghfdbe Xlndsfxewdc)
(DROPOFF TA_Xqepegujmaa Xlndsfxewdc)
(HOMESAFE TA_Xqepegujmaa Xlndsfxewdc)
(DRIVE Xlndsfxewdc Xmswyvpdrsy)
(DROPOFF TA_Xoptviwhmbr Xmswyvpdrsy)
(HOMESAFE TA_Xoptviwhmbr Xmswyvpdrsy)
(DRIVE Xmswyvpdrsy Xhkempoemlv)
(DRIVE Xhkempoemlv Xixyurvbpvu)
(DRIVE Xixyurvbpvu Xsiatqqydwf)
(DRIVE Xsiatqqydwf Xahqdrcepub)
(DROPOFF TA_Xgllungmori Xahqdrcepub)
(DRIVE Xahqdrcepub Xsiatqqydwf)
(WALK TA_Xgllungmori Xahqdrcepub Xlazlsvgukx)
(HOMESAFE TA_Xgllungmori Xlazlsvgukx)
(DRIVE Xsiatqqydwf Xahqdrcepub)
(DROPOFF TA_Xaokbiptbzc Xahqdrcepub)
(HOMESAFE TA_Xaokbiptbzc Xahqdrcepub)
(DRIVE Xahqdrcepub Xsiatqqydwf)
(DRIVE Xsiatqqydwf Xixyurvbpvu)
(DRIVE Xixyurvbpvu Xuooysjrxsb)
(DRIVE Xuooysjrxsb Xseeyrseflx)
(DROPOFF TA_Xvugkhjygfe Xseeyrseflx)
(DRIVE Xseeyrseflx Xuooysjrxsb)
(WALK TA_Xvugkhjygfe Xseeyrseflx Xvugkhjygfe)
(HOMESAFE TA_Xvugkhjygfe Xvugkhjygfe)
(DRIVE Xuooysjrxsb Xseeyrseflx)
(DROPOFF TA_Xjqtguzxxsl Xseeyrseflx)
(HOMESAFE TA_Xjqtguzxxsl Xseeyrseflx)
(DRIVE Xseeyrseflx Xuooysjrxsb)
(DRIVE Xuooysjrxsb Xixyurvbpvu)
(DRIVE Xixyurvbpvu Xoptviwhmbr)
(DROPOFF TA_Xlazlsvgukx Xoptviwhmbr)
(HOMESAFE TA_Xlazlsvgukx Xoptviwhmbr)
(DRIVE Xoptviwhmbr Xrkyixxpcbx)
(DROPOFF TA_Xzumetrybth Xrkyixxpcbx)
(DRIVE Xrkyixxpcbx Xgllungmori)
(DROPOFF TA_Xqcktwemqbm Xgllungmori)
(HOMESAFE TA_Xqcktwemqbm Xgllungmori)
(WALK TA_Xzumetrybth Xrkyixxpcbx Xeooyfwmxln)
(HOMESAFE TA_Xzumetrybth Xeooyfwmxln)
(DRIVE Xgllungmori Xrkyixxpcbx)
(DROPOFF TA_Xwynbxuuxru Xrkyixxpcbx)
(HOMESAFE TA_Xwynbxuuxru Xrkyixxpcbx)
(DRIVE Xrkyixxpcbx Xoptviwhmbr)
(DRIVE Xoptviwhmbr Xixyurvbpvu)
(DRIVE Xixyurvbpvu Xhkempoemlv)
(DRIVE Xhkempoemlv Xfznfvsgjhc)
(DROPOFF TA_Xqydclznxrd Xfznfvsgjhc)
(DRIVE Xfznfvsgjhc Xyhpfnjjqmm)
(WALK TA_Xqydclznxrd Xfznfvsgjhc Xlkvobxyfca)
(HOMESAFE TA_Xqydclznxrd Xlkvobxyfca)
(DRIVE Xyhpfnjjqmm Xxkasbvrrxd)
(DRIVE Xxkasbvrrxd Xeysfgfavho)
(DRIVE Xeysfgfavho Xwtjzgzopuw)
(DRIVE Xwtjzgzopuw Xeuqbrkzdsw)
(DROPOFF TA_Xmswyvpdrsy Xeuqbrkzdsw)
(HOMESAFE TA_Xmswyvpdrsy Xeuqbrkzdsw)
(DRIVE Xeuqbrkzdsw Xwtjzgzopuw)
(DRIVE Xwtjzgzopuw Xlndsfxewdc)
(DRIVE Xlndsfxewdc Xzpybghfdbe)
(DRIVE Xzpybghfdbe Xcmdqzmgvfi)
(DRIVE Xcmdqzmgvfi Xqydclznxrd)
(DROPOFF TA_Xebqxbaqnmm Xqydclznxrd)
(HOMESAFE TA_Xebqxbaqnmm Xqydclznxrd)
(DRIVE Xqydclznxrd Xcmdqzmgvfi)
(DRIVE Xcmdqzmgvfi Xzpybghfdbe)
(DRIVE Xzpybghfdbe Xbswhowadhl)
(DRIVE Xbswhowadhl Xwtyqwjwskq)
(DRIVE Xwtyqwjwskq Xyiwwdwbzth)
(DRIVE Xyiwwdwbzth Xxftptyrlvl)
(DRIVE Xxftptyrlvl Xknfzsnhzvx)
(DRIVE Xknfzsnhzvx Xoewptytlja)
(DRIVE Xoewptytlja Xnwlccbonas)
(DROPOFF TA_Xrkyixxpcbx Xnwlccbonas)
(HOMESAFE TA_Xrkyixxpcbx Xnwlccbonas)
(DRIVE Xnwlccbonas Xoewptytlja)
(DRIVE Xoewptytlja Xknfzsnhzvx)
(DRIVE Xknfzsnhzvx Xxftptyrlvl)
(DRIVE Xxftptyrlvl Xyiwwdwbzth)
(DRIVE Xyiwwdwbzth Xjqtguzxxsl)
(DROPOFF TA_Xahqdrcepub Xjqtguzxxsl)
(HOMESAFE TA_Xahqdrcepub Xjqtguzxxsl)
(DRIVE Xjqtguzxxsl Xhadchvmijq)
(DROPOFF TA_Xhadchvmijq Xhadchvmijq)
(HOMESAFE TA_Xhadchvmijq Xhadchvmijq)
(DRIVE Xhadchvmijq Xxplqpgpbvq)
(DRIVE Xxplqpgpbvq Xlkvobxyfca)
(DRIVE Xlkvobxyfca Xfznfvsgjhc)
(DROPOFF TA_Xxtvbrolacp Xfznfvsgjhc)
(HOMESAFE TA_Xxtvbrolacp Xfznfvsgjhc)
(DRIVE Xfznfvsgjhc Xyhpfnjjqmm)
(DRIVE Xyhpfnjjqmm Xxkasbvrrxd)
(DRIVE Xxkasbvrrxd Xeysfgfavho)
(DRIVE Xeysfgfavho Xwtjzgzopuw)
(DRIVE Xwtjzgzopuw Xlndsfxewdc)
(DRIVE Xlndsfxewdc Xzpybghfdbe)
(DRIVE Xzpybghfdbe Xpsiebvskfb)
(DROPOFF TA_Xzmfuudfatm Xpsiebvskfb)
(HOMESAFE TA_Xzmfuudfatm Xpsiebvskfb)
(DRIVE Xpsiebvskfb Xzpybghfdbe)
(DRIVE Xzpybghfdbe Xlndsfxewdc)
(DRIVE Xlndsfxewdc Xbulywvvpni)
(DROPOFF TA_Xeooyfwmxln Xbulywvvpni)
(DRIVE Xbulywvvpni Xzjbarjhmau)
(DROPOFF TA_Xtgbmxdmvwe Xzjbarjhmau)
(DRIVE Xzjbarjhmau Xkdujdjjwot)
(DROPOFF TA_Xlbuiysostx Xkdujdjjwot)
(HOMESAFE TA_Xlbuiysostx Xkdujdjjwot)
(DRIVE Xkdujdjjwot Xebqxbaqnmm)
(WALK TA_Xeooyfwmxln Xbulywvvpni Xsiatqqydwf)
(WALK TA_Xtgbmxdmvwe Xzjbarjhmau Xbulywvvpni)
(HOMESAFE TA_Xtgbmxdmvwe Xbulywvvpni)
(WALK TA_Xeooyfwmxln Xsiatqqydwf Xixyurvbpvu)
(WALK TA_Xeooyfwmxln Xixyurvbpvu Xgwnccktgki)
(HOMESAFE TA_Xeooyfwmxln Xgwnccktgki)
(DRIVE Xebqxbaqnmm Xkdujdjjwot)
(DRIVE Xkdujdjjwot Xzjbarjhmau)
(DROPOFF TA_Xknfzsnhzvx Xzjbarjhmau)
(DRIVE Xzjbarjhmau Xkdujdjjwot)
(DRIVE Xkdujdjjwot Xebqxbaqnmm)
(WALK TA_Xknfzsnhzvx Xzjbarjhmau Xwkwwcqjtxf)
(WALK TA_Xknfzsnhzvx Xwkwwcqjtxf Xqcktwemqbm)
(HOMESAFE TA_Xknfzsnhzvx Xqcktwemqbm)
(DRIVE Xebqxbaqnmm Xkdujdjjwot)
(DRIVE Xkdujdjjwot Xzjbarjhmau)
(DROPOFF TA_Xlndsfxewdc Xzjbarjhmau)
(HOMESAFE TA_Xlndsfxewdc Xzjbarjhmau)
(DRIVE Xzjbarjhmau Xkdujdjjwot)
(DRIVE Xkdujdjjwot Xebqxbaqnmm)
(DRIVE Xebqxbaqnmm Xljhmnbaicr)
(DRIVE Xljhmnbaicr Xowusjcmdkp)
(DRIVE Xowusjcmdkp Xlnicnhmajr)
(DROPOFF TA_Xbulywvvpni Xlnicnhmajr)
(HOMESAFE TA_Xbulywvvpni Xlnicnhmajr)
(DRIVE Xlnicnhmajr Xowusjcmdkp)
(DRIVE Xowusjcmdkp Xljhmnbaicr)
(DRIVE Xljhmnbaicr Xebqxbaqnmm)
(DRIVE Xebqxbaqnmm Xzumetrybth)
(DRIVE Xzumetrybth Xjatkaoyfxb)
(DRIVE Xjatkaoyfxb Xvkrlpmybdj)
(DRIVE Xvkrlpmybdj Xzmfuudfatm)
(DROPOFF TA_Xvkrlpmybdj Xzmfuudfatm)
(HOMESAFE TA_Xvkrlpmybdj Xzmfuudfatm)
(DRIVE Xzmfuudfatm Xouxenssqdu)
(DRIVE Xouxenssqdu Xqydclznxrd)
(DRIVE Xqydclznxrd Xcmdqzmgvfi)
(DRIVE Xcmdqzmgvfi Xtmrnpjqnxx)
(DRIVE Xtmrnpjqnxx Xwtlzrefwav)
(DROPOFF TA_Xzjbarjhmau Xwtlzrefwav)
(HOMESAFE TA_Xzjbarjhmau Xwtlzrefwav)
(DRIVE Xwtlzrefwav Xhsjqtjkukk)
(DRIVE Xhsjqtjkukk Xsmwxdupkdv)
(DRIVE Xsmwxdupkdv Xaokbiptbzc)
(DROPOFF TA_Xoewptytlja Xaokbiptbzc)
(HOMESAFE TA_Xoewptytlja Xaokbiptbzc)
(DRIVE Xaokbiptbzc Xkoawdpgqdx)
(DROPOFF TA_Xkdujdjjwot Xkoawdpgqdx)
(HOMESAFE TA_Xkdujdjjwot Xkoawdpgqdx)
(DRIVE Xkoawdpgqdx Xunihwwnyqz)
(DRIVE Xunihwwnyqz Xqepegujmaa)
(DROPOFF TA_Xbnmegnfgii Xqepegujmaa)
(DRIVE Xqepegujmaa Xunihwwnyqz)
(DRIVE Xunihwwnyqz Xkoawdpgqdx)
(DRIVE Xkoawdpgqdx Xsmwxdupkdv)
(DRIVE Xsmwxdupkdv Xhsjqtjkukk)
(DRIVE Xhsjqtjkukk Xwtlzrefwav)
(DRIVE Xwtlzrefwav Xtmrnpjqnxx)
(DRIVE Xtmrnpjqnxx Xcmdqzmgvfi)
(DRIVE Xcmdqzmgvfi Xzpybghfdbe)
(DRIVE Xzpybghfdbe Xbswhowadhl)
(DRIVE Xbswhowadhl Xoegfbrwyrp)
(DRIVE Xoegfbrwyrp Xtgbmxdmvwe)
(DROPOFF TA_Xjedsthbmzo Xtgbmxdmvwe)
(HOMESAFE TA_Xjedsthbmzo Xtgbmxdmvwe)
(DRIVE Xtgbmxdmvwe Xoegfbrwyrp)
(DRIVE Xoegfbrwyrp Xbswhowadhl)
(DRIVE Xbswhowadhl Xzpybghfdbe)
(DRIVE Xzpybghfdbe Xcmdqzmgvfi)
(DRIVE Xcmdqzmgvfi Xtmrnpjqnxx)
(WALK TA_Xbnmegnfgii Xqepegujmaa Xxtvbrolacp)
(HOMESAFE TA_Xbnmegnfgii Xxtvbrolacp)
(DRIVE Xtmrnpjqnxx Xwtlzrefwav)
(DRIVE Xwtlzrefwav Xhsjqtjkukk)
(DRIVE Xhsjqtjkukk Xsmwxdupkdv)
(DRIVE Xsmwxdupkdv Xkoawdpgqdx)
(DRIVE Xkoawdpgqdx Xunihwwnyqz)
(DRIVE Xunihwwnyqz Xqepegujmaa)
(DROPOFF TA_Xgwnccktgki Xqepegujmaa)
(HOMESAFE TA_Xgwnccktgki Xqepegujmaa)
(DRIVE Xqepegujmaa Xunihwwnyqz)
(DRIVE Xunihwwnyqz Xkoawdpgqdx)
(DRIVE Xkoawdpgqdx Xsmwxdupkdv)
(DRIVE Xsmwxdupkdv Xhsjqtjkukk)
(DRIVE Xhsjqtjkukk Xwtlzrefwav)
(DRIVE Xwtlzrefwav Xepdwcjuvdr)
(DRIVE Xepdwcjuvdr Xwynbxuuxru)
(DROPOFF TA_Xjatkaoyfxb Xwynbxuuxru)
(DRIVE Xwynbxuuxru Xhadchvmijq)
(DRIVE Xhadchvmijq Xphknwbtipl)
(DRIVE Xphknwbtipl Xeysfgfavho)
(DRIVE Xeysfgfavho Xxkasbvrrxd)
(DRIVE Xxkasbvrrxd Xidfvjoquhh)
(DRIVE Xidfvjoquhh Xlbuiysostx)
(DROPOFF TA_Xmysadifwma Xlbuiysostx)
(DRIVE Xlbuiysostx Xoegfbrwyrp)
(DRIVE Xoegfbrwyrp Xbswhowadhl)
(DRIVE Xbswhowadhl Xzpybghfdbe)
(HOMESAFE TA_Xjatkaoyfxb Xwynbxuuxru)
(DRIVE Xzpybghfdbe Xcmdqzmgvfi)
(HOMESAFE TA_Xmysadifwma Xlbuiysostx)
(DRIVE Xcmdqzmgvfi Xqydclznxrd)
(DRIVE Xqydclznxrd Xouxenssqdu)
(DRIVE Xouxenssqdu Xtvcolajnao)
(DRIVE Xtvcolajnao Xvkrlpmybdj)
(DRIVE Xvkrlpmybdj Xmdyuzxshey)
