(DROPOFF TA_XlVOvaZXqjnb1QiPN4SL XlVOvaZXqjnb1QiPN4SL)
(HOMESAFE TA_Xlvovazxqjnb1qipn4sl XlVOvaZXqjnb1QiPN4SL)
(DROPOFF TA_XwVe6HY1xINUrGjoPvBR XlVOvaZXqjnb1QiPN4SL)
(WALK TA_XwVe6HY1xINUrGjoPvBR XlVOvaZXqjnb1QiPN4SL XLxrqIj6vUJmAulbGEsz)
(HOMESAFE TA_Xwve6hy1xinurgjopvbr XlxrqIj6vUJmAulbGEsz)
(DROPOFF TA_Xctr2CvsehWx0ENY16wO XlVOvaZXqjnb1QiPN4SL)
(WALK TA_Xctr2CvsehWx0ENY16wO XlVOvaZXqjnb1QiPN4SL Xr7lSNvA6nm9JpW8THBj)
(WALK TA_Xctr2CvsehWx0ENY16wO Xr7lSNvA6nm9JpW8THBj XCgrHnsmUEaKbL2Bu9fI)
(HOMESAFE TA_Xctr2cvsehwx0eny16wo XcgrHnsmUEaKbL2Bu9fI)
(DROPOFF TA_XPjaGwqf8CSFyxQX6Tph XlVOvaZXqjnb1QiPN4SL)
(WALK TA_XPjaGwqf8CSFyxQX6Tph XlVOvaZXqjnb1QiPN4SL XZo80ElJk9ieDrNjYvm2)
(WALK TA_XPjaGwqf8CSFyxQX6Tph XZo80ElJk9ieDrNjYvm2 Xq2hnSgjm30BKapPZH8v)
(HOMESAFE TA_XPjagwqf8csfyxqx6tph Xq2hnSgjm30BKapPZH8v)
(DROPOFF TA_X5VbntkgFqTX8w9sYai2 XlVOvaZXqjnb1QiPN4SL)
(WALK TA_X5VbntkgFqTX8w9sYai2 XlVOvaZXqjnb1QiPN4SL X6sf0XjAagZLqR4CJPlD)
(WALK TA_X5VbntkgFqTX8w9sYai2 X6sf0XjAagZLqR4CJPlD XYioPekqCUnASaBF9NdH)
(HOMESAFE TA_X5Vbntkgfqtx8w9syai2 XyioPekqCUnASaBF9NdH)
(DROPOFF TA_XejNRIidB4gvrEPnTV8U XlVOvaZXqjnb1QiPN4SL)
(WALK TA_XejNRIidB4gvrEPnTV8U XlVOvaZXqjnb1QiPN4SL X4AqQ5YUNTrIBzKiPea7)
(WALK TA_XejNRIidB4gvrEPnTV8U X4AqQ5YUNTrIBzKiPea7 Xbf47z98om5ZMUVORjG0)
(HOMESAFE TA_Xejnriidb4gvrepntv8u Xbf47z98om5ZMUVORjG0)
(DROPOFF TA_Xbf47z98om5ZMUVORjG0 XlVOvaZXqjnb1QiPN4SL)
(WALK TA_Xbf47z98om5ZMUVORjG0 XlVOvaZXqjnb1QiPN4SL X1rohJL7paNV60dkwHy5)
(WALK TA_Xbf47z98om5ZMUVORjG0 X1rohJL7paNV60dkwHy5 XbWTReYw0BhlvS4MOVfL)
(HOMESAFE TA_Xbf47z98om5zmuvorjg0 XbWTReYw0BhlvS4MOVfL)
(DROPOFF TA_X7aRmJfDh4vEt258Ai9L XlVOvaZXqjnb1QiPN4SL)
(WALK TA_X7aRmJfDh4vEt258Ai9L XlVOvaZXqjnb1QiPN4SL XS3RnaUX1VOgTWKz9hbE)
(WALK TA_X7aRmJfDh4vEt258Ai9L XS3RnaUX1VOgTWKz9hbE XwVe6HY1xINUrGjoPvBR)
(HOMESAFE TA_X7armjfdh4vet258ai9l XwVe6HY1xINUrGjoPvBR)
(DROPOFF TA_Xtmubz8TR6MEqo04GaXQ XlVOvaZXqjnb1QiPN4SL)
(WALK TA_Xtmubz8TR6MEqo04GaXQ XlVOvaZXqjnb1QiPN4SL XsYlHgS5wtRaZOTc7xoL)
(WALK TA_Xtmubz8TR6MEqo04GaXQ XsYlHgS5wtRaZOTc7xoL XPMi5mGhrzJqWAYD3BHv)
(HOMESAFE TA_Xtmubz8tr6meqo04gaxq XpMi5mGhrzJqWAYD3BHv)
(DROPOFF TA_X1V4PG7oEw2rS9xRO3Bj XlVOvaZXqjnb1QiPN4SL)
(WALK TA_X1V4PG7oEw2rS9xRO3Bj XlVOvaZXqjnb1QiPN4SL XUTh5uxcaOEdINJHjKt8)
(WALK TA_X1V4PG7oEw2rS9xRO3Bj XUTh5uxcaOEdINJHjKt8 X7aRmJfDh4vEt258Ai9L)
(HOMESAFE TA_X1V4PG7oew2rs9xro3bj X7aRmJfDh4vEt258Ai9L)
(DROPOFF TA_XwG9ACiZlVUHDz67EehO XlVOvaZXqjnb1QiPN4SL)
(WALK TA_XwG9ACiZlVUHDz67EehO XlVOvaZXqjnb1QiPN4SL XvEbpxhNR9ImsTgyqFO2)
(WALK TA_XwG9ACiZlVUHDz67EehO XvEbpxhNR9ImsTgyqFO2 XejNRIidB4gvrEPnTV8U)
(HOMESAFE TA_Xwg9acizlvuhdz67eeho XejNRIidB4gvrEPnTV8U)
(DROPOFF TA_X6yczq9OEfSPk2s1GodH XlVOvaZXqjnb1QiPN4SL)
(WALK TA_X6yczq9OEfSPk2s1GodH XlVOvaZXqjnb1QiPN4SL XVtpXbQuGP9Wqv0OxRMo)
(WALK TA_X6yczq9OEfSPk2s1GodH XVtpXbQuGP9Wqv0OxRMo XK7nbuQS5FWTkmHyhi69)
(HOMESAFE TA_X6yczq9oefspk2s1godh Xk7nbuQS5FWTkmHyhi69)
(DROPOFF TA_XYioPekqCUnASaBF9NdH XlVOvaZXqjnb1QiPN4SL)
(WALK TA_XYioPekqCUnASaBF9NdH XlVOvaZXqjnb1QiPN4SL XydR9gWXJkKALx6CwnN5)
(WALK TA_XYioPekqCUnASaBF9NdH XydR9gWXJkKALx6CwnN5 XgPuR31xAk9zvU6NTyj8)
(HOMESAFE TA_XYiopekqcunasabf9ndh XgPuR31xAk9zvU6NTyj8)
(DROPOFF TA_XYkRo3m4NGhXuEbHLgis XlVOvaZXqjnb1QiPN4SL)
(WALK TA_XYkRo3m4NGhXuEbHLgis XlVOvaZXqjnb1QiPN4SL XsYlHgS5wtRaZOTc7xoL)
(WALK TA_XYkRo3m4NGhXuEbHLgis XsYlHgS5wtRaZOTc7xoL XrqNcZ8MUzDE3H2ekKJp)
(HOMESAFE TA_XYkro3m4nghxuebhlgis XrqNcZ8MUzDE3H2ekKJp)
(DROPOFF TA_Xasp20NJKvZUtDiW1Trx XlVOvaZXqjnb1QiPN4SL)
(WALK TA_Xasp20NJKvZUtDiW1Trx XlVOvaZXqjnb1QiPN4SL X0Vca3FbEMRi5AQDsO6n)
(WALK TA_Xasp20NJKvZUtDiW1Trx X0Vca3FbEMRi5AQDsO6n XWMcq9fQKeLJk5Y0CDTR)
(HOMESAFE TA_Xasp20njkvzutdiw1trx XwMcq9fQKeLJk5Y0CDTR)
(DROPOFF TA_XJ3FvU9WXMbfo8m0ZhcD XlVOvaZXqjnb1QiPN4SL)
(WALK TA_XJ3FvU9WXMbfo8m0ZhcD XlVOvaZXqjnb1QiPN4SL XVtpXbQuGP9Wqv0OxRMo)
(WALK TA_XJ3FvU9WXMbfo8m0ZhcD XVtpXbQuGP9Wqv0OxRMo XpBC7kb6YvcSm2XysuzG)
(HOMESAFE TA_XJ3Fvu9wxmbfo8m0zhcd XpBC7kb6YvcSm2XysuzG)
(DROPOFF TA_Xd6UiSTzYoMpXGw48gAD XlVOvaZXqjnb1QiPN4SL)
(WALK TA_Xd6UiSTzYoMpXGw48gAD XlVOvaZXqjnb1QiPN4SL XjM95rTCpteGDZ0BkxHz)
(WALK TA_Xd6UiSTzYoMpXGw48gAD XjM95rTCpteGDZ0BkxHz XQKaVhgAPN7MzZXkIJif)
(HOMESAFE TA_Xd6uistzyompxgw48gad XqKaVhgAPN7MzZXkIJif)
(DROPOFF TA_XLxrqIj6vUJmAulbGEsz XlVOvaZXqjnb1QiPN4SL)
(WALK TA_XLxrqIj6vUJmAulbGEsz XlVOvaZXqjnb1QiPN4SL XyXsLdi0xfgQkYqnZr1G)
(WALK TA_XLxrqIj6vUJmAulbGEsz XyXsLdi0xfgQkYqnZr1G X6yczq9OEfSPk2s1GodH)
(HOMESAFE TA_XLxrqij6vujmaulbgesz X6yczq9OEfSPk2s1GodH)
(DROPOFF TA_XzROkalGf12roedQWiBZ XlVOvaZXqjnb1QiPN4SL)
(WALK TA_XzROkalGf12roedQWiBZ XlVOvaZXqjnb1QiPN4SL XvEbpxhNR9ImsTgyqFO2)
(WALK TA_XzROkalGf12roedQWiBZ XvEbpxhNR9ImsTgyqFO2 XDea9uc7gshQNXqSrGwR)
(HOMESAFE TA_Xzrokalgf12roedqwibz Xdea9uc7gshQNXqSrGwR)
(DROPOFF TA_Xofc35ZL6ED4Qs9nYgtu XlVOvaZXqjnb1QiPN4SL)
(WALK TA_Xofc35ZL6ED4Qs9nYgtu XlVOvaZXqjnb1QiPN4SL X4CF9Rq7EKgAduij0sG3)
(WALK TA_Xofc35ZL6ED4Qs9nYgtu X4CF9Rq7EKgAduij0sG3 XPjaGwqf8CSFyxQX6Tph)
(HOMESAFE TA_Xofc35zl6ed4qs9nygtu XpjaGwqf8CSFyxQX6Tph)
(DROPOFF TA_XpBC7kb6YvcSm2XysuzG XlVOvaZXqjnb1QiPN4SL)
(WALK TA_XpBC7kb6YvcSm2XysuzG XlVOvaZXqjnb1QiPN4SL XsYlHgS5wtRaZOTc7xoL)
(WALK TA_XpBC7kb6YvcSm2XysuzG XsYlHgS5wtRaZOTc7xoL Xw94BKFb1ecikMGfS70L)
(HOMESAFE TA_Xpbc7kb6yvcsm2xysuzg Xw94BKFb1ecikMGfS70L)
(DROPOFF TA_XPmQXT3OGFtJDs9diWZV XlVOvaZXqjnb1QiPN4SL)
(WALK TA_XPmQXT3OGFtJDs9diWZV XlVOvaZXqjnb1QiPN4SL XQxOibWH820XNYpq3tLs)
(WALK TA_XPmQXT3OGFtJDs9diWZV XQxOibWH820XNYpq3tLs X1V4PG7oEw2rS9xRO3Bj)
(HOMESAFE TA_XPmqxt3ogftjds9diwzv X1V4PG7oEw2rS9xRO3Bj)
(DROPOFF TA_XWMcq9fQKeLJk5Y0CDTR XlVOvaZXqjnb1QiPN4SL)
(WALK TA_XWMcq9fQKeLJk5Y0CDTR XlVOvaZXqjnb1QiPN4SL X1rohJL7paNV60dkwHy5)
(WALK TA_XWMcq9fQKeLJk5Y0CDTR X1rohJL7paNV60dkwHy5 XZCNy86nGLY4wfo1cWje)
(HOMESAFE TA_XWMcq9fqkeljk5y0cdtr XzCNy86nGLY4wfo1cWje)
(DROPOFF TA_XrqNcZ8MUzDE3H2ekKJp XlVOvaZXqjnb1QiPN4SL)
(WALK TA_XrqNcZ8MUzDE3H2ekKJp XlVOvaZXqjnb1QiPN4SL Xr7lSNvA6nm9JpW8THBj)
(WALK TA_XrqNcZ8MUzDE3H2ekKJp Xr7lSNvA6nm9JpW8THBj X5VbntkgFqTX8w9sYai2)
(HOMESAFE TA_Xrqncz8muzde3h2ekkjp X5VbntkgFqTX8w9sYai2)
(DROPOFF TA_XlZ2Ga35MbPOtokD1gF0 XlVOvaZXqjnb1QiPN4SL)
(WALK TA_XlZ2Ga35MbPOtokD1gF0 XlVOvaZXqjnb1QiPN4SL XL6i2mJWwCPlub7GeUYN)
(WALK TA_XlZ2Ga35MbPOtokD1gF0 XL6i2mJWwCPlub7GeUYN Xtmubz8TR6MEqo04GaXQ)
(HOMESAFE TA_Xlz2ga35mbpotokd1gf0 Xtmubz8TR6MEqo04GaXQ)
(DROPOFF TA_XgPuR31xAk9zvU6NTyj8 XlVOvaZXqjnb1QiPN4SL)
(WALK TA_XgPuR31xAk9zvU6NTyj8 XlVOvaZXqjnb1QiPN4SL XFlotE1H9ncziVfSk3RL)
(WALK TA_XgPuR31xAk9zvU6NTyj8 XFlotE1H9ncziVfSk3RL XprEdKF8t2xfGRCWhIb6)
(HOMESAFE TA_Xgpur31xak9zvu6ntyj8 XprEdKF8t2xfGRCWhIb6)
(DROPOFF TA_XCgrHnsmUEaKbL2Bu9fI XlVOvaZXqjnb1QiPN4SL)
(WALK TA_XCgrHnsmUEaKbL2Bu9fI XlVOvaZXqjnb1QiPN4SL XvEbpxhNR9ImsTgyqFO2)
(WALK TA_XCgrHnsmUEaKbL2Bu9fI XvEbpxhNR9ImsTgyqFO2 Xasp20NJKvZUtDiW1Trx)
(HOMESAFE TA_XCgrhnsmueakbl2bu9fi Xasp20NJKvZUtDiW1Trx)
(DROPOFF TA_XH73qxghnr8SspNjtPW5 XlVOvaZXqjnb1QiPN4SL)
(WALK TA_XH73qxghnr8SspNjtPW5 XlVOvaZXqjnb1QiPN4SL X4CF9Rq7EKgAduij0sG3)
(WALK TA_XH73qxghnr8SspNjtPW5 X4CF9Rq7EKgAduij0sG3 XZYgsVSN6W2mIfqFPXei)
(HOMESAFE TA_XH73qxghnr8sspnjtpw5 XzYgsVSN6W2mIfqFPXei)
(DROPOFF TA_XcbGv0lH2ekt7XznaK9Q XlVOvaZXqjnb1QiPN4SL)
(WALK TA_XcbGv0lH2ekt7XznaK9Q XlVOvaZXqjnb1QiPN4SL XyXsLdi0xfgQkYqnZr1G)
(WALK TA_XcbGv0lH2ekt7XznaK9Q XyXsLdi0xfgQkYqnZr1G XlZ2Ga35MbPOtokD1gF0)
(HOMESAFE TA_Xcbgv0lh2ekt7xznak9q XlZ2Ga35MbPOtokD1gF0)
(DROPOFF TA_XK7nbuQS5FWTkmHyhi69 XlVOvaZXqjnb1QiPN4SL)
(WALK TA_XK7nbuQS5FWTkmHyhi69 XlVOvaZXqjnb1QiPN4SL XvEbpxhNR9ImsTgyqFO2)
(WALK TA_XK7nbuQS5FWTkmHyhi69 XvEbpxhNR9ImsTgyqFO2 X7ylUw023cBhQYobkz4m)
(HOMESAFE TA_XK7nbuqs5fwtkmhyhi69 X7ylUw023cBhQYobkz4m)
(DROPOFF TA_X9ZJNwSv0RBa6MeqIpmt XlVOvaZXqjnb1QiPN4SL)
(WALK TA_X9ZJNwSv0RBa6MeqIpmt XlVOvaZXqjnb1QiPN4SL X1rohJL7paNV60dkwHy5)
(WALK TA_X9ZJNwSv0RBa6MeqIpmt X1rohJL7paNV60dkwHy5 XPmQXT3OGFtJDs9diWZV)
(HOMESAFE TA_X9ZJNwsv0rba6meqipmt XpmQXT3OGFtJDs9diWZV)
(DROPOFF TA_XDQw9naPXAhyUOL6tvVl XlVOvaZXqjnb1QiPN4SL)
(WALK TA_XDQw9naPXAhyUOL6tvVl XlVOvaZXqjnb1QiPN4SL XU5dFVbnKu6iAo4sPWQY)
(WALK TA_XDQw9naPXAhyUOL6tvVl XU5dFVbnKu6iAo4sPWQY XwG9ACiZlVUHDz67EehO)
(HOMESAFE TA_XDQw9napxahyuol6tvvl XwG9ACiZlVUHDz67EehO)
(DROPOFF TA_XQKaVhgAPN7MzZXkIJif XlVOvaZXqjnb1QiPN4SL)
(WALK TA_XQKaVhgAPN7MzZXkIJif XlVOvaZXqjnb1QiPN4SL XCDEvtaSiF17w8zo2Aey)
(WALK TA_XQKaVhgAPN7MzZXkIJif XCDEvtaSiF17w8zo2Aey XcbGv0lH2ekt7XznaK9Q)
(HOMESAFE TA_XQKavhgapn7mzzxkijif XcbGv0lH2ekt7XznaK9Q)
(DROPOFF TA_XSz9FxGJ7CPMEbUovXQq XlVOvaZXqjnb1QiPN4SL)
(WALK TA_XSz9FxGJ7CPMEbUovXQq XlVOvaZXqjnb1QiPN4SL XydR9gWXJkKALx6CwnN5)
(WALK TA_XSz9FxGJ7CPMEbUovXQq XydR9gWXJkKALx6CwnN5 X9TnE82lFzgSRfhLcjty)
(HOMESAFE TA_XSz9fxgj7cpmebuovxqq X9TnE82lFzgSRfhLcjty)
(DROPOFF TA_X7ylUw023cBhQYobkz4m XlVOvaZXqjnb1QiPN4SL)
(WALK TA_X7ylUw023cBhQYobkz4m XlVOvaZXqjnb1QiPN4SL XFlotE1H9ncziVfSk3RL)
(WALK TA_X7ylUw023cBhQYobkz4m XFlotE1H9ncziVfSk3RL XH73qxghnr8SspNjtPW5)
(HOMESAFE TA_X7yluw023cbhqyobkz4m Xh73qxghnr8SspNjtPW5)
(DROPOFF TA_X9TnE82lFzgSRfhLcjty XlVOvaZXqjnb1QiPN4SL)
(WALK TA_X9TnE82lFzgSRfhLcjty XlVOvaZXqjnb1QiPN4SL XFlotE1H9ncziVfSk3RL)
(WALK TA_X9TnE82lFzgSRfhLcjty XFlotE1H9ncziVfSk3RL XSz9FxGJ7CPMEbUovXQq)
(HOMESAFE TA_X9Tne82lfzgsrfhlcjty Xsz9FxGJ7CPMEbUovXQq)
(DROPOFF TA_XyReNFSdk9pj46IBuJlD XlVOvaZXqjnb1QiPN4SL)
(WALK TA_XyReNFSdk9pj46IBuJlD XlVOvaZXqjnb1QiPN4SL X0T9maM1SwOgrVn4YzoH)
(WALK TA_XyReNFSdk9pj46IBuJlD X0T9maM1SwOgrVn4YzoH Xctr2CvsehWx0ENY16wO)
(HOMESAFE TA_Xyrenfsdk9pj46ibujld Xctr2CvsehWx0ENY16wO)
(DROPOFF TA_XbWTReYw0BhlvS4MOVfL XlVOvaZXqjnb1QiPN4SL)
(WALK TA_XbWTReYw0BhlvS4MOVfL XlVOvaZXqjnb1QiPN4SL XU5dFVbnKu6iAo4sPWQY)
(WALK TA_XbWTReYw0BhlvS4MOVfL XU5dFVbnKu6iAo4sPWQY XDQw9naPXAhyUOL6tvVl)
(HOMESAFE TA_Xbwtreyw0bhlvs4movfl XdQw9naPXAhyUOL6tvVl)
(DROPOFF TA_XM5bN0l7KCxBwZvTjOzI XlVOvaZXqjnb1QiPN4SL)
(WALK TA_XM5bN0l7KCxBwZvTjOzI XlVOvaZXqjnb1QiPN4SL X0T9maM1SwOgrVn4YzoH)
(WALK TA_XM5bN0l7KCxBwZvTjOzI X0T9maM1SwOgrVn4YzoH Xd6UiSTzYoMpXGw48gAD)
(HOMESAFE TA_XM5bn0l7kcxbwzvtjozi Xd6UiSTzYoMpXGw48gAD)
(DROPOFF TA_XPMi5mGhrzJqWAYD3BHv XlVOvaZXqjnb1QiPN4SL)
(WALK TA_XPMi5mGhrzJqWAYD3BHv XlVOvaZXqjnb1QiPN4SL XVtpXbQuGP9Wqv0OxRMo)
(WALK TA_XPMi5mGhrzJqWAYD3BHv XVtpXbQuGP9Wqv0OxRMo XrqNcZ8MUzDE3H2ekKJp)
(WALK TA_XPMi5mGhrzJqWAYD3BHv XrqNcZ8MUzDE3H2ekKJp XYkRo3m4NGhXuEbHLgis)
(HOMESAFE TA_XPMi5mghrzjqwayd3bhv XykRo3m4NGhXuEbHLgis)
(DROPOFF TA_XprEdKF8t2xfGRCWhIb6 XlVOvaZXqjnb1QiPN4SL)
(WALK TA_XprEdKF8t2xfGRCWhIb6 XlVOvaZXqjnb1QiPN4SL X0I5bOlMW6Q9DuYsrn12)
(WALK TA_XprEdKF8t2xfGRCWhIb6 X0I5bOlMW6Q9DuYsrn12 XQKaVhgAPN7MzZXkIJif)
(WALK TA_XprEdKF8t2xfGRCWhIb6 XQKaVhgAPN7MzZXkIJif XUIJTGnEvaFfWoB4pReZ)
(HOMESAFE TA_Xpredkf8t2xfgrcwhib6 XuIJTGnEvaFfWoB4pReZ)
(DROPOFF TA_Xq2hnSgjm30BKapPZH8v XlVOvaZXqjnb1QiPN4SL)
(WALK TA_Xq2hnSgjm30BKapPZH8v XlVOvaZXqjnb1QiPN4SL X0I5bOlMW6Q9DuYsrn12)
(WALK TA_Xq2hnSgjm30BKapPZH8v X0I5bOlMW6Q9DuYsrn12 XQKaVhgAPN7MzZXkIJif)
(WALK TA_Xq2hnSgjm30BKapPZH8v XQKaVhgAPN7MzZXkIJif XM5bN0l7KCxBwZvTjOzI)
(HOMESAFE TA_Xq2hnsgjm30bkappzh8v Xm5bN0l7KCxBwZvTjOzI)
(DROPOFF TA_Xqe0CW9YTfri5FH8nzhZ XlVOvaZXqjnb1QiPN4SL)
(WALK TA_Xqe0CW9YTfri5FH8nzhZ XlVOvaZXqjnb1QiPN4SL X0Vca3FbEMRi5AQDsO6n)
(WALK TA_Xqe0CW9YTfri5FH8nzhZ X0Vca3FbEMRi5AQDsO6n XrqNcZ8MUzDE3H2ekKJp)
(WALK TA_Xqe0CW9YTfri5FH8nzhZ XrqNcZ8MUzDE3H2ekKJp XzROkalGf12roedQWiBZ)
(HOMESAFE TA_Xqe0cw9ytfri5fh8nzhz XzROkalGf12roedQWiBZ)
(DROPOFF TA_XoarTSh6swBUepOyZfIL XlVOvaZXqjnb1QiPN4SL)
(WALK TA_XoarTSh6swBUepOyZfIL XlVOvaZXqjnb1QiPN4SL Xr7lSNvA6nm9JpW8THBj)
(WALK TA_XoarTSh6swBUepOyZfIL Xr7lSNvA6nm9JpW8THBj XDQw9naPXAhyUOL6tvVl)
(WALK TA_XoarTSh6swBUepOyZfIL XDQw9naPXAhyUOL6tvVl XyReNFSdk9pj46IBuJlD)
(HOMESAFE TA_Xoartsh6swbuepoyzfil XyReNFSdk9pj46IBuJlD)
(DROPOFF TA_XZYgsVSN6W2mIfqFPXei XlVOvaZXqjnb1QiPN4SL)
(WALK TA_XZYgsVSN6W2mIfqFPXei XlVOvaZXqjnb1QiPN4SL X4CF9Rq7EKgAduij0sG3)
(WALK TA_XZYgsVSN6W2mIfqFPXei X4CF9Rq7EKgAduij0sG3 XrqNcZ8MUzDE3H2ekKJp)
(WALK TA_XZYgsVSN6W2mIfqFPXei XrqNcZ8MUzDE3H2ekKJp XWFoj1MI7y5B3zXtAgZ8)
(HOMESAFE TA_XZYgsvsn6w2mifqfpxei XwFoj1MI7y5B3zXtAgZ8)
(DROPOFF TA_Xw94BKFb1ecikMGfS70L XlVOvaZXqjnb1QiPN4SL)
(WALK TA_Xw94BKFb1ecikMGfS70L XlVOvaZXqjnb1QiPN4SL XvEbpxhNR9ImsTgyqFO2)
(WALK TA_Xw94BKFb1ecikMGfS70L XvEbpxhNR9ImsTgyqFO2 Xasp20NJKvZUtDiW1Trx)
(WALK TA_Xw94BKFb1ecikMGfS70L Xasp20NJKvZUtDiW1Trx Xofc35ZL6ED4Qs9nYgtu)
(HOMESAFE TA_Xw94bkfb1ecikmgfs70l Xofc35ZL6ED4Qs9nYgtu)
(DROPOFF TA_XUIJTGnEvaFfWoB4pReZ XlVOvaZXqjnb1QiPN4SL)
(WALK TA_XUIJTGnEvaFfWoB4pReZ XlVOvaZXqjnb1QiPN4SL XjM95rTCpteGDZ0BkxHz)
(WALK TA_XUIJTGnEvaFfWoB4pReZ XjM95rTCpteGDZ0BkxHz XrqNcZ8MUzDE3H2ekKJp)
(WALK TA_XUIJTGnEvaFfWoB4pReZ XrqNcZ8MUzDE3H2ekKJp Xqe0CW9YTfri5FH8nzhZ)
(HOMESAFE TA_XUIJTGnevaffwob4prez Xqe0CW9YTfri5FH8nzhZ)
(DROPOFF TA_XWFoj1MI7y5B3zXtAgZ8 XlVOvaZXqjnb1QiPN4SL)
(WALK TA_XWFoj1MI7y5B3zXtAgZ8 XlVOvaZXqjnb1QiPN4SL X6sf0XjAagZLqR4CJPlD)
(WALK TA_XWFoj1MI7y5B3zXtAgZ8 X6sf0XjAagZLqR4CJPlD XrqNcZ8MUzDE3H2ekKJp)
(WALK TA_XWFoj1MI7y5B3zXtAgZ8 XrqNcZ8MUzDE3H2ekKJp X9ZJNwSv0RBa6MeqIpmt)
(HOMESAFE TA_XWFoj1mi7y5b3zxtagz8 X9ZJNwSv0RBa6MeqIpmt)
(DROPOFF TA_XZCNy86nGLY4wfo1cWje XlVOvaZXqjnb1QiPN4SL)
(WALK TA_XZCNy86nGLY4wfo1cWje XlVOvaZXqjnb1QiPN4SL XjM95rTCpteGDZ0BkxHz)
(WALK TA_XZCNy86nGLY4wfo1cWje XjM95rTCpteGDZ0BkxHz XrqNcZ8MUzDE3H2ekKJp)
(WALK TA_XZCNy86nGLY4wfo1cWje XrqNcZ8MUzDE3H2ekKJp XJ3FvU9WXMbfo8m0ZhcD)
(HOMESAFE TA_XZCNy86ngly4wfo1cwje Xj3FvU9WXMbfo8m0ZhcD)
(DROPOFF TA_XDea9uc7gshQNXqSrGwR XlVOvaZXqjnb1QiPN4SL)
(WALK TA_XDea9uc7gshQNXqSrGwR XlVOvaZXqjnb1QiPN4SL XjM95rTCpteGDZ0BkxHz)
(WALK TA_XDea9uc7gshQNXqSrGwR XjM95rTCpteGDZ0BkxHz XrqNcZ8MUzDE3H2ekKJp)
(WALK TA_XDea9uc7gshQNXqSrGwR XrqNcZ8MUzDE3H2ekKJp XoarTSh6swBUepOyZfIL)
(HOMESAFE TA_XDea9uc7gshqnxqsrgwr XoarTSh6swBUepOyZfIL)
