(DROPOFF TA_XpsCgZixY0EkVrlhQ78a X6hCusiQT0Dw1LIp2c8t)
(HOMESAFE TA_Xpscgzixy0ekvrlhq78a X6hCusiQT0Dw1LIp2c8t)
(DRIVE X6hCusiQT0Dw1LIp2c8t XMmyIjL9eCtx6gWz3wVZ)
(DRIVE XMmyIjL9eCtx6gWz3wVZ X1jBi0PTJvZ64NCk3reI)
(DRIVE X1jBi0PTJvZ64NCk3reI XtzCcW8fgerZ7MPsKRYo)
(DRIVE XtzCcW8fgerZ7MPsKRYo XDcx9AuBZiOREsF8tCf7)
(DRIVE XDcx9AuBZiOREsF8tCf7 Xr7eGb1yPwH4mTBqxSYE)
(DRIVE Xr7eGb1yPwH4mTBqxSYE XIlPsROCJnVuvY9ztkBg)
(DRIVE XIlPsROCJnVuvY9ztkBg XtHlZLpFmMs2C4Ke5Iva)
(DRIVE XtHlZLpFmMs2C4Ke5Iva XB1yRejAKLtzmXFhdW7a)
(DROPOFF TA_X6hCusiQT0Dw1LIp2c8t XB1yRejAKLtzmXFhdW7a)
(HOMESAFE TA_X6hcusiqt0dw1lip2c8t Xb1yRejAKLtzmXFhdW7a)
(DRIVE XB1yRejAKLtzmXFhdW7a XtHlZLpFmMs2C4Ke5Iva)
(DROPOFF TA_XMmyIjL9eCtx6gWz3wVZ XtHlZLpFmMs2C4Ke5Iva)
(HOMESAFE TA_XMmyijl9ectx6gwz3wvz XtHlZLpFmMs2C4Ke5Iva)
(DRIVE XtHlZLpFmMs2C4Ke5Iva XB1yRejAKLtzmXFhdW7a)
(DRIVE XB1yRejAKLtzmXFhdW7a X0pR2dNDmQ8oq4YaV3eH)
(DROPOFF TA_X1jBi0PTJvZ64NCk3reI X0pR2dNDmQ8oq4YaV3eH)
(HOMESAFE TA_X1jbi0ptjvz64nck3rei X0pR2dNDmQ8oq4YaV3eH)
(DRIVE X0pR2dNDmQ8oq4YaV3eH XB1yRejAKLtzmXFhdW7a)
(DRIVE XB1yRejAKLtzmXFhdW7a XtHlZLpFmMs2C4Ke5Iva)
(DRIVE XtHlZLpFmMs2C4Ke5Iva XIlPsROCJnVuvY9ztkBg)
(DROPOFF TA_XtzCcW8fgerZ7MPsKRYo XIlPsROCJnVuvY9ztkBg)
(HOMESAFE TA_Xtzccw8fgerz7mpskryo XilPsROCJnVuvY9ztkBg)
(DRIVE XIlPsROCJnVuvY9ztkBg XtHlZLpFmMs2C4Ke5Iva)
(DRIVE XtHlZLpFmMs2C4Ke5Iva XB1yRejAKLtzmXFhdW7a)
(DRIVE XB1yRejAKLtzmXFhdW7a X0pR2dNDmQ8oq4YaV3eH)
(DRIVE X0pR2dNDmQ8oq4YaV3eH XovScIEk3it5uYA4m0V1)
(DROPOFF TA_XDcx9AuBZiOREsF8tCf7 XovScIEk3it5uYA4m0V1)
(HOMESAFE TA_XDcx9aubzioresf8tcf7 XovScIEk3it5uYA4m0V1)
(DRIVE XovScIEk3it5uYA4m0V1 X0pR2dNDmQ8oq4YaV3eH)
(DRIVE X0pR2dNDmQ8oq4YaV3eH XB1yRejAKLtzmXFhdW7a)
(DRIVE XB1yRejAKLtzmXFhdW7a XtHlZLpFmMs2C4Ke5Iva)
(DRIVE XtHlZLpFmMs2C4Ke5Iva XIlPsROCJnVuvY9ztkBg)
(DRIVE XIlPsROCJnVuvY9ztkBg Xr7eGb1yPwH4mTBqxSYE)
(DROPOFF TA_Xr7eGb1yPwH4mTBqxSYE Xr7eGb1yPwH4mTBqxSYE)
(HOMESAFE TA_Xr7egb1ypwh4mtbqxsye Xr7eGb1yPwH4mTBqxSYE)
(DRIVE Xr7eGb1yPwH4mTBqxSYE XIlPsROCJnVuvY9ztkBg)
(DRIVE XIlPsROCJnVuvY9ztkBg XtHlZLpFmMs2C4Ke5Iva)
(DRIVE XtHlZLpFmMs2C4Ke5Iva XB1yRejAKLtzmXFhdW7a)
(DRIVE XB1yRejAKLtzmXFhdW7a X0pR2dNDmQ8oq4YaV3eH)
(DRIVE X0pR2dNDmQ8oq4YaV3eH XovScIEk3it5uYA4m0V1)
(DRIVE XovScIEk3it5uYA4m0V1 XjrkGdcRHTXnEtFM4byq)
(DROPOFF TA_XIlPsROCJnVuvY9ztkBg XjrkGdcRHTXnEtFM4byq)
(HOMESAFE TA_XIlpsrocjnvuvy9ztkbg XjrkGdcRHTXnEtFM4byq)
(DRIVE XjrkGdcRHTXnEtFM4byq XovScIEk3it5uYA4m0V1)
(DRIVE XovScIEk3it5uYA4m0V1 X0pR2dNDmQ8oq4YaV3eH)
(DRIVE X0pR2dNDmQ8oq4YaV3eH XB1yRejAKLtzmXFhdW7a)
(DRIVE XB1yRejAKLtzmXFhdW7a XtHlZLpFmMs2C4Ke5Iva)
(DRIVE XtHlZLpFmMs2C4Ke5Iva XIlPsROCJnVuvY9ztkBg)
(DRIVE XIlPsROCJnVuvY9ztkBg Xr7eGb1yPwH4mTBqxSYE)
(DRIVE Xr7eGb1yPwH4mTBqxSYE XDcx9AuBZiOREsF8tCf7)
(DROPOFF TA_XtHlZLpFmMs2C4Ke5Iva XDcx9AuBZiOREsF8tCf7)
(HOMESAFE TA_Xthlzlpfmms2c4ke5iva Xdcx9AuBZiOREsF8tCf7)
(DRIVE XDcx9AuBZiOREsF8tCf7 XtzCcW8fgerZ7MPsKRYo)
(DROPOFF TA_XB1yRejAKLtzmXFhdW7a XtzCcW8fgerZ7MPsKRYo)
(HOMESAFE TA_XB1yrejakltzmxfhdw7a XtzCcW8fgerZ7MPsKRYo)
(DRIVE XtzCcW8fgerZ7MPsKRYo X1jBi0PTJvZ64NCk3reI)
(DROPOFF TA_X0pR2dNDmQ8oq4YaV3eH X1jBi0PTJvZ64NCk3reI)
(HOMESAFE TA_X0pr2dndmq8oq4yav3eh X1jBi0PTJvZ64NCk3reI)
(DRIVE X1jBi0PTJvZ64NCk3reI XMmyIjL9eCtx6gWz3wVZ)
(DROPOFF TA_XovScIEk3it5uYA4m0V1 XMmyIjL9eCtx6gWz3wVZ)
(HOMESAFE TA_Xovsciek3it5uya4m0v1 XmmyIjL9eCtx6gWz3wVZ)
(DRIVE XMmyIjL9eCtx6gWz3wVZ X1jBi0PTJvZ64NCk3reI)
(DRIVE X1jBi0PTJvZ64NCk3reI XSECHBLFm7bW62pstcwe)
(DROPOFF TA_XjrkGdcRHTXnEtFM4byq XSECHBLFm7bW62pstcwe)
(HOMESAFE TA_Xjrkgdcrhtxnetfm4byq XsECHBLFm7bW62pstcwe)
(DRIVE XSECHBLFm7bW62pstcwe X1jBi0PTJvZ64NCk3reI)
(DRIVE X1jBi0PTJvZ64NCk3reI XtzCcW8fgerZ7MPsKRYo)
(DRIVE XtzCcW8fgerZ7MPsKRYo XDcx9AuBZiOREsF8tCf7)
(DRIVE XDcx9AuBZiOREsF8tCf7 Xr7eGb1yPwH4mTBqxSYE)
(DRIVE Xr7eGb1yPwH4mTBqxSYE XIlPsROCJnVuvY9ztkBg)
(DRIVE XIlPsROCJnVuvY9ztkBg XtHlZLpFmMs2C4Ke5Iva)
(DRIVE XtHlZLpFmMs2C4Ke5Iva XB1yRejAKLtzmXFhdW7a)
(DRIVE XB1yRejAKLtzmXFhdW7a X0pR2dNDmQ8oq4YaV3eH)
(DRIVE X0pR2dNDmQ8oq4YaV3eH XovScIEk3it5uYA4m0V1)
(DRIVE XovScIEk3it5uYA4m0V1 XjrkGdcRHTXnEtFM4byq)
(DRIVE XjrkGdcRHTXnEtFM4byq XpsCgZixY0EkVrlhQ78a)
(DROPOFF TA_XuqDslFf152aSvKkZy4d XpsCgZixY0EkVrlhQ78a)
(HOMESAFE TA_Xuqdslff152asvkkzy4d XpsCgZixY0EkVrlhQ78a)
(DRIVE XpsCgZixY0EkVrlhQ78a XjrkGdcRHTXnEtFM4byq)
(DRIVE XjrkGdcRHTXnEtFM4byq XobFHZn58LiTK7tU4qPr)
(DROPOFF TA_XjqEoINsWgAHPK23nfx8 XobFHZn58LiTK7tU4qPr)
(HOMESAFE TA_Xjqeoinswgahpk23nfx8 XobFHZn58LiTK7tU4qPr)
(DRIVE XobFHZn58LiTK7tU4qPr XjrkGdcRHTXnEtFM4byq)
(DRIVE XjrkGdcRHTXnEtFM4byq X83nqOsurZC7mNJVkYvy)
(DROPOFF TA_XMaAJp7XESHWcrk3Ysnl X83nqOsurZC7mNJVkYvy)
(HOMESAFE TA_XMaajp7xeshwcrk3ysnl X83nqOsurZC7mNJVkYvy)
(DRIVE X83nqOsurZC7mNJVkYvy XjrkGdcRHTXnEtFM4byq)
(DRIVE XjrkGdcRHTXnEtFM4byq XovScIEk3it5uYA4m0V1)
(DRIVE XovScIEk3it5uYA4m0V1 X0pR2dNDmQ8oq4YaV3eH)
(DRIVE X0pR2dNDmQ8oq4YaV3eH XB1yRejAKLtzmXFhdW7a)
(DRIVE XB1yRejAKLtzmXFhdW7a XuqDslFf152aSvKkZy4d)
(DROPOFF TA_X8lahQvKgdf0Xt5mOxAG XuqDslFf152aSvKkZy4d)
(HOMESAFE TA_X8lahqvkgdf0xt5moxag XuqDslFf152aSvKkZy4d)
(DRIVE XuqDslFf152aSvKkZy4d XB1yRejAKLtzmXFhdW7a)
(DRIVE XB1yRejAKLtzmXFhdW7a X0pR2dNDmQ8oq4YaV3eH)
(DRIVE X0pR2dNDmQ8oq4YaV3eH XovScIEk3it5uYA4m0V1)
(DRIVE XovScIEk3it5uYA4m0V1 XjrkGdcRHTXnEtFM4byq)
(DRIVE XjrkGdcRHTXnEtFM4byq X1gIAyBPEZj03p64La9s)
(DROPOFF TA_XSECHBLFm7bW62pstcwe X1gIAyBPEZj03p64La9s)
(HOMESAFE TA_XSECHBLFm7bw62pstcwe X1gIAyBPEZj03p64La9s)
(DRIVE X1gIAyBPEZj03p64La9s XjrkGdcRHTXnEtFM4byq)
(DRIVE XjrkGdcRHTXnEtFM4byq XkcPgNQThEV1pHUs98Rf)
(DROPOFF TA_XobFHZn58LiTK7tU4qPr XkcPgNQThEV1pHUs98Rf)
(HOMESAFE TA_Xobfhzn58litk7tu4qpr XkcPgNQThEV1pHUs98Rf)
(DRIVE XkcPgNQThEV1pHUs98Rf XjrkGdcRHTXnEtFM4byq)
(DRIVE XjrkGdcRHTXnEtFM4byq X6ZUX1F4wKzs2JncqrCm)
(DROPOFF TA_X83nqOsurZC7mNJVkYvy X6ZUX1F4wKzs2JncqrCm)
(HOMESAFE TA_X83nqosurzc7mnjvkyvy X6ZUX1F4wKzs2JncqrCm)
(DRIVE X6ZUX1F4wKzs2JncqrCm XjrkGdcRHTXnEtFM4byq)
(DRIVE XjrkGdcRHTXnEtFM4byq X9cdU8XIeDth5YnmqWNv)
(DROPOFF TA_X9cdU8XIeDth5YnmqWNv X9cdU8XIeDth5YnmqWNv)
(HOMESAFE TA_X9cdu8xiedth5ynmqwnv X9cdU8XIeDth5YnmqWNv)
(DRIVE X9cdU8XIeDth5YnmqWNv XjrkGdcRHTXnEtFM4byq)
(DRIVE XjrkGdcRHTXnEtFM4byq XovScIEk3it5uYA4m0V1)
(DRIVE XovScIEk3it5uYA4m0V1 X0pR2dNDmQ8oq4YaV3eH)
(DRIVE X0pR2dNDmQ8oq4YaV3eH XB1yRejAKLtzmXFhdW7a)
(DRIVE XB1yRejAKLtzmXFhdW7a XtHlZLpFmMs2C4Ke5Iva)
(DRIVE XtHlZLpFmMs2C4Ke5Iva XIlPsROCJnVuvY9ztkBg)
(DRIVE XIlPsROCJnVuvY9ztkBg Xr7eGb1yPwH4mTBqxSYE)
(DRIVE Xr7eGb1yPwH4mTBqxSYE XDcx9AuBZiOREsF8tCf7)
(DRIVE XDcx9AuBZiOREsF8tCf7 XtzCcW8fgerZ7MPsKRYo)
(DRIVE XtzCcW8fgerZ7MPsKRYo XMaAJp7XESHWcrk3Ysnl)
(DROPOFF TA_X1gIAyBPEZj03p64La9s XMaAJp7XESHWcrk3Ysnl)
(HOMESAFE TA_X1giaybpezj03p64la9s XmaAJp7XESHWcrk3Ysnl)
(DRIVE XMaAJp7XESHWcrk3Ysnl XtzCcW8fgerZ7MPsKRYo)
(DRIVE XtzCcW8fgerZ7MPsKRYo XDcx9AuBZiOREsF8tCf7)
(DRIVE XDcx9AuBZiOREsF8tCf7 Xr7eGb1yPwH4mTBqxSYE)
(DRIVE Xr7eGb1yPwH4mTBqxSYE XIlPsROCJnVuvY9ztkBg)
(DRIVE XIlPsROCJnVuvY9ztkBg XjqEoINsWgAHPK23nfx8)
(DROPOFF TA_XUCS08hXP9ZWriMjIdEk XjqEoINsWgAHPK23nfx8)
(HOMESAFE TA_XUCS08hxp9zwrimjidek XjqEoINsWgAHPK23nfx8)
(DRIVE XjqEoINsWgAHPK23nfx8 XIlPsROCJnVuvY9ztkBg)
(DRIVE XIlPsROCJnVuvY9ztkBg Xr7eGb1yPwH4mTBqxSYE)
(DRIVE Xr7eGb1yPwH4mTBqxSYE X8lahQvKgdf0Xt5mOxAG)
(DROPOFF TA_XkcPgNQThEV1pHUs98Rf X8lahQvKgdf0Xt5mOxAG)
(HOMESAFE TA_Xkcpgnqthev1phus98rf X8lahQvKgdf0Xt5mOxAG)
(DRIVE X8lahQvKgdf0Xt5mOxAG Xr7eGb1yPwH4mTBqxSYE)
(DRIVE Xr7eGb1yPwH4mTBqxSYE XIlPsROCJnVuvY9ztkBg)
(DRIVE XIlPsROCJnVuvY9ztkBg XtHlZLpFmMs2C4Ke5Iva)
(DRIVE XtHlZLpFmMs2C4Ke5Iva XB1yRejAKLtzmXFhdW7a)
(DRIVE XB1yRejAKLtzmXFhdW7a X0pR2dNDmQ8oq4YaV3eH)
(DRIVE X0pR2dNDmQ8oq4YaV3eH XovScIEk3it5uYA4m0V1)
(DRIVE XovScIEk3it5uYA4m0V1 XjrkGdcRHTXnEtFM4byq)
(DRIVE XjrkGdcRHTXnEtFM4byq XUCS08hXP9ZWriMjIdEk)
(DROPOFF TA_X6ZUX1F4wKzs2JncqrCm XUCS08hXP9ZWriMjIdEk)
(HOMESAFE TA_X6ZUX1F4wkzs2jncqrcm XuCS08hXP9ZWriMjIdEk)
(DRIVE XUCS08hXP9ZWriMjIdEk XjrkGdcRHTXnEtFM4byq)
(DRIVE XjrkGdcRHTXnEtFM4byq XovScIEk3it5uYA4m0V1)
(DRIVE XovScIEk3it5uYA4m0V1 X0pR2dNDmQ8oq4YaV3eH)
(DRIVE X0pR2dNDmQ8oq4YaV3eH XB1yRejAKLtzmXFhdW7a)
(DRIVE XB1yRejAKLtzmXFhdW7a XtHlZLpFmMs2C4Ke5Iva)
(DRIVE XtHlZLpFmMs2C4Ke5Iva XIlPsROCJnVuvY9ztkBg)
(DRIVE XIlPsROCJnVuvY9ztkBg Xr7eGb1yPwH4mTBqxSYE)
(DRIVE Xr7eGb1yPwH4mTBqxSYE XDcx9AuBZiOREsF8tCf7)
(DRIVE XDcx9AuBZiOREsF8tCf7 XtzCcW8fgerZ7MPsKRYo)
(DRIVE XtzCcW8fgerZ7MPsKRYo X1jBi0PTJvZ64NCk3reI)
(DRIVE X1jBi0PTJvZ64NCk3reI XMmyIjL9eCtx6gWz3wVZ)
(DRIVE XMmyIjL9eCtx6gWz3wVZ X6hCusiQT0Dw1LIp2c8t)
