(DRIVE Xj Xao)
(DROPOFF TA_Xaq Xao)
(DRIVE Xao Xj)
(WALK TA_Xaq Xao Xh)
(HOMESAFE TA_Xaq Xh)
(DRIVE Xj Xao)
(DROPOFF TA_Xa Xao)
(DRIVE Xao Xj)
(WALK TA_Xa Xao Xf)
(HOMESAFE TA_Xa Xf)
(DRIVE Xj Xao)
(DROPOFF TA_Xb Xao)
(DRIVE Xao Xj)
(WALK TA_Xb Xao Xam)
(HOMESAFE TA_Xb Xam)
(DRIVE Xj Xao)
(DROPOFF TA_Xc Xao)
(DRIVE Xao Xj)
(WALK TA_Xc Xao Xai)
(HOMESAFE TA_Xc Xai)
(DRIVE Xj Xao)
(DROPOFF TA_Xe Xao)
(DRIVE Xao Xj)
(WALK TA_Xe Xao Xal)
(HOMESAFE TA_Xe Xal)
(DRIVE Xj Xao)
(DROPOFF TA_Xf Xao)
(DRIVE Xao Xj)
(WALK TA_Xf Xao Xl)
(HOMESAFE TA_Xf Xl)
(DRIVE Xj Xao)
(DROPOFF TA_Xg Xao)
(DRIVE Xao Xj)
(WALK TA_Xg Xao Xk)
(HOMESAFE TA_Xg Xk)
(DRIVE Xj Xao)
(DROPOFF TA_Xh Xao)
(DRIVE Xao Xj)
(WALK TA_Xh Xao Xg)
(HOMESAFE TA_Xh Xg)
(DRIVE Xj Xao)
(DROPOFF TA_Xk Xao)
(DRIVE Xao Xj)
(WALK TA_Xk Xao Xac)
(HOMESAFE TA_Xk Xac)
(DRIVE Xj Xao)
(DROPOFF TA_Xl Xao)
(DRIVE Xao Xj)
(HOMESAFE TA_Xl Xao)
(DRIVE Xj Xap)
(DROPOFF TA_Xo Xap)
(DRIVE Xap Xw)
(DROPOFF TA_Xu Xw)
(DRIVE Xw Xj)
(HOMESAFE TA_Xu Xw)
(DRIVE Xj Xc)
(DROPOFF TA_Xv Xc)
(HOMESAFE TA_Xv Xc)
(DRIVE Xc Xb)
(DROPOFF TA_Xw Xb)
(DRIVE Xb Xj)
(HOMESAFE TA_Xw Xb)
(DRIVE Xj Xv)
(DROPOFF TA_Xy Xv)
(HOMESAFE TA_Xy Xv)
(DRIVE Xv Xu)
(DROPOFF TA_Xac Xu)
(DRIVE Xu Xy)
(DROPOFF TA_Xaf Xy)
(DRIVE Xy Xj)
(HOMESAFE TA_Xaf Xy)
(HOMESAFE TA_Xac Xu)
(DRIVE Xj Xa)
(DROPOFF TA_Xah Xa)
(HOMESAFE TA_Xah Xa)
(DRIVE Xa Xe)
(DROPOFF TA_Xai Xe)
(DRIVE Xe Xj)
(HOMESAFE TA_Xai Xe)
(HOMESAFE TA_Xo Xap)
(DRIVE Xj Xaj)
(DROPOFF TA_Xaj Xaj)
(HOMESAFE TA_Xaj Xaj)
(DRIVE Xaj Xaf)
(DROPOFF TA_Xak Xaf)
(HOMESAFE TA_Xak Xaf)
(DRIVE Xaf Xak)
(DROPOFF TA_Xal Xak)
(HOMESAFE TA_Xal Xak)
(DRIVE Xak Xaq)
(DROPOFF TA_Xam Xaq)
(HOMESAFE TA_Xam Xaq)
(DRIVE Xaq Xah)
(DROPOFF TA_Xao Xah)
(HOMESAFE TA_Xao Xah)
(DRIVE Xah Xo)
(DROPOFF TA_Xap Xo)
(DRIVE Xo Xj)
(HOMESAFE TA_Xap Xo)
