(DRIVE XSoda XE)
(DROPOFF TA_XAO XE)
(HOMESAFE TA_XAO XE)
(DRIVE XE XSoda)
(DRIVE XSoda XB)
(DROPOFF TA_XAN XB)
(HOMESAFE TA_XAN XB)
(DRIVE XB XSoda)
(DRIVE XSoda XF)
(DROPOFF TA_XAM XF)
(HOMESAFE TA_XAM XF)
(DRIVE XF XSoda)
(DRIVE XSoda XC)
(DROPOFF TA_XAL XC)
(HOMESAFE TA_XAL XC)
(DRIVE XC XSoda)
(DRIVE XSoda XJ)
(DROPOFF TA_XAK XJ)
(HOMESAFE TA_XAK XJ)
(DRIVE XJ XSoda)
(DRIVE XSoda XH)
(DROPOFF TA_XAJ XH)
(HOMESAFE TA_XAJ XH)
(DRIVE XH XSoda)
(DRIVE XSoda XI)
(DROPOFF TA_XAI XI)
(HOMESAFE TA_XAI XI)
(DRIVE XI XSoda)
(DRIVE XSoda XG)
(DROPOFF TA_XAH XG)
(HOMESAFE TA_XAH XG)
(DRIVE XG XSoda)
(DRIVE XSoda XA)
(DROPOFF TA_XAF XA)
(HOMESAFE TA_XAF XA)
(DRIVE XA XSoda)
(DRIVE XSoda XD)
(DROPOFF TA_XAE XD)
(HOMESAFE TA_XAE XD)
(DRIVE XD XSoda)
(DRIVE XSoda XK)
(DRIVE XK XS)
(DROPOFF TA_XAD XS)
(HOMESAFE TA_XAD XS)
(DRIVE XS XK)
(DRIVE XK XR)
(DROPOFF TA_XAC XR)
(HOMESAFE TA_XAC XR)
(DRIVE XR XK)
(DRIVE XK XT)
(DROPOFF TA_XAB XT)
(HOMESAFE TA_XAB XT)
(DRIVE XT XK)
(DRIVE XK XL)
(DROPOFF TA_XAA XL)
(HOMESAFE TA_XAA XL)
(DRIVE XL XK)
(DRIVE XK XP)
(DROPOFF TA_XZ XP)
(HOMESAFE TA_XZ XP)
(DRIVE XP XK)
(DRIVE XK XQ)
(DROPOFF TA_XY XQ)
(HOMESAFE TA_XY XQ)
(DRIVE XQ XK)
(DRIVE XK XU)
(DROPOFF TA_XX XU)
(HOMESAFE TA_XX XU)
(DRIVE XU XK)
(DRIVE XK XN)
(DROPOFF TA_XW XN)
(HOMESAFE TA_XW XN)
(DRIVE XN XK)
(DRIVE XK XO)
(DROPOFF TA_XU XO)
(HOMESAFE TA_XU XO)
(DRIVE XO XK)
(DRIVE XK XM)
(DROPOFF TA_XT XM)
(HOMESAFE TA_XT XM)
(DRIVE XM XK)
(DRIVE XK XV)
(DRIVE XV XAE)
(DROPOFF TA_XS XAE)
(HOMESAFE TA_XS XAE)
(DRIVE XAE XV)
(DRIVE XV XAC)
(DROPOFF TA_XR XAC)
(HOMESAFE TA_XR XAC)
(DRIVE XAC XV)
(DRIVE XV XAF)
(DROPOFF TA_XQ XAF)
(HOMESAFE TA_XQ XAF)
(DRIVE XAF XV)
(DRIVE XV XAD)
(DROPOFF TA_XP XAD)
(HOMESAFE TA_XP XAD)
(DRIVE XAD XV)
(DRIVE XV XAB)
(DROPOFF TA_XO XAB)
(HOMESAFE TA_XO XAB)
(DRIVE XAB XV)
(DRIVE XV XY)
(DROPOFF TA_XN XY)
(HOMESAFE TA_XN XY)
(DRIVE XY XV)
(DRIVE XV XZ)
(DROPOFF TA_XM XZ)
(HOMESAFE TA_XM XZ)
(DRIVE XZ XV)
(DRIVE XV XAA)
(DROPOFF TA_XL XAA)
(HOMESAFE TA_XL XAA)
(DRIVE XAA XV)
(DRIVE XV XX)
(DROPOFF TA_XJ XX)
(HOMESAFE TA_XJ XX)
(DRIVE XX XV)
(DRIVE XV XW)
(DROPOFF TA_XI XW)
(HOMESAFE TA_XI XW)
(DRIVE XW XV)
(DRIVE XV XAG)
(DRIVE XAG XAI)
(DROPOFF TA_XH XAI)
(HOMESAFE TA_XH XAI)
(DRIVE XAI XAG)
(DRIVE XAG XAK)
(DROPOFF TA_XG XAK)
(HOMESAFE TA_XG XAK)
(DRIVE XAK XAG)
(DRIVE XAG XAL)
(DROPOFF TA_XF XAL)
(HOMESAFE TA_XF XAL)
(DRIVE XAL XAG)
(DRIVE XAG XAM)
(DROPOFF TA_XE XAM)
(HOMESAFE TA_XE XAM)
(DRIVE XAM XAG)
(DRIVE XAG XAO)
(DROPOFF TA_XD XAO)
(HOMESAFE TA_XD XAO)
(DRIVE XAO XAG)
(DRIVE XAG XAJ)
(DROPOFF TA_XC XAJ)
(HOMESAFE TA_XC XAJ)
(DRIVE XAJ XAG)
(DRIVE XAG XAN)
(DROPOFF TA_XB XAN)
(HOMESAFE TA_XB XAN)
(DRIVE XAN XAG)
(DRIVE XAG XAH)
(DROPOFF TA_XA XAH)
(HOMESAFE TA_XA XAH)
(DRIVE XAH XAG)
(DRIVE XAG XV)
(DRIVE XV XK)
(DRIVE XK XSoda)
