(DROPOFF TA_XC XSoda)
(WALK TA_XC XSoda XGF)
(HOMESAFE TA_XC XGF)
(DROPOFF TA_XDA XSoda)
(WALK TA_XDA XSoda XI)
(HOMESAFE TA_XDA XI)
(DROPOFF TA_XAO XSoda)
(WALK TA_XAO XSoda XFX)
(HOMESAFE TA_XAO XFX)
(DROPOFF TA_XDO XSoda)
(WALK TA_XDO XSoda XDT)
(HOMESAFE TA_XDO XDT)
(DROPOFF TA_XBD XSoda)
(WALK TA_XBD XSoda XDA)
(HOMESAFE TA_XBD XDA)
(DROPOFF TA_XBJ XSoda)
(WALK TA_XBJ XSoda XBQ)
(HOMESAFE TA_XBJ XBQ)
(DROPOFF TA_XBX XSoda)
(WALK TA_XBX XSoda XBU)
(HOMESAFE TA_XBX XBU)
(DROPOFF TA_XAJ XSoda)
(WALK TA_XAJ XSoda XFJ)
(HOMESAFE TA_XAJ XFJ)
(DROPOFF TA_XCA XSoda)
(WALK TA_XCA XSoda XAJ)
(HOMESAFE TA_XCA XAJ)
(DROPOFF TA_XBQ XSoda)
(WALK TA_XBQ XSoda XAT)
(HOMESAFE TA_XBQ XAT)
(DROPOFF TA_XAT XSoda)
(WALK TA_XAT XSoda XFD)
(HOMESAFE TA_XAT XFD)
(DROPOFF TA_XDT XSoda)
(WALK TA_XDT XSoda XAZ)
(HOMESAFE TA_XDT XAZ)
(DROPOFF TA_XGI XSoda)
(WALK TA_XGI XSoda XDW)
(HOMESAFE TA_XGI XDW)
(DROPOFF TA_XBO XSoda)
(WALK TA_XBO XSoda XC)
(HOMESAFE TA_XBO XC)
(DROPOFF TA_XBT XSoda)
(WALK TA_XBT XSoda XFG)
(HOMESAFE TA_XBT XFG)
(DROPOFF TA_XAW XSoda)
(WALK TA_XAW XSoda XDZ)
(HOMESAFE TA_XAW XDZ)
(DROPOFF TA_XDQ XSoda)
(WALK TA_XDQ XSoda XAW)
(HOMESAFE TA_XDQ XAW)
(DROPOFF TA_XFR XSoda)
(WALK TA_XFR XSoda XAX)
(HOMESAFE TA_XFR XAX)
(DROPOFF TA_XGC XSoda)
(WALK TA_XGC XSoda XO)
(HOMESAFE TA_XGC XO)
(DROPOFF TA_XFU XSoda)
(WALK TA_XFU XSoda XF)
(HOMESAFE TA_XFU XF)
(DROPOFF TA_XDX XSoda)
(WALK TA_XDX XSoda XU)
(HOMESAFE TA_XDX XU)
(DROPOFF TA_XGF XSoda)
(WALK TA_XGF XSoda XFU)
(HOMESAFE TA_XGF XFU)
(DROPOFF TA_XR XSoda)
(WALK TA_XR XSoda XDJ)
(HOMESAFE TA_XR XDJ)
(DROPOFF TA_XFA XSoda)
(WALK TA_XFA XSoda XFR)
(HOMESAFE TA_XFA XFR)
(DROPOFF TA_XDZ XSoda)
(WALK TA_XDZ XSoda XX)
(HOMESAFE TA_XDZ XX)
(DROPOFF TA_XGK XSoda)
(WALK TA_XGK XSoda XBO)
(HOMESAFE TA_XGK XBO)
(DROPOFF TA_XAZ XSoda)
(WALK TA_XAZ XSoda XDD)
(HOMESAFE TA_XAZ XDD)
(DROPOFF TA_XDW XSoda)
(WALK TA_XDW XSoda XBD)
(HOMESAFE TA_XDW XBD)
(DROPOFF TA_XAX XSoda)
(WALK TA_XAX XSoda XGC)
(HOMESAFE TA_XAX XGC)
(DROPOFF TA_XBU XSoda)
(WALK TA_XBU XSoda XAA)
(HOMESAFE TA_XBU XAA)
(DROPOFF TA_XFD XSoda)
(WALK TA_XFD XSoda XBJ)
(HOMESAFE TA_XFD XBJ)
(DROPOFF TA_XDJ XSoda)
(WALK TA_XDJ XSoda XAO)
(HOMESAFE TA_XDJ XAO)
(DROPOFF TA_XDU XSoda)
(WALK TA_XDU XSoda XDQ)
(HOMESAFE TA_XDU XDQ)
(DROPOFF TA_XDD XSoda)
(WALK TA_XDD XSoda XK)
(HOMESAFE TA_XDD XK)
(DROPOFF TA_XFJ XSoda)
(WALK TA_XFJ XSoda XBT)
(HOMESAFE TA_XFJ XBT)
(DROPOFF TA_XFG XSoda)
(WALK TA_XFG XSoda XR)
(HOMESAFE TA_XFG XR)
(DROPOFF TA_XI XSoda)
(WALK TA_XI XSoda XAD)
(HOMESAFE TA_XI XAD)
(DROPOFF TA_XFX XSoda)
(WALK TA_XFX XSoda XAG)
(HOMESAFE TA_XFX XAG)
(DROPOFF TA_XF XSoda)
(WALK TA_XF XSoda XGO)
(HOMESAFE TA_XF XGO)
(DROPOFF TA_XGO XSoda)
(WALK TA_XGO XSoda XBX)
(HOMESAFE TA_XGO XBX)
(DROPOFF TA_XAG XSoda)
(WALK TA_XAG XSoda XCA)
(HOMESAFE TA_XAG XCA)
(DROPOFF TA_XAD XSoda)
(WALK TA_XAD XSoda XDU)
(HOMESAFE TA_XAD XDU)
(DROPOFF TA_XAA XSoda)
(WALK TA_XAA XSoda XDX)
(HOMESAFE TA_XAA XDX)
(DROPOFF TA_XX XSoda)
(WALK TA_XX XSoda XDO)
(HOMESAFE TA_XX XDO)
(DROPOFF TA_XK XSoda)
(WALK TA_XK XSoda XGK)
(HOMESAFE TA_XK XGK)
(DROPOFF TA_XU XSoda)
(WALK TA_XU XSoda XFA)
(HOMESAFE TA_XU XFA)
(DROPOFF TA_XO XSoda)
(WALK TA_XO XSoda XGI)
(HOMESAFE TA_XO XGI)
