(DRIVE XOYUinzd4zxVxIptSBcML X2mMEW336zlvoabKQ0Mze)
(DROPOFF TA_X7sEAL87eVGtPRFGU7wZL X2mMEW336zlvoabKQ0Mze)
(HOMESAFE TA_X7seal87evgtprfgu7wzl X2mMEW336zlvoabKQ0Mze)
(DRIVE X2mMEW336zlvoabKQ0Mze X7sEAL87eVGtPRFGU7wZL)
(DROPOFF TA_XugVnD0zzPxsfEn932v1t X7sEAL87eVGtPRFGU7wZL)
(HOMESAFE TA_Xugvnd0zzpxsfen932v1t X7sEAL87eVGtPRFGU7wZL)
(DRIVE X7sEAL87eVGtPRFGU7wZL X2LHGJx7lje13o5VgjaWa)
(DROPOFF TA_Xn14fgY77RxYuy7mkbJU1 X2LHGJx7lje13o5VgjaWa)
(HOMESAFE TA_Xn14fgy77rxyuy7mkbju1 X2LHGJx7lje13o5VgjaWa)
(DRIVE X2LHGJx7lje13o5VgjaWa X29cQGjH4xgr2WjuBLLEb)
(DROPOFF TA_X0Y8GuXeRCg3UQ8iw3rJM X29cQGjH4xgr2WjuBLLEb)
(HOMESAFE TA_X0Y8Guxercg3uq8iw3rjm X29cQGjH4xgr2WjuBLLEb)
(DRIVE X29cQGjH4xgr2WjuBLLEb X5euTHFaulIyTMDOpAOiL)
(DROPOFF TA_XdVfyZ8osOWlPeWeMnteY X5euTHFaulIyTMDOpAOiL)
(HOMESAFE TA_Xdvfyz8osowlpewemntey X5euTHFaulIyTMDOpAOiL)
(DRIVE X5euTHFaulIyTMDOpAOiL XpaxbzGIrGUKuLL8gNR12)
(DROPOFF TA_XKRZBWx1Sd8wB0uU3QWeQ XpaxbzGIrGUKuLL8gNR12)
(HOMESAFE TA_XKRZBWx1sd8wb0uu3qweq XpaxbzGIrGUKuLL8gNR12)
(DRIVE XpaxbzGIrGUKuLL8gNR12 XxtyNkgmQQDlFdBVfN1o5)
(DROPOFF TA_XwDv7iczN6LiK2xDJOu0N XxtyNkgmQQDlFdBVfN1o5)
(HOMESAFE TA_Xwdv7iczn6lik2xdjou0n XxtyNkgmQQDlFdBVfN1o5)
(DRIVE XxtyNkgmQQDlFdBVfN1o5 XysFvkOBVEgTOFmcR2xc1)
(DROPOFF TA_X29cQGjH4xgr2WjuBLLEb XysFvkOBVEgTOFmcR2xc1)
(HOMESAFE TA_X29cqgjh4xgr2wjublleb XysFvkOBVEgTOFmcR2xc1)
(DRIVE XysFvkOBVEgTOFmcR2xc1 XjVnJVrQfkUuQ5PfgtD65)
(DROPOFF TA_X2LHGJx7lje13o5VgjaWa XjVnJVrQfkUuQ5PfgtD65)
(HOMESAFE TA_X2LHGJx7lje13o5vgjawa XjVnJVrQfkUuQ5PfgtD65)
(DRIVE XjVnJVrQfkUuQ5PfgtD65 X4R5nKw333ATOizKdSrav)
(DROPOFF TA_XmSL1gwuFl7ezuWmYhoWX X4R5nKw333ATOizKdSrav)
(HOMESAFE TA_Xmsl1gwufl7ezuwmyhowx X4R5nKw333ATOizKdSrav)
(DRIVE X4R5nKw333ATOizKdSrav X0rs0of9LUAzWTuABwTnG)
(DROPOFF TA_X5euTHFaulIyTMDOpAOiL X0rs0of9LUAzWTuABwTnG)
(HOMESAFE TA_X5euthfauliytmdopaoil X0rs0of9LUAzWTuABwTnG)
(DRIVE X0rs0of9LUAzWTuABwTnG X5dLU2ihY8weFRtdH0NCX)
(DROPOFF TA_X0rs0of9LUAzWTuABwTnG X5dLU2ihY8weFRtdH0NCX)
(HOMESAFE TA_X0rs0of9luazwtuabwtng X5dLU2ihY8weFRtdH0NCX)
(DRIVE X5dLU2ihY8weFRtdH0NCX XmSL1gwuFl7ezuWmYhoWX)
(DROPOFF TA_XlM0uQphyVNPO90DR8P6A XmSL1gwuFl7ezuWmYhoWX)
(HOMESAFE TA_Xlm0uqphyvnpo90dr8p6a XmSL1gwuFl7ezuWmYhoWX)
(DRIVE XmSL1gwuFl7ezuWmYhoWX X6YPXen0OkUAjsBQbugH8)
(DROPOFF TA_XTOlchSnWWkR7rRWP9Cdc X6YPXen0OkUAjsBQbugH8)
(HOMESAFE TA_XTOlchsnwwkr7rrwp9cdc X6YPXen0OkUAjsBQbugH8)
(DRIVE X6YPXen0OkUAjsBQbugH8 XugVnD0zzPxsfEn932v1t)
(DROPOFF TA_X2mMEW336zlvoabKQ0Mze XugVnD0zzPxsfEn932v1t)
(HOMESAFE TA_X2mmew336zlvoabkq0mze XugVnD0zzPxsfEn932v1t)
(DRIVE XugVnD0zzPxsfEn932v1t XTOlchSnWWkR7rRWP9Cdc)
(DROPOFF TA_XxtyNkgmQQDlFdBVfN1o5 XTOlchSnWWkR7rRWP9Cdc)
(HOMESAFE TA_Xxtynkgmqqdlfdbvfn1o5 XtOlchSnWWkR7rRWP9Cdc)
(DRIVE XTOlchSnWWkR7rRWP9Cdc XknZxc5ZrIrcQzv054Pss)
(DROPOFF TA_XpaxbzGIrGUKuLL8gNR12 XknZxc5ZrIrcQzv054Pss)
(HOMESAFE TA_Xpaxbzgirgukull8gnr12 XknZxc5ZrIrcQzv054Pss)
(DRIVE XknZxc5ZrIrcQzv054Pss XlM0uQphyVNPO90DR8P6A)
(DROPOFF TA_XjVnJVrQfkUuQ5PfgtD65 XlM0uQphyVNPO90DR8P6A)
(HOMESAFE TA_Xjvnjvrqfkuuq5pfgtd65 XlM0uQphyVNPO90DR8P6A)
(DRIVE XlM0uQphyVNPO90DR8P6A X0Y8GuXeRCg3UQ8iw3rJM)
(DROPOFF TA_X6YPXen0OkUAjsBQbugH8 X0Y8GuXeRCg3UQ8iw3rJM)
(HOMESAFE TA_X6YPXen0okuajsbqbugh8 X0Y8GuXeRCg3UQ8iw3rJM)
(DRIVE X0Y8GuXeRCg3UQ8iw3rJM Xn14fgY77RxYuy7mkbJU1)
(DROPOFF TA_XysFvkOBVEgTOFmcR2xc1 Xn14fgY77RxYuy7mkbJU1)
(HOMESAFE TA_Xysfvkobvegtofmcr2xc1 Xn14fgY77RxYuy7mkbJU1)
(DRIVE Xn14fgY77RxYuy7mkbJU1 XC4iWe9yR2mvfNmTv1Ujg)
(DROPOFF TA_XknZxc5ZrIrcQzv054Pss XC4iWe9yR2mvfNmTv1Ujg)
(HOMESAFE TA_Xknzxc5zrircqzv054pss Xc4iWe9yR2mvfNmTv1Ujg)
(DRIVE XC4iWe9yR2mvfNmTv1Ujg X3SpSgYRcx99pESu1D9Wi)
(DROPOFF TA_XC4iWe9yR2mvfNmTv1Ujg X3SpSgYRcx99pESu1D9Wi)
(HOMESAFE TA_XC4iwe9yr2mvfnmtv1ujg X3SpSgYRcx99pESu1D9Wi)
(DRIVE X3SpSgYRcx99pESu1D9Wi XdVfyZ8osOWlPeWeMnteY)
(DROPOFF TA_X3SpSgYRcx99pESu1D9Wi XdVfyZ8osOWlPeWeMnteY)
(HOMESAFE TA_X3Spsgyrcx99pesu1d9wi XdVfyZ8osOWlPeWeMnteY)
(DRIVE XdVfyZ8osOWlPeWeMnteY XKRZBWx1Sd8wB0uU3QWeQ)
(DROPOFF TA_X5dLU2ihY8weFRtdH0NCX XKRZBWx1Sd8wB0uU3QWeQ)
(HOMESAFE TA_X5dlu2ihy8wefrtdh0ncx XkRZBWx1Sd8wB0uU3QWeQ)
(DRIVE XKRZBWx1Sd8wB0uU3QWeQ XwDv7iczN6LiK2xDJOu0N)
(DROPOFF TA_X4R5nKw333ATOizKdSrav XwDv7iczN6LiK2xDJOu0N)
(HOMESAFE TA_X4R5nkw333atoizkdsrav XwDv7iczN6LiK2xDJOu0N)
(DRIVE XwDv7iczN6LiK2xDJOu0N XOYUinzd4zxVxIptSBcML)
