(DRIVE Xexothermic XInjun)
(DRIVE XInjun XMcCall)
(DROPOFF TA_Xyogurt XMcCall)
(HOMESAFE TA_Xyogurt XmcCall)
(DRIVE XMcCall XAndersen)
(DROPOFF TA_XAndersen XAndersen)
(HOMESAFE TA_XAndersen Xandersen)
(DRIVE XAndersen XMcCall)
(DRIVE XMcCall XIrvin)
(DROPOFF TA_XBernini XIrvin)
(HOMESAFE TA_XBernini Xirvin)
(DRIVE XIrvin XBleeker)
(DRIVE XBleeker Xexothermic)
(DRIVE Xexothermic Xswordfish)
(DROPOFF TA_XCurtis Xswordfish)
(HOMESAFE TA_XCurtis Xswordfish)
(DRIVE Xswordfish XInjun)
(DROPOFF TA_XFPC XInjun)
(HOMESAFE TA_XFPC XInjun)
(DRIVE XInjun Xextrovert)
(DROPOFF TA_XHalstead Xextrovert)
(HOMESAFE TA_XHalstead Xextrovert)
(DRIVE Xextrovert Xyogurt)
(DROPOFF TA_XInjun Xyogurt)
(HOMESAFE TA_XInjun Xyogurt)
(DRIVE Xyogurt Xswordfish)
(DRIVE Xswordfish Xshovel)
(DROPOFF TA_XIowa Xshovel)
(HOMESAFE TA_XIowa Xshovel)
(DRIVE Xshovel Xlordosis)
(DROPOFF TA_XIrvin Xlordosis)
(HOMESAFE TA_XIrvin Xlordosis)
(DRIVE Xlordosis Xexothermic)
(DRIVE Xexothermic Xswordfish)
(DRIVE Xswordfish Xwafer)
(DROPOFF TA_XMcCall Xwafer)
(HOMESAFE TA_XMccall Xwafer)
(DRIVE Xwafer XHalstead)
(DRIVE XHalstead Xlordosis)
(DRIVE Xlordosis Xexothermic)
(DRIVE Xexothermic XCurtis)
(DROPOFF TA_XTucson XCurtis)
(HOMESAFE TA_XTucson Xcurtis)
(DRIVE XCurtis Xexothermic)
(DRIVE Xexothermic XIowa)
(DRIVE XIowa Xamateur)
(DROPOFF TA_Xamateur Xamateur)
(HOMESAFE TA_Xamateur Xamateur)
(DRIVE Xamateur XBleeker)
(DRIVE XBleeker Xcombine)
(DROPOFF TA_Xcoarse Xcombine)
(HOMESAFE TA_Xcoarse Xcombine)
(DRIVE Xcombine XIowa)
(DROPOFF TA_Xcombine XIowa)
(HOMESAFE TA_Xcombine Xiowa)
(DRIVE XIowa Xcoarse)
(DROPOFF TA_Xdecor Xcoarse)
(HOMESAFE TA_Xdecor Xcoarse)
(DRIVE Xcoarse Xintangible)
(DRIVE Xintangible Xlordosis)
(DRIVE Xlordosis Xexothermic)
(DRIVE Xexothermic XBernini)
(DROPOFF TA_Xextrovert XBernini)
(DRIVE XBernini Xexothermic)
(WALK TA_Xextrovert XBernini XTucson)
(HOMESAFE TA_Xextrovert Xtucson)
(DRIVE Xexothermic Xfelony)
(DROPOFF TA_Xfelony Xfelony)
(HOMESAFE TA_Xfelony Xfelony)
(DRIVE Xfelony XBernini)
(DROPOFF TA_Xlordosis XBernini)
(HOMESAFE TA_Xlordosis Xbernini)
(DRIVE XBernini Xamateur)
(DRIVE Xamateur Xmidget)
(DROPOFF TA_Xmidget Xmidget)
(HOMESAFE TA_Xmidget Xmidget)
(DRIVE Xmidget Xnamesake)
(DROPOFF TA_Xnamesake Xnamesake)
(HOMESAFE TA_Xnamesake Xnamesake)
(DRIVE Xnamesake XHalstead)
(DROPOFF TA_Xsacrifice XHalstead)
(HOMESAFE TA_Xsacrifice Xhalstead)
(DRIVE XHalstead Xdecor)
(DROPOFF TA_Xshovel Xdecor)
(HOMESAFE TA_Xshovel Xdecor)
(DRIVE Xdecor Xshovel)
(DRIVE Xshovel XFPC)
(DROPOFF TA_Xswordfish XFPC)
(HOMESAFE TA_Xswordfish XfPC)
(DRIVE XFPC Xyogurt)
(DRIVE Xyogurt XDominican)
(DRIVE XDominican Xtrill)
(DROPOFF TA_Xtrill Xtrill)
(HOMESAFE TA_Xtrill Xtrill)
(DRIVE Xtrill Xshovel)
(DRIVE Xshovel Xexothermic)
(DRIVE Xexothermic Xsacrifice)
(DROPOFF TA_Xwafer Xsacrifice)
(DRIVE Xsacrifice Xexothermic)
(HOMESAFE TA_Xwafer Xsacrifice)
