(DROPOFF TA_Xairplane Xbirthday)
(HOMESAFE TA_Xairplane Xbirthday)
(DRIVE Xbirthday Xfearless)
(DRIVE Xfearless Xabsorb)
(DRIVE Xabsorb Xnimble)
(DRIVE Xnimble Xuse)
(DRIVE Xuse Xtent)
(DRIVE Xtent Xworship)
(DRIVE Xworship Xunused)
(DRIVE Xunused Xspread)
(DRIVE Xspread Xknot)
(DRIVE Xknot Xdiffer)
(DRIVE Xdiffer Xselfish)
(DRIVE Xselfish Xspill)
(DROPOFF TA_Xbirthday Xspill)
(HOMESAFE TA_Xbirthday Xspill)
(DRIVE Xspill Xvolleyball)
(DROPOFF TA_Xfearless Xvolleyball)
(HOMESAFE TA_Xfearless Xvolleyball)
(DRIVE Xvolleyball Xspill)
(DRIVE Xspill Xselfish)
(DROPOFF TA_Xabsorb Xselfish)
(HOMESAFE TA_Xabsorb Xselfish)
(DRIVE Xselfish Xdiffer)
(DROPOFF TA_Xnimble Xdiffer)
(HOMESAFE TA_Xnimble Xdiffer)
(DRIVE Xdiffer Xselfish)
(DRIVE Xselfish Xspill)
(DRIVE Xspill Xvolleyball)
(DRIVE Xvolleyball Xangry)
(DROPOFF TA_Xuse Xangry)
(HOMESAFE TA_Xuse Xangry)
(DRIVE Xangry Xattack)
(DROPOFF TA_Xtent Xattack)
(HOMESAFE TA_Xtent Xattack)
(DRIVE Xattack Xangry)
(DRIVE Xangry Xvolleyball)
(DRIVE Xvolleyball Xspill)
(DRIVE Xspill Xselfish)
(DRIVE Xselfish Xdiffer)
(DRIVE Xdiffer Xknot)
(DROPOFF TA_Xworship Xknot)
(HOMESAFE TA_Xworship Xknot)
(DRIVE Xknot Xspread)
(DROPOFF TA_Xunused Xspread)
(HOMESAFE TA_Xunused Xspread)
(DRIVE Xspread Xknot)
(DRIVE Xknot Xdiffer)
(DRIVE Xdiffer Xselfish)
(DRIVE Xselfish Xspill)
(DRIVE Xspill Xvolleyball)
(DRIVE Xvolleyball Xangry)
(DRIVE Xangry Xattack)
(DRIVE Xattack Ximpend)
(DROPOFF TA_Xspread Ximpend)
(HOMESAFE TA_Xspread Ximpend)
(DRIVE Ximpend Xseparate)
(DROPOFF TA_Xknot Xseparate)
(HOMESAFE TA_Xknot Xseparate)
(DRIVE Xseparate Ximpend)
(DRIVE Ximpend Xattack)
(DRIVE Xattack Xangry)
(DRIVE Xangry Xvolleyball)
(DRIVE Xvolleyball Xspill)
(DRIVE Xspill Xselfish)
(DRIVE Xselfish Xdiffer)
(DRIVE Xdiffer Xknot)
(DRIVE Xknot Xspread)
(DRIVE Xspread Xunused)
(DROPOFF TA_Xdiffer Xunused)
(HOMESAFE TA_Xdiffer Xunused)
(DRIVE Xunused Xworship)
(DROPOFF TA_Xselfish Xworship)
(HOMESAFE TA_Xselfish Xworship)
(DRIVE Xworship Xunused)
(DRIVE Xunused Xspread)
(DRIVE Xspread Xknot)
(DRIVE Xknot Xdiffer)
(DRIVE Xdiffer Xselfish)
(DRIVE Xselfish Xspill)
(DRIVE Xspill Xvolleyball)
(DRIVE Xvolleyball Xangry)
(DRIVE Xangry Xattack)
(DRIVE Xattack Ximpend)
(DRIVE Ximpend Xseparate)
(DRIVE Xseparate Ximitate)
(DROPOFF TA_Xspill Ximitate)
(HOMESAFE TA_Xspill Ximitate)
(DRIVE Ximitate Xscientific)
(DROPOFF TA_Xvolleyball Xscientific)
(HOMESAFE TA_Xvolleyball Xscientific)
(DRIVE Xscientific Ximitate)
(DRIVE Ximitate Xseparate)
(DRIVE Xseparate Ximpend)
(DRIVE Ximpend Xattack)
(DRIVE Xattack Xangry)
(DRIVE Xangry Xvolleyball)
(DRIVE Xvolleyball Xspill)
(DRIVE Xspill Xselfish)
(DRIVE Xselfish Xdiffer)
(DRIVE Xdiffer Xknot)
(DRIVE Xknot Xspread)
(DRIVE Xspread Xunused)
(DRIVE Xunused Xworship)
(DRIVE Xworship Xtent)
(DROPOFF TA_Xangry Xtent)
(HOMESAFE TA_Xangry Xtent)
(DRIVE Xtent Xuse)
(DROPOFF TA_Xattack Xuse)
(HOMESAFE TA_Xattack Xuse)
(DRIVE Xuse Xtent)
(DRIVE Xtent Xworship)
(DRIVE Xworship Xunused)
(DRIVE Xunused Xspread)
(DRIVE Xspread Xknot)
(DRIVE Xknot Xdiffer)
(DRIVE Xdiffer Xselfish)
(DRIVE Xselfish Xspill)
(DRIVE Xspill Xvolleyball)
(DRIVE Xvolleyball Xangry)
(DRIVE Xangry Xattack)
(DRIVE Xattack Ximpend)
(DRIVE Ximpend Xseparate)
(DRIVE Xseparate Ximitate)
(DRIVE Ximitate Xscientific)
(DRIVE Xscientific Xteeny)
(DROPOFF TA_Ximpend Xteeny)
(HOMESAFE TA_Ximpend Xteeny)
(DRIVE Xteeny Xbang)
(DROPOFF TA_Xseparate Xbang)
(HOMESAFE TA_Xseparate Xbang)
(DRIVE Xbang Xteeny)
(DRIVE Xteeny Xscientific)
(DRIVE Xscientific Ximitate)
(DRIVE Ximitate Xseparate)
(DRIVE Xseparate Ximpend)
(DRIVE Ximpend Xattack)
(DRIVE Xattack Xangry)
(DRIVE Xangry Xvolleyball)
(DRIVE Xvolleyball Xspill)
(DRIVE Xspill Xselfish)
(DRIVE Xselfish Xdiffer)
(DRIVE Xdiffer Xknot)
(DRIVE Xknot Xspread)
(DRIVE Xspread Xunused)
(DRIVE Xunused Xworship)
(DRIVE Xworship Xtent)
(DRIVE Xtent Xuse)
(DRIVE Xuse Xnimble)
(DROPOFF TA_Ximitate Xnimble)
(HOMESAFE TA_Ximitate Xnimble)
(DRIVE Xnimble Xabsorb)
(DROPOFF TA_Xscientific Xabsorb)
(HOMESAFE TA_Xscientific Xabsorb)
(DRIVE Xabsorb Xnimble)
(DRIVE Xnimble Xuse)
(DRIVE Xuse Xtent)
(DRIVE Xtent Xworship)
(DRIVE Xworship Xunused)
(DRIVE Xunused Xspread)
(DRIVE Xspread Xknot)
(DRIVE Xknot Xdiffer)
(DRIVE Xdiffer Xselfish)
(DRIVE Xselfish Xspill)
(DRIVE Xspill Xvolleyball)
(DRIVE Xvolleyball Xangry)
(DRIVE Xangry Xattack)
(DRIVE Xattack Ximpend)
(DRIVE Ximpend Xseparate)
(DRIVE Xseparate Ximitate)
(DRIVE Ximitate Xscientific)
(DRIVE Xscientific Xteeny)
(DRIVE Xteeny Xbang)
(DRIVE Xbang Xjoke)
(DROPOFF TA_Xteeny Xjoke)
(HOMESAFE TA_Xteeny Xjoke)
(DRIVE Xjoke Xcompete)
(DROPOFF TA_Xbang Xcompete)
(HOMESAFE TA_Xbang Xcompete)
(DRIVE Xcompete Xjoke)
(DRIVE Xjoke Xbang)
(DRIVE Xbang Xteeny)
(DRIVE Xteeny Xscientific)
(DRIVE Xscientific Ximitate)
(DRIVE Ximitate Xseparate)
(DRIVE Xseparate Ximpend)
(DRIVE Ximpend Xattack)
(DRIVE Xattack Xangry)
(DRIVE Xangry Xvolleyball)
(DRIVE Xvolleyball Xspill)
(DRIVE Xspill Xselfish)
(DRIVE Xselfish Xdiffer)
(DRIVE Xdiffer Xknot)
(DRIVE Xknot Xspread)
(DRIVE Xspread Xunused)
(DRIVE Xunused Xworship)
(DRIVE Xworship Xtent)
(DRIVE Xtent Xuse)
(DRIVE Xuse Xnimble)
(DRIVE Xnimble Xabsorb)
(DRIVE Xabsorb Xfearless)
(DROPOFF TA_Xjoke Xfearless)
(HOMESAFE TA_Xjoke Xfearless)
(DRIVE Xfearless Xabsorb)
(DRIVE Xabsorb Xnimble)
(DRIVE Xnimble Xuse)
(DRIVE Xuse Xtent)
(DRIVE Xtent Xworship)
(DRIVE Xworship Xunused)
(DRIVE Xunused Xspread)
(DRIVE Xspread Xknot)
(DRIVE Xknot Xdiffer)
(DRIVE Xdiffer Xselfish)
(DRIVE Xselfish Xspill)
(DRIVE Xspill Xvolleyball)
(DRIVE Xvolleyball Xangry)
(DRIVE Xangry Xattack)
(DRIVE Xattack Ximpend)
(DRIVE Ximpend Xseparate)
(DRIVE Xseparate Ximitate)
(DRIVE Ximitate Xscientific)
(DRIVE Xscientific Xteeny)
(DRIVE Xteeny Xbang)
(DRIVE Xbang Xjoke)
(DRIVE Xjoke Xcompete)
(DRIVE Xcompete Xairplane)
(DROPOFF TA_Xcompete Xairplane)
(HOMESAFE TA_Xcompete Xairplane)
(DRIVE Xairplane Xcompete)
(DRIVE Xcompete Xjoke)
(DRIVE Xjoke Xbang)
(DRIVE Xbang Xteeny)
(DRIVE Xteeny Xscientific)
(DRIVE Xscientific Ximitate)
(DRIVE Ximitate Xseparate)
(DRIVE Xseparate Ximpend)
(DRIVE Ximpend Xattack)
(DRIVE Xattack Xangry)
(DRIVE Xangry Xvolleyball)
(DRIVE Xvolleyball Xspill)
(DRIVE Xspill Xselfish)
(DRIVE Xselfish Xdiffer)
(DRIVE Xdiffer Xknot)
(DRIVE Xknot Xspread)
(DRIVE Xspread Xunused)
(DRIVE Xunused Xworship)
(DRIVE Xworship Xtent)
(DRIVE Xtent Xuse)
(DRIVE Xuse Xnimble)
(DRIVE Xnimble Xabsorb)
(DRIVE Xabsorb Xfearless)
(DRIVE Xfearless Xbirthday)
