(DROPOFF TA_Xdwtmye X1)
(WALK TA_Xdwtmye X1 Xeecyyi)
(HOMESAFE TA_Xdwtmye Xeecyyi)
(DROPOFF TA_Xeecyyi X1)
(WALK TA_Xeecyyi X1 Xmxfjog)
(HOMESAFE TA_Xeecyyi Xmxfjog)
(DROPOFF TA_Xobygpx X1)
(WALK TA_Xobygpx X1 X2)
(WALK TA_Xobygpx X2 Xwdukvg)
(HOMESAFE TA_Xobygpx Xwdukvg)
(DROPOFF TA_Xhtnufq X1)
(WALK TA_Xhtnufq X1 X5)
(WALK TA_Xhtnufq X5 Xjjhfbf)
(HOMESAFE TA_Xhtnufq Xjjhfbf)
(DROPOFF TA_Xdgndkq X1)
(WALK TA_Xdgndkq X1 X11)
(WALK TA_Xdgndkq X11 Xbvxxxl)
(HOMESAFE TA_Xdgndkq Xbvxxxl)
(DROPOFF TA_Xxzpwqp X1)
(WALK TA_Xxzpwqp X1 X4)
(WALK TA_Xxzpwqp X4 Xaiahrn)
(HOMESAFE TA_Xxzpwqp Xaiahrn)
(DROPOFF TA_Xhkmvzs X1)
(WALK TA_Xhkmvzs X1 X10)
(WALK TA_Xhkmvzs X10 Xatjnbp)
(HOMESAFE TA_Xhkmvzs Xatjnbp)
(DROPOFF TA_Xitizxl X1)
(WALK TA_Xitizxl X1 X6)
(WALK TA_Xitizxl X6 Xbdkbsl)
(HOMESAFE TA_Xitizxl Xbdkbsl)
(DROPOFF TA_Xaiahrn X1)
(WALK TA_Xaiahrn X1 X9)
(WALK TA_Xaiahrn X9 Xeaxqgg)
(HOMESAFE TA_Xaiahrn Xeaxqgg)
(DROPOFF TA_Xatjnbp X1)
(WALK TA_Xatjnbp X1 X3)
(WALK TA_Xatjnbp X3 Xdwtmye)
(HOMESAFE TA_Xatjnbp Xdwtmye)
(DROPOFF TA_Xeaxqgg X1)
(WALK TA_Xeaxqgg X1 X9)
(WALK TA_Xeaxqgg X9 Xdgndkq)
(HOMESAFE TA_Xeaxqgg Xdgndkq)
(DROPOFF TA_Xdfkzik X1)
(WALK TA_Xdfkzik X1 X6)
(WALK TA_Xdfkzik X6 Xhtnufq)
(HOMESAFE TA_Xdfkzik Xhtnufq)
(DROPOFF TA_Xzfpeyb X1)
(WALK TA_Xzfpeyb X1 X4)
(WALK TA_Xzfpeyb X4 Xadnqny)
(HOMESAFE TA_Xzfpeyb Xadnqny)
(DROPOFF TA_Xmxfjog X1)
(WALK TA_Xmxfjog X1 X3)
(WALK TA_Xmxfjog X3 Xfncbor)
(HOMESAFE TA_Xmxfjog Xfncbor)
(DROPOFF TA_Xadnqny X1)
(WALK TA_Xadnqny X1 X11)
(WALK TA_Xadnqny X11 Xdfkzik)
(HOMESAFE TA_Xadnqny Xdfkzik)
(DROPOFF TA_Xjjhfbf X1)
(WALK TA_Xjjhfbf X1 X7)
(WALK TA_Xjjhfbf X7 Xobygpx)
(HOMESAFE TA_Xjjhfbf Xobygpx)
(DROPOFF TA_Xfncbor X1)
(WALK TA_Xfncbor X1 X7)
(WALK TA_Xfncbor X7 Xzfpeyb)
(HOMESAFE TA_Xfncbor Xzfpeyb)
(DROPOFF TA_Xqmdppc X1)
(WALK TA_Xqmdppc X1 X8)
(WALK TA_Xqmdppc X8 Xqmrpna)
(HOMESAFE TA_Xqmdppc Xqmrpna)
(DROPOFF TA_Xwdukvg X1)
(WALK TA_Xwdukvg X1 X5)
(WALK TA_Xwdukvg X5 Xxzpwqp)
(HOMESAFE TA_Xwdukvg Xxzpwqp)
(DROPOFF TA_Xbdkbsl X1)
(WALK TA_Xbdkbsl X1 X8)
(WALK TA_Xbdkbsl X8 Xqmdppc)
(HOMESAFE TA_Xbdkbsl Xqmdppc)
(DROPOFF TA_Xbvxxxl X1)
(WALK TA_Xbvxxxl X1 X10)
(WALK TA_Xbvxxxl X10 Xitizxl)
(HOMESAFE TA_Xbvxxxl Xitizxl)
(DROPOFF TA_Xqmrpna X1)
(WALK TA_Xqmrpna X1 X2)
(WALK TA_Xqmrpna X2 Xhkmvzs)
(HOMESAFE TA_Xqmrpna Xhkmvzs)
