(DRIVE XctUVEJSyNR XZ82QDWb0Pr)
(DROPOFF TA_XUphA2uAaYC XZ82QDWb0Pr)
(WALK TA_XUphA2uAaYC XZ82QDWb0Pr XU5XdtBFGOe)
(HOMESAFE TA_XUpha2uaayc Xu5XdtBFGOe)
(DRIVE XZ82QDWb0Pr XHTp005294X)
(DRIVE XHTp005294X XIU0Ia8127Z)
(DROPOFF TA_Xf91pUtm9EZ XIU0Ia8127Z)
(HOMESAFE TA_Xf91putm9ez XiU0Ia8127Z)
(DRIVE XIU0Ia8127Z XHTp005294X)
(DRIVE XHTp005294X XTDmNOuGJBk)
(DROPOFF TA_XvzXeZbLrSW XTDmNOuGJBk)
(HOMESAFE TA_Xvzxezblrsw XtDmNOuGJBk)
(DRIVE XTDmNOuGJBk XI4iTN5KXjB)
(DROPOFF TA_XQwY2G6aX6c XI4iTN5KXjB)
(HOMESAFE TA_XQwy2g6ax6c Xi4iTN5KXjB)
(DRIVE XI4iTN5KXjB XBtCEVbHoQI)
(DROPOFF TA_XBtCEVbHoQI XBtCEVbHoQI)
(HOMESAFE TA_XBtcevbhoqi XbtCEVbHoQI)
(DRIVE XBtCEVbHoQI XVbPBW7rmhF)
(DRIVE XVbPBW7rmhF XMuYreynm57)
(DROPOFF TA_XMzId8uwrPz XMuYreynm57)
(HOMESAFE TA_XMzid8uwrpz XmuYreynm57)
(DRIVE XMuYreynm57 Xf91pUtm9EZ)
(DROPOFF TA_XTDmNOuGJBk Xf91pUtm9EZ)
(HOMESAFE TA_XTDmnougjbk Xf91pUtm9EZ)
(DRIVE Xf91pUtm9EZ XMuYreynm57)
(DRIVE XMuYreynm57 XVbPBW7rmhF)
(DRIVE XVbPBW7rmhF XQwY2G6aX6c)
(DROPOFF TA_XRLF9v27sOQ XQwY2G6aX6c)
(HOMESAFE TA_XRLF9v27soq XqwY2G6aX6c)
(DRIVE XQwY2G6aX6c X8Jejdr7ynm)
(DROPOFF TA_Xqg08r1Pg6g X8Jejdr7ynm)
(HOMESAFE TA_Xqg08r1pg6g X8Jejdr7ynm)
(DRIVE X8Jejdr7ynm XsY3UqAEMG3)
(DRIVE XsY3UqAEMG3 XKMo4YIX1eu)
(DRIVE XKMo4YIX1eu XzUWT7uduzq)
(DROPOFF TA_X7d3UA4fKWz XzUWT7uduzq)
(HOMESAFE TA_X7d3ua4fkwz XzUWT7uduzq)
(DRIVE XzUWT7uduzq XKMo4YIX1eu)
(DRIVE XKMo4YIX1eu XsY3UqAEMG3)
(DRIVE XsY3UqAEMG3 XHG8olhhcTZ)
(DROPOFF TA_XMuYreynm57 XHG8olhhcTZ)
(HOMESAFE TA_XMuyreynm57 XhG8olhhcTZ)
(DRIVE XHG8olhhcTZ XsY3UqAEMG3)
(DRIVE XsY3UqAEMG3 XMzId8uwrPz)
(DROPOFF TA_XIU0Ia8127Z XMzId8uwrPz)
(HOMESAFE TA_XIU0Ia8127z XmzId8uwrPz)
(DRIVE XMzId8uwrPz XpxgZ5VHtpD)
(DRIVE XpxgZ5VHtpD X6lpxgUxCxO)
(DROPOFF TA_XHG8olhhcTZ X6lpxgUxCxO)
(HOMESAFE TA_XHG8olhhctz X6lpxgUxCxO)
(DRIVE X6lpxgUxCxO XpxgZ5VHtpD)
(DRIVE XpxgZ5VHtpD XMzId8uwrPz)
(DRIVE XMzId8uwrPz XKMo4YIX1eu)
(DRIVE XKMo4YIX1eu XT3o9dNVbcG)
(DRIVE XT3o9dNVbcG XctUVEJSyNR)
(DRIVE XctUVEJSyNR XvZijjgnvKU)
(DRIVE XvZijjgnvKU XgLI8ArV2Ui)
(DROPOFF TA_XgLI8ArV2Ui XgLI8ArV2Ui)
(HOMESAFE TA_Xgli8arv2ui XgLI8ArV2Ui)
(DRIVE XgLI8ArV2Ui XvZijjgnvKU)
(DRIVE XvZijjgnvKU XctUVEJSyNR)
(DRIVE XctUVEJSyNR XZ82QDWb0Pr)
(DROPOFF TA_X8Jejdr7ynm XZ82QDWb0Pr)
(DRIVE XZ82QDWb0Pr XctUVEJSyNR)
(WALK TA_X8Jejdr7ynm XZ82QDWb0Pr X7d3UA4fKWz)
(HOMESAFE TA_X8Jejdr7ynm X7d3UA4fKWz)
(DRIVE XctUVEJSyNR XZ82QDWb0Pr)
(DROPOFF TA_XT3o9dNVbcG XZ82QDWb0Pr)
(HOMESAFE TA_XT3o9dnvbcg Xz82QDWb0Pr)
(DRIVE XZ82QDWb0Pr XT3o9dNVbcG)
(DRIVE XT3o9dNVbcG XBtCEVbHoQI)
(DRIVE XBtCEVbHoQI XVbPBW7rmhF)
(DRIVE XVbPBW7rmhF XUphA2uAaYC)
(DROPOFF TA_XI4iTN5KXjB XUphA2uAaYC)
(DRIVE XUphA2uAaYC XVbPBW7rmhF)
(WALK TA_XI4iTN5KXjB XUphA2uAaYC XvzXeZbLrSW)
(DRIVE XVbPBW7rmhF XBtCEVbHoQI)
(DRIVE XBtCEVbHoQI XT3o9dNVbcG)
(DROPOFF TA_XoPQmRUijH5 XT3o9dNVbcG)
(HOMESAFE TA_Xopqmruijh5 Xt3o9dNVbcG)
(HOMESAFE TA_XI4itn5kxjb XvzXeZbLrSW)
(DRIVE XT3o9dNVbcG XRLF9v27sOQ)
(DROPOFF TA_XosdKgXyg1e XRLF9v27sOQ)
(HOMESAFE TA_Xosdkgxyg1e XrLF9v27sOQ)
(DRIVE XRLF9v27sOQ XVbPBW7rmhF)
(DRIVE XVbPBW7rmhF XUphA2uAaYC)
(DROPOFF TA_XVBTKstUXwG XUphA2uAaYC)
(DRIVE XUphA2uAaYC XVbPBW7rmhF)
(DRIVE XVbPBW7rmhF XMuYreynm57)
(DRIVE XMuYreynm57 XosdKgXyg1e)
(DROPOFF TA_XZ82QDWb0Pr XosdKgXyg1e)
(DRIVE XosdKgXyg1e XgLI8ArV2Ui)
(HOMESAFE TA_XZ82QDWb0pr XosdKgXyg1e)
(DRIVE XgLI8ArV2Ui XoPQmRUijH5)
(DROPOFF TA_X6lpxgUxCxO XoPQmRUijH5)
(HOMESAFE TA_XVBTKstuxwg XuphA2uAaYC)
(DRIVE XoPQmRUijH5 XgLI8ArV2Ui)
(DRIVE XgLI8ArV2Ui XN4DMbR59L3)
(DRIVE XN4DMbR59L3 Xqg08r1Pg6g)
(HOMESAFE TA_X6lpxguxcxo XoPQmRUijH5)
(DROPOFF TA_XzUWT7uduzq Xqg08r1Pg6g)
(DRIVE Xqg08r1Pg6g XuVIshS2g8a)
(DRIVE XuVIshS2g8a XVBTKstUXwG)
(HOMESAFE TA_Xzuwt7uduzq Xqg08r1Pg6g)
(DROPOFF TA_X8UaR4YpZys XVBTKstUXwG)
(DRIVE XVBTKstUXwG X8UaR4YpZys)
(DROPOFF TA_XU5XdtBFGOe X8UaR4YpZys)
(HOMESAFE TA_XU5Xdtbfgoe X8UaR4YpZys)
(DRIVE X8UaR4YpZys XVBTKstUXwG)
(DRIVE XVBTKstUXwG XHTp005294X)
(DRIVE XHTp005294X XZ82QDWb0Pr)
(HOMESAFE TA_X8Uar4ypzys XvBTKstUXwG)
(DRIVE XZ82QDWb0Pr XctUVEJSyNR)
