(DRIVE X6Zg7j6t8kt Xka4cgDWgq7)
(DROPOFF TA_Xka4cgDWgq7 Xka4cgDWgq7)
(HOMESAFE TA_Xka4cgdwgq7 Xka4cgDWgq7)
(DRIVE Xka4cgDWgq7 XGSDEYlNcCM)
(DROPOFF TA_XvD4d0BZ03p XGSDEYlNcCM)
(HOMESAFE TA_Xvd4d0bz03p XgSDEYlNcCM)
(DRIVE XGSDEYlNcCM XJ6nn6V6pVr)
(DRIVE XJ6nn6V6pVr X1koyFI8rlU)
(DROPOFF TA_X1aPtXDhYtV X1koyFI8rlU)
(DRIVE X1koyFI8rlU XJ6nn6V6pVr)
(WALK TA_X1aPtXDhYtV X1koyFI8rlU XOctagmmhko)
(HOMESAFE TA_X1aptxdhytv Xoctagmmhko)
(DRIVE XJ6nn6V6pVr X1koyFI8rlU)
(DROPOFF TA_XcqCbnI2bkr X1koyFI8rlU)
(HOMESAFE TA_Xcqcbni2bkr X1koyFI8rlU)
(DRIVE X1koyFI8rlU XJ6nn6V6pVr)
(DRIVE XJ6nn6V6pVr XfbxiHLAsv4)
(DROPOFF TA_XfhmE7A9rVl XfbxiHLAsv4)
(HOMESAFE TA_Xfhme7a9rvl XfbxiHLAsv4)
(DRIVE XfbxiHLAsv4 X79JJ9GZF8c)
(DROPOFF TA_XdojrtYXceT X79JJ9GZF8c)
(DRIVE X79JJ9GZF8c Xs8EkvbOYAX)
(DROPOFF TA_X8pgnfE3xKu Xs8EkvbOYAX)
(HOMESAFE TA_X8pgnfe3xku Xs8EkvbOYAX)
(WALK TA_XdojrtYXceT X79JJ9GZF8c XfhmE7A9rVl)
(WALK TA_XdojrtYXceT XfhmE7A9rVl X0gqiqztWgj)
(HOMESAFE TA_Xdojrtyxcet X0gqiqztWgj)
(DRIVE Xs8EkvbOYAX X79JJ9GZF8c)
(DROPOFF TA_Xs8EkvbOYAX X79JJ9GZF8c)
(DRIVE X79JJ9GZF8c Xs8EkvbOYAX)
(WALK TA_Xs8EkvbOYAX X79JJ9GZF8c XfhmE7A9rVl)
(HOMESAFE TA_Xs8ekvboyax XfhmE7A9rVl)
(DRIVE Xs8EkvbOYAX X79JJ9GZF8c)
(DROPOFF TA_X4lUeyqYb0U X79JJ9GZF8c)
(DRIVE X79JJ9GZF8c Xs8EkvbOYAX)
(WALK TA_X4lUeyqYb0U X79JJ9GZF8c XM9d0z6OccV)
(HOMESAFE TA_X4lueyqyb0u Xm9d0z6OccV)
(DRIVE Xs8EkvbOYAX X1iUrZ2N0MA)
(DRIVE X1iUrZ2N0MA XESDdDChkYw)
(DROPOFF TA_XESDdDChkYw XESDdDChkYw)
(DRIVE XESDdDChkYw X1iUrZ2N0MA)
(DRIVE X1iUrZ2N0MA Xs8EkvbOYAX)
(WALK TA_XESDdDChkYw XESDdDChkYw X1aPtXDhYtV)
(HOMESAFE TA_XESDddchkyw X1aPtXDhYtV)
(DRIVE Xs8EkvbOYAX X79JJ9GZF8c)
(DROPOFF TA_XOctagmmhko X79JJ9GZF8c)
(DRIVE X79JJ9GZF8c Xs8EkvbOYAX)
(DRIVE Xs8EkvbOYAX X1iUrZ2N0MA)
(DRIVE X1iUrZ2N0MA XSDcTVr32JM)
(DRIVE XSDcTVr32JM X4JtfcKJvHu)
(HOMESAFE TA_XOctagmmhko X79JJ9GZF8c)
(DROPOFF TA_XH0NdoJawvz X4JtfcKJvHu)
(HOMESAFE TA_XH0Ndojawvz X4JtfcKJvHu)
(DRIVE X4JtfcKJvHu XSDcTVr32JM)
(DRIVE XSDcTVr32JM XcqCbnI2bkr)
(DROPOFF TA_XMpRNDD0glq XcqCbnI2bkr)
(HOMESAFE TA_XMprndd0glq XcqCbnI2bkr)
(DRIVE XcqCbnI2bkr Xbc4pLp9tiD)
(DRIVE Xbc4pLp9tiD XMpRNDD0glq)
(DROPOFF TA_X0gqiqztWgj XMpRNDD0glq)
(DRIVE XMpRNDD0glq Xbc4pLp9tiD)
(DRIVE Xbc4pLp9tiD XOGWcs2X8pk)
(DROPOFF TA_XVWD9Yy5Xrg XOGWcs2X8pk)
(HOMESAFE TA_XVWD9Yy5xrg XoGWcs2X8pk)
(WALK TA_X0gqiqztWgj XMpRNDD0glq X4ViGHxfdlc)
(WALK TA_X0gqiqztWgj X4ViGHxfdlc XdyS1o5lQHD)
(WALK TA_X0gqiqztWgj XdyS1o5lQHD XOpwMnuSGmp)
(WALK TA_X0gqiqztWgj XOpwMnuSGmp XuXkvSfF7Kv)
(HOMESAFE TA_X0gqiqztwgj XuXkvSfF7Kv)
(DRIVE XOGWcs2X8pk X8pgnfE3xKu)
(DRIVE X8pgnfE3xKu XoRs9wR3IGE)
(DROPOFF TA_XIroa6leixY XoRs9wR3IGE)
(HOMESAFE TA_XIroa6leixy XoRs9wR3IGE)
(DRIVE XoRs9wR3IGE X8pgnfE3xKu)
(DROPOFF TA_XTH1GgoG5GU X8pgnfE3xKu)
(DRIVE X8pgnfE3xKu XOGWcs2X8pk)
(WALK TA_XTH1GgoG5GU X8pgnfE3xKu XvD4d0BZ03p)
(WALK TA_XTH1GgoG5GU XvD4d0BZ03p XzH4Z0p0Ftj)
(WALK TA_XTH1GgoG5GU XzH4Z0p0Ftj XVWD9Yy5Xrg)
(HOMESAFE TA_XTH1Ggog5gu XvWD9Yy5Xrg)
(DRIVE XOGWcs2X8pk Xbc4pLp9tiD)
(DRIVE Xbc4pLp9tiD XMpRNDD0glq)
(DROPOFF TA_XOpwMnuSGmp XMpRNDD0glq)
(DRIVE XMpRNDD0glq Xbc4pLp9tiD)
(DRIVE Xbc4pLp9tiD XOGWcs2X8pk)
(WALK TA_XOpwMnuSGmp XMpRNDD0glq X4ViGHxfdlc)
(WALK TA_XOpwMnuSGmp X4ViGHxfdlc XdyS1o5lQHD)
(WALK TA_XOpwMnuSGmp XdyS1o5lQHD XOpwMnuSGmp)
(HOMESAFE TA_XOpwmnusgmp XopwMnuSGmp)
(DRIVE XOGWcs2X8pk X8pgnfE3xKu)
(DROPOFF TA_XoRs9wR3IGE X8pgnfE3xKu)
(DRIVE X8pgnfE3xKu XOGWcs2X8pk)
(WALK TA_XoRs9wR3IGE X8pgnfE3xKu XvD4d0BZ03p)
(WALK TA_XoRs9wR3IGE XvD4d0BZ03p XzH4Z0p0Ftj)
(WALK TA_XoRs9wR3IGE XzH4Z0p0Ftj XHpRVhY9Btb)
(WALK TA_XoRs9wR3IGE XHpRVhY9Btb XOF1HL5xl4P)
(WALK TA_XoRs9wR3IGE XOF1HL5xl4P XKpPj50fAfy)
(WALK TA_XoRs9wR3IGE XKpPj50fAfy XEZQ9HUGjRN)
(WALK TA_XoRs9wR3IGE XEZQ9HUGjRN XOR78sPVsV9)
(WALK TA_XoRs9wR3IGE XOR78sPVsV9 X4RZs4XFvF9)
(WALK TA_XoRs9wR3IGE X4RZs4XFvF9 XG05S6XZiBa)
(DRIVE XOGWcs2X8pk Xbc4pLp9tiD)
(DRIVE Xbc4pLp9tiD XMpRNDD0glq)
(DROPOFF TA_X4RZs4XFvF9 XMpRNDD0glq)
(DRIVE XMpRNDD0glq Xbc4pLp9tiD)
(DRIVE Xbc4pLp9tiD XOGWcs2X8pk)
(WALK TA_X4RZs4XFvF9 XMpRNDD0glq XlrFRnKniRv)
(HOMESAFE TA_X4RZs4xfvf9 XlrFRnKniRv)
(DRIVE XOGWcs2X8pk Xbc4pLp9tiD)
(DRIVE Xbc4pLp9tiD XMpRNDD0glq)
(DROPOFF TA_XYZKJeBb8Pe XMpRNDD0glq)
(DRIVE XMpRNDD0glq Xbc4pLp9tiD)
(WALK TA_XYZKJeBb8Pe XMpRNDD0glq X4ViGHxfdlc)
(HOMESAFE TA_XYZKJebb8pe X4ViGHxfdlc)
(DRIVE Xbc4pLp9tiD XMpRNDD0glq)
(DROPOFF TA_XvCSWEyz4PC XMpRNDD0glq)
(HOMESAFE TA_Xvcsweyz4pc XmpRNDD0glq)
(DRIVE XMpRNDD0glq Xbc4pLp9tiD)
(DRIVE Xbc4pLp9tiD XOGWcs2X8pk)
(DRIVE XOGWcs2X8pk XNULo72dPyj)
(DRIVE XNULo72dPyj XI1RTFIGWhc)
(DROPOFF TA_XN08DpqDewo XI1RTFIGWhc)
(HOMESAFE TA_XN08Dpqdewo Xi1RTFIGWhc)
(DRIVE XI1RTFIGWhc XTH1GgoG5GU)
(DROPOFF TA_X7cteJXIZM1 XTH1GgoG5GU)
(HOMESAFE TA_X7ctejxizm1 XtH1GgoG5GU)
(DRIVE XTH1GgoG5GU XvCSWEyz4PC)
(DROPOFF TA_XDkc5CxJ6RV XvCSWEyz4PC)
(HOMESAFE TA_XDkc5cxj6rv XvCSWEyz4PC)
(DRIVE XvCSWEyz4PC XTH1GgoG5GU)
(DRIVE XTH1GgoG5GU XI1RTFIGWhc)
(DRIVE XI1RTFIGWhc XYrPP1U1r20)
(HOMESAFE TA_Xors9wr3ige Xg05S6XZiBa)
(DRIVE XYrPP1U1r20 XckEVpwA8CD)
(DROPOFF TA_XGSDEYlNcCM XckEVpwA8CD)
(HOMESAFE TA_XGSDEYlnccm XckEVpwA8CD)
(DRIVE XckEVpwA8CD XYQKcyMibnc)
(DROPOFF TA_XEZQ9HUGjRN XYQKcyMibnc)
(HOMESAFE TA_XEZQ9HUGjrn XyQKcyMibnc)
(DRIVE XYQKcyMibnc XckEVpwA8CD)
(DRIVE XckEVpwA8CD XYrPP1U1r20)
(DROPOFF TA_XuXkvSfF7Kv XYrPP1U1r20)
(DRIVE XYrPP1U1r20 X7cteJXIZM1)
(DROPOFF TA_XiyQiEnpG35 X7cteJXIZM1)
(HOMESAFE TA_Xiyqienpg35 X7cteJXIZM1)
(WALK TA_XuXkvSfF7Kv XYrPP1U1r20 XIroa6leixY)
(HOMESAFE TA_Xuxkvsff7kv Xiroa6leixY)
(DRIVE X7cteJXIZM1 XYrPP1U1r20)
(DROPOFF TA_XG05S6XZiBa XYrPP1U1r20)
(HOMESAFE TA_XG05S6XZiba XyrPP1U1r20)
(DRIVE XYrPP1U1r20 X7cteJXIZM1)
(DRIVE X7cteJXIZM1 XzG9cl6Gy30)
(DRIVE XzG9cl6Gy30 XdojrtYXceT)
(DROPOFF TA_X79JJ9GZF8c XdojrtYXceT)
(HOMESAFE TA_X79JJ9GZF8c XdojrtYXceT)
(DRIVE XdojrtYXceT XZZt4oj1N7Y)
(DRIVE XZZt4oj1N7Y X4RZs4XFvF9)
(DROPOFF TA_X4JtfcKJvHu X4RZs4XFvF9)
(HOMESAFE TA_X4Jtfckjvhu X4RZs4XFvF9)
(DRIVE X4RZs4XFvF9 XZZt4oj1N7Y)
(DRIVE XZZt4oj1N7Y XdojrtYXceT)
(DRIVE XdojrtYXceT XwXTrLT9dUx)
(DROPOFF TA_Xb3jUAAPOlA XwXTrLT9dUx)
(HOMESAFE TA_Xb3juaapola XwXTrLT9dUx)
(DRIVE XwXTrLT9dUx XGSDEYlNcCM)
(DRIVE XGSDEYlNcCM XJ6nn6V6pVr)
(DRIVE XJ6nn6V6pVr X4lUeyqYb0U)
(DROPOFF TA_XOGWcs2X8pk X4lUeyqYb0U)
(DRIVE X4lUeyqYb0U XJ6nn6V6pVr)
(DRIVE XJ6nn6V6pVr XGSDEYlNcCM)
(DRIVE XGSDEYlNcCM X97dvK2Az7S)
(DROPOFF TA_XYQKcyMibnc X97dvK2Az7S)
(DRIVE X97dvK2Az7S XGSDEYlNcCM)
(DRIVE XGSDEYlNcCM XHpRVhY9Btb)
(DRIVE XHpRVhY9Btb XYZKJeBb8Pe)
(DROPOFF TA_XI1RTFIGWhc XYZKJeBb8Pe)
(DRIVE XYZKJeBb8Pe XHpRVhY9Btb)
(WALK TA_XYQKcyMibnc X97dvK2Az7S XDkc5CxJ6RV)
(HOMESAFE TA_XYQKcymibnc Xdkc5CxJ6RV)
(WALK TA_XOGWcs2X8pk X4lUeyqYb0U XNgxnYo41LY)
(WALK TA_XOGWcs2X8pk XNgxnYo41LY XcqCbnI2bkr)
(WALK TA_XOGWcs2X8pk XcqCbnI2bkr Xb3jUAAPOlA)
(HOMESAFE TA_XI1RTFIGWhc XyZKJeBb8Pe)
(HOMESAFE TA_XOGWcs2x8pk Xb3jUAAPOlA)
(DRIVE XHpRVhY9Btb XGSDEYlNcCM)
(DRIVE XGSDEYlNcCM X97dvK2Az7S)
(DROPOFF TA_XlrFRnKniRv X97dvK2Az7S)
(HOMESAFE TA_Xlrfrnknirv X97dvK2Az7S)
(DRIVE X97dvK2Az7S XGSDEYlNcCM)
(DRIVE XGSDEYlNcCM XHpRVhY9Btb)
(DRIVE XHpRVhY9Btb XzH4Z0p0Ftj)
(DROPOFF TA_X4ViGHxfdlc XzH4Z0p0Ftj)
(DRIVE XzH4Z0p0Ftj X2Xeaya9zol)
(WALK TA_X4ViGHxfdlc XzH4Z0p0Ftj XvD4d0BZ03p)
(WALK TA_X4ViGHxfdlc XvD4d0BZ03p X8pgnfE3xKu)
(HOMESAFE TA_X4Vighxfdlc X8pgnfE3xKu)
(DRIVE X2Xeaya9zol XzH4Z0p0Ftj)
(DROPOFF TA_XwXTrLT9dUx XzH4Z0p0Ftj)
(DRIVE XzH4Z0p0Ftj X2Xeaya9zol)
(DRIVE X2Xeaya9zol XHMrJ59Oqha)
(WALK TA_XwXTrLT9dUx XzH4Z0p0Ftj XvD4d0BZ03p)
(DRIVE XHMrJ59Oqha XUgxUR9jKcJ)
(DROPOFF TA_XNgxnYo41LY XUgxUR9jKcJ)
(HOMESAFE TA_XNgxnyo41ly XugxUR9jKcJ)
(DRIVE XUgxUR9jKcJ X1iUrZ2N0MA)
(DRIVE X1iUrZ2N0MA XDFUEuoVNn7)
(DRIVE XDFUEuoVNn7 XH0NdoJawvz)
(DROPOFF TA_XKpPj50fAfy XH0NdoJawvz)
(HOMESAFE TA_XKppj50fafy Xh0NdoJawvz)
(DRIVE XH0NdoJawvz X4JtfcKJvHu)
(DRIVE X4JtfcKJvHu XSDcTVr32JM)
(DRIVE XSDcTVr32JM XcqCbnI2bkr)
(DRIVE XcqCbnI2bkr XOND9LnuOus)
(HOMESAFE TA_Xwxtrlt9dux XvD4d0BZ03p)
(DRIVE XOND9LnuOus XKpPj50fAfy)
(DROPOFF TA_XfbxiHLAsv4 XKpPj50fAfy)
(DRIVE XKpPj50fAfy XOND9LnuOus)
(DRIVE XOND9LnuOus XcqCbnI2bkr)
(WALK TA_XfbxiHLAsv4 XKpPj50fAfy XEZQ9HUGjRN)
(HOMESAFE TA_Xfbxihlasv4 XeZQ9HUGjRN)
(DRIVE XcqCbnI2bkr XNgxnYo41LY)
(DRIVE XNgxnYo41LY X4lUeyqYb0U)
(DROPOFF TA_XYrPP1U1r20 X4lUeyqYb0U)
(DRIVE X4lUeyqYb0U XJ6nn6V6pVr)
(WALK TA_XYrPP1U1r20 X4lUeyqYb0U XNgxnYo41LY)
(WALK TA_XYrPP1U1r20 XNgxnYo41LY X2Xeaya9zol)
(WALK TA_XYrPP1U1r20 X2Xeaya9zol XzH4Z0p0Ftj)
(HOMESAFE TA_XYrpp1u1r20 XzH4Z0p0Ftj)
(DRIVE XJ6nn6V6pVr X4lUeyqYb0U)
(DROPOFF TA_XM9d0z6OccV X4lUeyqYb0U)
(HOMESAFE TA_XM9d0z6occv X4lUeyqYb0U)
(DRIVE X4lUeyqYb0U XJ6nn6V6pVr)
(DRIVE XJ6nn6V6pVr XGSDEYlNcCM)
(DRIVE XGSDEYlNcCM X1iUrZ2N0MA)
(DRIVE X1iUrZ2N0MA XgSP0irArmo)
(DRIVE XgSP0irArmo XN08DpqDewo)
(DROPOFF TA_X97dvK2Az7S XN08DpqDewo)
(HOMESAFE TA_X97dvk2az7s Xn08DpqDewo)
(DRIVE XN08DpqDewo XgSP0irArmo)
(DRIVE XgSP0irArmo X1iUrZ2N0MA)
(DRIVE X1iUrZ2N0MA XGSDEYlNcCM)
(DRIVE XGSDEYlNcCM XHpRVhY9Btb)
(DRIVE XHpRVhY9Btb XOF1HL5xl4P)
(DRIVE XOF1HL5xl4P XKpPj50fAfy)
(DROPOFF TA_XzH4Z0p0Ftj XKpPj50fAfy)
(HOMESAFE TA_Xzh4z0p0ftj XkpPj50fAfy)
(DRIVE XKpPj50fAfy XOF1HL5xl4P)
(DRIVE XOF1HL5xl4P XHpRVhY9Btb)
(DRIVE XHpRVhY9Btb XGSDEYlNcCM)
(DROPOFF TA_XUgxUR9jKcJ XGSDEYlNcCM)
(DROPOFF TA_X1koyFI8rlU XGSDEYlNcCM)
(DRIVE XGSDEYlNcCM X1iUrZ2N0MA)
(DRIVE X1iUrZ2N0MA Xpm1Yq2dCLL)
(DRIVE Xpm1Yq2dCLL XiyQiEnpG35)
(DROPOFF TA_XckEVpwA8CD XiyQiEnpG35)
(HOMESAFE TA_Xckevpwa8cd XiyQiEnpG35)
(DRIVE XiyQiEnpG35 Xpm1Yq2dCLL)
(DRIVE Xpm1Yq2dCLL X1iUrZ2N0MA)
(DRIVE X1iUrZ2N0MA Xs8EkvbOYAX)
(DRIVE Xs8EkvbOYAX X79JJ9GZF8c)
(DRIVE X79JJ9GZF8c XfbxiHLAsv4)
(WALK TA_XUgxUR9jKcJ XGSDEYlNcCM X1iUrZ2N0MA)
(WALK TA_XUgxUR9jKcJ X1iUrZ2N0MA XESDdDChkYw)
(DRIVE XfbxiHLAsv4 XrCrtLJTXdv)
(DRIVE XrCrtLJTXdv XtvKOOMQ7Sv)
(DROPOFF TA_XtvKOOMQ7Sv XtvKOOMQ7Sv)
(HOMESAFE TA_Xtvkoomq7sv XtvKOOMQ7Sv)
(DRIVE XtvKOOMQ7Sv XrCrtLJTXdv)
(DRIVE XrCrtLJTXdv XfbxiHLAsv4)
(DRIVE XfbxiHLAsv4 XECFKqOm791)
(DRIVE XECFKqOm791 XwXTrLT9dUx)
(HOMESAFE TA_XUgxur9jkcj XeSDdDChkYw)
(DRIVE XwXTrLT9dUx X6Zg7j6t8kt)
(WALK TA_X1koyFI8rlU XGSDEYlNcCM XJ6nn6V6pVr)
(WALK TA_X1koyFI8rlU XJ6nn6V6pVr X4lUeyqYb0U)
(WALK TA_X1koyFI8rlU X4lUeyqYb0U XNgxnYo41LY)
(HOMESAFE TA_X1koyfi8rlu XngxnYo41LY)
