(DROPOFF TA_X2 X1)
(WALK TA_X2 X1 XG)
(HOMESAFE TA_X2 XG)
(DROPOFF TA_X9 X1)
(WALK TA_X9 X1 Xf)
(HOMESAFE TA_X9 Xf)
(DROPOFF TA_XT X1)
(WALK TA_XT X1 X7)
(HOMESAFE TA_XT X7)
(DROPOFF TA_XV X1)
(WALK TA_XV X1 XY)
(HOMESAFE TA_XV XY)
(DROPOFF TA_XY X1)
(WALK TA_XY X1 X4)
(HOMESAFE TA_XY X4)
(DROPOFF TA_XL X1)
(WALK TA_XL X1 XL)
(HOMESAFE TA_XL XL)
(DROPOFF TA_XQ X1)
(WALK TA_XQ X1 XX)
(HOMESAFE TA_XQ XX)
(DROPOFF TA_XP X1)
(WALK TA_XP X1 Xb)
(HOMESAFE TA_XP Xb)
(DROPOFF TA_XE X1)
(WALK TA_XE X1 Xn)
(HOMESAFE TA_XE Xn)
(DROPOFF TA_Xf X1)
(WALK TA_Xf X1 XU)
(WALK TA_Xf XU XE)
(HOMESAFE TA_Xf Xe)
(DROPOFF TA_X7 X1)
(WALK TA_X7 X1 XU)
(WALK TA_X7 XU XT)
(HOMESAFE TA_X7 XT)
(DROPOFF TA_X4 X1)
(WALK TA_X4 X1 Xi)
(WALK TA_X4 Xi XZ)
(HOMESAFE TA_X4 XZ)
(DROPOFF TA_XG X1)
(WALK TA_XG X1 XG)
(WALK TA_XG XG XN)
(HOMESAFE TA_XG XN)
(DROPOFF TA_Xb X1)
(WALK TA_Xb X1 XH)
(WALK TA_Xb XH X2)
(HOMESAFE TA_Xb X2)
(DROPOFF TA_XO X1)
(WALK TA_XO X1 XU)
(WALK TA_XO XU XC)
(HOMESAFE TA_XO XC)
(DROPOFF TA_XX X1)
(WALK TA_XX X1 Xn)
(WALK TA_XX Xn XS)
(HOMESAFE TA_XX XS)
(DROPOFF TA_XD X1)
(WALK TA_XD X1 Xi)
(WALK TA_XD Xi XV)
(HOMESAFE TA_XD XV)
(DROPOFF TA_X6 X1)
(WALK TA_X6 X1 XH)
(WALK TA_X6 XH XB)
(HOMESAFE TA_X6 XB)
(DROPOFF TA_XZ X1)
(WALK TA_XZ X1 XL)
(WALK TA_XZ XL Xd)
(HOMESAFE TA_XZ Xd)
(DROPOFF TA_Xn X1)
(WALK TA_Xn X1 X4)
(WALK TA_Xn X4 XO)
(HOMESAFE TA_Xn Xo)
(DROPOFF TA_XC X1)
(WALK TA_XC X1 XG)
(WALK TA_XC XG XQ)
(HOMESAFE TA_XC XQ)
(DROPOFF TA_XS X1)
(WALK TA_XS X1 XH)
(WALK TA_XS XH XD)
(HOMESAFE TA_XS XD)
(DROPOFF TA_XN X1)
(WALK TA_XN X1 XU)
(WALK TA_XN XU X6)
(HOMESAFE TA_XN X6)
(DROPOFF TA_Xd X1)
(WALK TA_Xd X1 XW)
(WALK TA_Xd XW X9)
(HOMESAFE TA_Xd X9)
(DROPOFF TA_XB X1)
(WALK TA_XB X1 Xm)
(WALK TA_XB Xm XP)
(HOMESAFE TA_XB XP)
