(DROPOFF TA_XGrace3 XDavid0)
(WALK TA_XGrace3 XDavid0 XSally1)
(HOMESAFE TA_XGrace3 Xsally1)
(DROPOFF TA_XDonald32 XDavid0)
(WALK TA_XDonald32 XDavid0 XGrace3)
(HOMESAFE TA_XDonald32 Xgrace3)
(DROPOFF TA_XPatricia23 XDavid0)
(WALK TA_XPatricia23 XDavid0 XTimothy2)
(HOMESAFE TA_XPatricia23 Xtimothy2)
(DROPOFF TA_XSally1 XDavid0)
(WALK TA_XSally1 XDavid0 XDawn4)
(HOMESAFE TA_XSally1 Xdawn4)
(DROPOFF TA_XEdward22 XDavid0)
(WALK TA_XEdward22 XDavid0 XDavid5)
(WALK TA_XEdward22 XDavid5 XRobin6)
(HOMESAFE TA_XEdward22 Xrobin6)
(DROPOFF TA_XChristopher36 XDavid0)
(WALK TA_XChristopher36 XDavid0 XDavid5)
(WALK TA_XChristopher36 XDavid5 XRobin6)
(WALK TA_XChristopher36 XRobin6 XSusan7)
(HOMESAFE TA_XChristopher36 Xsusan7)
(DROPOFF TA_XJune17 XDavid0)
(WALK TA_XJune17 XDavid0 XDavid5)
(WALK TA_XJune17 XDavid5 XGwendolyn9)
(WALK TA_XJune17 XGwendolyn9 XDale10)
(HOMESAFE TA_XJune17 Xdale10)
(DROPOFF TA_XSandra20 XDavid0)
(WALK TA_XSandra20 XDavid0 XDavid5)
(WALK TA_XSandra20 XDavid5 XGwendolyn9)
(WALK TA_XSandra20 XGwendolyn9 XYolanda12)
(WALK TA_XSandra20 XYolanda12 XPamela13)
(HOMESAFE TA_XSandra20 Xpamela13)
(DROPOFF TA_XTimothy2 XDavid0)
(WALK TA_XTimothy2 XDavid0 XDavid5)
(WALK TA_XTimothy2 XDavid5 XRobin6)
(WALK TA_XTimothy2 XRobin6 XSusan7)
(WALK TA_XTimothy2 XSusan7 XTami8)
(HOMESAFE TA_XTimothy2 Xtami8)
(DROPOFF TA_XJanice39 XDavid0)
(WALK TA_XJanice39 XDavid0 XDavid5)
(WALK TA_XJanice39 XDavid5 XGwendolyn9)
(WALK TA_XJanice39 XGwendolyn9 XDale10)
(WALK TA_XJanice39 XDale10 XPaul11)
(HOMESAFE TA_XJanice39 Xpaul11)
(DROPOFF TA_XDonald18 XDavid0)
(WALK TA_XDonald18 XDavid0 XDavid5)
(WALK TA_XDonald18 XDavid5 XGwendolyn9)
(WALK TA_XDonald18 XGwendolyn9 XYolanda12)
(WALK TA_XDonald18 XYolanda12 XMichael14)
(WALK TA_XDonald18 XMichael14 XBrandon19)
(WALK TA_XDonald18 XBrandon19 XPatricia23)
(HOMESAFE TA_XDonald18 Xpatricia23)
(DROPOFF TA_XSusan7 XDavid0)
(WALK TA_XSusan7 XDavid0 XDavid5)
(WALK TA_XSusan7 XDavid5 XGwendolyn9)
(WALK TA_XSusan7 XGwendolyn9 XYolanda12)
(WALK TA_XSusan7 XYolanda12 XMichael14)
(WALK TA_XSusan7 XMichael14 XBrandon19)
(WALK TA_XSusan7 XBrandon19 XEdward22)
(HOMESAFE TA_XSusan7 Xedward22)
(DROPOFF TA_XJane37 XDavid0)
(WALK TA_XJane37 XDavid0 XDavid5)
(WALK TA_XJane37 XDavid5 XGwendolyn9)
(WALK TA_XJane37 XGwendolyn9 XYolanda12)
(WALK TA_XJane37 XYolanda12 XMichael14)
(WALK TA_XJane37 XMichael14 XBrandon19)
(WALK TA_XJane37 XBrandon19 XRebecca21)
(HOMESAFE TA_XJane37 Xrebecca21)
(DROPOFF TA_XDawn4 XDavid0)
(WALK TA_XDawn4 XDavid0 XDavid5)
(WALK TA_XDawn4 XDavid5 XGwendolyn9)
(WALK TA_XDawn4 XGwendolyn9 XYolanda12)
(WALK TA_XDawn4 XYolanda12 XMichael14)
(WALK TA_XDawn4 XMichael14 XBrandon19)
(WALK TA_XDawn4 XBrandon19 XSandra20)
(HOMESAFE TA_XDawn4 Xsandra20)
(DROPOFF TA_XHenry26 XDavid0)
(WALK TA_XHenry26 XDavid0 XDavid5)
(WALK TA_XHenry26 XDavid5 XGwendolyn9)
(WALK TA_XHenry26 XGwendolyn9 XYolanda12)
(WALK TA_XHenry26 XYolanda12 XMichael14)
(WALK TA_XHenry26 XMichael14 XDorothy15)
(WALK TA_XHenry26 XDorothy15 XKim16)
(WALK TA_XHenry26 XKim16 XDonald18)
(HOMESAFE TA_XHenry26 Xdonald18)
(DROPOFF TA_XPamela13 XDavid0)
(WALK TA_XPamela13 XDavid0 XDavid5)
(WALK TA_XPamela13 XDavid5 XGwendolyn9)
(WALK TA_XPamela13 XGwendolyn9 XYolanda12)
(WALK TA_XPamela13 XYolanda12 XMichael14)
(WALK TA_XPamela13 XMichael14 XDorothy15)
(WALK TA_XPamela13 XDorothy15 XKim16)
(WALK TA_XPamela13 XKim16 XJune17)
(HOMESAFE TA_XPamela13 Xjune17)
(DROPOFF TA_XMarvin27 XDavid0)
(WALK TA_XMarvin27 XDavid0 XDavid5)
(WALK TA_XMarvin27 XDavid5 XGwendolyn9)
(WALK TA_XMarvin27 XGwendolyn9 XYolanda12)
(WALK TA_XMarvin27 XYolanda12 XMichael14)
(WALK TA_XMarvin27 XMichael14 XBrandon19)
(WALK TA_XMarvin27 XBrandon19 XBree24)
(WALK TA_XMarvin27 XBree24 XRandy25)
(HOMESAFE TA_XMarvin27 Xrandy25)
(DROPOFF TA_XPaul11 XDavid0)
(WALK TA_XPaul11 XDavid0 XDavid5)
(WALK TA_XPaul11 XDavid5 XGwendolyn9)
(WALK TA_XPaul11 XGwendolyn9 XYolanda12)
(WALK TA_XPaul11 XYolanda12 XMichael14)
(WALK TA_XPaul11 XMichael14 XBrandon19)
(WALK TA_XPaul11 XBrandon19 XBree24)
(WALK TA_XPaul11 XBree24 XWillie28)
(WALK TA_XPaul11 XWillie28 XSuzanne29)
(HOMESAFE TA_XPaul11 Xsuzanne29)
(DROPOFF TA_XRuben30 XDavid0)
(WALK TA_XRuben30 XDavid0 XDavid5)
(WALK TA_XRuben30 XDavid5 XGwendolyn9)
(WALK TA_XRuben30 XGwendolyn9 XYolanda12)
(WALK TA_XRuben30 XYolanda12 XMichael14)
(WALK TA_XRuben30 XMichael14 XBrandon19)
(WALK TA_XRuben30 XBrandon19 XBree24)
(WALK TA_XRuben30 XBree24 XRandy25)
(WALK TA_XRuben30 XRandy25 XHenry26)
(HOMESAFE TA_XRuben30 Xhenry26)
(DROPOFF TA_XSuzanne29 XDavid0)
(WALK TA_XSuzanne29 XDavid0 XDavid5)
(WALK TA_XSuzanne29 XDavid5 XGwendolyn9)
(WALK TA_XSuzanne29 XGwendolyn9 XYolanda12)
(WALK TA_XSuzanne29 XYolanda12 XMichael14)
(WALK TA_XSuzanne29 XMichael14 XBrandon19)
(WALK TA_XSuzanne29 XBrandon19 XBree24)
(WALK TA_XSuzanne29 XBree24 XRandy25)
(WALK TA_XSuzanne29 XRandy25 XHenry26)
(WALK TA_XSuzanne29 XHenry26 XMarvin27)
(HOMESAFE TA_XSuzanne29 Xmarvin27)
(DROPOFF TA_XTami8 XDavid0)
(WALK TA_XTami8 XDavid0 XDavid5)
(WALK TA_XTami8 XDavid5 XGwendolyn9)
(WALK TA_XTami8 XGwendolyn9 XYolanda12)
(WALK TA_XTami8 XYolanda12 XMichael14)
(WALK TA_XTami8 XMichael14 XBrandon19)
(WALK TA_XTami8 XBrandon19 XBree24)
(WALK TA_XTami8 XBree24 XWillie28)
(WALK TA_XTami8 XWillie28 XSuzanne29)
(WALK TA_XTami8 XSuzanne29 XRuben30)
(HOMESAFE TA_XTami8 Xruben30)
(DROPOFF TA_XRandy25 XDavid0)
(WALK TA_XRandy25 XDavid0 XDavid5)
(WALK TA_XRandy25 XDavid5 XGwendolyn9)
(WALK TA_XRandy25 XGwendolyn9 XYolanda12)
(WALK TA_XRandy25 XYolanda12 XMichael14)
(WALK TA_XRandy25 XMichael14 XBrandon19)
(WALK TA_XRandy25 XBrandon19 XBree24)
(WALK TA_XRandy25 XBree24 XWillie28)
(WALK TA_XRandy25 XWillie28 XElizabeth31)
(WALK TA_XRandy25 XElizabeth31 XDonald32)
(HOMESAFE TA_XRandy25 Xdonald32)
(DROPOFF TA_XDale10 XDavid0)
(WALK TA_XDale10 XDavid0 XDavid5)
(WALK TA_XDale10 XDavid5 XGwendolyn9)
(WALK TA_XDale10 XGwendolyn9 XYolanda12)
(WALK TA_XDale10 XYolanda12 XMichael14)
(WALK TA_XDale10 XMichael14 XBrandon19)
(WALK TA_XDale10 XBrandon19 XBree24)
(WALK TA_XDale10 XBree24 XWillie28)
(WALK TA_XDale10 XWillie28 XElizabeth31)
(WALK TA_XDale10 XElizabeth31 XGladys33)
(WALK TA_XDale10 XGladys33 XHoward38)
(WALK TA_XDale10 XHoward38 XJanice39)
(HOMESAFE TA_XDale10 Xjanice39)
(DROPOFF TA_XRobin6 XDavid0)
(WALK TA_XRobin6 XDavid0 XDavid5)
(WALK TA_XRobin6 XDavid5 XGwendolyn9)
(WALK TA_XRobin6 XGwendolyn9 XYolanda12)
(WALK TA_XRobin6 XYolanda12 XMichael14)
(WALK TA_XRobin6 XMichael14 XBrandon19)
(WALK TA_XRobin6 XBrandon19 XBree24)
(WALK TA_XRobin6 XBree24 XWillie28)
(WALK TA_XRobin6 XWillie28 XElizabeth31)
(WALK TA_XRobin6 XElizabeth31 XGladys33)
(WALK TA_XRobin6 XGladys33 XJohn34)
(WALK TA_XRobin6 XJohn34 XLionel35)
(WALK TA_XRobin6 XLionel35 XJane37)
(HOMESAFE TA_XRobin6 Xjane37)
(DROPOFF TA_XRebecca21 XDavid0)
(WALK TA_XRebecca21 XDavid0 XDavid5)
(WALK TA_XRebecca21 XDavid5 XGwendolyn9)
(WALK TA_XRebecca21 XGwendolyn9 XYolanda12)
(WALK TA_XRebecca21 XYolanda12 XMichael14)
(WALK TA_XRebecca21 XMichael14 XBrandon19)
(WALK TA_XRebecca21 XBrandon19 XBree24)
(WALK TA_XRebecca21 XBree24 XWillie28)
(WALK TA_XRebecca21 XWillie28 XElizabeth31)
(WALK TA_XRebecca21 XElizabeth31 XGladys33)
(WALK TA_XRebecca21 XGladys33 XJohn34)
(WALK TA_XRebecca21 XJohn34 XLionel35)
(WALK TA_XRebecca21 XLionel35 XChristopher36)
(HOMESAFE TA_XRebecca21 Xchristopher36)
