(DROPOFF TA_XMark3 XJennifer0)
(WALK TA_XMark3 XJennifer0 XPatricia4)
(HOMESAFE TA_XMark3 Xpatricia4)
(DROPOFF TA_XDavid77 XJennifer0)
(WALK TA_XDavid77 XJennifer0 XLorraine1)
(HOMESAFE TA_XDavid77 Xlorraine1)
(DROPOFF TA_XJohn13 XJennifer0)
(WALK TA_XJohn13 XJennifer0 XJanet2)
(HOMESAFE TA_XJohn13 Xjanet2)
(DROPOFF TA_XSeptember67 XJennifer0)
(WALK TA_XSeptember67 XJennifer0 XMark3)
(HOMESAFE TA_XSeptember67 Xmark3)
(DROPOFF TA_XRobert59 XJennifer0)
(WALK TA_XRobert59 XJennifer0 XDorian5)
(WALK TA_XRobert59 XDorian5 XRobert6)
(HOMESAFE TA_XRobert59 Xrobert6)
(DROPOFF TA_XSteve75 XJennifer0)
(WALK TA_XSteve75 XJennifer0 XDorian5)
(WALK TA_XSteve75 XDorian5 XRobert6)
(WALK TA_XSteve75 XRobert6 XManuel7)
(HOMESAFE TA_XSteve75 Xmanuel7)
(DROPOFF TA_XDaniel20 XJennifer0)
(WALK TA_XDaniel20 XJennifer0 XDorian5)
(WALK TA_XDaniel20 XDorian5 XWilma9)
(WALK TA_XDaniel20 XWilma9 XGladys10)
(HOMESAFE TA_XDaniel20 Xgladys10)
(DROPOFF TA_XNorma25 XJennifer0)
(WALK TA_XNorma25 XJennifer0 XDorian5)
(WALK TA_XNorma25 XDorian5 XWilma9)
(WALK TA_XNorma25 XWilma9 XCharles12)
(WALK TA_XNorma25 XCharles12 XJohn13)
(HOMESAFE TA_XNorma25 Xjohn13)
(DROPOFF TA_XTony56 XJennifer0)
(WALK TA_XTony56 XJennifer0 XDorian5)
(WALK TA_XTony56 XDorian5 XWilma9)
(WALK TA_XTony56 XWilma9 XGladys10)
(WALK TA_XTony56 XGladys10 XGregory11)
(HOMESAFE TA_XTony56 Xgregory11)
(DROPOFF TA_XChristina26 XJennifer0)
(WALK TA_XChristina26 XJennifer0 XDorian5)
(WALK TA_XChristina26 XDorian5 XRobert6)
(WALK TA_XChristina26 XRobert6 XManuel7)
(WALK TA_XChristina26 XManuel7 XKathleen8)
(HOMESAFE TA_XChristina26 Xkathleen8)
(DROPOFF TA_XWilliam30 XJennifer0)
(WALK TA_XWilliam30 XJennifer0 XDorian5)
(WALK TA_XWilliam30 XDorian5 XWilma9)
(WALK TA_XWilliam30 XWilma9 XCharles12)
(WALK TA_XWilliam30 XCharles12 XEtha14)
(WALK TA_XWilliam30 XEtha14 XFred19)
(WALK TA_XWilliam30 XFred19 XWilliam23)
(HOMESAFE TA_XWilliam30 Xwilliam23)
(DROPOFF TA_XDouglas63 XJennifer0)
(WALK TA_XDouglas63 XJennifer0 XDorian5)
(WALK TA_XDouglas63 XDorian5 XWilma9)
(WALK TA_XDouglas63 XWilma9 XCharles12)
(WALK TA_XDouglas63 XCharles12 XEtha14)
(WALK TA_XDouglas63 XEtha14 XFred19)
(WALK TA_XDouglas63 XFred19 XJennifer21)
(HOMESAFE TA_XDouglas63 Xjennifer21)
(DROPOFF TA_XMichael61 XJennifer0)
(WALK TA_XMichael61 XJennifer0 XDorian5)
(WALK TA_XMichael61 XDorian5 XWilma9)
(WALK TA_XMichael61 XWilma9 XCharles12)
(WALK TA_XMichael61 XCharles12 XEtha14)
(WALK TA_XMichael61 XEtha14 XFred19)
(WALK TA_XMichael61 XFred19 XDoris22)
(HOMESAFE TA_XMichael61 Xdoris22)
(DROPOFF TA_XDoris22 XJennifer0)
(WALK TA_XDoris22 XJennifer0 XDorian5)
(WALK TA_XDoris22 XDorian5 XWilma9)
(WALK TA_XDoris22 XWilma9 XCharles12)
(WALK TA_XDoris22 XCharles12 XEtha14)
(WALK TA_XDoris22 XEtha14 XFred19)
(WALK TA_XDoris22 XFred19 XDaniel20)
(HOMESAFE TA_XDoris22 Xdaniel20)
(DROPOFF TA_XLorraine1 XJennifer0)
(WALK TA_XLorraine1 XJennifer0 XDorian5)
(WALK TA_XLorraine1 XDorian5 XWilma9)
(WALK TA_XLorraine1 XWilma9 XCharles12)
(WALK TA_XLorraine1 XCharles12 XEtha14)
(WALK TA_XLorraine1 XEtha14 XFred19)
(WALK TA_XLorraine1 XFred19 XJames24)
(WALK TA_XLorraine1 XJames24 XNorma25)
(HOMESAFE TA_XLorraine1 Xnorma25)
(DROPOFF TA_XJesus70 XJennifer0)
(WALK TA_XJesus70 XJennifer0 XDorian5)
(WALK TA_XJesus70 XDorian5 XWilma9)
(WALK TA_XJesus70 XWilma9 XCharles12)
(WALK TA_XJesus70 XCharles12 XEtha14)
(WALK TA_XJesus70 XEtha14 XDoris15)
(WALK TA_XJesus70 XDoris15 XLiza16)
(WALK TA_XJesus70 XLiza16 XWesley18)
(HOMESAFE TA_XJesus70 Xwesley18)
(DROPOFF TA_XWilliam23 XJennifer0)
(WALK TA_XWilliam23 XJennifer0 XDorian5)
(WALK TA_XWilliam23 XDorian5 XWilma9)
(WALK TA_XWilliam23 XWilma9 XCharles12)
(WALK TA_XWilliam23 XCharles12 XEtha14)
(WALK TA_XWilliam23 XEtha14 XDoris15)
(WALK TA_XWilliam23 XDoris15 XLiza16)
(WALK TA_XWilliam23 XLiza16 XNannie17)
(HOMESAFE TA_XWilliam23 Xnannie17)
(DROPOFF TA_XNadine27 XJennifer0)
(WALK TA_XNadine27 XJennifer0 XDorian5)
(WALK TA_XNadine27 XDorian5 XWilma9)
(WALK TA_XNadine27 XWilma9 XCharles12)
(WALK TA_XNadine27 XCharles12 XEtha14)
(WALK TA_XNadine27 XEtha14 XFred19)
(WALK TA_XNadine27 XFred19 XJames24)
(WALK TA_XNadine27 XJames24 XJason28)
(WALK TA_XNadine27 XJason28 XLonnie29)
(HOMESAFE TA_XNadine27 Xlonnie29)
(DROPOFF TA_XSonya64 XJennifer0)
(WALK TA_XSonya64 XJennifer0 XDorian5)
(WALK TA_XSonya64 XDorian5 XWilma9)
(WALK TA_XSonya64 XWilma9 XCharles12)
(WALK TA_XSonya64 XCharles12 XEtha14)
(WALK TA_XSonya64 XEtha14 XFred19)
(WALK TA_XSonya64 XFred19 XJames24)
(WALK TA_XSonya64 XJames24 XNorma25)
(WALK TA_XSonya64 XNorma25 XChristina26)
(HOMESAFE TA_XSonya64 Xchristina26)
(DROPOFF TA_XVirginia51 XJennifer0)
(WALK TA_XVirginia51 XJennifer0 XDorian5)
(WALK TA_XVirginia51 XDorian5 XWilma9)
(WALK TA_XVirginia51 XWilma9 XCharles12)
(WALK TA_XVirginia51 XCharles12 XEtha14)
(WALK TA_XVirginia51 XEtha14 XFred19)
(WALK TA_XVirginia51 XFred19 XJames24)
(WALK TA_XVirginia51 XJames24 XJason28)
(WALK TA_XVirginia51 XJason28 XDerick31)
(WALK TA_XVirginia51 XDerick31 XMona32)
(HOMESAFE TA_XVirginia51 Xmona32)
(DROPOFF TA_XRobbie78 XJennifer0)
(WALK TA_XRobbie78 XJennifer0 XDorian5)
(WALK TA_XRobbie78 XDorian5 XWilma9)
(WALK TA_XRobbie78 XWilma9 XCharles12)
(WALK TA_XRobbie78 XCharles12 XEtha14)
(WALK TA_XRobbie78 XEtha14 XFred19)
(WALK TA_XRobbie78 XFred19 XJames24)
(WALK TA_XRobbie78 XJames24 XNorma25)
(WALK TA_XRobbie78 XNorma25 XChristina26)
(WALK TA_XRobbie78 XChristina26 XNadine27)
(HOMESAFE TA_XRobbie78 Xnadine27)
(DROPOFF TA_XMichael42 XJennifer0)
(WALK TA_XMichael42 XJennifer0 XDorian5)
(WALK TA_XMichael42 XDorian5 XWilma9)
(WALK TA_XMichael42 XWilma9 XCharles12)
(WALK TA_XMichael42 XCharles12 XEtha14)
(WALK TA_XMichael42 XEtha14 XFred19)
(WALK TA_XMichael42 XFred19 XJames24)
(WALK TA_XMichael42 XJames24 XJason28)
(WALK TA_XMichael42 XJason28 XLonnie29)
(WALK TA_XMichael42 XLonnie29 XWilliam30)
(HOMESAFE TA_XMichael42 Xwilliam30)
(DROPOFF TA_XHector58 XJennifer0)
(WALK TA_XHector58 XJennifer0 XDorian5)
(WALK TA_XHector58 XDorian5 XWilma9)
(WALK TA_XHector58 XWilma9 XCharles12)
(WALK TA_XHector58 XCharles12 XEtha14)
(WALK TA_XHector58 XEtha14 XFred19)
(WALK TA_XHector58 XFred19 XJames24)
(WALK TA_XHector58 XJames24 XJason28)
(WALK TA_XHector58 XJason28 XDerick31)
(WALK TA_XHector58 XDerick31 XWillie33)
(WALK TA_XHector58 XWillie33 XAnnie38)
(WALK TA_XHector58 XAnnie38 XRobert39)
(HOMESAFE TA_XHector58 Xrobert39)
(DROPOFF TA_XWesley18 XJennifer0)
(WALK TA_XWesley18 XJennifer0 XDorian5)
(WALK TA_XWesley18 XDorian5 XWilma9)
(WALK TA_XWesley18 XWilma9 XCharles12)
(WALK TA_XWesley18 XCharles12 XEtha14)
(WALK TA_XWesley18 XEtha14 XFred19)
(WALK TA_XWesley18 XFred19 XJames24)
(WALK TA_XWesley18 XJames24 XJason28)
(WALK TA_XWesley18 XJason28 XDerick31)
(WALK TA_XWesley18 XDerick31 XWillie33)
(WALK TA_XWesley18 XWillie33 XAnnie38)
(WALK TA_XWesley18 XAnnie38 XGina41)
(HOMESAFE TA_XWesley18 Xgina41)
(DROPOFF TA_XLouis37 XJennifer0)
(WALK TA_XLouis37 XJennifer0 XDorian5)
(WALK TA_XLouis37 XDorian5 XWilma9)
(WALK TA_XLouis37 XWilma9 XCharles12)
(WALK TA_XLouis37 XCharles12 XEtha14)
(WALK TA_XLouis37 XEtha14 XFred19)
(WALK TA_XLouis37 XFred19 XJames24)
(WALK TA_XLouis37 XJames24 XJason28)
(WALK TA_XLouis37 XJason28 XDerick31)
(WALK TA_XLouis37 XDerick31 XWillie33)
(WALK TA_XLouis37 XWillie33 XAnnie38)
(WALK TA_XLouis37 XAnnie38 XMichael42)
(HOMESAFE TA_XLouis37 Xmichael42)
(DROPOFF TA_XJennifer21 XJennifer0)
(WALK TA_XJennifer21 XJennifer0 XDorian5)
(WALK TA_XJennifer21 XDorian5 XWilma9)
(WALK TA_XJennifer21 XWilma9 XCharles12)
(WALK TA_XJennifer21 XCharles12 XEtha14)
(WALK TA_XJennifer21 XEtha14 XFred19)
(WALK TA_XJennifer21 XFred19 XJames24)
(WALK TA_XJennifer21 XJames24 XJason28)
(WALK TA_XJennifer21 XJason28 XDerick31)
(WALK TA_XJennifer21 XDerick31 XWillie33)
(WALK TA_XJennifer21 XWillie33 XAnnie38)
(WALK TA_XJennifer21 XAnnie38 XTony40)
(HOMESAFE TA_XJennifer21 Xtony40)
(DROPOFF TA_XEdna48 XJennifer0)
(WALK TA_XEdna48 XJennifer0 XDorian5)
(WALK TA_XEdna48 XDorian5 XWilma9)
(WALK TA_XEdna48 XWilma9 XCharles12)
(WALK TA_XEdna48 XCharles12 XEtha14)
(WALK TA_XEdna48 XEtha14 XFred19)
(WALK TA_XEdna48 XFred19 XJames24)
(WALK TA_XEdna48 XJames24 XJason28)
(WALK TA_XEdna48 XJason28 XDerick31)
(WALK TA_XEdna48 XDerick31 XWillie33)
(WALK TA_XEdna48 XWillie33 XAnnie38)
(WALK TA_XEdna48 XAnnie38 XTyrone43)
(WALK TA_XEdna48 XTyrone43 XCindy44)
(HOMESAFE TA_XEdna48 Xcindy44)
(DROPOFF TA_XDana49 XJennifer0)
(WALK TA_XDana49 XJennifer0 XDorian5)
(WALK TA_XDana49 XDorian5 XWilma9)
(WALK TA_XDana49 XWilma9 XCharles12)
(WALK TA_XDana49 XCharles12 XEtha14)
(WALK TA_XDana49 XEtha14 XFred19)
(WALK TA_XDana49 XFred19 XJames24)
(WALK TA_XDana49 XJames24 XJason28)
(WALK TA_XDana49 XJason28 XDerick31)
(WALK TA_XDana49 XDerick31 XWillie33)
(WALK TA_XDana49 XWillie33 XRuby34)
(WALK TA_XDana49 XRuby34 XDrew35)
(WALK TA_XDana49 XDrew35 XLouis37)
(HOMESAFE TA_XDana49 Xlouis37)
(DROPOFF TA_XTony40 XJennifer0)
(WALK TA_XTony40 XJennifer0 XDorian5)
(WALK TA_XTony40 XDorian5 XWilma9)
(WALK TA_XTony40 XWilma9 XCharles12)
(WALK TA_XTony40 XCharles12 XEtha14)
(WALK TA_XTony40 XEtha14 XFred19)
(WALK TA_XTony40 XFred19 XJames24)
(WALK TA_XTony40 XJames24 XJason28)
(WALK TA_XTony40 XJason28 XDerick31)
(WALK TA_XTony40 XDerick31 XWillie33)
(WALK TA_XTony40 XWillie33 XRuby34)
(WALK TA_XTony40 XRuby34 XDrew35)
(WALK TA_XTony40 XDrew35 XCharles36)
(HOMESAFE TA_XTony40 Xcharles36)
(DROPOFF TA_XArmando68 XJennifer0)
(WALK TA_XArmando68 XJennifer0 XDorian5)
(WALK TA_XArmando68 XDorian5 XWilma9)
(WALK TA_XArmando68 XWilma9 XCharles12)
(WALK TA_XArmando68 XCharles12 XEtha14)
(WALK TA_XArmando68 XEtha14 XFred19)
(WALK TA_XArmando68 XFred19 XJames24)
(WALK TA_XArmando68 XJames24 XJason28)
(WALK TA_XArmando68 XJason28 XDerick31)
(WALK TA_XArmando68 XDerick31 XWillie33)
(WALK TA_XArmando68 XWillie33 XAnnie38)
(WALK TA_XArmando68 XAnnie38 XTyrone43)
(WALK TA_XArmando68 XTyrone43 XCindy44)
(WALK TA_XArmando68 XCindy44 XJohn45)
(HOMESAFE TA_XArmando68 Xjohn45)
(DROPOFF TA_XAngela65 XJennifer0)
(WALK TA_XAngela65 XJennifer0 XDorian5)
(WALK TA_XAngela65 XDorian5 XWilma9)
(WALK TA_XAngela65 XWilma9 XCharles12)
(WALK TA_XAngela65 XCharles12 XEtha14)
(WALK TA_XAngela65 XEtha14 XFred19)
(WALK TA_XAngela65 XFred19 XJames24)
(WALK TA_XAngela65 XJames24 XJason28)
(WALK TA_XAngela65 XJason28 XDerick31)
(WALK TA_XAngela65 XDerick31 XWillie33)
(WALK TA_XAngela65 XWillie33 XAnnie38)
(WALK TA_XAngela65 XAnnie38 XTyrone43)
(WALK TA_XAngela65 XTyrone43 XEmma47)
(WALK TA_XAngela65 XEmma47 XEdna48)
(HOMESAFE TA_XAngela65 Xedna48)
(DROPOFF TA_XKathleen8 XJennifer0)
(WALK TA_XKathleen8 XJennifer0 XDorian5)
(WALK TA_XKathleen8 XDorian5 XWilma9)
(WALK TA_XKathleen8 XWilma9 XCharles12)
(WALK TA_XKathleen8 XCharles12 XEtha14)
(WALK TA_XKathleen8 XEtha14 XFred19)
(WALK TA_XKathleen8 XFred19 XJames24)
(WALK TA_XKathleen8 XJames24 XJason28)
(WALK TA_XKathleen8 XJason28 XDerick31)
(WALK TA_XKathleen8 XDerick31 XWillie33)
(WALK TA_XKathleen8 XWillie33 XAnnie38)
(WALK TA_XKathleen8 XAnnie38 XTyrone43)
(WALK TA_XKathleen8 XTyrone43 XCindy44)
(WALK TA_XKathleen8 XCindy44 XJohn45)
(WALK TA_XKathleen8 XJohn45 XMabel46)
(HOMESAFE TA_XKathleen8 Xmabel46)
(DROPOFF TA_XGina41 XJennifer0)
(WALK TA_XGina41 XJennifer0 XDorian5)
(WALK TA_XGina41 XDorian5 XWilma9)
(WALK TA_XGina41 XWilma9 XCharles12)
(WALK TA_XGina41 XCharles12 XEtha14)
(WALK TA_XGina41 XEtha14 XFred19)
(WALK TA_XGina41 XFred19 XJames24)
(WALK TA_XGina41 XJames24 XJason28)
(WALK TA_XGina41 XJason28 XDerick31)
(WALK TA_XGina41 XDerick31 XWillie33)
(WALK TA_XGina41 XWillie33 XAnnie38)
(WALK TA_XGina41 XAnnie38 XTyrone43)
(WALK TA_XGina41 XTyrone43 XEmma47)
(WALK TA_XGina41 XEmma47 XEdna48)
(WALK TA_XGina41 XEdna48 XDana49)
(HOMESAFE TA_XGina41 Xdana49)
(DROPOFF TA_XLonnie29 XJennifer0)
(WALK TA_XLonnie29 XJennifer0 XDorian5)
(WALK TA_XLonnie29 XDorian5 XWilma9)
(WALK TA_XLonnie29 XWilma9 XCharles12)
(WALK TA_XLonnie29 XCharles12 XEtha14)
(WALK TA_XLonnie29 XEtha14 XFred19)
(WALK TA_XLonnie29 XFred19 XJames24)
(WALK TA_XLonnie29 XJames24 XJason28)
(WALK TA_XLonnie29 XJason28 XDerick31)
(WALK TA_XLonnie29 XDerick31 XWillie33)
(WALK TA_XLonnie29 XWillie33 XAnnie38)
(WALK TA_XLonnie29 XAnnie38 XTyrone43)
(WALK TA_XLonnie29 XTyrone43 XEmma47)
(WALK TA_XLonnie29 XEmma47 XRuth50)
(WALK TA_XLonnie29 XRuth50 XVirginia51)
(HOMESAFE TA_XLonnie29 Xvirginia51)
(DROPOFF TA_XRichard74 XJennifer0)
(WALK TA_XRichard74 XJennifer0 XDorian5)
(WALK TA_XRichard74 XDorian5 XWilma9)
(WALK TA_XRichard74 XWilma9 XCharles12)
(WALK TA_XRichard74 XCharles12 XEtha14)
(WALK TA_XRichard74 XEtha14 XFred19)
(WALK TA_XRichard74 XFred19 XJames24)
(WALK TA_XRichard74 XJames24 XJason28)
(WALK TA_XRichard74 XJason28 XDerick31)
(WALK TA_XRichard74 XDerick31 XWillie33)
(WALK TA_XRichard74 XWillie33 XAnnie38)
(WALK TA_XRichard74 XAnnie38 XTyrone43)
(WALK TA_XRichard74 XTyrone43 XEmma47)
(WALK TA_XRichard74 XEmma47 XRuth50)
(WALK TA_XRichard74 XRuth50 XWilma52)
(WALK TA_XRichard74 XWilma52 XMiriam57)
(WALK TA_XRichard74 XMiriam57 XNatalie60)
(HOMESAFE TA_XRichard74 Xnatalie60)
(DROPOFF TA_XCharles36 XJennifer0)
(WALK TA_XCharles36 XJennifer0 XDorian5)
(WALK TA_XCharles36 XDorian5 XWilma9)
(WALK TA_XCharles36 XWilma9 XCharles12)
(WALK TA_XCharles36 XCharles12 XEtha14)
(WALK TA_XCharles36 XEtha14 XFred19)
(WALK TA_XCharles36 XFred19 XJames24)
(WALK TA_XCharles36 XJames24 XJason28)
(WALK TA_XCharles36 XJason28 XDerick31)
(WALK TA_XCharles36 XDerick31 XWillie33)
(WALK TA_XCharles36 XWillie33 XAnnie38)
(WALK TA_XCharles36 XAnnie38 XTyrone43)
(WALK TA_XCharles36 XTyrone43 XEmma47)
(WALK TA_XCharles36 XEmma47 XRuth50)
(WALK TA_XCharles36 XRuth50 XWilma52)
(WALK TA_XCharles36 XWilma52 XMiriam57)
(WALK TA_XCharles36 XMiriam57 XRobert59)
(HOMESAFE TA_XCharles36 Xrobert59)
(DROPOFF TA_XNannie17 XJennifer0)
(WALK TA_XNannie17 XJennifer0 XDorian5)
(WALK TA_XNannie17 XDorian5 XWilma9)
(WALK TA_XNannie17 XWilma9 XCharles12)
(WALK TA_XNannie17 XCharles12 XEtha14)
(WALK TA_XNannie17 XEtha14 XFred19)
(WALK TA_XNannie17 XFred19 XJames24)
(WALK TA_XNannie17 XJames24 XJason28)
(WALK TA_XNannie17 XJason28 XDerick31)
(WALK TA_XNannie17 XDerick31 XWillie33)
(WALK TA_XNannie17 XWillie33 XAnnie38)
(WALK TA_XNannie17 XAnnie38 XTyrone43)
(WALK TA_XNannie17 XTyrone43 XEmma47)
(WALK TA_XNannie17 XEmma47 XRuth50)
(WALK TA_XNannie17 XRuth50 XWilma52)
(WALK TA_XNannie17 XWilma52 XMiriam57)
(WALK TA_XNannie17 XMiriam57 XHector58)
(HOMESAFE TA_XNannie17 Xhector58)
(DROPOFF TA_XManuel7 XJennifer0)
(WALK TA_XManuel7 XJennifer0 XDorian5)
(WALK TA_XManuel7 XDorian5 XWilma9)
(WALK TA_XManuel7 XWilma9 XCharles12)
(WALK TA_XManuel7 XCharles12 XEtha14)
(WALK TA_XManuel7 XEtha14 XFred19)
(WALK TA_XManuel7 XFred19 XJames24)
(WALK TA_XManuel7 XJames24 XJason28)
(WALK TA_XManuel7 XJason28 XDerick31)
(WALK TA_XManuel7 XDerick31 XWillie33)
(WALK TA_XManuel7 XWillie33 XAnnie38)
(WALK TA_XManuel7 XAnnie38 XTyrone43)
(WALK TA_XManuel7 XTyrone43 XEmma47)
(WALK TA_XManuel7 XEmma47 XRuth50)
(WALK TA_XManuel7 XRuth50 XWilma52)
(WALK TA_XManuel7 XWilma52 XMiriam57)
(WALK TA_XManuel7 XMiriam57 XMichael61)
(HOMESAFE TA_XManuel7 Xmichael61)
(DROPOFF TA_XPatricia4 XJennifer0)
(WALK TA_XPatricia4 XJennifer0 XDorian5)
(WALK TA_XPatricia4 XDorian5 XWilma9)
(WALK TA_XPatricia4 XWilma9 XCharles12)
(WALK TA_XPatricia4 XCharles12 XEtha14)
(WALK TA_XPatricia4 XEtha14 XFred19)
(WALK TA_XPatricia4 XFred19 XJames24)
(WALK TA_XPatricia4 XJames24 XJason28)
(WALK TA_XPatricia4 XJason28 XDerick31)
(WALK TA_XPatricia4 XDerick31 XWillie33)
(WALK TA_XPatricia4 XWillie33 XAnnie38)
(WALK TA_XPatricia4 XAnnie38 XTyrone43)
(WALK TA_XPatricia4 XTyrone43 XEmma47)
(WALK TA_XPatricia4 XEmma47 XRuth50)
(WALK TA_XPatricia4 XRuth50 XWilma52)
(WALK TA_XPatricia4 XWilma52 XMiriam57)
(WALK TA_XPatricia4 XMiriam57 XRichard62)
(WALK TA_XPatricia4 XRichard62 XDouglas63)
(HOMESAFE TA_XPatricia4 Xdouglas63)
(DROPOFF TA_XJames55 XJennifer0)
(WALK TA_XJames55 XJennifer0 XDorian5)
(WALK TA_XJames55 XDorian5 XWilma9)
(WALK TA_XJames55 XWilma9 XCharles12)
(WALK TA_XJames55 XCharles12 XEtha14)
(WALK TA_XJames55 XEtha14 XFred19)
(WALK TA_XJames55 XFred19 XJames24)
(WALK TA_XJames55 XJames24 XJason28)
(WALK TA_XJames55 XJason28 XDerick31)
(WALK TA_XJames55 XDerick31 XWillie33)
(WALK TA_XJames55 XWillie33 XAnnie38)
(WALK TA_XJames55 XAnnie38 XTyrone43)
(WALK TA_XJames55 XTyrone43 XEmma47)
(WALK TA_XJames55 XEmma47 XRuth50)
(WALK TA_XJames55 XRuth50 XWilma52)
(WALK TA_XJames55 XWilma52 XDavid53)
(WALK TA_XJames55 XDavid53 XIda54)
(WALK TA_XJames55 XIda54 XTony56)
(HOMESAFE TA_XJames55 Xtony56)
(DROPOFF TA_XRobert6 XJennifer0)
(WALK TA_XRobert6 XJennifer0 XDorian5)
(WALK TA_XRobert6 XDorian5 XWilma9)
(WALK TA_XRobert6 XWilma9 XCharles12)
(WALK TA_XRobert6 XCharles12 XEtha14)
(WALK TA_XRobert6 XEtha14 XFred19)
(WALK TA_XRobert6 XFred19 XJames24)
(WALK TA_XRobert6 XJames24 XJason28)
(WALK TA_XRobert6 XJason28 XDerick31)
(WALK TA_XRobert6 XDerick31 XWillie33)
(WALK TA_XRobert6 XWillie33 XAnnie38)
(WALK TA_XRobert6 XAnnie38 XTyrone43)
(WALK TA_XRobert6 XTyrone43 XEmma47)
(WALK TA_XRobert6 XEmma47 XRuth50)
(WALK TA_XRobert6 XRuth50 XWilma52)
(WALK TA_XRobert6 XWilma52 XDavid53)
(WALK TA_XRobert6 XDavid53 XIda54)
(WALK TA_XRobert6 XIda54 XJames55)
(HOMESAFE TA_XRobert6 Xjames55)
(DROPOFF TA_XMabel46 XJennifer0)
(WALK TA_XMabel46 XJennifer0 XDorian5)
(WALK TA_XMabel46 XDorian5 XWilma9)
(WALK TA_XMabel46 XWilma9 XCharles12)
(WALK TA_XMabel46 XCharles12 XEtha14)
(WALK TA_XMabel46 XEtha14 XFred19)
(WALK TA_XMabel46 XFred19 XJames24)
(WALK TA_XMabel46 XJames24 XJason28)
(WALK TA_XMabel46 XJason28 XDerick31)
(WALK TA_XMabel46 XDerick31 XWillie33)
(WALK TA_XMabel46 XWillie33 XAnnie38)
(WALK TA_XMabel46 XAnnie38 XTyrone43)
(WALK TA_XMabel46 XTyrone43 XEmma47)
(WALK TA_XMabel46 XEmma47 XRuth50)
(WALK TA_XMabel46 XRuth50 XWilma52)
(WALK TA_XMabel46 XWilma52 XMiriam57)
(WALK TA_XMabel46 XMiriam57 XRichard62)
(WALK TA_XMabel46 XRichard62 XLaura66)
(WALK TA_XMabel46 XLaura66 XSeptember67)
(HOMESAFE TA_XMabel46 Xseptember67)
(DROPOFF TA_XRobert39 XJennifer0)
(WALK TA_XRobert39 XJennifer0 XDorian5)
(WALK TA_XRobert39 XDorian5 XWilma9)
(WALK TA_XRobert39 XWilma9 XCharles12)
(WALK TA_XRobert39 XCharles12 XEtha14)
(WALK TA_XRobert39 XEtha14 XFred19)
(WALK TA_XRobert39 XFred19 XJames24)
(WALK TA_XRobert39 XJames24 XJason28)
(WALK TA_XRobert39 XJason28 XDerick31)
(WALK TA_XRobert39 XDerick31 XWillie33)
(WALK TA_XRobert39 XWillie33 XAnnie38)
(WALK TA_XRobert39 XAnnie38 XTyrone43)
(WALK TA_XRobert39 XTyrone43 XEmma47)
(WALK TA_XRobert39 XEmma47 XRuth50)
(WALK TA_XRobert39 XRuth50 XWilma52)
(WALK TA_XRobert39 XWilma52 XMiriam57)
(WALK TA_XRobert39 XMiriam57 XRichard62)
(WALK TA_XRobert39 XRichard62 XDouglas63)
(WALK TA_XRobert39 XDouglas63 XSonya64)
(HOMESAFE TA_XRobert39 Xsonya64)
(DROPOFF TA_XJanet2 XJennifer0)
(WALK TA_XJanet2 XJennifer0 XDorian5)
(WALK TA_XJanet2 XDorian5 XWilma9)
(WALK TA_XJanet2 XWilma9 XCharles12)
(WALK TA_XJanet2 XCharles12 XEtha14)
(WALK TA_XJanet2 XEtha14 XFred19)
(WALK TA_XJanet2 XFred19 XJames24)
(WALK TA_XJanet2 XJames24 XJason28)
(WALK TA_XJanet2 XJason28 XDerick31)
(WALK TA_XJanet2 XDerick31 XWillie33)
(WALK TA_XJanet2 XWillie33 XAnnie38)
(WALK TA_XJanet2 XAnnie38 XTyrone43)
(WALK TA_XJanet2 XTyrone43 XEmma47)
(WALK TA_XJanet2 XEmma47 XRuth50)
(WALK TA_XJanet2 XRuth50 XWilma52)
(WALK TA_XJanet2 XWilma52 XMiriam57)
(WALK TA_XJanet2 XMiriam57 XRichard62)
(WALK TA_XJanet2 XRichard62 XLaura66)
(WALK TA_XJanet2 XLaura66 XJames69)
(WALK TA_XJanet2 XJames69 XJesus70)
(HOMESAFE TA_XJanet2 Xjesus70)
(DROPOFF TA_XNatalie60 XJennifer0)
(WALK TA_XNatalie60 XJennifer0 XDorian5)
(WALK TA_XNatalie60 XDorian5 XWilma9)
(WALK TA_XNatalie60 XWilma9 XCharles12)
(WALK TA_XNatalie60 XCharles12 XEtha14)
(WALK TA_XNatalie60 XEtha14 XFred19)
(WALK TA_XNatalie60 XFred19 XJames24)
(WALK TA_XNatalie60 XJames24 XJason28)
(WALK TA_XNatalie60 XJason28 XDerick31)
(WALK TA_XNatalie60 XDerick31 XWillie33)
(WALK TA_XNatalie60 XWillie33 XAnnie38)
(WALK TA_XNatalie60 XAnnie38 XTyrone43)
(WALK TA_XNatalie60 XTyrone43 XEmma47)
(WALK TA_XNatalie60 XEmma47 XRuth50)
(WALK TA_XNatalie60 XRuth50 XWilma52)
(WALK TA_XNatalie60 XWilma52 XMiriam57)
(WALK TA_XNatalie60 XMiriam57 XRichard62)
(WALK TA_XNatalie60 XRichard62 XLaura66)
(WALK TA_XNatalie60 XLaura66 XSeptember67)
(WALK TA_XNatalie60 XSeptember67 XArmando68)
(HOMESAFE TA_XNatalie60 Xarmando68)
(DROPOFF TA_XCindy44 XJennifer0)
(WALK TA_XCindy44 XJennifer0 XDorian5)
(WALK TA_XCindy44 XDorian5 XWilma9)
(WALK TA_XCindy44 XWilma9 XCharles12)
(WALK TA_XCindy44 XCharles12 XEtha14)
(WALK TA_XCindy44 XEtha14 XFred19)
(WALK TA_XCindy44 XFred19 XJames24)
(WALK TA_XCindy44 XJames24 XJason28)
(WALK TA_XCindy44 XJason28 XDerick31)
(WALK TA_XCindy44 XDerick31 XWillie33)
(WALK TA_XCindy44 XWillie33 XAnnie38)
(WALK TA_XCindy44 XAnnie38 XTyrone43)
(WALK TA_XCindy44 XTyrone43 XEmma47)
(WALK TA_XCindy44 XEmma47 XRuth50)
(WALK TA_XCindy44 XRuth50 XWilma52)
(WALK TA_XCindy44 XWilma52 XMiriam57)
(WALK TA_XCindy44 XMiriam57 XRichard62)
(WALK TA_XCindy44 XRichard62 XDouglas63)
(WALK TA_XCindy44 XDouglas63 XSonya64)
(WALK TA_XCindy44 XSonya64 XAngela65)
(HOMESAFE TA_XCindy44 Xangela65)
(DROPOFF TA_XMona32 XJennifer0)
(WALK TA_XMona32 XJennifer0 XDorian5)
(WALK TA_XMona32 XDorian5 XWilma9)
(WALK TA_XMona32 XWilma9 XCharles12)
(WALK TA_XMona32 XCharles12 XEtha14)
(WALK TA_XMona32 XEtha14 XFred19)
(WALK TA_XMona32 XFred19 XJames24)
(WALK TA_XMona32 XJames24 XJason28)
(WALK TA_XMona32 XJason28 XDerick31)
(WALK TA_XMona32 XDerick31 XWillie33)
(WALK TA_XMona32 XWillie33 XAnnie38)
(WALK TA_XMona32 XAnnie38 XTyrone43)
(WALK TA_XMona32 XTyrone43 XEmma47)
(WALK TA_XMona32 XEmma47 XRuth50)
(WALK TA_XMona32 XRuth50 XWilma52)
(WALK TA_XMona32 XWilma52 XMiriam57)
(WALK TA_XMona32 XMiriam57 XRichard62)
(WALK TA_XMona32 XRichard62 XLaura66)
(WALK TA_XMona32 XLaura66 XJames69)
(WALK TA_XMona32 XJames69 XDeena71)
(WALK TA_XMona32 XDeena71 XCarolyn76)
(WALK TA_XMona32 XCarolyn76 XRobbie78)
(HOMESAFE TA_XMona32 Xrobbie78)
(DROPOFF TA_XGladys10 XJennifer0)
(WALK TA_XGladys10 XJennifer0 XDorian5)
(WALK TA_XGladys10 XDorian5 XWilma9)
(WALK TA_XGladys10 XWilma9 XCharles12)
(WALK TA_XGladys10 XCharles12 XEtha14)
(WALK TA_XGladys10 XEtha14 XFred19)
(WALK TA_XGladys10 XFred19 XJames24)
(WALK TA_XGladys10 XJames24 XJason28)
(WALK TA_XGladys10 XJason28 XDerick31)
(WALK TA_XGladys10 XDerick31 XWillie33)
(WALK TA_XGladys10 XWillie33 XAnnie38)
(WALK TA_XGladys10 XAnnie38 XTyrone43)
(WALK TA_XGladys10 XTyrone43 XEmma47)
(WALK TA_XGladys10 XEmma47 XRuth50)
(WALK TA_XGladys10 XRuth50 XWilma52)
(WALK TA_XGladys10 XWilma52 XMiriam57)
(WALK TA_XGladys10 XMiriam57 XRichard62)
(WALK TA_XGladys10 XRichard62 XLaura66)
(WALK TA_XGladys10 XLaura66 XJames69)
(WALK TA_XGladys10 XJames69 XDeena71)
(WALK TA_XGladys10 XDeena71 XCarolyn76)
(WALK TA_XGladys10 XCarolyn76 XDavid77)
(HOMESAFE TA_XGladys10 Xdavid77)
(DROPOFF TA_XGregory11 XJennifer0)
(WALK TA_XGregory11 XJennifer0 XDorian5)
(WALK TA_XGregory11 XDorian5 XWilma9)
(WALK TA_XGregory11 XWilma9 XCharles12)
(WALK TA_XGregory11 XCharles12 XEtha14)
(WALK TA_XGregory11 XEtha14 XFred19)
(WALK TA_XGregory11 XFred19 XJames24)
(WALK TA_XGregory11 XJames24 XJason28)
(WALK TA_XGregory11 XJason28 XDerick31)
(WALK TA_XGregory11 XDerick31 XWillie33)
(WALK TA_XGregory11 XWillie33 XAnnie38)
(WALK TA_XGregory11 XAnnie38 XTyrone43)
(WALK TA_XGregory11 XTyrone43 XEmma47)
(WALK TA_XGregory11 XEmma47 XRuth50)
(WALK TA_XGregory11 XRuth50 XWilma52)
(WALK TA_XGregory11 XWilma52 XMiriam57)
(WALK TA_XGregory11 XMiriam57 XRichard62)
(WALK TA_XGregory11 XRichard62 XLaura66)
(WALK TA_XGregory11 XLaura66 XJames69)
(WALK TA_XGregory11 XJames69 XDeena71)
(WALK TA_XGregory11 XDeena71 XWilliam72)
(WALK TA_XGregory11 XWilliam72 XDavid73)
(WALK TA_XGregory11 XDavid73 XSteve75)
(HOMESAFE TA_XGregory11 Xsteve75)
(DROPOFF TA_XJohn45 XJennifer0)
(WALK TA_XJohn45 XJennifer0 XDorian5)
(WALK TA_XJohn45 XDorian5 XWilma9)
(WALK TA_XJohn45 XWilma9 XCharles12)
(WALK TA_XJohn45 XCharles12 XEtha14)
(WALK TA_XJohn45 XEtha14 XFred19)
(WALK TA_XJohn45 XFred19 XJames24)
(WALK TA_XJohn45 XJames24 XJason28)
(WALK TA_XJohn45 XJason28 XDerick31)
(WALK TA_XJohn45 XDerick31 XWillie33)
(WALK TA_XJohn45 XWillie33 XAnnie38)
(WALK TA_XJohn45 XAnnie38 XTyrone43)
(WALK TA_XJohn45 XTyrone43 XEmma47)
(WALK TA_XJohn45 XEmma47 XRuth50)
(WALK TA_XJohn45 XRuth50 XWilma52)
(WALK TA_XJohn45 XWilma52 XMiriam57)
(WALK TA_XJohn45 XMiriam57 XRichard62)
(WALK TA_XJohn45 XRichard62 XLaura66)
(WALK TA_XJohn45 XLaura66 XJames69)
(WALK TA_XJohn45 XJames69 XDeena71)
(WALK TA_XJohn45 XDeena71 XWilliam72)
(WALK TA_XJohn45 XWilliam72 XDavid73)
(WALK TA_XJohn45 XDavid73 XRichard74)
(HOMESAFE TA_XJohn45 Xrichard74)
