(DROPOFF TA_XB XA)
(WALK TA_XB XA XP)
(HOMESAFE TA_XB XP)
(DROPOFF TA_XE XA)
(WALK TA_XE XA XM)
(HOMESAFE TA_XE XM)
(DROPOFF TA_XT XA)
(WALK TA_XT XA XK)
(HOMESAFE TA_XT XK)
(DROPOFF TA_XM XA)
(WALK TA_XM XA XF)
(HOMESAFE TA_XM XF)
(DROPOFF TA_XN XA)
(WALK TA_XN XA XZ)
(WALK TA_XN XZ XL)
(HOMESAFE TA_XN XL)
(DROPOFF TA_XD XA)
(WALK TA_XD XA XW)
(WALK TA_XD XW XN)
(HOMESAFE TA_XD XN)
(DROPOFF TA_XK XA)
(WALK TA_XK XA XK)
(WALK TA_XK XK XT)
(HOMESAFE TA_XK XT)
(DROPOFF TA_XY XA)
(WALK TA_XY XA XP)
(WALK TA_XY XP XE)
(HOMESAFE TA_XY XE)
(DROPOFF TA_XS XA)
(WALK TA_XS XA XK)
(WALK TA_XS XK XS)
(HOMESAFE TA_XS XS)
(DROPOFF TA_XH XA)
(WALK TA_XH XA XP)
(WALK TA_XH XP XG)
(HOMESAFE TA_XH XG)
(DROPOFF TA_XP XA)
(WALK TA_XP XA XK)
(WALK TA_XP XK XJ)
(HOMESAFE TA_XP XJ)
(DROPOFF TA_XG XA)
(WALK TA_XG XA XC)
(WALK TA_XG XC XD)
(HOMESAFE TA_XG XD)
(DROPOFF TA_XJ XA)
(WALK TA_XJ XA XU)
(WALK TA_XJ XU XB)
(HOMESAFE TA_XJ XB)
(DROPOFF TA_XL XA)
(WALK TA_XL XA XZ)
(WALK TA_XL XZ XY)
(HOMESAFE TA_XL XY)
(DROPOFF TA_XI XA)
(WALK TA_XI XA XP)
(WALK TA_XI XP XH)
(HOMESAFE TA_XI XH)
(DROPOFF TA_XF XA)
(WALK TA_XF XA XW)
(WALK TA_XF XW XI)
(HOMESAFE TA_XF XI)
