(DRIVE Xy1ueyuwp Xsvhmnjst1e)
(DRIVE Xsvhmnjst1e Xjjeivv4j55)
(DROPOFF TA_X7og7qr4t86 Xjjeivv4j55)
(HOMESAFE TA_X7og7qr4t86 Xjjeivv4j55)
(DRIVE Xjjeivv4j55 Xf3vyq53xc)
(DROPOFF TA_X3hlob94j5u Xf3vyq53xc)
(HOMESAFE TA_X3hlob94j5u Xf3vyq53xc)
(DRIVE Xf3vyq53xc Xywksl5wd)
(DROPOFF TA_X8cfvpx26xwcwt Xywksl5wd)
(HOMESAFE TA_X8cfvpx26xwcwt Xywksl5wd)
(DRIVE Xywksl5wd Xsvhmnjst1e)
(DRIVE Xsvhmnjst1e Xjjeivv4j55)
(DRIVE Xjjeivv4j55 Xvehkyi71w)
(DROPOFF TA_Xsvhmnjst1e Xvehkyi71w)
(HOMESAFE TA_Xsvhmnjst1e Xvehkyi71w)
(DRIVE Xvehkyi71w Xq847myi)
(DROPOFF TA_X4cddmu86gmo Xq847myi)
(HOMESAFE TA_X4cddmu86gmo Xq847myi)
(DRIVE Xq847myi Xqde64o9i3e)
(DRIVE Xqde64o9i3e X2y9obuu)
(DROPOFF TA_X9956fi X2y9obuu)
(HOMESAFE TA_X9956fi X2y9obuu)
(DRIVE X2y9obuu Xoyoi4md61)
(DRIVE Xoyoi4md61 Xf3vyq53xc)
(DRIVE Xf3vyq53xc Xsvhmnjst1e)
(DROPOFF TA_Xu4xzrfm7f Xsvhmnjst1e)
(HOMESAFE TA_Xu4xzrfm7f Xsvhmnjst1e)
(DRIVE Xsvhmnjst1e Xywksl5wd)
(DRIVE Xywksl5wd Xyida2btlrgcd2it)
(DROPOFF TA_Xkab7t8o7qjj Xyida2btlrgcd2it)
(HOMESAFE TA_Xkab7t8o7qjj Xyida2btlrgcd2it)
(DRIVE Xyida2btlrgcd2it Xywksl5wd)
(DRIVE Xywksl5wd Xf3vyq53xc)
(DRIVE Xf3vyq53xc Xoyoi4md61)
(DRIVE Xoyoi4md61 Xvehkyi71w)
(DRIVE Xvehkyi71w Xz3qc9ub)
(DRIVE Xz3qc9ub Xj2pso94)
(DROPOFF TA_Xuus7jirbe Xj2pso94)
(HOMESAFE TA_Xuus7jirbe Xj2pso94)
(DRIVE Xj2pso94 Xw4qoh15)
(DRIVE Xw4qoh15 Xjjeivv4j55)
(DRIVE Xjjeivv4j55 X95nsenz6)
(DROPOFF TA_Xvnsdusp X95nsenz6)
(HOMESAFE TA_Xvnsdusp X95nsenz6)
(DRIVE X95nsenz6 X2y9obuu)
(DRIVE X2y9obuu X38s4jyp4eu)
(DROPOFF TA_Xswoprer X38s4jyp4eu)
(HOMESAFE TA_Xswoprer X38s4jyp4eu)
(DRIVE X38s4jyp4eu X2y9obuu)
(DRIVE X2y9obuu Xrkd38ui5s4)
(DROPOFF TA_Xj2pso94 Xrkd38ui5s4)
(HOMESAFE TA_Xj2pso94 Xrkd38ui5s4)
(DRIVE Xrkd38ui5s4 Xp53u2x9bku99j)
(DROPOFF TA_Xumnww3 Xp53u2x9bku99j)
(HOMESAFE TA_Xumnww3 Xp53u2x9bku99j)
(DRIVE Xp53u2x9bku99j Xf3vyq53xc)
(DRIVE Xf3vyq53xc Xoyoi4md61)
(DRIVE Xoyoi4md61 X3hlob94j5u)
(DROPOFF TA_Xehy39 X3hlob94j5u)
(HOMESAFE TA_Xehy39 X3hlob94j5u)
(DRIVE X3hlob94j5u Xq847myi)
(DRIVE Xq847myi Xjjeivv4j55)
(DRIVE Xjjeivv4j55 Xw4qoh15)
(DROPOFF TA_Xq847myi Xw4qoh15)
(HOMESAFE TA_Xq847myi Xw4qoh15)
(DRIVE Xw4qoh15 Xjjeivv4j55)
(DRIVE Xjjeivv4j55 Xq847myi)
(DRIVE Xq847myi X8cfvpx26xwcwt)
(DROPOFF TA_Xfhrrge X8cfvpx26xwcwt)
(HOMESAFE TA_Xfhrrge X8cfvpx26xwcwt)
(DRIVE X8cfvpx26xwcwt Xrp7qqdx12pxp3)
(DRIVE Xrp7qqdx12pxp3 Xkab7t8o7qjj)
(DROPOFF TA_Xyida2btlrgcd2it Xkab7t8o7qjj)
(HOMESAFE TA_Xyida2btlrgcd2it Xkab7t8o7qjj)
(DRIVE Xkab7t8o7qjj Xoyoi4md61)
(DRIVE Xoyoi4md61 Xf3vyq53xc)
(DRIVE Xf3vyq53xc Xkc3zwg52)
(DROPOFF TA_Xjjeivv4j55 Xkc3zwg52)
(HOMESAFE TA_Xjjeivv4j55 Xkc3zwg52)
(DRIVE Xkc3zwg52 Xf3vyq53xc)
(DRIVE Xf3vyq53xc X2bwd2j)
(DROPOFF TA_X8eg2mee X2bwd2j)
(HOMESAFE TA_X8eg2mee X2bwd2j)
(DRIVE X2bwd2j Xf3vyq53xc)
(DRIVE Xf3vyq53xc Xsvhmnjst1e)
(DRIVE Xsvhmnjst1e Xumnww3)
(DROPOFF TA_Xmqt67y9n Xumnww3)
(HOMESAFE TA_Xmqt67y9n Xumnww3)
(DRIVE Xumnww3 Xz3qc9ub)
(DRIVE Xz3qc9ub Xquxig9xz2)
(DROPOFF TA_Xeq5c5ygub Xquxig9xz2)
(HOMESAFE TA_Xeq5c5ygub Xquxig9xz2)
(DRIVE Xquxig9xz2 Xj2pso94)
(DRIVE Xj2pso94 Xt9q1ztn8723)
(DROPOFF TA_Xl12pu Xt9q1ztn8723)
(HOMESAFE TA_Xl12pu Xt9q1ztn8723)
(DRIVE Xt9q1ztn8723 Xqde64o9i3e)
(DRIVE Xqde64o9i3e X31raz5hp9v)
(DROPOFF TA_Xkc3zwg52 X31raz5hp9v)
(HOMESAFE TA_Xkc3zwg52 X31raz5hp9v)
(DRIVE X31raz5hp9v Xqde64o9i3e)
(DRIVE Xqde64o9i3e X2y9obuu)
(DRIVE X2y9obuu Xmy85gnmouy)
(DROPOFF TA_X38s4jyp4eu Xmy85gnmouy)
(HOMESAFE TA_X38s4jyp4eu Xmy85gnmouy)
(DRIVE Xmy85gnmouy X2y9obuu)
(DRIVE X2y9obuu Xoyoi4md61)
(DRIVE Xoyoi4md61 Xf3vyq53xc)
(DRIVE Xf3vyq53xc Xsvhmnjst1e)
(DRIVE Xsvhmnjst1e Xywksl5wd)
(DRIVE Xywksl5wd X8eg2mee)
(DROPOFF TA_X31raz5hp9v X8eg2mee)
(HOMESAFE TA_X31raz5hp9v X8eg2mee)
(DRIVE X8eg2mee Xb7of9a)
(DRIVE Xb7of9a Xm48nzuh)
(DRIVE Xm48nzuh Xbmicm4au)
(DROPOFF TA_Xyik8cqxn2 Xbmicm4au)
(HOMESAFE TA_Xyik8cqxn2 Xbmicm4au)
(DRIVE Xbmicm4au Xrp7qqdx12pxp3)
(DRIVE Xrp7qqdx12pxp3 X9956fi)
(DROPOFF TA_Xxllfi9b X9956fi)
(HOMESAFE TA_Xxllfi9b X9956fi)
(DRIVE X9956fi Xvehkyi71w)
(DRIVE Xvehkyi71w X7og7qr4t86)
(DROPOFF TA_X2y9obuu X7og7qr4t86)
(HOMESAFE TA_X2y9obuu X7og7qr4t86)
(DRIVE X7og7qr4t86 Xsvhmnjst1e)
(DRIVE Xsvhmnjst1e Xf3vyq53xc)
(DRIVE Xf3vyq53xc X4cddmu86gmo)
(DROPOFF TA_Xbmicm4au X4cddmu86gmo)
(DRIVE X4cddmu86gmo Xy1ueyuwp)
(HOMESAFE TA_Xbmicm4au X4cddmu86gmo)
(DRIVE Xy1ueyuwp X2bwd2j)
(DRIVE X2bwd2j X6u33i)
(DROPOFF TA_Xrkd38ui5s4 X6u33i)
(HOMESAFE TA_Xrkd38ui5s4 X6u33i)
(DRIVE X6u33i Xyida2btlrgcd2it)
(DRIVE Xyida2btlrgcd2it Xmqt67y9n)
(DROPOFF TA_Xkch7lui7 Xmqt67y9n)
(HOMESAFE TA_Xkch7lui7 Xmqt67y9n)
(DRIVE Xmqt67y9n Xyida2btlrgcd2it)
(DRIVE Xyida2btlrgcd2it X38s4jyp4eu)
(DRIVE X38s4jyp4eu X2y9obuu)
(DRIVE X2y9obuu Xeq5c5ygub)
(DROPOFF TA_Xf3vyq53xc Xeq5c5ygub)
(HOMESAFE TA_Xf3vyq53xc Xeq5c5ygub)
(DRIVE Xeq5c5ygub X2y9obuu)
(DRIVE X2y9obuu Xoyoi4md61)
(DRIVE Xoyoi4md61 X8erlfq)
(DROPOFF TA_Xw4qoh15 X8erlfq)
(HOMESAFE TA_Xw4qoh15 X8erlfq)
(DRIVE X8erlfq Xu1p7t48fr5)
(DRIVE Xu1p7t48fr5 Xvnsdusp)
(DROPOFF TA_X95nsenz6 Xvnsdusp)
(HOMESAFE TA_X95nsenz6 Xvnsdusp)
(DRIVE Xvnsdusp Xqde64o9i3e)
(DRIVE Xqde64o9i3e Xuus7jirbe)
(DROPOFF TA_Xvehkyi71w Xuus7jirbe)
(HOMESAFE TA_Xvehkyi71w Xuus7jirbe)
(DRIVE Xuus7jirbe Xsvhmnjst1e)
(DRIVE Xsvhmnjst1e Xyik8cqxn2)
(DROPOFF TA_X8erlfq Xyik8cqxn2)
(HOMESAFE TA_X8erlfq Xyik8cqxn2)
(DRIVE Xyik8cqxn2 Xsvhmnjst1e)
(DRIVE Xsvhmnjst1e Xngl6ujj91)
(DRIVE Xngl6ujj91 Xehy39)
(DROPOFF TA_Xt9q1ztn8723 Xehy39)
(HOMESAFE TA_Xt9q1ztn8723 Xehy39)
(DRIVE Xehy39 X2jba9pca)
(DRIVE X2jba9pca Xy1ueyuwp)
(DRIVE Xy1ueyuwp X2bwd2j)
(DRIVE X2bwd2j Xl12pu)
(DROPOFF TA_Xp53u2x9bku99j Xl12pu)
(HOMESAFE TA_Xp53u2x9bku99j Xl12pu)
(DRIVE Xl12pu X2bwd2j)
(DRIVE X2bwd2j Xf3vyq53xc)
(DRIVE Xf3vyq53xc Xswoprer)
(DROPOFF TA_Xywksl5wd Xswoprer)
(HOMESAFE TA_Xywksl5wd Xswoprer)
(DRIVE Xswoprer Xf3vyq53xc)
(DRIVE Xf3vyq53xc Xkch7lui7)
(DROPOFF TA_Xmy85gnmouy Xkch7lui7)
(HOMESAFE TA_Xmy85gnmouy Xkch7lui7)
(DRIVE Xkch7lui7 Xvehkyi71w)
(DRIVE Xvehkyi71w Xg7pgjjh6)
(DRIVE Xg7pgjjh6 Xu4xzrfm7f)
(DROPOFF TA_Xquxig9xz2 Xu4xzrfm7f)
(HOMESAFE TA_Xquxig9xz2 Xu4xzrfm7f)
(DRIVE Xu4xzrfm7f Xrp7qqdx12pxp3)
(DRIVE Xrp7qqdx12pxp3 Xoso2xmpn1i)
(DRIVE Xoso2xmpn1i Xy1ueyuwp)
(DRIVE Xy1ueyuwp X6irox6z)
(DRIVE X6irox6z Xxllfi9b)
(DROPOFF TA_X6u33i Xxllfi9b)
(HOMESAFE TA_X6u33i Xxllfi9b)
(DRIVE Xxllfi9b X6irox6z)
(DRIVE X6irox6z Xy1ueyuwp)
(DRIVE Xy1ueyuwp Xoso2xmpn1i)
(DRIVE Xoso2xmpn1i Xnnie92a)
(DRIVE Xnnie92a Xfhrrge)
(DROPOFF TA_X2bwd2j Xfhrrge)
(HOMESAFE TA_X2bwd2j Xfhrrge)
(DRIVE Xfhrrge Xnnie92a)
(DRIVE Xnnie92a Xoso2xmpn1i)
(DRIVE Xoso2xmpn1i Xy1ueyuwp)
