(DRIVE X3xgrfvks Xt42r85mht8ru)
(DRIVE Xt42r85mht8ru X4418l7vdyv)
(DROPOFF TA_Xm5uyvxo2h X4418l7vdyv)
(HOMESAFE TA_Xm5uyvxo2h X4418l7vdyv)
(DRIVE X4418l7vdyv Xd3y7jq)
(DRIVE Xd3y7jq Xit92vprqk)
(DRIVE Xit92vprqk Xlrleda)
(DROPOFF TA_Xpxtk2 Xlrleda)
(HOMESAFE TA_Xpxtk2 Xlrleda)
(DRIVE Xlrleda Xit92vprqk)
(DROPOFF TA_Xho87zq94a914a Xit92vprqk)
(HOMESAFE TA_Xho87zq94a914a Xit92vprqk)
(DRIVE Xit92vprqk Xd3y7jq)
(DRIVE Xd3y7jq Xb9zxvj22sc)
(DROPOFF TA_X8evxiqgcp69n Xb9zxvj22sc)
(HOMESAFE TA_X8evxiqgcp69n Xb9zxvj22sc)
(DRIVE Xb9zxvj22sc Xd3y7jq)
(DROPOFF TA_X1huq1df Xd3y7jq)
(HOMESAFE TA_X1huq1df Xd3y7jq)
(DRIVE Xd3y7jq Xit92vprqk)
(DRIVE Xit92vprqk Xd8hwo5pi)
(DRIVE Xd8hwo5pi Xpxtk2)
(DROPOFF TA_Xi3la5wvv4 Xpxtk2)
(HOMESAFE TA_Xi3la5wvv4 Xpxtk2)
(DRIVE Xpxtk2 Xt42r85mht8ru)
(DRIVE Xt42r85mht8ru Xkr5jy4uyjt)
(DROPOFF TA_Xlrleda Xkr5jy4uyjt)
(HOMESAFE TA_Xlrleda Xkr5jy4uyjt)
(DRIVE Xkr5jy4uyjt Xit92vprqk)
(DRIVE Xit92vprqk Xnbvknr)
(DROPOFF TA_Xnbvknr Xnbvknr)
(HOMESAFE TA_Xnbvknr Xnbvknr)
(DRIVE Xnbvknr Xlrleda)
(DRIVE Xlrleda Xag29aqlop)
(DROPOFF TA_Xkr5jy4uyjt Xag29aqlop)
(HOMESAFE TA_Xkr5jy4uyjt Xag29aqlop)
(DRIVE Xag29aqlop Xd8hwo5pi)
(DRIVE Xd8hwo5pi X45bp6qh)
(DROPOFF TA_X4l424khddum X45bp6qh)
(HOMESAFE TA_X4l424khddum X45bp6qh)
(DRIVE X45bp6qh X4418l7vdyv)
(DRIVE X4418l7vdyv Xd3y7jq)
(DRIVE Xd3y7jq Xy6571)
(DRIVE Xy6571 Xlrleda)
(DRIVE Xlrleda Xm5uyvxo2h)
(DROPOFF TA_Xbt3xcgwcd6c Xm5uyvxo2h)
(HOMESAFE TA_Xbt3xcgwcd6c Xm5uyvxo2h)
(DRIVE Xm5uyvxo2h Xlrleda)
(DRIVE Xlrleda X1huq1df)
(DROPOFF TA_Xd3y7jq X1huq1df)
(DRIVE X1huq1df X3xgrfvks)
(HOMESAFE TA_Xd3y7jq X1huq1df)
(DRIVE X3xgrfvks Xual3asit)
(DROPOFF TA_Xifmqwyt6x Xual3asit)
(DRIVE Xual3asit X3xgrfvks)
(HOMESAFE TA_Xifmqwyt6x Xual3asit)
(DRIVE X3xgrfvks Xt42r85mht8ru)
(DRIVE Xt42r85mht8ru Xdooatf4)
(DROPOFF TA_X5ed169a5jrt Xdooatf4)
(HOMESAFE TA_X5ed169a5jrt Xdooatf4)
(DRIVE Xdooatf4 Xt42r85mht8ru)
(DRIVE Xt42r85mht8ru Xkr5jy4uyjt)
(DRIVE Xkr5jy4uyjt X4418l7vdyv)
(DRIVE X4418l7vdyv X4l424khddum)
(DROPOFF TA_X45bp6qh X4l424khddum)
(HOMESAFE TA_X45bp6qh X4l424khddum)
(DRIVE X4l424khddum X4418l7vdyv)
(DRIVE X4418l7vdyv X2hmpo9x8v795)
(DRIVE X2hmpo9x8v795 Xuqc3avv5)
(DROPOFF TA_Xuqc3avv5 Xuqc3avv5)
(HOMESAFE TA_Xuqc3avv5 Xuqc3avv5)
(DRIVE Xuqc3avv5 X2hmpo9x8v795)
(DRIVE X2hmpo9x8v795 Xifmqwyt6x)
(DROPOFF TA_Xag29aqlop Xifmqwyt6x)
(HOMESAFE TA_Xag29aqlop Xifmqwyt6x)
(DRIVE Xifmqwyt6x Xbi2lbvodvw1)
(DRIVE Xbi2lbvodvw1 Xokbjywtq4zz9)
(DRIVE Xokbjywtq4zz9 Xho87zq94a914a)
(DROPOFF TA_Xit92vprqk Xho87zq94a914a)
(HOMESAFE TA_Xit92vprqk Xho87zq94a914a)
(DRIVE Xho87zq94a914a Xag29aqlop)
(DRIVE Xag29aqlop Xlrleda)
(DRIVE Xlrleda Xbt3xcgwcd6c)
(DROPOFF TA_Xdooatf4 Xbt3xcgwcd6c)
(DRIVE Xbt3xcgwcd6c X3xgrfvks)
(HOMESAFE TA_Xdooatf4 Xbt3xcgwcd6c)
(DRIVE X3xgrfvks Xt42r85mht8ru)
(DRIVE Xt42r85mht8ru Xd5podyx2rn1o)
(DROPOFF TA_Xd5podyx2rn1o Xd5podyx2rn1o)
(HOMESAFE TA_Xd5podyx2rn1o Xd5podyx2rn1o)
(DRIVE Xd5podyx2rn1o Xt42r85mht8ru)
(DRIVE Xt42r85mht8ru X5ed169a5jrt)
(DROPOFF TA_Xb9zxvj22sc X5ed169a5jrt)
(HOMESAFE TA_Xb9zxvj22sc X5ed169a5jrt)
(DRIVE X5ed169a5jrt Xpxtk2)
(DRIVE Xpxtk2 Xd8hwo5pi)
(DRIVE Xd8hwo5pi Xz4o91)
(DRIVE Xz4o91 X8evxiqgcp69n)
(DROPOFF TA_Xual3asit X8evxiqgcp69n)
(HOMESAFE TA_Xual3asit X8evxiqgcp69n)
(DRIVE X8evxiqgcp69n Xz4o91)
(DRIVE Xz4o91 Xd8hwo5pi)
(DRIVE Xd8hwo5pi Xi3la5wvv4)
(DROPOFF TA_X4418l7vdyv Xi3la5wvv4)
(HOMESAFE TA_X4418l7vdyv Xi3la5wvv4)
(DRIVE Xi3la5wvv4 Xd8hwo5pi)
(DRIVE Xd8hwo5pi Xual3asit)
(DRIVE Xual3asit X3xgrfvks)
