(DRIVE XZfI6StUliqd8YxBr0zVp XZ6746tUNXH05XsKVq5bc)
(DROPOFF TA_XgX6xMy6pWnenI68kwgcu XZ6746tUNXH05XsKVq5bc)
(HOMESAFE TA_Xgx6xmy6pwneni68kwgcu Xz6746tUNXH05XsKVq5bc)
(DRIVE XZ6746tUNXH05XsKVq5bc XsxZzRXnVfKw2KrspKPg1)
(DRIVE XsxZzRXnVfKw2KrspKPg1 XZ38PT2VWeDoNiuh4rc0v)
(DRIVE XZ38PT2VWeDoNiuh4rc0v X98jc4TOf5CFD5ooRLXKs)
(DROPOFF TA_XmMagcNSN7U8s7oy3e0j4 X98jc4TOf5CFD5ooRLXKs)
(HOMESAFE TA_Xmmagcnsn7u8s7oy3e0j4 X98jc4TOf5CFD5ooRLXKs)
(DRIVE X98jc4TOf5CFD5ooRLXKs XSI1jqone3x4IZwZ6qVW6)
(DROPOFF TA_XQUmdpeJNwq8Od3rclrVL XSI1jqone3x4IZwZ6qVW6)
(DRIVE XSI1jqone3x4IZwZ6qVW6 X4gVQx4yn8gZ0TQBRafbQ)
(WALK TA_XQUmdpeJNwq8Od3rclrVL XSI1jqone3x4IZwZ6qVW6 XZBTm8fkarNXg3vLUAnt8)
(WALK TA_XQUmdpeJNwq8Od3rclrVL XZBTm8fkarNXg3vLUAnt8 XgGXF4imn3IOLlYGD81XA)
(HOMESAFE TA_XQUmdpejnwq8od3rclrvl XgGXF4imn3IOLlYGD81XA)
(DRIVE X4gVQx4yn8gZ0TQBRafbQ XmMagcNSN7U8s7oy3e0j4)
(DROPOFF TA_XZfI6StUliqd8YxBr0zVp XmMagcNSN7U8s7oy3e0j4)
(DRIVE XmMagcNSN7U8s7oy3e0j4 XoeCop1Abe4Jnm8NehklA)
(WALK TA_XZfI6StUliqd8YxBr0zVp XmMagcNSN7U8s7oy3e0j4 XHxhi6IYOb3B8uxHbGYVt)
(DRIVE XoeCop1Abe4Jnm8NehklA XZ38PT2VWeDoNiuh4rc0v)
(WALK TA_XZfI6StUliqd8YxBr0zVp XHxhi6IYOb3B8uxHbGYVt Xzs8puphf0SbuOBS6XpM9)
(WALK TA_XZfI6StUliqd8YxBr0zVp Xzs8puphf0SbuOBS6XpM9 XuYmver98TgwbkIsM8XgU)
(DRIVE XZ38PT2VWeDoNiuh4rc0v XmMagcNSN7U8s7oy3e0j4)
(DROPOFF TA_XZBTm8fkarNXg3vLUAnt8 XmMagcNSN7U8s7oy3e0j4)
(DRIVE XmMagcNSN7U8s7oy3e0j4 X5JVto9dbOz4Lu3AeAOZD)
(DROPOFF TA_Xzs8puphf0SbuOBS6XpM9 X5JVto9dbOz4Lu3AeAOZD)
(WALK TA_XZfI6StUliqd8YxBr0zVp XuYmver98TgwbkIsM8XgU XgX6xMy6pWnenI68kwgcu)
(HOMESAFE TA_XZfi6stuliqd8yxbr0zvp XgX6xMy6pWnenI68kwgcu)
(DRIVE X5JVto9dbOz4Lu3AeAOZD XRnnCc8OgQLqPe5HvvbS3)
(DROPOFF TA_XRnnCc8OgQLqPe5HvvbS3 XRnnCc8OgQLqPe5HvvbS3)
(HOMESAFE TA_XRnncc8ogqlqpe5hvvbs3 XrnnCc8OgQLqPe5HvvbS3)
(DROPOFF TA_XuYmver98TgwbkIsM8XgU XRnnCc8OgQLqPe5HvvbS3)
(WALK TA_Xzs8puphf0SbuOBS6XpM9 X5JVto9dbOz4Lu3AeAOZD XuYmver98TgwbkIsM8XgU)
(WALK TA_XZBTm8fkarNXg3vLUAnt8 XmMagcNSN7U8s7oy3e0j4 XHxhi6IYOb3B8uxHbGYVt)
(DRIVE XRnnCc8OgQLqPe5HvvbS3 XAf4sQnaDf5G2yrOfmk45)
(DROPOFF TA_Xip0vmcqzxYgrY2Mc3Bu9 XAf4sQnaDf5G2yrOfmk45)
(HOMESAFE TA_Xip0vmcqzxygry2mc3bu9 Xaf4sQnaDf5G2yrOfmk45)
(DRIVE XAf4sQnaDf5G2yrOfmk45 XZ38PT2VWeDoNiuh4rc0v)
(WALK TA_XuYmver98TgwbkIsM8XgU XRnnCc8OgQLqPe5HvvbS3 XAf4sQnaDf5G2yrOfmk45)
(WALK TA_XuYmver98TgwbkIsM8XgU XAf4sQnaDf5G2yrOfmk45 XQUmdpeJNwq8Od3rclrVL)
(HOMESAFE TA_Xuymver98tgwbkism8xgu XqUmdpeJNwq8Od3rclrVL)
(WALK TA_Xzs8puphf0SbuOBS6XpM9 XuYmver98TgwbkIsM8XgU Xzs8puphf0SbuOBS6XpM9)
(DRIVE XZ38PT2VWeDoNiuh4rc0v XoeCop1Abe4Jnm8NehklA)
(HOMESAFE TA_XZBTm8fkarnxg3vluant8 Xhxhi6IYOb3B8uxHbGYVt)
(DRIVE XoeCop1Abe4Jnm8NehklA XmMagcNSN7U8s7oy3e0j4)
(DRIVE XmMagcNSN7U8s7oy3e0j4 X5JVto9dbOz4Lu3AeAOZD)
(DROPOFF TA_XUoiNiYnewh16WNDFqvYW X5JVto9dbOz4Lu3AeAOZD)
(HOMESAFE TA_XUoiniynewh16wndfqvyw X5JVto9dbOz4Lu3AeAOZD)
(DRIVE X5JVto9dbOz4Lu3AeAOZD XmMagcNSN7U8s7oy3e0j4)
(DROPOFF TA_X98jc4TOf5CFD5ooRLXKs XmMagcNSN7U8s7oy3e0j4)
(WALK TA_Xzs8puphf0SbuOBS6XpM9 Xzs8puphf0SbuOBS6XpM9 XuYmver98TgwbkIsM8XgU)
(DRIVE XmMagcNSN7U8s7oy3e0j4 XZ38PT2VWeDoNiuh4rc0v)
(HOMESAFE TA_X98jc4tof5cfd5oorlxks XmMagcNSN7U8s7oy3e0j4)
(DRIVE XZ38PT2VWeDoNiuh4rc0v XZBTm8fkarNXg3vLUAnt8)
(DROPOFF TA_XQBaUzVWA62rnfcsnEShZ XZBTm8fkarNXg3vLUAnt8)
(HOMESAFE TA_XQBauzvwa62rnfcsneshz XzBTm8fkarNXg3vLUAnt8)
(DRIVE XZBTm8fkarNXg3vLUAnt8 XSI1jqone3x4IZwZ6qVW6)
(DRIVE XSI1jqone3x4IZwZ6qVW6 X4gVQx4yn8gZ0TQBRafbQ)
(WALK TA_Xzs8puphf0SbuOBS6XpM9 XuYmver98TgwbkIsM8XgU XgX6xMy6pWnenI68kwgcu)
(WALK TA_Xzs8puphf0SbuOBS6XpM9 XgX6xMy6pWnenI68kwgcu Xgj1PIUxoUprs5rKMLNpv)
(WALK TA_Xzs8puphf0SbuOBS6XpM9 Xgj1PIUxoUprs5rKMLNpv XBFat56YSkekx77JCOMI4)
(DRIVE X4gVQx4yn8gZ0TQBRafbQ XSI1jqone3x4IZwZ6qVW6)
(DROPOFF TA_X5JVto9dbOz4Lu3AeAOZD XSI1jqone3x4IZwZ6qVW6)
(DRIVE XSI1jqone3x4IZwZ6qVW6 X4gVQx4yn8gZ0TQBRafbQ)
(DRIVE X4gVQx4yn8gZ0TQBRafbQ XzFahEplFbW4f2V6jQTmi)
(WALK TA_X5JVto9dbOz4Lu3AeAOZD XSI1jqone3x4IZwZ6qVW6 XQGzcn6XPemZ0IhmCJCmq)
(WALK TA_X5JVto9dbOz4Lu3AeAOZD XQGzcn6XPemZ0IhmCJCmq XFa64KRccvM4rqOgxBKtu)
(DRIVE XzFahEplFbW4f2V6jQTmi X4gVQx4yn8gZ0TQBRafbQ)
(WALK TA_X5JVto9dbOz4Lu3AeAOZD XFa64KRccvM4rqOgxBKtu Xip0vmcqzxYgrY2Mc3Bu9)
(WALK TA_X5JVto9dbOz4Lu3AeAOZD Xip0vmcqzxYgrY2Mc3Bu9 Xzs8puphf0SbuOBS6XpM9)
(DRIVE X4gVQx4yn8gZ0TQBRafbQ XSI1jqone3x4IZwZ6qVW6)
(DROPOFF TA_XAf4sQnaDf5G2yrOfmk45 XSI1jqone3x4IZwZ6qVW6)
(DRIVE XSI1jqone3x4IZwZ6qVW6 X4gVQx4yn8gZ0TQBRafbQ)
(DRIVE X4gVQx4yn8gZ0TQBRafbQ XzFahEplFbW4f2V6jQTmi)
(WALK TA_XAf4sQnaDf5G2yrOfmk45 XSI1jqone3x4IZwZ6qVW6 XQGzcn6XPemZ0IhmCJCmq)
(WALK TA_XAf4sQnaDf5G2yrOfmk45 XQGzcn6XPemZ0IhmCJCmq XcC9SZGtAtirSBnbvLWzt)
(HOMESAFE TA_XAf4sqnadf5g2yrofmk45 XcC9SZGtAtirSBnbvLWzt)
(DRIVE XzFahEplFbW4f2V6jQTmi X4gVQx4yn8gZ0TQBRafbQ)
(DRIVE X4gVQx4yn8gZ0TQBRafbQ XSI1jqone3x4IZwZ6qVW6)
(DROPOFF TA_Xgj1PIUxoUprs5rKMLNpv XSI1jqone3x4IZwZ6qVW6)
(DRIVE XSI1jqone3x4IZwZ6qVW6 X4gVQx4yn8gZ0TQBRafbQ)
(DRIVE X4gVQx4yn8gZ0TQBRafbQ XzFahEplFbW4f2V6jQTmi)
(WALK TA_Xgj1PIUxoUprs5rKMLNpv XSI1jqone3x4IZwZ6qVW6 XQGzcn6XPemZ0IhmCJCmq)
(HOMESAFE TA_Xgj1piuxouprs5rkmlnpv XqGzcn6XPemZ0IhmCJCmq)
(DRIVE XzFahEplFbW4f2V6jQTmi X4gVQx4yn8gZ0TQBRafbQ)
(DRIVE X4gVQx4yn8gZ0TQBRafbQ XSI1jqone3x4IZwZ6qVW6)
(DROPOFF TA_XSI1jqone3x4IZwZ6qVW6 XSI1jqone3x4IZwZ6qVW6)
(HOMESAFE TA_XSI1jqone3x4izwz6qvw6 XsI1jqone3x4IZwZ6qVW6)
(DRIVE XSI1jqone3x4IZwZ6qVW6 X4gVQx4yn8gZ0TQBRafbQ)
(DRIVE X4gVQx4yn8gZ0TQBRafbQ XzFahEplFbW4f2V6jQTmi)
(DRIVE XzFahEplFbW4f2V6jQTmi XUoiNiYnewh16WNDFqvYW)
(DROPOFF TA_XcC9SZGtAtirSBnbvLWzt XUoiNiYnewh16WNDFqvYW)
(HOMESAFE TA_Xcc9szgtatirsbnbvlwzt XuoiNiYnewh16WNDFqvYW)
(DRIVE XUoiNiYnewh16WNDFqvYW XZ38PT2VWeDoNiuh4rc0v)
(DRIVE XZ38PT2VWeDoNiuh4rc0v XWEpQsV1SPLNjRDFxWGJw)
(DROPOFF TA_XgGXF4imn3IOLlYGD81XA XWEpQsV1SPLNjRDFxWGJw)
(HOMESAFE TA_Xggxf4imn3iollygd81xa XwEpQsV1SPLNjRDFxWGJw)
(DRIVE XWEpQsV1SPLNjRDFxWGJw XZfI6StUliqd8YxBr0zVp)
(DROPOFF TA_XHxhi6IYOb3B8uxHbGYVt XZfI6StUliqd8YxBr0zVp)
(HOMESAFE TA_XHxhi6iyob3b8uxhbgyvt XzfI6StUliqd8YxBr0zVp)
(DRIVE XZfI6StUliqd8YxBr0zVp XZ6746tUNXH05XsKVq5bc)
(DRIVE XZ6746tUNXH05XsKVq5bc XsxZzRXnVfKw2KrspKPg1)
(DROPOFF TA_XZ6746tUNXH05XsKVq5bc XsxZzRXnVfKw2KrspKPg1)
(DROPOFF TA_XFa64KRccvM4rqOgxBKtu XsxZzRXnVfKw2KrspKPg1)
(WALK TA_XFa64KRccvM4rqOgxBKtu XsxZzRXnVfKw2KrspKPg1 XQBaUzVWA62rnfcsnEShZ)
(DROPOFF TA_XWEpQsV1SPLNjRDFxWGJw XsxZzRXnVfKw2KrspKPg1)
(HOMESAFE TA_XFa64krccvm4rqogxbktu XqBaUzVWA62rnfcsnEShZ)
(DRIVE XsxZzRXnVfKw2KrspKPg1 X4yYsNk20bqSMlyASIn37)
(DRIVE X4yYsNk20bqSMlyASIn37 Xa5U0eplwXr4BNJCc524G)
(DRIVE Xa5U0eplwXr4BNJCc524G XYzWX8RqUW0YPFsebUKYP)
(DROPOFF TA_XBFat56YSkekx77JCOMI4 XYzWX8RqUW0YPFsebUKYP)
(HOMESAFE TA_XBFat56yskekx77jcomi4 XyzWX8RqUW0YPFsebUKYP)
(DRIVE XYzWX8RqUW0YPFsebUKYP X35F0RBMuajlA1MclJpfz)
(DRIVE X35F0RBMuajlA1MclJpfz XZfI6StUliqd8YxBr0zVp)
(WALK TA_X5JVto9dbOz4Lu3AeAOZD Xzs8puphf0SbuOBS6XpM9 XuYmver98TgwbkIsM8XgU)
(HOMESAFE TA_X5JVto9dboz4lu3aeaozd XuYmver98TgwbkIsM8XgU)
(DRIVE XZfI6StUliqd8YxBr0zVp Xzs8puphf0SbuOBS6XpM9)
(DROPOFF TA_XYzWX8RqUW0YPFsebUKYP Xzs8puphf0SbuOBS6XpM9)
(DRIVE Xzs8puphf0SbuOBS6XpM9 XZfI6StUliqd8YxBr0zVp)
(WALK TA_XZ6746tUNXH05XsKVq5bc XsxZzRXnVfKw2KrspKPg1 XZ6746tUNXH05XsKVq5bc)
(WALK TA_XZ6746tUNXH05XsKVq5bc XZ6746tUNXH05XsKVq5bc X4gVQx4yn8gZ0TQBRafbQ)
(WALK TA_Xzs8puphf0SbuOBS6XpM9 XBFat56YSkekx77JCOMI4 Xgj1PIUxoUprs5rKMLNpv)
(HOMESAFE TA_Xzs8puphf0sbuobs6xpm9 Xgj1PIUxoUprs5rKMLNpv)
(DRIVE XZfI6StUliqd8YxBr0zVp XBFat56YSkekx77JCOMI4)
(DROPOFF TA_XQGzcn6XPemZ0IhmCJCmq XBFat56YSkekx77JCOMI4)
(HOMESAFE TA_XQGzcn6xpemz0ihmcjcmq XbFat56YSkekx77JCOMI4)
(DRIVE XBFat56YSkekx77JCOMI4 XZfI6StUliqd8YxBr0zVp)
(WALK TA_XYzWX8RqUW0YPFsebUKYP Xzs8puphf0SbuOBS6XpM9 Xip0vmcqzxYgrY2Mc3Bu9)
(WALK TA_XYzWX8RqUW0YPFsebUKYP Xip0vmcqzxYgrY2Mc3Bu9 XFa64KRccvM4rqOgxBKtu)
(HOMESAFE TA_XYzwx8rquw0ypfsebukyp Xfa64KRccvM4rqOgxBKtu)
(WALK TA_XZ6746tUNXH05XsKVq5bc X4gVQx4yn8gZ0TQBRafbQ Xzs8puphf0SbuOBS6XpM9)
(HOMESAFE TA_XZ6746tunxh05xskvq5bc Xzs8puphf0SbuOBS6XpM9)
(WALK TA_XWEpQsV1SPLNjRDFxWGJw XsxZzRXnVfKw2KrspKPg1 XZ6746tUNXH05XsKVq5bc)
(WALK TA_XWEpQsV1SPLNjRDFxWGJw XZ6746tUNXH05XsKVq5bc Xip0vmcqzxYgrY2Mc3Bu9)
(HOMESAFE TA_XWEpqsv1splnjrdfxwgjw Xip0vmcqzxYgrY2Mc3Bu9)
