(DROPOFF TA_X0uvEfLgT4s8ImTk9VWBt XM2S9flVUcYP2sJdh8LXf)
(HOMESAFE TA_X0uveflgt4s8imtk9vwbt Xm2S9flVUcYP2sJdh8LXf)
(DRIVE XM2S9flVUcYP2sJdh8LXf XdOKaHsIcDX32wPXAX2Gt)
(DRIVE XdOKaHsIcDX32wPXAX2Gt XcdaizmjQrCe5Vnwy3JQF)
(DROPOFF TA_XDt5YfbjQq6VoKnyw6Zav XcdaizmjQrCe5Vnwy3JQF)
(HOMESAFE TA_XDt5yfbjqq6voknyw6zav XcdaizmjQrCe5Vnwy3JQF)
(DRIVE XcdaizmjQrCe5Vnwy3JQF XdOKaHsIcDX32wPXAX2Gt)
(DRIVE XdOKaHsIcDX32wPXAX2Gt XJjat3uJ5XboI9kZe0522)
(DROPOFF TA_XEu0wGcDBBrgvePzHfqrS XJjat3uJ5XboI9kZe0522)
(HOMESAFE TA_XEu0wgcdbbrgvepzhfqrs Xjjat3uJ5XboI9kZe0522)
(DRIVE XJjat3uJ5XboI9kZe0522 XvodEvdIApqt0N3TZsbxN)
(DRIVE XvodEvdIApqt0N3TZsbxN Xv0QJIKD4q7sFXrzFSb6J)
(DROPOFF TA_Xm1IYiQsUBuvvpTv7yWXO Xv0QJIKD4q7sFXrzFSb6J)
(HOMESAFE TA_Xm1iyiqsubuvvptv7ywxo Xv0QJIKD4q7sFXrzFSb6J)
(DRIVE Xv0QJIKD4q7sFXrzFSb6J XvodEvdIApqt0N3TZsbxN)
(DRIVE XvodEvdIApqt0N3TZsbxN XdOKaHsIcDX32wPXAX2Gt)
(DROPOFF TA_XH59EihDjhfpS7ToXFM3L XdOKaHsIcDX32wPXAX2Gt)
(HOMESAFE TA_XH59Eihdjhfps7toxfm3l XdOKaHsIcDX32wPXAX2Gt)
(DRIVE XdOKaHsIcDX32wPXAX2Gt XvodEvdIApqt0N3TZsbxN)
(DROPOFF TA_XdKH5OdpmJKCU83bbXVxZ XvodEvdIApqt0N3TZsbxN)
(HOMESAFE TA_Xdkh5odpmjkcu83bbxvxz XvodEvdIApqt0N3TZsbxN)
(DRIVE XvodEvdIApqt0N3TZsbxN XdOKaHsIcDX32wPXAX2Gt)
(DRIVE XdOKaHsIcDX32wPXAX2Gt XM2S9flVUcYP2sJdh8LXf)
(DRIVE XM2S9flVUcYP2sJdh8LXf X8KfYYXeMqM0D4nShLOzi)
(DROPOFF TA_XtUowOUG1V7iCXBCMR0AT X8KfYYXeMqM0D4nShLOzi)
(HOMESAFE TA_Xtuowoug1v7icxbcmr0at X8KfYYXeMqM0D4nShLOzi)
(DRIVE X8KfYYXeMqM0D4nShLOzi XM2S9flVUcYP2sJdh8LXf)
(DRIVE XM2S9flVUcYP2sJdh8LXf XtVhIJJgs0kEFaQx1hdWm)
(DRIVE XtVhIJJgs0kEFaQx1hdWm XpNXWB5geApaSjbsCCT4J)
(DROPOFF TA_X5gumrx48u1yPpF6ivPOI XpNXWB5geApaSjbsCCT4J)
(HOMESAFE TA_X5gumrx48u1yppf6ivpoi XpNXWB5geApaSjbsCCT4J)
(DRIVE XpNXWB5geApaSjbsCCT4J Xuy6RcQAYd3ATM1Icq3my)
(DROPOFF TA_XgZVNRDm5p6aX5QEEX8UG Xuy6RcQAYd3ATM1Icq3my)
(HOMESAFE TA_Xgzvnrdm5p6ax5qeex8ug Xuy6RcQAYd3ATM1Icq3my)
(DRIVE Xuy6RcQAYd3ATM1Icq3my Xe6duCKbQcxnU6ymY57XQ)
(DRIVE Xe6duCKbQcxnU6ymY57XQ X9GrchmlNCDIapQ9OnEYh)
(DROPOFF TA_XsH3pvLOfMUrEGUrmsHCu X9GrchmlNCDIapQ9OnEYh)
(HOMESAFE TA_Xsh3pvlofmuregurmshcu X9GrchmlNCDIapQ9OnEYh)
(DRIVE X9GrchmlNCDIapQ9OnEYh XoWxP87H6AXwFzF0dpB9d)
(DRIVE XoWxP87H6AXwFzF0dpB9d XYj14cJHLteGLwnT0JCVo)
(DRIVE XYj14cJHLteGLwnT0JCVo XLxEzX08MG9T8knIYbul0)
(DROPOFF TA_XvxiwkV1b5fV2sGCBFsRQ XLxEzX08MG9T8knIYbul0)
(HOMESAFE TA_Xvxiwkv1b5fv2sgcbfsrq XlxEzX08MG9T8knIYbul0)
(DRIVE XLxEzX08MG9T8knIYbul0 X93aDiM8K0XhtiVcCVKi2)
(DROPOFF TA_XLNMZej67uy0Whvqp5OR1 X93aDiM8K0XhtiVcCVKi2)
(HOMESAFE TA_XLNMZej67uy0whvqp5or1 X93aDiM8K0XhtiVcCVKi2)
(DRIVE X93aDiM8K0XhtiVcCVKi2 XZ8MZ2JfftjeVVnGFSOQe)
(DROPOFF TA_XPZrpdQAa8H8tkrajh08J XZ8MZ2JfftjeVVnGFSOQe)
(HOMESAFE TA_XPZrpdqaa8h8tkrajh08j Xz8MZ2JfftjeVVnGFSOQe)
(DRIVE XZ8MZ2JfftjeVVnGFSOQe XzdtRVpQ9lVyEhNj9Evpp)
(DROPOFF TA_XS8uMGvUglWyhnfV5Wzdp XzdtRVpQ9lVyEhNj9Evpp)
(HOMESAFE TA_XS8umgvuglwyhnfv5wzdp XzdtRVpQ9lVyEhNj9Evpp)
(DRIVE XzdtRVpQ9lVyEhNj9Evpp XT05cb1iVZnpGK4zO8JN8)
(DRIVE XT05cb1iVZnpGK4zO8JN8 XdKH5OdpmJKCU83bbXVxZ)
(DROPOFF TA_XECCnzlgsMEvTYjNwAlfM XdKH5OdpmJKCU83bbXVxZ)
(HOMESAFE TA_XECCnzlgsmevtyjnwalfm XdKH5OdpmJKCU83bbXVxZ)
(DRIVE XdKH5OdpmJKCU83bbXVxZ XT05cb1iVZnpGK4zO8JN8)
(DRIVE XT05cb1iVZnpGK4zO8JN8 XM2S9flVUcYP2sJdh8LXf)
(DRIVE XM2S9flVUcYP2sJdh8LXf XW4IxjYZtRN88GGSV9Uoc)
(DROPOFF TA_XPqf0Sn4UvsBLaxz7WO4n XW4IxjYZtRN88GGSV9Uoc)
(HOMESAFE TA_XPqf0sn4uvsblaxz7wo4n Xw4IxjYZtRN88GGSV9Uoc)
(DRIVE XW4IxjYZtRN88GGSV9Uoc XECCnzlgsMEvTYjNwAlfM)
(DROPOFF TA_Xv0QJIKD4q7sFXrzFSb6J XECCnzlgsMEvTYjNwAlfM)
(HOMESAFE TA_Xv0qjikd4q7sfxrzfsb6j XeCCnzlgsMEvTYjNwAlfM)
(DRIVE XECCnzlgsMEvTYjNwAlfM XM2S9flVUcYP2sJdh8LXf)
(DRIVE XM2S9flVUcYP2sJdh8LXf XgZVNRDm5p6aX5QEEX8UG)
(DRIVE XgZVNRDm5p6aX5QEEX8UG XvxiwkV1b5fV2sGCBFsRQ)
(DROPOFF TA_XtVhIJJgs0kEFaQx1hdWm XvxiwkV1b5fV2sGCBFsRQ)
(HOMESAFE TA_Xtvhijjgs0kefaqx1hdwm XvxiwkV1b5fV2sGCBFsRQ)
(DRIVE XvxiwkV1b5fV2sGCBFsRQ XR0zbyZWlnyux9w7Bds4F)
(DRIVE XR0zbyZWlnyux9w7Bds4F XZ0DuoZMcx6oyDPWFznMK)
(DROPOFF TA_XNMTjl1jsvrb7y2ggdCSc XZ0DuoZMcx6oyDPWFznMK)
(HOMESAFE TA_XNMTjl1jsvrb7y2ggdcsc Xz0DuoZMcx6oyDPWFznMK)
(DRIVE XZ0DuoZMcx6oyDPWFznMK XE84Fbb1fDMRXU6XgwbS0)
(DRIVE XE84Fbb1fDMRXU6XgwbS0 XXmlH4l2BXG35TF70bZqZ)
(DROPOFF TA_XyHMPX8vHctuUweyLluyz XXmlH4l2BXG35TF70bZqZ)
(HOMESAFE TA_Xyhmpx8vhctuuweylluyz XxmlH4l2BXG35TF70bZqZ)
(DRIVE XXmlH4l2BXG35TF70bZqZ XNMTjl1jsvrb7y2ggdCSc)
(DROPOFF TA_X9Jr76N4fnNot7SNYqBKG XNMTjl1jsvrb7y2ggdCSc)
(HOMESAFE TA_X9Jr76n4fnnot7snyqbkg XnMTjl1jsvrb7y2ggdCSc)
(DRIVE XNMTjl1jsvrb7y2ggdCSc XM2S9flVUcYP2sJdh8LXf)
(DRIVE XM2S9flVUcYP2sJdh8LXf XyZPIHwySFuIdRJCMzjnz)
(DROPOFF TA_XL8bxdxuDa5issn2PiN3u XyZPIHwySFuIdRJCMzjnz)
(HOMESAFE TA_XL8bxdxuda5issn2pin3u XyZPIHwySFuIdRJCMzjnz)
(DRIVE XyZPIHwySFuIdRJCMzjnz XM2S9flVUcYP2sJdh8LXf)
(DRIVE XM2S9flVUcYP2sJdh8LXf Xk7k4sHxeh1pR4sOjcVuj)
(DROPOFF TA_XKfu1pc3YPMGebW7Iu8ex Xk7k4sHxeh1pR4sOjcVuj)
(DRIVE Xk7k4sHxeh1pR4sOjcVuj XM2S9flVUcYP2sJdh8LXf)
(WALK TA_XKfu1pc3YPMGebW7Iu8ex Xk7k4sHxeh1pR4sOjcVuj XYj14cJHLteGLwnT0JCVo)
(WALK TA_XKfu1pc3YPMGebW7Iu8ex XYj14cJHLteGLwnT0JCVo XjgcWqrcniA4q9WNs9xkc)
(HOMESAFE TA_XKfu1pc3ypmgebw7iu8ex XjgcWqrcniA4q9WNs9xkc)
(DRIVE XM2S9flVUcYP2sJdh8LXf Xk7k4sHxeh1pR4sOjcVuj)
(DROPOFF TA_XZ8MZ2JfftjeVVnGFSOQe Xk7k4sHxeh1pR4sOjcVuj)
(DRIVE Xk7k4sHxeh1pR4sOjcVuj XM2S9flVUcYP2sJdh8LXf)
(HOMESAFE TA_XZ8MZ2Jfftjevvngfsoqe Xk7k4sHxeh1pR4sOjcVuj)
(DRIVE XM2S9flVUcYP2sJdh8LXf XMtQDjkLToWj4d53MMhKG)
(DRIVE XMtQDjkLToWj4d53MMhKG Xm1IYiQsUBuvvpTv7yWXO)
(DROPOFF TA_X93aDiM8K0XhtiVcCVKi2 Xm1IYiQsUBuvvpTv7yWXO)
(HOMESAFE TA_X93adim8k0xhtivccvki2 Xm1IYiQsUBuvvpTv7yWXO)
(DRIVE Xm1IYiQsUBuvvpTv7yWXO XLwS5op21h2H20gmVULql)
(DRIVE XLwS5op21h2H20gmVULql XM2S9flVUcYP2sJdh8LXf)
(DRIVE XM2S9flVUcYP2sJdh8LXf X48nWZMVqWDxfH9uMf2U3)
(DROPOFF TA_XJjat3uJ5XboI9kZe0522 X48nWZMVqWDxfH9uMf2U3)
(DRIVE X48nWZMVqWDxfH9uMf2U3 XM2S9flVUcYP2sJdh8LXf)
(HOMESAFE TA_XJjat3uj5xboi9kze0522 X48nWZMVqWDxfH9uMf2U3)
(DRIVE XM2S9flVUcYP2sJdh8LXf X9Jr76N4fnNot7SNYqBKG)
(DROPOFF TA_X48nWZMVqWDxfH9uMf2U3 X9Jr76N4fnNot7SNYqBKG)
(DRIVE X9Jr76N4fnNot7SNYqBKG XM2S9flVUcYP2sJdh8LXf)
(HOMESAFE TA_X48nwzmvqwdxfh9umf2u3 X9Jr76N4fnNot7SNYqBKG)
(DRIVE XM2S9flVUcYP2sJdh8LXf Xk7k4sHxeh1pR4sOjcVuj)
(DRIVE Xk7k4sHxeh1pR4sOjcVuj Xi2zuTkgDKtYA8Q9KejMN)
(DRIVE Xi2zuTkgDKtYA8Q9KejMN XDt5YfbjQq6VoKnyw6Zav)
(DROPOFF TA_X4bQwji0D4wyEDLd54MWv XDt5YfbjQq6VoKnyw6Zav)
(HOMESAFE TA_X4bqwji0d4wyedld54mwv Xdt5YfbjQq6VoKnyw6Zav)
(DRIVE XDt5YfbjQq6VoKnyw6Zav Xi2zuTkgDKtYA8Q9KejMN)
(DRIVE Xi2zuTkgDKtYA8Q9KejMN XnbZglhhmYQAPQz4eETaj)
(DROPOFF TA_XjgcWqrcniA4q9WNs9xkc XnbZglhhmYQAPQz4eETaj)
(HOMESAFE TA_Xjgcwqrcnia4q9wns9xkc XnbZglhhmYQAPQz4eETaj)
(DRIVE XnbZglhhmYQAPQz4eETaj Xm1IYiQsUBuvvpTv7yWXO)
(DRIVE Xm1IYiQsUBuvvpTv7yWXO XLNMZej67uy0Whvqp5OR1)
(DROPOFF TA_Xuy6RcQAYd3ATM1Icq3my XLNMZej67uy0Whvqp5OR1)
(HOMESAFE TA_Xuy6rcqayd3atm1icq3my XlNMZej67uy0Whvqp5OR1)
(DRIVE XLNMZej67uy0Whvqp5OR1 X8KfYYXeMqM0D4nShLOzi)
(DRIVE X8KfYYXeMqM0D4nShLOzi X4bQwji0D4wyEDLd54MWv)
(DROPOFF TA_XzdtRVpQ9lVyEhNj9Evpp X4bQwji0D4wyEDLd54MWv)
(DRIVE X4bQwji0D4wyEDLd54MWv XM2S9flVUcYP2sJdh8LXf)
(HOMESAFE TA_Xzdtrvpq9lvyehnj9evpp X4bQwji0D4wyEDLd54MWv)
(DRIVE XM2S9flVUcYP2sJdh8LXf XEtrZREkmL456viQQJ9Rb)
(DROPOFF TA_XBc6dudheE3WGLxP0iDdK XEtrZREkmL456viQQJ9Rb)
(DRIVE XEtrZREkmL456viQQJ9Rb XM2S9flVUcYP2sJdh8LXf)
(HOMESAFE TA_XBc6dudhee3wglxp0iddk XetrZREkmL456viQQJ9Rb)
(DRIVE XM2S9flVUcYP2sJdh8LXf XtVhIJJgs0kEFaQx1hdWm)
(DROPOFF TA_XfmFrd4vggNac5TkiFJAd XtVhIJJgs0kEFaQx1hdWm)
(DRIVE XtVhIJJgs0kEFaQx1hdWm XM2S9flVUcYP2sJdh8LXf)
(HOMESAFE TA_Xfmfrd4vggnac5tkifjad XtVhIJJgs0kEFaQx1hdWm)
(DRIVE XM2S9flVUcYP2sJdh8LXf X48nWZMVqWDxfH9uMf2U3)
(DRIVE X48nWZMVqWDxfH9uMf2U3 XzD7ErBenXxsG4D9b5TEV)
(DROPOFF TA_XLxEzX08MG9T8knIYbul0 XzD7ErBenXxsG4D9b5TEV)
(HOMESAFE TA_XLxezx08mg9t8kniybul0 XzD7ErBenXxsG4D9b5TEV)
(DRIVE XzD7ErBenXxsG4D9b5TEV Xi2zuTkgDKtYA8Q9KejMN)
(DRIVE Xi2zuTkgDKtYA8Q9KejMN XtUowOUG1V7iCXBCMR0AT)
(DROPOFF TA_X8KfYYXeMqM0D4nShLOzi XtUowOUG1V7iCXBCMR0AT)
(HOMESAFE TA_X8Kfyyxemqm0d4nshlozi XtUowOUG1V7iCXBCMR0AT)
(DRIVE XtUowOUG1V7iCXBCMR0AT XH59EihDjhfpS7ToXFM3L)
(DROPOFF TA_XnbZglhhmYQAPQz4eETaj XH59EihDjhfpS7ToXFM3L)
(DRIVE XH59EihDjhfpS7ToXFM3L XM2S9flVUcYP2sJdh8LXf)
(HOMESAFE TA_Xnbzglhhmyqapqz4eetaj Xh59EihDjhfpS7ToXFM3L)
(DRIVE XM2S9flVUcYP2sJdh8LXf XsH3pvLOfMUrEGUrmsHCu)
(DROPOFF TA_XW4IxjYZtRN88GGSV9Uoc XsH3pvLOfMUrEGUrmsHCu)
(DRIVE XsH3pvLOfMUrEGUrmsHCu XM2S9flVUcYP2sJdh8LXf)
(HOMESAFE TA_XW4Ixjyztrn88ggsv9uoc XsH3pvLOfMUrEGUrmsHCu)
(DRIVE XM2S9flVUcYP2sJdh8LXf Xk7k4sHxeh1pR4sOjcVuj)
(DRIVE Xk7k4sHxeh1pR4sOjcVuj XDc1wEVV3kuOZotG6pNlL)
(DRIVE XDc1wEVV3kuOZotG6pNlL Xag5vZ07KPwCr1Lpz8zM0)
(DRIVE Xag5vZ07KPwCr1Lpz8zM0 XfmFrd4vggNac5TkiFJAd)
(DROPOFF TA_XZ0DuoZMcx6oyDPWFznMK XfmFrd4vggNac5TkiFJAd)
(HOMESAFE TA_XZ0Duozmcx6oydpwfznmk XfmFrd4vggNac5TkiFJAd)
(DRIVE XfmFrd4vggNac5TkiFJAd XPqf0Sn4UvsBLaxz7WO4n)
(DROPOFF TA_XpNXWB5geApaSjbsCCT4J XPqf0Sn4UvsBLaxz7WO4n)
(DRIVE XPqf0Sn4UvsBLaxz7WO4n XM2S9flVUcYP2sJdh8LXf)
(HOMESAFE TA_Xpnxwb5geapasjbscct4j Xpqf0Sn4UvsBLaxz7WO4n)
(DRIVE XM2S9flVUcYP2sJdh8LXf XyHMPX8vHctuUweyLluyz)
(DROPOFF TA_X9GrchmlNCDIapQ9OnEYh XyHMPX8vHctuUweyLluyz)
(DRIVE XyHMPX8vHctuUweyLluyz XM2S9flVUcYP2sJdh8LXf)
(WALK TA_X9GrchmlNCDIapQ9OnEYh XyHMPX8vHctuUweyLluyz X5gumrx48u1yPpF6ivPOI)
(WALK TA_X9GrchmlNCDIapQ9OnEYh X5gumrx48u1yPpF6ivPOI XvxiwkV1b5fV2sGCBFsRQ)
(WALK TA_X9GrchmlNCDIapQ9OnEYh XvxiwkV1b5fV2sGCBFsRQ XgZVNRDm5p6aX5QEEX8UG)
(HOMESAFE TA_X9Grchmlncdiapq9oneyh XgZVNRDm5p6aX5QEEX8UG)
(DRIVE XM2S9flVUcYP2sJdh8LXf X4bQwji0D4wyEDLd54MWv)
(DRIVE X4bQwji0D4wyEDLd54MWv XoWxP87H6AXwFzF0dpB9d)
(DROPOFF TA_XM2S9flVUcYP2sJdh8LXf XoWxP87H6AXwFzF0dpB9d)
(HOMESAFE TA_XM2S9flvucyp2sjdh8lxf XoWxP87H6AXwFzF0dpB9d)
(DRIVE XoWxP87H6AXwFzF0dpB9d XKfu1pc3YPMGebW7Iu8ex)
(DROPOFF TA_XEtrZREkmL456viQQJ9Rb XKfu1pc3YPMGebW7Iu8ex)
(HOMESAFE TA_XEtrzrekml456viqqj9rb Xkfu1pc3YPMGebW7Iu8ex)
(DRIVE XKfu1pc3YPMGebW7Iu8ex XpNXWB5geApaSjbsCCT4J)
(DRIVE XpNXWB5geApaSjbsCCT4J XL8bxdxuDa5issn2PiN3u)
(DROPOFF TA_XXmlH4l2BXG35TF70bZqZ XL8bxdxuDa5issn2PiN3u)
(DRIVE XL8bxdxuDa5issn2PiN3u XM2S9flVUcYP2sJdh8LXf)
(HOMESAFE TA_XXmlh4l2bxg35tf70bzqz Xl8bxdxuDa5issn2PiN3u)
(DRIVE XM2S9flVUcYP2sJdh8LXf XS8uMGvUglWyhnfV5Wzdp)
(DROPOFF TA_XoWxP87H6AXwFzF0dpB9d XS8uMGvUglWyhnfV5Wzdp)
(DRIVE XS8uMGvUglWyhnfV5Wzdp XM2S9flVUcYP2sJdh8LXf)
(HOMESAFE TA_Xowxp87h6axwfzf0dpb9d Xs8uMGvUglWyhnfV5Wzdp)
(DRIVE XM2S9flVUcYP2sJdh8LXf XyHMPX8vHctuUweyLluyz)
(DROPOFF TA_XdOKaHsIcDX32wPXAX2Gt XyHMPX8vHctuUweyLluyz)
(DRIVE XyHMPX8vHctuUweyLluyz XM2S9flVUcYP2sJdh8LXf)
(HOMESAFE TA_Xdokahsicdx32wpxax2gt XyHMPX8vHctuUweyLluyz)
(DRIVE XM2S9flVUcYP2sJdh8LXf XX9TJsvmT50zYeG0q6XSG)
(DRIVE XX9TJsvmT50zYeG0q6XSG XBc6dudheE3WGLxP0iDdK)
(DROPOFF TA_XcdaizmjQrCe5Vnwy3JQF XBc6dudheE3WGLxP0iDdK)
(HOMESAFE TA_Xcdaizmjqrce5vnwy3jqf Xbc6dudheE3WGLxP0iDdK)
(DRIVE XBc6dudheE3WGLxP0iDdK XM7SD6FC2BzrEV1z9ajVv)
(DRIVE XM7SD6FC2BzrEV1z9ajVv XPZrpdQAa8H8tkrajh08J)
(DROPOFF TA_XzD7ErBenXxsG4D9b5TEV XPZrpdQAa8H8tkrajh08J)
(HOMESAFE TA_Xzd7erbenxxsg4d9b5tev XpZrpdQAa8H8tkrajh08J)
(DRIVE XPZrpdQAa8H8tkrajh08J Xm1IYiQsUBuvvpTv7yWXO)
(DRIVE Xm1IYiQsUBuvvpTv7yWXO XEu0wGcDBBrgvePzHfqrS)
(DROPOFF TA_Xk7k4sHxeh1pR4sOjcVuj XEu0wGcDBBrgvePzHfqrS)
(HOMESAFE TA_Xk7k4shxeh1pr4sojcvuj Xeu0wGcDBBrgvePzHfqrS)
(DRIVE XEu0wGcDBBrgvePzHfqrS XsZojFweTE55bBWYz0Tda)
(DRIVE XsZojFweTE55bBWYz0Tda X0uvEfLgT4s8ImTk9VWBt)
(DROPOFF TA_XyZPIHwySFuIdRJCMzjnz X0uvEfLgT4s8ImTk9VWBt)
(HOMESAFE TA_Xyzpihwysfuidrjcmzjnz X0uvEfLgT4s8ImTk9VWBt)
(DRIVE X0uvEfLgT4s8ImTk9VWBt X5gumrx48u1yPpF6ivPOI)
(DROPOFF TA_XvodEvdIApqt0N3TZsbxN X5gumrx48u1yPpF6ivPOI)
(HOMESAFE TA_Xvodevdiapqt0n3tzsbxn X5gumrx48u1yPpF6ivPOI)
(DRIVE X5gumrx48u1yPpF6ivPOI XdOKaHsIcDX32wPXAX2Gt)
(DRIVE XdOKaHsIcDX32wPXAX2Gt XM2S9flVUcYP2sJdh8LXf)
