(DRIVE XJacksonville XAtlanta)
(DROPOFF TA_XLosAngeles XAtlanta)
(HOMESAFE TA_XLosangeles Xatlanta)
(DRIVE XAtlanta XLouisville)
(DROPOFF TA_XBoston XLouisville)
(HOMESAFE TA_XBoston Xlouisville)
(DRIVE XLouisville XArlington)
(DRIVE XArlington XPortland)
(DROPOFF TA_XLouisville XPortland)
(HOMESAFE TA_XLouisville Xportland)
(DRIVE XPortland XArlington)
(DRIVE XArlington XOakland)
(DRIVE XOakland XAlbuquerque)
(DROPOFF TA_XJacksonville XAlbuquerque)
(HOMESAFE TA_XJacksonville Xalbuquerque)
(DRIVE XAlbuquerque XOakland)
(DRIVE XOakland XMiami)
(DRIVE XMiami XCharlotte)
(DRIVE XCharlotte XLasVegas)
(DROPOFF TA_XMinneapolis XLasVegas)
(HOMESAFE TA_XMinneapolis XlasVegas)
(DRIVE XLasVegas XCharlotte)
(DRIVE XCharlotte XMiami)
(DRIVE XMiami XSanAntonio)
(DRIVE XSanAntonio XDetroit)
(DRIVE XDetroit XColumbus)
(DROPOFF TA_XAustin XColumbus)
(DRIVE XColumbus XDetroit)
(WALK TA_XAustin XColumbus XTucson)
(HOMESAFE TA_XAustin Xtucson)
(DRIVE XDetroit XColumbus)
(DROPOFF TA_XIndianapolis XColumbus)
(DRIVE XColumbus XDetroit)
(DRIVE XDetroit XFortWorth)
(DROPOFF TA_XAlbuquerque XFortWorth)
(HOMESAFE TA_XAlbuquerque XfortWorth)
(DRIVE XFortWorth XOklahomaCity)
(DRIVE XOklahomaCity XArlington)
(HOMESAFE TA_XIndianapolis Xcolumbus)
(DRIVE XArlington XMilwaukee)
(DRIVE XMilwaukee XAustin)
(DROPOFF TA_XVirginiaBeach XAustin)
(HOMESAFE TA_XVirginiabeach Xaustin)
(DRIVE XAustin XRaleigh)
(DRIVE XRaleigh XMemphis)
(DROPOFF TA_XLongBeach XMemphis)
(HOMESAFE TA_XLongbeach Xmemphis)
(DRIVE XMemphis XRaleigh)
(DRIVE XRaleigh XLosAngeles)
(DROPOFF TA_XTucson XLosAngeles)
(HOMESAFE TA_XTucson XlosAngeles)
(DRIVE XLosAngeles XRaleigh)
(DRIVE XRaleigh XAustin)
(DRIVE XAustin XMilwaukee)
(DRIVE XMilwaukee XTulsa)
(DROPOFF TA_XElPaso XTulsa)
(HOMESAFE TA_XElpaso Xtulsa)
(DRIVE XTulsa XDetroit)
(DRIVE XDetroit XColumbus)
(DRIVE XColumbus XHouston)
(DRIVE XHouston XPhiladelphia)
(DROPOFF TA_XPhoenix XPhiladelphia)
(HOMESAFE TA_XPhoenix Xphiladelphia)
(DRIVE XPhiladelphia XChicago)
(DRIVE XChicago XMinneapolis)
(DROPOFF TA_XSanJose XMinneapolis)
(HOMESAFE TA_XSanjose Xminneapolis)
(DRIVE XMinneapolis XChicago)
(DRIVE XChicago XColoradoSprings)
(DRIVE XColoradoSprings XVirginiaBeach)
(DROPOFF TA_XSeattle XVirginiaBeach)
(DRIVE XVirginiaBeach XColoradoSprings)
(DRIVE XColoradoSprings XHouston)
(DRIVE XHouston XPhiladelphia)
(DRIVE XPhiladelphia XOakland)
(DRIVE XOakland XMiami)
(DRIVE XMiami XCharlotte)
(WALK TA_XSeattle XVirginiaBeach XNashville)
(WALK TA_XSeattle XNashville XElPaso)
(HOMESAFE TA_XSeattle XelPaso)
(DRIVE XCharlotte XSanFrancisco)
(DROPOFF TA_XAtlanta XSanFrancisco)
(DRIVE XSanFrancisco XCharlotte)
(DRIVE XCharlotte XMiami)
(DRIVE XMiami XSanAntonio)
(WALK TA_XAtlanta XSanFrancisco XAtlanta)
(WALK TA_XAtlanta XAtlanta XFresno)
(HOMESAFE TA_XAtlanta Xfresno)
(DRIVE XSanAntonio XBoston)
(DROPOFF TA_XColumbus XBoston)
(HOMESAFE TA_XColumbus Xboston)
(DRIVE XBoston XOklahomaCity)
(DRIVE XOklahomaCity XPhoenix)
(DROPOFF TA_XSanFrancisco XPhoenix)
(DRIVE XPhoenix XOakland)
(DRIVE XOakland XMiami)
(DRIVE XMiami XCharlotte)
(DRIVE XCharlotte XSanFrancisco)
(DROPOFF TA_XFresno XSanFrancisco)
(HOMESAFE TA_XFresno XsanFrancisco)
(DRIVE XSanFrancisco XNashville)
(DRIVE XNashville XVirginiaBeach)
(DROPOFF TA_XTulsa XVirginiaBeach)
(DRIVE XVirginiaBeach XColoradoSprings)
(HOMESAFE TA_XSanfrancisco Xphoenix)
(DRIVE XColoradoSprings XHouston)
(DRIVE XHouston XColumbus)
(DRIVE XColumbus XSeattle)
(DROPOFF TA_XMemphis XSeattle)
(DRIVE XSeattle XLasVegas)
(DRIVE XLasVegas XLongBeach)
(DROPOFF TA_XPortland XLongBeach)
(HOMESAFE TA_XPortland XlongBeach)
(DRIVE XLongBeach XBaltimore)
(DRIVE XBaltimore XSanJose)
(DROPOFF TA_XFortWorth XSanJose)
(HOMESAFE TA_XFortworth XsanJose)
(DRIVE XSanJose XIndianapolis)
(DROPOFF TA_XLasVegas XIndianapolis)
(HOMESAFE TA_XLasvegas Xindianapolis)
(DRIVE XIndianapolis XRaleigh)
(DRIVE XRaleigh XAustin)
(DRIVE XAustin XMilwaukee)
(HOMESAFE TA_XTulsa XvirginiaBeach)
(DRIVE XMilwaukee XJacksonville)
(DROPOFF TA_XPhiladelphia XJacksonville)
(HOMESAFE TA_XPhiladelphia Xjacksonville)
(HOMESAFE TA_XMemphis Xseattle)
