(DRIVE XSaintPaul XCleveland)
(DRIVE XCleveland XColumbus)
(DROPOFF TA_XNewark XColumbus)
(HOMESAFE TA_XNewark Xcolumbus)
(DRIVE XColumbus XMilwaukee)
(DROPOFF TA_XPlano XMilwaukee)
(HOMESAFE TA_XPlano Xmilwaukee)
(DRIVE XMilwaukee XColumbus)
(DRIVE XColumbus XCleveland)
(DRIVE XCleveland XSaintPaul)
(DRIVE XSaintPaul XSanJose)
(DROPOFF TA_XScottsdale XSanJose)
(HOMESAFE TA_XScottsdale XsanJose)
(DRIVE XSanJose XSaintPaul)
(DRIVE XSaintPaul XIndianapolis)
(DROPOFF TA_XDenver XIndianapolis)
(HOMESAFE TA_XDenver Xindianapolis)
(DRIVE XIndianapolis XSaintPaul)
(DRIVE XSaintPaul XGarland)
(DRIVE XGarland XNewark)
(DRIVE XNewark XScottsdale)
(DROPOFF TA_XHonolulu XScottsdale)
(HOMESAFE TA_XHonolulu Xscottsdale)
(DRIVE XScottsdale XNewark)
(DROPOFF TA_XSanAntonio XNewark)
(HOMESAFE TA_XSanantonio Xnewark)
(DRIVE XNewark XGarland)
(DRIVE XGarland XSaintPaul)
(DRIVE XSaintPaul XMiami)
(DRIVE XMiami XOmaha)
(DRIVE XOmaha XAurora)
(DROPOFF TA_XDurham XAurora)
(HOMESAFE TA_XDurham Xaurora)
(DRIVE XAurora XOmaha)
(DRIVE XOmaha XMiami)
(DRIVE XMiami XSaintPaul)
(DRIVE XSaintPaul XGarland)
(DRIVE XGarland XPortland)
(DRIVE XPortland XTampa)
(DROPOFF TA_XLexington XTampa)
(HOMESAFE TA_XLexington Xtampa)
(DRIVE XTampa XPortland)
(DRIVE XPortland XOrlando)
(DRIVE XOrlando XBoston)
(DRIVE XBoston XRaleigh)
(DROPOFF TA_XFortWorth XRaleigh)
(HOMESAFE TA_XFortworth Xraleigh)
(DRIVE XRaleigh XTucson)
(DRIVE XTucson XDetroit)
(DRIVE XDetroit XNewOrleans)
(DROPOFF TA_XHenderson XNewOrleans)
(HOMESAFE TA_XHenderson XnewOrleans)
(DRIVE XNewOrleans XDetroit)
(DRIVE XDetroit XTucson)
(DROPOFF TA_XAustin XTucson)
(HOMESAFE TA_XAustin Xtucson)
(DRIVE XTucson XDetroit)
(DRIVE XDetroit XPlano)
(DRIVE XPlano XAlbuquerque)
(DRIVE XAlbuquerque XBaltimore)
(DRIVE XBaltimore XChulaVista)
(DRIVE XChulaVista XCincinnati)
(DROPOFF TA_XFortWayne XCincinnati)
(HOMESAFE TA_XFortwayne Xcincinnati)
(DRIVE XCincinnati XChulaVista)
(DRIVE XChulaVista XCharlotte)
(DROPOFF TA_XBaltimore XCharlotte)
(HOMESAFE TA_XBaltimore Xcharlotte)
(DRIVE XCharlotte XChulaVista)
(DRIVE XChulaVista XBaltimore)
(DROPOFF TA_XHouston XBaltimore)
(HOMESAFE TA_XHouston Xbaltimore)
(DRIVE XBaltimore XChulaVista)
(DRIVE XChulaVista XCincinnati)
(DRIVE XCincinnati XPhoenix)
(DROPOFF TA_XGlendale XPhoenix)
(HOMESAFE TA_XGlendale Xphoenix)
(DRIVE XPhoenix XCincinnati)
(DRIVE XCincinnati XStPetersburg)
(DROPOFF TA_XPittsburgh XStPetersburg)
(HOMESAFE TA_XPittsburgh XstPetersburg)
(DRIVE XStPetersburg XCincinnati)
(DRIVE XCincinnati XChulaVista)
(DRIVE XChulaVista XJerseyCity)
(DROPOFF TA_XSanDiego XJerseyCity)
(HOMESAFE TA_XSandiego XjerseyCity)
(DRIVE XJerseyCity XChulaVista)
(DRIVE XChulaVista XCincinnati)
(DRIVE XCincinnati XPhoenix)
(DRIVE XPhoenix XDurham)
(DROPOFF TA_XTucson XDurham)
(HOMESAFE TA_XTucson Xdurham)
(DRIVE XDurham XPhoenix)
(DRIVE XPhoenix XCincinnati)
(DRIVE XCincinnati XChulaVista)
(DRIVE XChulaVista XHonolulu)
(DROPOFF TA_XWinstonSalem XHonolulu)
(HOMESAFE TA_XWinstonsalem Xhonolulu)
(DRIVE XHonolulu XChulaVista)
(DRIVE XChulaVista XBaltimore)
(DRIVE XBaltimore XAlbuquerque)
(DRIVE XAlbuquerque XPlano)
(DROPOFF TA_XSanJose XPlano)
(HOMESAFE TA_XSanjose Xplano)
(DRIVE XPlano XAlbuquerque)
(DRIVE XAlbuquerque XBaltimore)
(DRIVE XBaltimore XIrvine)
(DRIVE XIrvine XCharlotte)
(DRIVE XCharlotte XElPaso)
(DROPOFF TA_XSantaAna XElPaso)
(HOMESAFE TA_XSantaana XelPaso)
(DRIVE XElPaso XCharlotte)
(DRIVE XCharlotte XIrvine)
(DRIVE XIrvine XBaltimore)
(DRIVE XBaltimore XAlbuquerque)
(DRIVE XAlbuquerque XFresno)
(DRIVE XFresno XSpokane)
(DROPOFF TA_XHialeah XSpokane)
(HOMESAFE TA_XHialeah Xspokane)
(DRIVE XSpokane XFresno)
(DRIVE XFresno XAlbuquerque)
(DRIVE XAlbuquerque XBaltimore)
(DRIVE XBaltimore XLongBeach)
(DROPOFF TA_XLincoln XLongBeach)
(HOMESAFE TA_XLincoln XlongBeach)
(DRIVE XLongBeach XBaltimore)
(DRIVE XBaltimore XAlbuquerque)
(DRIVE XAlbuquerque XBatonRouge)
(DRIVE XBatonRouge XHonolulu)
(DRIVE XHonolulu XSpokane)
(DRIVE XSpokane XIrving)
(DRIVE XIrving XLouisville)
(DRIVE XLouisville XDurham)
(DRIVE XDurham XToledo)
(DRIVE XToledo XOklahomaCity)
(DROPOFF TA_XLongBeach XOklahomaCity)
(HOMESAFE TA_XLongbeach XoklahomaCity)
(DRIVE XOklahomaCity XElPaso)
(DRIVE XElPaso XAustin)
(DROPOFF TA_XCharlotte XAustin)
(HOMESAFE TA_XCharlotte Xaustin)
(DRIVE XAustin XHonolulu)
(DRIVE XHonolulu XBatonRouge)
(DRIVE XBatonRouge XFortWorth)
(DROPOFF TA_XSpokane XFortWorth)
(HOMESAFE TA_XSpokane XfortWorth)
(DRIVE XFortWorth XLouisville)
(DRIVE XLouisville XSantaAna)
(DROPOFF TA_XMilwaukee XSantaAna)
(HOMESAFE TA_XMilwaukee XsantaAna)
(DRIVE XSantaAna XLincoln)
(DRIVE XLincoln XWichita)
(DRIVE XWichita XRiverside)
(DRIVE XRiverside XChesapeake)
(DROPOFF TA_XAtlanta XChesapeake)
(HOMESAFE TA_XAtlanta Xchesapeake)
(DRIVE XChesapeake XLubbock)
(DROPOFF TA_XLaredo XLubbock)
(HOMESAFE TA_XLaredo Xlubbock)
(DRIVE XLubbock XSanFrancisco)
(DRIVE XSanFrancisco XStockton)
(DROPOFF TA_XChesapeake XStockton)
(HOMESAFE TA_XChesapeake Xstockton)
(DRIVE XStockton XSanFrancisco)
(DRIVE XSanFrancisco XMadison)
(DROPOFF TA_XDallas XMadison)
(HOMESAFE TA_XDallas Xmadison)
(DRIVE XMadison XSanFrancisco)
(DRIVE XSanFrancisco XStockton)
(DRIVE XStockton XHouston)
(DROPOFF TA_XStockton XHouston)
(HOMESAFE TA_XStockton Xhouston)
(DRIVE XHouston XElPaso)
(DRIVE XElPaso XPittsburgh)
(DROPOFF TA_XColumbus XPittsburgh)
(HOMESAFE TA_XColumbus Xpittsburgh)
(DRIVE XPittsburgh XFresno)
(DRIVE XFresno XCincinnati)
(DRIVE XCincinnati XChulaVista)
(DRIVE XChulaVista XSanDiego)
(DROPOFF TA_XMemphis XSanDiego)
(HOMESAFE TA_XMemphis XsanDiego)
(DRIVE XSanDiego XChulaVista)
(DRIVE XChulaVista XCincinnati)
(DRIVE XCincinnati XOklahomaCity)
(DRIVE XOklahomaCity XHialeah)
(DROPOFF TA_XJerseyCity XHialeah)
(HOMESAFE TA_XJerseycity Xhialeah)
(DRIVE XHialeah XOklahomaCity)
(DRIVE XOklahomaCity XCincinnati)
(DRIVE XCincinnati XChulaVista)
(DRIVE XChulaVista XJerseyCity)
(DRIVE XJerseyCity XLincoln)
(DROPOFF TA_XPhoenix XLincoln)
(HOMESAFE TA_XPhoenix Xlincoln)
(DRIVE XLincoln XJerseyCity)
(DRIVE XJerseyCity XLaredo)
(DROPOFF TA_XStPetersburg XLaredo)
(HOMESAFE TA_XStpetersburg Xlaredo)
(DRIVE XLaredo XJerseyCity)
(DRIVE XJerseyCity XChulaVista)
(DRIVE XChulaVista XBaltimore)
(DRIVE XBaltimore XIrvine)
(DRIVE XIrvine XGlendale)
(DROPOFF TA_XChandler XGlendale)
(HOMESAFE TA_XChandler Xglendale)
(DRIVE XGlendale XIrvine)
(DRIVE XIrvine XBaltimore)
(DRIVE XBaltimore XAlbuquerque)
(DRIVE XAlbuquerque XFortWayne)
(DROPOFF TA_XIndianapolis XFortWayne)
(HOMESAFE TA_XIndianapolis XfortWayne)
(DRIVE XFortWayne XAlbuquerque)
(DRIVE XAlbuquerque XBaltimore)
(DRIVE XBaltimore XChulaVista)
(DRIVE XChulaVista XJerseyCity)
(DRIVE XJerseyCity XLexington)
(DROPOFF TA_XLubbock XLexington)
(HOMESAFE TA_XLubbock Xlexington)
(DRIVE XLexington XJerseyCity)
(DRIVE XJerseyCity XAustin)
(DRIVE XAustin XSanAntonio)
(DROPOFF TA_XBakersfield XSanAntonio)
(HOMESAFE TA_XBakersfield XsanAntonio)
(DRIVE XSanAntonio XAustin)
(DRIVE XAustin XHonolulu)
(DRIVE XHonolulu XMemphis)
(DROPOFF TA_XTampa XMemphis)
(HOMESAFE TA_XTampa Xmemphis)
(DRIVE XMemphis XHonolulu)
(DRIVE XHonolulu XChulaVista)
(DRIVE XChulaVista XSanDiego)
(DRIVE XSanDiego XDallas)
(DROPOFF TA_XAnchorage XDallas)
(HOMESAFE TA_XAnchorage Xdallas)
(DRIVE XDallas XSanDiego)
(DRIVE XSanDiego XChulaVista)
(DRIVE XChulaVista XCincinnati)
(DRIVE XCincinnati XStPetersburg)
(DRIVE XStPetersburg XHenderson)
(DROPOFF TA_XRaleigh XHenderson)
(HOMESAFE TA_XRaleigh Xhenderson)
(DRIVE XHenderson XLincoln)
(DRIVE XLincoln XJerseyCity)
(DRIVE XJerseyCity XToledo)
(DRIVE XToledo XAtlanta)
(DROPOFF TA_XNewOrleans XAtlanta)
(HOMESAFE TA_XNeworleans Xatlanta)
(DRIVE XAtlanta XToledo)
(DRIVE XToledo XJerseyCity)
(DRIVE XJerseyCity XChulaVista)
(DRIVE XChulaVista XCincinnati)
(DRIVE XCincinnati XFremont)
(DRIVE XFremont XChandler)
(DROPOFF TA_XOklahomaCity XChandler)
(HOMESAFE TA_XOklahomacity Xchandler)
(DRIVE XChandler XElPaso)
(DRIVE XElPaso XCharlotte)
(DRIVE XCharlotte XIrvine)
(DRIVE XIrvine XDenver)
(DROPOFF TA_XElPaso XDenver)
(HOMESAFE TA_XElpaso Xdenver)
(DRIVE XDenver XIrvine)
(DRIVE XIrvine XCharlotte)
(DRIVE XCharlotte XMinneapolis)
(DRIVE XMinneapolis XBakersfield)
(DROPOFF TA_XAurora XBakersfield)
(HOMESAFE TA_XAurora Xbakersfield)
(DRIVE XBakersfield XOklahomaCity)
(DRIVE XOklahomaCity XCincinnati)
(DRIVE XCincinnati XPhoenix)
(DRIVE XPhoenix XCharlotte)
(DRIVE XCharlotte XIrvine)
(DRIVE XIrvine XSaintPaul)
(DRIVE XSaintPaul XCleveland)
(DRIVE XCleveland XAnchorage)
(DROPOFF TA_XMadison XAnchorage)
(HOMESAFE TA_XMadison Xanchorage)
(DRIVE XAnchorage XCleveland)
(DRIVE XCleveland XSaintPaul)
(DRIVE XSaintPaul XIrvine)
(DRIVE XIrvine XBuffalo)
(DRIVE XBuffalo XOakland)
(DRIVE XOakland XWinstonSalem)
(DROPOFF TA_XCincinnati XWinstonSalem)
(HOMESAFE TA_XCincinnati XwinstonSalem)
(DRIVE XWinstonSalem XOakland)
(DRIVE XOakland XBuffalo)
(DRIVE XBuffalo XIrvine)
(DRIVE XIrvine XSaintPaul)
