(DROPOFF TA_XHuynhton XHernandezville)
(WALK TA_XHuynhton XHernandezville XJoelview)
(WALK TA_XHuynhton XJoelview XDownsville)
(WALK TA_XHuynhton XDownsville XRichardhaven)
(WALK TA_XHuynhton XRichardhaven XTammychester)
(HOMESAFE TA_XHuynhton Xtammychester)
(DROPOFF TA_XHendersonchester XHernandezville)
(WALK TA_XHendersonchester XHernandezville XJoelview)
(WALK TA_XHendersonchester XJoelview XDownsville)
(WALK TA_XHendersonchester XDownsville XWilliammouth)
(WALK TA_XHendersonchester XWilliammouth XHaasville)
(HOMESAFE TA_XHendersonchester Xhaasville)
(DROPOFF TA_XRobertborough XHernandezville)
(WALK TA_XRobertborough XHernandezville XJoelview)
(WALK TA_XRobertborough XJoelview XFarmerside)
(WALK TA_XRobertborough XFarmerside XRalphtown)
(WALK TA_XRobertborough XRalphtown XGarciaport)
(WALK TA_XRobertborough XGarciaport XCharlesburgh)
(HOMESAFE TA_XRobertborough Xcharlesburgh)
(DROPOFF TA_XWilliamsville XHernandezville)
(WALK TA_XWilliamsville XHernandezville XBeckyshire)
(WALK TA_XWilliamsville XBeckyshire XPonceville)
(WALK TA_XWilliamsville XPonceville XBridgesville)
(WALK TA_XWilliamsville XBridgesville XDennisstad)
(WALK TA_XWilliamsville XDennisstad XWilsonburgh)
(HOMESAFE TA_XWilliamsville Xwilsonburgh)
(DROPOFF TA_XBarbarachester XHernandezville)
(WALK TA_XBarbarachester XHernandezville XBeckyshire)
(WALK TA_XBarbarachester XBeckyshire XPonceville)
(WALK TA_XBarbarachester XPonceville XMcculloughchester)
(WALK TA_XBarbarachester XMcculloughchester XCrystalchester)
(WALK TA_XBarbarachester XCrystalchester XSmithmouth)
(HOMESAFE TA_XBarbarachester Xsmithmouth)
(DROPOFF TA_XEmilymouth XHernandezville)
(WALK TA_XEmilymouth XHernandezville XBeckyshire)
(WALK TA_XEmilymouth XBeckyshire XPonceville)
(WALK TA_XEmilymouth XPonceville XGarymouth)
(WALK TA_XEmilymouth XGarymouth XCamposstad)
(WALK TA_XEmilymouth XCamposstad XDonaldstad)
(HOMESAFE TA_XEmilymouth Xdonaldstad)
(DROPOFF TA_XAprilstad XHernandezville)
(WALK TA_XAprilstad XHernandezville XJoelview)
(WALK TA_XAprilstad XJoelview XFarmerside)
(WALK TA_XAprilstad XFarmerside XRalphtown)
(WALK TA_XAprilstad XRalphtown XStricklandbury)
(WALK TA_XAprilstad XStricklandbury XTylermouth)
(HOMESAFE TA_XAprilstad Xtylermouth)
(DROPOFF TA_XDeanstad XHernandezville)
(WALK TA_XDeanstad XHernandezville XBeckyshire)
(WALK TA_XDeanstad XBeckyshire XDerekton)
(WALK TA_XDeanstad XDerekton XWallaceville)
(WALK TA_XDeanstad XWallaceville XMorenoside)
(WALK TA_XDeanstad XMorenoside XJohnport)
(HOMESAFE TA_XDeanstad Xjohnport)
(DROPOFF TA_XFrancesmouth XHernandezville)
(WALK TA_XFrancesmouth XHernandezville XBeckyshire)
(WALK TA_XFrancesmouth XBeckyshire XPonceville)
(WALK TA_XFrancesmouth XPonceville XBridgesville)
(WALK TA_XFrancesmouth XBridgesville XEsparzaberg)
(WALK TA_XFrancesmouth XEsparzaberg XKristinbury)
(HOMESAFE TA_XFrancesmouth Xkristinbury)
(DROPOFF TA_XKellyfort XHernandezville)
(WALK TA_XKellyfort XHernandezville XJoelview)
(WALK TA_XKellyfort XJoelview XDownsville)
(WALK TA_XKellyfort XDownsville XRichardhaven)
(WALK TA_XKellyfort XRichardhaven XTammychester)
(WALK TA_XKellyfort XTammychester XRebeccaton)
(HOMESAFE TA_XKellyfort Xrebeccaton)
(DROPOFF TA_XCharlesburgh XHernandezville)
(WALK TA_XCharlesburgh XHernandezville XBeckyshire)
(WALK TA_XCharlesburgh XBeckyshire XPonceville)
(WALK TA_XCharlesburgh XPonceville XMcculloughchester)
(WALK TA_XCharlesburgh XMcculloughchester XJonestown)
(WALK TA_XCharlesburgh XJonestown XKellyfort)
(HOMESAFE TA_XCharlesburgh Xkellyfort)
(DROPOFF TA_XLopezview XHernandezville)
(WALK TA_XLopezview XHernandezville XJoelview)
(WALK TA_XLopezview XJoelview XMitchellchester)
(WALK TA_XLopezview XMitchellchester XSheabury)
(WALK TA_XLopezview XSheabury XMaysfort)
(WALK TA_XLopezview XMaysfort XHuynhton)
(HOMESAFE TA_XLopezview Xhuynhton)
(DROPOFF TA_XThomastown XHernandezville)
(WALK TA_XThomastown XHernandezville XBeckyshire)
(WALK TA_XThomastown XBeckyshire XPonceville)
(WALK TA_XThomastown XPonceville XBridgesville)
(WALK TA_XThomastown XBridgesville XRiveramouth)
(WALK TA_XThomastown XRiveramouth XMartinton)
(HOMESAFE TA_XThomastown Xmartinton)
(DROPOFF TA_XAdkinsfurt XHernandezville)
(WALK TA_XAdkinsfurt XHernandezville XJoelview)
(WALK TA_XAdkinsfurt XJoelview XMitchellchester)
(WALK TA_XAdkinsfurt XMitchellchester XLopezmouth)
(WALK TA_XAdkinsfurt XLopezmouth XHeathermouth)
(WALK TA_XAdkinsfurt XHeathermouth XEmilymouth)
(HOMESAFE TA_XAdkinsfurt Xemilymouth)
(DROPOFF TA_XBradshawside XHernandezville)
(WALK TA_XBradshawside XHernandezville XJoelview)
(WALK TA_XBradshawside XJoelview XFarmerside)
(WALK TA_XBradshawside XFarmerside XGabriellabury)
(WALK TA_XBradshawside XGabriellabury XMurphyberg)
(WALK TA_XBradshawside XMurphyberg XHendersonchester)
(HOMESAFE TA_XBradshawside Xhendersonchester)
(DROPOFF TA_XCrystaltown XHernandezville)
(WALK TA_XCrystaltown XHernandezville XJoelview)
(WALK TA_XCrystaltown XJoelview XFarmerside)
(WALK TA_XCrystaltown XFarmerside XRyanton)
(WALK TA_XCrystaltown XRyanton XWilliamsmouth)
(WALK TA_XCrystaltown XWilliamsmouth XMcdonaldmouth)
(HOMESAFE TA_XCrystaltown Xmcdonaldmouth)
(DROPOFF TA_XJohnsontown XHernandezville)
(WALK TA_XJohnsontown XHernandezville XJoelview)
(WALK TA_XJohnsontown XJoelview XFarmerside)
(WALK TA_XJohnsontown XFarmerside XGabriellabury)
(WALK TA_XJohnsontown XGabriellabury XCourtneyfurt)
(WALK TA_XJohnsontown XCourtneyfurt XContrerasland)
(HOMESAFE TA_XJohnsontown Xcontrerasland)
(DROPOFF TA_XAngelaview XHernandezville)
(WALK TA_XAngelaview XHernandezville XJoelview)
(WALK TA_XAngelaview XJoelview XMitchellchester)
(WALK TA_XAngelaview XMitchellchester XLopezmouth)
(WALK TA_XAngelaview XLopezmouth XDixonton)
(WALK TA_XAngelaview XDixonton XKeithton)
(HOMESAFE TA_XAngelaview Xkeithton)
(DROPOFF TA_XDonaldstad XHernandezville)
(WALK TA_XDonaldstad XHernandezville XBeckyshire)
(WALK TA_XDonaldstad XBeckyshire XDerekton)
(WALK TA_XDonaldstad XDerekton XThomaschester)
(WALK TA_XDonaldstad XThomaschester XMcfarlandville)
(WALK TA_XDonaldstad XMcfarlandville XBelindamouth)
(HOMESAFE TA_XDonaldstad Xbelindamouth)
(DROPOFF TA_XKeithton XHernandezville)
(WALK TA_XKeithton XHernandezville XBeckyshire)
(WALK TA_XKeithton XBeckyshire XPonceville)
(WALK TA_XKeithton XPonceville XGarymouth)
(WALK TA_XKeithton XGarymouth XChristophertown)
(WALK TA_XKeithton XChristophertown XCrystaltown)
(HOMESAFE TA_XKeithton Xcrystaltown)
(DROPOFF TA_XRobertsfort XHernandezville)
(WALK TA_XRobertsfort XHernandezville XJoelview)
(WALK TA_XRobertsfort XJoelview XMitchellchester)
(WALK TA_XRobertsfort XMitchellchester XLopezmouth)
(WALK TA_XRobertsfort XLopezmouth XHeathermouth)
(WALK TA_XRobertsfort XHeathermouth XLopezview)
(HOMESAFE TA_XRobertsfort Xlopezview)
(DROPOFF TA_XBelindamouth XHernandezville)
(WALK TA_XBelindamouth XHernandezville XBeckyshire)
(WALK TA_XBelindamouth XBeckyshire XDerekton)
(WALK TA_XBelindamouth XDerekton XWallaceville)
(WALK TA_XBelindamouth XWallaceville XMorenoside)
(WALK TA_XBelindamouth XMorenoside XAmberfurt)
(HOMESAFE TA_XBelindamouth Xamberfurt)
(DROPOFF TA_XDeborahfort XHernandezville)
(WALK TA_XDeborahfort XHernandezville XJoelview)
(WALK TA_XDeborahfort XJoelview XMitchellchester)
(WALK TA_XDeborahfort XMitchellchester XLopezmouth)
(WALK TA_XDeborahfort XLopezmouth XDixonton)
(WALK TA_XDeborahfort XDixonton XFrancesmouth)
(HOMESAFE TA_XDeborahfort Xfrancesmouth)
(DROPOFF TA_XAllenberg XHernandezville)
(WALK TA_XAllenberg XHernandezville XBeckyshire)
(WALK TA_XAllenberg XBeckyshire XPonceville)
(WALK TA_XAllenberg XPonceville XMcculloughchester)
(WALK TA_XAllenberg XMcculloughchester XJonestown)
(WALK TA_XAllenberg XJonestown XBarbarachester)
(HOMESAFE TA_XAllenberg Xbarbarachester)
(DROPOFF TA_XHarristown XHernandezville)
(WALK TA_XHarristown XHernandezville XBeckyshire)
(WALK TA_XHarristown XBeckyshire XPonceville)
(WALK TA_XHarristown XPonceville XGarymouth)
(WALK TA_XHarristown XGarymouth XCamposstad)
(WALK TA_XHarristown XCamposstad XWilliamsville)
(HOMESAFE TA_XHarristown Xwilliamsville)
(DROPOFF TA_XKristinbury XHernandezville)
(WALK TA_XKristinbury XHernandezville XJoelview)
(WALK TA_XKristinbury XJoelview XFarmerside)
(WALK TA_XKristinbury XFarmerside XRyanton)
(WALK TA_XKristinbury XRyanton XWilliamsmouth)
(WALK TA_XKristinbury XWilliamsmouth XJohnstonmouth)
(HOMESAFE TA_XKristinbury Xjohnstonmouth)
(DROPOFF TA_XJohnsonmouth XHernandezville)
(WALK TA_XJohnsonmouth XHernandezville XBeckyshire)
(WALK TA_XJohnsonmouth XBeckyshire XPonceville)
(WALK TA_XJohnsonmouth XPonceville XBridgesville)
(WALK TA_XJohnsonmouth XBridgesville XRiveramouth)
(WALK TA_XJohnsonmouth XRiveramouth XBradshawside)
(HOMESAFE TA_XJohnsonmouth Xbradshawside)
(DROPOFF TA_XRichardville XHernandezville)
(WALK TA_XRichardville XHernandezville XJoelview)
(WALK TA_XRichardville XJoelview XFarmerside)
(WALK TA_XRichardville XFarmerside XGabriellabury)
(WALK TA_XRichardville XGabriellabury XCourtneyfurt)
(WALK TA_XRichardville XCourtneyfurt XMorrisbury)
(HOMESAFE TA_XRichardville Xmorrisbury)
(DROPOFF TA_XWandaside XHernandezville)
(WALK TA_XWandaside XHernandezville XBeckyshire)
(WALK TA_XWandaside XBeckyshire XPonceville)
(WALK TA_XWandaside XPonceville XBridgesville)
(WALK TA_XWandaside XBridgesville XEsparzaberg)
(WALK TA_XWandaside XEsparzaberg XThomasburgh)
(HOMESAFE TA_XWandaside Xthomasburgh)
(DROPOFF TA_XSmithmouth XHernandezville)
(WALK TA_XSmithmouth XHernandezville XBeckyshire)
(WALK TA_XSmithmouth XBeckyshire XPonceville)
(WALK TA_XSmithmouth XPonceville XGarymouth)
(WALK TA_XSmithmouth XGarymouth XChristophertown)
(WALK TA_XSmithmouth XChristophertown XCrystaltown)
(WALK TA_XSmithmouth XCrystaltown XJohnsontown)
(HOMESAFE TA_XSmithmouth Xjohnsontown)
(DROPOFF TA_XTinatown XHernandezville)
(WALK TA_XTinatown XHernandezville XJoelview)
(WALK TA_XTinatown XJoelview XFarmerside)
(WALK TA_XTinatown XFarmerside XRyanton)
(WALK TA_XTinatown XRyanton XWilliamsmouth)
(WALK TA_XTinatown XWilliamsmouth XMcdonaldmouth)
(WALK TA_XTinatown XMcdonaldmouth XAdkinsfurt)
(HOMESAFE TA_XTinatown Xadkinsfurt)
(DROPOFF TA_XMcdonaldmouth XHernandezville)
(WALK TA_XMcdonaldmouth XHernandezville XJoelview)
(WALK TA_XMcdonaldmouth XJoelview XMitchellchester)
(WALK TA_XMcdonaldmouth XMitchellchester XLopezmouth)
(WALK TA_XMcdonaldmouth XLopezmouth XHeathermouth)
(WALK TA_XMcdonaldmouth XHeathermouth XLopezview)
(WALK TA_XMcdonaldmouth XLopezview XRobertsfort)
(HOMESAFE TA_XMcdonaldmouth Xrobertsfort)
(DROPOFF TA_XContrerasland XHernandezville)
(WALK TA_XContrerasland XHernandezville XBeckyshire)
(WALK TA_XContrerasland XBeckyshire XPonceville)
(WALK TA_XContrerasland XPonceville XMcculloughchester)
(WALK TA_XContrerasland XMcculloughchester XJonestown)
(WALK TA_XContrerasland XJonestown XBarbarachester)
(WALK TA_XContrerasland XBarbarachester XJonesberg)
(HOMESAFE TA_XContrerasland Xjonesberg)
(DROPOFF TA_XAndrewland XHernandezville)
(WALK TA_XAndrewland XHernandezville XBeckyshire)
(WALK TA_XAndrewland XBeckyshire XPonceville)
(WALK TA_XAndrewland XPonceville XBridgesville)
(WALK TA_XAndrewland XBridgesville XEsparzaberg)
(WALK TA_XAndrewland XEsparzaberg XKristinbury)
(WALK TA_XAndrewland XKristinbury XAllenberg)
(HOMESAFE TA_XAndrewland Xallenberg)
(DROPOFF TA_XMartinton XHernandezville)
(WALK TA_XMartinton XHernandezville XJoelview)
(WALK TA_XMartinton XJoelview XFarmerside)
(WALK TA_XMartinton XFarmerside XRalphtown)
(WALK TA_XMartinton XRalphtown XGarciaport)
(WALK TA_XMartinton XGarciaport XCharlesburgh)
(WALK TA_XMartinton XCharlesburgh XAngelaview)
(HOMESAFE TA_XMartinton Xangelaview)
(DROPOFF TA_XWilsonburgh XHernandezville)
(WALK TA_XWilsonburgh XHernandezville XBeckyshire)
(WALK TA_XWilsonburgh XBeckyshire XPonceville)
(WALK TA_XWilsonburgh XPonceville XBridgesville)
(WALK TA_XWilsonburgh XBridgesville XDennisstad)
(WALK TA_XWilsonburgh XDennisstad XWilsonburgh)
(WALK TA_XWilsonburgh XWilsonburgh XHarristown)
(HOMESAFE TA_XWilsonburgh Xharristown)
(DROPOFF TA_XJohnport XHernandezville)
(WALK TA_XJohnport XHernandezville XBeckyshire)
(WALK TA_XJohnport XBeckyshire XPonceville)
(WALK TA_XJohnport XPonceville XBridgesville)
(WALK TA_XJohnport XBridgesville XDennisstad)
(WALK TA_XJohnport XDennisstad XWilsonburgh)
(WALK TA_XJohnport XWilsonburgh XJosephton)
(HOMESAFE TA_XJohnport Xjosephton)
(DROPOFF TA_XJonesberg XHernandezville)
(WALK TA_XJonesberg XHernandezville XBeckyshire)
(WALK TA_XJonesberg XBeckyshire XPonceville)
(WALK TA_XJonesberg XPonceville XBridgesville)
(WALK TA_XJonesberg XBridgesville XRiveramouth)
(WALK TA_XJonesberg XRiveramouth XBradshawside)
(WALK TA_XJonesberg XBradshawside XWandaside)
(HOMESAFE TA_XJonesberg Xwandaside)
(DROPOFF TA_XSanchezland XHernandezville)
(WALK TA_XSanchezland XHernandezville XBeckyshire)
(WALK TA_XSanchezland XBeckyshire XPonceville)
(WALK TA_XSanchezland XPonceville XGarymouth)
(WALK TA_XSanchezland XGarymouth XCamposstad)
(WALK TA_XSanchezland XCamposstad XDonaldstad)
(WALK TA_XSanchezland XDonaldstad XThomastown)
(HOMESAFE TA_XSanchezland Xthomastown)
(DROPOFF TA_XTylermouth XHernandezville)
(WALK TA_XTylermouth XHernandezville XBeckyshire)
(WALK TA_XTylermouth XBeckyshire XPonceville)
(WALK TA_XTylermouth XPonceville XMcculloughchester)
(WALK TA_XTylermouth XMcculloughchester XCrystalchester)
(WALK TA_XTylermouth XCrystalchester XSmithmouth)
(WALK TA_XTylermouth XSmithmouth XRobertborough)
(HOMESAFE TA_XTylermouth Xrobertborough)
(DROPOFF TA_XHaasville XHernandezville)
(WALK TA_XHaasville XHernandezville XBeckyshire)
(WALK TA_XHaasville XBeckyshire XPonceville)
(WALK TA_XHaasville XPonceville XBridgesville)
(WALK TA_XHaasville XBridgesville XEsparzaberg)
(WALK TA_XHaasville XEsparzaberg XThomasburgh)
(WALK TA_XHaasville XThomasburgh XSanchezland)
(HOMESAFE TA_XHaasville Xsanchezland)
(DROPOFF TA_XMorrisbury XHernandezville)
(WALK TA_XMorrisbury XHernandezville XBeckyshire)
(WALK TA_XMorrisbury XBeckyshire XPonceville)
(WALK TA_XMorrisbury XPonceville XBridgesville)
(WALK TA_XMorrisbury XBridgesville XRiveramouth)
(WALK TA_XMorrisbury XRiveramouth XMartinton)
(WALK TA_XMorrisbury XMartinton XBrianland)
(HOMESAFE TA_XMorrisbury Xbrianland)
(DROPOFF TA_XJohnstonmouth XHernandezville)
(WALK TA_XJohnstonmouth XHernandezville XBeckyshire)
(WALK TA_XJohnstonmouth XBeckyshire XPonceville)
(WALK TA_XJohnstonmouth XPonceville XMcculloughchester)
(WALK TA_XJohnstonmouth XMcculloughchester XJonestown)
(WALK TA_XJohnstonmouth XJonestown XKellyfort)
(WALK TA_XJohnstonmouth XKellyfort XTinatown)
(HOMESAFE TA_XJohnstonmouth Xtinatown)
(DROPOFF TA_XRebeccaton XHernandezville)
(WALK TA_XRebeccaton XHernandezville XJoelview)
(WALK TA_XRebeccaton XJoelview XMitchellchester)
(WALK TA_XRebeccaton XMitchellchester XLopezmouth)
(WALK TA_XRebeccaton XLopezmouth XDixonton)
(WALK TA_XRebeccaton XDixonton XKeithton)
(WALK TA_XRebeccaton XKeithton XAprilstad)
(HOMESAFE TA_XRebeccaton Xaprilstad)
(DROPOFF TA_XAmberfurt XHernandezville)
(WALK TA_XAmberfurt XHernandezville XJoelview)
(WALK TA_XAmberfurt XJoelview XFarmerside)
(WALK TA_XAmberfurt XFarmerside XRalphtown)
(WALK TA_XAmberfurt XRalphtown XStricklandbury)
(WALK TA_XAmberfurt XStricklandbury XTylermouth)
(WALK TA_XAmberfurt XTylermouth XDeanstad)
(HOMESAFE TA_XAmberfurt Xdeanstad)
(DROPOFF TA_XJosephton XHernandezville)
(WALK TA_XJosephton XHernandezville XBeckyshire)
(WALK TA_XJosephton XBeckyshire XPonceville)
(WALK TA_XJosephton XPonceville XBridgesville)
(WALK TA_XJosephton XBridgesville XRiveramouth)
(WALK TA_XJosephton XRiveramouth XMartinton)
(WALK TA_XJosephton XMartinton XDeborahfort)
(HOMESAFE TA_XJosephton Xdeborahfort)
(DROPOFF TA_XBrianland XHernandezville)
(WALK TA_XBrianland XHernandezville XBeckyshire)
(WALK TA_XBrianland XBeckyshire XPonceville)
(WALK TA_XBrianland XPonceville XMcculloughchester)
(WALK TA_XBrianland XMcculloughchester XJonestown)
(WALK TA_XBrianland XJonestown XKellyfort)
(WALK TA_XBrianland XKellyfort XPittsland)
(HOMESAFE TA_XBrianland Xpittsland)
(DROPOFF TA_XPittsland XHernandezville)
(WALK TA_XPittsland XHernandezville XBeckyshire)
(WALK TA_XPittsland XBeckyshire XPonceville)
(WALK TA_XPittsland XPonceville XBridgesville)
(WALK TA_XPittsland XBridgesville XEsparzaberg)
(WALK TA_XPittsland XEsparzaberg XThomasburgh)
(WALK TA_XPittsland XThomasburgh XJohnsonmouth)
(HOMESAFE TA_XPittsland Xjohnsonmouth)
(DROPOFF TA_XThomasburgh XHernandezville)
(WALK TA_XThomasburgh XHernandezville XJoelview)
(WALK TA_XThomasburgh XJoelview XMitchellchester)
(WALK TA_XThomasburgh XMitchellchester XLopezmouth)
(WALK TA_XThomasburgh XLopezmouth XDixonton)
(WALK TA_XThomasburgh XDixonton XFrancesmouth)
(WALK TA_XThomasburgh XFrancesmouth XRichardville)
(HOMESAFE TA_XThomasburgh Xrichardville)
(DROPOFF TA_XTammychester XHernandezville)
(WALK TA_XTammychester XHernandezville XJoelview)
(WALK TA_XTammychester XJoelview XMitchellchester)
(WALK TA_XTammychester XMitchellchester XLopezmouth)
(WALK TA_XTammychester XLopezmouth XDixonton)
(WALK TA_XTammychester XDixonton XKeithton)
(WALK TA_XTammychester XKeithton XAndrewland)
(HOMESAFE TA_XTammychester Xandrewland)
