(DROPOFF TA_XGlasston XTaylorville)
(WALK TA_XGlasston XTaylorville XWeberside)
(WALK TA_XGlasston XWeberside XJonesbury)
(WALK TA_XGlasston XJonesbury XJamestown)
(HOMESAFE TA_XGlasston Xjamestown)
(DROPOFF TA_XNicholefurt XTaylorville)
(WALK TA_XNicholefurt XTaylorville XWeberside)
(WALK TA_XNicholefurt XWeberside XJonesbury)
(WALK TA_XNicholefurt XJonesbury XLloydton)
(HOMESAFE TA_XNicholefurt Xlloydton)
(DROPOFF TA_XMichaelfort XTaylorville)
(WALK TA_XMichaelfort XTaylorville XValerietown)
(WALK TA_XMichaelfort XValerietown XStewartberg)
(WALK TA_XMichaelfort XStewartberg XTinaville)
(WALK TA_XMichaelfort XTinaville XNicholasshire)
(HOMESAFE TA_XMichaelfort Xnicholasshire)
(DROPOFF TA_XSteventown XTaylorville)
(WALK TA_XSteventown XTaylorville XAlejandroport)
(WALK TA_XSteventown XAlejandroport XDeborahfurt)
(WALK TA_XSteventown XDeborahfurt XJacobberg)
(WALK TA_XSteventown XJacobberg XFoleyhaven)
(HOMESAFE TA_XSteventown Xfoleyhaven)
(DROPOFF TA_XStephensonburgh XTaylorville)
(WALK TA_XStephensonburgh XTaylorville XWeberside)
(WALK TA_XStephensonburgh XWeberside XJonesbury)
(WALK TA_XStephensonburgh XJonesbury XJamestown)
(WALK TA_XStephensonburgh XJamestown XNicholefurt)
(HOMESAFE TA_XStephensonburgh Xnicholefurt)
(DROPOFF TA_XMartinezfort XTaylorville)
(WALK TA_XMartinezfort XTaylorville XAlejandroport)
(WALK TA_XMartinezfort XAlejandroport XAshleyland)
(WALK TA_XMartinezfort XAshleyland XKathyfort)
(WALK TA_XMartinezfort XKathyfort XHawkinsland)
(HOMESAFE TA_XMartinezfort Xhawkinsland)
(DROPOFF TA_XUnderwoodmouth XTaylorville)
(WALK TA_XUnderwoodmouth XTaylorville XWeberside)
(WALK TA_XUnderwoodmouth XWeberside XJonesbury)
(WALK TA_XUnderwoodmouth XJonesbury XLloydton)
(WALK TA_XUnderwoodmouth XLloydton XSmithborough)
(HOMESAFE TA_XUnderwoodmouth Xsmithborough)
(DROPOFF TA_XNicholasshire XTaylorville)
(WALK TA_XNicholasshire XTaylorville XValerietown)
(WALK TA_XNicholasshire XValerietown XStewartberg)
(WALK TA_XNicholasshire XStewartberg XTinaville)
(WALK TA_XNicholasshire XTinaville XSteventown)
(HOMESAFE TA_XNicholasshire Xsteventown)
(DROPOFF TA_XSaraport XTaylorville)
(WALK TA_XSaraport XTaylorville XWeberside)
(WALK TA_XSaraport XWeberside XJonesbury)
(WALK TA_XSaraport XJonesbury XLloydton)
(WALK TA_XSaraport XLloydton XStephensonburgh)
(HOMESAFE TA_XSaraport Xstephensonburgh)
(DROPOFF TA_XUnderwoodborough XTaylorville)
(WALK TA_XUnderwoodborough XTaylorville XValerietown)
(WALK TA_XUnderwoodborough XValerietown XJohnmouth)
(WALK TA_XUnderwoodborough XJohnmouth XKempshire)
(WALK TA_XUnderwoodborough XKempshire XGrahambury)
(HOMESAFE TA_XUnderwoodborough Xgrahambury)
(DROPOFF TA_XFoleyhaven XTaylorville)
(WALK TA_XFoleyhaven XTaylorville XAlejandroport)
(WALK TA_XFoleyhaven XAlejandroport XDeborahfurt)
(WALK TA_XFoleyhaven XDeborahfurt XAnthonyburgh)
(WALK TA_XFoleyhaven XAnthonyburgh XMartinezfort)
(HOMESAFE TA_XFoleyhaven Xmartinezfort)
(DROPOFF TA_XKristenmouth XTaylorville)
(WALK TA_XKristenmouth XTaylorville XValerietown)
(WALK TA_XKristenmouth XValerietown XJohnmouth)
(WALK TA_XKristenmouth XJohnmouth XKempshire)
(WALK TA_XKristenmouth XKempshire XMichaelfort)
(HOMESAFE TA_XKristenmouth Xmichaelfort)
(DROPOFF TA_XLloydton XTaylorville)
(WALK TA_XLloydton XTaylorville XWeberside)
(WALK TA_XLloydton XWeberside XEduardotown)
(WALK TA_XLloydton XEduardotown XSullivanmouth)
(WALK TA_XLloydton XSullivanmouth XUnderwoodborough)
(HOMESAFE TA_XLloydton Xunderwoodborough)
(DROPOFF TA_XCamposstad XTaylorville)
(WALK TA_XCamposstad XTaylorville XWeberside)
(WALK TA_XCamposstad XWeberside XEduardotown)
(WALK TA_XCamposstad XEduardotown XSullivanmouth)
(WALK TA_XCamposstad XSullivanmouth XMichaelville)
(HOMESAFE TA_XCamposstad Xmichaelville)
(DROPOFF TA_XLewisburgh XTaylorville)
(WALK TA_XLewisburgh XTaylorville XAlejandroport)
(WALK TA_XLewisburgh XAlejandroport XShawnport)
(WALK TA_XLewisburgh XShawnport XMariaview)
(WALK TA_XLewisburgh XMariaview XKristenmouth)
(HOMESAFE TA_XLewisburgh Xkristenmouth)
(DROPOFF TA_XJamestown XTaylorville)
(WALK TA_XJamestown XTaylorville XAlejandroport)
(WALK TA_XJamestown XAlejandroport XShawnport)
(WALK TA_XJamestown XShawnport XMariaview)
(WALK TA_XJamestown XMariaview XSaraport)
(HOMESAFE TA_XJamestown Xsaraport)
(DROPOFF TA_XGrahambury XTaylorville)
(WALK TA_XGrahambury XTaylorville XWeberside)
(WALK TA_XGrahambury XWeberside XJonesbury)
(WALK TA_XGrahambury XJonesbury XJamestown)
(WALK TA_XGrahambury XJamestown XGlasston)
(HOMESAFE TA_XGrahambury Xglasston)
(DROPOFF TA_XStevenshire XTaylorville)
(WALK TA_XStevenshire XTaylorville XAlejandroport)
(WALK TA_XStevenshire XAlejandroport XAshleyland)
(WALK TA_XStevenshire XAshleyland XKathyfort)
(WALK TA_XStevenshire XKathyfort XHawkinsland)
(WALK TA_XStevenshire XHawkinsland XAyalabury)
(HOMESAFE TA_XStevenshire Xayalabury)
(DROPOFF TA_XEricksonmouth XTaylorville)
(WALK TA_XEricksonmouth XTaylorville XAlejandroport)
(WALK TA_XEricksonmouth XAlejandroport XDeborahfurt)
(WALK TA_XEricksonmouth XDeborahfurt XAnthonyburgh)
(WALK TA_XEricksonmouth XAnthonyburgh XMartinezfort)
(WALK TA_XEricksonmouth XMartinezfort XEricksonmouth)
(HOMESAFE TA_XEricksonmouth Xericksonmouth)
(DROPOFF TA_XAlexmouth XTaylorville)
(WALK TA_XAlexmouth XTaylorville XAlejandroport)
(WALK TA_XAlexmouth XAlejandroport XShawnport)
(WALK TA_XAlexmouth XShawnport XMariaview)
(WALK TA_XAlexmouth XMariaview XKristenmouth)
(WALK TA_XAlexmouth XKristenmouth XStevenshire)
(HOMESAFE TA_XAlexmouth Xstevenshire)
(DROPOFF TA_XJohnsonside XTaylorville)
(WALK TA_XJohnsonside XTaylorville XAlejandroport)
(WALK TA_XJohnsonside XAlejandroport XAshleyland)
(WALK TA_XJohnsonside XAshleyland XKathyfort)
(WALK TA_XJohnsonside XKathyfort XHawkinsland)
(WALK TA_XJohnsonside XHawkinsland XCamposstad)
(HOMESAFE TA_XJohnsonside Xcamposstad)
(DROPOFF TA_XMichaelville XTaylorville)
(WALK TA_XMichaelville XTaylorville XAlejandroport)
(WALK TA_XMichaelville XAlejandroport XShawnport)
(WALK TA_XMichaelville XShawnport XMariaview)
(WALK TA_XMichaelville XMariaview XSaraport)
(WALK TA_XMichaelville XSaraport XUnderwoodmouth)
(HOMESAFE TA_XMichaelville Xunderwoodmouth)
(DROPOFF TA_XAyalabury XTaylorville)
(WALK TA_XAyalabury XTaylorville XAlejandroport)
(WALK TA_XAyalabury XAlejandroport XShawnport)
(WALK TA_XAyalabury XShawnport XMariaview)
(WALK TA_XAyalabury XMariaview XSaraport)
(WALK TA_XAyalabury XSaraport XLewisburgh)
(HOMESAFE TA_XAyalabury Xlewisburgh)
(DROPOFF TA_XHawkinsland XTaylorville)
(WALK TA_XHawkinsland XTaylorville XAlejandroport)
(WALK TA_XHawkinsland XAlejandroport XShawnport)
(WALK TA_XHawkinsland XShawnport XMariaview)
(WALK TA_XHawkinsland XMariaview XKristenmouth)
(WALK TA_XHawkinsland XKristenmouth XAlexmouth)
(HOMESAFE TA_XHawkinsland Xalexmouth)
(DROPOFF TA_XSmithborough XTaylorville)
(WALK TA_XSmithborough XTaylorville XValerietown)
(WALK TA_XSmithborough XValerietown XJohnmouth)
(WALK TA_XSmithborough XJohnmouth XKempshire)
(WALK TA_XSmithborough XKempshire XGrahambury)
(WALK TA_XSmithborough XGrahambury XJohnsonside)
(HOMESAFE TA_XSmithborough Xjohnsonside)
