(DROPOFF TA_XA1 XA0)
(WALK TA_XA1 XA0 XC5)
(HOMESAFE TA_XA1 XC5)
(DROPOFF TA_XA2 XA0)
(WALK TA_XA2 XA0 XC4)
(HOMESAFE TA_XA2 XC4)
(DROPOFF TA_XA3 XA0)
(WALK TA_XA3 XA0 XC3)
(HOMESAFE TA_XA3 XC3)
(DROPOFF TA_XA4 XA0)
(WALK TA_XA4 XA0 XC2)
(HOMESAFE TA_XA4 XC2)
(DROPOFF TA_XA5 XA0)
(WALK TA_XA5 XA0 XC1)
(HOMESAFE TA_XA5 XC1)
(DROPOFF TA_XA6 XA0)
(WALK TA_XA6 XA0 XC0)
(HOMESAFE TA_XA6 XC0)
(DROPOFF TA_XA7 XA0)
(WALK TA_XA7 XA0 XB9)
(HOMESAFE TA_XA7 XB9)
(DROPOFF TA_XA8 XA0)
(WALK TA_XA8 XA0 XB8)
(HOMESAFE TA_XA8 XB8)
(DROPOFF TA_XA9 XA0)
(WALK TA_XA9 XA0 XB7)
(HOMESAFE TA_XA9 XB7)
(DROPOFF TA_XB0 XA0)
(WALK TA_XB0 XA0 XB6)
(HOMESAFE TA_XB0 XB6)
(DROPOFF TA_XB1 XA0)
(WALK TA_XB1 XA0 XB5)
(HOMESAFE TA_XB1 XB5)
(DROPOFF TA_XB2 XA0)
(WALK TA_XB2 XA0 XB4)
(HOMESAFE TA_XB2 XB4)
(DROPOFF TA_XB3 XA0)
(WALK TA_XB3 XA0 XB3)
(HOMESAFE TA_XB3 XB3)
(DROPOFF TA_XB4 XA0)
(WALK TA_XB4 XA0 XB2)
(HOMESAFE TA_XB4 XB2)
(DROPOFF TA_XB5 XA0)
(WALK TA_XB5 XA0 XB1)
(HOMESAFE TA_XB5 XB1)
(DROPOFF TA_XB6 XA0)
(WALK TA_XB6 XA0 XB0)
(HOMESAFE TA_XB6 XB0)
(DROPOFF TA_XB7 XA0)
(WALK TA_XB7 XA0 XA9)
(HOMESAFE TA_XB7 XA9)
(DROPOFF TA_XB8 XA0)
(WALK TA_XB8 XA0 XA8)
(HOMESAFE TA_XB8 XA8)
(DROPOFF TA_XB9 XA0)
(WALK TA_XB9 XA0 XA7)
(HOMESAFE TA_XB9 XA7)
(DROPOFF TA_XC0 XA0)
(WALK TA_XC0 XA0 XA6)
(HOMESAFE TA_XC0 XA6)
(DROPOFF TA_XC1 XA0)
(WALK TA_XC1 XA0 XA5)
(HOMESAFE TA_XC1 XA5)
(DROPOFF TA_XC2 XA0)
(WALK TA_XC2 XA0 XA4)
(HOMESAFE TA_XC2 XA4)
(DROPOFF TA_XC3 XA0)
(WALK TA_XC3 XA0 XA3)
(HOMESAFE TA_XC3 XA3)
(DROPOFF TA_XC4 XA0)
(WALK TA_XC4 XA0 XA2)
(HOMESAFE TA_XC4 XA2)
(DROPOFF TA_XC5 XA0)
(WALK TA_XC5 XA0 XA1)
(HOMESAFE TA_XC5 XA1)
