(DRIVE Xtepsteinfdkilldlmhns Xhdepsteinsmdtnflkill)
(DRIVE Xhdepsteinsmdtnflkill Xndlepsteinhdtskillfm)
(DROPOFF TA_Xnkillsdtdhfmlepstein Xndlepsteinhdtskillfm)
(HOMESAFE TA_Xnkillsdtdhfmlepstein Xndlepsteinhdtskillfm)
(DRIVE Xndlepsteinhdtskillfm Xepsteinthsdmndkillfl)
(DRIVE Xepsteinthsdmndkillfl Xnfdhepsteinltsdmkill)
(DRIVE Xnfdhepsteinltsdmkill Xskilldnmlhdftepstein)
(DROPOFF TA_Xskilldnmlhdftepstein Xskilldnmlhdftepstein)
(HOMESAFE TA_Xskilldnmlhdftepstein Xskilldnmlhdftepstein)
(DRIVE Xskilldnmlhdftepstein Xsltkillfndepsteinmhd)
(DRIVE Xsltkillfndepsteinmhd Xhtskillepsteindnlfdm)
(DROPOFF TA_Xkillepsteintdldshfnm Xhtskillepsteindnlfdm)
(HOMESAFE TA_Xkillepsteintdldshfnm Xhtskillepsteindnlfdm)
(DRIVE Xhtskillepsteindnlfdm Xhepsteinnfstkilllmdd)
(DROPOFF TA_Xhtskillepsteindnlfdm Xhepsteinnfstkilllmdd)
(HOMESAFE TA_Xhtskillepsteindnlfdm Xhepsteinnfstkilllmdd)
(DRIVE Xhepsteinnfstkilllmdd Xthmepsteinlkillfsndd)
(DRIVE Xthmepsteinlkillfsndd Xnfdhepsteinltsdmkill)
(DROPOFF TA_Xnlhtdsdepsteinfmkill Xnfdhepsteinltsdmkill)
(HOMESAFE TA_Xnlhtdsdepsteinfmkill Xnfdhepsteinltsdmkill)
(DRIVE Xnfdhepsteinltsdmkill Xthmepsteinlkillfsndd)
(DRIVE Xthmepsteinlkillfsndd Xnmhdkilltslepsteinfd)
(DRIVE Xnmhdkilltslepsteinfd Xsnldmtkillfepsteindh)
(DROPOFF TA_Xthmepsteinlkillfsndd Xsnldmtkillfepsteindh)
(HOMESAFE TA_Xthmepsteinlkillfsndd Xsnldmtkillfepsteindh)
(DRIVE Xsnldmtkillfepsteindh Xkillepsteintdldshfnm)
(DROPOFF TA_Xfnmhskilldepsteinltd Xkillepsteintdldshfnm)
(HOMESAFE TA_Xfnmhskilldepsteinltd Xkillepsteintdldshfnm)
(DRIVE Xkillepsteintdldshfnm Xnkillsdtdhfmlepstein)
(DROPOFF TA_Xhldmepsteindsnkilltf Xnkillsdtdhfmlepstein)
(HOMESAFE TA_Xhldmepsteindsnkilltf Xnkillsdtdhfmlepstein)
(DRIVE Xnkillsdtdhfmlepstein Xepsteinthsdmndkillfl)
(DRIVE Xepsteinthsdmndkillfl Xdhlepsteindkillsmtnf)
(DROPOFF TA_Xsnldmtkillfepsteindh Xdhlepsteindkillsmtnf)
(HOMESAFE TA_Xsnldmtkillfepsteindh Xdhlepsteindkillsmtnf)
(DRIVE Xdhlepsteindkillsmtnf Xlepsteinfdkillsdnmht)
(DROPOFF TA_Xepsteindsmnlfdtkillh Xlepsteinfdkillsdnmht)
(HOMESAFE TA_Xepsteindsmnlfdtkillh Xlepsteinfdkillsdnmht)
(DRIVE Xlepsteinfdkillsdnmht Xdhlepsteindkillsmtnf)
(DRIVE Xdhlepsteindkillsmtnf Xhldmepsteindsnkilltf)
(DRIVE Xhldmepsteindsnkilltf Xdmfndhstkillepsteinl)
(DRIVE Xdmfndhstkillepsteinl Xhkillmepsteinstdfdnl)
(DROPOFF TA_Xndlmhepsteintdskillf Xhkillmepsteinstdfdnl)
(HOMESAFE TA_Xndlmhepsteintdskillf Xhkillmepsteinstdfdnl)
(DRIVE Xhkillmepsteinstdfdnl Xmsnepsteinfkillhtdld)
(DRIVE Xmsnepsteinfkillhtdld Xepsteinsdfmhltkillnd)
(DROPOFF TA_Xepsteinthsdmndkillfl Xepsteinsdfmhltkillnd)
(HOMESAFE TA_Xepsteinthsdmndkillfl Xepsteinsdfmhltkillnd)
(DRIVE Xepsteinsdfmhltkillnd Xmsnepsteinfkillhtdld)
(DROPOFF TA_Xlepsteinfdkillsdnmht Xmsnepsteinfkillhtdld)
(HOMESAFE TA_Xlepsteinfdkillsdnmht Xmsnepsteinfkillhtdld)
(DRIVE Xmsnepsteinfkillhtdld Xfnmhskilldepsteinltd)
(DROPOFF TA_Xfnlskillhtepsteindmd Xfnmhskilldepsteinltd)
(HOMESAFE TA_Xfnlskillhtepsteindmd Xfnmhskilldepsteinltd)
(DRIVE Xfnmhskilldepsteinltd Xhldmepsteindsnkilltf)
(DRIVE Xhldmepsteindsnkilltf Xtmhsnfepsteinldkilld)
(DRIVE Xtmhsnfepsteinldkilld Xhdepsteinsmdtnflkill)
(DROPOFF TA_Xnfdhepsteinltsdmkill Xhdepsteinsmdtnflkill)
(HOMESAFE TA_Xnfdhepsteinltsdmkill Xhdepsteinsmdtnflkill)
(DRIVE Xhdepsteinsmdtnflkill Xthsfnmkilldlepsteind)
(DRIVE Xthsfnmkilldlepsteind Xhldmepsteindsnkilltf)
(DROPOFF TA_Xhepsteinnfstkilllmdd Xhldmepsteindsnkilltf)
(HOMESAFE TA_Xhepsteinnfstkilllmdd Xhldmepsteindsnkilltf)
(DRIVE Xhldmepsteindsnkilltf Xtmhsnfepsteinldkilld)
(DRIVE Xtmhsnfepsteinldkilld Xndlmhepsteintdskillf)
(DROPOFF TA_Xkillnfhdsdltepsteinm Xndlmhepsteintdskillf)
(HOMESAFE TA_Xkillnfhdsdltepsteinm Xndlmhepsteintdskillf)
(DRIVE Xndlmhepsteintdskillf Xnlhtdsdepsteinfmkill)
(DROPOFF TA_Xhkillmepsteinstdfdnl Xnlhtdsdepsteinfmkill)
(HOMESAFE TA_Xhkillmepsteinstdfdnl Xnlhtdsdepsteinfmkill)
(DRIVE Xnlhtdsdepsteinfmkill Xndlmhepsteintdskillf)
(DRIVE Xndlmhepsteintdskillf Xtmhsnfepsteinldkilld)
(DROPOFF TA_Xndlepsteinhdtskillfm Xtmhsnfepsteinldkilld)
(HOMESAFE TA_Xndlepsteinhdtskillfm Xtmhsnfepsteinldkilld)
(DRIVE Xtmhsnfepsteinldkilld Xhdepsteinsmdtnflkill)
(DRIVE Xhdepsteinsmdtnflkill Xtepsteinfdkilldlmhns)
(DRIVE Xtepsteinfdkilldlmhns Xkillepsteintdldshfnm)
(DRIVE Xkillepsteintdldshfnm Xthmepsteinlkillfsndd)
(DROPOFF TA_Xepsteinsdfmhltkillnd Xthmepsteinlkillfsndd)
(HOMESAFE TA_Xepsteinsdfmhltkillnd Xthmepsteinlkillfsndd)
(DRIVE Xthmepsteinlkillfsndd Xnfdhepsteinltsdmkill)
(DRIVE Xnfdhepsteinltsdmkill Xlepsteinfdkillsdnmht)
(DRIVE Xlepsteinfdkillsdnmht Xdhlepsteindkillsmtnf)
(DRIVE Xdhlepsteindkillsmtnf Xkillnfhdsdltepsteinm)
(DROPOFF TA_Xtskillepsteinhfmddnl Xkillnfhdsdltepsteinm)
(HOMESAFE TA_Xtskillepsteinhfmddnl Xkillnfhdsdltepsteinm)
(DRIVE Xkillnfhdsdltepsteinm Xdhlepsteindkillsmtnf)
(DRIVE Xdhlepsteindkillsmtnf Xkillepsteintdldshfnm)
(DRIVE Xkillepsteintdldshfnm Xthsfnmkilldlepsteind)
(DRIVE Xthsfnmkilldlepsteind Xfnlskillhtepsteindmd)
(DROPOFF TA_Xhdepsteinsmdtnflkill Xfnlskillhtepsteindmd)
(HOMESAFE TA_Xhdepsteinsmdtnflkill Xfnlskillhtepsteindmd)
(DRIVE Xfnlskillhtepsteindmd Xthsfnmkilldlepsteind)
(DRIVE Xthsfnmkilldlepsteind Xepsteinthsdmndkillfl)
(DROPOFF TA_Xmsnepsteinfkillhtdld Xepsteinthsdmndkillfl)
(HOMESAFE TA_Xmsnepsteinfkillhtdld Xepsteinthsdmndkillfl)
(DRIVE Xepsteinthsdmndkillfl Xthsfnmkilldlepsteind)
(DRIVE Xthsfnmkilldlepsteind Xtskillepsteinhfmddnl)
(DROPOFF TA_Xdhlepsteindkillsmtnf Xtskillepsteinhfmddnl)
(HOMESAFE TA_Xdhlepsteindkillsmtnf Xtskillepsteinhfmddnl)
(DRIVE Xtskillepsteinhfmddnl Xlepsteinfdkillsdnmht)
(DRIVE Xlepsteinfdkillsdnmht Xdhlepsteindkillsmtnf)
(DRIVE Xdhlepsteindkillsmtnf Xmfskillnhlddtepstein)
(DRIVE Xmfskillnhlddtepstein Xepsteindsmnlfdtkillh)
(DROPOFF TA_Xtmhsnfepsteinldkilld Xepsteindsmnlfdtkillh)
(HOMESAFE TA_Xtmhsnfepsteinldkilld Xepsteindsmnlfdtkillh)
(DRIVE Xepsteindsmnlfdtkillh Xmfskillnhlddtepstein)
(DRIVE Xmfskillnhlddtepstein Xdepsteinkillsfmnldth)
(DRIVE Xdepsteinkillsfmnldth Xhdkillfmtslndepstein)
(DRIVE Xhdkillfmtslndepstein Xtepsteinfdkilldlmhns)
