(DRIVE Xstart Xloc25)
(DRIVE Xloc25 Xhome18)
(DROPOFF TA_Xhome24 Xhome18)
(HOMESAFE TA_Xhome24 Xhome18)
(DRIVE Xhome18 Xloc25)
(DRIVE Xloc25 Xhome17)
(DROPOFF TA_Xhome23 Xhome17)
(HOMESAFE TA_Xhome23 Xhome17)
(DRIVE Xhome17 Xloc25)
(DRIVE Xloc25 Xloc24)
(DRIVE Xloc24 Xhome16)
(DROPOFF TA_Xhome22 Xhome16)
(HOMESAFE TA_Xhome22 Xhome16)
(DRIVE Xhome16 Xloc24)
(DRIVE Xloc24 Xloc25)
(DRIVE Xloc25 Xloc16)
(DRIVE Xloc16 Xloc18)
(DRIVE Xloc18 Xhome7)
(DROPOFF TA_Xhome21 Xhome7)
(HOMESAFE TA_Xhome21 Xhome7)
(DRIVE Xhome7 Xloc18)
(DRIVE Xloc18 Xloc19)
(DRIVE Xloc19 Xloc20)
(DRIVE Xloc20 Xhome22)
(DROPOFF TA_Xhome20 Xhome22)
(HOMESAFE TA_Xhome20 Xhome22)
(DRIVE Xhome22 Xloc20)
(DRIVE Xloc20 Xloc21)
(DRIVE Xloc21 Xhome3)
(DROPOFF TA_Xhome19 Xhome3)
(HOMESAFE TA_Xhome19 Xhome3)
(DRIVE Xhome3 Xloc21)
(DRIVE Xloc21 Xloc13)
(DRIVE Xloc13 Xhome21)
(DROPOFF TA_Xhome18 Xhome21)
(HOMESAFE TA_Xhome18 Xhome21)
(DRIVE Xhome21 Xloc13)
(DRIVE Xloc13 Xloc12)
(DRIVE Xloc12 Xloc11)
(DRIVE Xloc11 Xhome9)
(DROPOFF TA_Xhome17 Xhome9)
(HOMESAFE TA_Xhome17 Xhome9)
(DRIVE Xhome9 Xloc11)
(DRIVE Xloc11 Xloc16)
(DRIVE Xloc16 Xloc1)
(DRIVE Xloc1 Xhome1)
(DROPOFF TA_Xhome16 Xhome1)
(HOMESAFE TA_Xhome16 Xhome1)
(DRIVE Xhome1 Xloc1)
(DRIVE Xloc1 Xloc16)
(DRIVE Xloc16 Xhome8)
(DROPOFF TA_Xhome15 Xhome8)
(HOMESAFE TA_Xhome15 Xhome8)
(DRIVE Xhome8 Xloc16)
(DRIVE Xloc16 Xloc11)
(DRIVE Xloc11 Xloc12)
(DRIVE Xloc12 Xhome20)
(DROPOFF TA_Xhome14 Xhome20)
(HOMESAFE TA_Xhome14 Xhome20)
(DRIVE Xhome20 Xloc12)
(DRIVE Xloc12 Xloc21)
(DRIVE Xloc21 Xloc20)
(DRIVE Xloc20 Xloc19)
(DRIVE Xloc19 Xhome6)
(DROPOFF TA_Xhome13 Xhome6)
(HOMESAFE TA_Xhome13 Xhome6)
(DRIVE Xhome6 Xloc19)
(DRIVE Xloc19 Xhome24)
(DROPOFF TA_Xhome12 Xhome24)
(HOMESAFE TA_Xhome12 Xhome24)
(DRIVE Xhome24 Xloc19)
(DRIVE Xloc19 Xhome23)
(DROPOFF TA_Xhome11 Xhome23)
(HOMESAFE TA_Xhome11 Xhome23)
(DRIVE Xhome23 Xloc19)
(DRIVE Xloc19 Xloc20)
(DRIVE Xloc20 Xloc21)
(DRIVE Xloc21 Xloc13)
(DRIVE Xloc13 Xloc4)
(DRIVE Xloc4 Xhome19)
(DROPOFF TA_Xhome10 Xhome19)
(HOMESAFE TA_Xhome10 Xhome19)
(DRIVE Xhome19 Xloc4)
(DRIVE Xloc4 Xhome2)
(DROPOFF TA_Xhome9 Xhome2)
(HOMESAFE TA_Xhome9 Xhome2)
(DRIVE Xhome2 Xloc4)
(DRIVE Xloc4 Xloc13)
(DRIVE Xloc13 Xloc14)
(DRIVE Xloc14 Xhome4)
(DROPOFF TA_Xhome8 Xhome4)
(HOMESAFE TA_Xhome8 Xhome4)
(DRIVE Xhome4 Xloc14)
(DRIVE Xloc14 Xloc15)
(DRIVE Xloc15 Xhome5)
(DROPOFF TA_Xhome7 Xhome5)
(HOMESAFE TA_Xhome7 Xhome5)
(DRIVE Xhome5 Xloc15)
(DRIVE Xloc15 Xloc24)
(DRIVE Xloc24 Xloc23)
(DRIVE Xloc23 Xhome14)
(DROPOFF TA_Xhome6 Xhome14)
(DRIVE Xhome14 Xloc23)
(DRIVE Xloc23 Xhome15)
(DROPOFF TA_Xhome5 Xhome15)
(DRIVE Xhome15 Xloc23)
(DRIVE Xloc23 Xloc22)
(DRIVE Xloc22 Xhome13)
(DROPOFF TA_Xhome4 Xhome13)
(HOMESAFE TA_Xhome6 Xhome14)
(DRIVE Xhome13 Xloc22)
(DRIVE Xloc22 Xloc5)
(DRIVE Xloc5 Xhome12)
(DROPOFF TA_Xhome3 Xhome12)
(HOMESAFE TA_Xhome3 Xhome12)
(DRIVE Xhome12 Xloc5)
(HOMESAFE TA_Xhome4 Xhome13)
(DRIVE Xloc5 Xloc6)
(DRIVE Xloc6 Xloc7)
(DRIVE Xloc7 Xloc8)
(DRIVE Xloc8 Xhome11)
(DROPOFF TA_Xhome2 Xhome11)
(HOMESAFE TA_Xhome5 Xhome15)
(DRIVE Xhome11 Xloc8)
(DRIVE Xloc8 Xloc9)
(DRIVE Xloc9 Xloc10)
(DRIVE Xloc10 Xloc17)
(HOMESAFE TA_Xhome2 Xhome11)
(DROPOFF TA_Xhome1 Xloc17)
(WALK TA_Xhome1 Xloc17 Xhome10)
(HOMESAFE TA_Xhome1 Xhome10)
(DRIVE Xloc17 Xstart)
