(DRIVE Xstart Xloc1)
(DRIVE Xloc1 Xhome57)
(DROPOFF TA_Xhome100 Xhome57)
(HOMESAFE TA_Xhome100 Xhome57)
(DRIVE Xhome57 Xloc1)
(DRIVE Xloc1 Xhome58)
(DROPOFF TA_Xhome99 Xhome58)
(HOMESAFE TA_Xhome99 Xhome58)
(DRIVE Xhome58 Xloc1)
(DRIVE Xloc1 Xhome52)
(DROPOFF TA_Xhome98 Xhome52)
(HOMESAFE TA_Xhome98 Xhome52)
(DRIVE Xhome52 Xloc1)
(DRIVE Xloc1 Xhome56)
(DROPOFF TA_Xhome97 Xhome56)
(HOMESAFE TA_Xhome97 Xhome56)
(DRIVE Xhome56 Xloc1)
(DRIVE Xloc1 Xhome53)
(DROPOFF TA_Xhome96 Xhome53)
(HOMESAFE TA_Xhome96 Xhome53)
(DRIVE Xhome53 Xloc1)
(DRIVE Xloc1 Xhome55)
(DROPOFF TA_Xhome95 Xhome55)
(HOMESAFE TA_Xhome95 Xhome55)
(DRIVE Xhome55 Xloc1)
(DRIVE Xloc1 Xhome54)
(DROPOFF TA_Xhome94 Xhome54)
(HOMESAFE TA_Xhome94 Xhome54)
(DRIVE Xhome54 Xloc1)
(DRIVE Xloc1 Xhome51)
(DROPOFF TA_Xhome93 Xhome51)
(HOMESAFE TA_Xhome93 Xhome51)
(DRIVE Xhome51 Xloc1)
(DRIVE Xloc1 Xloc3)
(DRIVE Xloc3 Xloc4)
(DRIVE Xloc4 Xloc5)
(DRIVE Xloc5 Xloc6)
(DRIVE Xloc6 Xhome63)
(DROPOFF TA_Xhome92 Xhome63)
(HOMESAFE TA_Xhome92 Xhome63)
(DRIVE Xhome63 Xloc6)
(DRIVE Xloc6 Xhome65)
(DROPOFF TA_Xhome91 Xhome65)
(HOMESAFE TA_Xhome91 Xhome65)
(DRIVE Xhome65 Xloc6)
(DRIVE Xloc6 Xhome67)
(DROPOFF TA_Xhome90 Xhome67)
(HOMESAFE TA_Xhome90 Xhome67)
(DRIVE Xhome67 Xloc6)
(DRIVE Xloc6 Xhome69)
(DROPOFF TA_Xhome89 Xhome69)
(HOMESAFE TA_Xhome89 Xhome69)
(DRIVE Xhome69 Xloc6)
(DRIVE Xloc6 Xhome68)
(DROPOFF TA_Xhome88 Xhome68)
(HOMESAFE TA_Xhome88 Xhome68)
(DRIVE Xhome68 Xloc6)
(DRIVE Xloc6 Xhome62)
(DROPOFF TA_Xhome87 Xhome62)
(HOMESAFE TA_Xhome87 Xhome62)
(DRIVE Xhome62 Xloc6)
(DRIVE Xloc6 Xhome66)
(DROPOFF TA_Xhome86 Xhome66)
(HOMESAFE TA_Xhome86 Xhome66)
(DRIVE Xhome66 Xloc6)
(DRIVE Xloc6 Xhome60)
(DROPOFF TA_Xhome85 Xhome60)
(HOMESAFE TA_Xhome85 Xhome60)
(DRIVE Xhome60 Xloc6)
(DRIVE Xloc6 Xhome61)
(DROPOFF TA_Xhome84 Xhome61)
(HOMESAFE TA_Xhome84 Xhome61)
(DRIVE Xhome61 Xloc6)
(DRIVE Xloc6 Xhome64)
(DROPOFF TA_Xhome83 Xhome64)
(HOMESAFE TA_Xhome83 Xhome64)
(DRIVE Xhome64 Xloc6)
(DRIVE Xloc6 Xhome59)
(DROPOFF TA_Xhome82 Xhome59)
(HOMESAFE TA_Xhome82 Xhome59)
(DRIVE Xhome59 Xloc6)
(DRIVE Xloc6 Xloc7)
(DRIVE Xloc7 Xloc8)
(DRIVE Xloc8 Xloc9)
(DRIVE Xloc9 Xloc10)
(DRIVE Xloc10 Xloc11)
(DRIVE Xloc11 Xloc12)
(DRIVE Xloc12 Xloc13)
(DRIVE Xloc13 Xloc14)
(DRIVE Xloc14 Xloc15)
(DRIVE Xloc15 Xloc16)
(DRIVE Xloc16 Xloc17)
(DRIVE Xloc17 Xloc106)
(DRIVE Xloc106 Xhome76)
(DROPOFF TA_Xhome81 Xhome76)
(HOMESAFE TA_Xhome81 Xhome76)
(DRIVE Xhome76 Xloc106)
(DRIVE Xloc106 Xhome74)
(DROPOFF TA_Xhome80 Xhome74)
(HOMESAFE TA_Xhome80 Xhome74)
(DRIVE Xhome74 Xloc106)
(DRIVE Xloc106 Xhome77)
(DROPOFF TA_Xhome79 Xhome77)
(HOMESAFE TA_Xhome79 Xhome77)
(DRIVE Xhome77 Xloc106)
(DRIVE Xloc106 Xhome75)
(DROPOFF TA_Xhome78 Xhome75)
(HOMESAFE TA_Xhome78 Xhome75)
(DRIVE Xhome75 Xloc106)
(DRIVE Xloc106 Xhome71)
(DROPOFF TA_Xhome77 Xhome71)
(HOMESAFE TA_Xhome77 Xhome71)
(DRIVE Xhome71 Xloc106)
(DRIVE Xloc106 Xhome73)
(DROPOFF TA_Xhome76 Xhome73)
(HOMESAFE TA_Xhome76 Xhome73)
(DRIVE Xhome73 Xloc106)
(DRIVE Xloc106 Xhome72)
(DROPOFF TA_Xhome75 Xhome72)
(HOMESAFE TA_Xhome75 Xhome72)
(DRIVE Xhome72 Xloc106)
(DRIVE Xloc106 Xhome78)
(DROPOFF TA_Xhome74 Xhome78)
(HOMESAFE TA_Xhome74 Xhome78)
(DRIVE Xhome78 Xloc106)
(DRIVE Xloc106 Xhome79)
(DROPOFF TA_Xhome73 Xhome79)
(HOMESAFE TA_Xhome73 Xhome79)
(DRIVE Xhome79 Xloc106)
(DRIVE Xloc106 Xhome70)
(DROPOFF TA_Xhome72 Xhome70)
(HOMESAFE TA_Xhome72 Xhome70)
(DRIVE Xhome70 Xloc106)
(DRIVE Xloc106 Xloc17)
(DRIVE Xloc17 Xloc16)
(DRIVE Xloc16 Xloc15)
(DRIVE Xloc15 Xloc14)
(DRIVE Xloc14 Xloc13)
(DRIVE Xloc13 Xloc12)
(DRIVE Xloc12 Xloc11)
(DRIVE Xloc11 Xloc10)
(DRIVE Xloc10 Xloc9)
(DRIVE Xloc9 Xloc8)
(DRIVE Xloc8 Xloc7)
(DRIVE Xloc7 Xloc6)
(DRIVE Xloc6 Xloc5)
(DRIVE Xloc5 Xloc4)
(DRIVE Xloc4 Xloc3)
(DRIVE Xloc3 Xloc1)
(DRIVE Xloc1 Xstart)
(DRIVE Xstart Xloc50)
(DRIVE Xloc50 Xhome97)
(DROPOFF TA_Xhome71 Xhome97)
(HOMESAFE TA_Xhome71 Xhome97)
(DRIVE Xhome97 Xloc50)
(DRIVE Xloc50 Xhome98)
(DROPOFF TA_Xhome70 Xhome98)
(HOMESAFE TA_Xhome70 Xhome98)
(DRIVE Xhome98 Xloc50)
(DRIVE Xloc50 Xhome100)
(DROPOFF TA_Xhome69 Xhome100)
(HOMESAFE TA_Xhome69 Xhome100)
(DRIVE Xhome100 Xloc50)
(DRIVE Xloc50 Xhome95)
(DROPOFF TA_Xhome68 Xhome95)
(HOMESAFE TA_Xhome68 Xhome95)
(DRIVE Xhome95 Xloc50)
(DRIVE Xloc50 Xhome92)
(DROPOFF TA_Xhome67 Xhome92)
(HOMESAFE TA_Xhome67 Xhome92)
(DRIVE Xhome92 Xloc50)
(DRIVE Xloc50 Xhome93)
(DROPOFF TA_Xhome66 Xhome93)
(HOMESAFE TA_Xhome66 Xhome93)
(DRIVE Xhome93 Xloc50)
(DRIVE Xloc50 Xhome94)
(DROPOFF TA_Xhome65 Xhome94)
(HOMESAFE TA_Xhome65 Xhome94)
(DRIVE Xhome94 Xloc50)
(DRIVE Xloc50 Xhome99)
(DROPOFF TA_Xhome64 Xhome99)
(HOMESAFE TA_Xhome64 Xhome99)
(DRIVE Xhome99 Xloc50)
(DRIVE Xloc50 Xhome96)
(DROPOFF TA_Xhome63 Xhome96)
(HOMESAFE TA_Xhome63 Xhome96)
(DRIVE Xhome96 Xloc50)
(DRIVE Xloc50 Xhome91)
(DROPOFF TA_Xhome62 Xhome91)
(HOMESAFE TA_Xhome62 Xhome91)
(DRIVE Xhome91 Xloc50)
(DRIVE Xloc50 Xhome90)
(DROPOFF TA_Xhome61 Xhome90)
(HOMESAFE TA_Xhome61 Xhome90)
(DRIVE Xhome90 Xloc50)
(DRIVE Xloc50 Xstart)
(DRIVE Xstart Xloc1)
(DRIVE Xloc1 Xloc3)
(DRIVE Xloc3 Xloc4)
(DRIVE Xloc4 Xloc5)
(DRIVE Xloc5 Xloc6)
(DRIVE Xloc6 Xloc7)
(DRIVE Xloc7 Xloc8)
(DRIVE Xloc8 Xloc9)
(DRIVE Xloc9 Xloc10)
(DRIVE Xloc10 Xloc11)
(DRIVE Xloc11 Xloc12)
(DRIVE Xloc12 Xloc13)
(DRIVE Xloc13 Xloc14)
(DRIVE Xloc14 Xloc15)
(DRIVE Xloc15 Xloc16)
(DRIVE Xloc16 Xloc17)
(DRIVE Xloc17 Xloc106)
(DRIVE Xloc106 Xloc19)
(DRIVE Xloc19 Xloc20)
(DRIVE Xloc20 Xloc21)
(DRIVE Xloc21 Xloc22)
(DRIVE Xloc22 Xloc23)
(DRIVE Xloc23 Xloc24)
(DRIVE Xloc24 Xloc25)
(DRIVE Xloc25 Xhome89)
(DROPOFF TA_Xhome60 Xhome89)
(HOMESAFE TA_Xhome60 Xhome89)
(DRIVE Xhome89 Xloc25)
(DRIVE Xloc25 Xhome82)
(DROPOFF TA_Xhome59 Xhome82)
(HOMESAFE TA_Xhome59 Xhome82)
(DRIVE Xhome82 Xloc25)
(DRIVE Xloc25 Xhome83)
(DROPOFF TA_Xhome58 Xhome83)
(HOMESAFE TA_Xhome58 Xhome83)
(DRIVE Xhome83 Xloc25)
(DRIVE Xloc25 Xhome88)
(DROPOFF TA_Xhome57 Xhome88)
(HOMESAFE TA_Xhome57 Xhome88)
(DRIVE Xhome88 Xloc25)
(DRIVE Xloc25 Xhome84)
(DROPOFF TA_Xhome56 Xhome84)
(HOMESAFE TA_Xhome56 Xhome84)
(DRIVE Xhome84 Xloc25)
(DRIVE Xloc25 Xhome87)
(DROPOFF TA_Xhome55 Xhome87)
(HOMESAFE TA_Xhome55 Xhome87)
(DRIVE Xhome87 Xloc25)
(DRIVE Xloc25 Xhome86)
(DROPOFF TA_Xhome54 Xhome86)
(HOMESAFE TA_Xhome54 Xhome86)
(DRIVE Xhome86 Xloc25)
(DRIVE Xloc25 Xhome85)
(DROPOFF TA_Xhome53 Xhome85)
(HOMESAFE TA_Xhome53 Xhome85)
(DRIVE Xhome85 Xloc25)
(DRIVE Xloc25 Xhome81)
(DROPOFF TA_Xhome52 Xhome81)
(HOMESAFE TA_Xhome52 Xhome81)
(DRIVE Xhome81 Xloc25)
(DRIVE Xloc25 Xhome80)
(DROPOFF TA_Xhome51 Xhome80)
(HOMESAFE TA_Xhome51 Xhome80)
(DRIVE Xhome80 Xloc25)
(DRIVE Xloc25 Xloc24)
(DRIVE Xloc24 Xloc23)
(DRIVE Xloc23 Xloc22)
(DRIVE Xloc22 Xloc21)
(DRIVE Xloc21 Xloc20)
(DRIVE Xloc20 Xloc19)
(DRIVE Xloc19 Xloc106)
(DRIVE Xloc106 Xloc17)
(DRIVE Xloc17 Xloc16)
(DRIVE Xloc16 Xloc15)
(DRIVE Xloc15 Xloc14)
(DRIVE Xloc14 Xloc13)
(DRIVE Xloc13 Xloc12)
(DRIVE Xloc12 Xloc11)
(DRIVE Xloc11 Xloc10)
(DRIVE Xloc10 Xloc9)
(DRIVE Xloc9 Xloc8)
(DRIVE Xloc8 Xloc7)
(DRIVE Xloc7 Xloc6)
(DRIVE Xloc6 Xloc5)
(DRIVE Xloc5 Xloc4)
(DRIVE Xloc4 Xloc3)
(DRIVE Xloc3 Xloc1)
(DRIVE Xloc1 Xstart)
