(DROPOFF TA_XCambridge XBatonRouge)
(HOMESAFE TA_XCambridge XbatonRouge)
(DRIVE XBatonRouge XAtlanta)
(DRIVE XAtlanta XArvada)
(DROPOFF TA_XAberdeen XArvada)
(HOMESAFE TA_XAberdeen Xarvada)
(DRIVE XArvada XBurbank)
(DRIVE XBurbank XAbilene)
(DROPOFF TA_XAbilene XAbilene)
(HOMESAFE TA_XAbilene Xabilene)
(DRIVE XAbilene XAurora)
(DROPOFF TA_XAlbany XAurora)
(HOMESAFE TA_XAlbany Xaurora)
(DRIVE XAurora XBatonRouge)
(DRIVE XBatonRouge XBryan)
(DRIVE XBryan XBuffalo)
(DROPOFF TA_XAlbuquerque XBuffalo)
(HOMESAFE TA_XAlbuquerque Xbuffalo)
(DRIVE XBuffalo XBethlehem)
(DROPOFF TA_XAmarillo XBethlehem)
(HOMESAFE TA_XAmarillo Xbethlehem)
(DRIVE XBethlehem XAberdeen)
(DRIVE XAberdeen XAnchorage)
(DROPOFF TA_XAnchorage XAnchorage)
(HOMESAFE TA_XAnchorage Xanchorage)
(DRIVE XAnchorage XAtlanta)
(DROPOFF TA_XAnnArbor XAtlanta)
(HOMESAFE TA_XAnnarbor Xatlanta)
(DRIVE XAtlanta XAtlanticCity)
(DROPOFF TA_XArvada XAtlanticCity)
(HOMESAFE TA_XArvada XatlanticCity)
(DRIVE XAtlanticCity XBoulder)
(DROPOFF TA_XAtlanta XBoulder)
(HOMESAFE TA_XAtlanta Xboulder)
(DRIVE XBoulder XAnnArbor)
(DRIVE XAnnArbor XBradenton)
(DROPOFF TA_XAtlanticCity XBradenton)
(HOMESAFE TA_XAtlanticcity Xbradenton)
(DRIVE XBradenton XAlbuquerque)
(DROPOFF TA_XAurora XAlbuquerque)
(HOMESAFE TA_XAurora Xalbuquerque)
(DRIVE XAlbuquerque XAmarillo)
(DROPOFF TA_XBarnstable XAmarillo)
(HOMESAFE TA_XBarnstable Xamarillo)
(DRIVE XAmarillo XBarnstable)
(DROPOFF TA_XBatonRouge XBarnstable)
(HOMESAFE TA_XBatonrouge Xbarnstable)
(DRIVE XBarnstable XBoston)
(DROPOFF TA_XBeaumont XBoston)
(HOMESAFE TA_XBeaumont Xboston)
(DRIVE XBoston XAlbany)
(DROPOFF TA_XBerkeley XAlbany)
(HOMESAFE TA_XBerkeley Xalbany)
(DRIVE XAlbany XAnnArbor)
(DROPOFF TA_XBethlehem XAnnArbor)
(HOMESAFE TA_XBethlehem XannArbor)
(DRIVE XAnnArbor XBatonRouge)
(DRIVE XBatonRouge XBurbank)
(DROPOFF TA_XBirmingham XBurbank)
(HOMESAFE TA_XBirmingham Xburbank)
(DRIVE XBurbank XBryan)
(DROPOFF TA_XBoiseCity XBryan)
(HOMESAFE TA_XBoisecity Xbryan)
(DRIVE XBryan XBerkeley)
(DROPOFF TA_XBoston XBerkeley)
(HOMESAFE TA_XBoston Xberkeley)
(DRIVE XBerkeley XCambridge)
(DROPOFF TA_XBoulder XCambridge)
(HOMESAFE TA_XBoulder Xcambridge)
(DRIVE XCambridge XBatonRouge)
(DRIVE XBatonRouge XAberdeen)
(DROPOFF TA_XBradenton XAberdeen)
(DRIVE XAberdeen XBatonRouge)
(HOMESAFE TA_XBradenton Xaberdeen)
(DRIVE XBatonRouge XBirmingham)
(DROPOFF TA_XBryan XBirmingham)
(DRIVE XBirmingham XBatonRouge)
(HOMESAFE TA_XBryan Xbirmingham)
(DRIVE XBatonRouge XBellevue)
(DRIVE XBellevue XBoiseCity)
(DROPOFF TA_XBuffalo XBoiseCity)
(HOMESAFE TA_XBuffalo XboiseCity)
(DRIVE XBoiseCity XBellevue)
(DRIVE XBellevue XBeaumont)
(DROPOFF TA_XBurbank XBeaumont)
(DRIVE XBeaumont XBatonRouge)
(HOMESAFE TA_XBurbank Xbeaumont)
