(DRIVE XE5QfM X3rGcS)
(DROPOFF TA_X3rGcS X3rGcS)
(HOMESAFE TA_X3rgcs X3rGcS)
(DRIVE X3rGcS XGLYoA)
(DROPOFF TA_Xf1Y6z XGLYoA)
(HOMESAFE TA_Xf1y6z XgLYoA)
(DRIVE XGLYoA X3rGcS)
(DRIVE X3rGcS XKtuGJ)
(DROPOFF TA_XhWCGd XKtuGJ)
(HOMESAFE TA_Xhwcgd XktuGJ)
(DRIVE XKtuGJ XbeqJL)
(DROPOFF TA_XPqcOh XbeqJL)
(HOMESAFE TA_XPqcoh XbeqJL)
(DRIVE XbeqJL XlPMDV)
(DROPOFF TA_XjGP1H XlPMDV)
(HOMESAFE TA_Xjgp1h XlPMDV)
(DRIVE XlPMDV X8TDB7)
(DROPOFF TA_XwJ1Uh X8TDB7)
(HOMESAFE TA_Xwj1uh X8TDB7)
(DRIVE X8TDB7 XnRWIs)
(DROPOFF TA_XUAJ0O XnRWIs)
(HOMESAFE TA_XUAJ0O XnRWIs)
(DRIVE XnRWIs X8TDB7)
(DRIVE X8TDB7 Xeo9RR)
(DROPOFF TA_X05SJr Xeo9RR)
(HOMESAFE TA_X05SJr Xeo9RR)
(DRIVE Xeo9RR Xg7UFE)
(DRIVE Xg7UFE X4HmGm)
(DROPOFF TA_X76Tmp X4HmGm)
(HOMESAFE TA_X76Tmp X4HmGm)
(DRIVE X4HmGm XlGTR3)
(DROPOFF TA_XKtuGJ XlGTR3)
(HOMESAFE TA_XKtugj XlGTR3)
(DRIVE XlGTR3 XbgK6r)
(DROPOFF TA_X4HmGm XbgK6r)
(HOMESAFE TA_X4Hmgm XbgK6r)
(DRIVE XbgK6r XuUlBE)
(DROPOFF TA_XLn4EG XuUlBE)
(HOMESAFE TA_XLn4eg XuUlBE)
(DRIVE XuUlBE XUAJ0O)
(DROPOFF TA_XnRWIs XUAJ0O)
(HOMESAFE TA_Xnrwis XuAJ0O)
(DRIVE XUAJ0O XhWCGd)
(DROPOFF TA_XVzbsN XhWCGd)
(HOMESAFE TA_XVzbsn XhWCGd)
(DRIVE XhWCGd X05SJr)
(DROPOFF TA_XlGTR3 X05SJr)
(HOMESAFE TA_Xlgtr3 X05SJr)
(DRIVE X05SJr X3rGcS)
(DRIVE X3rGcS XsBCEV)
(DROPOFF TA_XsBCEV XsBCEV)
(HOMESAFE TA_Xsbcev XsBCEV)
(DRIVE XsBCEV XLn4EG)
(DROPOFF TA_XbgK6r XLn4EG)
(HOMESAFE TA_Xbgk6r Xln4EG)
(DRIVE XLn4EG XgMApe)
(DRIVE XgMApe Xf1Y6z)
(DROPOFF TA_XlPMDV Xf1Y6z)
(DRIVE Xf1Y6z XgMApe)
(DRIVE XgMApe XXWn9g)
(WALK TA_XlPMDV Xf1Y6z XwJ1Uh)
(HOMESAFE TA_Xlpmdv XwJ1Uh)
(DRIVE XXWn9g XgMApe)
(DRIVE XgMApe Xf1Y6z)
(DROPOFF TA_Xi0LV1 Xf1Y6z)
(DRIVE Xf1Y6z XgMApe)
(WALK TA_Xi0LV1 Xf1Y6z XPqcOh)
(HOMESAFE TA_Xi0lv1 XpqcOh)
(DRIVE XgMApe XkK9KO)
(DROPOFF TA_XkK9KO XkK9KO)
(HOMESAFE TA_Xkk9ko XkK9KO)
(DRIVE XkK9KO XgMApe)
(DRIVE XgMApe Xf1Y6z)
(DROPOFF TA_X8TDB7 Xf1Y6z)
(HOMESAFE TA_X8TDB7 Xf1Y6z)
(DRIVE Xf1Y6z XhSuE9)
(DRIVE XhSuE9 XjGP1H)
(DROPOFF TA_XGLYoA XjGP1H)
(HOMESAFE TA_XGLYoa XjGP1H)
(DRIVE XjGP1H XhEy3K)
(DRIVE XhEy3K Xi0LV1)
(DROPOFF TA_XbeqJL Xi0LV1)
(DRIVE Xi0LV1 X8TDB7)
(DRIVE X8TDB7 XVzbsN)
(DROPOFF TA_Xeo9RR XVzbsN)
(HOMESAFE TA_Xeo9rr XvzbsN)
(DRIVE XVzbsN X8TDB7)
(DRIVE X8TDB7 X76Tmp)
(DROPOFF TA_XuUlBE X76Tmp)
(DRIVE X76Tmp XE5QfM)
(HOMESAFE TA_Xbeqjl Xi0LV1)
(HOMESAFE TA_Xuulbe X76Tmp)
