(DRIVE Xcy4fm XyFKGt)
(DROPOFF TA_XuT5W0 XyFKGt)
(HOMESAFE TA_Xut5w0 XyFKGt)
(DRIVE XyFKGt Xcy4fm)
(DRIVE Xcy4fm Xw4BF1)
(DROPOFF TA_XP3lE7 Xw4BF1)
(HOMESAFE TA_XP3le7 Xw4BF1)
(DRIVE Xw4BF1 Xcy4fm)
(DRIVE Xcy4fm XyFKGt)
(DRIVE XyFKGt XrUUVt)
(DRIVE XrUUVt XyMPWG)
(DROPOFF TA_XC565q XyMPWG)
(HOMESAFE TA_XC565q XyMPWG)
(DRIVE XyMPWG XrUUVt)
(DRIVE XrUUVt X19YKC)
(DROPOFF TA_XlA2MC X19YKC)
(HOMESAFE TA_Xla2mc X19YKC)
(DRIVE X19YKC XF2nEN)
(DROPOFF TA_XP8Fbf XF2nEN)
(HOMESAFE TA_XP8Fbf Xf2nEN)
(DRIVE XF2nEN Xk9NwV)
(DRIVE Xk9NwV XvSPJ5)
(DROPOFF TA_XyMPWG XvSPJ5)
(HOMESAFE TA_Xympwg XvSPJ5)
(DRIVE XvSPJ5 XVjg5l)
(DRIVE XVjg5l XyFKGt)
(DRIVE XyFKGt XrUUVt)
(DROPOFF TA_XrUUVt XrUUVt)
(HOMESAFE TA_Xruuvt XrUUVt)
(DRIVE XrUUVt XyFKGt)
(DRIVE XyFKGt XVjg5l)
(DROPOFF TA_X5rdYI XVjg5l)
(HOMESAFE TA_X5rdyi Xvjg5l)
(DRIVE XVjg5l XyFKGt)
(DRIVE XyFKGt Xcy4fm)
(DRIVE Xcy4fm XJrJcE)
(DRIVE XJrJcE XIjjWK)
(DROPOFF TA_XvSPJ5 XIjjWK)
(HOMESAFE TA_Xvspj5 XijjWK)
(DRIVE XIjjWK XJrJcE)
(DRIVE XJrJcE Xcy4fm)
(DRIVE Xcy4fm Xw4BF1)
(DRIVE Xw4BF1 XTXvJf)
(DRIVE XTXvJf XNvAYI)
(DROPOFF TA_XIks3D XNvAYI)
(HOMESAFE TA_XIks3d XnvAYI)
(DRIVE XNvAYI XTXvJf)
(DRIVE XTXvJf XjQ7g0)
(DRIVE XjQ7g0 XyFKGt)
(DRIVE XyFKGt XuT5W0)
(DROPOFF TA_XFnVf8 XuT5W0)
(HOMESAFE TA_XFnvf8 XuT5W0)
(DRIVE XuT5W0 XyFKGt)
(DRIVE XyFKGt Xcy4fm)
(DRIVE Xcy4fm Xw4BF1)
(DRIVE Xw4BF1 XDCl5F)
(DRIVE XDCl5F XG6G4p)
(DROPOFF TA_XX6hJp XG6G4p)
(HOMESAFE TA_XX6hjp Xg6G4p)
(DRIVE XG6G4p XDCl5F)
(DRIVE XDCl5F XVjg5l)
(DRIVE XVjg5l XC0eRL)
(DROPOFF TA_Xqt5AA XC0eRL)
(HOMESAFE TA_Xqt5aa Xc0eRL)
(DRIVE XC0eRL XVjg5l)
(DRIVE XVjg5l Xw4BF1)
(DRIVE Xw4BF1 Xnogr2)
(DROPOFF TA_X6ceXl Xnogr2)
(HOMESAFE TA_X6cexl Xnogr2)
(DRIVE Xnogr2 Xw4BF1)
(DRIVE Xw4BF1 Xcy4fm)
(DRIVE Xcy4fm XjQ7g0)
(DRIVE XjQ7g0 XKYsbm)
(DROPOFF TA_Xdi7h7 XKYsbm)
(HOMESAFE TA_Xdi7h7 XkYsbm)
(DRIVE XKYsbm XjQ7g0)
(DRIVE XjQ7g0 Xcy4fm)
(DRIVE Xcy4fm Xw4BF1)
(DRIVE Xw4BF1 XDCl5F)
(DROPOFF TA_XyFKGt XDCl5F)
(HOMESAFE TA_Xyfkgt XdCl5F)
(DRIVE XDCl5F Xw4BF1)
(DRIVE Xw4BF1 XBoNoJ)
(DROPOFF TA_XVjg5l XBoNoJ)
(HOMESAFE TA_XVjg5l XboNoJ)
(DRIVE XBoNoJ XrUUVt)
(DRIVE XrUUVt XyFKGt)
(DRIVE XyFKGt XVjg5l)
(DRIVE XVjg5l XEWhpw)
(DROPOFF TA_XzQjQm XEWhpw)
(HOMESAFE TA_Xzqjqm XeWhpw)
(DRIVE XEWhpw XuT5W0)
(DRIVE XuT5W0 XyFKGt)
(DRIVE XyFKGt XrUUVt)
(DRIVE XrUUVt XLNh60)
(DROPOFF TA_XDCl5F XLNh60)
(HOMESAFE TA_XDCl5f XlNh60)
(DRIVE XLNh60 XrUUVt)
(DRIVE XrUUVt XyFKGt)
(DRIVE XyFKGt X1H2uK)
(DROPOFF TA_XLNh60 X1H2uK)
(HOMESAFE TA_XLNh60 X1H2uK)
(DRIVE X1H2uK XTXvJf)
(DRIVE XTXvJf XhOy4D)
(DROPOFF TA_X3iQ53 XhOy4D)
(HOMESAFE TA_X3iq53 XhOy4D)
(DRIVE XhOy4D XTXvJf)
(DRIVE XTXvJf XjQ7g0)
(DRIVE XjQ7g0 X8RNd8)
(DROPOFF TA_Xtao9t X8RNd8)
(HOMESAFE TA_Xtao9t X8RNd8)
(DRIVE X8RNd8 Xcy4fm)
(DRIVE Xcy4fm X7l0Vw)
(DROPOFF TA_XBoNoJ X7l0Vw)
(HOMESAFE TA_XBonoj X7l0Vw)
(DRIVE X7l0Vw XrUUVt)
(DRIVE XrUUVt XIks3D)
(DROPOFF TA_XKYsbm XIks3D)
(HOMESAFE TA_XKYsbm Xiks3D)
(DRIVE XIks3D XjQ7g0)
(DRIVE XjQ7g0 XC565q)
(DROPOFF TA_XwdXpe XC565q)
(HOMESAFE TA_Xwdxpe Xc565q)
(DRIVE XC565q XyMPWG)
(DRIVE XyMPWG XG6G4p)
(DRIVE XG6G4p Xtao9t)
(DROPOFF TA_XG6G4p Xtao9t)
(HOMESAFE TA_XG6G4p Xtao9t)
(DRIVE Xtao9t XG6G4p)
(DRIVE XG6G4p XkbRYl)
(DROPOFF TA_XIjjWK XkbRYl)
(HOMESAFE TA_XIjjwk XkbRYl)
(DRIVE XkbRYl Xme1sW)
(DRIVE Xme1sW XyFKGt)
(DRIVE XyFKGt Xcy4fm)
(DRIVE Xcy4fm Xw4BF1)
(DRIVE Xw4BF1 Xqt5AA)
(DROPOFF TA_XOFvld Xqt5AA)
(HOMESAFE TA_XOFvld Xqt5AA)
(DRIVE Xqt5AA Xk9NwV)
(DRIVE Xk9NwV XCfmbw)
(DROPOFF TA_XGHZOS XCfmbw)
(HOMESAFE TA_XGHZOS XCfmbw)
(DRIVE XCfmbw Xu4uj9)
(DRIVE Xu4uj9 X5rdYI)
(DROPOFF TA_XC0eRL X5rdYI)
(HOMESAFE TA_XC0erl X5rdYI)
(DRIVE X5rdYI XG6G4p)
(DRIVE XG6G4p XOFvld)
(DROPOFF TA_XhOy4D XOFvld)
(HOMESAFE TA_Xhoy4d XoFvld)
(DRIVE XOFvld XluD6b)
(DRIVE XluD6b Xdi7h7)
(DROPOFF TA_XEWhpw Xdi7h7)
(HOMESAFE TA_XEWhpw Xdi7h7)
(DRIVE Xdi7h7 Xu4uj9)
(DRIVE Xu4uj9 Xw4BF1)
(DRIVE Xw4BF1 X6ceXl)
(DROPOFF TA_X1H2uK X6ceXl)
(HOMESAFE TA_X1H2uk X6ceXl)
(DRIVE X6ceXl XTXvJf)
(DRIVE XTXvJf XzQjQm)
(DROPOFF TA_Xw4BF1 XzQjQm)
(HOMESAFE TA_Xw4bf1 XzQjQm)
(DRIVE XzQjQm XC0eRL)
(DRIVE XC0eRL XVjg5l)
(DRIVE XVjg5l Xjse5F)
(DROPOFF TA_XCfmbw Xjse5F)
(HOMESAFE TA_XCfmbw Xjse5F)
(DRIVE Xjse5F XrUUVt)
(DRIVE XrUUVt XFnVf8)
(DROPOFF TA_XkbRYl XFnVf8)
(HOMESAFE TA_Xkbryl XfnVf8)
(DRIVE XFnVf8 XqUtyk)
(DRIVE XqUtyk XX6hJp)
(DROPOFF TA_XXhpv3 XX6hJp)
(HOMESAFE TA_XXhpv3 Xx6hJp)
(DRIVE XX6hJp XVjg5l)
(DRIVE XVjg5l Xgk2cW)
(DROPOFF TA_X19YKC Xgk2cW)
(HOMESAFE TA_X19YKC Xgk2cW)
(DRIVE Xgk2cW XVjg5l)
(DRIVE XVjg5l XlA2MC)
(DROPOFF TA_X8aYYW XlA2MC)
(HOMESAFE TA_X8ayyw XlA2MC)
(DRIVE XlA2MC XvSPJ5)
(DRIVE XvSPJ5 XdU1Ub)
(DROPOFF TA_X7l0Vw XdU1Ub)
(HOMESAFE TA_X7l0vw XdU1Ub)
(DRIVE XdU1Ub XvSPJ5)
(DRIVE XvSPJ5 XwdXpe)
(DROPOFF TA_Xgk2cW XwdXpe)
(HOMESAFE TA_Xgk2cw XwdXpe)
(DRIVE XwdXpe XvSPJ5)
(DRIVE XvSPJ5 XI2lfX)
(DRIVE XI2lfX X3iQ53)
(DROPOFF TA_XF2nEN X3iQ53)
(HOMESAFE TA_XF2nen X3iQ53)
(DRIVE X3iQ53 XC0eRL)
(DRIVE XC0eRL X19YKC)
(DRIVE X19YKC X8aYYW)
(DROPOFF TA_X7XIxZ X8aYYW)
(HOMESAFE TA_X7XIxz X8aYYW)
(DRIVE X8aYYW Xg95ez)
(DRIVE Xg95ez XuWr4y)
(DROPOFF TA_XNvAYI XuWr4y)
(HOMESAFE TA_XNvayi XuWr4y)
(DRIVE XuWr4y XC0eRL)
(DRIVE XC0eRL XGHZOS)
(DROPOFF TA_Xnogr2 XGHZOS)
(HOMESAFE TA_Xnogr2 XgHZOS)
(DRIVE XGHZOS Xw4BF1)
(DRIVE Xw4BF1 XP8Fbf)
(DROPOFF TA_XuWr4y XP8Fbf)
(HOMESAFE TA_Xuwr4y Xp8Fbf)
(DRIVE XP8Fbf X8yfOn)
(DRIVE X8yfOn XP3lE7)
(DROPOFF TA_Xjse5F XP3lE7)
(HOMESAFE TA_Xjse5f Xp3lE7)
(DRIVE XP3lE7 XmY2cU)
(DRIVE XmY2cU XOoKEI)
(DROPOFF TA_XdU1Ub XOoKEI)
(HOMESAFE TA_Xdu1ub XooKEI)
(DRIVE XOoKEI XmY2cU)
(DRIVE XmY2cU Xcy4fm)
(DRIVE Xcy4fm XjQ7g0)
(DRIVE XjQ7g0 XXhpv3)
(DROPOFF TA_XOoKEI XXhpv3)
(HOMESAFE TA_XOokei Xxhpv3)
(DRIVE XXhpv3 XhQThM)
(DRIVE XhQThM X7XIxZ)
(DROPOFF TA_X8RNd8 X7XIxZ)
(HOMESAFE TA_X8RNd8 X7XIxZ)
(DRIVE X7XIxZ XC0eRL)
(DRIVE XC0eRL XmY2cU)
(DRIVE XmY2cU Xcy4fm)
