(DRIVE XSoda XBarrows)
(DROPOFF TA_XTheRoof XBarrows)
(HOMESAFE TA_XTheroof Xbarrows)
(DRIVE XBarrows XSoda)
(DRIVE XSoda XWellman)
(DROPOFF TA_XGoldenStatePark XWellman)
(HOMESAFE TA_XGoldenstatepark Xwellman)
(DRIVE XWellman XSoda)
(DRIVE XSoda XUnit3)
(DROPOFF TA_XLakeMerrit XUnit3)
(HOMESAFE TA_XLakemerrit Xunit3)
(DRIVE XUnit3 XSoda)
(DRIVE XSoda XGBC)
(DROPOFF TA_XClarkKerr XGBC)
(HOMESAFE TA_XClarkkerr XgBC)
(DRIVE XGBC XUnit2)
(DROPOFF TA_XFoothill XUnit2)
(HOMESAFE TA_XFoothill Xunit2)
(DRIVE XUnit2 XClarkKerr)
(DROPOFF TA_XBC XClarkKerr)
(HOMESAFE TA_XBC XClarkKerr)
(DRIVE XClarkKerr XMLK)
(DROPOFF TA_XBlackwell XMLK)
(HOMESAFE TA_XBlackwell XmLK)
(DRIVE XMLK XTheRoof)
(DROPOFF TA_XUnit3 XTheRoof)
(DRIVE XTheRoof XUnit1)
(DROPOFF TA_XUnit2 XUnit1)
(HOMESAFE TA_XUnit2 Xunit1)
(WALK TA_XUnit3 XTheRoof XBWW)
(HOMESAFE TA_XUnit3 XbWW)
(DRIVE XUnit1 XRSF)
(DROPOFF TA_XUnit1 XRSF)
(HOMESAFE TA_XUnit1 XrSF)
(DRIVE XRSF XWheeler)
(DROPOFF TA_XWellman XWheeler)
(HOMESAFE TA_XWellman Xwheeler)
(DRIVE XWheeler XMulford)
(DROPOFF TA_XMulford XMulford)
(HOMESAFE TA_XMulford Xmulford)
(DRIVE XMulford XTheRoof)
(DROPOFF TA_XMorgan XTheRoof)
(HOMESAFE TA_XMorgan XtheRoof)
(DRIVE XTheRoof XUnit1)
(DRIVE XUnit1 XMorgan)
(DROPOFF TA_XMainStacks XMorgan)
(HOMESAFE TA_XMainstacks Xmorgan)
(DRIVE XMorgan XSproul)
(DROPOFF TA_XMemorialStadium XSproul)
(HOMESAFE TA_XMemorialstadium Xsproul)
(DRIVE XSproul XSoda)
(DRIVE XSoda XLakeMerrit)
(DROPOFF TA_XBWW XLakeMerrit)
(HOMESAFE TA_XBWW XLakeMerrit)
(DRIVE XLakeMerrit XHertz)
(DROPOFF TA_XMLK XHertz)
(HOMESAFE TA_XMLK XHertz)
(DRIVE XHertz XBC)
(DROPOFF TA_XGBC XBC)
(HOMESAFE TA_XGBC XBC)
(DRIVE XBC XMLK)
(DRIVE XMLK XHaas)
(DROPOFF TA_XSproul XHaas)
(HOMESAFE TA_XSproul Xhaas)
(DRIVE XHaas XUnit1)
(DRIVE XUnit1 XStephans)
(DROPOFF TA_XRSF XStephans)
(HOMESAFE TA_XRSF XStephans)
(DRIVE XStephans XMainStacks)
(DROPOFF TA_XBarrows XMainStacks)
(DRIVE XMainStacks XSoda)
(DRIVE XSoda XDoe)
(DROPOFF TA_XHertz XDoe)
(HOMESAFE TA_XBarrows XmainStacks)
(DRIVE XDoe XGoldenStatePark)
(DROPOFF TA_XHaas XGoldenStatePark)
(HOMESAFE TA_XHaas XgoldenStatePark)
(DRIVE XGoldenStatePark XMemorialStadium)
(DROPOFF TA_XStephans XMemorialStadium)
(HOMESAFE TA_XStephans XmemorialStadium)
(DRIVE XMemorialStadium XBlackwell)
(DROPOFF TA_XWheeler XBlackwell)
(WALK TA_XHertz XDoe XFoothill)
(DRIVE XBlackwell XDoe)
(HOMESAFE TA_XWheeler Xblackwell)
(DROPOFF TA_XDoe XDoe)
(HOMESAFE TA_XDoe Xdoe)
(HOMESAFE TA_XHertz Xfoothill)
(DRIVE XDoe XSoda)
