(DRIVE XA XB)
(DRIVE XB XC)
(DRIVE XC XD)
(DRIVE XD XE)
(DRIVE XE XF)
(DRIVE XF XG)
(DRIVE XG XH)
(DRIVE XH XI)
(DRIVE XI XJ)
(DRIVE XJ XK)
(DRIVE XK XL)
(DRIVE XL XM)
(DRIVE XM XN)
(DRIVE XN XO)
(DRIVE XO XP)
(DROPOFF TA_XAE XP)
(HOMESAFE TA_XAE XP)
(DRIVE XP XQ)
(DROPOFF TA_XB XQ)
(HOMESAFE TA_XB XQ)
(DRIVE XQ XP)
(DRIVE XP XO)
(DROPOFF TA_XC XO)
(HOMESAFE TA_XC XO)
(DRIVE XO XN)
(DROPOFF TA_XD XN)
(HOMESAFE TA_XD XN)
(DRIVE XN XO)
(DRIVE XO XP)
(DRIVE XP XQ)
(DRIVE XQ XR)
(DROPOFF TA_XE XR)
(HOMESAFE TA_XE XR)
(DRIVE XR XS)
(DROPOFF TA_XF XS)
(HOMESAFE TA_XF XS)
(DRIVE XS XR)
(DRIVE XR XQ)
(DRIVE XQ XP)
(DRIVE XP XO)
(DRIVE XO XN)
(DRIVE XN XM)
(DROPOFF TA_XG XM)
(HOMESAFE TA_XG XM)
(DRIVE XM XL)
(DROPOFF TA_XH XL)
(HOMESAFE TA_XH XL)
(DRIVE XL XM)
(DRIVE XM XN)
(DRIVE XN XO)
(DRIVE XO XP)
(DRIVE XP XQ)
(DRIVE XQ XR)
(DRIVE XR XS)
(DRIVE XS XT)
(DROPOFF TA_XI XT)
(HOMESAFE TA_XI XT)
(DRIVE XT XU)
(DROPOFF TA_XJ XU)
(HOMESAFE TA_XJ XU)
(DRIVE XU XT)
(DRIVE XT XS)
(DRIVE XS XR)
(DRIVE XR XQ)
(DRIVE XQ XP)
(DRIVE XP XO)
(DRIVE XO XN)
(DRIVE XN XM)
(DRIVE XM XL)
(DRIVE XL XK)
(DROPOFF TA_XK XK)
(HOMESAFE TA_XK XK)
(DRIVE XK XJ)
(DROPOFF TA_XL XJ)
(HOMESAFE TA_XL XJ)
(DRIVE XJ XK)
(DRIVE XK XL)
(DRIVE XL XM)
(DRIVE XM XN)
(DRIVE XN XO)
(DRIVE XO XP)
(DRIVE XP XQ)
(DRIVE XQ XR)
(DRIVE XR XS)
(DRIVE XS XT)
(DRIVE XT XU)
(DRIVE XU XV)
(DROPOFF TA_XM XV)
(HOMESAFE TA_XM XV)
(DRIVE XV XW)
(DROPOFF TA_XN XW)
(HOMESAFE TA_XN XW)
(DRIVE XW XV)
(DRIVE XV XU)
(DRIVE XU XT)
(DRIVE XT XS)
(DRIVE XS XR)
(DRIVE XR XQ)
(DRIVE XQ XP)
(DRIVE XP XO)
(DRIVE XO XN)
(DRIVE XN XM)
(DRIVE XM XL)
(DRIVE XL XK)
(DRIVE XK XJ)
(DRIVE XJ XI)
(DROPOFF TA_XO XI)
(HOMESAFE TA_XO XI)
(DRIVE XI XH)
(DROPOFF TA_XP XH)
(HOMESAFE TA_XP XH)
(DRIVE XH XI)
(DRIVE XI XJ)
(DRIVE XJ XK)
(DRIVE XK XL)
(DRIVE XL XM)
(DRIVE XM XN)
(DRIVE XN XO)
(DRIVE XO XP)
(DRIVE XP XQ)
(DRIVE XQ XR)
(DRIVE XR XS)
(DRIVE XS XT)
(DRIVE XT XU)
(DRIVE XU XV)
(DRIVE XV XW)
(DRIVE XW XX)
(DROPOFF TA_XQ XX)
(HOMESAFE TA_XQ XX)
(DRIVE XX XY)
(DROPOFF TA_XR XY)
(HOMESAFE TA_XR XY)
(DRIVE XY XX)
(DRIVE XX XW)
(DRIVE XW XV)
(DRIVE XV XU)
(DRIVE XU XT)
(DRIVE XT XS)
(DRIVE XS XR)
(DRIVE XR XQ)
(DRIVE XQ XP)
(DRIVE XP XO)
(DRIVE XO XN)
(DRIVE XN XM)
(DRIVE XM XL)
(DRIVE XL XK)
(DRIVE XK XJ)
(DRIVE XJ XI)
(DRIVE XI XH)
(DRIVE XH XG)
(DROPOFF TA_XS XG)
(HOMESAFE TA_XS XG)
(DRIVE XG XF)
(DROPOFF TA_XT XF)
(HOMESAFE TA_XT XF)
(DRIVE XF XG)
(DRIVE XG XH)
(DRIVE XH XI)
(DRIVE XI XJ)
(DRIVE XJ XK)
(DRIVE XK XL)
(DRIVE XL XM)
(DRIVE XM XN)
(DRIVE XN XO)
(DRIVE XO XP)
(DRIVE XP XQ)
(DRIVE XQ XR)
(DRIVE XR XS)
(DRIVE XS XT)
(DRIVE XT XU)
(DRIVE XU XV)
(DRIVE XV XW)
(DRIVE XW XX)
(DRIVE XX XY)
(DRIVE XY XZ)
(DROPOFF TA_XU XZ)
(HOMESAFE TA_XU XZ)
(DRIVE XZ XAA)
(DROPOFF TA_XV XAA)
(HOMESAFE TA_XV XAA)
(DRIVE XAA XZ)
(DRIVE XZ XY)
(DRIVE XY XX)
(DRIVE XX XW)
(DRIVE XW XV)
(DRIVE XV XU)
(DRIVE XU XT)
(DRIVE XT XS)
(DRIVE XS XR)
(DRIVE XR XQ)
(DRIVE XQ XP)
(DRIVE XP XO)
(DRIVE XO XN)
(DRIVE XN XM)
(DRIVE XM XL)
(DRIVE XL XK)
(DRIVE XK XJ)
(DRIVE XJ XI)
(DRIVE XI XH)
(DRIVE XH XG)
(DRIVE XG XF)
(DRIVE XF XE)
(DROPOFF TA_XW XE)
(HOMESAFE TA_XW XE)
(DRIVE XE XD)
(DROPOFF TA_XX XD)
(HOMESAFE TA_XX XD)
(DRIVE XD XE)
(DRIVE XE XF)
(DRIVE XF XG)
(DRIVE XG XH)
(DRIVE XH XI)
(DRIVE XI XJ)
(DRIVE XJ XK)
(DRIVE XK XL)
(DRIVE XL XM)
(DRIVE XM XN)
(DRIVE XN XO)
(DRIVE XO XP)
(DRIVE XP XQ)
(DRIVE XQ XR)
(DRIVE XR XS)
(DRIVE XS XT)
(DRIVE XT XU)
(DRIVE XU XV)
(DRIVE XV XW)
(DRIVE XW XX)
(DRIVE XX XY)
(DRIVE XY XZ)
(DRIVE XZ XAA)
(DRIVE XAA XAB)
(DROPOFF TA_XY XAB)
(HOMESAFE TA_XY XAB)
(DRIVE XAB XAC)
(DROPOFF TA_XZ XAC)
(HOMESAFE TA_XZ XAC)
(DRIVE XAC XAB)
(DRIVE XAB XAA)
(DRIVE XAA XZ)
(DRIVE XZ XY)
(DRIVE XY XX)
(DRIVE XX XW)
(DRIVE XW XV)
(DRIVE XV XU)
(DRIVE XU XT)
(DRIVE XT XS)
(DRIVE XS XR)
(DRIVE XR XQ)
(DRIVE XQ XP)
(DRIVE XP XO)
(DRIVE XO XN)
(DRIVE XN XM)
(DRIVE XM XL)
(DRIVE XL XK)
(DRIVE XK XJ)
(DRIVE XJ XI)
(DRIVE XI XH)
(DRIVE XH XG)
(DRIVE XG XF)
(DRIVE XF XE)
(DRIVE XE XD)
(DRIVE XD XC)
(DROPOFF TA_XAA XC)
(HOMESAFE TA_XAA XC)
(DRIVE XC XB)
(DROPOFF TA_XAB XB)
(HOMESAFE TA_XAB XB)
(DRIVE XB XC)
(DRIVE XC XD)
(DRIVE XD XE)
(DRIVE XE XF)
(DRIVE XF XG)
(DRIVE XG XH)
(DRIVE XH XI)
(DRIVE XI XJ)
(DRIVE XJ XK)
(DRIVE XK XL)
(DRIVE XL XM)
(DRIVE XM XN)
(DRIVE XN XO)
(DRIVE XO XP)
(DRIVE XP XQ)
(DRIVE XQ XR)
(DRIVE XR XS)
(DRIVE XS XT)
(DRIVE XT XU)
(DRIVE XU XV)
(DRIVE XV XW)
(DRIVE XW XX)
(DRIVE XX XY)
(DRIVE XY XZ)
(DRIVE XZ XAA)
(DRIVE XAA XAB)
(DRIVE XAB XAC)
(DRIVE XAC XAD)
(DROPOFF TA_XAC XAD)
(HOMESAFE TA_XAC XAD)
(DRIVE XAD XAE)
(DROPOFF TA_XAD XAE)
(HOMESAFE TA_XAD XAE)
(DRIVE XAE XAD)
(DRIVE XAD XAC)
(DRIVE XAC XAB)
(DRIVE XAB XAA)
(DRIVE XAA XZ)
(DRIVE XZ XY)
(DRIVE XY XX)
(DRIVE XX XW)
(DRIVE XW XV)
(DRIVE XV XU)
(DRIVE XU XT)
(DRIVE XT XS)
(DRIVE XS XR)
(DRIVE XR XQ)
(DRIVE XQ XP)
(DRIVE XP XO)
(DRIVE XO XN)
(DRIVE XN XM)
(DRIVE XM XL)
(DRIVE XL XK)
(DRIVE XK XJ)
(DRIVE XJ XI)
(DRIVE XI XH)
(DRIVE XH XG)
(DRIVE XG XF)
(DRIVE XF XE)
(DRIVE XE XD)
(DRIVE XD XC)
(DRIVE XC XB)
(DRIVE XB XA)
