(DRIVE XATG XAUS)
(DRIVE XAUS XCOL)
(DRIVE XCOL XCHL)
(DROPOFF TA_XBHS XCHL)
(DRIVE XCHL XCOG)
(DRIVE XCOG XBLR)
(DROPOFF TA_XBFA XBLR)
(HOMESAFE TA_XBFA XBLR)
(DRIVE XBLR XCOG)
(DRIVE XCOG XAGO)
(HOMESAFE TA_XBHS XCHL)
(DROPOFF TA_XBMU XAGO)
(DRIVE XAGO XAFG)
(DROPOFF TA_XALA XAFG)
(HOMESAFE TA_XALA XAFG)
(DRIVE XAFG XCHL)
(WALK TA_XBMU XAGO XABW)
(HOMESAFE TA_XBMU XABW)
(DRIVE XCHL XAFG)
(DRIVE XAFG XAGO)
(DROPOFF TA_XBRB XAGO)
(HOMESAFE TA_XBRB XAGO)
(DRIVE XAGO XAFG)
(DRIVE XAFG XCHL)
(DRIVE XCHL XAND)
(DROPOFF TA_XBTN XAND)
(DRIVE XAND XCHL)
(WALK TA_XBTN XAND XARG)
(HOMESAFE TA_XBTN XARG)
(DRIVE XCHL XAND)
(DROPOFF TA_XATA XAND)
(DRIVE XAND XCHL)
(WALK TA_XATA XAND XARM)
(DRIVE XCHL XCOL)
(DRIVE XCOL XCMR)
(DROPOFF TA_XCMR XCMR)
(HOMESAFE TA_XCMR XCMR)
(DRIVE XCMR XBRA)
(DROPOFF TA_XAND XBRA)
(DRIVE XBRA XBHS)
(DROPOFF TA_XBLZ XBHS)
(HOMESAFE TA_XBLZ XBHS)
(DRIVE XBHS XBRB)
(DROPOFF TA_XBVT XBRB)
(HOMESAFE TA_XBVT XBRB)
(DRIVE XBRB XCOL)
(WALK TA_XAND XBRA XBLZ)
(WALK TA_XAND XBLZ XAUT)
(DRIVE XCOL XCCK)
(DROPOFF TA_XARG XCCK)
(HOMESAFE TA_XARG XCCK)
(DRIVE XCCK XCAN)
(DROPOFF TA_XAIA XCAN)
(HOMESAFE TA_XAIA XCAN)
(DRIVE XCAN XBDI)
(DRIVE XBDI XBMU)
(DROPOFF TA_XAGO XBMU)
(HOMESAFE TA_XAGO XBMU)
(DRIVE XBMU XBRA)
(DROPOFF TA_XBEL XBRA)
(HOMESAFE TA_XBEL XBRA)
(WALK TA_XAND XAUT XBFA)
(DRIVE XBRA XBEL)
(DROPOFF TA_XBLR XBEL)
(DRIVE XBEL XCAN)
(WALK TA_XBLR XBEL XBGR)
(HOMESAFE TA_XBLR XBGR)
(DRIVE XCAN XBEL)
(DROPOFF TA_XBGR XBEL)
(HOMESAFE TA_XBGR XBEL)
(DRIVE XBEL XCAN)
(DRIVE XCAN XBTN)
(DROPOFF TA_XCCK XBTN)
(HOMESAFE TA_XCCK XBTN)
(DRIVE XBTN XALA)
(DROPOFF TA_XCOD XALA)
(HOMESAFE TA_XCOD XALA)
(DRIVE XALA XAIA)
(DROPOFF TA_XABW XAIA)
(HOMESAFE TA_XABW XAIA)
(DRIVE XAIA XBVT)
(DROPOFF TA_XCHL XBVT)
(DRIVE XBVT XASM)
(DRIVE XASM XATA)
(DROPOFF TA_XCAN XATA)
(HOMESAFE TA_XAND XBFA)
(HOMESAFE TA_XCAN XATA)
(DRIVE XATA XASM)
(DRIVE XASM XCHE)
(DRIVE XCHE XCOD)
(DROPOFF TA_XBRA XCOD)
(DRIVE XCOD XCAN)
(DRIVE XCAN XBDI)
(DRIVE XBDI XBLZ)
(DROPOFF TA_XAFG XBLZ)
(HOMESAFE TA_XAFG XBLZ)
(DRIVE XBLZ XBLR)
(DRIVE XBLR XCOG)
(HOMESAFE TA_XATA XARM)
(DRIVE XCOG XCHE)
(DRIVE XCHE XAND)
(HOMESAFE TA_XCHL XBVT)
(HOMESAFE TA_XBRA XCOD)
(DROPOFF TA_XARM XAND)
(DRIVE XAND XCHE)
(DRIVE XCHE XAUS)
(DRIVE XAUS XATG)
(HOMESAFE TA_XARM XAND)
