(DRIVE XSoda Xa)
(DRIVE Xa Xa1)
(DROPOFF TA_Xa0 Xa1)
(HOMESAFE TA_Xa0 Xa1)
(DRIVE Xa1 Xa)
(DRIVE Xa Xa0)
(DROPOFF TA_Xa1 Xa0)
(HOMESAFE TA_Xa1 Xa0)
(DRIVE Xa0 Xa)
(DRIVE Xa XSoda)
(DRIVE XSoda X50)
(DRIVE X50 X54)
(DROPOFF TA_Xb0 X54)
(HOMESAFE TA_Xb0 X54)
(DRIVE X54 X50)
(DRIVE X50 XSoda)
(DRIVE XSoda Xa)
(DRIVE Xa Xb)
(DRIVE Xb Xb1)
(DROPOFF TA_Xb1 Xb1)
(HOMESAFE TA_Xb1 Xb1)
(DRIVE Xb1 Xb)
(DRIVE Xb Xc)
(DRIVE Xc Xd)
(DRIVE Xd Xe)
(DRIVE Xe Xe1)
(DROPOFF TA_Xc0 Xe1)
(HOMESAFE TA_Xc0 Xe1)
(DRIVE Xe1 Xe)
(DRIVE Xe Xd)
(DRIVE Xd Xc)
(DRIVE Xc Xb)
(DRIVE Xb Xa)
(DRIVE Xa XSoda)
(DRIVE XSoda X50)
(DRIVE X50 X55)
(DROPOFF TA_Xc1 X55)
(HOMESAFE TA_Xc1 X55)
(DRIVE X55 X50)
(DRIVE X50 XSoda)
(DRIVE XSoda Xa)
(DRIVE Xa Xb)
(DRIVE Xb Xc)
(DRIVE Xc Xd)
(DRIVE Xd Xe)
(DRIVE Xe Xe0)
(DROPOFF TA_Xd0 Xe0)
(HOMESAFE TA_Xd0 Xe0)
(DRIVE Xe0 Xe)
(DRIVE Xe Xd)
(DRIVE Xd Xd0)
(DROPOFF TA_Xd1 Xd0)
(HOMESAFE TA_Xd1 Xd0)
(DRIVE Xd0 Xd)
(DRIVE Xd Xc)
(DRIVE Xc Xb)
(DRIVE Xb Xa)
(DRIVE Xa XSoda)
(DRIVE XSoda X50)
(DRIVE X50 X51)
(DRIVE X51 X57)
(DROPOFF TA_Xe0 X57)
(HOMESAFE TA_Xe0 X57)
(DRIVE X57 X51)
(DRIVE X51 X52)
(DRIVE X52 X60)
(DROPOFF TA_Xe1 X60)
(HOMESAFE TA_Xe1 X60)
(DRIVE X60 X52)
(DRIVE X52 X51)
(DRIVE X51 X50)
(DRIVE X50 XSoda)
(DRIVE XSoda Xa)
(DRIVE Xa Xb)
(DRIVE Xb Xb0)
(DROPOFF TA_Xf0 Xb0)
(HOMESAFE TA_Xf0 Xb0)
(DRIVE Xb0 Xb)
(DRIVE Xb Xc)
(DRIVE Xc Xc1)
(DROPOFF TA_Xf1 Xc1)
(HOMESAFE TA_Xf1 Xc1)
(DRIVE Xc1 Xc)
(DRIVE Xc Xb)
(DRIVE Xb Xa)
(DRIVE Xa XSoda)
(DRIVE XSoda X50)
(DRIVE X50 X51)
(DRIVE X51 X52)
(DRIVE X52 X61)
(DROPOFF TA_Xg0 X61)
(HOMESAFE TA_Xg0 X61)
(DRIVE X61 X52)
(DRIVE X52 X51)
(DRIVE X51 X50)
(DRIVE X50 XSoda)
(DRIVE XSoda Xa)
(DRIVE Xa Xb)
(DRIVE Xb Xc)
(DRIVE Xc Xd)
(DRIVE Xd Xe)
(DRIVE Xe Xf)
(DRIVE Xf Xg)
(DRIVE Xg Xg1)
(DROPOFF TA_Xg1 Xg1)
(HOMESAFE TA_Xg1 Xg1)
(DRIVE Xg1 Xg)
(DRIVE Xg Xf)
(DRIVE Xf Xe)
(DRIVE Xe Xd)
(DRIVE Xd Xd1)
(DROPOFF TA_Xh0 Xd1)
(HOMESAFE TA_Xh0 Xd1)
(DRIVE Xd1 Xd)
(DRIVE Xd Xc)
(DRIVE Xc Xb)
(DRIVE Xb Xa)
(DRIVE Xa XSoda)
(DRIVE XSoda X50)
(DRIVE X50 X51)
(DRIVE X51 X58)
(DROPOFF TA_Xh1 X58)
(HOMESAFE TA_Xh1 X58)
(DRIVE X58 X51)
(DRIVE X51 X50)
(DRIVE X50 XSoda)
(DRIVE XSoda Xa)
(DRIVE Xa Xb)
(DRIVE Xb Xc)
(DRIVE Xc Xc0)
(DROPOFF TA_Xi0 Xc0)
(HOMESAFE TA_Xi0 Xc0)
(DRIVE Xc0 Xc)
(DRIVE Xc Xd)
(DRIVE Xd Xe)
(DRIVE Xe Xf)
(DRIVE Xf Xg)
(DRIVE Xg Xh)
(DRIVE Xh Xh0)
(DROPOFF TA_Xi1 Xh0)
(HOMESAFE TA_Xi1 Xh0)
(DRIVE Xh0 Xh)
(DRIVE Xh Xg)
(DRIVE Xg Xf)
(DRIVE Xf Xe)
(DRIVE Xe Xd)
(DRIVE Xd Xc)
(DRIVE Xc Xb)
(DRIVE Xb Xa)
(DRIVE Xa XSoda)
(DRIVE XSoda X66)
(DRIVE X66 X67)
(DRIVE X67 X68)
(DRIVE X68 X69)
(DROPOFF TA_Xj0 X69)
(HOMESAFE TA_Xj0 X69)
(DRIVE X69 X68)
(DRIVE X68 X67)
(DRIVE X67 X66)
(DRIVE X66 XSoda)
(DRIVE XSoda X50)
(DRIVE X50 X55)
(DRIVE X55 X56)
(DROPOFF TA_Xj1 X56)
(HOMESAFE TA_Xj1 X56)
(DRIVE X56 X55)
(DRIVE X55 X50)
(DRIVE X50 XSoda)
(DRIVE XSoda Xa)
(DRIVE Xa Xb)
(DRIVE Xb Xc)
(DRIVE Xc Xd)
(DRIVE Xd Xe)
(DRIVE Xe Xf)
(DRIVE Xf Xg)
(DRIVE Xg Xh)
(DRIVE Xh Xh1)
(DROPOFF TA_Xk0 Xh1)
(HOMESAFE TA_Xk0 Xh1)
(DRIVE Xh1 Xh)
(DRIVE Xh Xg)
(DRIVE Xg Xf)
(DRIVE Xf Xe)
(DRIVE Xe Xd)
(DRIVE Xd Xc)
(DRIVE Xc Xb)
(DRIVE Xb Xa)
(DRIVE Xa XSoda)
(DRIVE XSoda X66)
(DRIVE X66 X67)
(DRIVE X67 X80)
(DRIVE X80 X81)
(DRIVE X81 X82)
(DROPOFF TA_Xk1 X82)
(HOMESAFE TA_Xk1 X82)
(DRIVE X82 X81)
(DRIVE X81 X80)
(DRIVE X80 X67)
(DRIVE X67 X66)
(DRIVE X66 XSoda)
(DRIVE XSoda X50)
(DRIVE X50 X51)
(DRIVE X51 X58)
(DRIVE X58 X59)
(DROPOFF TA_Xl0 X59)
(HOMESAFE TA_Xl0 X59)
(DRIVE X59 X58)
(DRIVE X58 X51)
(DRIVE X51 X50)
(DRIVE X50 XSoda)
(DRIVE XSoda Xa)
(DRIVE Xa Xb)
(DRIVE Xb Xc)
(DRIVE Xc Xd)
(DRIVE Xd Xe)
(DRIVE Xe Xf)
(DRIVE Xf Xf1)
(DROPOFF TA_Xl1 Xf1)
(HOMESAFE TA_Xl1 Xf1)
(DRIVE Xf1 Xf)
(DRIVE Xf Xe)
(DRIVE Xe Xd)
(DRIVE Xd Xc)
(DRIVE Xc Xb)
(DRIVE Xb Xa)
(DRIVE Xa XSoda)
(DRIVE XSoda X66)
(DRIVE X66 X67)
(DRIVE X67 X85)
(DRIVE X85 X86)
(DRIVE X86 X87)
(DROPOFF TA_Xy X87)
(HOMESAFE TA_Xy X87)
(DRIVE X87 X86)
(DRIVE X86 X85)
(DRIVE X85 X67)
(DRIVE X67 X66)
(DRIVE X66 XSoda)
(DRIVE XSoda Xa)
(DRIVE Xa Xb)
(DRIVE Xb Xc)
(DRIVE Xc Xd)
(DRIVE Xd Xe)
(DRIVE Xe Xf)
(DRIVE Xf Xg)
(DRIVE Xg Xh)
(DRIVE Xh Xi)
(DRIVE Xi Xi1)
(DROPOFF TA_X54 Xi1)
(HOMESAFE TA_X54 Xi1)
(DRIVE Xi1 Xi)
(DRIVE Xi Xh)
(DRIVE Xh Xg)
(DRIVE Xg Xf)
(DRIVE Xf Xf0)
(DROPOFF TA_X55 Xf0)
(HOMESAFE TA_X55 Xf0)
(DRIVE Xf0 Xf)
(DRIVE Xf Xe)
(DRIVE Xe Xd)
(DRIVE Xd Xc)
(DRIVE Xc Xb)
(DRIVE Xb Xa)
(DRIVE Xa XSoda)
(DRIVE XSoda X50)
(DRIVE X50 X51)
(DRIVE X51 X52)
(DRIVE X52 X53)
(DRIVE X53 X63)
(DROPOFF TA_X56 X63)
(HOMESAFE TA_X56 X63)
(DRIVE X63 X53)
(DRIVE X53 X52)
(DRIVE X52 X51)
(DRIVE X51 X50)
(DRIVE X50 XSoda)
(DRIVE XSoda X66)
(DRIVE X66 X67)
(DRIVE X67 X68)
(DRIVE X68 X95)
(DRIVE X95 X96)
(DRIVE X96 X97)
(DROPOFF TA_X57 X97)
(HOMESAFE TA_X57 X97)
(DRIVE X97 X96)
(DRIVE X96 X95)
(DRIVE X95 X68)
(DRIVE X68 X67)
(DRIVE X67 X66)
(DRIVE X66 XSoda)
(DRIVE XSoda Xa)
(DRIVE Xa Xb)
(DRIVE Xb Xc)
(DRIVE Xc Xd)
(DRIVE Xd Xe)
(DRIVE Xe Xf)
(DRIVE Xf Xg)
(DRIVE Xg Xg0)
(DROPOFF TA_X58 Xg0)
(HOMESAFE TA_X58 Xg0)
(DRIVE Xg0 Xg)
(DRIVE Xg Xf)
(DRIVE Xf Xe)
(DRIVE Xe Xd)
(DRIVE Xd Xc)
(DRIVE Xc Xb)
(DRIVE Xb Xa)
(DRIVE Xa XSoda)
(DRIVE XSoda X66)
(DRIVE X66 X75)
(DRIVE X75 X76)
(DRIVE X76 X77)
(DROPOFF TA_X59 X77)
(HOMESAFE TA_X59 X77)
(DRIVE X77 X76)
(DRIVE X76 X75)
(DRIVE X75 X66)
(DRIVE X66 X70)
(DRIVE X70 X71)
(DRIVE X71 X72)
(DROPOFF TA_X60 X72)
(HOMESAFE TA_X60 X72)
(DRIVE X72 X71)
(DRIVE X71 X70)
(DRIVE X70 X66)
(DRIVE X66 XSoda)
(DRIVE XSoda X50)
(DRIVE X50 X51)
(DRIVE X51 X52)
(DRIVE X52 X53)
(DRIVE X53 X64)
(DROPOFF TA_X61 X64)
(HOMESAFE TA_X61 X64)
(DRIVE X64 X53)
(DRIVE X53 X52)
(DRIVE X52 X51)
(DRIVE X51 X50)
(DRIVE X50 XSoda)
(DRIVE XSoda Xa)
(DRIVE Xa Xb)
(DRIVE Xb Xc)
(DRIVE Xc Xd)
(DRIVE Xd Xe)
(DRIVE Xe Xf)
(DRIVE Xf Xg)
(DRIVE Xg Xh)
(DRIVE Xh Xi)
(DRIVE Xi Xj)
(DRIVE Xj Xk)
(DRIVE Xk Xl)
(DRIVE Xl Xl0)
(DROPOFF TA_X62 Xl0)
(HOMESAFE TA_X62 Xl0)
(DRIVE Xl0 Xl)
(DRIVE Xl Xk)
(DRIVE Xk Xj)
(DRIVE Xj Xi)
(DRIVE Xi Xh)
(DRIVE Xh Xg)
(DRIVE Xg Xf)
(DRIVE Xf Xe)
(DRIVE Xe Xd)
(DRIVE Xd Xc)
(DRIVE Xc Xb)
(DRIVE Xb Xa)
(DRIVE Xa XSoda)
(DRIVE XSoda X66)
(DRIVE X66 X67)
(DRIVE X67 X85)
(DRIVE X85 X86)
(DRIVE X86 X87)
(DRIVE X87 X88)
(DRIVE X88 X89)
(DROPOFF TA_X63 X89)
(HOMESAFE TA_X63 X89)
(DRIVE X89 X88)
(DRIVE X88 X87)
(DRIVE X87 X86)
(DRIVE X86 X85)
(DRIVE X85 X67)
(DRIVE X67 X66)
(DRIVE X66 XSoda)
(DRIVE XSoda Xa)
(DRIVE Xa Xb)
(DRIVE Xb Xc)
(DRIVE Xc Xd)
(DRIVE Xd Xe)
(DRIVE Xe Xf)
(DRIVE Xf Xg)
(DRIVE Xg Xh)
(DRIVE Xh Xi)
(DRIVE Xi Xi0)
(DROPOFF TA_X64 Xi0)
(HOMESAFE TA_X64 Xi0)
(DRIVE Xi0 Xi)
(DRIVE Xi Xh)
(DRIVE Xh Xg)
(DRIVE Xg Xf)
(DRIVE Xf Xe)
(DRIVE Xe Xd)
(DRIVE Xd Xc)
(DRIVE Xc Xb)
(DRIVE Xb Xa)
(DRIVE Xa XSoda)
(DRIVE XSoda X50)
(DRIVE X50 X51)
(DRIVE X51 X52)
(DRIVE X52 X61)
(DRIVE X61 X62)
(DROPOFF TA_X65 X62)
(HOMESAFE TA_X65 X62)
(DRIVE X62 X61)
(DRIVE X61 X52)
(DRIVE X52 X51)
(DRIVE X51 X50)
(DRIVE X50 XSoda)
(DRIVE XSoda X66)
(DRIVE X66 X67)
(DRIVE X67 X80)
(DRIVE X80 X81)
(DRIVE X81 X82)
(DRIVE X82 X83)
(DRIVE X83 X84)
(DROPOFF TA_X72 X84)
(HOMESAFE TA_X72 X84)
(DRIVE X84 X83)
(DRIVE X83 X82)
(DRIVE X82 X81)
(DRIVE X81 X80)
(DRIVE X80 X67)
(DRIVE X67 X68)
(DRIVE X68 X90)
(DRIVE X90 X91)
(DRIVE X91 X92)
(DROPOFF TA_X74 X92)
(DRIVE X92 X93)
(DRIVE X93 X94)
(DROPOFF TA_X77 X94)
(HOMESAFE TA_X74 X92)
(HOMESAFE TA_X77 X94)
(DRIVE X94 X93)
(DRIVE X93 X92)
(DRIVE X92 X91)
(DRIVE X91 X90)
(DRIVE X90 X68)
(DRIVE X68 X67)
(DRIVE X67 X66)
(DRIVE X66 XSoda)
(DRIVE XSoda Xa)
(DRIVE Xa Xb)
(DRIVE Xb Xc)
(DRIVE Xc Xd)
(DRIVE Xd Xe)
(DRIVE Xe Xf)
(DRIVE Xf Xg)
(DRIVE Xg Xh)
(DRIVE Xh Xi)
(DRIVE Xi Xj)
(DRIVE Xj Xj0)
(DROPOFF TA_X79 Xj0)
(HOMESAFE TA_X79 Xj0)
(DRIVE Xj0 Xj)
(DRIVE Xj Xk)
(DRIVE Xk Xl)
(DRIVE Xl Xl1)
(DROPOFF TA_X82 Xl1)
(HOMESAFE TA_X82 Xl1)
(DRIVE Xl1 Xl)
(DRIVE Xl Xk)
(DRIVE Xk Xj)
(DRIVE Xj Xj1)
(DROPOFF TA_X84 Xj1)
(HOMESAFE TA_X84 Xj1)
(DRIVE Xj1 Xj)
(DRIVE Xj Xk)
(DRIVE Xk Xk1)
(DROPOFF TA_X87 Xk1)
(HOMESAFE TA_X87 Xk1)
(DRIVE Xk1 Xk)
(DRIVE Xk Xk0)
(DROPOFF TA_X89 Xk0)
(HOMESAFE TA_X89 Xk0)
(DRIVE Xk0 Xk)
(DRIVE Xk Xj)
(DRIVE Xj Xi)
(DRIVE Xi Xh)
(DRIVE Xh Xg)
(DRIVE Xg Xf)
(DRIVE Xf Xe)
(DRIVE Xe Xd)
(DRIVE Xd Xc)
(DRIVE Xc Xb)
(DRIVE Xb Xa)
(DRIVE Xa XSoda)
(DRIVE XSoda X50)
(DRIVE X50 X51)
(DRIVE X51 X52)
(DRIVE X52 X53)
(DRIVE X53 X64)
(DRIVE X64 X65)
(DROPOFF TA_X92 X65)
(HOMESAFE TA_X92 X65)
(DRIVE X65 X64)
(DRIVE X64 X53)
(DRIVE X53 X52)
(DRIVE X52 X51)
(DRIVE X51 X50)
(DRIVE X50 XSoda)
(DRIVE XSoda X66)
(DRIVE X66 X70)
(DRIVE X70 X71)
(DRIVE X71 X72)
(DRIVE X72 X73)
(DRIVE X73 X74)
(DROPOFF TA_X94 X74)
(HOMESAFE TA_X94 X74)
(DRIVE X74 X73)
(DRIVE X73 X72)
(DRIVE X72 X71)
(DRIVE X71 X70)
(DRIVE X70 X66)
(DRIVE X66 XSoda)
(DRIVE XSoda Xo)
(DRIVE Xo Xp)
(DRIVE Xp Xr)
(DRIVE Xr Xs)
(DRIVE Xs Xu)
(DRIVE Xu Xw)
(DRIVE Xw Xy)
(DROPOFF TA_X97 Xy)
(HOMESAFE TA_X97 Xy)
(DRIVE Xy Xw)
(DRIVE Xw Xu)
(DRIVE Xu Xs)
(DRIVE Xs Xr)
(DRIVE Xr Xp)
(DRIVE Xp Xo)
(DRIVE Xo XSoda)
(DRIVE XSoda X66)
(DRIVE X66 X75)
(DRIVE X75 X76)
(DRIVE X76 X77)
(DRIVE X77 X78)
(DRIVE X78 X79)
(DROPOFF TA_X99 X79)
(HOMESAFE TA_X99 X79)
(DRIVE X79 X78)
(DRIVE X78 X77)
(DRIVE X77 X76)
(DRIVE X76 X75)
(DRIVE X75 X66)
(DRIVE X66 X67)
(DRIVE X67 X68)
(DRIVE X68 X95)
(DRIVE X95 X96)
(DRIVE X96 X97)
(DRIVE X97 X98)
(DRIVE X98 X99)
(DROPOFF TA_X69 X99)
(HOMESAFE TA_X69 X99)
(DRIVE X99 X98)
(DRIVE X98 X97)
(DRIVE X97 X96)
(DRIVE X96 X95)
(DRIVE X95 X68)
(DRIVE X68 X67)
(DRIVE X67 X66)
(DRIVE X66 XSoda)
