(DRIVE XSoda Xa)
(DRIVE Xa Xb)
(DRIVE Xb Xb1)
(DROPOFF TA_Xy Xb1)
(HOMESAFE TA_Xy Xb1)
(DRIVE Xb1 Xb)
(DRIVE Xb Xc)
(DRIVE Xc Xc1)
(DROPOFF TA_Xl1 Xc1)
(HOMESAFE TA_Xl1 Xc1)
(DRIVE Xc1 Xc)
(DRIVE Xc Xc0)
(DROPOFF TA_Xl0 Xc0)
(HOMESAFE TA_Xl0 Xc0)
(DRIVE Xc0 Xc)
(DRIVE Xc Xd)
(DRIVE Xd Xd0)
(DROPOFF TA_Xk1 Xd0)
(HOMESAFE TA_Xk1 Xd0)
(DRIVE Xd0 Xd)
(DRIVE Xd Xe)
(DRIVE Xe Xf)
(DRIVE Xf Xf1)
(DROPOFF TA_Xk0 Xf1)
(HOMESAFE TA_Xk0 Xf1)
(DRIVE Xf1 Xf)
(DRIVE Xf Xf0)
(DROPOFF TA_Xj1 Xf0)
(HOMESAFE TA_Xj1 Xf0)
(DRIVE Xf0 Xf)
(DRIVE Xf Xe)
(DRIVE Xe Xe0)
(DROPOFF TA_Xj0 Xe0)
(HOMESAFE TA_Xj0 Xe0)
(DRIVE Xe0 Xe)
(DRIVE Xe Xf)
(DRIVE Xf Xg)
(DRIVE Xg Xh)
(DRIVE Xh Xh0)
(DROPOFF TA_Xi1 Xh0)
(HOMESAFE TA_Xi1 Xh0)
(DRIVE Xh0 Xh)
(DRIVE Xh Xg)
(DRIVE Xg Xg0)
(DROPOFF TA_Xi0 Xg0)
(HOMESAFE TA_Xi0 Xg0)
(DRIVE Xg0 Xg)
(DRIVE Xg Xg1)
(DROPOFF TA_Xh1 Xg1)
(HOMESAFE TA_Xh1 Xg1)
(DRIVE Xg1 Xg)
(DRIVE Xg Xh)
(DRIVE Xh Xi)
(DRIVE Xi Xi1)
(DROPOFF TA_Xh0 Xi1)
(HOMESAFE TA_Xh0 Xi1)
(DRIVE Xi1 Xi)
(DRIVE Xi Xi0)
(DROPOFF TA_Xg1 Xi0)
(HOMESAFE TA_Xg1 Xi0)
(DRIVE Xi0 Xi)
(DRIVE Xi Xj)
(DRIVE Xj Xj0)
(DROPOFF TA_Xg0 Xj0)
(HOMESAFE TA_Xg0 Xj0)
(DRIVE Xj0 Xj)
(DRIVE Xj Xk)
(DRIVE Xk Xk1)
(DROPOFF TA_Xf1 Xk1)
(HOMESAFE TA_Xf1 Xk1)
(DRIVE Xk1 Xk)
(DRIVE Xk Xl)
(DRIVE Xl Xl0)
(DROPOFF TA_Xf0 Xl0)
(HOMESAFE TA_Xf0 Xl0)
(DRIVE Xl0 Xl)
(DRIVE Xl Xk)
(DRIVE Xk Xk0)
(DROPOFF TA_Xe1 Xk0)
(HOMESAFE TA_Xe1 Xk0)
(DRIVE Xk0 Xk)
(DRIVE Xk Xl)
(DRIVE Xl Xl1)
(DROPOFF TA_Xe0 Xl1)
(HOMESAFE TA_Xe0 Xl1)
(DRIVE Xl1 Xl)
(DRIVE Xl Xk)
(DRIVE Xk Xj)
(DRIVE Xj Xj1)
(DROPOFF TA_Xd1 Xj1)
(HOMESAFE TA_Xd1 Xj1)
(DRIVE Xj1 Xj)
(DRIVE Xj Xi)
(DRIVE Xi Xh)
(DRIVE Xh Xh1)
(DROPOFF TA_Xd0 Xh1)
(HOMESAFE TA_Xd0 Xh1)
(DRIVE Xh1 Xh)
(DRIVE Xh Xg)
(DRIVE Xg Xf)
(DRIVE Xf Xe)
(DRIVE Xe Xe1)
(DROPOFF TA_Xc1 Xe1)
(HOMESAFE TA_Xc1 Xe1)
(DRIVE Xe1 Xe)
(DRIVE Xe Xd)
(DRIVE Xd Xd1)
(DROPOFF TA_Xc0 Xd1)
(HOMESAFE TA_Xc0 Xd1)
(DRIVE Xd1 Xd)
(DRIVE Xd Xc)
(DRIVE Xc Xb)
(DRIVE Xb Xb0)
(DROPOFF TA_Xb1 Xb0)
(DRIVE Xb0 Xb)
(DRIVE Xb Xa)
(DRIVE Xa Xa0)
(DROPOFF TA_Xb0 Xa0)
(HOMESAFE TA_Xb0 Xa0)
(DRIVE Xa0 Xa)
(DRIVE Xa Xa1)
(HOMESAFE TA_Xb1 Xb0)
(DROPOFF TA_Xa1 Xa1)
(DRIVE Xa1 Xa)
(DRIVE Xa XSoda)
(HOMESAFE TA_Xa1 Xa1)
(DRIVE XSoda Xo)
(DRIVE Xo Xp)
(DRIVE Xp Xr)
(DRIVE Xr Xs)
(DRIVE Xs Xu)
(DRIVE Xu Xw)
(DRIVE Xw Xy)
(DROPOFF TA_Xa0 Xy)
(HOMESAFE TA_Xa0 Xy)
(DRIVE Xy Xw)
(DRIVE Xw Xu)
(DRIVE Xu Xs)
(DRIVE Xs Xr)
(DRIVE Xr Xp)
(DRIVE Xp Xo)
(DRIVE Xo XSoda)
