(DRIVE XDonner XTallahassee)
(DROPOFF TA_XTallahassee XTallahassee)
(HOMESAFE TA_XTallahassee Xtallahassee)
(DRIVE XTallahassee XOld)
(DROPOFF TA_XHaste XOld)
(HOMESAFE TA_XHaste Xold)
(DRIVE XOld XIowa)
(DROPOFF TA_XDonner XIowa)
(HOMESAFE TA_XDonner Xiowa)
(DRIVE XIowa XFoothill)
(DROPOFF TA_XWurster XFoothill)
(HOMESAFE TA_XWurster Xfoothill)
(DRIVE XFoothill XGilman)
(DROPOFF TA_XMcCone XGilman)
(HOMESAFE TA_XMccone Xgilman)
(DRIVE XGilman XRecreational)
(DROPOFF TA_XRecreational XRecreational)
(HOMESAFE TA_XRecreational Xrecreational)
(DRIVE XRecreational XPhoenix)
(DROPOFF TA_XGayley XPhoenix)
(HOMESAFE TA_XGayley Xphoenix)
(DRIVE XPhoenix XHaas)
(DROPOFF TA_XGilman XHaas)
(HOMESAFE TA_XGilman Xhaas)
(DRIVE XHaas XCyclotron)
(DROPOFF TA_XPhoenix XCyclotron)
(DRIVE XCyclotron XNorth)
(DROPOFF TA_XIllinois XNorth)
(HOMESAFE TA_XIllinois Xnorth)
(DRIVE XNorth XWurster)
(DROPOFF TA_XIshi XWurster)
(HOMESAFE TA_XIshi Xwurster)
(DRIVE XWurster XIllinois)
(DROPOFF TA_XJuneau XIllinois)
(HOMESAFE TA_XPhoenix Xcyclotron)
(HOMESAFE TA_XJuneau Xillinois)
(DRIVE XIllinois XIshi)
(DROPOFF TA_XIowa XIshi)
(HOMESAFE TA_XIowa Xishi)
(DRIVE XIshi XLife)
(DROPOFF TA_XMinnesota XLife)
(DRIVE XLife XGayley)
(DROPOFF TA_XSanta XGayley)
(HOMESAFE TA_XSanta Xgayley)
(DRIVE XGayley XDonner)
(DROPOFF TA_XLife XDonner)
(HOMESAFE TA_XLife Xdonner)
(DRIVE XDonner XHelena)
(DROPOFF TA_XOptometry XHelena)
(HOMESAFE TA_XOptometry Xhelena)
(DRIVE XHelena XJuneau)
(DROPOFF TA_XProvidence XJuneau)
(HOMESAFE TA_XProvidence Xjuneau)
(DRIVE XJuneau XOptometry)
(DROPOFF TA_XHelena XOptometry)
(HOMESAFE TA_XHelena Xoptometry)
(DRIVE XOptometry XDonner)
(WALK TA_XMinnesota XLife XMinnesota)
(DRIVE XDonner XHaste)
(DROPOFF TA_XCyclotron XHaste)
(HOMESAFE TA_XCyclotron Xhaste)
(DRIVE XHaste XDonner)
(WALK TA_XMinnesota XMinnesota XLife)
(DRIVE XDonner XProvidence)
(DROPOFF TA_XHaas XProvidence)
(DRIVE XProvidence XDonner)
(WALK TA_XMinnesota XLife XTopeka)
(DRIVE XDonner XSanta)
(DROPOFF TA_XFoothill XSanta)
(HOMESAFE TA_XFoothill Xsanta)
(DRIVE XSanta XMcCone)
(DROPOFF TA_XNorth XMcCone)
(HOMESAFE TA_XMinnesota Xtopeka)
(HOMESAFE TA_XNorth XmcCone)
(DRIVE XMcCone XLife)
(DROPOFF TA_XTopeka XLife)
(HOMESAFE TA_XHaas Xprovidence)
(DRIVE XLife XMinnesota)
(HOMESAFE TA_XTopeka Xlife)
(DROPOFF TA_XOld XMinnesota)
(DRIVE XMinnesota XDonner)
(HOMESAFE TA_XOld Xminnesota)
