(DRIVE XAY XAZ)
(DRIVE XAZ XAG)
(DROPOFF TA_XCT XAG)
(HOMESAFE TA_XCT XAG)
(DRIVE XAG XBC)
(DRIVE XBC XBD)
(DRIVE XBD XBA)
(DROPOFF TA_XCS XBA)
(HOMESAFE TA_XCS XBA)
(DRIVE XBA XBD)
(DRIVE XBD XAI)
(DRIVE XAI XS)
(DROPOFF TA_XCP XS)
(HOMESAFE TA_XCP XS)
(DRIVE XS XAI)
(DRIVE XAI XBF)
(DROPOFF TA_XCO XBF)
(HOMESAFE TA_XCO XBF)
(DRIVE XBF XBG)
(DROPOFF TA_XCN XBG)
(HOMESAFE TA_XCN XBG)
(DRIVE XBG XCA)
(DROPOFF TA_XCK XCA)
(HOMESAFE TA_XCK XCA)
(DRIVE XCA XBG)
(DRIVE XBG XCB)
(DROPOFF TA_XCC XCB)
(HOMESAFE TA_XCC XCB)
(DRIVE XCB XBG)
(DRIVE XBG XBY)
(DRIVE XBY XAN)
(DRIVE XAN XT)
(DROPOFF TA_XCB XT)
(HOMESAFE TA_XCB XT)
(DRIVE XT XR)
(DRIVE XR XP)
(DROPOFF TA_XCA XP)
(HOMESAFE TA_XCA XP)
(DRIVE XP XO)
(DROPOFF TA_XBN XO)
(HOMESAFE TA_XBN XO)
(DRIVE XO XJ)
(DRIVE XJ XL)
(DRIVE XL XAH)
(DRIVE XAH XAJ)
(DROPOFF TA_XBJ XAJ)
(HOMESAFE TA_XBJ XAJ)
(DRIVE XAJ XAK)
(DRIVE XAK XAG)
(DRIVE XAG XBC)
(DRIVE XBC XBD)
(DRIVE XBD XBW)
(DRIVE XBW XBX)
(DRIVE XBX XBE)
(DRIVE XBE XAM)
(DROPOFF TA_XBI XAM)
(HOMESAFE TA_XBI XAM)
(DRIVE XAM XBE)
(DRIVE XBE XCT)
(DROPOFF TA_XBG XCT)
(HOMESAFE TA_XBG XCT)
(DRIVE XCT XBE)
(DRIVE XBE XBX)
(DRIVE XBX XBW)
(DRIVE XBW XBD)
(DRIVE XBD XBC)
(DRIVE XBC XAG)
(DRIVE XAG XAZ)
(DRIVE XAZ XAY)
(DRIVE XAY XAW)
(DRIVE XAW XAU)
(DRIVE XAU XAS)
(DROPOFF TA_XBF XAS)
(HOMESAFE TA_XBF XAS)
(DRIVE XAS XAP)
(DRIVE XAP XAQ)
(DROPOFF TA_XBA XAQ)
(HOMESAFE TA_XBA XAQ)
(DRIVE XAQ XAO)
(DROPOFF TA_XAX XAO)
(HOMESAFE TA_XAX XAO)
(DRIVE XAO XAQ)
(DRIVE XAQ XAP)
(DRIVE XAP XV)
(DROPOFF TA_XAV XV)
(HOMESAFE TA_XAV XV)
(DRIVE XV XAP)
(DRIVE XAP XW)
(DRIVE XW XX)
(DROPOFF TA_XAS XX)
(HOMESAFE TA_XAS XX)
(DRIVE XX XB)
(DROPOFF TA_XAQ XB)
(DRIVE XB XX)
(WALK TA_XAQ XB XA)
(HOMESAFE TA_XAQ XA)
(DRIVE XX XB)
(DROPOFF TA_XAO XB)
(HOMESAFE TA_XAO XB)
(DRIVE XB XX)
(DRIVE XX XW)
(DRIVE XW XAP)
(DRIVE XAP XAQ)
(DRIVE XAQ XBL)
(DRIVE XBL XBK)
(DRIVE XBK XBJ)
(DROPOFF TA_XAM XBJ)
(DRIVE XBJ XBK)
(WALK TA_XAM XBJ XBI)
(HOMESAFE TA_XAM XBI)
(DRIVE XBK XBJ)
(DROPOFF TA_XAJ XBJ)
(HOMESAFE TA_XAJ XBJ)
(DRIVE XBJ XCD)
(DRIVE XCD XCC)
(DROPOFF TA_XAG XCC)
(HOMESAFE TA_XAG XCC)
(DRIVE XCC XCD)
(DRIVE XCD XBJ)
(DRIVE XBJ XBK)
(DRIVE XBK XBN)
(DROPOFF TA_XAD XBN)
(HOMESAFE TA_XAD XBN)
(DRIVE XBN XBK)
(DRIVE XBK XBL)
(DRIVE XBL XAQ)
(DRIVE XAQ XAP)
(DRIVE XAP XW)
(DRIVE XW XX)
(DRIVE XX XD)
(DROPOFF TA_XY XD)
(HOMESAFE TA_XY XD)
(DRIVE XD XF)
(DROPOFF TA_XX XF)
(HOMESAFE TA_XX XF)
(DRIVE XF XG)
(DROPOFF TA_XV XG)
(HOMESAFE TA_XV XG)
(DRIVE XG XF)
(DRIVE XF XN)
(DRIVE XN XH)
(DROPOFF TA_XT XH)
(HOMESAFE TA_XT XH)
(DRIVE XH XAE)
(DRIVE XAE XY)
(DROPOFF TA_XS XY)
(HOMESAFE TA_XS XY)
(DRIVE XY XAE)
(DRIVE XAE XAD)
(DROPOFF TA_XP XAD)
(HOMESAFE TA_XP XAD)
(DRIVE XAD XAX)
(DROPOFF TA_XO XAX)
(HOMESAFE TA_XO XAX)
(DRIVE XAX XAY)
(DRIVE XAY XAW)
(DRIVE XAW XAV)
(DROPOFF TA_XM XAV)
(HOMESAFE TA_XM XAV)
(DRIVE XAV XBM)
(DRIVE XBM XBS)
(DRIVE XBS XCL)
(DRIVE XCL XCN)
(DROPOFF TA_XK XCN)
(HOMESAFE TA_XK XCN)
(DRIVE XCN XCJ)
(DRIVE XCJ XCK)
(DROPOFF TA_XI XCK)
(HOMESAFE TA_XI XCK)
(DRIVE XCK XCJ)
(DRIVE XCJ XCN)
(DRIVE XCN XCQ)
(DRIVE XCQ XCP)
(DROPOFF TA_XH XCP)
(DRIVE XCP XCQ)
(DRIVE XCQ XCN)
(DRIVE XCN XCM)
(DRIVE XCM XCO)
(DROPOFF TA_XG XCO)
(HOMESAFE TA_XG XCO)
(DRIVE XCO XCM)
(DRIVE XCM XCN)
(DRIVE XCN XCL)
(DRIVE XCL XBS)
(DRIVE XBS XBM)
(DRIVE XBM XAV)
(DRIVE XAV XAW)
(DRIVE XAW XAY)
(DRIVE XAY XAZ)
(DRIVE XAZ XAG)
(DRIVE XAG XAK)
(DRIVE XAK XAJ)
(DRIVE XAJ XAH)
(DRIVE XAH XL)
(DRIVE XL XJ)
(DRIVE XJ XH)
(DRIVE XH XN)
(DRIVE XN XF)
(DRIVE XF XI)
(DROPOFF TA_XF XI)
(HOMESAFE TA_XF XI)
(DRIVE XI XF)
(DRIVE XF XN)
(DRIVE XN XM)
(DROPOFF TA_XD XM)
(HOMESAFE TA_XD XM)
(DRIVE XM XN)
(DRIVE XN XK)
(DROPOFF TA_XB XK)
(HOMESAFE TA_XB XK)
(DRIVE XK XN)
(DRIVE XN XH)
(DRIVE XH XAE)
(DRIVE XAE XAD)
(DRIVE XAD XAX)
(DRIVE XAX XAY)
(WALK TA_XH XCP XCS)
(HOMESAFE TA_XH XCS)
(DRIVE XAY XAW)
(DRIVE XAW XAV)
(DRIVE XAV XBM)
(DRIVE XBM XBS)
(DRIVE XBS XCL)
(DRIVE XCL XCN)
(DRIVE XCN XCQ)
(DRIVE XCQ XCP)
(DROPOFF TA_XA XCP)
(HOMESAFE TA_XA XCP)
(DRIVE XCP XCQ)
(DRIVE XCQ XCN)
(DRIVE XCN XCL)
(DRIVE XCL XBS)
(DRIVE XBS XBM)
(DRIVE XBM XAV)
(DRIVE XAV XAW)
(DRIVE XAW XAY)
