(DRIVE XBukitBatokEast XGaliBatuMandai)
(DROPOFF TA_XSembawang XGaliBatuMandai)
(HOMESAFE TA_XSembawang XgaliBatuMandai)
(DRIVE XGaliBatuMandai XSudong)
(DRIVE XSudong XSungeiRoad)
(DROPOFF TA_XFrankel XSungeiRoad)
(HOMESAFE TA_XFrankel XsungeiRoad)
(DRIVE XSungeiRoad XChoaChuKang)
(DROPOFF TA_XSungeiRoad XChoaChuKang)
(HOMESAFE TA_XSungeiroad XchoaChuKang)
(DRIVE XChoaChuKang XPearlsHill)
(DROPOFF TA_XSimei XPearlsHill)
(HOMESAFE TA_XSimei XpearlsHill)
(DRIVE XPearlsHill XRiverValley)
(DROPOFF TA_XRedhill XRiverValley)
(HOMESAFE TA_XRedhill XriverValley)
(DRIVE XRiverValley XTiongBahruStation)
(DROPOFF TA_XGaliBatuMandai XTiongBahruStation)
(HOMESAFE TA_XGalibatumandai XtiongBahruStation)
(DRIVE XTiongBahruStation XNeeSoon)
(DROPOFF TA_XTengeh XNeeSoon)
(HOMESAFE TA_XTengeh XneeSoon)
(DRIVE XNeeSoon XJooKoon)
(DROPOFF TA_XRiverValley XJooKoon)
(HOMESAFE TA_XRivervalley XjooKoon)
(DRIVE XJooKoon XSwissClub)
(DROPOFF TA_XSimpangNorth XSwissClub)
(HOMESAFE TA_XSimpangnorth XswissClub)
(DRIVE XSwissClub XFrankel)
(DROPOFF TA_XNeeSoon XFrankel)
(HOMESAFE TA_XNeesoon Xfrankel)
(DRIVE XFrankel XCityHall)
(DROPOFF TA_XJooKoon XCityHall)
(HOMESAFE TA_XJookoon XcityHall)
(DRIVE XCityHall XFrankel)
(DRIVE XFrankel XTengeh)
(DROPOFF TA_XDowntownCore XTengeh)
(HOMESAFE TA_XDowntowncore Xtengeh)
(DRIVE XTengeh XFrankel)
(DRIVE XFrankel XTanjongPagar)
(DROPOFF TA_XSwissClub XTanjongPagar)
(DRIVE XTanjongPagar XBukitBatokEast)
(HOMESAFE TA_XSwissclub XtanjongPagar)
(DRIVE XBukitBatokEast XDowntownCore)
(DROPOFF TA_XChoaChuKang XDowntownCore)
(DRIVE XDowntownCore XBukitBatokEast)
(HOMESAFE TA_XChoachukang XdowntownCore)
(DRIVE XBukitBatokEast XKakiBukit)
(DRIVE XKakiBukit XSafti)
(DROPOFF TA_XGhimMoh XSafti)
(HOMESAFE TA_XGhimmoh Xsafti)
(DRIVE XSafti XSimei)
(DROPOFF TA_XHillcrest XSimei)
(HOMESAFE TA_XHillcrest Xsimei)
(DRIVE XSimei XBukitBatokEast)
(DRIVE XBukitBatokEast XLeonieHill)
(DROPOFF TA_XLowerSeletar XLeonieHill)
(HOMESAFE TA_XLowerseletar XleonieHill)
(DRIVE XLeonieHill XBukitBatokEast)
(DRIVE XBukitBatokEast XHillcrest)
(DROPOFF TA_XLeonieHill XHillcrest)
(HOMESAFE TA_XLeoniehill Xhillcrest)
(DRIVE XHillcrest XRedhill)
(DROPOFF TA_XSudong XRedhill)
(HOMESAFE TA_XSudong Xredhill)
(DRIVE XRedhill XGhimMoh)
(DROPOFF TA_XPearlsHill XGhimMoh)
(HOMESAFE TA_XPearlshill XghimMoh)
(DRIVE XGhimMoh XSembawang)
(DROPOFF TA_XSafti XSembawang)
(DRIVE XSembawang XBukitBatokEast)
(HOMESAFE TA_XSafti Xsembawang)
(DRIVE XBukitBatokEast XSimpangNorth)
(DROPOFF TA_XTanjongPagar XSimpangNorth)
(DRIVE XSimpangNorth XBukitBatokEast)
(HOMESAFE TA_XTanjongpagar XsimpangNorth)
(DRIVE XBukitBatokEast XTiongBahruStation)
(DRIVE XTiongBahruStation XLowerSeletar)
(DROPOFF TA_XTyersall XLowerSeletar)
(HOMESAFE TA_XTyersall XlowerSeletar)
(DRIVE XLowerSeletar XRobertsonQuay)
(DRIVE XRobertsonQuay XSudong)
(DROPOFF TA_XTiongBahruStation XSudong)
(HOMESAFE TA_XTiongbahrustation Xsudong)
(DRIVE XSudong XHillview)
(DRIVE XHillview XTyersall)
(DROPOFF TA_XCityHall XTyersall)
(HOMESAFE TA_XCityhall Xtyersall)
(DRIVE XTyersall XTiongBahruStation)
(DRIVE XTiongBahruStation XBukitBatokEast)
