(DRIVE XC8 XE4)
(DRIVE XE4 XA4)
(DROPOFF TA_XC5 XA4)
(HOMESAFE TA_XC5 XA4)
(DRIVE XA4 XD5)
(DROPOFF TA_XC1 XD5)
(HOMESAFE TA_XC1 XD5)
(DRIVE XD5 XB9)
(DROPOFF TA_XA2 XB9)
(HOMESAFE TA_XA2 XB9)
(DRIVE XB9 XC7)
(DROPOFF TA_XA6 XC7)
(HOMESAFE TA_XA6 XC7)
(DRIVE XC7 XA3)
(DROPOFF TA_XA3 XA3)
(HOMESAFE TA_XA3 XA3)
(DRIVE XA3 XE2)
(DROPOFF TA_XE1 XE2)
(HOMESAFE TA_XE1 XE2)
(DRIVE XE2 XE1)
(DROPOFF TA_XA4 XE1)
(HOMESAFE TA_XA4 XE1)
(DRIVE XE1 XC3)
(DROPOFF TA_XC3 XC3)
(HOMESAFE TA_XC3 XC3)
(DRIVE XC3 XA2)
(DROPOFF TA_XD8 XA2)
(HOMESAFE TA_XD8 XA2)
(DRIVE XA2 XA6)
(DROPOFF TA_XC0 XA6)
(HOMESAFE TA_XC0 XA6)
(DRIVE XA6 XB8)
(DROPOFF TA_XA1 XB8)
(HOMESAFE TA_XA1 XB8)
(DRIVE XB8 XC1)
(DRIVE XC1 XC5)
(DROPOFF TA_XC7 XC5)
(HOMESAFE TA_XC7 XC5)
(DRIVE XC5 XA8)
(DROPOFF TA_XE2 XA8)
(DRIVE XA8 XC8)
(DRIVE XC8 XE6)
(WALK TA_XE2 XA8 XC2)
(WALK TA_XE2 XC2 XE3)
(HOMESAFE TA_XE2 XE3)
(DRIVE XE6 XC8)
(DRIVE XC8 XA8)
(DROPOFF TA_XD5 XA8)
(DRIVE XA8 XC8)
(WALK TA_XD5 XA8 XC2)
(HOMESAFE TA_XD5 XC2)
(DRIVE XC8 XA8)
(DROPOFF TA_XA8 XA8)
(DRIVE XA8 XC8)
(HOMESAFE TA_XA8 XA8)
(DRIVE XC8 XD3)
(DROPOFF TA_XB8 XD3)
(DRIVE XD3 XC8)
(WALK TA_XB8 XD3 XE9)
(HOMESAFE TA_XB8 XE9)
(DRIVE XC8 XA1)
(DROPOFF TA_XD4 XA1)
(HOMESAFE TA_XD4 XA1)
(DRIVE XA1 XC8)
(DRIVE XC8 XE6)
(DRIVE XE6 XD4)
(DROPOFF TA_XE9 XD4)
(HOMESAFE TA_XE9 XD4)
(DRIVE XD4 XA4)
(DRIVE XA4 XE1)
(DRIVE XE1 XD3)
(DROPOFF TA_XC2 XD3)
(HOMESAFE TA_XC2 XD3)
(DRIVE XD3 XC8)
(DRIVE XC8 XE4)
(DRIVE XE4 XE7)
(DROPOFF TA_XA5 XE7)
(HOMESAFE TA_XA5 XE7)
(DRIVE XE7 XC0)
(DRIVE XC0 XD0)
(DROPOFF TA_XD3 XD0)
(DRIVE XD0 XC0)
(HOMESAFE TA_XD3 XD0)
(DROPOFF TA_XE7 XC0)
(DRIVE XC0 XD6)
(DRIVE XD6 XC1)
(DROPOFF TA_XB9 XC1)
(DRIVE XC1 XA5)
(DROPOFF TA_XE3 XA5)
(HOMESAFE TA_XE3 XA5)
(HOMESAFE TA_XE7 XC0)
(DRIVE XA5 XB9)
(DRIVE XB9 XD8)
(DROPOFF TA_XD0 XD8)
(HOMESAFE TA_XD0 XD8)
(DRIVE XD8 XD5)
(DRIVE XD5 XC8)
(HOMESAFE TA_XB9 XC1)
