(DROPOFF TA_XNunez XBooth)
(WALK TA_XNunez XBooth XWebb)
(WALK TA_XNunez XWebb XPhipps)
(WALK TA_XNunez XPhipps XVolz)
(WALK TA_XNunez XVolz XAcuff)
(WALK TA_XNunez XAcuff XGale)
(WALK TA_XNunez XGale XBell)
(WALK TA_XNunez XBell XScofield)
(WALK TA_XNunez XScofield XWare)
(WALK TA_XNunez XWare XCrain)
(WALK TA_XNunez XCrain XMondesir)
(WALK TA_XNunez XMondesir XWhite)
(WALK TA_XNunez XWhite XValdez)
(WALK TA_XNunez XValdez XKrul)
(WALK TA_XNunez XKrul XCorey)
(WALK TA_XNunez XCorey XTrimarchi)
(WALK TA_XNunez XTrimarchi XRoy)
(WALK TA_XNunez XRoy XHogans)
(WALK TA_XNunez XHogans XBray)
(WALK TA_XNunez XBray XCosta)
(WALK TA_XNunez XCosta XBlack)
(WALK TA_XNunez XBlack XBurns)
(WALK TA_XNunez XBurns XGrose)
(WALK TA_XNunez XGrose XBoyd)
(WALK TA_XNunez XBoyd XTerry)
(WALK TA_XNunez XTerry XDavis)
(WALK TA_XNunez XDavis XVann)
(WALK TA_XNunez XVann XMachenry)
(WALK TA_XNunez XMachenry XBurroughs)
(WALK TA_XNunez XBurroughs XJarrette)
(WALK TA_XNunez XJarrette XSung)
(WALK TA_XNunez XSung XNorwood)
(WALK TA_XNunez XNorwood XBradley)
(WALK TA_XNunez XBradley XCurry)
(WALK TA_XNunez XCurry XBurditt)
(WALK TA_XNunez XBurditt XWhitmore)
(WALK TA_XNunez XWhitmore XBeebe)
(WALK TA_XNunez XBeebe XPoirrier)
(WALK TA_XNunez XPoirrier XReed)
(WALK TA_XNunez XReed XLynn)
(WALK TA_XNunez XLynn XLy)
(HOMESAFE TA_XNunez Xly)
(DROPOFF TA_XRodriguez XBooth)
(WALK TA_XRodriguez XBooth XWebb)
(WALK TA_XRodriguez XWebb XPhipps)
(WALK TA_XRodriguez XPhipps XVolz)
(WALK TA_XRodriguez XVolz XAcuff)
(WALK TA_XRodriguez XAcuff XGale)
(WALK TA_XRodriguez XGale XBell)
(WALK TA_XRodriguez XBell XScofield)
(WALK TA_XRodriguez XScofield XWare)
(WALK TA_XRodriguez XWare XCrain)
(WALK TA_XRodriguez XCrain XMondesir)
(WALK TA_XRodriguez XMondesir XWhite)
(WALK TA_XRodriguez XWhite XValdez)
(WALK TA_XRodriguez XValdez XKrul)
(WALK TA_XRodriguez XKrul XCorey)
(WALK TA_XRodriguez XCorey XTrimarchi)
(WALK TA_XRodriguez XTrimarchi XRoy)
(WALK TA_XRodriguez XRoy XHogans)
(WALK TA_XRodriguez XHogans XBray)
(WALK TA_XRodriguez XBray XCosta)
(WALK TA_XRodriguez XCosta XBlack)
(WALK TA_XRodriguez XBlack XBurns)
(WALK TA_XRodriguez XBurns XGrose)
(WALK TA_XRodriguez XGrose XBoyd)
(WALK TA_XRodriguez XBoyd XTerry)
(WALK TA_XRodriguez XTerry XDavis)
(WALK TA_XRodriguez XDavis XVann)
(WALK TA_XRodriguez XVann XMachenry)
(WALK TA_XRodriguez XMachenry XBurroughs)
(WALK TA_XRodriguez XBurroughs XJarrette)
(WALK TA_XRodriguez XJarrette XSung)
(WALK TA_XRodriguez XSung XNorwood)
(WALK TA_XRodriguez XNorwood XBradley)
(WALK TA_XRodriguez XBradley XCurry)
(WALK TA_XRodriguez XCurry XBurditt)
(WALK TA_XRodriguez XBurditt XWhitmore)
(WALK TA_XRodriguez XWhitmore XBeebe)
(WALK TA_XRodriguez XBeebe XPoirrier)
(WALK TA_XRodriguez XPoirrier XReed)
(WALK TA_XRodriguez XReed XLynn)
(WALK TA_XRodriguez XLynn XLy)
(WALK TA_XRodriguez XLy XYoung)
(HOMESAFE TA_XRodriguez Xyoung)
(DROPOFF TA_XLy XBooth)
(WALK TA_XLy XBooth XWebb)
(WALK TA_XLy XWebb XPhipps)
(WALK TA_XLy XPhipps XVolz)
(WALK TA_XLy XVolz XAcuff)
(WALK TA_XLy XAcuff XGale)
(WALK TA_XLy XGale XBell)
(WALK TA_XLy XBell XScofield)
(WALK TA_XLy XScofield XWare)
(WALK TA_XLy XWare XCrain)
(WALK TA_XLy XCrain XMondesir)
(WALK TA_XLy XMondesir XWhite)
(WALK TA_XLy XWhite XValdez)
(WALK TA_XLy XValdez XKrul)
(WALK TA_XLy XKrul XCorey)
(WALK TA_XLy XCorey XTrimarchi)
(WALK TA_XLy XTrimarchi XRoy)
(WALK TA_XLy XRoy XHogans)
(WALK TA_XLy XHogans XBray)
(WALK TA_XLy XBray XCosta)
(WALK TA_XLy XCosta XBlack)
(WALK TA_XLy XBlack XBurns)
(WALK TA_XLy XBurns XGrose)
(WALK TA_XLy XGrose XBoyd)
(WALK TA_XLy XBoyd XTerry)
(WALK TA_XLy XTerry XDavis)
(WALK TA_XLy XDavis XVann)
(WALK TA_XLy XVann XMachenry)
(WALK TA_XLy XMachenry XBurroughs)
(WALK TA_XLy XBurroughs XJarrette)
(WALK TA_XLy XJarrette XSung)
(WALK TA_XLy XSung XNorwood)
(WALK TA_XLy XNorwood XBradley)
(WALK TA_XLy XBradley XCurry)
(WALK TA_XLy XCurry XBurditt)
(WALK TA_XLy XBurditt XWhitmore)
(WALK TA_XLy XWhitmore XBeebe)
(WALK TA_XLy XBeebe XPoirrier)
(WALK TA_XLy XPoirrier XReed)
(WALK TA_XLy XReed XLynn)
(WALK TA_XLy XLynn XLy)
(WALK TA_XLy XLy XYoung)
(WALK TA_XLy XYoung XHall)
(HOMESAFE TA_XLy Xhall)
(DROPOFF TA_XHall XBooth)
(WALK TA_XHall XBooth XWebb)
(WALK TA_XHall XWebb XPhipps)
(WALK TA_XHall XPhipps XVolz)
(WALK TA_XHall XVolz XAcuff)
(WALK TA_XHall XAcuff XGale)
(WALK TA_XHall XGale XBell)
(WALK TA_XHall XBell XScofield)
(WALK TA_XHall XScofield XWare)
(WALK TA_XHall XWare XCrain)
(WALK TA_XHall XCrain XMondesir)
(WALK TA_XHall XMondesir XWhite)
(WALK TA_XHall XWhite XValdez)
(WALK TA_XHall XValdez XKrul)
(WALK TA_XHall XKrul XCorey)
(WALK TA_XHall XCorey XTrimarchi)
(WALK TA_XHall XTrimarchi XRoy)
(WALK TA_XHall XRoy XHogans)
(WALK TA_XHall XHogans XBray)
(WALK TA_XHall XBray XCosta)
(WALK TA_XHall XCosta XBlack)
(WALK TA_XHall XBlack XBurns)
(WALK TA_XHall XBurns XGrose)
(WALK TA_XHall XGrose XBoyd)
(WALK TA_XHall XBoyd XTerry)
(WALK TA_XHall XTerry XDavis)
(WALK TA_XHall XDavis XVann)
(WALK TA_XHall XVann XMachenry)
(WALK TA_XHall XMachenry XBurroughs)
(WALK TA_XHall XBurroughs XJarrette)
(WALK TA_XHall XJarrette XSung)
(WALK TA_XHall XSung XNorwood)
(WALK TA_XHall XNorwood XBradley)
(WALK TA_XHall XBradley XCurry)
(WALK TA_XHall XCurry XBurditt)
(WALK TA_XHall XBurditt XWhitmore)
(WALK TA_XHall XWhitmore XBeebe)
(WALK TA_XHall XBeebe XPoirrier)
(WALK TA_XHall XPoirrier XReed)
(WALK TA_XHall XReed XLynn)
(WALK TA_XHall XLynn XLy)
(WALK TA_XHall XLy XYoung)
(WALK TA_XHall XYoung XHall)
(WALK TA_XHall XHall XObrien)
(HOMESAFE TA_XHall Xobrien)
(DROPOFF TA_XLangley XBooth)
(WALK TA_XLangley XBooth XWebb)
(WALK TA_XLangley XWebb XPhipps)
(WALK TA_XLangley XPhipps XVolz)
(WALK TA_XLangley XVolz XAcuff)
(WALK TA_XLangley XAcuff XGale)
(WALK TA_XLangley XGale XBell)
(WALK TA_XLangley XBell XScofield)
(WALK TA_XLangley XScofield XWare)
(WALK TA_XLangley XWare XCrain)
(WALK TA_XLangley XCrain XMondesir)
(WALK TA_XLangley XMondesir XWhite)
(WALK TA_XLangley XWhite XValdez)
(WALK TA_XLangley XValdez XKrul)
(WALK TA_XLangley XKrul XCorey)
(WALK TA_XLangley XCorey XTrimarchi)
(WALK TA_XLangley XTrimarchi XRoy)
(WALK TA_XLangley XRoy XHogans)
(WALK TA_XLangley XHogans XBray)
(WALK TA_XLangley XBray XCosta)
(WALK TA_XLangley XCosta XBlack)
(WALK TA_XLangley XBlack XBurns)
(WALK TA_XLangley XBurns XGrose)
(WALK TA_XLangley XGrose XBoyd)
(WALK TA_XLangley XBoyd XTerry)
(WALK TA_XLangley XTerry XDavis)
(WALK TA_XLangley XDavis XVann)
(WALK TA_XLangley XVann XMachenry)
(WALK TA_XLangley XMachenry XBurroughs)
(WALK TA_XLangley XBurroughs XJarrette)
(WALK TA_XLangley XJarrette XSung)
(WALK TA_XLangley XSung XNorwood)
(WALK TA_XLangley XNorwood XBradley)
(WALK TA_XLangley XBradley XCurry)
(WALK TA_XLangley XCurry XBurditt)
(WALK TA_XLangley XBurditt XWhitmore)
(WALK TA_XLangley XWhitmore XBeebe)
(WALK TA_XLangley XBeebe XPoirrier)
(WALK TA_XLangley XPoirrier XReed)
(WALK TA_XLangley XReed XLynn)
(WALK TA_XLangley XLynn XLy)
(WALK TA_XLangley XLy XYoung)
(WALK TA_XLangley XYoung XHall)
(WALK TA_XLangley XHall XObrien)
(WALK TA_XLangley XObrien XRodriguez)
(HOMESAFE TA_XLangley Xrodriguez)
(DROPOFF TA_XTrent XBooth)
(WALK TA_XTrent XBooth XWebb)
(WALK TA_XTrent XWebb XPhipps)
(WALK TA_XTrent XPhipps XVolz)
(WALK TA_XTrent XVolz XAcuff)
(WALK TA_XTrent XAcuff XGale)
(WALK TA_XTrent XGale XBell)
(WALK TA_XTrent XBell XScofield)
(WALK TA_XTrent XScofield XWare)
(WALK TA_XTrent XWare XCrain)
(WALK TA_XTrent XCrain XMondesir)
(WALK TA_XTrent XMondesir XWhite)
(WALK TA_XTrent XWhite XValdez)
(WALK TA_XTrent XValdez XKrul)
(WALK TA_XTrent XKrul XCorey)
(WALK TA_XTrent XCorey XTrimarchi)
(WALK TA_XTrent XTrimarchi XRoy)
(WALK TA_XTrent XRoy XHogans)
(WALK TA_XTrent XHogans XBray)
(WALK TA_XTrent XBray XCosta)
(WALK TA_XTrent XCosta XBlack)
(WALK TA_XTrent XBlack XBurns)
(WALK TA_XTrent XBurns XGrose)
(WALK TA_XTrent XGrose XBoyd)
(WALK TA_XTrent XBoyd XTerry)
(WALK TA_XTrent XTerry XDavis)
(WALK TA_XTrent XDavis XVann)
(WALK TA_XTrent XVann XMachenry)
(WALK TA_XTrent XMachenry XBurroughs)
(WALK TA_XTrent XBurroughs XJarrette)
(WALK TA_XTrent XJarrette XSung)
(WALK TA_XTrent XSung XNorwood)
(WALK TA_XTrent XNorwood XBradley)
(WALK TA_XTrent XBradley XCurry)
(WALK TA_XTrent XCurry XBurditt)
(WALK TA_XTrent XBurditt XWhitmore)
(WALK TA_XTrent XWhitmore XBeebe)
(WALK TA_XTrent XBeebe XPoirrier)
(WALK TA_XTrent XPoirrier XReed)
(WALK TA_XTrent XReed XLynn)
(WALK TA_XTrent XLynn XLy)
(WALK TA_XTrent XLy XYoung)
(WALK TA_XTrent XYoung XHall)
(WALK TA_XTrent XHall XObrien)
(WALK TA_XTrent XObrien XRodriguez)
(WALK TA_XTrent XRodriguez XJoseph)
(HOMESAFE TA_XTrent Xjoseph)
(DROPOFF TA_XYoung XBooth)
(WALK TA_XYoung XBooth XWebb)
(WALK TA_XYoung XWebb XPhipps)
(WALK TA_XYoung XPhipps XVolz)
(WALK TA_XYoung XVolz XAcuff)
(WALK TA_XYoung XAcuff XGale)
(WALK TA_XYoung XGale XBell)
(WALK TA_XYoung XBell XScofield)
(WALK TA_XYoung XScofield XWare)
(WALK TA_XYoung XWare XCrain)
(WALK TA_XYoung XCrain XMondesir)
(WALK TA_XYoung XMondesir XWhite)
(WALK TA_XYoung XWhite XValdez)
(WALK TA_XYoung XValdez XKrul)
(WALK TA_XYoung XKrul XCorey)
(WALK TA_XYoung XCorey XTrimarchi)
(WALK TA_XYoung XTrimarchi XRoy)
(WALK TA_XYoung XRoy XHogans)
(WALK TA_XYoung XHogans XBray)
(WALK TA_XYoung XBray XCosta)
(WALK TA_XYoung XCosta XBlack)
(WALK TA_XYoung XBlack XBurns)
(WALK TA_XYoung XBurns XGrose)
(WALK TA_XYoung XGrose XBoyd)
(WALK TA_XYoung XBoyd XTerry)
(WALK TA_XYoung XTerry XDavis)
(WALK TA_XYoung XDavis XVann)
(WALK TA_XYoung XVann XMachenry)
(WALK TA_XYoung XMachenry XBurroughs)
(WALK TA_XYoung XBurroughs XJarrette)
(WALK TA_XYoung XJarrette XSung)
(WALK TA_XYoung XSung XNorwood)
(WALK TA_XYoung XNorwood XBradley)
(WALK TA_XYoung XBradley XCurry)
(WALK TA_XYoung XCurry XBurditt)
(WALK TA_XYoung XBurditt XWhitmore)
(WALK TA_XYoung XWhitmore XBeebe)
(WALK TA_XYoung XBeebe XPoirrier)
(WALK TA_XYoung XPoirrier XReed)
(WALK TA_XYoung XReed XLynn)
(WALK TA_XYoung XLynn XLy)
(WALK TA_XYoung XLy XYoung)
(WALK TA_XYoung XYoung XHall)
(WALK TA_XYoung XHall XObrien)
(WALK TA_XYoung XObrien XRodriguez)
(WALK TA_XYoung XRodriguez XJoseph)
(WALK TA_XYoung XJoseph XNunez)
(HOMESAFE TA_XYoung Xnunez)
(DROPOFF TA_XObrien XBooth)
(WALK TA_XObrien XBooth XWebb)
(WALK TA_XObrien XWebb XPhipps)
(WALK TA_XObrien XPhipps XVolz)
(WALK TA_XObrien XVolz XAcuff)
(WALK TA_XObrien XAcuff XGale)
(WALK TA_XObrien XGale XBell)
(WALK TA_XObrien XBell XScofield)
(WALK TA_XObrien XScofield XWare)
(WALK TA_XObrien XWare XCrain)
(WALK TA_XObrien XCrain XMondesir)
(WALK TA_XObrien XMondesir XWhite)
(WALK TA_XObrien XWhite XValdez)
(WALK TA_XObrien XValdez XKrul)
(WALK TA_XObrien XKrul XCorey)
(WALK TA_XObrien XCorey XTrimarchi)
(WALK TA_XObrien XTrimarchi XRoy)
(WALK TA_XObrien XRoy XHogans)
(WALK TA_XObrien XHogans XBray)
(WALK TA_XObrien XBray XCosta)
(WALK TA_XObrien XCosta XBlack)
(WALK TA_XObrien XBlack XBurns)
(WALK TA_XObrien XBurns XGrose)
(WALK TA_XObrien XGrose XBoyd)
(WALK TA_XObrien XBoyd XTerry)
(WALK TA_XObrien XTerry XDavis)
(WALK TA_XObrien XDavis XVann)
(WALK TA_XObrien XVann XMachenry)
(WALK TA_XObrien XMachenry XBurroughs)
(WALK TA_XObrien XBurroughs XJarrette)
(WALK TA_XObrien XJarrette XSung)
(WALK TA_XObrien XSung XNorwood)
(WALK TA_XObrien XNorwood XBradley)
(WALK TA_XObrien XBradley XCurry)
(WALK TA_XObrien XCurry XBurditt)
(WALK TA_XObrien XBurditt XWhitmore)
(WALK TA_XObrien XWhitmore XBeebe)
(WALK TA_XObrien XBeebe XPoirrier)
(WALK TA_XObrien XPoirrier XReed)
(WALK TA_XObrien XReed XLynn)
(WALK TA_XObrien XLynn XLy)
(WALK TA_XObrien XLy XYoung)
(WALK TA_XObrien XYoung XHall)
(WALK TA_XObrien XHall XObrien)
(WALK TA_XObrien XObrien XRodriguez)
(WALK TA_XObrien XRodriguez XJoseph)
(WALK TA_XObrien XJoseph XNunez)
(WALK TA_XObrien XNunez XTrent)
(HOMESAFE TA_XObrien Xtrent)
(DROPOFF TA_XJoseph XBooth)
(WALK TA_XJoseph XBooth XWebb)
(WALK TA_XJoseph XWebb XPhipps)
(WALK TA_XJoseph XPhipps XVolz)
(WALK TA_XJoseph XVolz XAcuff)
(WALK TA_XJoseph XAcuff XGale)
(WALK TA_XJoseph XGale XBell)
(WALK TA_XJoseph XBell XScofield)
(WALK TA_XJoseph XScofield XWare)
(WALK TA_XJoseph XWare XCrain)
(WALK TA_XJoseph XCrain XMondesir)
(WALK TA_XJoseph XMondesir XWhite)
(WALK TA_XJoseph XWhite XValdez)
(WALK TA_XJoseph XValdez XKrul)
(WALK TA_XJoseph XKrul XCorey)
(WALK TA_XJoseph XCorey XTrimarchi)
(WALK TA_XJoseph XTrimarchi XRoy)
(WALK TA_XJoseph XRoy XHogans)
(WALK TA_XJoseph XHogans XBray)
(WALK TA_XJoseph XBray XCosta)
(WALK TA_XJoseph XCosta XBlack)
(WALK TA_XJoseph XBlack XBurns)
(WALK TA_XJoseph XBurns XGrose)
(WALK TA_XJoseph XGrose XBoyd)
(WALK TA_XJoseph XBoyd XTerry)
(WALK TA_XJoseph XTerry XDavis)
(WALK TA_XJoseph XDavis XVann)
(WALK TA_XJoseph XVann XMachenry)
(WALK TA_XJoseph XMachenry XBurroughs)
(WALK TA_XJoseph XBurroughs XJarrette)
(WALK TA_XJoseph XJarrette XSung)
(WALK TA_XJoseph XSung XNorwood)
(WALK TA_XJoseph XNorwood XBradley)
(WALK TA_XJoseph XBradley XCurry)
(WALK TA_XJoseph XCurry XBurditt)
(WALK TA_XJoseph XBurditt XWhitmore)
(WALK TA_XJoseph XWhitmore XBeebe)
(WALK TA_XJoseph XBeebe XPoirrier)
(WALK TA_XJoseph XPoirrier XReed)
(WALK TA_XJoseph XReed XLynn)
(WALK TA_XJoseph XLynn XLy)
(WALK TA_XJoseph XLy XYoung)
(WALK TA_XJoseph XYoung XHall)
(WALK TA_XJoseph XHall XObrien)
(WALK TA_XJoseph XObrien XRodriguez)
(WALK TA_XJoseph XRodriguez XJoseph)
(WALK TA_XJoseph XJoseph XNunez)
(WALK TA_XJoseph XNunez XTrent)
(WALK TA_XJoseph XTrent XLangley)
(HOMESAFE TA_XJoseph Xlangley)
(DROPOFF TA_XCastelli XBooth)
(WALK TA_XCastelli XBooth XWebb)
(WALK TA_XCastelli XWebb XPhipps)
(WALK TA_XCastelli XPhipps XVolz)
(WALK TA_XCastelli XVolz XAcuff)
(WALK TA_XCastelli XAcuff XGale)
(WALK TA_XCastelli XGale XBell)
(WALK TA_XCastelli XBell XScofield)
(WALK TA_XCastelli XScofield XWare)
(WALK TA_XCastelli XWare XCrain)
(WALK TA_XCastelli XCrain XMondesir)
(WALK TA_XCastelli XMondesir XWhite)
(WALK TA_XCastelli XWhite XValdez)
(WALK TA_XCastelli XValdez XKrul)
(WALK TA_XCastelli XKrul XCorey)
(WALK TA_XCastelli XCorey XTrimarchi)
(WALK TA_XCastelli XTrimarchi XRoy)
(WALK TA_XCastelli XRoy XHogans)
(WALK TA_XCastelli XHogans XBray)
(WALK TA_XCastelli XBray XCosta)
(WALK TA_XCastelli XCosta XBlack)
(WALK TA_XCastelli XBlack XBurns)
(WALK TA_XCastelli XBurns XGrose)
(WALK TA_XCastelli XGrose XBoyd)
(WALK TA_XCastelli XBoyd XTerry)
(WALK TA_XCastelli XTerry XDavis)
(WALK TA_XCastelli XDavis XVann)
(WALK TA_XCastelli XVann XMachenry)
(WALK TA_XCastelli XMachenry XBurroughs)
(WALK TA_XCastelli XBurroughs XJarrette)
(WALK TA_XCastelli XJarrette XSung)
(WALK TA_XCastelli XSung XNorwood)
(WALK TA_XCastelli XNorwood XBradley)
(WALK TA_XCastelli XBradley XCurry)
(WALK TA_XCastelli XCurry XBurditt)
(WALK TA_XCastelli XBurditt XWhitmore)
(WALK TA_XCastelli XWhitmore XBeebe)
(WALK TA_XCastelli XBeebe XPoirrier)
(WALK TA_XCastelli XPoirrier XReed)
(WALK TA_XCastelli XReed XLynn)
(WALK TA_XCastelli XLynn XLy)
(WALK TA_XCastelli XLy XYoung)
(WALK TA_XCastelli XYoung XHall)
(WALK TA_XCastelli XHall XObrien)
(WALK TA_XCastelli XObrien XRodriguez)
(WALK TA_XCastelli XRodriguez XJoseph)
(WALK TA_XCastelli XJoseph XNunez)
(WALK TA_XCastelli XNunez XTrent)
(WALK TA_XCastelli XTrent XLangley)
(WALK TA_XCastelli XLangley XCastelli)
(HOMESAFE TA_XCastelli Xcastelli)
