(DROPOFF TA_XSanchez XHershberger)
(WALK TA_XSanchez XHershberger XMorales)
(WALK TA_XSanchez XMorales XDison)
(WALK TA_XSanchez XDison XTaylor)
(WALK TA_XSanchez XTaylor XFolsom)
(WALK TA_XSanchez XFolsom XRachel)
(WALK TA_XSanchez XRachel XManzi)
(WALK TA_XSanchez XManzi XTorrez)
(WALK TA_XSanchez XTorrez XParks)
(WALK TA_XSanchez XParks XGuerra)
(WALK TA_XSanchez XGuerra XMorris)
(WALK TA_XSanchez XMorris XFord)
(WALK TA_XSanchez XFord XBrewer)
(WALK TA_XSanchez XBrewer XRossi)
(WALK TA_XSanchez XRossi XScalise)
(WALK TA_XSanchez XScalise XRodgers)
(WALK TA_XSanchez XRodgers XWilliams)
(WALK TA_XSanchez XWilliams XLawson)
(WALK TA_XSanchez XLawson XWheeler)
(WALK TA_XSanchez XWheeler XNeal)
(WALK TA_XSanchez XNeal XLewis)
(WALK TA_XSanchez XLewis XMcclain)
(WALK TA_XSanchez XMcclain XKerr)
(WALK TA_XSanchez XKerr XBurke)
(WALK TA_XSanchez XBurke XDanger)
(WALK TA_XSanchez XDanger XHigginbotham)
(WALK TA_XSanchez XHigginbotham XOwens)
(WALK TA_XSanchez XOwens XMohr)
(WALK TA_XSanchez XMohr XHughes)
(WALK TA_XSanchez XHughes XHill)
(WALK TA_XSanchez XHill XSherman)
(WALK TA_XSanchez XSherman XWorstell)
(WALK TA_XSanchez XWorstell XJones)
(WALK TA_XSanchez XJones XHolderman)
(WALK TA_XSanchez XHolderman XHenry)
(WALK TA_XSanchez XHenry XPadgett)
(WALK TA_XSanchez XPadgett XMorgan)
(WALK TA_XSanchez XMorgan XBean)
(WALK TA_XSanchez XBean XWashington)
(WALK TA_XSanchez XWashington XSmith)
(WALK TA_XSanchez XSmith XVirtue)
(WALK TA_XSanchez XVirtue XPatterson)
(WALK TA_XSanchez XPatterson XPerrault)
(WALK TA_XSanchez XPerrault XBaker)
(WALK TA_XSanchez XBaker XHannon)
(WALK TA_XSanchez XHannon XDuckey)
(WALK TA_XSanchez XDuckey XPenrod)
(WALK TA_XSanchez XPenrod XWalker)
(WALK TA_XSanchez XWalker XJoy)
(WALK TA_XSanchez XJoy XWallace)
(WALK TA_XSanchez XWallace XCork)
(WALK TA_XSanchez XCork XHosle)
(WALK TA_XSanchez XHosle XCourtney)
(WALK TA_XSanchez XCourtney XMedina)
(WALK TA_XSanchez XMedina XRivers)
(WALK TA_XSanchez XRivers XCarroll)
(WALK TA_XSanchez XCarroll XDominguez)
(WALK TA_XSanchez XDominguez XBranson)
(WALK TA_XSanchez XBranson XSebeniecher)
(WALK TA_XSanchez XSebeniecher XSnyder)
(WALK TA_XSanchez XSnyder XSkelton)
(WALK TA_XSanchez XSkelton XMunoz)
(WALK TA_XSanchez XMunoz XCribb)
(WALK TA_XSanchez XCribb XBraswell)
(WALK TA_XSanchez XBraswell XJenkins)
(WALK TA_XSanchez XJenkins XWebb)
(WALK TA_XSanchez XWebb XBerka)
(HOMESAFE TA_XSanchez Xberka)
(DROPOFF TA_XVanness XHershberger)
(WALK TA_XVanness XHershberger XMorales)
(WALK TA_XVanness XMorales XDison)
(WALK TA_XVanness XDison XTaylor)
(WALK TA_XVanness XTaylor XFolsom)
(WALK TA_XVanness XFolsom XRachel)
(WALK TA_XVanness XRachel XManzi)
(WALK TA_XVanness XManzi XTorrez)
(WALK TA_XVanness XTorrez XParks)
(WALK TA_XVanness XParks XGuerra)
(WALK TA_XVanness XGuerra XMorris)
(WALK TA_XVanness XMorris XFord)
(WALK TA_XVanness XFord XBrewer)
(WALK TA_XVanness XBrewer XRossi)
(WALK TA_XVanness XRossi XScalise)
(WALK TA_XVanness XScalise XRodgers)
(WALK TA_XVanness XRodgers XWilliams)
(WALK TA_XVanness XWilliams XLawson)
(WALK TA_XVanness XLawson XWheeler)
(WALK TA_XVanness XWheeler XNeal)
(WALK TA_XVanness XNeal XLewis)
(WALK TA_XVanness XLewis XMcclain)
(WALK TA_XVanness XMcclain XKerr)
(WALK TA_XVanness XKerr XBurke)
(WALK TA_XVanness XBurke XDanger)
(WALK TA_XVanness XDanger XHigginbotham)
(WALK TA_XVanness XHigginbotham XOwens)
(WALK TA_XVanness XOwens XMohr)
(WALK TA_XVanness XMohr XHughes)
(WALK TA_XVanness XHughes XHill)
(WALK TA_XVanness XHill XSherman)
(WALK TA_XVanness XSherman XWorstell)
(WALK TA_XVanness XWorstell XJones)
(WALK TA_XVanness XJones XHolderman)
(WALK TA_XVanness XHolderman XHenry)
(WALK TA_XVanness XHenry XPadgett)
(WALK TA_XVanness XPadgett XMorgan)
(WALK TA_XVanness XMorgan XBean)
(WALK TA_XVanness XBean XWashington)
(WALK TA_XVanness XWashington XSmith)
(WALK TA_XVanness XSmith XVirtue)
(WALK TA_XVanness XVirtue XPatterson)
(WALK TA_XVanness XPatterson XPerrault)
(WALK TA_XVanness XPerrault XBaker)
(WALK TA_XVanness XBaker XHannon)
(WALK TA_XVanness XHannon XDuckey)
(WALK TA_XVanness XDuckey XPenrod)
(WALK TA_XVanness XPenrod XWalker)
(WALK TA_XVanness XWalker XJoy)
(WALK TA_XVanness XJoy XWallace)
(WALK TA_XVanness XWallace XCork)
(WALK TA_XVanness XCork XHosle)
(WALK TA_XVanness XHosle XCourtney)
(WALK TA_XVanness XCourtney XMedina)
(WALK TA_XVanness XMedina XRivers)
(WALK TA_XVanness XRivers XCarroll)
(WALK TA_XVanness XCarroll XDominguez)
(WALK TA_XVanness XDominguez XBranson)
(WALK TA_XVanness XBranson XSebeniecher)
(WALK TA_XVanness XSebeniecher XSnyder)
(WALK TA_XVanness XSnyder XSkelton)
(WALK TA_XVanness XSkelton XMunoz)
(WALK TA_XVanness XMunoz XCribb)
(WALK TA_XVanness XCribb XBraswell)
(WALK TA_XVanness XBraswell XJenkins)
(WALK TA_XVanness XJenkins XWebb)
(WALK TA_XVanness XWebb XBerka)
(WALK TA_XVanness XBerka XCollins)
(HOMESAFE TA_XVanness Xcollins)
(DROPOFF TA_XMclaughlin XHershberger)
(WALK TA_XMclaughlin XHershberger XMorales)
(WALK TA_XMclaughlin XMorales XDison)
(WALK TA_XMclaughlin XDison XTaylor)
(WALK TA_XMclaughlin XTaylor XFolsom)
(WALK TA_XMclaughlin XFolsom XRachel)
(WALK TA_XMclaughlin XRachel XManzi)
(WALK TA_XMclaughlin XManzi XTorrez)
(WALK TA_XMclaughlin XTorrez XParks)
(WALK TA_XMclaughlin XParks XGuerra)
(WALK TA_XMclaughlin XGuerra XMorris)
(WALK TA_XMclaughlin XMorris XFord)
(WALK TA_XMclaughlin XFord XBrewer)
(WALK TA_XMclaughlin XBrewer XRossi)
(WALK TA_XMclaughlin XRossi XScalise)
(WALK TA_XMclaughlin XScalise XRodgers)
(WALK TA_XMclaughlin XRodgers XWilliams)
(WALK TA_XMclaughlin XWilliams XLawson)
(WALK TA_XMclaughlin XLawson XWheeler)
(WALK TA_XMclaughlin XWheeler XNeal)
(WALK TA_XMclaughlin XNeal XLewis)
(WALK TA_XMclaughlin XLewis XMcclain)
(WALK TA_XMclaughlin XMcclain XKerr)
(WALK TA_XMclaughlin XKerr XBurke)
(WALK TA_XMclaughlin XBurke XDanger)
(WALK TA_XMclaughlin XDanger XHigginbotham)
(WALK TA_XMclaughlin XHigginbotham XOwens)
(WALK TA_XMclaughlin XOwens XMohr)
(WALK TA_XMclaughlin XMohr XHughes)
(WALK TA_XMclaughlin XHughes XHill)
(WALK TA_XMclaughlin XHill XSherman)
(WALK TA_XMclaughlin XSherman XWorstell)
(WALK TA_XMclaughlin XWorstell XJones)
(WALK TA_XMclaughlin XJones XHolderman)
(WALK TA_XMclaughlin XHolderman XHenry)
(WALK TA_XMclaughlin XHenry XPadgett)
(WALK TA_XMclaughlin XPadgett XMorgan)
(WALK TA_XMclaughlin XMorgan XBean)
(WALK TA_XMclaughlin XBean XWashington)
(WALK TA_XMclaughlin XWashington XSmith)
(WALK TA_XMclaughlin XSmith XVirtue)
(WALK TA_XMclaughlin XVirtue XPatterson)
(WALK TA_XMclaughlin XPatterson XPerrault)
(WALK TA_XMclaughlin XPerrault XBaker)
(WALK TA_XMclaughlin XBaker XHannon)
(WALK TA_XMclaughlin XHannon XDuckey)
(WALK TA_XMclaughlin XDuckey XPenrod)
(WALK TA_XMclaughlin XPenrod XWalker)
(WALK TA_XMclaughlin XWalker XJoy)
(WALK TA_XMclaughlin XJoy XWallace)
(WALK TA_XMclaughlin XWallace XCork)
(WALK TA_XMclaughlin XCork XHosle)
(WALK TA_XMclaughlin XHosle XCourtney)
(WALK TA_XMclaughlin XCourtney XMedina)
(WALK TA_XMclaughlin XMedina XRivers)
(WALK TA_XMclaughlin XRivers XCarroll)
(WALK TA_XMclaughlin XCarroll XDominguez)
(WALK TA_XMclaughlin XDominguez XBranson)
(WALK TA_XMclaughlin XBranson XSebeniecher)
(WALK TA_XMclaughlin XSebeniecher XSnyder)
(WALK TA_XMclaughlin XSnyder XSkelton)
(WALK TA_XMclaughlin XSkelton XMunoz)
(WALK TA_XMclaughlin XMunoz XCribb)
(WALK TA_XMclaughlin XCribb XBraswell)
(WALK TA_XMclaughlin XBraswell XJenkins)
(WALK TA_XMclaughlin XJenkins XWebb)
(WALK TA_XMclaughlin XWebb XBerka)
(WALK TA_XMclaughlin XBerka XCollins)
(WALK TA_XMclaughlin XCollins XPeters)
(HOMESAFE TA_XMclaughlin Xpeters)
(DROPOFF TA_XYoder XHershberger)
(WALK TA_XYoder XHershberger XMorales)
(WALK TA_XYoder XMorales XDison)
(WALK TA_XYoder XDison XTaylor)
(WALK TA_XYoder XTaylor XFolsom)
(WALK TA_XYoder XFolsom XRachel)
(WALK TA_XYoder XRachel XManzi)
(WALK TA_XYoder XManzi XTorrez)
(WALK TA_XYoder XTorrez XParks)
(WALK TA_XYoder XParks XGuerra)
(WALK TA_XYoder XGuerra XMorris)
(WALK TA_XYoder XMorris XFord)
(WALK TA_XYoder XFord XBrewer)
(WALK TA_XYoder XBrewer XRossi)
(WALK TA_XYoder XRossi XScalise)
(WALK TA_XYoder XScalise XRodgers)
(WALK TA_XYoder XRodgers XWilliams)
(WALK TA_XYoder XWilliams XLawson)
(WALK TA_XYoder XLawson XWheeler)
(WALK TA_XYoder XWheeler XNeal)
(WALK TA_XYoder XNeal XLewis)
(WALK TA_XYoder XLewis XMcclain)
(WALK TA_XYoder XMcclain XKerr)
(WALK TA_XYoder XKerr XBurke)
(WALK TA_XYoder XBurke XDanger)
(WALK TA_XYoder XDanger XHigginbotham)
(WALK TA_XYoder XHigginbotham XOwens)
(WALK TA_XYoder XOwens XMohr)
(WALK TA_XYoder XMohr XHughes)
(WALK TA_XYoder XHughes XHill)
(WALK TA_XYoder XHill XSherman)
(WALK TA_XYoder XSherman XWorstell)
(WALK TA_XYoder XWorstell XJones)
(WALK TA_XYoder XJones XHolderman)
(WALK TA_XYoder XHolderman XHenry)
(WALK TA_XYoder XHenry XPadgett)
(WALK TA_XYoder XPadgett XMorgan)
(WALK TA_XYoder XMorgan XBean)
(WALK TA_XYoder XBean XWashington)
(WALK TA_XYoder XWashington XSmith)
(WALK TA_XYoder XSmith XVirtue)
(WALK TA_XYoder XVirtue XPatterson)
(WALK TA_XYoder XPatterson XPerrault)
(WALK TA_XYoder XPerrault XBaker)
(WALK TA_XYoder XBaker XHannon)
(WALK TA_XYoder XHannon XDuckey)
(WALK TA_XYoder XDuckey XPenrod)
(WALK TA_XYoder XPenrod XWalker)
(WALK TA_XYoder XWalker XJoy)
(WALK TA_XYoder XJoy XWallace)
(WALK TA_XYoder XWallace XCork)
(WALK TA_XYoder XCork XHosle)
(WALK TA_XYoder XHosle XCourtney)
(WALK TA_XYoder XCourtney XMedina)
(WALK TA_XYoder XMedina XRivers)
(WALK TA_XYoder XRivers XCarroll)
(WALK TA_XYoder XCarroll XDominguez)
(WALK TA_XYoder XDominguez XBranson)
(WALK TA_XYoder XBranson XSebeniecher)
(WALK TA_XYoder XSebeniecher XSnyder)
(WALK TA_XYoder XSnyder XSkelton)
(WALK TA_XYoder XSkelton XMunoz)
(WALK TA_XYoder XMunoz XCribb)
(WALK TA_XYoder XCribb XBraswell)
(WALK TA_XYoder XBraswell XJenkins)
(WALK TA_XYoder XJenkins XWebb)
(WALK TA_XYoder XWebb XBerka)
(WALK TA_XYoder XBerka XCollins)
(WALK TA_XYoder XCollins XPeters)
(WALK TA_XYoder XPeters XWilson)
(HOMESAFE TA_XYoder Xwilson)
(DROPOFF TA_XPatton XHershberger)
(WALK TA_XPatton XHershberger XMorales)
(WALK TA_XPatton XMorales XDison)
(WALK TA_XPatton XDison XTaylor)
(WALK TA_XPatton XTaylor XFolsom)
(WALK TA_XPatton XFolsom XRachel)
(WALK TA_XPatton XRachel XManzi)
(WALK TA_XPatton XManzi XTorrez)
(WALK TA_XPatton XTorrez XParks)
(WALK TA_XPatton XParks XGuerra)
(WALK TA_XPatton XGuerra XMorris)
(WALK TA_XPatton XMorris XFord)
(WALK TA_XPatton XFord XBrewer)
(WALK TA_XPatton XBrewer XRossi)
(WALK TA_XPatton XRossi XScalise)
(WALK TA_XPatton XScalise XRodgers)
(WALK TA_XPatton XRodgers XWilliams)
(WALK TA_XPatton XWilliams XLawson)
(WALK TA_XPatton XLawson XWheeler)
(WALK TA_XPatton XWheeler XNeal)
(WALK TA_XPatton XNeal XLewis)
(WALK TA_XPatton XLewis XMcclain)
(WALK TA_XPatton XMcclain XKerr)
(WALK TA_XPatton XKerr XBurke)
(WALK TA_XPatton XBurke XDanger)
(WALK TA_XPatton XDanger XHigginbotham)
(WALK TA_XPatton XHigginbotham XOwens)
(WALK TA_XPatton XOwens XMohr)
(WALK TA_XPatton XMohr XHughes)
(WALK TA_XPatton XHughes XHill)
(WALK TA_XPatton XHill XSherman)
(WALK TA_XPatton XSherman XWorstell)
(WALK TA_XPatton XWorstell XJones)
(WALK TA_XPatton XJones XHolderman)
(WALK TA_XPatton XHolderman XHenry)
(WALK TA_XPatton XHenry XPadgett)
(WALK TA_XPatton XPadgett XMorgan)
(WALK TA_XPatton XMorgan XBean)
(WALK TA_XPatton XBean XWashington)
(WALK TA_XPatton XWashington XSmith)
(WALK TA_XPatton XSmith XVirtue)
(WALK TA_XPatton XVirtue XPatterson)
(WALK TA_XPatton XPatterson XPerrault)
(WALK TA_XPatton XPerrault XBaker)
(WALK TA_XPatton XBaker XHannon)
(WALK TA_XPatton XHannon XDuckey)
(WALK TA_XPatton XDuckey XPenrod)
(WALK TA_XPatton XPenrod XWalker)
(WALK TA_XPatton XWalker XJoy)
(WALK TA_XPatton XJoy XWallace)
(WALK TA_XPatton XWallace XCork)
(WALK TA_XPatton XCork XHosle)
(WALK TA_XPatton XHosle XCourtney)
(WALK TA_XPatton XCourtney XMedina)
(WALK TA_XPatton XMedina XRivers)
(WALK TA_XPatton XRivers XCarroll)
(WALK TA_XPatton XCarroll XDominguez)
(WALK TA_XPatton XDominguez XBranson)
(WALK TA_XPatton XBranson XSebeniecher)
(WALK TA_XPatton XSebeniecher XSnyder)
(WALK TA_XPatton XSnyder XSkelton)
(WALK TA_XPatton XSkelton XMunoz)
(WALK TA_XPatton XMunoz XCribb)
(WALK TA_XPatton XCribb XBraswell)
(WALK TA_XPatton XBraswell XJenkins)
(WALK TA_XPatton XJenkins XWebb)
(WALK TA_XPatton XWebb XBerka)
(WALK TA_XPatton XBerka XCollins)
(WALK TA_XPatton XCollins XPeters)
(WALK TA_XPatton XPeters XWilson)
(WALK TA_XPatton XWilson XWhite)
(HOMESAFE TA_XPatton Xwhite)
(DROPOFF TA_XWilson XHershberger)
(WALK TA_XWilson XHershberger XMorales)
(WALK TA_XWilson XMorales XDison)
(WALK TA_XWilson XDison XTaylor)
(WALK TA_XWilson XTaylor XFolsom)
(WALK TA_XWilson XFolsom XRachel)
(WALK TA_XWilson XRachel XManzi)
(WALK TA_XWilson XManzi XTorrez)
(WALK TA_XWilson XTorrez XParks)
(WALK TA_XWilson XParks XGuerra)
(WALK TA_XWilson XGuerra XMorris)
(WALK TA_XWilson XMorris XFord)
(WALK TA_XWilson XFord XBrewer)
(WALK TA_XWilson XBrewer XRossi)
(WALK TA_XWilson XRossi XScalise)
(WALK TA_XWilson XScalise XRodgers)
(WALK TA_XWilson XRodgers XWilliams)
(WALK TA_XWilson XWilliams XLawson)
(WALK TA_XWilson XLawson XWheeler)
(WALK TA_XWilson XWheeler XNeal)
(WALK TA_XWilson XNeal XLewis)
(WALK TA_XWilson XLewis XMcclain)
(WALK TA_XWilson XMcclain XKerr)
(WALK TA_XWilson XKerr XBurke)
(WALK TA_XWilson XBurke XDanger)
(WALK TA_XWilson XDanger XHigginbotham)
(WALK TA_XWilson XHigginbotham XOwens)
(WALK TA_XWilson XOwens XMohr)
(WALK TA_XWilson XMohr XHughes)
(WALK TA_XWilson XHughes XHill)
(WALK TA_XWilson XHill XSherman)
(WALK TA_XWilson XSherman XWorstell)
(WALK TA_XWilson XWorstell XJones)
(WALK TA_XWilson XJones XHolderman)
(WALK TA_XWilson XHolderman XHenry)
(WALK TA_XWilson XHenry XPadgett)
(WALK TA_XWilson XPadgett XMorgan)
(WALK TA_XWilson XMorgan XBean)
(WALK TA_XWilson XBean XWashington)
(WALK TA_XWilson XWashington XSmith)
(WALK TA_XWilson XSmith XVirtue)
(WALK TA_XWilson XVirtue XPatterson)
(WALK TA_XWilson XPatterson XPerrault)
(WALK TA_XWilson XPerrault XBaker)
(WALK TA_XWilson XBaker XHannon)
(WALK TA_XWilson XHannon XDuckey)
(WALK TA_XWilson XDuckey XPenrod)
(WALK TA_XWilson XPenrod XWalker)
(WALK TA_XWilson XWalker XJoy)
(WALK TA_XWilson XJoy XWallace)
(WALK TA_XWilson XWallace XCork)
(WALK TA_XWilson XCork XHosle)
(WALK TA_XWilson XHosle XCourtney)
(WALK TA_XWilson XCourtney XMedina)
(WALK TA_XWilson XMedina XRivers)
(WALK TA_XWilson XRivers XCarroll)
(WALK TA_XWilson XCarroll XDominguez)
(WALK TA_XWilson XDominguez XBranson)
(WALK TA_XWilson XBranson XSebeniecher)
(WALK TA_XWilson XSebeniecher XSnyder)
(WALK TA_XWilson XSnyder XSkelton)
(WALK TA_XWilson XSkelton XMunoz)
(WALK TA_XWilson XMunoz XCribb)
(WALK TA_XWilson XCribb XBraswell)
(WALK TA_XWilson XBraswell XJenkins)
(WALK TA_XWilson XJenkins XWebb)
(WALK TA_XWilson XWebb XBerka)
(WALK TA_XWilson XBerka XCollins)
(WALK TA_XWilson XCollins XPeters)
(WALK TA_XWilson XPeters XWilson)
(WALK TA_XWilson XWilson XWhite)
(WALK TA_XWilson XWhite XHarris)
(HOMESAFE TA_XWilson Xharris)
(DROPOFF TA_XMiller XHershberger)
(WALK TA_XMiller XHershberger XMorales)
(WALK TA_XMiller XMorales XDison)
(WALK TA_XMiller XDison XTaylor)
(WALK TA_XMiller XTaylor XFolsom)
(WALK TA_XMiller XFolsom XRachel)
(WALK TA_XMiller XRachel XManzi)
(WALK TA_XMiller XManzi XTorrez)
(WALK TA_XMiller XTorrez XParks)
(WALK TA_XMiller XParks XGuerra)
(WALK TA_XMiller XGuerra XMorris)
(WALK TA_XMiller XMorris XFord)
(WALK TA_XMiller XFord XBrewer)
(WALK TA_XMiller XBrewer XRossi)
(WALK TA_XMiller XRossi XScalise)
(WALK TA_XMiller XScalise XRodgers)
(WALK TA_XMiller XRodgers XWilliams)
(WALK TA_XMiller XWilliams XLawson)
(WALK TA_XMiller XLawson XWheeler)
(WALK TA_XMiller XWheeler XNeal)
(WALK TA_XMiller XNeal XLewis)
(WALK TA_XMiller XLewis XMcclain)
(WALK TA_XMiller XMcclain XKerr)
(WALK TA_XMiller XKerr XBurke)
(WALK TA_XMiller XBurke XDanger)
(WALK TA_XMiller XDanger XHigginbotham)
(WALK TA_XMiller XHigginbotham XOwens)
(WALK TA_XMiller XOwens XMohr)
(WALK TA_XMiller XMohr XHughes)
(WALK TA_XMiller XHughes XHill)
(WALK TA_XMiller XHill XSherman)
(WALK TA_XMiller XSherman XWorstell)
(WALK TA_XMiller XWorstell XJones)
(WALK TA_XMiller XJones XHolderman)
(WALK TA_XMiller XHolderman XHenry)
(WALK TA_XMiller XHenry XPadgett)
(WALK TA_XMiller XPadgett XMorgan)
(WALK TA_XMiller XMorgan XBean)
(WALK TA_XMiller XBean XWashington)
(WALK TA_XMiller XWashington XSmith)
(WALK TA_XMiller XSmith XVirtue)
(WALK TA_XMiller XVirtue XPatterson)
(WALK TA_XMiller XPatterson XPerrault)
(WALK TA_XMiller XPerrault XBaker)
(WALK TA_XMiller XBaker XHannon)
(WALK TA_XMiller XHannon XDuckey)
(WALK TA_XMiller XDuckey XPenrod)
(WALK TA_XMiller XPenrod XWalker)
(WALK TA_XMiller XWalker XJoy)
(WALK TA_XMiller XJoy XWallace)
(WALK TA_XMiller XWallace XCork)
(WALK TA_XMiller XCork XHosle)
(WALK TA_XMiller XHosle XCourtney)
(WALK TA_XMiller XCourtney XMedina)
(WALK TA_XMiller XMedina XRivers)
(WALK TA_XMiller XRivers XCarroll)
(WALK TA_XMiller XCarroll XDominguez)
(WALK TA_XMiller XDominguez XBranson)
(WALK TA_XMiller XBranson XSebeniecher)
(WALK TA_XMiller XSebeniecher XSnyder)
(WALK TA_XMiller XSnyder XSkelton)
(WALK TA_XMiller XSkelton XMunoz)
(WALK TA_XMiller XMunoz XCribb)
(WALK TA_XMiller XCribb XBraswell)
(WALK TA_XMiller XBraswell XJenkins)
(WALK TA_XMiller XJenkins XWebb)
(WALK TA_XMiller XWebb XBerka)
(WALK TA_XMiller XBerka XCollins)
(WALK TA_XMiller XCollins XPeters)
(WALK TA_XMiller XPeters XWilson)
(WALK TA_XMiller XWilson XWhite)
(WALK TA_XMiller XWhite XHarris)
(WALK TA_XMiller XHarris XAnderson)
(HOMESAFE TA_XMiller Xanderson)
(DROPOFF TA_XLegrand XHershberger)
(WALK TA_XLegrand XHershberger XMorales)
(WALK TA_XLegrand XMorales XDison)
(WALK TA_XLegrand XDison XTaylor)
(WALK TA_XLegrand XTaylor XFolsom)
(WALK TA_XLegrand XFolsom XRachel)
(WALK TA_XLegrand XRachel XManzi)
(WALK TA_XLegrand XManzi XTorrez)
(WALK TA_XLegrand XTorrez XParks)
(WALK TA_XLegrand XParks XGuerra)
(WALK TA_XLegrand XGuerra XMorris)
(WALK TA_XLegrand XMorris XFord)
(WALK TA_XLegrand XFord XBrewer)
(WALK TA_XLegrand XBrewer XRossi)
(WALK TA_XLegrand XRossi XScalise)
(WALK TA_XLegrand XScalise XRodgers)
(WALK TA_XLegrand XRodgers XWilliams)
(WALK TA_XLegrand XWilliams XLawson)
(WALK TA_XLegrand XLawson XWheeler)
(WALK TA_XLegrand XWheeler XNeal)
(WALK TA_XLegrand XNeal XLewis)
(WALK TA_XLegrand XLewis XMcclain)
(WALK TA_XLegrand XMcclain XKerr)
(WALK TA_XLegrand XKerr XBurke)
(WALK TA_XLegrand XBurke XDanger)
(WALK TA_XLegrand XDanger XHigginbotham)
(WALK TA_XLegrand XHigginbotham XOwens)
(WALK TA_XLegrand XOwens XMohr)
(WALK TA_XLegrand XMohr XHughes)
(WALK TA_XLegrand XHughes XHill)
(WALK TA_XLegrand XHill XSherman)
(WALK TA_XLegrand XSherman XWorstell)
(WALK TA_XLegrand XWorstell XJones)
(WALK TA_XLegrand XJones XHolderman)
(WALK TA_XLegrand XHolderman XHenry)
(WALK TA_XLegrand XHenry XPadgett)
(WALK TA_XLegrand XPadgett XMorgan)
(WALK TA_XLegrand XMorgan XBean)
(WALK TA_XLegrand XBean XWashington)
(WALK TA_XLegrand XWashington XSmith)
(WALK TA_XLegrand XSmith XVirtue)
(WALK TA_XLegrand XVirtue XPatterson)
(WALK TA_XLegrand XPatterson XPerrault)
(WALK TA_XLegrand XPerrault XBaker)
(WALK TA_XLegrand XBaker XHannon)
(WALK TA_XLegrand XHannon XDuckey)
(WALK TA_XLegrand XDuckey XPenrod)
(WALK TA_XLegrand XPenrod XWalker)
(WALK TA_XLegrand XWalker XJoy)
(WALK TA_XLegrand XJoy XWallace)
(WALK TA_XLegrand XWallace XCork)
(WALK TA_XLegrand XCork XHosle)
(WALK TA_XLegrand XHosle XCourtney)
(WALK TA_XLegrand XCourtney XMedina)
(WALK TA_XLegrand XMedina XRivers)
(WALK TA_XLegrand XRivers XCarroll)
(WALK TA_XLegrand XCarroll XDominguez)
(WALK TA_XLegrand XDominguez XBranson)
(WALK TA_XLegrand XBranson XSebeniecher)
(WALK TA_XLegrand XSebeniecher XSnyder)
(WALK TA_XLegrand XSnyder XSkelton)
(WALK TA_XLegrand XSkelton XMunoz)
(WALK TA_XLegrand XMunoz XCribb)
(WALK TA_XLegrand XCribb XBraswell)
(WALK TA_XLegrand XBraswell XJenkins)
(WALK TA_XLegrand XJenkins XWebb)
(WALK TA_XLegrand XWebb XBerka)
(WALK TA_XLegrand XBerka XCollins)
(WALK TA_XLegrand XCollins XPeters)
(WALK TA_XLegrand XPeters XWilson)
(WALK TA_XLegrand XWilson XWhite)
(WALK TA_XLegrand XWhite XHarris)
(WALK TA_XLegrand XHarris XAnderson)
(WALK TA_XLegrand XAnderson XDray)
(HOMESAFE TA_XLegrand Xdray)
(DROPOFF TA_XRobinson XHershberger)
(WALK TA_XRobinson XHershberger XMorales)
(WALK TA_XRobinson XMorales XDison)
(WALK TA_XRobinson XDison XTaylor)
(WALK TA_XRobinson XTaylor XFolsom)
(WALK TA_XRobinson XFolsom XRachel)
(WALK TA_XRobinson XRachel XManzi)
(WALK TA_XRobinson XManzi XTorrez)
(WALK TA_XRobinson XTorrez XParks)
(WALK TA_XRobinson XParks XGuerra)
(WALK TA_XRobinson XGuerra XMorris)
(WALK TA_XRobinson XMorris XFord)
(WALK TA_XRobinson XFord XBrewer)
(WALK TA_XRobinson XBrewer XRossi)
(WALK TA_XRobinson XRossi XScalise)
(WALK TA_XRobinson XScalise XRodgers)
(WALK TA_XRobinson XRodgers XWilliams)
(WALK TA_XRobinson XWilliams XLawson)
(WALK TA_XRobinson XLawson XWheeler)
(WALK TA_XRobinson XWheeler XNeal)
(WALK TA_XRobinson XNeal XLewis)
(WALK TA_XRobinson XLewis XMcclain)
(WALK TA_XRobinson XMcclain XKerr)
(WALK TA_XRobinson XKerr XBurke)
(WALK TA_XRobinson XBurke XDanger)
(WALK TA_XRobinson XDanger XHigginbotham)
(WALK TA_XRobinson XHigginbotham XOwens)
(WALK TA_XRobinson XOwens XMohr)
(WALK TA_XRobinson XMohr XHughes)
(WALK TA_XRobinson XHughes XHill)
(WALK TA_XRobinson XHill XSherman)
(WALK TA_XRobinson XSherman XWorstell)
(WALK TA_XRobinson XWorstell XJones)
(WALK TA_XRobinson XJones XHolderman)
(WALK TA_XRobinson XHolderman XHenry)
(WALK TA_XRobinson XHenry XPadgett)
(WALK TA_XRobinson XPadgett XMorgan)
(WALK TA_XRobinson XMorgan XBean)
(WALK TA_XRobinson XBean XWashington)
(WALK TA_XRobinson XWashington XSmith)
(WALK TA_XRobinson XSmith XVirtue)
(WALK TA_XRobinson XVirtue XPatterson)
(WALK TA_XRobinson XPatterson XPerrault)
(WALK TA_XRobinson XPerrault XBaker)
(WALK TA_XRobinson XBaker XHannon)
(WALK TA_XRobinson XHannon XDuckey)
(WALK TA_XRobinson XDuckey XPenrod)
(WALK TA_XRobinson XPenrod XWalker)
(WALK TA_XRobinson XWalker XJoy)
(WALK TA_XRobinson XJoy XWallace)
(WALK TA_XRobinson XWallace XCork)
(WALK TA_XRobinson XCork XHosle)
(WALK TA_XRobinson XHosle XCourtney)
(WALK TA_XRobinson XCourtney XMedina)
(WALK TA_XRobinson XMedina XRivers)
(WALK TA_XRobinson XRivers XCarroll)
(WALK TA_XRobinson XCarroll XDominguez)
(WALK TA_XRobinson XDominguez XBranson)
(WALK TA_XRobinson XBranson XSebeniecher)
(WALK TA_XRobinson XSebeniecher XSnyder)
(WALK TA_XRobinson XSnyder XSkelton)
(WALK TA_XRobinson XSkelton XMunoz)
(WALK TA_XRobinson XMunoz XCribb)
(WALK TA_XRobinson XCribb XBraswell)
(WALK TA_XRobinson XBraswell XJenkins)
(WALK TA_XRobinson XJenkins XWebb)
(WALK TA_XRobinson XWebb XBerka)
(WALK TA_XRobinson XBerka XCollins)
(WALK TA_XRobinson XCollins XPeters)
(WALK TA_XRobinson XPeters XWilson)
(WALK TA_XRobinson XWilson XWhite)
(WALK TA_XRobinson XWhite XHarris)
(WALK TA_XRobinson XHarris XAnderson)
(WALK TA_XRobinson XAnderson XDray)
(WALK TA_XRobinson XDray XDotson)
(HOMESAFE TA_XRobinson Xdotson)
(DROPOFF TA_XKim XHershberger)
(WALK TA_XKim XHershberger XMorales)
(WALK TA_XKim XMorales XDison)
(WALK TA_XKim XDison XTaylor)
(WALK TA_XKim XTaylor XFolsom)
(WALK TA_XKim XFolsom XRachel)
(WALK TA_XKim XRachel XManzi)
(WALK TA_XKim XManzi XTorrez)
(WALK TA_XKim XTorrez XParks)
(WALK TA_XKim XParks XGuerra)
(WALK TA_XKim XGuerra XMorris)
(WALK TA_XKim XMorris XFord)
(WALK TA_XKim XFord XBrewer)
(WALK TA_XKim XBrewer XRossi)
(WALK TA_XKim XRossi XScalise)
(WALK TA_XKim XScalise XRodgers)
(WALK TA_XKim XRodgers XWilliams)
(WALK TA_XKim XWilliams XLawson)
(WALK TA_XKim XLawson XWheeler)
(WALK TA_XKim XWheeler XNeal)
(WALK TA_XKim XNeal XLewis)
(WALK TA_XKim XLewis XMcclain)
(WALK TA_XKim XMcclain XKerr)
(WALK TA_XKim XKerr XBurke)
(WALK TA_XKim XBurke XDanger)
(WALK TA_XKim XDanger XHigginbotham)
(WALK TA_XKim XHigginbotham XOwens)
(WALK TA_XKim XOwens XMohr)
(WALK TA_XKim XMohr XHughes)
(WALK TA_XKim XHughes XHill)
(WALK TA_XKim XHill XSherman)
(WALK TA_XKim XSherman XWorstell)
(WALK TA_XKim XWorstell XJones)
(WALK TA_XKim XJones XHolderman)
(WALK TA_XKim XHolderman XHenry)
(WALK TA_XKim XHenry XPadgett)
(WALK TA_XKim XPadgett XMorgan)
(WALK TA_XKim XMorgan XBean)
(WALK TA_XKim XBean XWashington)
(WALK TA_XKim XWashington XSmith)
(WALK TA_XKim XSmith XVirtue)
(WALK TA_XKim XVirtue XPatterson)
(WALK TA_XKim XPatterson XPerrault)
(WALK TA_XKim XPerrault XBaker)
(WALK TA_XKim XBaker XHannon)
(WALK TA_XKim XHannon XDuckey)
(WALK TA_XKim XDuckey XPenrod)
(WALK TA_XKim XPenrod XWalker)
(WALK TA_XKim XWalker XJoy)
(WALK TA_XKim XJoy XWallace)
(WALK TA_XKim XWallace XCork)
(WALK TA_XKim XCork XHosle)
(WALK TA_XKim XHosle XCourtney)
(WALK TA_XKim XCourtney XMedina)
(WALK TA_XKim XMedina XRivers)
(WALK TA_XKim XRivers XCarroll)
(WALK TA_XKim XCarroll XDominguez)
(WALK TA_XKim XDominguez XBranson)
(WALK TA_XKim XBranson XSebeniecher)
(WALK TA_XKim XSebeniecher XSnyder)
(WALK TA_XKim XSnyder XSkelton)
(WALK TA_XKim XSkelton XMunoz)
(WALK TA_XKim XMunoz XCribb)
(WALK TA_XKim XCribb XBraswell)
(WALK TA_XKim XBraswell XJenkins)
(WALK TA_XKim XJenkins XWebb)
(WALK TA_XKim XWebb XBerka)
(WALK TA_XKim XBerka XCollins)
(WALK TA_XKim XCollins XPeters)
(WALK TA_XKim XPeters XWilson)
(WALK TA_XKim XWilson XWhite)
(WALK TA_XKim XWhite XHarris)
(WALK TA_XKim XHarris XAnderson)
(WALK TA_XKim XAnderson XDray)
(WALK TA_XKim XDray XDotson)
(WALK TA_XKim XDotson XPatton)
(HOMESAFE TA_XKim Xpatton)
(DROPOFF TA_XHagen XHershberger)
(WALK TA_XHagen XHershberger XMorales)
(WALK TA_XHagen XMorales XDison)
(WALK TA_XHagen XDison XTaylor)
(WALK TA_XHagen XTaylor XFolsom)
(WALK TA_XHagen XFolsom XRachel)
(WALK TA_XHagen XRachel XManzi)
(WALK TA_XHagen XManzi XTorrez)
(WALK TA_XHagen XTorrez XParks)
(WALK TA_XHagen XParks XGuerra)
(WALK TA_XHagen XGuerra XMorris)
(WALK TA_XHagen XMorris XFord)
(WALK TA_XHagen XFord XBrewer)
(WALK TA_XHagen XBrewer XRossi)
(WALK TA_XHagen XRossi XScalise)
(WALK TA_XHagen XScalise XRodgers)
(WALK TA_XHagen XRodgers XWilliams)
(WALK TA_XHagen XWilliams XLawson)
(WALK TA_XHagen XLawson XWheeler)
(WALK TA_XHagen XWheeler XNeal)
(WALK TA_XHagen XNeal XLewis)
(WALK TA_XHagen XLewis XMcclain)
(WALK TA_XHagen XMcclain XKerr)
(WALK TA_XHagen XKerr XBurke)
(WALK TA_XHagen XBurke XDanger)
(WALK TA_XHagen XDanger XHigginbotham)
(WALK TA_XHagen XHigginbotham XOwens)
(WALK TA_XHagen XOwens XMohr)
(WALK TA_XHagen XMohr XHughes)
(WALK TA_XHagen XHughes XHill)
(WALK TA_XHagen XHill XSherman)
(WALK TA_XHagen XSherman XWorstell)
(WALK TA_XHagen XWorstell XJones)
(WALK TA_XHagen XJones XHolderman)
(WALK TA_XHagen XHolderman XHenry)
(WALK TA_XHagen XHenry XPadgett)
(WALK TA_XHagen XPadgett XMorgan)
(WALK TA_XHagen XMorgan XBean)
(WALK TA_XHagen XBean XWashington)
(WALK TA_XHagen XWashington XSmith)
(WALK TA_XHagen XSmith XVirtue)
(WALK TA_XHagen XVirtue XPatterson)
(WALK TA_XHagen XPatterson XPerrault)
(WALK TA_XHagen XPerrault XBaker)
(WALK TA_XHagen XBaker XHannon)
(WALK TA_XHagen XHannon XDuckey)
(WALK TA_XHagen XDuckey XPenrod)
(WALK TA_XHagen XPenrod XWalker)
(WALK TA_XHagen XWalker XJoy)
(WALK TA_XHagen XJoy XWallace)
(WALK TA_XHagen XWallace XCork)
(WALK TA_XHagen XCork XHosle)
(WALK TA_XHagen XHosle XCourtney)
(WALK TA_XHagen XCourtney XMedina)
(WALK TA_XHagen XMedina XRivers)
(WALK TA_XHagen XRivers XCarroll)
(WALK TA_XHagen XCarroll XDominguez)
(WALK TA_XHagen XDominguez XBranson)
(WALK TA_XHagen XBranson XSebeniecher)
(WALK TA_XHagen XSebeniecher XSnyder)
(WALK TA_XHagen XSnyder XSkelton)
(WALK TA_XHagen XSkelton XMunoz)
(WALK TA_XHagen XMunoz XCribb)
(WALK TA_XHagen XCribb XBraswell)
(WALK TA_XHagen XBraswell XJenkins)
(WALK TA_XHagen XJenkins XWebb)
(WALK TA_XHagen XWebb XBerka)
(WALK TA_XHagen XBerka XCollins)
(WALK TA_XHagen XCollins XPeters)
(WALK TA_XHagen XPeters XWilson)
(WALK TA_XHagen XWilson XWhite)
(WALK TA_XHagen XWhite XHarris)
(WALK TA_XHagen XHarris XAnderson)
(WALK TA_XHagen XAnderson XDray)
(WALK TA_XHagen XDray XDotson)
(WALK TA_XHagen XDotson XPatton)
(WALK TA_XHagen XPatton XPreston)
(HOMESAFE TA_XHagen Xpreston)
(DROPOFF TA_XDray XHershberger)
(WALK TA_XDray XHershberger XMorales)
(WALK TA_XDray XMorales XDison)
(WALK TA_XDray XDison XTaylor)
(WALK TA_XDray XTaylor XFolsom)
(WALK TA_XDray XFolsom XRachel)
(WALK TA_XDray XRachel XManzi)
(WALK TA_XDray XManzi XTorrez)
(WALK TA_XDray XTorrez XParks)
(WALK TA_XDray XParks XGuerra)
(WALK TA_XDray XGuerra XMorris)
(WALK TA_XDray XMorris XFord)
(WALK TA_XDray XFord XBrewer)
(WALK TA_XDray XBrewer XRossi)
(WALK TA_XDray XRossi XScalise)
(WALK TA_XDray XScalise XRodgers)
(WALK TA_XDray XRodgers XWilliams)
(WALK TA_XDray XWilliams XLawson)
(WALK TA_XDray XLawson XWheeler)
(WALK TA_XDray XWheeler XNeal)
(WALK TA_XDray XNeal XLewis)
(WALK TA_XDray XLewis XMcclain)
(WALK TA_XDray XMcclain XKerr)
(WALK TA_XDray XKerr XBurke)
(WALK TA_XDray XBurke XDanger)
(WALK TA_XDray XDanger XHigginbotham)
(WALK TA_XDray XHigginbotham XOwens)
(WALK TA_XDray XOwens XMohr)
(WALK TA_XDray XMohr XHughes)
(WALK TA_XDray XHughes XHill)
(WALK TA_XDray XHill XSherman)
(WALK TA_XDray XSherman XWorstell)
(WALK TA_XDray XWorstell XJones)
(WALK TA_XDray XJones XHolderman)
(WALK TA_XDray XHolderman XHenry)
(WALK TA_XDray XHenry XPadgett)
(WALK TA_XDray XPadgett XMorgan)
(WALK TA_XDray XMorgan XBean)
(WALK TA_XDray XBean XWashington)
(WALK TA_XDray XWashington XSmith)
(WALK TA_XDray XSmith XVirtue)
(WALK TA_XDray XVirtue XPatterson)
(WALK TA_XDray XPatterson XPerrault)
(WALK TA_XDray XPerrault XBaker)
(WALK TA_XDray XBaker XHannon)
(WALK TA_XDray XHannon XDuckey)
(WALK TA_XDray XDuckey XPenrod)
(WALK TA_XDray XPenrod XWalker)
(WALK TA_XDray XWalker XJoy)
(WALK TA_XDray XJoy XWallace)
(WALK TA_XDray XWallace XCork)
(WALK TA_XDray XCork XHosle)
(WALK TA_XDray XHosle XCourtney)
(WALK TA_XDray XCourtney XMedina)
(WALK TA_XDray XMedina XRivers)
(WALK TA_XDray XRivers XCarroll)
(WALK TA_XDray XCarroll XDominguez)
(WALK TA_XDray XDominguez XBranson)
(WALK TA_XDray XBranson XSebeniecher)
(WALK TA_XDray XSebeniecher XSnyder)
(WALK TA_XDray XSnyder XSkelton)
(WALK TA_XDray XSkelton XMunoz)
(WALK TA_XDray XMunoz XCribb)
(WALK TA_XDray XCribb XBraswell)
(WALK TA_XDray XBraswell XJenkins)
(WALK TA_XDray XJenkins XWebb)
(WALK TA_XDray XWebb XBerka)
(WALK TA_XDray XBerka XCollins)
(WALK TA_XDray XCollins XPeters)
(WALK TA_XDray XPeters XWilson)
(WALK TA_XDray XWilson XWhite)
(WALK TA_XDray XWhite XHarris)
(WALK TA_XDray XHarris XAnderson)
(WALK TA_XDray XAnderson XDray)
(WALK TA_XDray XDray XDotson)
(WALK TA_XDray XDotson XPatton)
(WALK TA_XDray XPatton XPreston)
(WALK TA_XDray XPreston XHagen)
(HOMESAFE TA_XDray Xhagen)
(DROPOFF TA_XAldrich XHershberger)
(WALK TA_XAldrich XHershberger XMorales)
(WALK TA_XAldrich XMorales XDison)
(WALK TA_XAldrich XDison XTaylor)
(WALK TA_XAldrich XTaylor XFolsom)
(WALK TA_XAldrich XFolsom XRachel)
(WALK TA_XAldrich XRachel XManzi)
(WALK TA_XAldrich XManzi XTorrez)
(WALK TA_XAldrich XTorrez XParks)
(WALK TA_XAldrich XParks XGuerra)
(WALK TA_XAldrich XGuerra XMorris)
(WALK TA_XAldrich XMorris XFord)
(WALK TA_XAldrich XFord XBrewer)
(WALK TA_XAldrich XBrewer XRossi)
(WALK TA_XAldrich XRossi XScalise)
(WALK TA_XAldrich XScalise XRodgers)
(WALK TA_XAldrich XRodgers XWilliams)
(WALK TA_XAldrich XWilliams XLawson)
(WALK TA_XAldrich XLawson XWheeler)
(WALK TA_XAldrich XWheeler XNeal)
(WALK TA_XAldrich XNeal XLewis)
(WALK TA_XAldrich XLewis XMcclain)
(WALK TA_XAldrich XMcclain XKerr)
(WALK TA_XAldrich XKerr XBurke)
(WALK TA_XAldrich XBurke XDanger)
(WALK TA_XAldrich XDanger XHigginbotham)
(WALK TA_XAldrich XHigginbotham XOwens)
(WALK TA_XAldrich XOwens XMohr)
(WALK TA_XAldrich XMohr XHughes)
(WALK TA_XAldrich XHughes XHill)
(WALK TA_XAldrich XHill XSherman)
(WALK TA_XAldrich XSherman XWorstell)
(WALK TA_XAldrich XWorstell XJones)
(WALK TA_XAldrich XJones XHolderman)
(WALK TA_XAldrich XHolderman XHenry)
(WALK TA_XAldrich XHenry XPadgett)
(WALK TA_XAldrich XPadgett XMorgan)
(WALK TA_XAldrich XMorgan XBean)
(WALK TA_XAldrich XBean XWashington)
(WALK TA_XAldrich XWashington XSmith)
(WALK TA_XAldrich XSmith XVirtue)
(WALK TA_XAldrich XVirtue XPatterson)
(WALK TA_XAldrich XPatterson XPerrault)
(WALK TA_XAldrich XPerrault XBaker)
(WALK TA_XAldrich XBaker XHannon)
(WALK TA_XAldrich XHannon XDuckey)
(WALK TA_XAldrich XDuckey XPenrod)
(WALK TA_XAldrich XPenrod XWalker)
(WALK TA_XAldrich XWalker XJoy)
(WALK TA_XAldrich XJoy XWallace)
(WALK TA_XAldrich XWallace XCork)
(WALK TA_XAldrich XCork XHosle)
(WALK TA_XAldrich XHosle XCourtney)
(WALK TA_XAldrich XCourtney XMedina)
(WALK TA_XAldrich XMedina XRivers)
(WALK TA_XAldrich XRivers XCarroll)
(WALK TA_XAldrich XCarroll XDominguez)
(WALK TA_XAldrich XDominguez XBranson)
(WALK TA_XAldrich XBranson XSebeniecher)
(WALK TA_XAldrich XSebeniecher XSnyder)
(WALK TA_XAldrich XSnyder XSkelton)
(WALK TA_XAldrich XSkelton XMunoz)
(WALK TA_XAldrich XMunoz XCribb)
(WALK TA_XAldrich XCribb XBraswell)
(WALK TA_XAldrich XBraswell XJenkins)
(WALK TA_XAldrich XJenkins XWebb)
(WALK TA_XAldrich XWebb XBerka)
(WALK TA_XAldrich XBerka XCollins)
(WALK TA_XAldrich XCollins XPeters)
(WALK TA_XAldrich XPeters XWilson)
(WALK TA_XAldrich XWilson XWhite)
(WALK TA_XAldrich XWhite XHarris)
(WALK TA_XAldrich XHarris XAnderson)
(WALK TA_XAldrich XAnderson XDray)
(WALK TA_XAldrich XDray XDotson)
(WALK TA_XAldrich XDotson XPatton)
(WALK TA_XAldrich XPatton XPreston)
(WALK TA_XAldrich XPreston XHagen)
(WALK TA_XAldrich XHagen XLonghurst)
(HOMESAFE TA_XAldrich Xlonghurst)
(DROPOFF TA_XSingleton XHershberger)
(WALK TA_XSingleton XHershberger XMorales)
(WALK TA_XSingleton XMorales XDison)
(WALK TA_XSingleton XDison XTaylor)
(WALK TA_XSingleton XTaylor XFolsom)
(WALK TA_XSingleton XFolsom XRachel)
(WALK TA_XSingleton XRachel XManzi)
(WALK TA_XSingleton XManzi XTorrez)
(WALK TA_XSingleton XTorrez XParks)
(WALK TA_XSingleton XParks XGuerra)
(WALK TA_XSingleton XGuerra XMorris)
(WALK TA_XSingleton XMorris XFord)
(WALK TA_XSingleton XFord XBrewer)
(WALK TA_XSingleton XBrewer XRossi)
(WALK TA_XSingleton XRossi XScalise)
(WALK TA_XSingleton XScalise XRodgers)
(WALK TA_XSingleton XRodgers XWilliams)
(WALK TA_XSingleton XWilliams XLawson)
(WALK TA_XSingleton XLawson XWheeler)
(WALK TA_XSingleton XWheeler XNeal)
(WALK TA_XSingleton XNeal XLewis)
(WALK TA_XSingleton XLewis XMcclain)
(WALK TA_XSingleton XMcclain XKerr)
(WALK TA_XSingleton XKerr XBurke)
(WALK TA_XSingleton XBurke XDanger)
(WALK TA_XSingleton XDanger XHigginbotham)
(WALK TA_XSingleton XHigginbotham XOwens)
(WALK TA_XSingleton XOwens XMohr)
(WALK TA_XSingleton XMohr XHughes)
(WALK TA_XSingleton XHughes XHill)
(WALK TA_XSingleton XHill XSherman)
(WALK TA_XSingleton XSherman XWorstell)
(WALK TA_XSingleton XWorstell XJones)
(WALK TA_XSingleton XJones XHolderman)
(WALK TA_XSingleton XHolderman XHenry)
(WALK TA_XSingleton XHenry XPadgett)
(WALK TA_XSingleton XPadgett XMorgan)
(WALK TA_XSingleton XMorgan XBean)
(WALK TA_XSingleton XBean XWashington)
(WALK TA_XSingleton XWashington XSmith)
(WALK TA_XSingleton XSmith XVirtue)
(WALK TA_XSingleton XVirtue XPatterson)
(WALK TA_XSingleton XPatterson XPerrault)
(WALK TA_XSingleton XPerrault XBaker)
(WALK TA_XSingleton XBaker XHannon)
(WALK TA_XSingleton XHannon XDuckey)
(WALK TA_XSingleton XDuckey XPenrod)
(WALK TA_XSingleton XPenrod XWalker)
(WALK TA_XSingleton XWalker XJoy)
(WALK TA_XSingleton XJoy XWallace)
(WALK TA_XSingleton XWallace XCork)
(WALK TA_XSingleton XCork XHosle)
(WALK TA_XSingleton XHosle XCourtney)
(WALK TA_XSingleton XCourtney XMedina)
(WALK TA_XSingleton XMedina XRivers)
(WALK TA_XSingleton XRivers XCarroll)
(WALK TA_XSingleton XCarroll XDominguez)
(WALK TA_XSingleton XDominguez XBranson)
(WALK TA_XSingleton XBranson XSebeniecher)
(WALK TA_XSingleton XSebeniecher XSnyder)
(WALK TA_XSingleton XSnyder XSkelton)
(WALK TA_XSingleton XSkelton XMunoz)
(WALK TA_XSingleton XMunoz XCribb)
(WALK TA_XSingleton XCribb XBraswell)
(WALK TA_XSingleton XBraswell XJenkins)
(WALK TA_XSingleton XJenkins XWebb)
(WALK TA_XSingleton XWebb XBerka)
(WALK TA_XSingleton XBerka XCollins)
(WALK TA_XSingleton XCollins XPeters)
(WALK TA_XSingleton XPeters XWilson)
(WALK TA_XSingleton XWilson XWhite)
(WALK TA_XSingleton XWhite XHarris)
(WALK TA_XSingleton XHarris XAnderson)
(WALK TA_XSingleton XAnderson XDray)
(WALK TA_XSingleton XDray XDotson)
(WALK TA_XSingleton XDotson XPatton)
(WALK TA_XSingleton XPatton XPreston)
(WALK TA_XSingleton XPreston XHagen)
(WALK TA_XSingleton XHagen XLonghurst)
(WALK TA_XSingleton XLonghurst XRobinson)
(HOMESAFE TA_XSingleton Xrobinson)
(DROPOFF TA_XReeder XHershberger)
(WALK TA_XReeder XHershberger XMorales)
(WALK TA_XReeder XMorales XDison)
(WALK TA_XReeder XDison XTaylor)
(WALK TA_XReeder XTaylor XFolsom)
(WALK TA_XReeder XFolsom XRachel)
(WALK TA_XReeder XRachel XManzi)
(WALK TA_XReeder XManzi XTorrez)
(WALK TA_XReeder XTorrez XParks)
(WALK TA_XReeder XParks XGuerra)
(WALK TA_XReeder XGuerra XMorris)
(WALK TA_XReeder XMorris XFord)
(WALK TA_XReeder XFord XBrewer)
(WALK TA_XReeder XBrewer XRossi)
(WALK TA_XReeder XRossi XScalise)
(WALK TA_XReeder XScalise XRodgers)
(WALK TA_XReeder XRodgers XWilliams)
(WALK TA_XReeder XWilliams XLawson)
(WALK TA_XReeder XLawson XWheeler)
(WALK TA_XReeder XWheeler XNeal)
(WALK TA_XReeder XNeal XLewis)
(WALK TA_XReeder XLewis XMcclain)
(WALK TA_XReeder XMcclain XKerr)
(WALK TA_XReeder XKerr XBurke)
(WALK TA_XReeder XBurke XDanger)
(WALK TA_XReeder XDanger XHigginbotham)
(WALK TA_XReeder XHigginbotham XOwens)
(WALK TA_XReeder XOwens XMohr)
(WALK TA_XReeder XMohr XHughes)
(WALK TA_XReeder XHughes XHill)
(WALK TA_XReeder XHill XSherman)
(WALK TA_XReeder XSherman XWorstell)
(WALK TA_XReeder XWorstell XJones)
(WALK TA_XReeder XJones XHolderman)
(WALK TA_XReeder XHolderman XHenry)
(WALK TA_XReeder XHenry XPadgett)
(WALK TA_XReeder XPadgett XMorgan)
(WALK TA_XReeder XMorgan XBean)
(WALK TA_XReeder XBean XWashington)
(WALK TA_XReeder XWashington XSmith)
(WALK TA_XReeder XSmith XVirtue)
(WALK TA_XReeder XVirtue XPatterson)
(WALK TA_XReeder XPatterson XPerrault)
(WALK TA_XReeder XPerrault XBaker)
(WALK TA_XReeder XBaker XHannon)
(WALK TA_XReeder XHannon XDuckey)
(WALK TA_XReeder XDuckey XPenrod)
(WALK TA_XReeder XPenrod XWalker)
(WALK TA_XReeder XWalker XJoy)
(WALK TA_XReeder XJoy XWallace)
(WALK TA_XReeder XWallace XCork)
(WALK TA_XReeder XCork XHosle)
(WALK TA_XReeder XHosle XCourtney)
(WALK TA_XReeder XCourtney XMedina)
(WALK TA_XReeder XMedina XRivers)
(WALK TA_XReeder XRivers XCarroll)
(WALK TA_XReeder XCarroll XDominguez)
(WALK TA_XReeder XDominguez XBranson)
(WALK TA_XReeder XBranson XSebeniecher)
(WALK TA_XReeder XSebeniecher XSnyder)
(WALK TA_XReeder XSnyder XSkelton)
(WALK TA_XReeder XSkelton XMunoz)
(WALK TA_XReeder XMunoz XCribb)
(WALK TA_XReeder XCribb XBraswell)
(WALK TA_XReeder XBraswell XJenkins)
(WALK TA_XReeder XJenkins XWebb)
(WALK TA_XReeder XWebb XBerka)
(WALK TA_XReeder XBerka XCollins)
(WALK TA_XReeder XCollins XPeters)
(WALK TA_XReeder XPeters XWilson)
(WALK TA_XReeder XWilson XWhite)
(WALK TA_XReeder XWhite XHarris)
(WALK TA_XReeder XHarris XAnderson)
(WALK TA_XReeder XAnderson XDray)
(WALK TA_XReeder XDray XDotson)
(WALK TA_XReeder XDotson XPatton)
(WALK TA_XReeder XPatton XPreston)
(WALK TA_XReeder XPreston XHagen)
(WALK TA_XReeder XHagen XLonghurst)
(WALK TA_XReeder XLonghurst XRobinson)
(WALK TA_XReeder XRobinson XTygart)
(HOMESAFE TA_XReeder Xtygart)
(DROPOFF TA_XWhite XHershberger)
(WALK TA_XWhite XHershberger XMorales)
(WALK TA_XWhite XMorales XDison)
(WALK TA_XWhite XDison XTaylor)
(WALK TA_XWhite XTaylor XFolsom)
(WALK TA_XWhite XFolsom XRachel)
(WALK TA_XWhite XRachel XManzi)
(WALK TA_XWhite XManzi XTorrez)
(WALK TA_XWhite XTorrez XParks)
(WALK TA_XWhite XParks XGuerra)
(WALK TA_XWhite XGuerra XMorris)
(WALK TA_XWhite XMorris XFord)
(WALK TA_XWhite XFord XBrewer)
(WALK TA_XWhite XBrewer XRossi)
(WALK TA_XWhite XRossi XScalise)
(WALK TA_XWhite XScalise XRodgers)
(WALK TA_XWhite XRodgers XWilliams)
(WALK TA_XWhite XWilliams XLawson)
(WALK TA_XWhite XLawson XWheeler)
(WALK TA_XWhite XWheeler XNeal)
(WALK TA_XWhite XNeal XLewis)
(WALK TA_XWhite XLewis XMcclain)
(WALK TA_XWhite XMcclain XKerr)
(WALK TA_XWhite XKerr XBurke)
(WALK TA_XWhite XBurke XDanger)
(WALK TA_XWhite XDanger XHigginbotham)
(WALK TA_XWhite XHigginbotham XOwens)
(WALK TA_XWhite XOwens XMohr)
(WALK TA_XWhite XMohr XHughes)
(WALK TA_XWhite XHughes XHill)
(WALK TA_XWhite XHill XSherman)
(WALK TA_XWhite XSherman XWorstell)
(WALK TA_XWhite XWorstell XJones)
(WALK TA_XWhite XJones XHolderman)
(WALK TA_XWhite XHolderman XHenry)
(WALK TA_XWhite XHenry XPadgett)
(WALK TA_XWhite XPadgett XMorgan)
(WALK TA_XWhite XMorgan XBean)
(WALK TA_XWhite XBean XWashington)
(WALK TA_XWhite XWashington XSmith)
(WALK TA_XWhite XSmith XVirtue)
(WALK TA_XWhite XVirtue XPatterson)
(WALK TA_XWhite XPatterson XPerrault)
(WALK TA_XWhite XPerrault XBaker)
(WALK TA_XWhite XBaker XHannon)
(WALK TA_XWhite XHannon XDuckey)
(WALK TA_XWhite XDuckey XPenrod)
(WALK TA_XWhite XPenrod XWalker)
(WALK TA_XWhite XWalker XJoy)
(WALK TA_XWhite XJoy XWallace)
(WALK TA_XWhite XWallace XCork)
(WALK TA_XWhite XCork XHosle)
(WALK TA_XWhite XHosle XCourtney)
(WALK TA_XWhite XCourtney XMedina)
(WALK TA_XWhite XMedina XRivers)
(WALK TA_XWhite XRivers XCarroll)
(WALK TA_XWhite XCarroll XDominguez)
(WALK TA_XWhite XDominguez XBranson)
(WALK TA_XWhite XBranson XSebeniecher)
(WALK TA_XWhite XSebeniecher XSnyder)
(WALK TA_XWhite XSnyder XSkelton)
(WALK TA_XWhite XSkelton XMunoz)
(WALK TA_XWhite XMunoz XCribb)
(WALK TA_XWhite XCribb XBraswell)
(WALK TA_XWhite XBraswell XJenkins)
(WALK TA_XWhite XJenkins XWebb)
(WALK TA_XWhite XWebb XBerka)
(WALK TA_XWhite XBerka XCollins)
(WALK TA_XWhite XCollins XPeters)
(WALK TA_XWhite XPeters XWilson)
(WALK TA_XWhite XWilson XWhite)
(WALK TA_XWhite XWhite XHarris)
(WALK TA_XWhite XHarris XAnderson)
(WALK TA_XWhite XAnderson XDray)
(WALK TA_XWhite XDray XDotson)
(WALK TA_XWhite XDotson XPatton)
(WALK TA_XWhite XPatton XPreston)
(WALK TA_XWhite XPreston XHagen)
(WALK TA_XWhite XHagen XLonghurst)
(WALK TA_XWhite XLonghurst XRobinson)
(WALK TA_XWhite XRobinson XTygart)
(WALK TA_XWhite XTygart XKujawa)
(HOMESAFE TA_XWhite Xkujawa)
(DROPOFF TA_XBerka XHershberger)
(WALK TA_XBerka XHershberger XMorales)
(WALK TA_XBerka XMorales XDison)
(WALK TA_XBerka XDison XTaylor)
(WALK TA_XBerka XTaylor XFolsom)
(WALK TA_XBerka XFolsom XRachel)
(WALK TA_XBerka XRachel XManzi)
(WALK TA_XBerka XManzi XTorrez)
(WALK TA_XBerka XTorrez XParks)
(WALK TA_XBerka XParks XGuerra)
(WALK TA_XBerka XGuerra XMorris)
(WALK TA_XBerka XMorris XFord)
(WALK TA_XBerka XFord XBrewer)
(WALK TA_XBerka XBrewer XRossi)
(WALK TA_XBerka XRossi XScalise)
(WALK TA_XBerka XScalise XRodgers)
(WALK TA_XBerka XRodgers XWilliams)
(WALK TA_XBerka XWilliams XLawson)
(WALK TA_XBerka XLawson XWheeler)
(WALK TA_XBerka XWheeler XNeal)
(WALK TA_XBerka XNeal XLewis)
(WALK TA_XBerka XLewis XMcclain)
(WALK TA_XBerka XMcclain XKerr)
(WALK TA_XBerka XKerr XBurke)
(WALK TA_XBerka XBurke XDanger)
(WALK TA_XBerka XDanger XHigginbotham)
(WALK TA_XBerka XHigginbotham XOwens)
(WALK TA_XBerka XOwens XMohr)
(WALK TA_XBerka XMohr XHughes)
(WALK TA_XBerka XHughes XHill)
(WALK TA_XBerka XHill XSherman)
(WALK TA_XBerka XSherman XWorstell)
(WALK TA_XBerka XWorstell XJones)
(WALK TA_XBerka XJones XHolderman)
(WALK TA_XBerka XHolderman XHenry)
(WALK TA_XBerka XHenry XPadgett)
(WALK TA_XBerka XPadgett XMorgan)
(WALK TA_XBerka XMorgan XBean)
(WALK TA_XBerka XBean XWashington)
(WALK TA_XBerka XWashington XSmith)
(WALK TA_XBerka XSmith XVirtue)
(WALK TA_XBerka XVirtue XPatterson)
(WALK TA_XBerka XPatterson XPerrault)
(WALK TA_XBerka XPerrault XBaker)
(WALK TA_XBerka XBaker XHannon)
(WALK TA_XBerka XHannon XDuckey)
(WALK TA_XBerka XDuckey XPenrod)
(WALK TA_XBerka XPenrod XWalker)
(WALK TA_XBerka XWalker XJoy)
(WALK TA_XBerka XJoy XWallace)
(WALK TA_XBerka XWallace XCork)
(WALK TA_XBerka XCork XHosle)
(WALK TA_XBerka XHosle XCourtney)
(WALK TA_XBerka XCourtney XMedina)
(WALK TA_XBerka XMedina XRivers)
(WALK TA_XBerka XRivers XCarroll)
(WALK TA_XBerka XCarroll XDominguez)
(WALK TA_XBerka XDominguez XBranson)
(WALK TA_XBerka XBranson XSebeniecher)
(WALK TA_XBerka XSebeniecher XSnyder)
(WALK TA_XBerka XSnyder XSkelton)
(WALK TA_XBerka XSkelton XMunoz)
(WALK TA_XBerka XMunoz XCribb)
(WALK TA_XBerka XCribb XBraswell)
(WALK TA_XBerka XBraswell XJenkins)
(WALK TA_XBerka XJenkins XWebb)
(WALK TA_XBerka XWebb XBerka)
(WALK TA_XBerka XBerka XCollins)
(WALK TA_XBerka XCollins XPeters)
(WALK TA_XBerka XPeters XWilson)
(WALK TA_XBerka XWilson XWhite)
(WALK TA_XBerka XWhite XHarris)
(WALK TA_XBerka XHarris XAnderson)
(WALK TA_XBerka XAnderson XDray)
(WALK TA_XBerka XDray XDotson)
(WALK TA_XBerka XDotson XPatton)
(WALK TA_XBerka XPatton XPreston)
(WALK TA_XBerka XPreston XHagen)
(WALK TA_XBerka XHagen XLonghurst)
(WALK TA_XBerka XLonghurst XRobinson)
(WALK TA_XBerka XRobinson XTygart)
(WALK TA_XBerka XTygart XKujawa)
(WALK TA_XBerka XKujawa XMiller)
(HOMESAFE TA_XBerka Xmiller)
(DROPOFF TA_XLeisure XHershberger)
(WALK TA_XLeisure XHershberger XMorales)
(WALK TA_XLeisure XMorales XDison)
(WALK TA_XLeisure XDison XTaylor)
(WALK TA_XLeisure XTaylor XFolsom)
(WALK TA_XLeisure XFolsom XRachel)
(WALK TA_XLeisure XRachel XManzi)
(WALK TA_XLeisure XManzi XTorrez)
(WALK TA_XLeisure XTorrez XParks)
(WALK TA_XLeisure XParks XGuerra)
(WALK TA_XLeisure XGuerra XMorris)
(WALK TA_XLeisure XMorris XFord)
(WALK TA_XLeisure XFord XBrewer)
(WALK TA_XLeisure XBrewer XRossi)
(WALK TA_XLeisure XRossi XScalise)
(WALK TA_XLeisure XScalise XRodgers)
(WALK TA_XLeisure XRodgers XWilliams)
(WALK TA_XLeisure XWilliams XLawson)
(WALK TA_XLeisure XLawson XWheeler)
(WALK TA_XLeisure XWheeler XNeal)
(WALK TA_XLeisure XNeal XLewis)
(WALK TA_XLeisure XLewis XMcclain)
(WALK TA_XLeisure XMcclain XKerr)
(WALK TA_XLeisure XKerr XBurke)
(WALK TA_XLeisure XBurke XDanger)
(WALK TA_XLeisure XDanger XHigginbotham)
(WALK TA_XLeisure XHigginbotham XOwens)
(WALK TA_XLeisure XOwens XMohr)
(WALK TA_XLeisure XMohr XHughes)
(WALK TA_XLeisure XHughes XHill)
(WALK TA_XLeisure XHill XSherman)
(WALK TA_XLeisure XSherman XWorstell)
(WALK TA_XLeisure XWorstell XJones)
(WALK TA_XLeisure XJones XHolderman)
(WALK TA_XLeisure XHolderman XHenry)
(WALK TA_XLeisure XHenry XPadgett)
(WALK TA_XLeisure XPadgett XMorgan)
(WALK TA_XLeisure XMorgan XBean)
(WALK TA_XLeisure XBean XWashington)
(WALK TA_XLeisure XWashington XSmith)
(WALK TA_XLeisure XSmith XVirtue)
(WALK TA_XLeisure XVirtue XPatterson)
(WALK TA_XLeisure XPatterson XPerrault)
(WALK TA_XLeisure XPerrault XBaker)
(WALK TA_XLeisure XBaker XHannon)
(WALK TA_XLeisure XHannon XDuckey)
(WALK TA_XLeisure XDuckey XPenrod)
(WALK TA_XLeisure XPenrod XWalker)
(WALK TA_XLeisure XWalker XJoy)
(WALK TA_XLeisure XJoy XWallace)
(WALK TA_XLeisure XWallace XCork)
(WALK TA_XLeisure XCork XHosle)
(WALK TA_XLeisure XHosle XCourtney)
(WALK TA_XLeisure XCourtney XMedina)
(WALK TA_XLeisure XMedina XRivers)
(WALK TA_XLeisure XRivers XCarroll)
(WALK TA_XLeisure XCarroll XDominguez)
(WALK TA_XLeisure XDominguez XBranson)
(WALK TA_XLeisure XBranson XSebeniecher)
(WALK TA_XLeisure XSebeniecher XSnyder)
(WALK TA_XLeisure XSnyder XSkelton)
(WALK TA_XLeisure XSkelton XMunoz)
(WALK TA_XLeisure XMunoz XCribb)
(WALK TA_XLeisure XCribb XBraswell)
(WALK TA_XLeisure XBraswell XJenkins)
(WALK TA_XLeisure XJenkins XWebb)
(WALK TA_XLeisure XWebb XBerka)
(WALK TA_XLeisure XBerka XCollins)
(WALK TA_XLeisure XCollins XPeters)
(WALK TA_XLeisure XPeters XWilson)
(WALK TA_XLeisure XWilson XWhite)
(WALK TA_XLeisure XWhite XHarris)
(WALK TA_XLeisure XHarris XAnderson)
(WALK TA_XLeisure XAnderson XDray)
(WALK TA_XLeisure XDray XDotson)
(WALK TA_XLeisure XDotson XPatton)
(WALK TA_XLeisure XPatton XPreston)
(WALK TA_XLeisure XPreston XHagen)
(WALK TA_XLeisure XHagen XLonghurst)
(WALK TA_XLeisure XLonghurst XRobinson)
(WALK TA_XLeisure XRobinson XTygart)
(WALK TA_XLeisure XTygart XKujawa)
(WALK TA_XLeisure XKujawa XMiller)
(WALK TA_XLeisure XMiller XLuzar)
(HOMESAFE TA_XLeisure Xluzar)
(DROPOFF TA_XCollins XHershberger)
(WALK TA_XCollins XHershberger XMorales)
(WALK TA_XCollins XMorales XDison)
(WALK TA_XCollins XDison XTaylor)
(WALK TA_XCollins XTaylor XFolsom)
(WALK TA_XCollins XFolsom XRachel)
(WALK TA_XCollins XRachel XManzi)
(WALK TA_XCollins XManzi XTorrez)
(WALK TA_XCollins XTorrez XParks)
(WALK TA_XCollins XParks XGuerra)
(WALK TA_XCollins XGuerra XMorris)
(WALK TA_XCollins XMorris XFord)
(WALK TA_XCollins XFord XBrewer)
(WALK TA_XCollins XBrewer XRossi)
(WALK TA_XCollins XRossi XScalise)
(WALK TA_XCollins XScalise XRodgers)
(WALK TA_XCollins XRodgers XWilliams)
(WALK TA_XCollins XWilliams XLawson)
(WALK TA_XCollins XLawson XWheeler)
(WALK TA_XCollins XWheeler XNeal)
(WALK TA_XCollins XNeal XLewis)
(WALK TA_XCollins XLewis XMcclain)
(WALK TA_XCollins XMcclain XKerr)
(WALK TA_XCollins XKerr XBurke)
(WALK TA_XCollins XBurke XDanger)
(WALK TA_XCollins XDanger XHigginbotham)
(WALK TA_XCollins XHigginbotham XOwens)
(WALK TA_XCollins XOwens XMohr)
(WALK TA_XCollins XMohr XHughes)
(WALK TA_XCollins XHughes XHill)
(WALK TA_XCollins XHill XSherman)
(WALK TA_XCollins XSherman XWorstell)
(WALK TA_XCollins XWorstell XJones)
(WALK TA_XCollins XJones XHolderman)
(WALK TA_XCollins XHolderman XHenry)
(WALK TA_XCollins XHenry XPadgett)
(WALK TA_XCollins XPadgett XMorgan)
(WALK TA_XCollins XMorgan XBean)
(WALK TA_XCollins XBean XWashington)
(WALK TA_XCollins XWashington XSmith)
(WALK TA_XCollins XSmith XVirtue)
(WALK TA_XCollins XVirtue XPatterson)
(WALK TA_XCollins XPatterson XPerrault)
(WALK TA_XCollins XPerrault XBaker)
(WALK TA_XCollins XBaker XHannon)
(WALK TA_XCollins XHannon XDuckey)
(WALK TA_XCollins XDuckey XPenrod)
(WALK TA_XCollins XPenrod XWalker)
(WALK TA_XCollins XWalker XJoy)
(WALK TA_XCollins XJoy XWallace)
(WALK TA_XCollins XWallace XCork)
(WALK TA_XCollins XCork XHosle)
(WALK TA_XCollins XHosle XCourtney)
(WALK TA_XCollins XCourtney XMedina)
(WALK TA_XCollins XMedina XRivers)
(WALK TA_XCollins XRivers XCarroll)
(WALK TA_XCollins XCarroll XDominguez)
(WALK TA_XCollins XDominguez XBranson)
(WALK TA_XCollins XBranson XSebeniecher)
(WALK TA_XCollins XSebeniecher XSnyder)
(WALK TA_XCollins XSnyder XSkelton)
(WALK TA_XCollins XSkelton XMunoz)
(WALK TA_XCollins XMunoz XCribb)
(WALK TA_XCollins XCribb XBraswell)
(WALK TA_XCollins XBraswell XJenkins)
(WALK TA_XCollins XJenkins XWebb)
(WALK TA_XCollins XWebb XBerka)
(WALK TA_XCollins XBerka XCollins)
(WALK TA_XCollins XCollins XPeters)
(WALK TA_XCollins XPeters XWilson)
(WALK TA_XCollins XWilson XWhite)
(WALK TA_XCollins XWhite XHarris)
(WALK TA_XCollins XHarris XAnderson)
(WALK TA_XCollins XAnderson XDray)
(WALK TA_XCollins XDray XDotson)
(WALK TA_XCollins XDotson XPatton)
(WALK TA_XCollins XPatton XPreston)
(WALK TA_XCollins XPreston XHagen)
(WALK TA_XCollins XHagen XLonghurst)
(WALK TA_XCollins XLonghurst XRobinson)
(WALK TA_XCollins XRobinson XTygart)
(WALK TA_XCollins XTygart XKujawa)
(WALK TA_XCollins XKujawa XMiller)
(WALK TA_XCollins XMiller XLuzar)
(WALK TA_XCollins XLuzar XJohns)
(HOMESAFE TA_XCollins Xjohns)
(DROPOFF TA_XTygart XHershberger)
(WALK TA_XTygart XHershberger XMorales)
(WALK TA_XTygart XMorales XDison)
(WALK TA_XTygart XDison XTaylor)
(WALK TA_XTygart XTaylor XFolsom)
(WALK TA_XTygart XFolsom XRachel)
(WALK TA_XTygart XRachel XManzi)
(WALK TA_XTygart XManzi XTorrez)
(WALK TA_XTygart XTorrez XParks)
(WALK TA_XTygart XParks XGuerra)
(WALK TA_XTygart XGuerra XMorris)
(WALK TA_XTygart XMorris XFord)
(WALK TA_XTygart XFord XBrewer)
(WALK TA_XTygart XBrewer XRossi)
(WALK TA_XTygart XRossi XScalise)
(WALK TA_XTygart XScalise XRodgers)
(WALK TA_XTygart XRodgers XWilliams)
(WALK TA_XTygart XWilliams XLawson)
(WALK TA_XTygart XLawson XWheeler)
(WALK TA_XTygart XWheeler XNeal)
(WALK TA_XTygart XNeal XLewis)
(WALK TA_XTygart XLewis XMcclain)
(WALK TA_XTygart XMcclain XKerr)
(WALK TA_XTygart XKerr XBurke)
(WALK TA_XTygart XBurke XDanger)
(WALK TA_XTygart XDanger XHigginbotham)
(WALK TA_XTygart XHigginbotham XOwens)
(WALK TA_XTygart XOwens XMohr)
(WALK TA_XTygart XMohr XHughes)
(WALK TA_XTygart XHughes XHill)
(WALK TA_XTygart XHill XSherman)
(WALK TA_XTygart XSherman XWorstell)
(WALK TA_XTygart XWorstell XJones)
(WALK TA_XTygart XJones XHolderman)
(WALK TA_XTygart XHolderman XHenry)
(WALK TA_XTygart XHenry XPadgett)
(WALK TA_XTygart XPadgett XMorgan)
(WALK TA_XTygart XMorgan XBean)
(WALK TA_XTygart XBean XWashington)
(WALK TA_XTygart XWashington XSmith)
(WALK TA_XTygart XSmith XVirtue)
(WALK TA_XTygart XVirtue XPatterson)
(WALK TA_XTygart XPatterson XPerrault)
(WALK TA_XTygart XPerrault XBaker)
(WALK TA_XTygart XBaker XHannon)
(WALK TA_XTygart XHannon XDuckey)
(WALK TA_XTygart XDuckey XPenrod)
(WALK TA_XTygart XPenrod XWalker)
(WALK TA_XTygart XWalker XJoy)
(WALK TA_XTygart XJoy XWallace)
(WALK TA_XTygart XWallace XCork)
(WALK TA_XTygart XCork XHosle)
(WALK TA_XTygart XHosle XCourtney)
(WALK TA_XTygart XCourtney XMedina)
(WALK TA_XTygart XMedina XRivers)
(WALK TA_XTygart XRivers XCarroll)
(WALK TA_XTygart XCarroll XDominguez)
(WALK TA_XTygart XDominguez XBranson)
(WALK TA_XTygart XBranson XSebeniecher)
(WALK TA_XTygart XSebeniecher XSnyder)
(WALK TA_XTygart XSnyder XSkelton)
(WALK TA_XTygart XSkelton XMunoz)
(WALK TA_XTygart XMunoz XCribb)
(WALK TA_XTygart XCribb XBraswell)
(WALK TA_XTygart XBraswell XJenkins)
(WALK TA_XTygart XJenkins XWebb)
(WALK TA_XTygart XWebb XBerka)
(WALK TA_XTygart XBerka XCollins)
(WALK TA_XTygart XCollins XPeters)
(WALK TA_XTygart XPeters XWilson)
(WALK TA_XTygart XWilson XWhite)
(WALK TA_XTygart XWhite XHarris)
(WALK TA_XTygart XHarris XAnderson)
(WALK TA_XTygart XAnderson XDray)
(WALK TA_XTygart XDray XDotson)
(WALK TA_XTygart XDotson XPatton)
(WALK TA_XTygart XPatton XPreston)
(WALK TA_XTygart XPreston XHagen)
(WALK TA_XTygart XHagen XLonghurst)
(WALK TA_XTygart XLonghurst XRobinson)
(WALK TA_XTygart XRobinson XTygart)
(WALK TA_XTygart XTygart XKujawa)
(WALK TA_XTygart XKujawa XMiller)
(WALK TA_XTygart XMiller XLuzar)
(WALK TA_XTygart XLuzar XJohns)
(WALK TA_XTygart XJohns XLeisure)
(HOMESAFE TA_XTygart Xleisure)
(DROPOFF TA_XPreston XHershberger)
(WALK TA_XPreston XHershberger XMorales)
(WALK TA_XPreston XMorales XDison)
(WALK TA_XPreston XDison XTaylor)
(WALK TA_XPreston XTaylor XFolsom)
(WALK TA_XPreston XFolsom XRachel)
(WALK TA_XPreston XRachel XManzi)
(WALK TA_XPreston XManzi XTorrez)
(WALK TA_XPreston XTorrez XParks)
(WALK TA_XPreston XParks XGuerra)
(WALK TA_XPreston XGuerra XMorris)
(WALK TA_XPreston XMorris XFord)
(WALK TA_XPreston XFord XBrewer)
(WALK TA_XPreston XBrewer XRossi)
(WALK TA_XPreston XRossi XScalise)
(WALK TA_XPreston XScalise XRodgers)
(WALK TA_XPreston XRodgers XWilliams)
(WALK TA_XPreston XWilliams XLawson)
(WALK TA_XPreston XLawson XWheeler)
(WALK TA_XPreston XWheeler XNeal)
(WALK TA_XPreston XNeal XLewis)
(WALK TA_XPreston XLewis XMcclain)
(WALK TA_XPreston XMcclain XKerr)
(WALK TA_XPreston XKerr XBurke)
(WALK TA_XPreston XBurke XDanger)
(WALK TA_XPreston XDanger XHigginbotham)
(WALK TA_XPreston XHigginbotham XOwens)
(WALK TA_XPreston XOwens XMohr)
(WALK TA_XPreston XMohr XHughes)
(WALK TA_XPreston XHughes XHill)
(WALK TA_XPreston XHill XSherman)
(WALK TA_XPreston XSherman XWorstell)
(WALK TA_XPreston XWorstell XJones)
(WALK TA_XPreston XJones XHolderman)
(WALK TA_XPreston XHolderman XHenry)
(WALK TA_XPreston XHenry XPadgett)
(WALK TA_XPreston XPadgett XMorgan)
(WALK TA_XPreston XMorgan XBean)
(WALK TA_XPreston XBean XWashington)
(WALK TA_XPreston XWashington XSmith)
(WALK TA_XPreston XSmith XVirtue)
(WALK TA_XPreston XVirtue XPatterson)
(WALK TA_XPreston XPatterson XPerrault)
(WALK TA_XPreston XPerrault XBaker)
(WALK TA_XPreston XBaker XHannon)
(WALK TA_XPreston XHannon XDuckey)
(WALK TA_XPreston XDuckey XPenrod)
(WALK TA_XPreston XPenrod XWalker)
(WALK TA_XPreston XWalker XJoy)
(WALK TA_XPreston XJoy XWallace)
(WALK TA_XPreston XWallace XCork)
(WALK TA_XPreston XCork XHosle)
(WALK TA_XPreston XHosle XCourtney)
(WALK TA_XPreston XCourtney XMedina)
(WALK TA_XPreston XMedina XRivers)
(WALK TA_XPreston XRivers XCarroll)
(WALK TA_XPreston XCarroll XDominguez)
(WALK TA_XPreston XDominguez XBranson)
(WALK TA_XPreston XBranson XSebeniecher)
(WALK TA_XPreston XSebeniecher XSnyder)
(WALK TA_XPreston XSnyder XSkelton)
(WALK TA_XPreston XSkelton XMunoz)
(WALK TA_XPreston XMunoz XCribb)
(WALK TA_XPreston XCribb XBraswell)
(WALK TA_XPreston XBraswell XJenkins)
(WALK TA_XPreston XJenkins XWebb)
(WALK TA_XPreston XWebb XBerka)
(WALK TA_XPreston XBerka XCollins)
(WALK TA_XPreston XCollins XPeters)
(WALK TA_XPreston XPeters XWilson)
(WALK TA_XPreston XWilson XWhite)
(WALK TA_XPreston XWhite XHarris)
(WALK TA_XPreston XHarris XAnderson)
(WALK TA_XPreston XAnderson XDray)
(WALK TA_XPreston XDray XDotson)
(WALK TA_XPreston XDotson XPatton)
(WALK TA_XPreston XPatton XPreston)
(WALK TA_XPreston XPreston XHagen)
(WALK TA_XPreston XHagen XLonghurst)
(WALK TA_XPreston XLonghurst XRobinson)
(WALK TA_XPreston XRobinson XTygart)
(WALK TA_XPreston XTygart XKujawa)
(WALK TA_XPreston XKujawa XMiller)
(WALK TA_XPreston XMiller XLuzar)
(WALK TA_XPreston XLuzar XJohns)
(WALK TA_XPreston XJohns XLeisure)
(WALK TA_XPreston XLeisure XOrange)
(HOMESAFE TA_XPreston Xorange)
(DROPOFF TA_XKujawa XHershberger)
(WALK TA_XKujawa XHershberger XMorales)
(WALK TA_XKujawa XMorales XDison)
(WALK TA_XKujawa XDison XTaylor)
(WALK TA_XKujawa XTaylor XFolsom)
(WALK TA_XKujawa XFolsom XRachel)
(WALK TA_XKujawa XRachel XManzi)
(WALK TA_XKujawa XManzi XTorrez)
(WALK TA_XKujawa XTorrez XParks)
(WALK TA_XKujawa XParks XGuerra)
(WALK TA_XKujawa XGuerra XMorris)
(WALK TA_XKujawa XMorris XFord)
(WALK TA_XKujawa XFord XBrewer)
(WALK TA_XKujawa XBrewer XRossi)
(WALK TA_XKujawa XRossi XScalise)
(WALK TA_XKujawa XScalise XRodgers)
(WALK TA_XKujawa XRodgers XWilliams)
(WALK TA_XKujawa XWilliams XLawson)
(WALK TA_XKujawa XLawson XWheeler)
(WALK TA_XKujawa XWheeler XNeal)
(WALK TA_XKujawa XNeal XLewis)
(WALK TA_XKujawa XLewis XMcclain)
(WALK TA_XKujawa XMcclain XKerr)
(WALK TA_XKujawa XKerr XBurke)
(WALK TA_XKujawa XBurke XDanger)
(WALK TA_XKujawa XDanger XHigginbotham)
(WALK TA_XKujawa XHigginbotham XOwens)
(WALK TA_XKujawa XOwens XMohr)
(WALK TA_XKujawa XMohr XHughes)
(WALK TA_XKujawa XHughes XHill)
(WALK TA_XKujawa XHill XSherman)
(WALK TA_XKujawa XSherman XWorstell)
(WALK TA_XKujawa XWorstell XJones)
(WALK TA_XKujawa XJones XHolderman)
(WALK TA_XKujawa XHolderman XHenry)
(WALK TA_XKujawa XHenry XPadgett)
(WALK TA_XKujawa XPadgett XMorgan)
(WALK TA_XKujawa XMorgan XBean)
(WALK TA_XKujawa XBean XWashington)
(WALK TA_XKujawa XWashington XSmith)
(WALK TA_XKujawa XSmith XVirtue)
(WALK TA_XKujawa XVirtue XPatterson)
(WALK TA_XKujawa XPatterson XPerrault)
(WALK TA_XKujawa XPerrault XBaker)
(WALK TA_XKujawa XBaker XHannon)
(WALK TA_XKujawa XHannon XDuckey)
(WALK TA_XKujawa XDuckey XPenrod)
(WALK TA_XKujawa XPenrod XWalker)
(WALK TA_XKujawa XWalker XJoy)
(WALK TA_XKujawa XJoy XWallace)
(WALK TA_XKujawa XWallace XCork)
(WALK TA_XKujawa XCork XHosle)
(WALK TA_XKujawa XHosle XCourtney)
(WALK TA_XKujawa XCourtney XMedina)
(WALK TA_XKujawa XMedina XRivers)
(WALK TA_XKujawa XRivers XCarroll)
(WALK TA_XKujawa XCarroll XDominguez)
(WALK TA_XKujawa XDominguez XBranson)
(WALK TA_XKujawa XBranson XSebeniecher)
(WALK TA_XKujawa XSebeniecher XSnyder)
(WALK TA_XKujawa XSnyder XSkelton)
(WALK TA_XKujawa XSkelton XMunoz)
(WALK TA_XKujawa XMunoz XCribb)
(WALK TA_XKujawa XCribb XBraswell)
(WALK TA_XKujawa XBraswell XJenkins)
(WALK TA_XKujawa XJenkins XWebb)
(WALK TA_XKujawa XWebb XBerka)
(WALK TA_XKujawa XBerka XCollins)
(WALK TA_XKujawa XCollins XPeters)
(WALK TA_XKujawa XPeters XWilson)
(WALK TA_XKujawa XWilson XWhite)
(WALK TA_XKujawa XWhite XHarris)
(WALK TA_XKujawa XHarris XAnderson)
(WALK TA_XKujawa XAnderson XDray)
(WALK TA_XKujawa XDray XDotson)
(WALK TA_XKujawa XDotson XPatton)
(WALK TA_XKujawa XPatton XPreston)
(WALK TA_XKujawa XPreston XHagen)
(WALK TA_XKujawa XHagen XLonghurst)
(WALK TA_XKujawa XLonghurst XRobinson)
(WALK TA_XKujawa XRobinson XTygart)
(WALK TA_XKujawa XTygart XKujawa)
(WALK TA_XKujawa XKujawa XMiller)
(WALK TA_XKujawa XMiller XLuzar)
(WALK TA_XKujawa XLuzar XJohns)
(WALK TA_XKujawa XJohns XLeisure)
(WALK TA_XKujawa XLeisure XOrange)
(WALK TA_XKujawa XOrange XYoder)
(HOMESAFE TA_XKujawa Xyoder)
(DROPOFF TA_XZwolinski XHershberger)
(WALK TA_XZwolinski XHershberger XMorales)
(WALK TA_XZwolinski XMorales XDison)
(WALK TA_XZwolinski XDison XTaylor)
(WALK TA_XZwolinski XTaylor XFolsom)
(WALK TA_XZwolinski XFolsom XRachel)
(WALK TA_XZwolinski XRachel XManzi)
(WALK TA_XZwolinski XManzi XTorrez)
(WALK TA_XZwolinski XTorrez XParks)
(WALK TA_XZwolinski XParks XGuerra)
(WALK TA_XZwolinski XGuerra XMorris)
(WALK TA_XZwolinski XMorris XFord)
(WALK TA_XZwolinski XFord XBrewer)
(WALK TA_XZwolinski XBrewer XRossi)
(WALK TA_XZwolinski XRossi XScalise)
(WALK TA_XZwolinski XScalise XRodgers)
(WALK TA_XZwolinski XRodgers XWilliams)
(WALK TA_XZwolinski XWilliams XLawson)
(WALK TA_XZwolinski XLawson XWheeler)
(WALK TA_XZwolinski XWheeler XNeal)
(WALK TA_XZwolinski XNeal XLewis)
(WALK TA_XZwolinski XLewis XMcclain)
(WALK TA_XZwolinski XMcclain XKerr)
(WALK TA_XZwolinski XKerr XBurke)
(WALK TA_XZwolinski XBurke XDanger)
(WALK TA_XZwolinski XDanger XHigginbotham)
(WALK TA_XZwolinski XHigginbotham XOwens)
(WALK TA_XZwolinski XOwens XMohr)
(WALK TA_XZwolinski XMohr XHughes)
(WALK TA_XZwolinski XHughes XHill)
(WALK TA_XZwolinski XHill XSherman)
(WALK TA_XZwolinski XSherman XWorstell)
(WALK TA_XZwolinski XWorstell XJones)
(WALK TA_XZwolinski XJones XHolderman)
(WALK TA_XZwolinski XHolderman XHenry)
(WALK TA_XZwolinski XHenry XPadgett)
(WALK TA_XZwolinski XPadgett XMorgan)
(WALK TA_XZwolinski XMorgan XBean)
(WALK TA_XZwolinski XBean XWashington)
(WALK TA_XZwolinski XWashington XSmith)
(WALK TA_XZwolinski XSmith XVirtue)
(WALK TA_XZwolinski XVirtue XPatterson)
(WALK TA_XZwolinski XPatterson XPerrault)
(WALK TA_XZwolinski XPerrault XBaker)
(WALK TA_XZwolinski XBaker XHannon)
(WALK TA_XZwolinski XHannon XDuckey)
(WALK TA_XZwolinski XDuckey XPenrod)
(WALK TA_XZwolinski XPenrod XWalker)
(WALK TA_XZwolinski XWalker XJoy)
(WALK TA_XZwolinski XJoy XWallace)
(WALK TA_XZwolinski XWallace XCork)
(WALK TA_XZwolinski XCork XHosle)
(WALK TA_XZwolinski XHosle XCourtney)
(WALK TA_XZwolinski XCourtney XMedina)
(WALK TA_XZwolinski XMedina XRivers)
(WALK TA_XZwolinski XRivers XCarroll)
(WALK TA_XZwolinski XCarroll XDominguez)
(WALK TA_XZwolinski XDominguez XBranson)
(WALK TA_XZwolinski XBranson XSebeniecher)
(WALK TA_XZwolinski XSebeniecher XSnyder)
(WALK TA_XZwolinski XSnyder XSkelton)
(WALK TA_XZwolinski XSkelton XMunoz)
(WALK TA_XZwolinski XMunoz XCribb)
(WALK TA_XZwolinski XCribb XBraswell)
(WALK TA_XZwolinski XBraswell XJenkins)
(WALK TA_XZwolinski XJenkins XWebb)
(WALK TA_XZwolinski XWebb XBerka)
(WALK TA_XZwolinski XBerka XCollins)
(WALK TA_XZwolinski XCollins XPeters)
(WALK TA_XZwolinski XPeters XWilson)
(WALK TA_XZwolinski XWilson XWhite)
(WALK TA_XZwolinski XWhite XHarris)
(WALK TA_XZwolinski XHarris XAnderson)
(WALK TA_XZwolinski XAnderson XDray)
(WALK TA_XZwolinski XDray XDotson)
(WALK TA_XZwolinski XDotson XPatton)
(WALK TA_XZwolinski XPatton XPreston)
(WALK TA_XZwolinski XPreston XHagen)
(WALK TA_XZwolinski XHagen XLonghurst)
(WALK TA_XZwolinski XLonghurst XRobinson)
(WALK TA_XZwolinski XRobinson XTygart)
(WALK TA_XZwolinski XTygart XKujawa)
(WALK TA_XZwolinski XKujawa XMiller)
(WALK TA_XZwolinski XMiller XLuzar)
(WALK TA_XZwolinski XLuzar XJohns)
(WALK TA_XZwolinski XJohns XLeisure)
(WALK TA_XZwolinski XLeisure XOrange)
(WALK TA_XZwolinski XOrange XYoder)
(WALK TA_XZwolinski XYoder XSingleton)
(HOMESAFE TA_XZwolinski Xsingleton)
(DROPOFF TA_XSharp XHershberger)
(WALK TA_XSharp XHershberger XMorales)
(WALK TA_XSharp XMorales XDison)
(WALK TA_XSharp XDison XTaylor)
(WALK TA_XSharp XTaylor XFolsom)
(WALK TA_XSharp XFolsom XRachel)
(WALK TA_XSharp XRachel XManzi)
(WALK TA_XSharp XManzi XTorrez)
(WALK TA_XSharp XTorrez XParks)
(WALK TA_XSharp XParks XGuerra)
(WALK TA_XSharp XGuerra XMorris)
(WALK TA_XSharp XMorris XFord)
(WALK TA_XSharp XFord XBrewer)
(WALK TA_XSharp XBrewer XRossi)
(WALK TA_XSharp XRossi XScalise)
(WALK TA_XSharp XScalise XRodgers)
(WALK TA_XSharp XRodgers XWilliams)
(WALK TA_XSharp XWilliams XLawson)
(WALK TA_XSharp XLawson XWheeler)
(WALK TA_XSharp XWheeler XNeal)
(WALK TA_XSharp XNeal XLewis)
(WALK TA_XSharp XLewis XMcclain)
(WALK TA_XSharp XMcclain XKerr)
(WALK TA_XSharp XKerr XBurke)
(WALK TA_XSharp XBurke XDanger)
(WALK TA_XSharp XDanger XHigginbotham)
(WALK TA_XSharp XHigginbotham XOwens)
(WALK TA_XSharp XOwens XMohr)
(WALK TA_XSharp XMohr XHughes)
(WALK TA_XSharp XHughes XHill)
(WALK TA_XSharp XHill XSherman)
(WALK TA_XSharp XSherman XWorstell)
(WALK TA_XSharp XWorstell XJones)
(WALK TA_XSharp XJones XHolderman)
(WALK TA_XSharp XHolderman XHenry)
(WALK TA_XSharp XHenry XPadgett)
(WALK TA_XSharp XPadgett XMorgan)
(WALK TA_XSharp XMorgan XBean)
(WALK TA_XSharp XBean XWashington)
(WALK TA_XSharp XWashington XSmith)
(WALK TA_XSharp XSmith XVirtue)
(WALK TA_XSharp XVirtue XPatterson)
(WALK TA_XSharp XPatterson XPerrault)
(WALK TA_XSharp XPerrault XBaker)
(WALK TA_XSharp XBaker XHannon)
(WALK TA_XSharp XHannon XDuckey)
(WALK TA_XSharp XDuckey XPenrod)
(WALK TA_XSharp XPenrod XWalker)
(WALK TA_XSharp XWalker XJoy)
(WALK TA_XSharp XJoy XWallace)
(WALK TA_XSharp XWallace XCork)
(WALK TA_XSharp XCork XHosle)
(WALK TA_XSharp XHosle XCourtney)
(WALK TA_XSharp XCourtney XMedina)
(WALK TA_XSharp XMedina XRivers)
(WALK TA_XSharp XRivers XCarroll)
(WALK TA_XSharp XCarroll XDominguez)
(WALK TA_XSharp XDominguez XBranson)
(WALK TA_XSharp XBranson XSebeniecher)
(WALK TA_XSharp XSebeniecher XSnyder)
(WALK TA_XSharp XSnyder XSkelton)
(WALK TA_XSharp XSkelton XMunoz)
(WALK TA_XSharp XMunoz XCribb)
(WALK TA_XSharp XCribb XBraswell)
(WALK TA_XSharp XBraswell XJenkins)
(WALK TA_XSharp XJenkins XWebb)
(WALK TA_XSharp XWebb XBerka)
(WALK TA_XSharp XBerka XCollins)
(WALK TA_XSharp XCollins XPeters)
(WALK TA_XSharp XPeters XWilson)
(WALK TA_XSharp XWilson XWhite)
(WALK TA_XSharp XWhite XHarris)
(WALK TA_XSharp XHarris XAnderson)
(WALK TA_XSharp XAnderson XDray)
(WALK TA_XSharp XDray XDotson)
(WALK TA_XSharp XDotson XPatton)
(WALK TA_XSharp XPatton XPreston)
(WALK TA_XSharp XPreston XHagen)
(WALK TA_XSharp XHagen XLonghurst)
(WALK TA_XSharp XLonghurst XRobinson)
(WALK TA_XSharp XRobinson XTygart)
(WALK TA_XSharp XTygart XKujawa)
(WALK TA_XSharp XKujawa XMiller)
(WALK TA_XSharp XMiller XLuzar)
(WALK TA_XSharp XLuzar XJohns)
(WALK TA_XSharp XJohns XLeisure)
(WALK TA_XSharp XLeisure XOrange)
(WALK TA_XSharp XOrange XYoder)
(WALK TA_XSharp XYoder XSingleton)
(WALK TA_XSharp XSingleton XKim)
(HOMESAFE TA_XSharp Xkim)
(DROPOFF TA_XDotson XHershberger)
(WALK TA_XDotson XHershberger XMorales)
(WALK TA_XDotson XMorales XDison)
(WALK TA_XDotson XDison XTaylor)
(WALK TA_XDotson XTaylor XFolsom)
(WALK TA_XDotson XFolsom XRachel)
(WALK TA_XDotson XRachel XManzi)
(WALK TA_XDotson XManzi XTorrez)
(WALK TA_XDotson XTorrez XParks)
(WALK TA_XDotson XParks XGuerra)
(WALK TA_XDotson XGuerra XMorris)
(WALK TA_XDotson XMorris XFord)
(WALK TA_XDotson XFord XBrewer)
(WALK TA_XDotson XBrewer XRossi)
(WALK TA_XDotson XRossi XScalise)
(WALK TA_XDotson XScalise XRodgers)
(WALK TA_XDotson XRodgers XWilliams)
(WALK TA_XDotson XWilliams XLawson)
(WALK TA_XDotson XLawson XWheeler)
(WALK TA_XDotson XWheeler XNeal)
(WALK TA_XDotson XNeal XLewis)
(WALK TA_XDotson XLewis XMcclain)
(WALK TA_XDotson XMcclain XKerr)
(WALK TA_XDotson XKerr XBurke)
(WALK TA_XDotson XBurke XDanger)
(WALK TA_XDotson XDanger XHigginbotham)
(WALK TA_XDotson XHigginbotham XOwens)
(WALK TA_XDotson XOwens XMohr)
(WALK TA_XDotson XMohr XHughes)
(WALK TA_XDotson XHughes XHill)
(WALK TA_XDotson XHill XSherman)
(WALK TA_XDotson XSherman XWorstell)
(WALK TA_XDotson XWorstell XJones)
(WALK TA_XDotson XJones XHolderman)
(WALK TA_XDotson XHolderman XHenry)
(WALK TA_XDotson XHenry XPadgett)
(WALK TA_XDotson XPadgett XMorgan)
(WALK TA_XDotson XMorgan XBean)
(WALK TA_XDotson XBean XWashington)
(WALK TA_XDotson XWashington XSmith)
(WALK TA_XDotson XSmith XVirtue)
(WALK TA_XDotson XVirtue XPatterson)
(WALK TA_XDotson XPatterson XPerrault)
(WALK TA_XDotson XPerrault XBaker)
(WALK TA_XDotson XBaker XHannon)
(WALK TA_XDotson XHannon XDuckey)
(WALK TA_XDotson XDuckey XPenrod)
(WALK TA_XDotson XPenrod XWalker)
(WALK TA_XDotson XWalker XJoy)
(WALK TA_XDotson XJoy XWallace)
(WALK TA_XDotson XWallace XCork)
(WALK TA_XDotson XCork XHosle)
(WALK TA_XDotson XHosle XCourtney)
(WALK TA_XDotson XCourtney XMedina)
(WALK TA_XDotson XMedina XRivers)
(WALK TA_XDotson XRivers XCarroll)
(WALK TA_XDotson XCarroll XDominguez)
(WALK TA_XDotson XDominguez XBranson)
(WALK TA_XDotson XBranson XSebeniecher)
(WALK TA_XDotson XSebeniecher XSnyder)
(WALK TA_XDotson XSnyder XSkelton)
(WALK TA_XDotson XSkelton XMunoz)
(WALK TA_XDotson XMunoz XCribb)
(WALK TA_XDotson XCribb XBraswell)
(WALK TA_XDotson XBraswell XJenkins)
(WALK TA_XDotson XJenkins XWebb)
(WALK TA_XDotson XWebb XBerka)
(WALK TA_XDotson XBerka XCollins)
(WALK TA_XDotson XCollins XPeters)
(WALK TA_XDotson XPeters XWilson)
(WALK TA_XDotson XWilson XWhite)
(WALK TA_XDotson XWhite XHarris)
(WALK TA_XDotson XHarris XAnderson)
(WALK TA_XDotson XAnderson XDray)
(WALK TA_XDotson XDray XDotson)
(WALK TA_XDotson XDotson XPatton)
(WALK TA_XDotson XPatton XPreston)
(WALK TA_XDotson XPreston XHagen)
(WALK TA_XDotson XHagen XLonghurst)
(WALK TA_XDotson XLonghurst XRobinson)
(WALK TA_XDotson XRobinson XTygart)
(WALK TA_XDotson XTygart XKujawa)
(WALK TA_XDotson XKujawa XMiller)
(WALK TA_XDotson XMiller XLuzar)
(WALK TA_XDotson XLuzar XJohns)
(WALK TA_XDotson XJohns XLeisure)
(WALK TA_XDotson XLeisure XOrange)
(WALK TA_XDotson XOrange XYoder)
(WALK TA_XDotson XYoder XSingleton)
(WALK TA_XDotson XSingleton XKim)
(WALK TA_XDotson XKim XZwolinski)
(HOMESAFE TA_XDotson Xzwolinski)
(DROPOFF TA_XPeters XHershberger)
(WALK TA_XPeters XHershberger XMorales)
(WALK TA_XPeters XMorales XDison)
(WALK TA_XPeters XDison XTaylor)
(WALK TA_XPeters XTaylor XFolsom)
(WALK TA_XPeters XFolsom XRachel)
(WALK TA_XPeters XRachel XManzi)
(WALK TA_XPeters XManzi XTorrez)
(WALK TA_XPeters XTorrez XParks)
(WALK TA_XPeters XParks XGuerra)
(WALK TA_XPeters XGuerra XMorris)
(WALK TA_XPeters XMorris XFord)
(WALK TA_XPeters XFord XBrewer)
(WALK TA_XPeters XBrewer XRossi)
(WALK TA_XPeters XRossi XScalise)
(WALK TA_XPeters XScalise XRodgers)
(WALK TA_XPeters XRodgers XWilliams)
(WALK TA_XPeters XWilliams XLawson)
(WALK TA_XPeters XLawson XWheeler)
(WALK TA_XPeters XWheeler XNeal)
(WALK TA_XPeters XNeal XLewis)
(WALK TA_XPeters XLewis XMcclain)
(WALK TA_XPeters XMcclain XKerr)
(WALK TA_XPeters XKerr XBurke)
(WALK TA_XPeters XBurke XDanger)
(WALK TA_XPeters XDanger XHigginbotham)
(WALK TA_XPeters XHigginbotham XOwens)
(WALK TA_XPeters XOwens XMohr)
(WALK TA_XPeters XMohr XHughes)
(WALK TA_XPeters XHughes XHill)
(WALK TA_XPeters XHill XSherman)
(WALK TA_XPeters XSherman XWorstell)
(WALK TA_XPeters XWorstell XJones)
(WALK TA_XPeters XJones XHolderman)
(WALK TA_XPeters XHolderman XHenry)
(WALK TA_XPeters XHenry XPadgett)
(WALK TA_XPeters XPadgett XMorgan)
(WALK TA_XPeters XMorgan XBean)
(WALK TA_XPeters XBean XWashington)
(WALK TA_XPeters XWashington XSmith)
(WALK TA_XPeters XSmith XVirtue)
(WALK TA_XPeters XVirtue XPatterson)
(WALK TA_XPeters XPatterson XPerrault)
(WALK TA_XPeters XPerrault XBaker)
(WALK TA_XPeters XBaker XHannon)
(WALK TA_XPeters XHannon XDuckey)
(WALK TA_XPeters XDuckey XPenrod)
(WALK TA_XPeters XPenrod XWalker)
(WALK TA_XPeters XWalker XJoy)
(WALK TA_XPeters XJoy XWallace)
(WALK TA_XPeters XWallace XCork)
(WALK TA_XPeters XCork XHosle)
(WALK TA_XPeters XHosle XCourtney)
(WALK TA_XPeters XCourtney XMedina)
(WALK TA_XPeters XMedina XRivers)
(WALK TA_XPeters XRivers XCarroll)
(WALK TA_XPeters XCarroll XDominguez)
(WALK TA_XPeters XDominguez XBranson)
(WALK TA_XPeters XBranson XSebeniecher)
(WALK TA_XPeters XSebeniecher XSnyder)
(WALK TA_XPeters XSnyder XSkelton)
(WALK TA_XPeters XSkelton XMunoz)
(WALK TA_XPeters XMunoz XCribb)
(WALK TA_XPeters XCribb XBraswell)
(WALK TA_XPeters XBraswell XJenkins)
(WALK TA_XPeters XJenkins XWebb)
(WALK TA_XPeters XWebb XBerka)
(WALK TA_XPeters XBerka XCollins)
(WALK TA_XPeters XCollins XPeters)
(WALK TA_XPeters XPeters XWilson)
(WALK TA_XPeters XWilson XWhite)
(WALK TA_XPeters XWhite XHarris)
(WALK TA_XPeters XHarris XAnderson)
(WALK TA_XPeters XAnderson XDray)
(WALK TA_XPeters XDray XDotson)
(WALK TA_XPeters XDotson XPatton)
(WALK TA_XPeters XPatton XPreston)
(WALK TA_XPeters XPreston XHagen)
(WALK TA_XPeters XHagen XLonghurst)
(WALK TA_XPeters XLonghurst XRobinson)
(WALK TA_XPeters XRobinson XTygart)
(WALK TA_XPeters XTygart XKujawa)
(WALK TA_XPeters XKujawa XMiller)
(WALK TA_XPeters XMiller XLuzar)
(WALK TA_XPeters XLuzar XJohns)
(WALK TA_XPeters XJohns XLeisure)
(WALK TA_XPeters XLeisure XOrange)
(WALK TA_XPeters XOrange XYoder)
(WALK TA_XPeters XYoder XSingleton)
(WALK TA_XPeters XSingleton XKim)
(WALK TA_XPeters XKim XZwolinski)
(WALK TA_XPeters XZwolinski XMuni)
(HOMESAFE TA_XPeters Xmuni)
(DROPOFF TA_XHarris XHershberger)
(WALK TA_XHarris XHershberger XMorales)
(WALK TA_XHarris XMorales XDison)
(WALK TA_XHarris XDison XTaylor)
(WALK TA_XHarris XTaylor XFolsom)
(WALK TA_XHarris XFolsom XRachel)
(WALK TA_XHarris XRachel XManzi)
(WALK TA_XHarris XManzi XTorrez)
(WALK TA_XHarris XTorrez XParks)
(WALK TA_XHarris XParks XGuerra)
(WALK TA_XHarris XGuerra XMorris)
(WALK TA_XHarris XMorris XFord)
(WALK TA_XHarris XFord XBrewer)
(WALK TA_XHarris XBrewer XRossi)
(WALK TA_XHarris XRossi XScalise)
(WALK TA_XHarris XScalise XRodgers)
(WALK TA_XHarris XRodgers XWilliams)
(WALK TA_XHarris XWilliams XLawson)
(WALK TA_XHarris XLawson XWheeler)
(WALK TA_XHarris XWheeler XNeal)
(WALK TA_XHarris XNeal XLewis)
(WALK TA_XHarris XLewis XMcclain)
(WALK TA_XHarris XMcclain XKerr)
(WALK TA_XHarris XKerr XBurke)
(WALK TA_XHarris XBurke XDanger)
(WALK TA_XHarris XDanger XHigginbotham)
(WALK TA_XHarris XHigginbotham XOwens)
(WALK TA_XHarris XOwens XMohr)
(WALK TA_XHarris XMohr XHughes)
(WALK TA_XHarris XHughes XHill)
(WALK TA_XHarris XHill XSherman)
(WALK TA_XHarris XSherman XWorstell)
(WALK TA_XHarris XWorstell XJones)
(WALK TA_XHarris XJones XHolderman)
(WALK TA_XHarris XHolderman XHenry)
(WALK TA_XHarris XHenry XPadgett)
(WALK TA_XHarris XPadgett XMorgan)
(WALK TA_XHarris XMorgan XBean)
(WALK TA_XHarris XBean XWashington)
(WALK TA_XHarris XWashington XSmith)
(WALK TA_XHarris XSmith XVirtue)
(WALK TA_XHarris XVirtue XPatterson)
(WALK TA_XHarris XPatterson XPerrault)
(WALK TA_XHarris XPerrault XBaker)
(WALK TA_XHarris XBaker XHannon)
(WALK TA_XHarris XHannon XDuckey)
(WALK TA_XHarris XDuckey XPenrod)
(WALK TA_XHarris XPenrod XWalker)
(WALK TA_XHarris XWalker XJoy)
(WALK TA_XHarris XJoy XWallace)
(WALK TA_XHarris XWallace XCork)
(WALK TA_XHarris XCork XHosle)
(WALK TA_XHarris XHosle XCourtney)
(WALK TA_XHarris XCourtney XMedina)
(WALK TA_XHarris XMedina XRivers)
(WALK TA_XHarris XRivers XCarroll)
(WALK TA_XHarris XCarroll XDominguez)
(WALK TA_XHarris XDominguez XBranson)
(WALK TA_XHarris XBranson XSebeniecher)
(WALK TA_XHarris XSebeniecher XSnyder)
(WALK TA_XHarris XSnyder XSkelton)
(WALK TA_XHarris XSkelton XMunoz)
(WALK TA_XHarris XMunoz XCribb)
(WALK TA_XHarris XCribb XBraswell)
(WALK TA_XHarris XBraswell XJenkins)
(WALK TA_XHarris XJenkins XWebb)
(WALK TA_XHarris XWebb XBerka)
(WALK TA_XHarris XBerka XCollins)
(WALK TA_XHarris XCollins XPeters)
(WALK TA_XHarris XPeters XWilson)
(WALK TA_XHarris XWilson XWhite)
(WALK TA_XHarris XWhite XHarris)
(WALK TA_XHarris XHarris XAnderson)
(WALK TA_XHarris XAnderson XDray)
(WALK TA_XHarris XDray XDotson)
(WALK TA_XHarris XDotson XPatton)
(WALK TA_XHarris XPatton XPreston)
(WALK TA_XHarris XPreston XHagen)
(WALK TA_XHarris XHagen XLonghurst)
(WALK TA_XHarris XLonghurst XRobinson)
(WALK TA_XHarris XRobinson XTygart)
(WALK TA_XHarris XTygart XKujawa)
(WALK TA_XHarris XKujawa XMiller)
(WALK TA_XHarris XMiller XLuzar)
(WALK TA_XHarris XLuzar XJohns)
(WALK TA_XHarris XJohns XLeisure)
(WALK TA_XHarris XLeisure XOrange)
(WALK TA_XHarris XOrange XYoder)
(WALK TA_XHarris XYoder XSingleton)
(WALK TA_XHarris XSingleton XKim)
(WALK TA_XHarris XKim XZwolinski)
(WALK TA_XHarris XZwolinski XMuni)
(WALK TA_XHarris XMuni XSharp)
(HOMESAFE TA_XHarris Xsharp)
(DROPOFF TA_XAnderson XHershberger)
(WALK TA_XAnderson XHershberger XMorales)
(WALK TA_XAnderson XMorales XDison)
(WALK TA_XAnderson XDison XTaylor)
(WALK TA_XAnderson XTaylor XFolsom)
(WALK TA_XAnderson XFolsom XRachel)
(WALK TA_XAnderson XRachel XManzi)
(WALK TA_XAnderson XManzi XTorrez)
(WALK TA_XAnderson XTorrez XParks)
(WALK TA_XAnderson XParks XGuerra)
(WALK TA_XAnderson XGuerra XMorris)
(WALK TA_XAnderson XMorris XFord)
(WALK TA_XAnderson XFord XBrewer)
(WALK TA_XAnderson XBrewer XRossi)
(WALK TA_XAnderson XRossi XScalise)
(WALK TA_XAnderson XScalise XRodgers)
(WALK TA_XAnderson XRodgers XWilliams)
(WALK TA_XAnderson XWilliams XLawson)
(WALK TA_XAnderson XLawson XWheeler)
(WALK TA_XAnderson XWheeler XNeal)
(WALK TA_XAnderson XNeal XLewis)
(WALK TA_XAnderson XLewis XMcclain)
(WALK TA_XAnderson XMcclain XKerr)
(WALK TA_XAnderson XKerr XBurke)
(WALK TA_XAnderson XBurke XDanger)
(WALK TA_XAnderson XDanger XHigginbotham)
(WALK TA_XAnderson XHigginbotham XOwens)
(WALK TA_XAnderson XOwens XMohr)
(WALK TA_XAnderson XMohr XHughes)
(WALK TA_XAnderson XHughes XHill)
(WALK TA_XAnderson XHill XSherman)
(WALK TA_XAnderson XSherman XWorstell)
(WALK TA_XAnderson XWorstell XJones)
(WALK TA_XAnderson XJones XHolderman)
(WALK TA_XAnderson XHolderman XHenry)
(WALK TA_XAnderson XHenry XPadgett)
(WALK TA_XAnderson XPadgett XMorgan)
(WALK TA_XAnderson XMorgan XBean)
(WALK TA_XAnderson XBean XWashington)
(WALK TA_XAnderson XWashington XSmith)
(WALK TA_XAnderson XSmith XVirtue)
(WALK TA_XAnderson XVirtue XPatterson)
(WALK TA_XAnderson XPatterson XPerrault)
(WALK TA_XAnderson XPerrault XBaker)
(WALK TA_XAnderson XBaker XHannon)
(WALK TA_XAnderson XHannon XDuckey)
(WALK TA_XAnderson XDuckey XPenrod)
(WALK TA_XAnderson XPenrod XWalker)
(WALK TA_XAnderson XWalker XJoy)
(WALK TA_XAnderson XJoy XWallace)
(WALK TA_XAnderson XWallace XCork)
(WALK TA_XAnderson XCork XHosle)
(WALK TA_XAnderson XHosle XCourtney)
(WALK TA_XAnderson XCourtney XMedina)
(WALK TA_XAnderson XMedina XRivers)
(WALK TA_XAnderson XRivers XCarroll)
(WALK TA_XAnderson XCarroll XDominguez)
(WALK TA_XAnderson XDominguez XBranson)
(WALK TA_XAnderson XBranson XSebeniecher)
(WALK TA_XAnderson XSebeniecher XSnyder)
(WALK TA_XAnderson XSnyder XSkelton)
(WALK TA_XAnderson XSkelton XMunoz)
(WALK TA_XAnderson XMunoz XCribb)
(WALK TA_XAnderson XCribb XBraswell)
(WALK TA_XAnderson XBraswell XJenkins)
(WALK TA_XAnderson XJenkins XWebb)
(WALK TA_XAnderson XWebb XBerka)
(WALK TA_XAnderson XBerka XCollins)
(WALK TA_XAnderson XCollins XPeters)
(WALK TA_XAnderson XPeters XWilson)
(WALK TA_XAnderson XWilson XWhite)
(WALK TA_XAnderson XWhite XHarris)
(WALK TA_XAnderson XHarris XAnderson)
(WALK TA_XAnderson XAnderson XDray)
(WALK TA_XAnderson XDray XDotson)
(WALK TA_XAnderson XDotson XPatton)
(WALK TA_XAnderson XPatton XPreston)
(WALK TA_XAnderson XPreston XHagen)
(WALK TA_XAnderson XHagen XLonghurst)
(WALK TA_XAnderson XLonghurst XRobinson)
(WALK TA_XAnderson XRobinson XTygart)
(WALK TA_XAnderson XTygart XKujawa)
(WALK TA_XAnderson XKujawa XMiller)
(WALK TA_XAnderson XMiller XLuzar)
(WALK TA_XAnderson XLuzar XJohns)
(WALK TA_XAnderson XJohns XLeisure)
(WALK TA_XAnderson XLeisure XOrange)
(WALK TA_XAnderson XOrange XYoder)
(WALK TA_XAnderson XYoder XSingleton)
(WALK TA_XAnderson XSingleton XKim)
(WALK TA_XAnderson XKim XZwolinski)
(WALK TA_XAnderson XZwolinski XMuni)
(WALK TA_XAnderson XMuni XSharp)
(WALK TA_XAnderson XSharp XAldrich)
(HOMESAFE TA_XAnderson Xaldrich)
(DROPOFF TA_XLonghurst XHershberger)
(WALK TA_XLonghurst XHershberger XMorales)
(WALK TA_XLonghurst XMorales XDison)
(WALK TA_XLonghurst XDison XTaylor)
(WALK TA_XLonghurst XTaylor XFolsom)
(WALK TA_XLonghurst XFolsom XRachel)
(WALK TA_XLonghurst XRachel XManzi)
(WALK TA_XLonghurst XManzi XTorrez)
(WALK TA_XLonghurst XTorrez XParks)
(WALK TA_XLonghurst XParks XGuerra)
(WALK TA_XLonghurst XGuerra XMorris)
(WALK TA_XLonghurst XMorris XFord)
(WALK TA_XLonghurst XFord XBrewer)
(WALK TA_XLonghurst XBrewer XRossi)
(WALK TA_XLonghurst XRossi XScalise)
(WALK TA_XLonghurst XScalise XRodgers)
(WALK TA_XLonghurst XRodgers XWilliams)
(WALK TA_XLonghurst XWilliams XLawson)
(WALK TA_XLonghurst XLawson XWheeler)
(WALK TA_XLonghurst XWheeler XNeal)
(WALK TA_XLonghurst XNeal XLewis)
(WALK TA_XLonghurst XLewis XMcclain)
(WALK TA_XLonghurst XMcclain XKerr)
(WALK TA_XLonghurst XKerr XBurke)
(WALK TA_XLonghurst XBurke XDanger)
(WALK TA_XLonghurst XDanger XHigginbotham)
(WALK TA_XLonghurst XHigginbotham XOwens)
(WALK TA_XLonghurst XOwens XMohr)
(WALK TA_XLonghurst XMohr XHughes)
(WALK TA_XLonghurst XHughes XHill)
(WALK TA_XLonghurst XHill XSherman)
(WALK TA_XLonghurst XSherman XWorstell)
(WALK TA_XLonghurst XWorstell XJones)
(WALK TA_XLonghurst XJones XHolderman)
(WALK TA_XLonghurst XHolderman XHenry)
(WALK TA_XLonghurst XHenry XPadgett)
(WALK TA_XLonghurst XPadgett XMorgan)
(WALK TA_XLonghurst XMorgan XBean)
(WALK TA_XLonghurst XBean XWashington)
(WALK TA_XLonghurst XWashington XSmith)
(WALK TA_XLonghurst XSmith XVirtue)
(WALK TA_XLonghurst XVirtue XPatterson)
(WALK TA_XLonghurst XPatterson XPerrault)
(WALK TA_XLonghurst XPerrault XBaker)
(WALK TA_XLonghurst XBaker XHannon)
(WALK TA_XLonghurst XHannon XDuckey)
(WALK TA_XLonghurst XDuckey XPenrod)
(WALK TA_XLonghurst XPenrod XWalker)
(WALK TA_XLonghurst XWalker XJoy)
(WALK TA_XLonghurst XJoy XWallace)
(WALK TA_XLonghurst XWallace XCork)
(WALK TA_XLonghurst XCork XHosle)
(WALK TA_XLonghurst XHosle XCourtney)
(WALK TA_XLonghurst XCourtney XMedina)
(WALK TA_XLonghurst XMedina XRivers)
(WALK TA_XLonghurst XRivers XCarroll)
(WALK TA_XLonghurst XCarroll XDominguez)
(WALK TA_XLonghurst XDominguez XBranson)
(WALK TA_XLonghurst XBranson XSebeniecher)
(WALK TA_XLonghurst XSebeniecher XSnyder)
(WALK TA_XLonghurst XSnyder XSkelton)
(WALK TA_XLonghurst XSkelton XMunoz)
(WALK TA_XLonghurst XMunoz XCribb)
(WALK TA_XLonghurst XCribb XBraswell)
(WALK TA_XLonghurst XBraswell XJenkins)
(WALK TA_XLonghurst XJenkins XWebb)
(WALK TA_XLonghurst XWebb XBerka)
(WALK TA_XLonghurst XBerka XCollins)
(WALK TA_XLonghurst XCollins XPeters)
(WALK TA_XLonghurst XPeters XWilson)
(WALK TA_XLonghurst XWilson XWhite)
(WALK TA_XLonghurst XWhite XHarris)
(WALK TA_XLonghurst XHarris XAnderson)
(WALK TA_XLonghurst XAnderson XDray)
(WALK TA_XLonghurst XDray XDotson)
(WALK TA_XLonghurst XDotson XPatton)
(WALK TA_XLonghurst XPatton XPreston)
(WALK TA_XLonghurst XPreston XHagen)
(WALK TA_XLonghurst XHagen XLonghurst)
(WALK TA_XLonghurst XLonghurst XRobinson)
(WALK TA_XLonghurst XRobinson XTygart)
(WALK TA_XLonghurst XTygart XKujawa)
(WALK TA_XLonghurst XKujawa XMiller)
(WALK TA_XLonghurst XMiller XLuzar)
(WALK TA_XLonghurst XLuzar XJohns)
(WALK TA_XLonghurst XJohns XLeisure)
(WALK TA_XLonghurst XLeisure XOrange)
(WALK TA_XLonghurst XOrange XYoder)
(WALK TA_XLonghurst XYoder XSingleton)
(WALK TA_XLonghurst XSingleton XKim)
(WALK TA_XLonghurst XKim XZwolinski)
(WALK TA_XLonghurst XZwolinski XMuni)
(WALK TA_XLonghurst XMuni XSharp)
(WALK TA_XLonghurst XSharp XAldrich)
(WALK TA_XLonghurst XAldrich XVanness)
(HOMESAFE TA_XLonghurst Xvanness)
(DROPOFF TA_XLuzar XHershberger)
(WALK TA_XLuzar XHershberger XMorales)
(WALK TA_XLuzar XMorales XDison)
(WALK TA_XLuzar XDison XTaylor)
(WALK TA_XLuzar XTaylor XFolsom)
(WALK TA_XLuzar XFolsom XRachel)
(WALK TA_XLuzar XRachel XManzi)
(WALK TA_XLuzar XManzi XTorrez)
(WALK TA_XLuzar XTorrez XParks)
(WALK TA_XLuzar XParks XGuerra)
(WALK TA_XLuzar XGuerra XMorris)
(WALK TA_XLuzar XMorris XFord)
(WALK TA_XLuzar XFord XBrewer)
(WALK TA_XLuzar XBrewer XRossi)
(WALK TA_XLuzar XRossi XScalise)
(WALK TA_XLuzar XScalise XRodgers)
(WALK TA_XLuzar XRodgers XWilliams)
(WALK TA_XLuzar XWilliams XLawson)
(WALK TA_XLuzar XLawson XWheeler)
(WALK TA_XLuzar XWheeler XNeal)
(WALK TA_XLuzar XNeal XLewis)
(WALK TA_XLuzar XLewis XMcclain)
(WALK TA_XLuzar XMcclain XKerr)
(WALK TA_XLuzar XKerr XBurke)
(WALK TA_XLuzar XBurke XDanger)
(WALK TA_XLuzar XDanger XHigginbotham)
(WALK TA_XLuzar XHigginbotham XOwens)
(WALK TA_XLuzar XOwens XMohr)
(WALK TA_XLuzar XMohr XHughes)
(WALK TA_XLuzar XHughes XHill)
(WALK TA_XLuzar XHill XSherman)
(WALK TA_XLuzar XSherman XWorstell)
(WALK TA_XLuzar XWorstell XJones)
(WALK TA_XLuzar XJones XHolderman)
(WALK TA_XLuzar XHolderman XHenry)
(WALK TA_XLuzar XHenry XPadgett)
(WALK TA_XLuzar XPadgett XMorgan)
(WALK TA_XLuzar XMorgan XBean)
(WALK TA_XLuzar XBean XWashington)
(WALK TA_XLuzar XWashington XSmith)
(WALK TA_XLuzar XSmith XVirtue)
(WALK TA_XLuzar XVirtue XPatterson)
(WALK TA_XLuzar XPatterson XPerrault)
(WALK TA_XLuzar XPerrault XBaker)
(WALK TA_XLuzar XBaker XHannon)
(WALK TA_XLuzar XHannon XDuckey)
(WALK TA_XLuzar XDuckey XPenrod)
(WALK TA_XLuzar XPenrod XWalker)
(WALK TA_XLuzar XWalker XJoy)
(WALK TA_XLuzar XJoy XWallace)
(WALK TA_XLuzar XWallace XCork)
(WALK TA_XLuzar XCork XHosle)
(WALK TA_XLuzar XHosle XCourtney)
(WALK TA_XLuzar XCourtney XMedina)
(WALK TA_XLuzar XMedina XRivers)
(WALK TA_XLuzar XRivers XCarroll)
(WALK TA_XLuzar XCarroll XDominguez)
(WALK TA_XLuzar XDominguez XBranson)
(WALK TA_XLuzar XBranson XSebeniecher)
(WALK TA_XLuzar XSebeniecher XSnyder)
(WALK TA_XLuzar XSnyder XSkelton)
(WALK TA_XLuzar XSkelton XMunoz)
(WALK TA_XLuzar XMunoz XCribb)
(WALK TA_XLuzar XCribb XBraswell)
(WALK TA_XLuzar XBraswell XJenkins)
(WALK TA_XLuzar XJenkins XWebb)
(WALK TA_XLuzar XWebb XBerka)
(WALK TA_XLuzar XBerka XCollins)
(WALK TA_XLuzar XCollins XPeters)
(WALK TA_XLuzar XPeters XWilson)
(WALK TA_XLuzar XWilson XWhite)
(WALK TA_XLuzar XWhite XHarris)
(WALK TA_XLuzar XHarris XAnderson)
(WALK TA_XLuzar XAnderson XDray)
(WALK TA_XLuzar XDray XDotson)
(WALK TA_XLuzar XDotson XPatton)
(WALK TA_XLuzar XPatton XPreston)
(WALK TA_XLuzar XPreston XHagen)
(WALK TA_XLuzar XHagen XLonghurst)
(WALK TA_XLuzar XLonghurst XRobinson)
(WALK TA_XLuzar XRobinson XTygart)
(WALK TA_XLuzar XTygart XKujawa)
(WALK TA_XLuzar XKujawa XMiller)
(WALK TA_XLuzar XMiller XLuzar)
(WALK TA_XLuzar XLuzar XJohns)
(WALK TA_XLuzar XJohns XLeisure)
(WALK TA_XLuzar XLeisure XOrange)
(WALK TA_XLuzar XOrange XYoder)
(WALK TA_XLuzar XYoder XSingleton)
(WALK TA_XLuzar XSingleton XKim)
(WALK TA_XLuzar XKim XZwolinski)
(WALK TA_XLuzar XZwolinski XMuni)
(WALK TA_XLuzar XMuni XSharp)
(WALK TA_XLuzar XSharp XAldrich)
(WALK TA_XLuzar XAldrich XVanness)
(WALK TA_XLuzar XVanness XLegrand)
(HOMESAFE TA_XLuzar Xlegrand)
(DROPOFF TA_XJohns XHershberger)
(WALK TA_XJohns XHershberger XMorales)
(WALK TA_XJohns XMorales XDison)
(WALK TA_XJohns XDison XTaylor)
(WALK TA_XJohns XTaylor XFolsom)
(WALK TA_XJohns XFolsom XRachel)
(WALK TA_XJohns XRachel XManzi)
(WALK TA_XJohns XManzi XTorrez)
(WALK TA_XJohns XTorrez XParks)
(WALK TA_XJohns XParks XGuerra)
(WALK TA_XJohns XGuerra XMorris)
(WALK TA_XJohns XMorris XFord)
(WALK TA_XJohns XFord XBrewer)
(WALK TA_XJohns XBrewer XRossi)
(WALK TA_XJohns XRossi XScalise)
(WALK TA_XJohns XScalise XRodgers)
(WALK TA_XJohns XRodgers XWilliams)
(WALK TA_XJohns XWilliams XLawson)
(WALK TA_XJohns XLawson XWheeler)
(WALK TA_XJohns XWheeler XNeal)
(WALK TA_XJohns XNeal XLewis)
(WALK TA_XJohns XLewis XMcclain)
(WALK TA_XJohns XMcclain XKerr)
(WALK TA_XJohns XKerr XBurke)
(WALK TA_XJohns XBurke XDanger)
(WALK TA_XJohns XDanger XHigginbotham)
(WALK TA_XJohns XHigginbotham XOwens)
(WALK TA_XJohns XOwens XMohr)
(WALK TA_XJohns XMohr XHughes)
(WALK TA_XJohns XHughes XHill)
(WALK TA_XJohns XHill XSherman)
(WALK TA_XJohns XSherman XWorstell)
(WALK TA_XJohns XWorstell XJones)
(WALK TA_XJohns XJones XHolderman)
(WALK TA_XJohns XHolderman XHenry)
(WALK TA_XJohns XHenry XPadgett)
(WALK TA_XJohns XPadgett XMorgan)
(WALK TA_XJohns XMorgan XBean)
(WALK TA_XJohns XBean XWashington)
(WALK TA_XJohns XWashington XSmith)
(WALK TA_XJohns XSmith XVirtue)
(WALK TA_XJohns XVirtue XPatterson)
(WALK TA_XJohns XPatterson XPerrault)
(WALK TA_XJohns XPerrault XBaker)
(WALK TA_XJohns XBaker XHannon)
(WALK TA_XJohns XHannon XDuckey)
(WALK TA_XJohns XDuckey XPenrod)
(WALK TA_XJohns XPenrod XWalker)
(WALK TA_XJohns XWalker XJoy)
(WALK TA_XJohns XJoy XWallace)
(WALK TA_XJohns XWallace XCork)
(WALK TA_XJohns XCork XHosle)
(WALK TA_XJohns XHosle XCourtney)
(WALK TA_XJohns XCourtney XMedina)
(WALK TA_XJohns XMedina XRivers)
(WALK TA_XJohns XRivers XCarroll)
(WALK TA_XJohns XCarroll XDominguez)
(WALK TA_XJohns XDominguez XBranson)
(WALK TA_XJohns XBranson XSebeniecher)
(WALK TA_XJohns XSebeniecher XSnyder)
(WALK TA_XJohns XSnyder XSkelton)
(WALK TA_XJohns XSkelton XMunoz)
(WALK TA_XJohns XMunoz XCribb)
(WALK TA_XJohns XCribb XBraswell)
(WALK TA_XJohns XBraswell XJenkins)
(WALK TA_XJohns XJenkins XWebb)
(WALK TA_XJohns XWebb XBerka)
(WALK TA_XJohns XBerka XCollins)
(WALK TA_XJohns XCollins XPeters)
(WALK TA_XJohns XPeters XWilson)
(WALK TA_XJohns XWilson XWhite)
(WALK TA_XJohns XWhite XHarris)
(WALK TA_XJohns XHarris XAnderson)
(WALK TA_XJohns XAnderson XDray)
(WALK TA_XJohns XDray XDotson)
(WALK TA_XJohns XDotson XPatton)
(WALK TA_XJohns XPatton XPreston)
(WALK TA_XJohns XPreston XHagen)
(WALK TA_XJohns XHagen XLonghurst)
(WALK TA_XJohns XLonghurst XRobinson)
(WALK TA_XJohns XRobinson XTygart)
(WALK TA_XJohns XTygart XKujawa)
(WALK TA_XJohns XKujawa XMiller)
(WALK TA_XJohns XMiller XLuzar)
(WALK TA_XJohns XLuzar XJohns)
(WALK TA_XJohns XJohns XLeisure)
(WALK TA_XJohns XLeisure XOrange)
(WALK TA_XJohns XOrange XYoder)
(WALK TA_XJohns XYoder XSingleton)
(WALK TA_XJohns XSingleton XKim)
(WALK TA_XJohns XKim XZwolinski)
(WALK TA_XJohns XZwolinski XMuni)
(WALK TA_XJohns XMuni XSharp)
(WALK TA_XJohns XSharp XAldrich)
(WALK TA_XJohns XAldrich XVanness)
(WALK TA_XJohns XVanness XLegrand)
(WALK TA_XJohns XLegrand XMclaughlin)
(HOMESAFE TA_XJohns Xmclaughlin)
(DROPOFF TA_XOrange XHershberger)
(WALK TA_XOrange XHershberger XMorales)
(WALK TA_XOrange XMorales XDison)
(WALK TA_XOrange XDison XTaylor)
(WALK TA_XOrange XTaylor XFolsom)
(WALK TA_XOrange XFolsom XRachel)
(WALK TA_XOrange XRachel XManzi)
(WALK TA_XOrange XManzi XTorrez)
(WALK TA_XOrange XTorrez XParks)
(WALK TA_XOrange XParks XGuerra)
(WALK TA_XOrange XGuerra XMorris)
(WALK TA_XOrange XMorris XFord)
(WALK TA_XOrange XFord XBrewer)
(WALK TA_XOrange XBrewer XRossi)
(WALK TA_XOrange XRossi XScalise)
(WALK TA_XOrange XScalise XRodgers)
(WALK TA_XOrange XRodgers XWilliams)
(WALK TA_XOrange XWilliams XLawson)
(WALK TA_XOrange XLawson XWheeler)
(WALK TA_XOrange XWheeler XNeal)
(WALK TA_XOrange XNeal XLewis)
(WALK TA_XOrange XLewis XMcclain)
(WALK TA_XOrange XMcclain XKerr)
(WALK TA_XOrange XKerr XBurke)
(WALK TA_XOrange XBurke XDanger)
(WALK TA_XOrange XDanger XHigginbotham)
(WALK TA_XOrange XHigginbotham XOwens)
(WALK TA_XOrange XOwens XMohr)
(WALK TA_XOrange XMohr XHughes)
(WALK TA_XOrange XHughes XHill)
(WALK TA_XOrange XHill XSherman)
(WALK TA_XOrange XSherman XWorstell)
(WALK TA_XOrange XWorstell XJones)
(WALK TA_XOrange XJones XHolderman)
(WALK TA_XOrange XHolderman XHenry)
(WALK TA_XOrange XHenry XPadgett)
(WALK TA_XOrange XPadgett XMorgan)
(WALK TA_XOrange XMorgan XBean)
(WALK TA_XOrange XBean XWashington)
(WALK TA_XOrange XWashington XSmith)
(WALK TA_XOrange XSmith XVirtue)
(WALK TA_XOrange XVirtue XPatterson)
(WALK TA_XOrange XPatterson XPerrault)
(WALK TA_XOrange XPerrault XBaker)
(WALK TA_XOrange XBaker XHannon)
(WALK TA_XOrange XHannon XDuckey)
(WALK TA_XOrange XDuckey XPenrod)
(WALK TA_XOrange XPenrod XWalker)
(WALK TA_XOrange XWalker XJoy)
(WALK TA_XOrange XJoy XWallace)
(WALK TA_XOrange XWallace XCork)
(WALK TA_XOrange XCork XHosle)
(WALK TA_XOrange XHosle XCourtney)
(WALK TA_XOrange XCourtney XMedina)
(WALK TA_XOrange XMedina XRivers)
(WALK TA_XOrange XRivers XCarroll)
(WALK TA_XOrange XCarroll XDominguez)
(WALK TA_XOrange XDominguez XBranson)
(WALK TA_XOrange XBranson XSebeniecher)
(WALK TA_XOrange XSebeniecher XSnyder)
(WALK TA_XOrange XSnyder XSkelton)
(WALK TA_XOrange XSkelton XMunoz)
(WALK TA_XOrange XMunoz XCribb)
(WALK TA_XOrange XCribb XBraswell)
(WALK TA_XOrange XBraswell XJenkins)
(WALK TA_XOrange XJenkins XWebb)
(WALK TA_XOrange XWebb XBerka)
(WALK TA_XOrange XBerka XCollins)
(WALK TA_XOrange XCollins XPeters)
(WALK TA_XOrange XPeters XWilson)
(WALK TA_XOrange XWilson XWhite)
(WALK TA_XOrange XWhite XHarris)
(WALK TA_XOrange XHarris XAnderson)
(WALK TA_XOrange XAnderson XDray)
(WALK TA_XOrange XDray XDotson)
(WALK TA_XOrange XDotson XPatton)
(WALK TA_XOrange XPatton XPreston)
(WALK TA_XOrange XPreston XHagen)
(WALK TA_XOrange XHagen XLonghurst)
(WALK TA_XOrange XLonghurst XRobinson)
(WALK TA_XOrange XRobinson XTygart)
(WALK TA_XOrange XTygart XKujawa)
(WALK TA_XOrange XKujawa XMiller)
(WALK TA_XOrange XMiller XLuzar)
(WALK TA_XOrange XLuzar XJohns)
(WALK TA_XOrange XJohns XLeisure)
(WALK TA_XOrange XLeisure XOrange)
(WALK TA_XOrange XOrange XYoder)
(WALK TA_XOrange XYoder XSingleton)
(WALK TA_XOrange XSingleton XKim)
(WALK TA_XOrange XKim XZwolinski)
(WALK TA_XOrange XZwolinski XMuni)
(WALK TA_XOrange XMuni XSharp)
(WALK TA_XOrange XSharp XAldrich)
(WALK TA_XOrange XAldrich XVanness)
(WALK TA_XOrange XVanness XLegrand)
(WALK TA_XOrange XLegrand XMclaughlin)
(WALK TA_XOrange XMclaughlin XStreet)
(HOMESAFE TA_XOrange Xstreet)
(DROPOFF TA_XMuni XHershberger)
(WALK TA_XMuni XHershberger XMorales)
(WALK TA_XMuni XMorales XDison)
(WALK TA_XMuni XDison XTaylor)
(WALK TA_XMuni XTaylor XFolsom)
(WALK TA_XMuni XFolsom XRachel)
(WALK TA_XMuni XRachel XManzi)
(WALK TA_XMuni XManzi XTorrez)
(WALK TA_XMuni XTorrez XParks)
(WALK TA_XMuni XParks XGuerra)
(WALK TA_XMuni XGuerra XMorris)
(WALK TA_XMuni XMorris XFord)
(WALK TA_XMuni XFord XBrewer)
(WALK TA_XMuni XBrewer XRossi)
(WALK TA_XMuni XRossi XScalise)
(WALK TA_XMuni XScalise XRodgers)
(WALK TA_XMuni XRodgers XWilliams)
(WALK TA_XMuni XWilliams XLawson)
(WALK TA_XMuni XLawson XWheeler)
(WALK TA_XMuni XWheeler XNeal)
(WALK TA_XMuni XNeal XLewis)
(WALK TA_XMuni XLewis XMcclain)
(WALK TA_XMuni XMcclain XKerr)
(WALK TA_XMuni XKerr XBurke)
(WALK TA_XMuni XBurke XDanger)
(WALK TA_XMuni XDanger XHigginbotham)
(WALK TA_XMuni XHigginbotham XOwens)
(WALK TA_XMuni XOwens XMohr)
(WALK TA_XMuni XMohr XHughes)
(WALK TA_XMuni XHughes XHill)
(WALK TA_XMuni XHill XSherman)
(WALK TA_XMuni XSherman XWorstell)
(WALK TA_XMuni XWorstell XJones)
(WALK TA_XMuni XJones XHolderman)
(WALK TA_XMuni XHolderman XHenry)
(WALK TA_XMuni XHenry XPadgett)
(WALK TA_XMuni XPadgett XMorgan)
(WALK TA_XMuni XMorgan XBean)
(WALK TA_XMuni XBean XWashington)
(WALK TA_XMuni XWashington XSmith)
(WALK TA_XMuni XSmith XVirtue)
(WALK TA_XMuni XVirtue XPatterson)
(WALK TA_XMuni XPatterson XPerrault)
(WALK TA_XMuni XPerrault XBaker)
(WALK TA_XMuni XBaker XHannon)
(WALK TA_XMuni XHannon XDuckey)
(WALK TA_XMuni XDuckey XPenrod)
(WALK TA_XMuni XPenrod XWalker)
(WALK TA_XMuni XWalker XJoy)
(WALK TA_XMuni XJoy XWallace)
(WALK TA_XMuni XWallace XCork)
(WALK TA_XMuni XCork XHosle)
(WALK TA_XMuni XHosle XCourtney)
(WALK TA_XMuni XCourtney XMedina)
(WALK TA_XMuni XMedina XRivers)
(WALK TA_XMuni XRivers XCarroll)
(WALK TA_XMuni XCarroll XDominguez)
(WALK TA_XMuni XDominguez XBranson)
(WALK TA_XMuni XBranson XSebeniecher)
(WALK TA_XMuni XSebeniecher XSnyder)
(WALK TA_XMuni XSnyder XSkelton)
(WALK TA_XMuni XSkelton XMunoz)
(WALK TA_XMuni XMunoz XCribb)
(WALK TA_XMuni XCribb XBraswell)
(WALK TA_XMuni XBraswell XJenkins)
(WALK TA_XMuni XJenkins XWebb)
(WALK TA_XMuni XWebb XBerka)
(WALK TA_XMuni XBerka XCollins)
(WALK TA_XMuni XCollins XPeters)
(WALK TA_XMuni XPeters XWilson)
(WALK TA_XMuni XWilson XWhite)
(WALK TA_XMuni XWhite XHarris)
(WALK TA_XMuni XHarris XAnderson)
(WALK TA_XMuni XAnderson XDray)
(WALK TA_XMuni XDray XDotson)
(WALK TA_XMuni XDotson XPatton)
(WALK TA_XMuni XPatton XPreston)
(WALK TA_XMuni XPreston XHagen)
(WALK TA_XMuni XHagen XLonghurst)
(WALK TA_XMuni XLonghurst XRobinson)
(WALK TA_XMuni XRobinson XTygart)
(WALK TA_XMuni XTygart XKujawa)
(WALK TA_XMuni XKujawa XMiller)
(WALK TA_XMuni XMiller XLuzar)
(WALK TA_XMuni XLuzar XJohns)
(WALK TA_XMuni XJohns XLeisure)
(WALK TA_XMuni XLeisure XOrange)
(WALK TA_XMuni XOrange XYoder)
(WALK TA_XMuni XYoder XSingleton)
(WALK TA_XMuni XSingleton XKim)
(WALK TA_XMuni XKim XZwolinski)
(WALK TA_XMuni XZwolinski XMuni)
(WALK TA_XMuni XMuni XSharp)
(WALK TA_XMuni XSharp XAldrich)
(WALK TA_XMuni XAldrich XVanness)
(WALK TA_XMuni XVanness XLegrand)
(WALK TA_XMuni XLegrand XMclaughlin)
(WALK TA_XMuni XMclaughlin XStreet)
(WALK TA_XMuni XStreet XReeder)
(HOMESAFE TA_XMuni Xreeder)
(DROPOFF TA_XStreet XHershberger)
(WALK TA_XStreet XHershberger XMorales)
(WALK TA_XStreet XMorales XDison)
(WALK TA_XStreet XDison XTaylor)
(WALK TA_XStreet XTaylor XFolsom)
(WALK TA_XStreet XFolsom XRachel)
(WALK TA_XStreet XRachel XManzi)
(WALK TA_XStreet XManzi XTorrez)
(WALK TA_XStreet XTorrez XParks)
(WALK TA_XStreet XParks XGuerra)
(WALK TA_XStreet XGuerra XMorris)
(WALK TA_XStreet XMorris XFord)
(WALK TA_XStreet XFord XBrewer)
(WALK TA_XStreet XBrewer XRossi)
(WALK TA_XStreet XRossi XScalise)
(WALK TA_XStreet XScalise XRodgers)
(WALK TA_XStreet XRodgers XWilliams)
(WALK TA_XStreet XWilliams XLawson)
(WALK TA_XStreet XLawson XWheeler)
(WALK TA_XStreet XWheeler XNeal)
(WALK TA_XStreet XNeal XLewis)
(WALK TA_XStreet XLewis XMcclain)
(WALK TA_XStreet XMcclain XKerr)
(WALK TA_XStreet XKerr XBurke)
(WALK TA_XStreet XBurke XDanger)
(WALK TA_XStreet XDanger XHigginbotham)
(WALK TA_XStreet XHigginbotham XOwens)
(WALK TA_XStreet XOwens XMohr)
(WALK TA_XStreet XMohr XHughes)
(WALK TA_XStreet XHughes XHill)
(WALK TA_XStreet XHill XSherman)
(WALK TA_XStreet XSherman XWorstell)
(WALK TA_XStreet XWorstell XJones)
(WALK TA_XStreet XJones XHolderman)
(WALK TA_XStreet XHolderman XHenry)
(WALK TA_XStreet XHenry XPadgett)
(WALK TA_XStreet XPadgett XMorgan)
(WALK TA_XStreet XMorgan XBean)
(WALK TA_XStreet XBean XWashington)
(WALK TA_XStreet XWashington XSmith)
(WALK TA_XStreet XSmith XVirtue)
(WALK TA_XStreet XVirtue XPatterson)
(WALK TA_XStreet XPatterson XPerrault)
(WALK TA_XStreet XPerrault XBaker)
(WALK TA_XStreet XBaker XHannon)
(WALK TA_XStreet XHannon XDuckey)
(WALK TA_XStreet XDuckey XPenrod)
(WALK TA_XStreet XPenrod XWalker)
(WALK TA_XStreet XWalker XJoy)
(WALK TA_XStreet XJoy XWallace)
(WALK TA_XStreet XWallace XCork)
(WALK TA_XStreet XCork XHosle)
(WALK TA_XStreet XHosle XCourtney)
(WALK TA_XStreet XCourtney XMedina)
(WALK TA_XStreet XMedina XRivers)
(WALK TA_XStreet XRivers XCarroll)
(WALK TA_XStreet XCarroll XDominguez)
(WALK TA_XStreet XDominguez XBranson)
(WALK TA_XStreet XBranson XSebeniecher)
(WALK TA_XStreet XSebeniecher XSnyder)
(WALK TA_XStreet XSnyder XSkelton)
(WALK TA_XStreet XSkelton XMunoz)
(WALK TA_XStreet XMunoz XCribb)
(WALK TA_XStreet XCribb XBraswell)
(WALK TA_XStreet XBraswell XJenkins)
(WALK TA_XStreet XJenkins XWebb)
(WALK TA_XStreet XWebb XBerka)
(WALK TA_XStreet XBerka XCollins)
(WALK TA_XStreet XCollins XPeters)
(WALK TA_XStreet XPeters XWilson)
(WALK TA_XStreet XWilson XWhite)
(WALK TA_XStreet XWhite XHarris)
(WALK TA_XStreet XHarris XAnderson)
(WALK TA_XStreet XAnderson XDray)
(WALK TA_XStreet XDray XDotson)
(WALK TA_XStreet XDotson XPatton)
(WALK TA_XStreet XPatton XPreston)
(WALK TA_XStreet XPreston XHagen)
(WALK TA_XStreet XHagen XLonghurst)
(WALK TA_XStreet XLonghurst XRobinson)
(WALK TA_XStreet XRobinson XTygart)
(WALK TA_XStreet XTygart XKujawa)
(WALK TA_XStreet XKujawa XMiller)
(WALK TA_XStreet XMiller XLuzar)
(WALK TA_XStreet XLuzar XJohns)
(WALK TA_XStreet XJohns XLeisure)
(WALK TA_XStreet XLeisure XOrange)
(WALK TA_XStreet XOrange XYoder)
(WALK TA_XStreet XYoder XSingleton)
(WALK TA_XStreet XSingleton XKim)
(WALK TA_XStreet XKim XZwolinski)
(WALK TA_XStreet XZwolinski XMuni)
(WALK TA_XStreet XMuni XSharp)
(WALK TA_XStreet XSharp XAldrich)
(WALK TA_XStreet XAldrich XVanness)
(WALK TA_XStreet XVanness XLegrand)
(WALK TA_XStreet XLegrand XMclaughlin)
(WALK TA_XStreet XMclaughlin XStreet)
(WALK TA_XStreet XStreet XReeder)
(WALK TA_XStreet XReeder XSanchez)
(HOMESAFE TA_XStreet Xsanchez)
