(DROPOFF TA_XVolcarona XQwilfish)
(HOMESAFE TA_XVolcarona Xqwilfish)
(DROPOFF TA_XConkeldurr XQwilfish)
(WALK TA_XConkeldurr XQwilfish XDrampa)
(HOMESAFE TA_XConkeldurr Xdrampa)
(DROPOFF TA_XSimisear XQwilfish)
(WALK TA_XSimisear XQwilfish XTropius)
(WALK TA_XSimisear XTropius XShellos)
(HOMESAFE TA_XSimisear Xshellos)
(DROPOFF TA_XPorygon2 XQwilfish)
(WALK TA_XPorygon2 XQwilfish XTropius)
(WALK TA_XPorygon2 XTropius XDrapion)
(HOMESAFE TA_XPorygon2 Xdrapion)
(DROPOFF TA_XMeloetta XQwilfish)
(WALK TA_XMeloetta XQwilfish XDrampa)
(WALK TA_XMeloetta XDrampa XSandile)
(HOMESAFE TA_XMeloetta Xsandile)
(DROPOFF TA_XStufful XQwilfish)
(WALK TA_XStufful XQwilfish XDrampa)
(WALK TA_XStufful XDrampa XFroakie)
(HOMESAFE TA_XStufful Xfroakie)
(DROPOFF TA_XFroakie XQwilfish)
(WALK TA_XFroakie XQwilfish XTropius)
(WALK TA_XFroakie XTropius XSkorupi)
(HOMESAFE TA_XFroakie Xskorupi)
(DROPOFF TA_XTaillow XQwilfish)
(WALK TA_XTaillow XQwilfish XTropius)
(WALK TA_XTaillow XTropius XScatterbug)
(HOMESAFE TA_XTaillow Xscatterbug)
(DROPOFF TA_XQwilfish XQwilfish)
(WALK TA_XQwilfish XQwilfish XDrampa)
(WALK TA_XQwilfish XDrampa XGengar)
(HOMESAFE TA_XQwilfish Xgengar)
(DROPOFF TA_XBounsweet XQwilfish)
(WALK TA_XBounsweet XQwilfish XDrampa)
(WALK TA_XBounsweet XDrampa XGengar)
(WALK TA_XBounsweet XGengar XTauros)
(HOMESAFE TA_XBounsweet Xtauros)
(DROPOFF TA_XComfey XQwilfish)
(WALK TA_XComfey XQwilfish XDrampa)
(WALK TA_XComfey XDrampa XGengar)
(WALK TA_XComfey XGengar XMetapod)
(HOMESAFE TA_XComfey Xmetapod)
(DROPOFF TA_XShellder XQwilfish)
(WALK TA_XShellder XQwilfish XTropius)
(WALK TA_XShellder XTropius XScatterbug)
(WALK TA_XShellder XScatterbug XCrawdaunt)
(HOMESAFE TA_XShellder Xcrawdaunt)
(DROPOFF TA_XMagmar XQwilfish)
(WALK TA_XMagmar XQwilfish XDrampa)
(WALK TA_XMagmar XDrampa XPhanpy)
(WALK TA_XMagmar XPhanpy XMagmar)
(HOMESAFE TA_XMagmar Xmagmar)
(DROPOFF TA_XMagnemite XQwilfish)
(WALK TA_XMagnemite XQwilfish XDrampa)
(WALK TA_XMagnemite XDrampa XPhanpy)
(WALK TA_XMagnemite XPhanpy XLotad)
(HOMESAFE TA_XMagnemite Xlotad)
(DROPOFF TA_XDrampa XQwilfish)
(WALK TA_XDrampa XQwilfish XDrampa)
(WALK TA_XDrampa XDrampa XGengar)
(WALK TA_XDrampa XGengar XBounsweet)
(HOMESAFE TA_XDrampa Xbounsweet)
(DROPOFF TA_XNoibat XQwilfish)
(WALK TA_XNoibat XQwilfish XTropius)
(WALK TA_XNoibat XTropius XScatterbug)
(WALK TA_XNoibat XScatterbug XMeloetta)
(HOMESAFE TA_XNoibat Xmeloetta)
(DROPOFF TA_XSeaking XQwilfish)
(WALK TA_XSeaking XQwilfish XTropius)
(WALK TA_XSeaking XTropius XSlowbro)
(WALK TA_XSeaking XSlowbro XNincada)
(HOMESAFE TA_XSeaking Xnincada)
(DROPOFF TA_XSteenee XQwilfish)
(WALK TA_XSteenee XQwilfish XTropius)
(WALK TA_XSteenee XTropius XDrapion)
(WALK TA_XSteenee XDrapion XTaillow)
(HOMESAFE TA_XSteenee Xtaillow)
(DROPOFF TA_XSkiddo XQwilfish)
(WALK TA_XSkiddo XQwilfish XTropius)
(WALK TA_XSkiddo XTropius XSkorupi)
(WALK TA_XSkiddo XSkorupi XHonedge)
(HOMESAFE TA_XSkiddo Xhonedge)
(DROPOFF TA_XMetapod XQwilfish)
(WALK TA_XMetapod XQwilfish XDrampa)
(WALK TA_XMetapod XDrampa XSandile)
(WALK TA_XMetapod XSandile XSimisear)
(HOMESAFE TA_XMetapod Xsimisear)
(DROPOFF TA_XHonedge XQwilfish)
(WALK TA_XHonedge XQwilfish XDrampa)
(WALK TA_XHonedge XDrampa XShellos)
(WALK TA_XHonedge XShellos XMagnemite)
(HOMESAFE TA_XHonedge Xmagnemite)
(DROPOFF TA_XSlurpuff XQwilfish)
(WALK TA_XSlurpuff XQwilfish XDrampa)
(WALK TA_XSlurpuff XDrampa XSandile)
(WALK TA_XSlurpuff XSandile XVullaby)
(HOMESAFE TA_XSlurpuff Xvullaby)
(DROPOFF TA_XTauros XQwilfish)
(WALK TA_XTauros XQwilfish XTropius)
(WALK TA_XTauros XTropius XSkorupi)
(WALK TA_XTauros XSkorupi XSkiddo)
(HOMESAFE TA_XTauros Xskiddo)
(DROPOFF TA_XCrawdaunt XQwilfish)
(WALK TA_XCrawdaunt XQwilfish XTropius)
(WALK TA_XCrawdaunt XTropius XSkorupi)
(WALK TA_XCrawdaunt XSkorupi XMunna)
(HOMESAFE TA_XCrawdaunt Xmunna)
(DROPOFF TA_XTreecko XQwilfish)
(WALK TA_XTreecko XQwilfish XDrampa)
(WALK TA_XTreecko XDrampa XGengar)
(WALK TA_XTreecko XGengar XTauros)
(WALK TA_XTreecko XTauros XWeezing)
(HOMESAFE TA_XTreecko Xweezing)
(DROPOFF TA_XVespiquen XQwilfish)
(WALK TA_XVespiquen XQwilfish XDrampa)
(WALK TA_XVespiquen XDrampa XSandile)
(WALK TA_XVespiquen XSandile XMetapod)
(WALK TA_XVespiquen XMetapod XMetang)
(HOMESAFE TA_XVespiquen Xmetang)
(DROPOFF TA_XScatterbug XQwilfish)
(WALK TA_XScatterbug XQwilfish XTropius)
(WALK TA_XScatterbug XTropius XShellos)
(WALK TA_XScatterbug XShellos XNincada)
(WALK TA_XScatterbug XNincada XComfey)
(HOMESAFE TA_XScatterbug Xcomfey)
(DROPOFF TA_XWeepinbell XQwilfish)
(WALK TA_XWeepinbell XQwilfish XTropius)
(WALK TA_XWeepinbell XTropius XScatterbug)
(WALK TA_XWeepinbell XScatterbug XCrawdaunt)
(WALK TA_XWeepinbell XCrawdaunt XPorygon2)
(HOMESAFE TA_XWeepinbell Xporygon2)
(DROPOFF TA_XBastiodon XQwilfish)
(WALK TA_XBastiodon XQwilfish XTropius)
(WALK TA_XBastiodon XTropius XScatterbug)
(WALK TA_XBastiodon XScatterbug XCrawdaunt)
(WALK TA_XBastiodon XCrawdaunt XAmoonguss)
(HOMESAFE TA_XBastiodon Xamoonguss)
(DROPOFF TA_XMunna XQwilfish)
(WALK TA_XMunna XQwilfish XDrampa)
(WALK TA_XMunna XDrampa XGengar)
(WALK TA_XMunna XGengar XTauros)
(WALK TA_XMunna XTauros XWailord)
(HOMESAFE TA_XMunna Xwailord)
(DROPOFF TA_XPlusle XQwilfish)
(WALK TA_XPlusle XQwilfish XDrampa)
(WALK TA_XPlusle XDrampa XShellos)
(WALK TA_XPlusle XShellos XTsareena)
(WALK TA_XPlusle XTsareena XWoobat)
(HOMESAFE TA_XPlusle Xwoobat)
(DROPOFF TA_XJumpluff XQwilfish)
(WALK TA_XJumpluff XQwilfish XDrampa)
(WALK TA_XJumpluff XDrampa XPhanpy)
(WALK TA_XJumpluff XPhanpy XMagmar)
(WALK TA_XJumpluff XMagmar XVolcarona)
(HOMESAFE TA_XJumpluff Xvolcarona)
(DROPOFF TA_XGengar XQwilfish)
(WALK TA_XGengar XQwilfish XTropius)
(WALK TA_XGengar XTropius XShellos)
(WALK TA_XGengar XShellos XTsareena)
(WALK TA_XGengar XTsareena XShellder)
(HOMESAFE TA_XGengar Xshellder)
(DROPOFF TA_XMetang XQwilfish)
(WALK TA_XMetang XQwilfish XDrampa)
(WALK TA_XMetang XDrampa XGengar)
(WALK TA_XMetang XGengar XTauros)
(WALK TA_XMetang XTauros XSwadloon)
(HOMESAFE TA_XMetang Xswadloon)
(DROPOFF TA_XDrapion XQwilfish)
(WALK TA_XDrapion XQwilfish XTropius)
(WALK TA_XDrapion XTropius XSkorupi)
(WALK TA_XDrapion XSkorupi XMagnemite)
(WALK TA_XDrapion XMagnemite XWeepinbell)
(HOMESAFE TA_XDrapion Xweepinbell)
(DROPOFF TA_XAmoonguss XQwilfish)
(WALK TA_XAmoonguss XQwilfish XDrampa)
(WALK TA_XAmoonguss XDrampa XShellos)
(WALK TA_XAmoonguss XShellos XTsareena)
(WALK TA_XAmoonguss XTsareena XWhismur)
(HOMESAFE TA_XAmoonguss Xwhismur)
(DROPOFF TA_XWoobat XQwilfish)
(WALK TA_XWoobat XQwilfish XDrampa)
(WALK TA_XWoobat XDrampa XGengar)
(WALK TA_XWoobat XGengar XXerneas)
(WALK TA_XWoobat XXerneas XSeaking)
(HOMESAFE TA_XWoobat Xseaking)
(DROPOFF TA_XSandile XQwilfish)
(WALK TA_XSandile XQwilfish XDrampa)
(WALK TA_XSandile XDrampa XShellos)
(WALK TA_XSandile XShellos XTsareena)
(WALK TA_XSandile XTsareena XInkay)
(HOMESAFE TA_XSandile Xinkay)
(DROPOFF TA_XLotad XQwilfish)
(WALK TA_XLotad XQwilfish XTropius)
(WALK TA_XLotad XTropius XSkorupi)
(WALK TA_XLotad XSkorupi XHonedge)
(WALK TA_XLotad XHonedge XKakuna)
(HOMESAFE TA_XLotad Xkakuna)
(DROPOFF TA_XVullaby XQwilfish)
(WALK TA_XVullaby XQwilfish XDrampa)
(WALK TA_XVullaby XDrampa XGengar)
(WALK TA_XVullaby XGengar XTornadus)
(WALK TA_XVullaby XTornadus XNoibat)
(HOMESAFE TA_XVullaby Xnoibat)
(DROPOFF TA_XWeezing XQwilfish)
(WALK TA_XWeezing XQwilfish XTropius)
(WALK TA_XWeezing XTropius XDrapion)
(WALK TA_XWeezing XDrapion XVullaby)
(WALK TA_XWeezing XVullaby XJumpluff)
(HOMESAFE TA_XWeezing Xjumpluff)
(DROPOFF TA_XWailord XQwilfish)
(WALK TA_XWailord XQwilfish XDrampa)
(WALK TA_XWailord XDrampa XShellos)
(WALK TA_XWailord XShellos XVullaby)
(WALK TA_XWailord XVullaby XVolcarona)
(WALK TA_XWailord XVolcarona XSteenee)
(HOMESAFE TA_XWailord Xsteenee)
(DROPOFF TA_XKakuna XQwilfish)
(WALK TA_XKakuna XQwilfish XDrampa)
(WALK TA_XKakuna XDrampa XGengar)
(WALK TA_XKakuna XGengar XBounsweet)
(WALK TA_XKakuna XBounsweet XYungoos)
(WALK TA_XKakuna XYungoos XStufful)
(HOMESAFE TA_XKakuna Xstufful)
(DROPOFF TA_XNincada XQwilfish)
(WALK TA_XNincada XQwilfish XDrampa)
(WALK TA_XNincada XDrampa XGengar)
(WALK TA_XNincada XGengar XXerneas)
(WALK TA_XNincada XXerneas XJumpluff)
(WALK TA_XNincada XJumpluff XPlusle)
(HOMESAFE TA_XNincada Xplusle)
(DROPOFF TA_XShellos XQwilfish)
(WALK TA_XShellos XQwilfish XDrampa)
(WALK TA_XShellos XDrampa XSandile)
(WALK TA_XShellos XSandile XMetapod)
(WALK TA_XShellos XMetapod XInkay)
(WALK TA_XShellos XInkay XVespiquen)
(HOMESAFE TA_XShellos Xvespiquen)
(DROPOFF TA_XSkorupi XQwilfish)
(WALK TA_XSkorupi XQwilfish XDrampa)
(WALK TA_XSkorupi XDrampa XGengar)
(WALK TA_XSkorupi XGengar XXerneas)
(WALK TA_XSkorupi XXerneas XShellder)
(WALK TA_XSkorupi XShellder XBastiodon)
(HOMESAFE TA_XSkorupi Xbastiodon)
(DROPOFF TA_XInkay XQwilfish)
(WALK TA_XInkay XQwilfish XTropius)
(WALK TA_XInkay XTropius XScatterbug)
(WALK TA_XInkay XScatterbug XCrawdaunt)
(WALK TA_XInkay XCrawdaunt XMetang)
(WALK TA_XInkay XMetang XSlurpuff)
(HOMESAFE TA_XInkay Xslurpuff)
(DROPOFF TA_XWhismur XQwilfish)
(WALK TA_XWhismur XQwilfish XTropius)
(WALK TA_XWhismur XTropius XScatterbug)
(WALK TA_XWhismur XScatterbug XCrawdaunt)
(WALK TA_XWhismur XCrawdaunt XWoobat)
(WALK TA_XWhismur XWoobat XEscavalier)
(HOMESAFE TA_XWhismur Xescavalier)
(DROPOFF TA_XEscavalier XQwilfish)
(WALK TA_XEscavalier XQwilfish XTropius)
(WALK TA_XEscavalier XTropius XSkorupi)
(WALK TA_XEscavalier XSkorupi XHonedge)
(WALK TA_XEscavalier XHonedge XSeaking)
(WALK TA_XEscavalier XSeaking XTreecko)
(HOMESAFE TA_XEscavalier Xtreecko)
(DROPOFF TA_XSwadloon XQwilfish)
(WALK TA_XSwadloon XQwilfish XTropius)
(WALK TA_XSwadloon XTropius XScatterbug)
(WALK TA_XSwadloon XScatterbug XCrawdaunt)
(WALK TA_XSwadloon XCrawdaunt XWoobat)
(WALK TA_XSwadloon XWoobat XStufful)
(WALK TA_XSwadloon XStufful XConkeldurr)
(HOMESAFE TA_XSwadloon Xconkeldurr)
