(DROPOFF TA_XRaticate XLatias)
(WALK TA_XRaticate XLatias XWurmple)
(HOMESAFE TA_XRaticate Xwurmple)
(DROPOFF TA_XPalkia XLatias)
(WALK TA_XPalkia XLatias XRaticate)
(HOMESAFE TA_XPalkia Xraticate)
(DROPOFF TA_XGolisopod XLatias)
(WALK TA_XGolisopod XLatias XReshiram)
(HOMESAFE TA_XGolisopod Xreshiram)
(DROPOFF TA_XReshiram XLatias)
(WALK TA_XReshiram XLatias XJigglypuff)
(HOMESAFE TA_XReshiram Xjigglypuff)
(DROPOFF TA_XRelicanth XLatias)
(WALK TA_XRelicanth XLatias XVibrava)
(HOMESAFE TA_XRelicanth Xvibrava)
(DROPOFF TA_XPetilil XLatias)
(WALK TA_XPetilil XLatias XStaryu)
(HOMESAFE TA_XPetilil Xstaryu)
(DROPOFF TA_XKeldeo XLatias)
(WALK TA_XKeldeo XLatias XTalonflame)
(HOMESAFE TA_XKeldeo Xtalonflame)
(DROPOFF TA_XShelgon XLatias)
(WALK TA_XShelgon XLatias XInfernape)
(HOMESAFE TA_XShelgon Xinfernape)
(DROPOFF TA_XLuvdisc XLatias)
(WALK TA_XLuvdisc XLatias XExeggutor)
(HOMESAFE TA_XLuvdisc Xexeggutor)
(DROPOFF TA_XScolipede XLatias)
(WALK TA_XScolipede XLatias XLuvdisc)
(HOMESAFE TA_XScolipede Xluvdisc)
(DROPOFF TA_XNoivern XLatias)
(WALK TA_XNoivern XLatias XGolisopod)
(HOMESAFE TA_XNoivern Xgolisopod)
(DROPOFF TA_XJigglypuff XLatias)
(WALK TA_XJigglypuff XLatias XKeldeo)
(HOMESAFE TA_XJigglypuff Xkeldeo)
(DROPOFF TA_XBounsweet XLatias)
(WALK TA_XBounsweet XLatias XMagearna)
(HOMESAFE TA_XBounsweet Xmagearna)
(DROPOFF TA_XVibrava XLatias)
(WALK TA_XVibrava XLatias XNoivern)
(HOMESAFE TA_XVibrava Xnoivern)
(DROPOFF TA_XDartrix XLatias)
(WALK TA_XDartrix XLatias XBounsweet)
(HOMESAFE TA_XDartrix Xbounsweet)
(DROPOFF TA_XInfernape XLatias)
(WALK TA_XInfernape XLatias XPalkia)
(HOMESAFE TA_XInfernape Xpalkia)
(DROPOFF TA_XWurmple XLatias)
(WALK TA_XWurmple XLatias XPetilil)
(HOMESAFE TA_XWurmple Xpetilil)
(DROPOFF TA_XToxicroak XLatias)
(WALK TA_XToxicroak XLatias XCharmeleon)
(HOMESAFE TA_XToxicroak Xcharmeleon)
(DROPOFF TA_XMagearna XLatias)
(WALK TA_XMagearna XLatias XToxicroak)
(HOMESAFE TA_XMagearna Xtoxicroak)
(DROPOFF TA_XTalonflame XLatias)
(WALK TA_XTalonflame XLatias XShelgon)
(HOMESAFE TA_XTalonflame Xshelgon)
(DROPOFF TA_XStaryu XLatias)
(WALK TA_XStaryu XLatias XElgyem)
(HOMESAFE TA_XStaryu Xelgyem)
(DROPOFF TA_XPrimeape XLatias)
(WALK TA_XPrimeape XLatias XRelicanth)
(HOMESAFE TA_XPrimeape Xrelicanth)
(DROPOFF TA_XExeggutor XLatias)
(WALK TA_XExeggutor XLatias XScolipede)
(HOMESAFE TA_XExeggutor Xscolipede)
(DROPOFF TA_XElgyem XLatias)
(WALK TA_XElgyem XLatias XPrimeape)
(HOMESAFE TA_XElgyem Xprimeape)
(DROPOFF TA_XCharmeleon XLatias)
(WALK TA_XCharmeleon XLatias XDartrix)
(HOMESAFE TA_XCharmeleon Xdartrix)
