(DROPOFF TA_XQwilfish XQwilfish)
(HOMESAFE TA_XQwilfish Xqwilfish)
(DROPOFF TA_XMagnemite XQwilfish)
(WALK TA_XMagnemite XQwilfish XTropius)
(HOMESAFE TA_XMagnemite Xtropius)
(DROPOFF TA_XPolitoed XQwilfish)
(WALK TA_XPolitoed XQwilfish XDrampa)
(HOMESAFE TA_XPolitoed Xdrampa)
(DROPOFF TA_XConkeldurr XQwilfish)
(WALK TA_XConkeldurr XQwilfish XTropius)
(WALK TA_XConkeldurr XTropius XShellos)
(HOMESAFE TA_XConkeldurr Xshellos)
(DROPOFF TA_XTornadus XQwilfish)
(WALK TA_XTornadus XQwilfish XDrampa)
(WALK TA_XTornadus XDrampa XGengar)
(HOMESAFE TA_XTornadus Xgengar)
(DROPOFF TA_XYungoos XQwilfish)
(WALK TA_XYungoos XQwilfish XTropius)
(WALK TA_XYungoos XTropius XDrapion)
(HOMESAFE TA_XYungoos Xdrapion)
(DROPOFF TA_XJumpluff XQwilfish)
(WALK TA_XJumpluff XQwilfish XTropius)
(WALK TA_XJumpluff XTropius XSkorupi)
(HOMESAFE TA_XJumpluff Xskorupi)
(DROPOFF TA_XTaillow XQwilfish)
(WALK TA_XTaillow XQwilfish XTropius)
(WALK TA_XTaillow XTropius XScatterbug)
(HOMESAFE TA_XTaillow Xscatterbug)
(DROPOFF TA_XMeloetta XQwilfish)
(WALK TA_XMeloetta XQwilfish XTropius)
(WALK TA_XMeloetta XTropius XSlowbro)
(HOMESAFE TA_XMeloetta Xslowbro)
(DROPOFF TA_XDrapion XQwilfish)
(WALK TA_XDrapion XQwilfish XDrampa)
(WALK TA_XDrapion XDrampa XFroakie)
(HOMESAFE TA_XDrapion Xfroakie)
(DROPOFF TA_XDrampa XQwilfish)
(WALK TA_XDrampa XQwilfish XDrampa)
(WALK TA_XDrampa XDrampa XSandile)
(HOMESAFE TA_XDrampa Xsandile)
(DROPOFF TA_XInkay XQwilfish)
(WALK TA_XInkay XQwilfish XDrampa)
(WALK TA_XInkay XDrampa XPhanpy)
(HOMESAFE TA_XInkay Xphanpy)
(DROPOFF TA_XMagmar XQwilfish)
(WALK TA_XMagmar XQwilfish XDrampa)
(WALK TA_XMagmar XDrampa XSandile)
(WALK TA_XMagmar XSandile XMeloetta)
(HOMESAFE TA_XMagmar Xmeloetta)
(DROPOFF TA_XBastiodon XQwilfish)
(WALK TA_XBastiodon XQwilfish XTropius)
(WALK TA_XBastiodon XTropius XScatterbug)
(WALK TA_XBastiodon XScatterbug XTerrakion)
(HOMESAFE TA_XBastiodon Xterrakion)
(DROPOFF TA_XVespiquen XQwilfish)
(WALK TA_XVespiquen XQwilfish XTropius)
(WALK TA_XVespiquen XTropius XSlowbro)
(WALK TA_XVespiquen XSlowbro XNincada)
(HOMESAFE TA_XVespiquen Xnincada)
(DROPOFF TA_XPorygon2 XQwilfish)
(WALK TA_XPorygon2 XQwilfish XTropius)
(WALK TA_XPorygon2 XTropius XSkorupi)
(WALK TA_XPorygon2 XSkorupi XSkiddo)
(HOMESAFE TA_XPorygon2 Xskiddo)
(DROPOFF TA_XWeezing XQwilfish)
(WALK TA_XWeezing XQwilfish XDrampa)
(WALK TA_XWeezing XDrampa XGengar)
(WALK TA_XWeezing XGengar XTornadus)
(HOMESAFE TA_XWeezing Xtornadus)
(DROPOFF TA_XWartortle XQwilfish)
(WALK TA_XWartortle XQwilfish XTropius)
(WALK TA_XWartortle XTropius XSkorupi)
(WALK TA_XWartortle XSkorupi XMagnemite)
(HOMESAFE TA_XWartortle Xmagnemite)
(DROPOFF TA_XSwadloon XQwilfish)
(WALK TA_XSwadloon XQwilfish XTropius)
(WALK TA_XSwadloon XTropius XDrapion)
(WALK TA_XSwadloon XDrapion XTaillow)
(HOMESAFE TA_XSwadloon Xtaillow)
(DROPOFF TA_XVolcarona XQwilfish)
(WALK TA_XVolcarona XQwilfish XTropius)
(WALK TA_XVolcarona XTropius XScatterbug)
(WALK TA_XVolcarona XScatterbug XDewpider)
(HOMESAFE TA_XVolcarona Xdewpider)
(DROPOFF TA_XCrawdaunt XQwilfish)
(WALK TA_XCrawdaunt XQwilfish XTropius)
(WALK TA_XCrawdaunt XTropius XDrapion)
(WALK TA_XCrawdaunt XDrapion XVullaby)
(HOMESAFE TA_XCrawdaunt Xvullaby)
(DROPOFF TA_XEscavalier XQwilfish)
(WALK TA_XEscavalier XQwilfish XTropius)
(WALK TA_XEscavalier XTropius XSkorupi)
(WALK TA_XEscavalier XSkorupi XMunna)
(HOMESAFE TA_XEscavalier Xmunna)
(DROPOFF TA_XNincada XQwilfish)
(WALK TA_XNincada XQwilfish XDrampa)
(WALK TA_XNincada XDrampa XSandile)
(WALK TA_XNincada XSandile XSimisear)
(HOMESAFE TA_XNincada Xsimisear)
(DROPOFF TA_XDewpider XQwilfish)
(WALK TA_XDewpider XQwilfish XDrampa)
(WALK TA_XDewpider XDrampa XGengar)
(WALK TA_XDewpider XGengar XTauros)
(HOMESAFE TA_XDewpider Xtauros)
(DROPOFF TA_XWoobat XQwilfish)
(WALK TA_XWoobat XQwilfish XTropius)
(WALK TA_XWoobat XTropius XSkorupi)
(WALK TA_XWoobat XSkorupi XHonedge)
(HOMESAFE TA_XWoobat Xhonedge)
(DROPOFF TA_XShellder XQwilfish)
(WALK TA_XShellder XQwilfish XDrampa)
(WALK TA_XShellder XDrampa XPhanpy)
(WALK TA_XShellder XPhanpy XMagmar)
(HOMESAFE TA_XShellder Xmagmar)
(DROPOFF TA_XNoibat XQwilfish)
(WALK TA_XNoibat XQwilfish XDrampa)
(WALK TA_XNoibat XDrampa XSandile)
(WALK TA_XNoibat XSandile XMetapod)
(HOMESAFE TA_XNoibat Xmetapod)
(DROPOFF TA_XWailord XQwilfish)
(WALK TA_XWailord XQwilfish XDrampa)
(WALK TA_XWailord XDrampa XGengar)
(WALK TA_XWailord XGengar XBounsweet)
(HOMESAFE TA_XWailord Xbounsweet)
(DROPOFF TA_XXerneas XQwilfish)
(WALK TA_XXerneas XQwilfish XDrampa)
(WALK TA_XXerneas XDrampa XGengar)
(WALK TA_XXerneas XGengar XXerneas)
(HOMESAFE TA_XXerneas Xxerneas)
(DROPOFF TA_XMunna XQwilfish)
(WALK TA_XMunna XQwilfish XTropius)
(WALK TA_XMunna XTropius XScatterbug)
(WALK TA_XMunna XScatterbug XCrawdaunt)
(HOMESAFE TA_XMunna Xcrawdaunt)
(DROPOFF TA_XScatterbug XQwilfish)
(WALK TA_XScatterbug XQwilfish XDrampa)
(WALK TA_XScatterbug XDrampa XGengar)
(WALK TA_XScatterbug XGengar XLotad)
(HOMESAFE TA_XScatterbug Xlotad)
(DROPOFF TA_XTerrakion XQwilfish)
(WALK TA_XTerrakion XQwilfish XTropius)
(WALK TA_XTerrakion XTropius XShellos)
(WALK TA_XTerrakion XShellos XTsareena)
(HOMESAFE TA_XTerrakion Xtsareena)
(DROPOFF TA_XGengar XQwilfish)
(WALK TA_XGengar XQwilfish XTropius)
(WALK TA_XGengar XTropius XScatterbug)
(WALK TA_XGengar XScatterbug XTsareena)
(WALK TA_XGengar XTsareena XShellder)
(HOMESAFE TA_XGengar Xshellder)
(DROPOFF TA_XPlusle XQwilfish)
(WALK TA_XPlusle XQwilfish XTropius)
(WALK TA_XPlusle XTropius XSlowbro)
(WALK TA_XPlusle XSlowbro XNincada)
(WALK TA_XPlusle XNincada XSeaking)
(HOMESAFE TA_XPlusle Xseaking)
(DROPOFF TA_XBounsweet XQwilfish)
(WALK TA_XBounsweet XQwilfish XDrampa)
(WALK TA_XBounsweet XDrampa XPhanpy)
(WALK TA_XBounsweet XPhanpy XMagmar)
(WALK TA_XBounsweet XMagmar XVolcarona)
(HOMESAFE TA_XBounsweet Xvolcarona)
(DROPOFF TA_XTsareena XQwilfish)
(WALK TA_XTsareena XQwilfish XTropius)
(WALK TA_XTsareena XTropius XSkorupi)
(WALK TA_XTsareena XSkorupi XHonedge)
(WALK TA_XTsareena XHonedge XWeepinbell)
(HOMESAFE TA_XTsareena Xweepinbell)
(DROPOFF TA_XMetang XQwilfish)
(WALK TA_XMetang XQwilfish XTropius)
(WALK TA_XMetang XTropius XScatterbug)
(WALK TA_XMetang XScatterbug XCrawdaunt)
(WALK TA_XMetang XCrawdaunt XWoobat)
(HOMESAFE TA_XMetang Xwoobat)
(DROPOFF TA_XZekrom XQwilfish)
(WALK TA_XZekrom XQwilfish XDrampa)
(WALK TA_XZekrom XDrampa XFroakie)
(WALK TA_XZekrom XFroakie XBounsweet)
(WALK TA_XZekrom XBounsweet XYungoos)
(HOMESAFE TA_XZekrom Xyungoos)
(DROPOFF TA_XKakuna XQwilfish)
(WALK TA_XKakuna XQwilfish XDrampa)
(WALK TA_XKakuna XDrampa XShellos)
(WALK TA_XKakuna XShellos XMagmar)
(WALK TA_XKakuna XMagmar XNoibat)
(HOMESAFE TA_XKakuna Xnoibat)
(DROPOFF TA_XSeaking XQwilfish)
(WALK TA_XSeaking XQwilfish XDrampa)
(WALK TA_XSeaking XDrampa XGengar)
(WALK TA_XSeaking XGengar XTauros)
(WALK TA_XSeaking XTauros XWailord)
(HOMESAFE TA_XSeaking Xwailord)
(DROPOFF TA_XSkorupi XQwilfish)
(WALK TA_XSkorupi XQwilfish XDrampa)
(WALK TA_XSkorupi XDrampa XShellos)
(WALK TA_XSkorupi XShellos XVullaby)
(WALK TA_XSkorupi XVullaby XJumpluff)
(HOMESAFE TA_XSkorupi Xjumpluff)
(DROPOFF TA_XParas XQwilfish)
(WALK TA_XParas XQwilfish XTropius)
(WALK TA_XParas XTropius XScatterbug)
(WALK TA_XParas XScatterbug XMeloetta)
(WALK TA_XParas XMeloetta XPorygon2)
(HOMESAFE TA_XParas Xporygon2)
(DROPOFF TA_XWeepinbell XQwilfish)
(WALK TA_XWeepinbell XQwilfish XDrampa)
(WALK TA_XWeepinbell XDrampa XGengar)
(WALK TA_XWeepinbell XGengar XTauros)
(WALK TA_XWeepinbell XTauros XSwadloon)
(HOMESAFE TA_XWeepinbell Xswadloon)
(DROPOFF TA_XLotad XQwilfish)
(WALK TA_XLotad XQwilfish XDrampa)
(WALK TA_XLotad XDrampa XGengar)
(WALK TA_XLotad XGengar XTornadus)
(WALK TA_XLotad XTornadus XKakuna)
(HOMESAFE TA_XLotad Xkakuna)
(DROPOFF TA_XMetapod XQwilfish)
(WALK TA_XMetapod XQwilfish XDrampa)
(WALK TA_XMetapod XDrampa XFroakie)
(WALK TA_XMetapod XFroakie XBounsweet)
(WALK TA_XMetapod XBounsweet XWhismur)
(HOMESAFE TA_XMetapod Xwhismur)
(DROPOFF TA_XSteenee XQwilfish)
(WALK TA_XSteenee XQwilfish XTropius)
(WALK TA_XSteenee XTropius XShellos)
(WALK TA_XSteenee XShellos XTsareena)
(WALK TA_XSteenee XTsareena XParas)
(HOMESAFE TA_XSteenee Xparas)
(DROPOFF TA_XTropius XQwilfish)
(WALK TA_XTropius XQwilfish XDrampa)
(WALK TA_XTropius XDrampa XPhanpy)
(WALK TA_XTropius XPhanpy XLotad)
(WALK TA_XTropius XLotad XAmoonguss)
(HOMESAFE TA_XTropius Xamoonguss)
(DROPOFF TA_XSlowbro XQwilfish)
(WALK TA_XSlowbro XQwilfish XTropius)
(WALK TA_XSlowbro XTropius XSkorupi)
(WALK TA_XSlowbro XSkorupi XMagnemite)
(WALK TA_XSlowbro XMagnemite XComfey)
(HOMESAFE TA_XSlowbro Xcomfey)
(DROPOFF TA_XPhanpy XQwilfish)
(WALK TA_XPhanpy XQwilfish XTropius)
(WALK TA_XPhanpy XTropius XScatterbug)
(WALK TA_XPhanpy XScatterbug XCrawdaunt)
(WALK TA_XPhanpy XCrawdaunt XMetang)
(HOMESAFE TA_XPhanpy Xmetang)
(DROPOFF TA_XSkiddo XQwilfish)
(WALK TA_XSkiddo XQwilfish XDrampa)
(WALK TA_XSkiddo XDrampa XShellos)
(WALK TA_XSkiddo XShellos XMagmar)
(WALK TA_XSkiddo XMagmar XInkay)
(HOMESAFE TA_XSkiddo Xinkay)
(DROPOFF TA_XSimisear XQwilfish)
(WALK TA_XSimisear XQwilfish XTropius)
(WALK TA_XSimisear XTropius XScatterbug)
(WALK TA_XSimisear XScatterbug XTerrakion)
(WALK TA_XSimisear XTerrakion XPolitoed)
(HOMESAFE TA_XSimisear Xpolitoed)
(DROPOFF TA_XStufful XQwilfish)
(WALK TA_XStufful XQwilfish XDrampa)
(WALK TA_XStufful XDrampa XPhanpy)
(WALK TA_XStufful XPhanpy XMagmar)
(WALK TA_XStufful XMagmar XWartortle)
(HOMESAFE TA_XStufful Xwartortle)
(DROPOFF TA_XSlurpuff XQwilfish)
(WALK TA_XSlurpuff XQwilfish XDrampa)
(WALK TA_XSlurpuff XDrampa XGengar)
(WALK TA_XSlurpuff XGengar XMetapod)
(WALK TA_XSlurpuff XMetapod XWeezing)
(HOMESAFE TA_XSlurpuff Xweezing)
(DROPOFF TA_XAmoonguss XQwilfish)
(WALK TA_XAmoonguss XQwilfish XDrampa)
(WALK TA_XAmoonguss XDrampa XShellos)
(WALK TA_XAmoonguss XShellos XVullaby)
(WALK TA_XAmoonguss XVullaby XVolcarona)
(WALK TA_XAmoonguss XVolcarona XSteenee)
(HOMESAFE TA_XAmoonguss Xsteenee)
(DROPOFF TA_XHonedge XQwilfish)
(WALK TA_XHonedge XQwilfish XTropius)
(WALK TA_XHonedge XTropius XScatterbug)
(WALK TA_XHonedge XScatterbug XTsareena)
(WALK TA_XHonedge XTsareena XWoobat)
(WALK TA_XHonedge XWoobat XEscavalier)
(HOMESAFE TA_XHonedge Xescavalier)
(DROPOFF TA_XTreecko XQwilfish)
(WALK TA_XTreecko XQwilfish XDrampa)
(WALK TA_XTreecko XDrampa XFroakie)
(WALK TA_XTreecko XFroakie XMagnemite)
(WALK TA_XTreecko XMagnemite XComfey)
(WALK TA_XTreecko XComfey XLumineon)
(HOMESAFE TA_XTreecko Xlumineon)
(DROPOFF TA_XFroakie XQwilfish)
(WALK TA_XFroakie XQwilfish XDrampa)
(WALK TA_XFroakie XDrampa XShellos)
(WALK TA_XFroakie XShellos XXerneas)
(WALK TA_XFroakie XXerneas XJumpluff)
(WALK TA_XFroakie XJumpluff XPlusle)
(HOMESAFE TA_XFroakie Xplusle)
(DROPOFF TA_XWhismur XQwilfish)
(WALK TA_XWhismur XQwilfish XDrampa)
(WALK TA_XWhismur XDrampa XGengar)
(WALK TA_XWhismur XGengar XTornadus)
(WALK TA_XWhismur XTornadus XKakuna)
(WALK TA_XWhismur XKakuna XTreecko)
(HOMESAFE TA_XWhismur Xtreecko)
(DROPOFF TA_XTauros XQwilfish)
(WALK TA_XTauros XQwilfish XTropius)
(WALK TA_XTauros XTropius XScatterbug)
(WALK TA_XTauros XScatterbug XTaillow)
(WALK TA_XTauros XTaillow XParas)
(WALK TA_XTauros XParas XZekrom)
(HOMESAFE TA_XTauros Xzekrom)
(DROPOFF TA_XShellos XQwilfish)
(WALK TA_XShellos XQwilfish XTropius)
(WALK TA_XShellos XTropius XScatterbug)
(WALK TA_XShellos XScatterbug XCrawdaunt)
(WALK TA_XShellos XCrawdaunt XWoobat)
(WALK TA_XShellos XWoobat XStufful)
(HOMESAFE TA_XShellos Xstufful)
(DROPOFF TA_XLumineon XQwilfish)
(WALK TA_XLumineon XQwilfish XDrampa)
(WALK TA_XLumineon XDrampa XShellos)
(WALK TA_XLumineon XShellos XMagmar)
(WALK TA_XLumineon XMagmar XInkay)
(WALK TA_XLumineon XInkay XVespiquen)
(HOMESAFE TA_XLumineon Xvespiquen)
(DROPOFF TA_XComfey XQwilfish)
(WALK TA_XComfey XQwilfish XDrampa)
(WALK TA_XComfey XDrampa XGengar)
(WALK TA_XComfey XGengar XMetapod)
(WALK TA_XComfey XMetapod XInkay)
(WALK TA_XComfey XInkay XSlurpuff)
(HOMESAFE TA_XComfey Xslurpuff)
(DROPOFF TA_XSandile XQwilfish)
(WALK TA_XSandile XQwilfish XDrampa)
(WALK TA_XSandile XDrampa XShellos)
(WALK TA_XSandile XShellos XTsareena)
(WALK TA_XSandile XTsareena XShellder)
(WALK TA_XSandile XShellder XBastiodon)
(HOMESAFE TA_XSandile Xbastiodon)
(DROPOFF TA_XVullaby XQwilfish)
(WALK TA_XVullaby XQwilfish XDrampa)
(WALK TA_XVullaby XDrampa XGengar)
(WALK TA_XVullaby XGengar XXerneas)
(WALK TA_XVullaby XXerneas XWartortle)
(WALK TA_XVullaby XWartortle XZekrom)
(WALK TA_XVullaby XZekrom XConkeldurr)
(HOMESAFE TA_XVullaby Xconkeldurr)
