(DRIVE XBurlington XHonolulu)
(DROPOFF TA_XGreenville XHonolulu)
(DRIVE XHonolulu XBurlington)
(WALK TA_XGreenville XHonolulu XNaperville)
(WALK TA_XGreenville XNaperville XRapids)
(WALK TA_XGreenville XRapids XDenver)
(HOMESAFE TA_XGreenville Xdenver)
(DRIVE XBurlington XIndependence)
(DROPOFF TA_XBuffalo XIndependence)
(DRIVE XIndependence XBurlington)
(WALK TA_XBuffalo XIndependence XChicago)
(HOMESAFE TA_XBuffalo Xchicago)
(DRIVE XBurlington XHonolulu)
(DROPOFF TA_XDenver XHonolulu)
(DRIVE XHonolulu XBurlington)
(WALK TA_XDenver XHonolulu XDavenport)
(HOMESAFE TA_XDenver Xdavenport)
(DRIVE XBurlington XIndependence)
(DROPOFF TA_XNaperville XIndependence)
(DRIVE XIndependence XBurlington)
(WALK TA_XNaperville XIndependence XHayward)
(HOMESAFE TA_XNaperville Xhayward)
(DRIVE XBurlington XIndependence)
(DROPOFF TA_XAmarillo XIndependence)
(DRIVE XIndependence XBurlington)
(HOMESAFE TA_XAmarillo Xindependence)
(DRIVE XBurlington XClarke)
(DROPOFF TA_XMyrtle XClarke)
(DRIVE XClarke XBurlington)
(HOMESAFE TA_XMyrtle Xclarke)
(DRIVE XBurlington XKilleen)
(DROPOFF TA_XChicago XKilleen)
(DRIVE XKilleen XBurlington)
(WALK TA_XChicago XKilleen XMerced)
(WALK TA_XChicago XMerced XChattanooga)
(HOMESAFE TA_XChicago Xchattanooga)
(DRIVE XBurlington XKilleen)
(DROPOFF TA_XMerced XKilleen)
(DRIVE XKilleen XBurlington)
(HOMESAFE TA_XMerced Xkilleen)
(DRIVE XBurlington XAmarillo)
(DROPOFF TA_XColumbus XAmarillo)
(DRIVE XAmarillo XBurlington)
(WALK TA_XColumbus XAmarillo XRapids)
(WALK TA_XColumbus XRapids XCedar)
(HOMESAFE TA_XColumbus Xcedar)
(DRIVE XBurlington XAmarillo)
(DROPOFF TA_XHonolulu XAmarillo)
(DRIVE XAmarillo XBurlington)
(WALK TA_XHonolulu XAmarillo XMerced)
(WALK TA_XHonolulu XMerced XBridgeport)
(HOMESAFE TA_XHonolulu Xbridgeport)
(DRIVE XBurlington XAmarillo)
(DROPOFF TA_XDavenport XAmarillo)
(DRIVE XAmarillo XBurlington)
(HOMESAFE TA_XDavenport Xamarillo)
(DRIVE XBurlington XHonolulu)
(DROPOFF TA_XMcAllen XHonolulu)
(DRIVE XHonolulu XBurlington)
(HOMESAFE TA_XMcallen Xhonolulu)
(DRIVE XBurlington XLouisville)
(DROPOFF TA_XKilleen XLouisville)
(DRIVE XLouisville XBurlington)
(HOMESAFE TA_XKilleen Xlouisville)
(DRIVE XBurlington XCambridge)
(DROPOFF TA_XPrairie XCambridge)
(DRIVE XCambridge XMerced)
(DROPOFF TA_XBridgeport XMerced)
(DRIVE XMerced XHampton)
(HOMESAFE TA_XPrairie Xcambridge)
(HOMESAFE TA_XBridgeport Xmerced)
(DROPOFF TA_XChattanooga XHampton)
(DRIVE XHampton XColumbus)
(DROPOFF TA_XRapids XColumbus)
(HOMESAFE TA_XRapids Xcolumbus)
(DRIVE XColumbus XMiramar)
(DROPOFF TA_XHayward XMiramar)
(HOMESAFE TA_XHayward Xmiramar)
(DRIVE XMiramar XRapids)
(DROPOFF TA_XClarke XRapids)
(DRIVE XRapids XNaperville)
(DROPOFF TA_XMiramar XNaperville)
(HOMESAFE TA_XMiramar Xnaperville)
(DRIVE XNaperville XMyrtle)
(DROPOFF TA_XCedar XMyrtle)
(HOMESAFE TA_XCedar Xmyrtle)
(HOMESAFE TA_XClarke Xrapids)
(HOMESAFE TA_XChattanooga Xhampton)
(DRIVE XMyrtle XGreenville)
(DROPOFF TA_XCambridge XGreenville)
(HOMESAFE TA_XCambridge Xgreenville)
(DRIVE XGreenville XPrairie)
(DROPOFF TA_XLouisville XPrairie)
(HOMESAFE TA_XLouisville Xprairie)
(DRIVE XPrairie XJulian)
(DRIVE XJulian XMcAllen)
(DROPOFF TA_XIndependence XMcAllen)
(HOMESAFE TA_XIndependence XmcAllen)
(DRIVE XMcAllen XCosta)
(DRIVE XCosta XBuffalo)
(DROPOFF TA_XHampton XBuffalo)
(HOMESAFE TA_XHampton Xbuffalo)
(DRIVE XBuffalo XCambridge)
(DRIVE XCambridge XBurlington)
