(DRIVE XAF XBW)
(DRIVE XBW XBG)
(DROPOFF TA_XAY XBG)
(HOMESAFE TA_XAY XBG)
(DRIVE XBG XAX)
(DROPOFF TA_XBO XAX)
(HOMESAFE TA_XBO XAX)
(DRIVE XAX XBV)
(DRIVE XBV XBH)
(DROPOFF TA_XBF XBH)
(DRIVE XBH XBU)
(DROPOFF TA_XBM XBU)
(HOMESAFE TA_XBM XBU)
(DRIVE XBU XAB)
(DROPOFF TA_XBU XAB)
(HOMESAFE TA_XBU XAB)
(HOMESAFE TA_XBF XBH)
(DRIVE XAB XBA)
(DROPOFF TA_XAV XBA)
(HOMESAFE TA_XAV XBA)
(DRIVE XBA XBV)
(DRIVE XBV XAY)
(DROPOFF TA_XAX XAY)
(HOMESAFE TA_XAX XAY)
(DRIVE XAY XBF)
(DROPOFF TA_XAQ XBF)
(HOMESAFE TA_XAQ XBF)
(DRIVE XBF XAW)
(DRIVE XAW XBT)
(DROPOFF TA_XAE XBT)
(HOMESAFE TA_XAE XBT)
(DRIVE XBT XAJ)
(DROPOFF TA_XAM XAJ)
(DRIVE XAJ XAF)
(DRIVE XAF XAE)
(DROPOFF TA_XAZ XAE)
(HOMESAFE TA_XAZ XAE)
(DRIVE XAE XAF)
(WALK TA_XAM XAJ XAK)
(HOMESAFE TA_XAM XAK)
(DRIVE XAF XAQ)
(DROPOFF TA_XBG XAQ)
(HOMESAFE TA_XBG XAQ)
(DRIVE XAQ XAF)
(DRIVE XAF XBM)
(DROPOFF TA_XBL XBM)
(DRIVE XBM XAF)
(WALK TA_XBL XBM XBQ)
(HOMESAFE TA_XBL XBQ)
(DRIVE XAF XBM)
(DROPOFF TA_XBC XBM)
(DRIVE XBM XAF)
(WALK TA_XBC XBM XBO)
(HOMESAFE TA_XBC XBO)
(DRIVE XAF XBL)
(DROPOFF TA_XBH XBL)
(HOMESAFE TA_XBH XBL)
(DRIVE XBL XAF)
(DRIVE XAF XAG)
(DRIVE XAG XAM)
(DROPOFF TA_XAB XAM)
(HOMESAFE TA_XAB XAM)
(DRIVE XAM XAG)
(DRIVE XAG XAF)
(DRIVE XAF XBN)
(DROPOFF TA_XAH XBN)
(DRIVE XBN XAF)
(DRIVE XAF XBD)
(DROPOFF TA_XBN XBD)
(DRIVE XBD XAF)
(HOMESAFE TA_XAH XBN)
(DRIVE XAF XAV)
(DROPOFF TA_XAJ XAV)
(DRIVE XAV XAF)
(WALK TA_XBN XBD XBC)
(DRIVE XAF XBD)
(DROPOFF TA_XAK XBD)
(HOMESAFE TA_XBN XBC)
(DRIVE XBD XAF)
(HOMESAFE TA_XAJ XAV)
(DRIVE XAF XBM)
(DROPOFF TA_XBT XBM)
(HOMESAFE TA_XBT XBM)
(DRIVE XBM XAZ)
(DROPOFF TA_XBD XAZ)
(HOMESAFE TA_XBD XAZ)
(DRIVE XAZ XAJ)
(HOMESAFE TA_XAK XBD)
(DROPOFF TA_XAL XAJ)
(DRIVE XAJ XAL)
(DROPOFF TA_XBA XAL)
(HOMESAFE TA_XBA XAL)
(DRIVE XAL XAH)
(HOMESAFE TA_XAL XAJ)
(DROPOFF TA_XBQ XAH)
(DRIVE XAH XAF)
(HOMESAFE TA_XBQ XAH)
