(DRIVE XSoda XJacobs)
(DROPOFF TA_XWursterHall XJacobs)
(HOMESAFE TA_XWursterhall Xjacobs)
(DRIVE XJacobs XHaasPavilion)
(DRIVE XHaasPavilion XGreekTheatre)
(DRIVE XGreekTheatre XEshlemanHall)
(DRIVE XEshlemanHall XLeConteHall)
(DROPOFF TA_XUnit1 XLeConteHall)
(DRIVE XLeConteHall XEshlemanHall)
(DRIVE XEshlemanHall XSoda)
(DRIVE XSoda XRSF)
(DRIVE XRSF XMorganHall)
(DROPOFF TA_XSutardjaDaiHall XMorganHall)
(DRIVE XMorganHall XRSF)
(DRIVE XRSF XSatherRd)
(DROPOFF TA_XSproulPlaza XSatherRd)
(HOMESAFE TA_XSproulplaza XsatherRd)
(DRIVE XSatherRd XSatherTower)
(WALK TA_XSutardjaDaiHall XMorganHall XMorrisonHall)
(HOMESAFE TA_XSutardjadaihall XmorrisonHall)
(DRIVE XSatherTower XRSF)
(DRIVE XRSF XMorganHall)
(DROPOFF TA_XSatherRd XMorganHall)
(HOMESAFE TA_XSatherrd XmorganHall)
(DRIVE XMorganHall XRSF)
(DRIVE XRSF XSatherTower)
(DRIVE XSatherTower XSatherGate)
(DRIVE XSatherGate XNorthField)
(DRIVE XNorthField XMulfordHall)
(DROPOFF TA_XMulfordHall XMulfordHall)
(HOMESAFE TA_XMulfordhall XmulfordHall)
(DRIVE XMulfordHall XNorthField)
(DRIVE XNorthField XSatherGate)
(DRIVE XSatherGate XSatherTower)
(DRIVE XSatherTower XSoda)
(DRIVE XSoda XSeniorHall)
(DRIVE XSeniorHall XTangCenter)
(DRIVE XTangCenter XSproulPlaza)
(DROPOFF TA_XMorganHall XSproulPlaza)
(HOMESAFE TA_XMorganhall XsproulPlaza)
(DRIVE XSproulPlaza XTangCenter)
(WALK TA_XUnit1 XLeConteHall XEyeCenter)
(DRIVE XTangCenter XSutardjaDaiHall)
(DROPOFF TA_XMorrisonHall XSutardjaDaiHall)
(HOMESAFE TA_XMorrisonhall XsutardjaDaiHall)
(DRIVE XSutardjaDaiHall XUnit1)
(DROPOFF TA_XLawrence XUnit1)
(HOMESAFE TA_XLawrence Xunit1)
(DRIVE XUnit1 XSutardjaDaiHall)
(DRIVE XSutardjaDaiHall XTangCenter)
(DRIVE XTangCenter XWursterHall)
(DROPOFF TA_XMLK XWursterHall)
(HOMESAFE TA_XMLK XWursterHall)
(DRIVE XWursterHall XSeniorHall)
(DRIVE XSeniorHall XSoda)
(DRIVE XSoda XCampanile)
(DROPOFF TA_XMemorialGlade XCampanile)
(HOMESAFE TA_XMemorialglade Xcampanile)
(DRIVE XCampanile XBarrowLane)
(DRIVE XBarrowLane XBarkerHall)
(DROPOFF TA_XLeConteHall XBarkerHall)
(DRIVE XBarkerHall XBarrowLane)
(HOMESAFE TA_XLecontehall XbarkerHall)
(DRIVE XBarrowLane XDwinelle)
(DROPOFF TA_XJacobs XDwinelle)
(DRIVE XDwinelle XBarrowLane)
(DRIVE XBarrowLane XAlumniHouse)
(HOMESAFE TA_XJacobs Xdwinelle)
(DRIVE XAlumniHouse XBarrowsHall)
(DRIVE XBarrowsHall XCampbellHall)
(DRIVE XCampbellHall XCareerCenter)
(DROPOFF TA_XEyeCenter XCareerCenter)
(DRIVE XCareerCenter XCampbellHall)
(DRIVE XCampbellHall XBarrowsHall)
(DRIVE XBarrowsHall XAlumniHouse)
(DRIVE XAlumniHouse XSoda)
(HOMESAFE TA_XEyecenter XcareerCenter)
(WALK TA_XUnit1 XEyeCenter XLeConteHall)
(WALK TA_XUnit1 XLeConteHall XMemorialGlade)
(HOMESAFE TA_XUnit1 XmemorialGlade)
(DRIVE XSoda XEshlemanHall)
(DRIVE XEshlemanHall XLeConteHall)
(DROPOFF TA_XDwinelle XLeConteHall)
(DRIVE XLeConteHall XMLK)
(WALK TA_XDwinelle XLeConteHall XEyeCenter)
(HOMESAFE TA_XDwinelle XeyeCenter)
(DROPOFF TA_XBarkerHall XMLK)
(HOMESAFE TA_XBarkerhall XmLK)
(DRIVE XMLK XLawrence)
(DROPOFF TA_XCareerCenter XLawrence)
(DRIVE XLawrence XMLK)
(HOMESAFE TA_XCareercenter Xlawrence)
(DRIVE XMLK XLeConteHall)
(DROPOFF TA_XCampanile XLeConteHall)
(HOMESAFE TA_XCampanile XleConteHall)
(DRIVE XLeConteHall XEshlemanHall)
(DRIVE XEshlemanHall XSoda)
