(DROPOFF TA_XSoutheastAsianStudie XLegendsAquaticCenter)
(HOMESAFE TA_XSoutheastasianstudie XlegendsAquaticCenter)
(DRIVE XLegendsAquaticCenter XDurantHall)
(DROPOFF TA_XEllsworthParkingStru XDurantHall)
(DRIVE XDurantHall XLegendsAquaticCenter)
(HOMESAFE TA_XEllsworthparkingstru XdurantHall)
(DRIVE XLegendsAquaticCenter XGolbousPlace)
(DROPOFF TA_XDurantHall XGolbousPlace)
(DRIVE XGolbousPlace XLegendsAquaticCenter)
(HOMESAFE TA_XDuranthall XgolbousPlace)
(DRIVE XLegendsAquaticCenter XValleyLifeSciencesBu)
(DROPOFF TA_XLawSchool XValleyLifeSciencesBu)
(DRIVE XValleyLifeSciencesBu XLegendsAquaticCenter)
(HOMESAFE TA_XLawschool XvalleyLifeSciencesBu)
(DRIVE XLegendsAquaticCenter XMemorialGlade)
(DROPOFF TA_XCITRIS XMemorialGlade)
(DRIVE XMemorialGlade XLegendsAquaticCenter)
(HOMESAFE TA_XCITRIS XMemorialGlade)
(DRIVE XLegendsAquaticCenter XEucalyptusGrove)
(DROPOFF TA_XNorthField XEucalyptusGrove)
(DRIVE XEucalyptusGrove XLewisHall)
(DROPOFF TA_XInvestigativeReporti XLewisHall)
(DRIVE XLewisHall XCITRIS)
(DROPOFF TA_XLevineFrickeSoftball XCITRIS)
(DRIVE XCITRIS XSodaHall)
(DROPOFF TA_XLegendsAquaticCenter XSodaHall)
(DRIVE XSodaHall XLeConteHall)
(DROPOFF TA_XGolbousPlace XLeConteHall)
(DRIVE XLeConteHall XLawSchool)
(DROPOFF TA_XLeConteHall XLawSchool)
(DRIVE XLawSchool XEllsworthParkingStru)
(DROPOFF TA_XSodaHall XEllsworthParkingStru)
(DRIVE XEllsworthParkingStru XStarrEastAsianLibrar)
(DROPOFF TA_XValleyLifeSciencesBu XStarrEastAsianLibrar)
(DRIVE XStarrEastAsianLibrar XLevineFrickeSoftball)
(DROPOFF TA_XNorthGateHall XLevineFrickeSoftball)
(DRIVE XLevineFrickeSoftball XGoldmanField)
(DROPOFF TA_XLewisHall XGoldmanField)
(DRIVE XGoldmanField XSatherTower)
(DROPOFF TA_XMemorialGlade XSatherTower)
(DRIVE XSatherTower XInvestigativeReporti)
(DROPOFF TA_XSatherTower XInvestigativeReporti)
(DRIVE XInvestigativeReporti XNorthField)
(DROPOFF TA_XEucalyptusGrove XNorthField)
(DRIVE XNorthField XSoutheastAsianStudie)
(DROPOFF TA_XStarrEastAsianLibrar XSoutheastAsianStudie)
(DRIVE XSoutheastAsianStudie XLegendsAquaticCenter)
(HOMESAFE TA_XLewishall XgoldmanField)
(HOMESAFE TA_XLecontehall XlawSchool)
(HOMESAFE TA_XGolbousplace XleConteHall)
(HOMESAFE TA_XLegendsaquaticcenter XsodaHall)
(HOMESAFE TA_XEucalyptusgrove XnorthField)
(HOMESAFE TA_XSodahall XellsworthParkingStru)
(HOMESAFE TA_XInvestigativereporti XlewisHall)
(HOMESAFE TA_XNorthgatehall XlevineFrickeSoftball)
(HOMESAFE TA_XValleylifesciencesbu XstarrEastAsianLibrar)
(HOMESAFE TA_XNorthfield XeucalyptusGrove)
(HOMESAFE TA_XMemorialglade XsatherTower)
(HOMESAFE TA_XStarreastasianlibrar XsoutheastAsianStudie)
(HOMESAFE TA_XSathertower XinvestigativeReporti)
(HOMESAFE TA_XLevinefrickesoftball XcITRIS)
(DROPOFF TA_XGoldmanField XLegendsAquaticCenter)
(WALK TA_XGoldmanField XLegendsAquaticCenter XNorthGateHall)
(HOMESAFE TA_XGoldmanfield XnorthGateHall)
