(DROPOFF TA_Xz Xa)
(HOMESAFE TA_Xz Xa)
(DRIVE Xa Xk)
(DROPOFF TA_Xh Xk)
(DRIVE Xk Xa)
(HOMESAFE TA_Xh Xk)
(DRIVE Xa Xr)
(DROPOFF TA_Xt Xr)
(DRIVE Xr Xa)
(HOMESAFE TA_Xt Xr)
(DRIVE Xa Xf)
(DROPOFF TA_Xag Xf)
(DRIVE Xf Xa)
(HOMESAFE TA_Xag Xf)
(DRIVE Xa Xh)
(DROPOFF TA_Xaw Xh)
(DRIVE Xh Xa)
(HOMESAFE TA_Xaw Xh)
(DRIVE Xa Xz)
(DROPOFF TA_Xr Xz)
(DRIVE Xz Xa)
(HOMESAFE TA_Xr Xz)
(DRIVE Xa Xs)
(DROPOFF TA_Xah Xs)
(DRIVE Xs Xa)
(HOMESAFE TA_Xah Xs)
(DRIVE Xa Xe)
(DROPOFF TA_Xx Xe)
(DRIVE Xe Xa)
(HOMESAFE TA_Xx Xe)
(DRIVE Xa Xal)
(DROPOFF TA_Xp Xal)
(DRIVE Xal Xa)
(HOMESAFE TA_Xp Xal)
(DRIVE Xa Xt)
(DROPOFF TA_Xas Xt)
(DRIVE Xt Xa)
(HOMESAFE TA_Xas Xt)
(DRIVE Xa Xaa)
(DROPOFF TA_Xao Xaa)
(DRIVE Xaa Xa)
(HOMESAFE TA_Xao Xaa)
(DRIVE Xa Xp)
(DROPOFF TA_Xa Xp)
(DRIVE Xp Xa)
(HOMESAFE TA_Xa Xp)
(DRIVE Xa Xag)
(DROPOFF TA_Xau Xag)
(DRIVE Xag Xa)
(HOMESAFE TA_Xau Xag)
(DRIVE Xa Xaw)
(DROPOFF TA_Xak Xaw)
(DRIVE Xaw Xa)
(HOMESAFE TA_Xak Xaw)
(DRIVE Xa Xav)
(DROPOFF TA_Xm Xav)
(DRIVE Xav Xa)
(HOMESAFE TA_Xm Xav)
(DRIVE Xa Xac)
(DROPOFF TA_Xs Xac)
(DRIVE Xac Xa)
(HOMESAFE TA_Xs Xac)
(DRIVE Xa Xm)
(DROPOFF TA_Xk Xm)
(DRIVE Xm Xa)
(HOMESAFE TA_Xk Xm)
(DRIVE Xa Xas)
(DROPOFF TA_Xo Xas)
(DRIVE Xas Xa)
(HOMESAFE TA_Xo Xas)
(DRIVE Xa Xah)
(DROPOFF TA_Xac Xah)
(DRIVE Xah Xa)
(HOMESAFE TA_Xac Xah)
(DRIVE Xa Xao)
(DROPOFF TA_Xav Xao)
(HOMESAFE TA_Xav Xao)
(DRIVE Xao Xx)
(DROPOFF TA_Xi Xx)
(DRIVE Xx Xo)
(DROPOFF TA_Xf Xo)
(DRIVE Xo Xu)
(DRIVE Xu Xi)
(DROPOFF TA_Xe Xi)
(HOMESAFE TA_Xi Xx)
(HOMESAFE TA_Xe Xi)
(HOMESAFE TA_Xf Xo)
(DRIVE Xi Xk)
(DRIVE Xk Xau)
(DROPOFF TA_Xaa Xau)
(HOMESAFE TA_Xaa Xau)
(DRIVE Xau Xf)
(DRIVE Xf Xak)
(DROPOFF TA_Xal Xak)
(DRIVE Xak Xa)
(HOMESAFE TA_Xal Xak)
