(DROPOFF TA_XShen XZeus)
(HOMESAFE TA_XShen Xzeus)
(DRIVE XZeus XSven)
(DROPOFF TA_XEmberSpirit XSven)
(DRIVE XSven XZeus)
(HOMESAFE TA_XEmberspirit Xsven)
(DRIVE XZeus XBraum)
(DROPOFF TA_XLeshrac XBraum)
(DRIVE XBraum XZeus)
(WALK TA_XLeshrac XBraum XShen)
(HOMESAFE TA_XLeshrac Xshen)
(DRIVE XZeus XBraum)
(DRIVE XBraum XDazzle)
(DROPOFF TA_XSlardar XDazzle)
(HOMESAFE TA_XSlardar Xdazzle)
(DRIVE XDazzle XRenekton)
(DROPOFF TA_XDazzle XRenekton)
(DRIVE XRenekton XZeus)
(HOMESAFE TA_XDazzle Xrenekton)
(DRIVE XZeus XBraum)
(DROPOFF TA_XTreantProtector XBraum)
(DRIVE XBraum XZeus)
(HOMESAFE TA_XTreantprotector Xbraum)
(DRIVE XZeus XBlitzcrank)
(DROPOFF TA_XBraum XBlitzcrank)
(DRIVE XBlitzcrank XZeus)
(HOMESAFE TA_XBraum Xblitzcrank)
(DRIVE XZeus XSyndra)
(DROPOFF TA_XZeus XSyndra)
(DRIVE XSyndra XZeus)
(HOMESAFE TA_XZeus Xsyndra)
(DRIVE XZeus XAxe)
(DROPOFF TA_XBloodseeker XAxe)
(DRIVE XAxe XZeus)
(HOMESAFE TA_XBloodseeker Xaxe)
(DRIVE XZeus XSlardar)
(DROPOFF TA_XSven XSlardar)
(DRIVE XSlardar XZeus)
(HOMESAFE TA_XSven Xslardar)
(DRIVE XZeus XLycan)
(DRIVE XLycan XLulu)
(DROPOFF TA_XRenekton XLulu)
(HOMESAFE TA_XRenekton Xlulu)
(DRIVE XLulu XLycan)
(DROPOFF TA_XAxe XLycan)
(DRIVE XLycan XZeus)
(HOMESAFE TA_XAxe Xlycan)
(DRIVE XZeus XElderTitan)
(DROPOFF TA_XElderTitan XElderTitan)
(DRIVE XElderTitan XZeus)
(HOMESAFE TA_XEldertitan XelderTitan)
(DRIVE XZeus XBloodseeker)
(DROPOFF TA_XNocturne XBloodseeker)
(DRIVE XBloodseeker XZeus)
(HOMESAFE TA_XNocturne Xbloodseeker)
(DRIVE XZeus XTwitch)
(DROPOFF TA_XTwitch XTwitch)
(HOMESAFE TA_XTwitch Xtwitch)
(DRIVE XTwitch XEmberSpirit)
(DROPOFF TA_XSyndra XEmberSpirit)
(HOMESAFE TA_XSyndra XemberSpirit)
(DRIVE XEmberSpirit XLeshrac)
(DROPOFF TA_XLycan XLeshrac)
(HOMESAFE TA_XLycan Xleshrac)
(DRIVE XLeshrac XTreantProtector)
(DROPOFF TA_XBlitzcrank XTreantProtector)
(DRIVE XTreantProtector XNocturne)
(DROPOFF TA_XXayah XNocturne)
(DRIVE XNocturne XXayah)
(HOMESAFE TA_XBlitzcrank XtreantProtector)
(HOMESAFE TA_XXayah Xnocturne)
(DROPOFF TA_XLulu XXayah)
(DRIVE XXayah XZeus)
(HOMESAFE TA_XLulu Xxayah)
