(DROPOFF TA_Xof XAccording)
(WALK TA_Xof XAccording Xto)
(HOMESAFE TA_Xof Xto)
(DROPOFF TA_Xway XAccording)
(WALK TA_Xway XAccording Xcare)
(WALK TA_Xway Xcare Xwhat)
(HOMESAFE TA_Xway Xwhat)
(DROPOFF TA_Xits XAccording)
(WALK TA_Xits XAccording Xwings)
(WALK TA_Xits Xwings Xare)
(HOMESAFE TA_Xits Xare)
(DROPOFF TA_Xthis XAccording)
(WALK TA_Xthis XAccording Xto)
(WALK TA_Xthis Xto Xall)
(WALK TA_Xthis Xall Xknown)
(HOMESAFE TA_Xthis Xknown)
(DROPOFF TA_Xlittle XAccording)
(WALK TA_Xlittle XAccording Xcare)
(WALK TA_Xlittle Xcare Xwhat)
(WALK TA_Xlittle Xwhat Xhumans)
(WALK TA_Xlittle Xhumans Xthink)
(HOMESAFE TA_Xlittle Xthink)
(DROPOFF TA_XThe XAccording)
(WALK TA_XThe XAccording Xwings)
(WALK TA_XThe Xwings Xare)
(WALK TA_XThe Xare Xtoo)
(WALK TA_XThe Xtoo Xsmall)
(HOMESAFE TA_XThe Xsmall)
(DROPOFF TA_Xare XAccording)
(WALK TA_Xare XAccording Xto)
(WALK TA_Xare Xto Xall)
(WALK TA_Xare Xall Xknown)
(WALK TA_Xare Xknown Xlaws)
(WALK TA_Xare Xlaws Xof)
(HOMESAFE TA_Xare Xof)
(DROPOFF TA_Xthink XAccording)
(WALK TA_Xthink XAccording Xwings)
(WALK TA_Xthink Xwings Xare)
(WALK TA_Xthink Xare Xtoo)
(WALK TA_Xthink Xtoo Xsmall)
(WALK TA_Xthink Xsmall Xget)
(WALK TA_Xthink Xget Xits)
(HOMESAFE TA_Xthink Xits)
(DROPOFF TA_Xsmall XAccording)
(WALK TA_Xsmall XAccording Xcare)
(WALK TA_Xsmall Xcare Xwhat)
(WALK TA_Xsmall Xwhat Xhumans)
(WALK TA_Xsmall Xhumans Xthink)
(WALK TA_Xsmall Xthink Xblack)
(WALK TA_Xsmall Xblack Xand)
(HOMESAFE TA_Xsmall Xand)
(DROPOFF TA_Xit XAccording)
(WALK TA_Xit XAccording Xto)
(WALK TA_Xit Xto Xall)
(WALK TA_Xit Xall Xknown)
(WALK TA_Xit Xknown Xlaws)
(WALK TA_Xit Xlaws Xof)
(WALK TA_Xit Xof Xthere)
(WALK TA_Xit Xthere Xis)
(HOMESAFE TA_Xit Xis)
(DROPOFF TA_Xbe XAccording)
(WALK TA_Xbe XAccording Xwings)
(WALK TA_Xbe Xwings Xare)
(WALK TA_Xbe Xare Xtoo)
(WALK TA_Xbe Xtoo Xsmall)
(WALK TA_Xbe Xsmall Xget)
(WALK TA_Xbe Xget Xits)
(WALK TA_Xbe Xits Xfat)
(WALK TA_Xbe Xfat Xlittle)
(HOMESAFE TA_Xbe Xlittle)
(DROPOFF TA_XBreakfast XAccording)
(WALK TA_XBreakfast XAccording Xcare)
(WALK TA_XBreakfast Xcare Xwhat)
(WALK TA_XBreakfast Xwhat Xhumans)
(WALK TA_XBreakfast Xhumans Xthink)
(WALK TA_XBreakfast Xthink Xblack)
(WALK TA_XBreakfast Xblack Xand)
(WALK TA_XBreakfast Xand Xshake)
(WALK TA_XBreakfast Xshake Xit)
(HOMESAFE TA_XBreakfast Xit)
(DROPOFF TA_Xon XAccording)
(WALK TA_Xon XAccording Xto)
(WALK TA_Xon Xto Xall)
(WALK TA_Xon Xall Xknown)
(WALK TA_Xon Xknown Xlaws)
(WALK TA_Xon Xlaws Xof)
(WALK TA_Xon Xof Xthere)
(WALK TA_Xon Xthere Xis)
(WALK TA_Xon Xis Xno)
(WALK TA_Xon Xno Xway)
(HOMESAFE TA_Xon Xway)
(DROPOFF TA_Xwhat XAccording)
(WALK TA_Xwhat XAccording Xwings)
(WALK TA_Xwhat Xwings Xare)
(WALK TA_Xwhat Xare Xtoo)
(WALK TA_Xwhat Xtoo Xsmall)
(WALK TA_Xwhat Xsmall Xget)
(WALK TA_Xwhat Xget Xits)
(WALK TA_Xwhat Xits Xfat)
(WALK TA_Xwhat Xfat Xlittle)
(WALK TA_Xwhat Xlittle Xbody)
(WALK TA_Xwhat Xbody Xoff)
(HOMESAFE TA_Xwhat Xoff)
(DROPOFF TA_Xyou XAccording)
(WALK TA_Xyou XAccording Xcare)
(WALK TA_Xyou Xcare Xwhat)
(WALK TA_Xyou Xwhat Xhumans)
(WALK TA_Xyou Xhumans Xthink)
(WALK TA_Xyou Xthink Xblack)
(WALK TA_Xyou Xblack Xand)
(WALK TA_Xyou Xand Xshake)
(WALK TA_Xyou Xshake Xit)
(WALK TA_Xyou Xit Xup)
(WALK TA_Xyou Xup XBreakfast)
(HOMESAFE TA_Xyou Xbreakfast)
(DROPOFF TA_Xknown XAccording)
(WALK TA_Xknown XAccording Xto)
(WALK TA_Xknown Xto Xall)
(WALK TA_Xknown Xall Xknown)
(WALK TA_Xknown Xknown Xlaws)
(WALK TA_Xknown Xlaws Xof)
(WALK TA_Xknown Xof Xthere)
(WALK TA_Xknown Xthere Xis)
(WALK TA_Xknown Xis Xno)
(WALK TA_Xknown Xno Xway)
(WALK TA_Xknown Xway Xa)
(WALK TA_Xknown Xa Xbee)
(HOMESAFE TA_Xknown Xbee)
(DROPOFF TA_Xanyway XAccording)
(WALK TA_Xanyway XAccording Xcare)
(WALK TA_Xanyway Xcare Xwhat)
(WALK TA_Xanyway Xwhat Xhumans)
(WALK TA_Xanyway Xhumans Xthink)
(WALK TA_Xanyway Xthink Xblack)
(WALK TA_Xanyway Xblack Xand)
(WALK TA_Xanyway Xand Xshake)
(WALK TA_Xanyway Xshake Xit)
(WALK TA_Xanyway Xit Xup)
(WALK TA_Xanyway Xup XBreakfast)
(WALK TA_Xanyway XBreakfast XHang)
(WALK TA_Xanyway XHang Xon)
(HOMESAFE TA_Xanyway Xon)
(DROPOFF TA_Xbee XAccording)
(WALK TA_Xbee XAccording Xwings)
(WALK TA_Xbee Xwings Xare)
(WALK TA_Xbee Xare Xtoo)
(WALK TA_Xbee Xtoo Xsmall)
(WALK TA_Xbee Xsmall Xget)
(WALK TA_Xbee Xget Xits)
(WALK TA_Xbee Xits Xfat)
(WALK TA_Xbee Xfat Xlittle)
(WALK TA_Xbee Xlittle Xbody)
(WALK TA_Xbee Xbody Xoff)
(WALK TA_Xbee Xoff Xthe)
(WALK TA_Xbee Xthe XThe)
(HOMESAFE TA_Xbee Xthe)
(DROPOFF TA_Xto XAccording)
(WALK TA_Xto XAccording Xto)
(WALK TA_Xto Xto Xall)
(WALK TA_Xto Xall Xknown)
(WALK TA_Xto Xknown Xlaws)
(WALK TA_Xto Xlaws Xof)
(WALK TA_Xto Xof Xthere)
(WALK TA_Xto Xthere Xis)
(WALK TA_Xto Xis Xno)
(WALK TA_Xto Xno Xway)
(WALK TA_Xto Xway Xa)
(WALK TA_Xto Xa Xbee)
(WALK TA_Xto Xbee Xshould)
(WALK TA_Xto Xshould Xbe)
(HOMESAFE TA_Xto Xbe)
(DROPOFF TA_Xbees XAccording)
(WALK TA_Xbees XAccording Xcare)
(WALK TA_Xbees Xcare Xwhat)
(WALK TA_Xbees Xwhat Xhumans)
(WALK TA_Xbees Xhumans Xthink)
(WALK TA_Xbees Xthink Xblack)
(WALK TA_Xbees Xblack Xand)
(WALK TA_Xbees Xand Xshake)
(WALK TA_Xbees Xshake Xit)
(WALK TA_Xbees Xit Xup)
(WALK TA_Xbees Xup XBreakfast)
(WALK TA_Xbees XBreakfast XHang)
(WALK TA_Xbees XHang Xon)
(WALK TA_Xbees Xon XOan)
(WALK TA_Xbees XOan Xyou)
(HOMESAFE TA_Xbees Xyou)
(DROPOFF TA_Xis XAccording)
(WALK TA_Xis XAccording Xwings)
(WALK TA_Xis Xwings Xare)
(WALK TA_Xis Xare Xtoo)
(WALK TA_Xis Xtoo Xsmall)
(WALK TA_Xis Xsmall Xget)
(WALK TA_Xis Xget Xits)
(WALK TA_Xis Xits Xfat)
(WALK TA_Xis Xfat Xlittle)
(WALK TA_Xis Xlittle Xbody)
(WALK TA_Xis Xbody Xoff)
(WALK TA_Xis Xoff Xthe)
(WALK TA_Xis Xthe XThe)
(WALK TA_Xis XThe Xflies)
(WALK TA_Xis Xflies Xanyway)
(HOMESAFE TA_Xis Xanyway)
(DROPOFF TA_Xand XAccording)
(WALK TA_Xand XAccording Xto)
(WALK TA_Xand Xto Xall)
(WALK TA_Xand Xall Xknown)
(WALK TA_Xand Xknown Xlaws)
(WALK TA_Xand Xlaws Xof)
(WALK TA_Xand Xof Xthere)
(WALK TA_Xand Xthere Xis)
(WALK TA_Xand Xis Xno)
(WALK TA_Xand Xno Xway)
(WALK TA_Xand Xway Xa)
(WALK TA_Xand Xa Xbee)
(WALK TA_Xand Xbee Xshould)
(WALK TA_Xand Xshould Xbe)
(WALK TA_Xand Xbe Xable)
(WALK TA_Xand Xable XIts)
(HOMESAFE TA_Xand Xits)
(DROPOFF TA_Xpick XAccording)
(WALK TA_Xpick XAccording Xcare)
(WALK TA_Xpick Xcare Xwhat)
(WALK TA_Xpick Xwhat Xhumans)
(WALK TA_Xpick Xhumans Xthink)
(WALK TA_Xpick Xthink Xblack)
(WALK TA_Xpick Xblack Xand)
(WALK TA_Xpick Xand Xshake)
(WALK TA_Xpick Xshake Xit)
(WALK TA_Xpick Xit Xup)
(WALK TA_Xpick Xup XBreakfast)
(WALK TA_Xpick XBreakfast XHang)
(WALK TA_Xpick XHang Xon)
(WALK TA_Xpick Xon XOan)
(WALK TA_Xpick XOan Xyou)
(WALK TA_Xpick Xyou Xbelieve)
(WALK TA_Xpick Xbelieve Xthis)
(HOMESAFE TA_Xpick Xthis)
(DROPOFF TA_XIts XAccording)
(WALK TA_XIts XAccording Xwings)
(WALK TA_XIts Xwings Xare)
(WALK TA_XIts Xare Xtoo)
(WALK TA_XIts Xtoo Xsmall)
(WALK TA_XIts Xsmall Xget)
(WALK TA_XIts Xget Xits)
(WALK TA_XIts Xits Xfat)
(WALK TA_XIts Xfat Xlittle)
(WALK TA_XIts Xlittle Xbody)
(WALK TA_XIts Xbody Xoff)
(WALK TA_XIts Xoff Xthe)
(WALK TA_XIts Xthe XThe)
(WALK TA_XIts XThe Xflies)
(WALK TA_XIts Xflies Xanyway)
(WALK TA_XIts Xanyway Xbecause)
(WALK TA_XIts Xbecause Xbees)
(HOMESAFE TA_XIts Xbees)
(DROPOFF TA_Xoff XAccording)
(WALK TA_Xoff XAccording Xcare)
(WALK TA_Xoff Xcare Xwhat)
(WALK TA_Xoff Xwhat Xhumans)
(WALK TA_Xoff Xhumans Xthink)
(WALK TA_Xoff Xthink Xblack)
(WALK TA_Xoff Xblack Xand)
(WALK TA_Xoff Xand Xshake)
(WALK TA_Xoff Xshake Xit)
(WALK TA_Xoff Xit Xup)
(WALK TA_Xoff Xup XBreakfast)
(WALK TA_Xoff XBreakfast XHang)
(WALK TA_Xoff XHang Xon)
(WALK TA_Xoff Xon XOan)
(WALK TA_Xoff XOan Xyou)
(WALK TA_Xoff Xyou Xbelieve)
(WALK TA_Xoff Xbelieve Xthis)
(WALK TA_Xoff Xthis XI)
(WALK TA_Xoff XI Xpick)
(HOMESAFE TA_Xoff Xpick)
