(DROPOFF TA_Xto XAccording)
(WALK TA_Xto XAccording Xto)
(HOMESAFE TA_Xto Xto)
(DROPOFF TA_Xbee XAccording)
(WALK TA_Xbee XAccording Xwhat)
(HOMESAFE TA_Xbee Xwhat)
(DROPOFF TA_Xglad XAccording)
(WALK TA_Xglad XAccording XYou)
(WALK TA_Xglad XYou Xlint)
(HOMESAFE TA_Xglad Xlint)
(DROPOFF TA_XThe XAccording)
(WALK TA_XThe XAccording Xwhat)
(WALK TA_XThe Xwhat Xhumans)
(WALK TA_XThe Xhumans Xthink)
(HOMESAFE TA_XThe Xthink)
(DROPOFF TA_Xare XAccording)
(WALK TA_Xare XAccording Xto)
(WALK TA_Xare Xto Xall)
(WALK TA_Xare Xall Xknown)
(HOMESAFE TA_Xare Xknown)
(DROPOFF TA_Xvery XAccording)
(WALK TA_Xvery XAccording XYou)
(WALK TA_Xvery XYou Xlint)
(WALK TA_Xvery Xlint Xyour)
(WALK TA_Xvery Xyour XWave)
(HOMESAFE TA_Xvery Xwave)
(DROPOFF TA_Xlittle XAccording)
(WALK TA_Xlittle XAccording Xwhat)
(WALK TA_Xlittle Xwhat Xhumans)
(WALK TA_Xlittle Xhumans Xthink)
(WALK TA_Xlittle Xthink Xblack)
(WALK TA_Xlittle Xblack Xand)
(HOMESAFE TA_Xlittle Xand)
(DROPOFF TA_Xpick XAccording)
(WALK TA_Xpick XAccording Xto)
(WALK TA_Xpick Xto Xall)
(WALK TA_Xpick Xall Xknown)
(WALK TA_Xpick Xknown Xlaws)
(WALK TA_Xpick Xlaws Xof)
(HOMESAFE TA_Xpick Xof)
(DROPOFF TA_Xthink XAccording)
(WALK TA_Xthink XAccording XYou)
(WALK TA_Xthink XYou Xlint)
(WALK TA_Xthink Xlint Xyour)
(WALK TA_Xthink Xyour XWave)
(WALK TA_Xthink XWave Xin)
(WALK TA_Xthink Xin Xrow)
(HOMESAFE TA_Xthink Xrow)
(DROPOFF TA_XWave XAccording)
(WALK TA_XWave XAccording Xto)
(WALK TA_XWave Xto Xall)
(WALK TA_XWave Xall Xknown)
(WALK TA_XWave Xknown Xlaws)
(WALK TA_XWave Xlaws Xof)
(WALK TA_XWave Xof Xthere)
(WALK TA_XWave Xthere Xis)
(HOMESAFE TA_XWave Xis)
(DROPOFF TA_Xits XAccording)
(WALK TA_Xits XAccording Xwhat)
(WALK TA_Xits Xwhat Xhumans)
(WALK TA_Xits Xhumans Xthink)
(WALK TA_Xits Xthink Xblack)
(WALK TA_Xits Xblack Xand)
(WALK TA_Xits Xand Xshake)
(WALK TA_Xits Xshake Xit)
(HOMESAFE TA_Xits Xit)
(DROPOFF TA_Xrow XAccording)
(WALK TA_Xrow XAccording XYou)
(WALK TA_Xrow XYou Xlint)
(WALK TA_Xrow Xlint Xyour)
(WALK TA_Xrow Xyour XWave)
(WALK TA_Xrow XWave Xin)
(WALK TA_Xrow Xin Xrow)
(WALK TA_Xrow Xrow Xtold)
(WALK TA_Xrow Xtold Xflying)
(HOMESAFE TA_Xrow Xflying)
(DROPOFF TA_XA XAccording)
(WALK TA_XA XAccording Xto)
(WALK TA_XA Xto Xall)
(WALK TA_XA Xall Xknown)
(WALK TA_XA Xknown Xlaws)
(WALK TA_XA Xlaws Xof)
(WALK TA_XA Xof Xthere)
(WALK TA_XA Xthere Xis)
(WALK TA_XA Xis Xno)
(WALK TA_XA Xno Xway)
(HOMESAFE TA_XA Xway)
(DROPOFF TA_Xis XAccording)
(WALK TA_Xis XAccording Xwhat)
(WALK TA_Xis Xwhat Xhumans)
(WALK TA_Xis Xhumans Xthink)
(WALK TA_Xis Xthink Xblack)
(WALK TA_Xis Xblack Xand)
(WALK TA_Xis Xand Xshake)
(WALK TA_Xis Xshake Xit)
(WALK TA_Xis Xit Xup)
(WALK TA_Xis Xup XBreakfast)
(HOMESAFE TA_Xis Xbreakfast)
(DROPOFF TA_Xthought XAccording)
(WALK TA_Xthought XAccording XYou)
(WALK TA_Xthought XYou Xlint)
(WALK TA_Xthought Xlint Xyour)
(WALK TA_Xthought Xyour XWave)
(WALK TA_Xthought XWave Xin)
(WALK TA_Xthought Xin Xrow)
(WALK TA_Xthought Xrow Xtold)
(WALK TA_Xthought Xtold Xflying)
(WALK TA_Xthought Xflying XIs)
(WALK TA_Xthought XIs Xthat)
(HOMESAFE TA_Xthought Xthat)
(DROPOFF TA_XSpecial XAccording)
(WALK TA_XSpecial XAccording Xto)
(WALK TA_XSpecial Xto Xall)
(WALK TA_XSpecial Xall Xknown)
(WALK TA_XSpecial Xknown Xlaws)
(WALK TA_XSpecial Xlaws Xof)
(WALK TA_XSpecial Xof Xthere)
(WALK TA_XSpecial Xthere Xis)
(WALK TA_XSpecial Xis Xno)
(WALK TA_XSpecial Xno Xway)
(WALK TA_XSpecial Xway Xa)
(WALK TA_XSpecial Xa Xbee)
(HOMESAFE TA_XSpecial Xbee)
(DROPOFF TA_Xmoney XAccording)
(WALK TA_Xmoney XAccording Xwhat)
(WALK TA_Xmoney Xwhat Xhumans)
(WALK TA_Xmoney Xhumans Xthink)
(WALK TA_Xmoney Xthink Xblack)
(WALK TA_Xmoney Xblack Xand)
(WALK TA_Xmoney Xand Xshake)
(WALK TA_Xmoney Xshake Xit)
(WALK TA_Xmoney Xit Xup)
(WALK TA_Xmoney Xup XBreakfast)
(WALK TA_Xmoney XBreakfast XHang)
(WALK TA_Xmoney XHang Xon)
(HOMESAFE TA_Xmoney Xon)
(DROPOFF TA_Xsmall XAccording)
(WALK TA_Xsmall XAccording XYou)
(WALK TA_Xsmall XYou Xlint)
(WALK TA_Xsmall Xlint Xyour)
(WALK TA_Xsmall Xyour XWave)
(WALK TA_Xsmall XWave Xin)
(WALK TA_Xsmall Xin Xrow)
(WALK TA_Xsmall Xrow Xtold)
(WALK TA_Xsmall Xtold Xflying)
(WALK TA_Xsmall Xflying XIs)
(WALK TA_Xsmall XIs Xthat)
(WALK TA_Xsmall Xthat Xfuzz)
(WALK TA_Xsmall Xfuzz XSpecial)
(HOMESAFE TA_Xsmall Xspecial)
(DROPOFF TA_Xthat XAccording)
(WALK TA_Xthat XAccording Xto)
(WALK TA_Xthat Xto Xall)
(WALK TA_Xthat Xall Xknown)
(WALK TA_Xthat Xknown Xlaws)
(WALK TA_Xthat Xlaws Xof)
(WALK TA_Xthat Xof Xthere)
(WALK TA_Xthat Xthere Xis)
(WALK TA_Xthat Xis Xno)
(WALK TA_Xthat Xno Xway)
(WALK TA_Xthat Xway Xa)
(WALK TA_Xthat Xa Xbee)
(WALK TA_Xthat Xbee Xshould)
(WALK TA_Xthat Xshould Xbe)
(HOMESAFE TA_Xthat Xbe)
(DROPOFF TA_XThose XAccording)
(WALK TA_XThose XAccording Xwhat)
(WALK TA_XThose Xwhat Xhumans)
(WALK TA_XThose Xhumans Xthink)
(WALK TA_XThose Xthink Xblack)
(WALK TA_XThose Xblack Xand)
(WALK TA_XThose Xand Xshake)
(WALK TA_XThose Xshake Xit)
(WALK TA_XThose Xit Xup)
(WALK TA_XThose Xup XBreakfast)
(WALK TA_XThose XBreakfast XHang)
(WALK TA_XThose XHang Xon)
(WALK TA_XThose Xon XOan)
(WALK TA_XThose XOan Xyou)
(HOMESAFE TA_XThose Xyou)
(DROPOFF TA_Xgot XAccording)
(WALK TA_Xgot XAccording XYou)
(WALK TA_Xgot XYou Xlint)
(WALK TA_Xgot Xlint Xyour)
(WALK TA_Xgot Xyour XWave)
(WALK TA_Xgot XWave Xin)
(WALK TA_Xgot Xin Xrow)
(WALK TA_Xgot Xrow Xtold)
(WALK TA_Xgot Xtold Xflying)
(WALK TA_Xgot Xflying XIs)
(WALK TA_Xgot XIs Xthat)
(WALK TA_Xgot Xthat Xfuzz)
(WALK TA_Xgot Xfuzz XSpecial)
(WALK TA_Xgot XSpecial XNever)
(WALK TA_Xgot XNever Xthought)
(HOMESAFE TA_Xgot Xthought)
(DROPOFF TA_XThree XAccording)
(WALK TA_XThree XAccording Xto)
(WALK TA_XThree Xto Xall)
(WALK TA_XThree Xall Xknown)
(WALK TA_XThree Xknown Xlaws)
(WALK TA_XThree Xlaws Xof)
(WALK TA_XThree Xof Xthere)
(WALK TA_XThree Xthere Xis)
(WALK TA_XThree Xis Xno)
(WALK TA_XThree Xno Xway)
(WALK TA_XThree Xway Xa)
(WALK TA_XThree Xa Xbee)
(WALK TA_XThree Xbee Xshould)
(WALK TA_XThree Xshould Xbe)
(WALK TA_XThree Xbe Xable)
(WALK TA_XThree Xable XIts)
(HOMESAFE TA_XThree Xits)
(DROPOFF TA_Xnot XAccording)
(WALK TA_Xnot XAccording Xwhat)
(WALK TA_Xnot Xwhat Xhumans)
(WALK TA_Xnot Xhumans Xthink)
(WALK TA_Xnot Xthink Xblack)
(WALK TA_Xnot Xblack Xand)
(WALK TA_Xnot Xand Xshake)
(WALK TA_Xnot Xshake Xit)
(WALK TA_Xnot Xit Xup)
(WALK TA_Xnot Xup XBreakfast)
(WALK TA_Xnot XBreakfast XHang)
(WALK TA_Xnot XHang Xon)
(WALK TA_Xnot Xon XOan)
(WALK TA_Xnot XOan Xyou)
(WALK TA_Xnot Xyou Xbelieve)
(WALK TA_Xnot Xbelieve Xthis)
(HOMESAFE TA_Xnot Xthis)
(DROPOFF TA_XUse XAccording)
(WALK TA_XUse XAccording XYou)
(WALK TA_XUse XYou Xlint)
(WALK TA_XUse Xlint Xyour)
(WALK TA_XUse Xyour XWave)
(WALK TA_XUse XWave Xin)
(WALK TA_XUse Xin Xrow)
(WALK TA_XUse Xrow Xtold)
(WALK TA_XUse Xtold Xflying)
(WALK TA_XUse Xflying XIs)
(WALK TA_XUse XIs Xthat)
(WALK TA_XUse Xthat Xfuzz)
(WALK TA_XUse Xfuzz XSpecial)
(WALK TA_XUse XSpecial XNever)
(WALK TA_XUse XNever Xthought)
(WALK TA_XUse Xthought Xmake)
(WALK TA_XUse Xmake XThree)
(HOMESAFE TA_XUse Xthree)
(DROPOFF TA_Xyou XAccording)
(WALK TA_Xyou XAccording Xto)
(WALK TA_Xyou Xto Xall)
(WALK TA_Xyou Xall Xknown)
(WALK TA_Xyou Xknown Xlaws)
(WALK TA_Xyou Xlaws Xof)
(WALK TA_Xyou Xof Xthere)
(WALK TA_Xyou Xthere Xis)
(WALK TA_Xyou Xis Xno)
(WALK TA_Xyou Xno Xway)
(WALK TA_Xyou Xway Xa)
(WALK TA_Xyou Xa Xbee)
(WALK TA_Xyou Xbee Xshould)
(WALK TA_Xyou Xshould Xbe)
(WALK TA_Xyou Xbe Xable)
(WALK TA_Xyou Xable XIts)
(WALK TA_Xyou XIts Xwings)
(WALK TA_Xyou Xwings Xare)
(HOMESAFE TA_Xyou Xare)
(DROPOFF TA_Xfatherpaid XAccording)
(WALK TA_Xfatherpaid XAccording Xwhat)
(WALK TA_Xfatherpaid Xwhat Xhumans)
(WALK TA_Xfatherpaid Xhumans Xthink)
(WALK TA_Xfatherpaid Xthink Xblack)
(WALK TA_Xfatherpaid Xblack Xand)
(WALK TA_Xfatherpaid Xand Xshake)
(WALK TA_Xfatherpaid Xshake Xit)
(WALK TA_Xfatherpaid Xit Xup)
(WALK TA_Xfatherpaid Xup XBreakfast)
(WALK TA_Xfatherpaid XBreakfast XHang)
(WALK TA_Xfatherpaid XHang Xon)
(WALK TA_Xfatherpaid Xon XOan)
(WALK TA_Xfatherpaid XOan Xyou)
(WALK TA_Xfatherpaid Xyou Xbelieve)
(WALK TA_Xfatherpaid Xbelieve Xthis)
(WALK TA_Xfatherpaid Xthis XI)
(WALK TA_Xfatherpaid XI Xpick)
(HOMESAFE TA_Xfatherpaid Xpick)
(DROPOFF TA_Xthis XAccording)
(WALK TA_Xthis XAccording XYou)
(WALK TA_Xthis XYou Xlint)
(WALK TA_Xthis Xlint Xyour)
(WALK TA_Xthis Xyour XWave)
(WALK TA_Xthis XWave Xin)
(WALK TA_Xthis Xin Xrow)
(WALK TA_Xthis Xrow Xtold)
(WALK TA_Xthis Xtold Xflying)
(WALK TA_Xthis Xflying XIs)
(WALK TA_Xthis XIs Xthat)
(WALK TA_Xthis Xthat Xfuzz)
(WALK TA_Xthis Xfuzz XSpecial)
(WALK TA_Xthis XSpecial XNever)
(WALK TA_Xthis XNever Xthought)
(WALK TA_Xthis Xthought Xmake)
(WALK TA_Xthis Xmake XThree)
(WALK TA_Xthis XThree Xdays)
(WALK TA_Xthis Xdays Xgrade)
(HOMESAFE TA_Xthis Xgrade)
(DROPOFF TA_Xgrowing XAccording)
(WALK TA_Xgrowing XAccording Xwhat)
(WALK TA_Xgrowing Xwhat Xhumans)
(WALK TA_Xgrowing Xhumans Xthink)
(WALK TA_Xgrowing Xthink Xblack)
(WALK TA_Xgrowing Xblack Xand)
(WALK TA_Xgrowing Xand Xshake)
(WALK TA_Xgrowing Xshake Xit)
(WALK TA_Xgrowing Xit Xup)
(WALK TA_Xgrowing Xup XBreakfast)
(WALK TA_Xgrowing XBreakfast XHang)
(WALK TA_Xgrowing XHang Xon)
(WALK TA_Xgrowing Xon XOan)
(WALK TA_Xgrowing XOan Xyou)
(WALK TA_Xgrowing Xyou Xbelieve)
(WALK TA_Xgrowing Xbelieve Xthis)
(WALK TA_Xgrowing Xthis XI)
(WALK TA_Xgrowing XI Xpick)
(WALK TA_Xgrowing Xpick XLooking)
(WALK TA_Xgrowing XLooking XUse)
(HOMESAFE TA_Xgrowing Xuse)
(DROPOFF TA_XBreakfast XAccording)
(WALK TA_XBreakfast XAccording Xto)
(WALK TA_XBreakfast Xto Xall)
(WALK TA_XBreakfast Xall Xknown)
(WALK TA_XBreakfast Xknown Xlaws)
(WALK TA_XBreakfast Xlaws Xof)
(WALK TA_XBreakfast Xof Xthere)
(WALK TA_XBreakfast Xthere Xis)
(WALK TA_XBreakfast Xis Xno)
(WALK TA_XBreakfast Xno Xway)
(WALK TA_XBreakfast Xway Xa)
(WALK TA_XBreakfast Xa Xbee)
(WALK TA_XBreakfast Xbee Xshould)
(WALK TA_XBreakfast Xshould Xbe)
(WALK TA_XBreakfast Xbe Xable)
(WALK TA_XBreakfast Xable XIts)
(WALK TA_XBreakfast XIts Xwings)
(WALK TA_XBreakfast Xwings Xare)
(WALK TA_XBreakfast Xare Xtoo)
(WALK TA_XBreakfast Xtoo Xsmall)
(HOMESAFE TA_XBreakfast Xsmall)
(DROPOFF TA_Xanyway XAccording)
(WALK TA_Xanyway XAccording XYou)
(WALK TA_Xanyway XYou Xlint)
(WALK TA_Xanyway Xlint Xyour)
(WALK TA_Xanyway Xyour XWave)
(WALK TA_Xanyway XWave Xin)
(WALK TA_Xanyway Xin Xrow)
(WALK TA_Xanyway Xrow Xtold)
(WALK TA_Xanyway Xtold Xflying)
(WALK TA_Xanyway Xflying XIs)
(WALK TA_Xanyway XIs Xthat)
(WALK TA_Xanyway Xthat Xfuzz)
(WALK TA_Xanyway Xfuzz XSpecial)
(WALK TA_Xanyway XSpecial XNever)
(WALK TA_Xanyway XNever Xthought)
(WALK TA_Xanyway Xthought Xmake)
(WALK TA_Xanyway Xmake XThree)
(WALK TA_Xanyway XThree Xdays)
(WALK TA_Xanyway Xdays Xgrade)
(WALK TA_Xanyway Xgrade Xhigh)
(WALK TA_Xanyway Xhigh XThose)
(HOMESAFE TA_Xanyway Xthose)
(DROPOFF TA_Xreport XAccording)
(WALK TA_Xreport XAccording Xto)
(WALK TA_Xreport Xto Xall)
(WALK TA_Xreport Xall Xknown)
(WALK TA_Xreport Xknown Xlaws)
(WALK TA_Xreport Xlaws Xof)
(WALK TA_Xreport Xof Xthere)
(WALK TA_Xreport Xthere Xis)
(WALK TA_Xreport Xis Xno)
(WALK TA_Xreport Xno Xway)
(WALK TA_Xreport Xway Xa)
(WALK TA_Xreport Xa Xbee)
(WALK TA_Xreport Xbee Xshould)
(WALK TA_Xreport Xshould Xbe)
(WALK TA_Xreport Xbe Xable)
(WALK TA_Xreport Xable XIts)
(WALK TA_Xreport XIts Xwings)
(WALK TA_Xreport Xwings Xare)
(WALK TA_Xreport Xare Xtoo)
(WALK TA_Xreport Xtoo Xsmall)
(WALK TA_Xreport Xsmall Xget)
(WALK TA_Xreport Xget Xits)
(HOMESAFE TA_Xreport Xits)
(DROPOFF TA_Xit XAccording)
(WALK TA_Xit XAccording Xwhat)
(WALK TA_Xit Xwhat Xhumans)
(WALK TA_Xit Xhumans Xthink)
(WALK TA_Xit Xthink Xblack)
(WALK TA_Xit Xblack Xand)
(WALK TA_Xit Xand Xshake)
(WALK TA_Xit Xshake Xit)
(WALK TA_Xit Xit Xup)
(WALK TA_Xit Xup XBreakfast)
(WALK TA_Xit XBreakfast XHang)
(WALK TA_Xit XHang Xon)
(WALK TA_Xit Xon XOan)
(WALK TA_Xit XOan Xyou)
(WALK TA_Xit Xyou Xbelieve)
(WALK TA_Xit Xbelieve Xthis)
(WALK TA_Xit Xthis XI)
(WALK TA_Xit XI Xpick)
(WALK TA_Xit Xpick XLooking)
(WALK TA_Xit XLooking XUse)
(WALK TA_Xit XUse XYour)
(WALK TA_Xit XYour Xfatherpaid)
(HOMESAFE TA_Xit Xfatherpaid)
(DROPOFF TA_Xbees XAccording)
(WALK TA_Xbees XAccording XYou)
(WALK TA_Xbees XYou Xlint)
(WALK TA_Xbees Xlint Xyour)
(WALK TA_Xbees Xyour XWave)
(WALK TA_Xbees XWave Xin)
(WALK TA_Xbees Xin Xrow)
(WALK TA_Xbees Xrow Xtold)
(WALK TA_Xbees Xtold Xflying)
(WALK TA_Xbees Xflying XIs)
(WALK TA_Xbees XIs Xthat)
(WALK TA_Xbees Xthat Xfuzz)
(WALK TA_Xbees Xfuzz XSpecial)
(WALK TA_Xbees XSpecial XNever)
(WALK TA_Xbees XNever Xthought)
(WALK TA_Xbees Xthought Xmake)
(WALK TA_Xbees Xmake XThree)
(WALK TA_Xbees XThree Xdays)
(WALK TA_Xbees Xdays Xgrade)
(WALK TA_Xbees Xgrade Xhigh)
(WALK TA_Xbees Xhigh XThose)
(WALK TA_Xbees XThose Xwere)
(WALK TA_Xbees Xwere Xglad)
(HOMESAFE TA_Xbees Xglad)
(DROPOFF TA_Xand XAccording)
(WALK TA_Xand XAccording Xto)
(WALK TA_Xand Xto Xall)
(WALK TA_Xand Xall Xknown)
(WALK TA_Xand Xknown Xlaws)
(WALK TA_Xand Xlaws Xof)
(WALK TA_Xand Xof Xthere)
(WALK TA_Xand Xthere Xis)
(WALK TA_Xand Xis Xno)
(WALK TA_Xand Xno Xway)
(WALK TA_Xand Xway Xa)
(WALK TA_Xand Xa Xbee)
(WALK TA_Xand Xbee Xshould)
(WALK TA_Xand Xshould Xbe)
(WALK TA_Xand Xbe Xable)
(WALK TA_Xand Xable XIts)
(WALK TA_Xand XIts Xwings)
(WALK TA_Xand Xwings Xare)
(WALK TA_Xand Xare Xtoo)
(WALK TA_Xand Xtoo Xsmall)
(WALK TA_Xand Xsmall Xget)
(WALK TA_Xand Xget Xits)
(WALK TA_Xand Xits Xfat)
(WALK TA_Xand Xfat Xlittle)
(HOMESAFE TA_Xand Xlittle)
(DROPOFF TA_Xon XAccording)
(WALK TA_Xon XAccording Xwhat)
(WALK TA_Xon Xwhat Xhumans)
(WALK TA_Xon Xhumans Xthink)
(WALK TA_Xon Xthink Xblack)
(WALK TA_Xon Xblack Xand)
(WALK TA_Xon Xand Xshake)
(WALK TA_Xon Xshake Xit)
(WALK TA_Xon Xit Xup)
(WALK TA_Xon Xup XBreakfast)
(WALK TA_Xon XBreakfast XHang)
(WALK TA_Xon XHang Xon)
(WALK TA_Xon Xon XOan)
(WALK TA_Xon XOan Xyou)
(WALK TA_Xon Xyou Xbelieve)
(WALK TA_Xon Xbelieve Xthis)
(WALK TA_Xon Xthis XI)
(WALK TA_Xon XI Xpick)
(WALK TA_Xon Xpick XLooking)
(WALK TA_Xon XLooking XUse)
(WALK TA_Xon XUse XYour)
(WALK TA_Xon XYour Xfatherpaid)
(WALK TA_Xon Xfatherpaid Xgood)
(WALK TA_Xon Xgood Xmoney)
(HOMESAFE TA_Xon Xmoney)
(DROPOFF TA_Xflying XAccording)
(WALK TA_Xflying XAccording XYou)
(WALK TA_Xflying XYou Xlint)
(WALK TA_Xflying Xlint Xyour)
(WALK TA_Xflying Xyour XWave)
(WALK TA_Xflying XWave Xin)
(WALK TA_Xflying Xin Xrow)
(WALK TA_Xflying Xrow Xtold)
(WALK TA_Xflying Xtold Xflying)
(WALK TA_Xflying Xflying XIs)
(WALK TA_Xflying XIs Xthat)
(WALK TA_Xflying Xthat Xfuzz)
(WALK TA_Xflying Xfuzz XSpecial)
(WALK TA_Xflying XSpecial XNever)
(WALK TA_Xflying XNever Xthought)
(WALK TA_Xflying Xthought Xmake)
(WALK TA_Xflying Xmake XThree)
(WALK TA_Xflying XThree Xdays)
(WALK TA_Xflying Xdays Xgrade)
(WALK TA_Xflying Xgrade Xhigh)
(WALK TA_Xflying Xhigh XThose)
(WALK TA_Xflying XThose Xwere)
(WALK TA_Xflying Xwere Xglad)
(WALK TA_Xflying Xglad Xtooka)
(WALK TA_Xflying Xtooka Xday)
(HOMESAFE TA_Xflying Xday)
(DROPOFF TA_Xway XAccording)
(WALK TA_Xway XAccording Xwhat)
(WALK TA_Xway Xwhat Xhumans)
(WALK TA_Xway Xhumans Xthink)
(WALK TA_Xway Xthink Xblack)
(WALK TA_Xway Xblack Xand)
(WALK TA_Xway Xand Xshake)
(WALK TA_Xway Xshake Xit)
(WALK TA_Xway Xit Xup)
(WALK TA_Xway Xup XBreakfast)
(WALK TA_Xway XBreakfast XHang)
(WALK TA_Xway XHang Xon)
(WALK TA_Xway Xon XOan)
(WALK TA_Xway XOan Xyou)
(WALK TA_Xway Xyou Xbelieve)
(WALK TA_Xway Xbelieve Xthis)
(WALK TA_Xway Xthis XI)
(WALK TA_Xway XI Xpick)
(WALK TA_Xway Xpick XLooking)
(WALK TA_Xway XLooking XUse)
(WALK TA_Xway XUse XYour)
(WALK TA_Xway XYour Xfatherpaid)
(WALK TA_Xway Xfatherpaid Xgood)
(WALK TA_Xway Xgood Xmoney)
(WALK TA_Xway Xmoney Xfor)
(WALK TA_Xway Xfor Xvery)
(HOMESAFE TA_Xway Xvery)
(DROPOFF TA_Xlint XAccording)
(WALK TA_Xlint XAccording Xto)
(WALK TA_Xlint Xto Xall)
(WALK TA_Xlint Xall Xknown)
(WALK TA_Xlint Xknown Xlaws)
(WALK TA_Xlint Xlaws Xof)
(WALK TA_Xlint Xof Xthere)
(WALK TA_Xlint Xthere Xis)
(WALK TA_Xlint Xis Xno)
(WALK TA_Xlint Xno Xway)
(WALK TA_Xlint Xway Xa)
(WALK TA_Xlint Xa Xbee)
(WALK TA_Xlint Xbee Xshould)
(WALK TA_Xlint Xshould Xbe)
(WALK TA_Xlint Xbe Xable)
(WALK TA_Xlint Xable XIts)
(WALK TA_Xlint XIts Xwings)
(WALK TA_Xlint Xwings Xare)
(WALK TA_Xlint Xare Xtoo)
(WALK TA_Xlint Xtoo Xsmall)
(WALK TA_Xlint Xsmall Xget)
(WALK TA_Xlint Xget Xits)
(WALK TA_Xlint Xits Xfat)
(WALK TA_Xlint Xfat Xlittle)
(WALK TA_Xlint Xlittle Xbody)
(WALK TA_Xlint Xbody Xoff)
(HOMESAFE TA_Xlint Xoff)
(DROPOFF TA_Xcome XAccording)
(WALK TA_Xcome XAccording XYou)
(WALK TA_Xcome XYou Xlint)
(WALK TA_Xcome Xlint Xyour)
(WALK TA_Xcome Xyour XWave)
(WALK TA_Xcome XWave Xin)
(WALK TA_Xcome Xin Xrow)
(WALK TA_Xcome Xrow Xtold)
(WALK TA_Xcome Xtold Xflying)
(WALK TA_Xcome Xflying XIs)
(WALK TA_Xcome XIs Xthat)
(WALK TA_Xcome Xthat Xfuzz)
(WALK TA_Xcome Xfuzz XSpecial)
(WALK TA_Xcome XSpecial XNever)
(WALK TA_Xcome XNever Xthought)
(WALK TA_Xcome Xthought Xmake)
(WALK TA_Xcome Xmake XThree)
(WALK TA_Xcome XThree Xdays)
(WALK TA_Xcome Xdays Xgrade)
(WALK TA_Xcome Xgrade Xhigh)
(WALK TA_Xcome Xhigh XThose)
(WALK TA_Xcome XThose Xwere)
(WALK TA_Xcome Xwere Xglad)
(WALK TA_Xcome Xglad Xtooka)
(WALK TA_Xcome Xtooka Xday)
(WALK TA_Xcome Xday Xhitchhiked)
(WALK TA_Xcome Xhitchhiked Xaround)
(HOMESAFE TA_Xcome Xaround)
(DROPOFF TA_Xgrade XAccording)
(WALK TA_Xgrade XAccording Xto)
(WALK TA_Xgrade Xto Xall)
(WALK TA_Xgrade Xall Xknown)
(WALK TA_Xgrade Xknown Xlaws)
(WALK TA_Xgrade Xlaws Xof)
(WALK TA_Xgrade Xof Xthere)
(WALK TA_Xgrade Xthere Xis)
(WALK TA_Xgrade Xis Xno)
(WALK TA_Xgrade Xno Xway)
(WALK TA_Xgrade Xway Xa)
(WALK TA_Xgrade Xa Xbee)
(WALK TA_Xgrade Xbee Xshould)
(WALK TA_Xgrade Xshould Xbe)
(WALK TA_Xgrade Xbe Xable)
(WALK TA_Xgrade Xable XIts)
(WALK TA_Xgrade XIts Xwings)
(WALK TA_Xgrade Xwings Xare)
(WALK TA_Xgrade Xare Xtoo)
(WALK TA_Xgrade Xtoo Xsmall)
(WALK TA_Xgrade Xsmall Xget)
(WALK TA_Xgrade Xget Xits)
(WALK TA_Xgrade Xits Xfat)
(WALK TA_Xgrade Xfat Xlittle)
(WALK TA_Xgrade Xlittle Xbody)
(WALK TA_Xgrade Xbody Xoff)
(WALK TA_Xgrade Xoff Xthe)
(WALK TA_Xgrade Xthe XThe)
(HOMESAFE TA_Xgrade Xthe)
(DROPOFF TA_Xaround XAccording)
(WALK TA_Xaround XAccording Xwhat)
(WALK TA_Xaround Xwhat Xhumans)
(WALK TA_Xaround Xhumans Xthink)
(WALK TA_Xaround Xthink Xblack)
(WALK TA_Xaround Xblack Xand)
(WALK TA_Xaround Xand Xshake)
(WALK TA_Xaround Xshake Xit)
(WALK TA_Xaround Xit Xup)
(WALK TA_Xaround Xup XBreakfast)
(WALK TA_Xaround XBreakfast XHang)
(WALK TA_Xaround XHang Xon)
(WALK TA_Xaround Xon XOan)
(WALK TA_Xaround XOan Xyou)
(WALK TA_Xaround Xyou Xbelieve)
(WALK TA_Xaround Xbelieve Xthis)
(WALK TA_Xaround Xthis XI)
(WALK TA_Xaround XI Xpick)
(WALK TA_Xaround Xpick XLooking)
(WALK TA_Xaround XLooking XUse)
(WALK TA_Xaround XUse XYour)
(WALK TA_Xaround XYour Xfatherpaid)
(WALK TA_Xaround Xfatherpaid Xgood)
(WALK TA_Xaround Xgood Xmoney)
(WALK TA_Xaround Xmoney Xfor)
(WALK TA_Xaround Xfor Xvery)
(WALK TA_Xaround Xvery Xproud)
(WALK TA_Xaround Xproud XA)
(HOMESAFE TA_Xaround Xa)
(DROPOFF TA_Xof XAccording)
(WALK TA_Xof XAccording XYou)
(WALK TA_Xof XYou Xlint)
(WALK TA_Xof Xlint Xyour)
(WALK TA_Xof Xyour XWave)
(WALK TA_Xof XWave Xin)
(WALK TA_Xof Xin Xrow)
(WALK TA_Xof Xrow Xtold)
(WALK TA_Xof Xtold Xflying)
(WALK TA_Xof Xflying XIs)
(WALK TA_Xof XIs Xthat)
(WALK TA_Xof Xthat Xfuzz)
(WALK TA_Xof Xfuzz XSpecial)
(WALK TA_Xof XSpecial XNever)
(WALK TA_Xof XNever Xthought)
(WALK TA_Xof Xthought Xmake)
(WALK TA_Xof Xmake XThree)
(WALK TA_Xof XThree Xdays)
(WALK TA_Xof Xdays Xgrade)
(WALK TA_Xof Xgrade Xhigh)
(WALK TA_Xof Xhigh XThose)
(WALK TA_Xof XThose Xwere)
(WALK TA_Xof Xwere Xglad)
(WALK TA_Xof Xglad Xtooka)
(WALK TA_Xof Xtooka Xday)
(WALK TA_Xof Xday Xhitchhiked)
(WALK TA_Xof Xhitchhiked Xaround)
(WALK TA_Xof Xaround Xdid)
(WALK TA_Xof Xdid Xcome)
(HOMESAFE TA_Xof Xcome)
(DROPOFF TA_Xday XAccording)
(WALK TA_Xday XAccording Xwhat)
(WALK TA_Xday Xwhat Xhumans)
(WALK TA_Xday Xhumans Xthink)
(WALK TA_Xday Xthink Xblack)
(WALK TA_Xday Xblack Xand)
(WALK TA_Xday Xand Xshake)
(WALK TA_Xday Xshake Xit)
(WALK TA_Xday Xit Xup)
(WALK TA_Xday Xup XBreakfast)
(WALK TA_Xday XBreakfast XHang)
(WALK TA_Xday XHang Xon)
(WALK TA_Xday Xon XOan)
(WALK TA_Xday XOan Xyou)
(WALK TA_Xday Xyou Xbelieve)
(WALK TA_Xday Xbelieve Xthis)
(WALK TA_Xday Xthis XI)
(WALK TA_Xday XI Xpick)
(WALK TA_Xday Xpick XLooking)
(WALK TA_Xday XLooking XUse)
(WALK TA_Xday XUse XYour)
(WALK TA_Xday XYour Xfatherpaid)
(WALK TA_Xday Xfatherpaid Xgood)
(WALK TA_Xday Xgood Xmoney)
(WALK TA_Xday Xmoney Xfor)
(WALK TA_Xday Xfor Xvery)
(WALK TA_Xday Xvery Xproud)
(WALK TA_Xday Xproud XA)
(WALK TA_Xday XA Xperfect)
(WALK TA_Xday Xperfect Xreport)
(HOMESAFE TA_Xday Xreport)
(DROPOFF TA_XHear XAccording)
(WALK TA_XHear XAccording Xto)
(WALK TA_XHear Xto Xall)
(WALK TA_XHear Xall Xknown)
(WALK TA_XHear Xknown Xlaws)
(WALK TA_XHear Xlaws Xof)
(WALK TA_XHear Xof Xthere)
(WALK TA_XHear Xthere Xis)
(WALK TA_XHear Xis Xno)
(WALK TA_XHear Xno Xway)
(WALK TA_XHear Xway Xa)
(WALK TA_XHear Xa Xbee)
(WALK TA_XHear Xbee Xshould)
(WALK TA_XHear Xshould Xbe)
(WALK TA_XHear Xbe Xable)
(WALK TA_XHear Xable XIts)
(WALK TA_XHear XIts Xwings)
(WALK TA_XHear Xwings Xare)
(WALK TA_XHear Xare Xtoo)
(WALK TA_XHear Xtoo Xsmall)
(WALK TA_XHear Xsmall Xget)
(WALK TA_XHear Xget Xits)
(WALK TA_XHear Xits Xfat)
(WALK TA_XHear Xfat Xlittle)
(WALK TA_XHear Xlittle Xbody)
(WALK TA_XHear Xbody Xoff)
(WALK TA_XHear Xoff Xthe)
(WALK TA_XHear Xthe XThe)
(WALK TA_XHear XThe Xflies)
(WALK TA_XHear Xflies Xanyway)
(HOMESAFE TA_XHear Xanyway)
(DROPOFF TA_XIts XAccording)
(WALK TA_XIts XAccording XYou)
(WALK TA_XIts XYou Xlint)
(WALK TA_XIts Xlint Xyour)
(WALK TA_XIts Xyour XWave)
(WALK TA_XIts XWave Xin)
(WALK TA_XIts Xin Xrow)
(WALK TA_XIts Xrow Xtold)
(WALK TA_XIts Xtold Xflying)
(WALK TA_XIts Xflying XIs)
(WALK TA_XIts XIs Xthat)
(WALK TA_XIts Xthat Xfuzz)
(WALK TA_XIts Xfuzz XSpecial)
(WALK TA_XIts XSpecial XNever)
(WALK TA_XIts XNever Xthought)
(WALK TA_XIts Xthought Xmake)
(WALK TA_XIts Xmake XThree)
(WALK TA_XIts XThree Xdays)
(WALK TA_XIts Xdays Xgrade)
(WALK TA_XIts Xgrade Xhigh)
(WALK TA_XIts Xhigh XThose)
(WALK TA_XIts XThose Xwere)
(WALK TA_XIts Xwere Xglad)
(WALK TA_XIts Xglad Xtooka)
(WALK TA_XIts Xtooka Xday)
(WALK TA_XIts Xday Xhitchhiked)
(WALK TA_XIts Xhitchhiked Xaround)
(WALK TA_XIts Xaround Xdid)
(WALK TA_XIts Xdid Xcome)
(WALK TA_XIts Xcome Xback)
(WALK TA_XIts Xback Xgrowing)
(HOMESAFE TA_XIts Xgrowing)
(DROPOFF TA_Xwhat XAccording)
(WALK TA_Xwhat XAccording Xwhat)
(WALK TA_Xwhat Xwhat Xhumans)
(WALK TA_Xwhat Xhumans Xthink)
(WALK TA_Xwhat Xthink Xblack)
(WALK TA_Xwhat Xblack Xand)
(WALK TA_Xwhat Xand Xshake)
(WALK TA_Xwhat Xshake Xit)
(WALK TA_Xwhat Xit Xup)
(WALK TA_Xwhat Xup XBreakfast)
(WALK TA_Xwhat XBreakfast XHang)
(WALK TA_Xwhat XHang Xon)
(WALK TA_Xwhat Xon XOan)
(WALK TA_Xwhat XOan Xyou)
(WALK TA_Xwhat Xyou Xbelieve)
(WALK TA_Xwhat Xbelieve Xthis)
(WALK TA_Xwhat Xthis XI)
(WALK TA_Xwhat XI Xpick)
(WALK TA_Xwhat Xpick XLooking)
(WALK TA_Xwhat XLooking XUse)
(WALK TA_Xwhat XUse XYour)
(WALK TA_Xwhat XYour Xfatherpaid)
(WALK TA_Xwhat Xfatherpaid Xgood)
(WALK TA_Xwhat Xgood Xmoney)
(WALK TA_Xwhat Xmoney Xfor)
(WALK TA_Xwhat Xfor Xvery)
(WALK TA_Xwhat Xvery Xproud)
(WALK TA_Xwhat Xproud XA)
(WALK TA_Xwhat XA Xperfect)
(WALK TA_Xwhat Xperfect Xreport)
(WALK TA_Xwhat Xreport XVery)
(WALK TA_Xwhat XVery Xgot)
(HOMESAFE TA_Xwhat Xgot)
(DROPOFF TA_Xknown XAccording)
(WALK TA_Xknown XAccording Xto)
(WALK TA_Xknown Xto Xall)
(WALK TA_Xknown Xall Xknown)
(WALK TA_Xknown Xknown Xlaws)
(WALK TA_Xknown Xlaws Xof)
(WALK TA_Xknown Xof Xthere)
(WALK TA_Xknown Xthere Xis)
(WALK TA_Xknown Xis Xno)
(WALK TA_Xknown Xno Xway)
(WALK TA_Xknown Xway Xa)
(WALK TA_Xknown Xa Xbee)
(WALK TA_Xknown Xbee Xshould)
(WALK TA_Xknown Xshould Xbe)
(WALK TA_Xknown Xbe Xable)
(WALK TA_Xknown Xable XIts)
(WALK TA_Xknown XIts Xwings)
(WALK TA_Xknown Xwings Xare)
(WALK TA_Xknown Xare Xtoo)
(WALK TA_Xknown Xtoo Xsmall)
(WALK TA_Xknown Xsmall Xget)
(WALK TA_Xknown Xget Xits)
(WALK TA_Xknown Xits Xfat)
(WALK TA_Xknown Xfat Xlittle)
(WALK TA_Xknown Xlittle Xbody)
(WALK TA_Xknown Xbody Xoff)
(WALK TA_Xknown Xoff Xthe)
(WALK TA_Xknown Xthe XThe)
(WALK TA_Xknown XThe Xflies)
(WALK TA_Xknown Xflies Xanyway)
(WALK TA_Xknown Xanyway Xbecause)
(WALK TA_Xknown Xbecause Xbees)
(HOMESAFE TA_Xknown Xbees)
(DROPOFF TA_Xbe XAccording)
(WALK TA_Xbe XAccording XYou)
(WALK TA_Xbe XYou Xlint)
(WALK TA_Xbe Xlint Xyour)
(WALK TA_Xbe Xyour XWave)
(WALK TA_Xbe XWave Xin)
(WALK TA_Xbe Xin Xrow)
(WALK TA_Xbe Xrow Xtold)
(WALK TA_Xbe Xtold Xflying)
(WALK TA_Xbe Xflying XIs)
(WALK TA_Xbe XIs Xthat)
(WALK TA_Xbe Xthat Xfuzz)
(WALK TA_Xbe Xfuzz XSpecial)
(WALK TA_Xbe XSpecial XNever)
(WALK TA_Xbe XNever Xthought)
(WALK TA_Xbe Xthought Xmake)
(WALK TA_Xbe Xmake XThree)
(WALK TA_Xbe XThree Xdays)
(WALK TA_Xbe Xdays Xgrade)
(WALK TA_Xbe Xgrade Xhigh)
(WALK TA_Xbe Xhigh XThose)
(WALK TA_Xbe XThose Xwere)
(WALK TA_Xbe Xwere Xglad)
(WALK TA_Xbe Xglad Xtooka)
(WALK TA_Xbe Xtooka Xday)
(WALK TA_Xbe Xday Xhitchhiked)
(WALK TA_Xbe Xhitchhiked Xaround)
(WALK TA_Xbe Xaround Xdid)
(WALK TA_Xbe Xdid Xcome)
(WALK TA_Xbe Xcome Xback)
(WALK TA_Xbe Xback Xgrowing)
(WALK TA_Xbe Xgrowing XLooks)
(WALK TA_Xbe XLooks XHear)
(HOMESAFE TA_Xbe Xhear)
(DROPOFF TA_Xoff XAccording)
(WALK TA_Xoff XAccording Xwhat)
(WALK TA_Xoff Xwhat Xhumans)
(WALK TA_Xoff Xhumans Xthink)
(WALK TA_Xoff Xthink Xblack)
(WALK TA_Xoff Xblack Xand)
(WALK TA_Xoff Xand Xshake)
(WALK TA_Xoff Xshake Xit)
(WALK TA_Xoff Xit Xup)
(WALK TA_Xoff Xup XBreakfast)
(WALK TA_Xoff XBreakfast XHang)
(WALK TA_Xoff XHang Xon)
(WALK TA_Xoff Xon XOan)
(WALK TA_Xoff XOan Xyou)
(WALK TA_Xoff Xyou Xbelieve)
(WALK TA_Xoff Xbelieve Xthis)
(WALK TA_Xoff Xthis XI)
(WALK TA_Xoff XI Xpick)
(WALK TA_Xoff Xpick XLooking)
(WALK TA_Xoff XLooking XUse)
(WALK TA_Xoff XUse XYour)
(WALK TA_Xoff XYour Xfatherpaid)
(WALK TA_Xoff Xfatherpaid Xgood)
(WALK TA_Xoff Xgood Xmoney)
(WALK TA_Xoff Xmoney Xfor)
(WALK TA_Xoff Xfor Xvery)
(WALK TA_Xoff Xvery Xproud)
(WALK TA_Xoff Xproud XA)
(WALK TA_Xoff XA Xperfect)
(WALK TA_Xoff Xperfect Xreport)
(WALK TA_Xoff Xreport XVery)
(WALK TA_Xoff XVery Xgot)
(WALK TA_Xoff Xgot Xthing)
(WALK TA_Xoff Xthing Xgoing)
(HOMESAFE TA_Xoff Xgoing)
(DROPOFF TA_Xgoing XAccording)
(WALK TA_Xgoing XAccording XYou)
(WALK TA_Xgoing XYou Xlint)
(WALK TA_Xgoing Xlint Xyour)
(WALK TA_Xgoing Xyour XWave)
(WALK TA_Xgoing XWave Xin)
(WALK TA_Xgoing Xin Xrow)
(WALK TA_Xgoing Xrow Xtold)
(WALK TA_Xgoing Xtold Xflying)
(WALK TA_Xgoing Xflying XIs)
(WALK TA_Xgoing XIs Xthat)
(WALK TA_Xgoing Xthat Xfuzz)
(WALK TA_Xgoing Xfuzz XSpecial)
(WALK TA_Xgoing XSpecial XNever)
(WALK TA_Xgoing XNever Xthought)
(WALK TA_Xgoing Xthought Xmake)
(WALK TA_Xgoing Xmake XThree)
(WALK TA_Xgoing XThree Xdays)
(WALK TA_Xgoing Xdays Xgrade)
(WALK TA_Xgoing Xgrade Xhigh)
(WALK TA_Xgoing Xhigh XThose)
(WALK TA_Xgoing XThose Xwere)
(WALK TA_Xgoing Xwere Xglad)
(WALK TA_Xgoing Xglad Xtooka)
(WALK TA_Xgoing Xtooka Xday)
(WALK TA_Xgoing Xday Xhitchhiked)
(WALK TA_Xgoing Xhitchhiked Xaround)
(WALK TA_Xgoing Xaround Xdid)
(WALK TA_Xgoing Xdid Xcome)
(WALK TA_Xgoing Xcome Xback)
(WALK TA_Xgoing Xback Xgrowing)
(WALK TA_Xgoing Xgrowing XLooks)
(WALK TA_Xgoing XLooks XHear)
(WALK TA_Xgoing XHear Xabout)
(WALK TA_Xgoing Xabout Xnot)
(HOMESAFE TA_Xgoing Xnot)
