(DRIVE Xv Xy)
(DROPOFF TA_Xap Xy)
(HOMESAFE TA_Xap Xy)
(DRIVE Xy Xk)
(DROPOFF TA_Xav Xk)
(HOMESAFE TA_Xav Xk)
(DRIVE Xk Xg)
(DROPOFF TA_Xt Xg)
(HOMESAFE TA_Xt Xg)
(DRIVE Xg Xr)
(DRIVE Xr Xap)
(DROPOFF TA_Xau Xap)
(HOMESAFE TA_Xau Xap)
(DRIVE Xap Xau)
(DROPOFF TA_Xy Xau)
(HOMESAFE TA_Xy Xau)
(DRIVE Xau Xi)
(DROPOFF TA_Xh Xi)
(HOMESAFE TA_Xh Xi)
(DRIVE Xi Xak)
(DROPOFF TA_Xx Xak)
(HOMESAFE TA_Xx Xak)
(DRIVE Xak Xj)
(DROPOFF TA_Xaf Xj)
(HOMESAFE TA_Xaf Xj)
(DRIVE Xj Xai)
(DROPOFF TA_Xal Xai)
(HOMESAFE TA_Xal Xai)
(DRIVE Xai Xh)
(DROPOFF TA_Xag Xh)
(HOMESAFE TA_Xag Xh)
(DRIVE Xh Xt)
(DROPOFF TA_Xaq Xt)
(HOMESAFE TA_Xaq Xt)
(DRIVE Xt Xb)
(DROPOFF TA_Xai Xb)
(HOMESAFE TA_Xai Xb)
(DRIVE Xb Xav)
(DROPOFF TA_Xak Xav)
(HOMESAFE TA_Xak Xav)
(DRIVE Xav Xx)
(DROPOFF TA_Xb Xx)
(HOMESAFE TA_Xb Xx)
(DRIVE Xx Xab)
(DROPOFF TA_Xab Xab)
(HOMESAFE TA_Xab Xab)
(DRIVE Xab Xad)
(DRIVE Xad Xal)
(DROPOFF TA_Xc Xal)
(HOMESAFE TA_Xc Xal)
(DRIVE Xal Xl)
(DROPOFF TA_Xl Xl)
(HOMESAFE TA_Xl Xl)
(DRIVE Xl Xag)
(DROPOFF TA_Xr Xag)
(HOMESAFE TA_Xr Xag)
(DRIVE Xag Xn)
(DROPOFF TA_Xz Xn)
(HOMESAFE TA_Xz Xn)
(DRIVE Xn Xaq)
(DROPOFF TA_Xj Xaq)
(HOMESAFE TA_Xj Xaq)
(DRIVE Xaq Xr)
(DROPOFF TA_Xg Xr)
(HOMESAFE TA_Xg Xr)
(DRIVE Xr Xc)
(DROPOFF TA_Xn Xc)
(HOMESAFE TA_Xn Xc)
(DRIVE Xc Xad)
(DROPOFF TA_Xad Xad)
(HOMESAFE TA_Xad Xad)
(DRIVE Xad Xaf)
(DROPOFF TA_Xi Xaf)
(DRIVE Xaf Xv)
(HOMESAFE TA_Xi Xaf)
(DRIVE Xv Xr)
(DRIVE Xr Xz)
(DROPOFF TA_Xk Xz)
(HOMESAFE TA_Xk Xz)
(DRIVE Xz Xr)
(DRIVE Xr Xv)
