(DROPOFF TA_XLiam XLiam)
(HOMESAFE TA_XLiam Xliam)
(DROPOFF TA_XLuke XLiam)
(WALK TA_XLuke XLiam XCarson)
(WALK TA_XLuke XCarson XBenjamin)
(HOMESAFE TA_XLuke Xbenjamin)
(DROPOFF TA_XCarter XLiam)
(WALK TA_XCarter XLiam XAyden)
(WALK TA_XCarter XAyden XDylan)
(HOMESAFE TA_XCarter Xdylan)
(DROPOFF TA_XAlexander XLiam)
(WALK TA_XAlexander XLiam XIsaiah)
(WALK TA_XAlexander XIsaiah XDaniel)
(HOMESAFE TA_XAlexander Xdaniel)
(DROPOFF TA_XWilliam XLiam)
(WALK TA_XWilliam XLiam XAyden)
(WALK TA_XWilliam XAyden XCarter)
(HOMESAFE TA_XWilliam Xcarter)
(DROPOFF TA_XJackson XLiam)
(WALK TA_XJackson XLiam XIsaiah)
(WALK TA_XJackson XIsaiah XJoseph)
(HOMESAFE TA_XJackson Xjoseph)
(DROPOFF TA_XJames XLiam)
(WALK TA_XJames XLiam XAyden)
(WALK TA_XJames XAyden XJackson)
(HOMESAFE TA_XJames Xjackson)
(DROPOFF TA_XLogan XLiam)
(WALK TA_XLogan XLiam XAyden)
(WALK TA_XLogan XAyden XEthan)
(HOMESAFE TA_XLogan Xethan)
(DROPOFF TA_XSamuel XLiam)
(WALK TA_XSamuel XLiam XElias)
(WALK TA_XSamuel XElias XBryson)
(WALK TA_XSamuel XBryson XOliver)
(HOMESAFE TA_XSamuel Xoliver)
(DROPOFF TA_XJohn XLiam)
(WALK TA_XJohn XLiam XAyden)
(WALK TA_XJohn XAyden XEthan)
(WALK TA_XJohn XEthan XLogan)
(HOMESAFE TA_XJohn Xlogan)
(DROPOFF TA_XMason XLiam)
(WALK TA_XMason XLiam XCarson)
(WALK TA_XMason XCarson XEzekiel)
(WALK TA_XMason XEzekiel XDavid)
(HOMESAFE TA_XMason Xdavid)
(DROPOFF TA_XMichael XLiam)
(WALK TA_XMichael XLiam XAyden)
(WALK TA_XMichael XAyden XKayden)
(WALK TA_XMichael XKayden XMichael)
(HOMESAFE TA_XMichael Xmichael)
(DROPOFF TA_XWyatt XLiam)
(WALK TA_XWyatt XLiam XAyden)
(WALK TA_XWyatt XAyden XDylan)
(WALK TA_XWyatt XDylan XOwen)
(HOMESAFE TA_XWyatt Xowen)
(DROPOFF TA_XDylan XLiam)
(WALK TA_XDylan XLiam XCarson)
(WALK TA_XDylan XCarson XJaxson)
(WALK TA_XDylan XJaxson XAlexander)
(HOMESAFE TA_XDylan Xalexander)
(DROPOFF TA_XBenjamin XLiam)
(WALK TA_XBenjamin XLiam XAyden)
(WALK TA_XBenjamin XAyden XCarter)
(WALK TA_XBenjamin XCarter XSamuel)
(HOMESAFE TA_XBenjamin Xsamuel)
(DROPOFF TA_XHenry XLiam)
(WALK TA_XHenry XLiam XAyden)
(WALK TA_XHenry XAyden XJameson)
(WALK TA_XHenry XJameson XElijah)
(HOMESAFE TA_XHenry Xelijah)
(DROPOFF TA_XJayden XLiam)
(WALK TA_XJayden XLiam XAyden)
(WALK TA_XJayden XAyden XEli)
(WALK TA_XJayden XEli XWyatt)
(HOMESAFE TA_XJayden Xwyatt)
(DROPOFF TA_XSebastian XLiam)
(WALK TA_XSebastian XLiam XAyden)
(WALK TA_XSebastian XAyden XEli)
(WALK TA_XSebastian XEli XLucas)
(HOMESAFE TA_XSebastian Xlucas)
(DROPOFF TA_XLucas XLiam)
(WALK TA_XLucas XLiam XAyden)
(WALK TA_XLucas XAyden XChase)
(WALK TA_XLucas XChase XJacob)
(HOMESAFE TA_XLucas Xjacob)
(DROPOFF TA_XAiden XLiam)
(WALK TA_XAiden XLiam XCarson)
(WALK TA_XAiden XCarson XBenjamin)
(WALK TA_XAiden XBenjamin XHenry)
(HOMESAFE TA_XAiden Xhenry)
(DROPOFF TA_XDaniel XLiam)
(WALK TA_XDaniel XLiam XElias)
(WALK TA_XDaniel XElias XJack)
(WALK TA_XDaniel XJack XJayden)
(HOMESAFE TA_XDaniel Xjayden)
(DROPOFF TA_XNoah XLiam)
(WALK TA_XNoah XLiam XAyden)
(WALK TA_XNoah XAyden XChase)
(WALK TA_XNoah XChase XJohn)
(HOMESAFE TA_XNoah Xjohn)
(DROPOFF TA_XElijah XLiam)
(WALK TA_XElijah XLiam XAyden)
(WALK TA_XElijah XAyden XCarter)
(WALK TA_XElijah XCarter XSebastian)
(HOMESAFE TA_XElijah Xsebastian)
(DROPOFF TA_XMatthew XLiam)
(WALK TA_XMatthew XLiam XCarson)
(WALK TA_XMatthew XCarson XJaxson)
(WALK TA_XMatthew XJaxson XMason)
(HOMESAFE TA_XMatthew Xmason)
(DROPOFF TA_XJoseph XLiam)
(WALK TA_XJoseph XLiam XCarson)
(WALK TA_XJoseph XCarson XChristian)
(WALK TA_XJoseph XChristian XLuke)
(HOMESAFE TA_XJoseph Xluke)
(DROPOFF TA_XOliver XLiam)
(WALK TA_XOliver XLiam XCarson)
(WALK TA_XOliver XCarson XJaxson)
(WALK TA_XOliver XJaxson XNoah)
(HOMESAFE TA_XOliver Xnoah)
(DROPOFF TA_XJacob XLiam)
(WALK TA_XJacob XLiam XCarson)
(WALK TA_XJacob XCarson XHudson)
(WALK TA_XJacob XHudson XJames)
(HOMESAFE TA_XJacob Xjames)
(DROPOFF TA_XDavid XLiam)
(WALK TA_XDavid XLiam XCarson)
(WALK TA_XDavid XCarson XEzekiel)
(WALK TA_XDavid XEzekiel XParker)
(WALK TA_XDavid XParker XAiden)
(HOMESAFE TA_XDavid Xaiden)
(DROPOFF TA_XEthan XLiam)
(WALK TA_XEthan XLiam XAyden)
(WALK TA_XEthan XAyden XChase)
(WALK TA_XEthan XChase XJacob)
(WALK TA_XEthan XJacob XWilliam)
(HOMESAFE TA_XEthan Xwilliam)
(DROPOFF TA_XOwen XLiam)
(WALK TA_XOwen XLiam XCarson)
(WALK TA_XOwen XCarson XChristian)
(WALK TA_XOwen XChristian XHenry)
(WALK TA_XOwen XHenry XIan)
(WALK TA_XOwen XIan XMatthew)
(HOMESAFE TA_XOwen Xmatthew)
