(DROPOFF TA_XLiam XLiam)
(HOMESAFE TA_XLiam Xliam)
(DROPOFF TA_XWilliam XLiam)
(WALK TA_XWilliam XLiam XBenjamin)
(HOMESAFE TA_XWilliam Xbenjamin)
(DROPOFF TA_XJoseph XLiam)
(WALK TA_XJoseph XLiam XAiden)
(HOMESAFE TA_XJoseph Xaiden)
(DROPOFF TA_XLucas XLiam)
(WALK TA_XLucas XLiam XJacob)
(HOMESAFE TA_XLucas Xjacob)
(DROPOFF TA_XHenry XLiam)
(WALK TA_XHenry XLiam XSamuel)
(HOMESAFE TA_XHenry Xsamuel)
(DROPOFF TA_XSebastian XLiam)
(WALK TA_XSebastian XLiam XOliver)
(HOMESAFE TA_XSebastian Xoliver)
(DROPOFF TA_XEthan XLiam)
(WALK TA_XEthan XLiam XLucas)
(HOMESAFE TA_XEthan Xlucas)
(DROPOFF TA_XAiden XLiam)
(WALK TA_XAiden XLiam XJoshua)
(WALK TA_XAiden XJoshua XJoseph)
(HOMESAFE TA_XAiden Xjoseph)
(DROPOFF TA_XWyatt XLiam)
(WALK TA_XWyatt XLiam XLuke)
(WALK TA_XWyatt XLuke XMichael)
(HOMESAFE TA_XWyatt Xmichael)
(DROPOFF TA_XMason XLiam)
(WALK TA_XMason XLiam XJaxon)
(WALK TA_XMason XJaxon XMatthew)
(HOMESAFE TA_XMason Xmatthew)
(DROPOFF TA_XMichael XLiam)
(WALK TA_XMichael XLiam XJaxon)
(WALK TA_XMichael XJaxon XAlexander)
(HOMESAFE TA_XMichael Xalexander)
(DROPOFF TA_XBenjamin XLiam)
(WALK TA_XBenjamin XLiam XOliver)
(WALK TA_XBenjamin XOliver XCarter)
(HOMESAFE TA_XBenjamin Xcarter)
(DROPOFF TA_XJackson XLiam)
(WALK TA_XJackson XLiam XJaxon)
(WALK TA_XJackson XJaxon XJames)
(HOMESAFE TA_XJackson Xjames)
(DROPOFF TA_XDaniel XLiam)
(WALK TA_XDaniel XLiam XThomas)
(WALK TA_XDaniel XThomas XEthan)
(HOMESAFE TA_XDaniel Xethan)
(DROPOFF TA_XElijah XLiam)
(WALK TA_XElijah XLiam XSamuel)
(WALK TA_XElijah XSamuel XSebastian)
(HOMESAFE TA_XElijah Xsebastian)
(DROPOFF TA_XLogan XLiam)
(WALK TA_XLogan XLiam XLucas)
(WALK TA_XLogan XLucas XJackson)
(HOMESAFE TA_XLogan Xjackson)
(DROPOFF TA_XDavid XLiam)
(WALK TA_XDavid XLiam XBenjamin)
(WALK TA_XDavid XBenjamin XWyatt)
(HOMESAFE TA_XDavid Xwyatt)
(DROPOFF TA_XSamuel XLiam)
(WALK TA_XSamuel XLiam XJacob)
(WALK TA_XSamuel XJacob XHenry)
(HOMESAFE TA_XSamuel Xhenry)
(DROPOFF TA_XJames XLiam)
(WALK TA_XJames XLiam XSamuel)
(WALK TA_XJames XSamuel XMason)
(HOMESAFE TA_XJames Xmason)
(DROPOFF TA_XOliver XLiam)
(WALK TA_XOliver XLiam XJoshua)
(WALK TA_XOliver XJoshua XDaniel)
(HOMESAFE TA_XOliver Xdaniel)
(DROPOFF TA_XAlexander XLiam)
(WALK TA_XAlexander XLiam XJoshua)
(WALK TA_XAlexander XJoshua XNoah)
(HOMESAFE TA_XAlexander Xnoah)
(DROPOFF TA_XJacob XLiam)
(WALK TA_XJacob XLiam XJaxon)
(WALK TA_XJacob XJaxon XLogan)
(HOMESAFE TA_XJacob Xlogan)
(DROPOFF TA_XCarter XLiam)
(WALK TA_XCarter XLiam XJaxon)
(WALK TA_XCarter XJaxon XDavid)
(HOMESAFE TA_XCarter Xdavid)
(DROPOFF TA_XNoah XLiam)
(WALK TA_XNoah XLiam XLuke)
(WALK TA_XNoah XLuke XCarter)
(WALK TA_XNoah XCarter XWilliam)
(HOMESAFE TA_XNoah Xwilliam)
(DROPOFF TA_XMatthew XLiam)
(WALK TA_XMatthew XLiam XAaron)
(WALK TA_XMatthew XAaron XMichael)
(WALK TA_XMatthew XMichael XElijah)
(HOMESAFE TA_XMatthew Xelijah)
