(DROPOFF TA_Xtwo Xzero)
(WALK TA_Xtwo Xzero Xthree)
(HOMESAFE TA_Xtwo Xthree)
(DROPOFF TA_Xseventyseven Xzero)
(WALK TA_Xseventyseven Xzero Xsix)
(HOMESAFE TA_Xseventyseven Xsix)
(DROPOFF TA_Xeightytwo Xzero)
(WALK TA_Xeightytwo Xzero Xtwo)
(HOMESAFE TA_Xeightytwo Xtwo)
(DROPOFF TA_Xfifteen Xzero)
(WALK TA_Xfifteen Xzero Xfive)
(HOMESAFE TA_Xfifteen Xfive)
(DROPOFF TA_Xtwentynine Xzero)
(WALK TA_Xtwentynine Xzero Xfour)
(HOMESAFE TA_Xtwentynine Xfour)
(DROPOFF TA_Xthree Xzero)
(WALK TA_Xthree Xzero Xseven)
(WALK TA_Xthree Xseven Xfourteen)
(HOMESAFE TA_Xthree Xfourteen)
(DROPOFF TA_Xthirtyfive Xzero)
(WALK TA_Xthirtyfive Xzero Xthree)
(WALK TA_Xthirtyfive Xthree Xten)
(HOMESAFE TA_Xthirtyfive Xten)
(DROPOFF TA_Xthirtyseven Xzero)
(WALK TA_Xthirtyseven Xzero Xfive)
(WALK TA_Xthirtyseven Xfive Xtwelve)
(HOMESAFE TA_Xthirtyseven Xtwelve)
(DROPOFF TA_Xsixtysix Xzero)
(WALK TA_Xsixtysix Xzero Xone)
(WALK TA_Xsixtysix Xone Xeight)
(WALK TA_Xsixtysix Xeight Xfifteen)
(HOMESAFE TA_Xsixtysix Xfifteen)
(DROPOFF TA_Xeightyseven Xzero)
(WALK TA_Xeightyseven Xzero Xsix)
(WALK TA_Xeightyseven Xsix Xthirteen)
(WALK TA_Xeightyseven Xthirteen Xtwenty)
(HOMESAFE TA_Xeightyseven Xtwenty)
(DROPOFF TA_Xtwelve Xzero)
(WALK TA_Xtwelve Xzero Xthree)
(WALK TA_Xtwelve Xthree Xten)
(WALK TA_Xtwelve Xten Xseventeen)
(WALK TA_Xtwelve Xseventeen Xtwentyfour)
(HOMESAFE TA_Xtwelve Xtwentyfour)
(DROPOFF TA_Xsix Xzero)
(WALK TA_Xsix Xzero Xone)
(WALK TA_Xsix Xone Xeight)
(WALK TA_Xsix Xeight Xfifteen)
(WALK TA_Xsix Xfifteen Xtwentytwo)
(HOMESAFE TA_Xsix Xtwentytwo)
(DROPOFF TA_Xsixtytwo Xzero)
(WALK TA_Xsixtytwo Xzero Xfour)
(WALK TA_Xsixtytwo Xfour Xeleven)
(WALK TA_Xsixtytwo Xeleven Xeighteen)
(WALK TA_Xsixtytwo Xeighteen Xtwentyfive)
(HOMESAFE TA_Xsixtytwo Xtwentyfive)
(DROPOFF TA_Xfive Xzero)
(WALK TA_Xfive Xzero Xfive)
(WALK TA_Xfive Xfive Xtwelve)
(WALK TA_Xfive Xtwelve Xnineteen)
(WALK TA_Xfive Xnineteen Xtwentysix)
(WALK TA_Xfive Xtwentysix Xthirtythree)
(HOMESAFE TA_Xfive Xthirtythree)
(DROPOFF TA_Xfiftyone Xzero)
(WALK TA_Xfiftyone Xzero Xone)
(WALK TA_Xfiftyone Xone Xeight)
(WALK TA_Xfiftyone Xeight Xfifteen)
(WALK TA_Xfiftyone Xfifteen Xtwentytwo)
(WALK TA_Xfiftyone Xtwentytwo Xtwentynine)
(HOMESAFE TA_Xfiftyone Xtwentynine)
(DROPOFF TA_Xfiftyseven Xzero)
(WALK TA_Xfiftyseven Xzero Xtwo)
(WALK TA_Xfiftyseven Xtwo Xnine)
(WALK TA_Xfiftyseven Xnine Xsixteen)
(WALK TA_Xfiftyseven Xsixteen Xtwentythree)
(WALK TA_Xfiftyseven Xtwentythree Xthirty)
(HOMESAFE TA_Xfiftyseven Xthirty)
(DROPOFF TA_Xseventyfive Xzero)
(WALK TA_Xseventyfive Xzero Xseven)
(WALK TA_Xseventyfive Xseven Xfourteen)
(WALK TA_Xseventyfive Xfourteen Xtwentyone)
(WALK TA_Xseventyfive Xtwentyone Xtwentyeight)
(WALK TA_Xseventyfive Xtwentyeight Xthirtyfive)
(HOMESAFE TA_Xseventyfive Xthirtyfive)
(DROPOFF TA_Xseventy Xzero)
(WALK TA_Xseventy Xzero Xsix)
(WALK TA_Xseventy Xsix Xthirteen)
(WALK TA_Xseventy Xthirteen Xtwenty)
(WALK TA_Xseventy Xtwenty Xtwentyseven)
(WALK TA_Xseventy Xtwentyseven Xthirtyfour)
(HOMESAFE TA_Xseventy Xthirtyfour)
(DROPOFF TA_Xsixtyeight Xzero)
(WALK TA_Xsixtyeight Xzero Xone)
(WALK TA_Xsixtyeight Xone Xeight)
(WALK TA_Xsixtyeight Xeight Xfifteen)
(WALK TA_Xsixtyeight Xfifteen Xtwentytwo)
(WALK TA_Xsixtyeight Xtwentytwo Xtwentynine)
(WALK TA_Xsixtyeight Xtwentynine Xthirtysix)
(HOMESAFE TA_Xsixtyeight Xthirtysix)
(DROPOFF TA_Xfifty Xzero)
(WALK TA_Xfifty Xzero Xfour)
(WALK TA_Xfifty Xfour Xeleven)
(WALK TA_Xfifty Xeleven Xeighteen)
(WALK TA_Xfifty Xeighteen Xtwentyfive)
(WALK TA_Xfifty Xtwentyfive Xthirtytwo)
(WALK TA_Xfifty Xthirtytwo Xthirtynine)
(HOMESAFE TA_Xfifty Xthirtynine)
(DROPOFF TA_Xeightynine Xzero)
(WALK TA_Xeightynine Xzero Xtwo)
(WALK TA_Xeightynine Xtwo Xnine)
(WALK TA_Xeightynine Xnine Xsixteen)
(WALK TA_Xeightynine Xsixteen Xtwentythree)
(WALK TA_Xeightynine Xtwentythree Xthirty)
(WALK TA_Xeightynine Xthirty Xthirtyseven)
(HOMESAFE TA_Xeightynine Xthirtyseven)
(DROPOFF TA_Xthirtynine Xzero)
(WALK TA_Xthirtynine Xzero Xtwo)
(WALK TA_Xthirtynine Xtwo Xnine)
(WALK TA_Xthirtynine Xnine Xsixteen)
(WALK TA_Xthirtynine Xsixteen Xtwentythree)
(WALK TA_Xthirtynine Xtwentythree Xthirty)
(WALK TA_Xthirtynine Xthirty Xthirtyseven)
(WALK TA_Xthirtynine Xthirtyseven Xfortyfour)
(HOMESAFE TA_Xthirtynine Xfortyfour)
(DROPOFF TA_Xthirtythree Xzero)
(WALK TA_Xthirtythree Xzero Xthree)
(WALK TA_Xthirtythree Xthree Xten)
(WALK TA_Xthirtythree Xten Xseventeen)
(WALK TA_Xthirtythree Xseventeen Xtwentyfour)
(WALK TA_Xthirtythree Xtwentyfour Xthirtyone)
(WALK TA_Xthirtythree Xthirtyone Xthirtyeight)
(WALK TA_Xthirtythree Xthirtyeight Xfortyfive)
(HOMESAFE TA_Xthirtythree Xfortyfive)
(DROPOFF TA_Xfortyfive Xzero)
(WALK TA_Xfortyfive Xzero Xsix)
(WALK TA_Xfortyfive Xsix Xthirteen)
(WALK TA_Xfortyfive Xthirteen Xtwenty)
(WALK TA_Xfortyfive Xtwenty Xtwentyseven)
(WALK TA_Xfortyfive Xtwentyseven Xthirtyfour)
(WALK TA_Xfortyfive Xthirtyfour Xfortyone)
(WALK TA_Xfortyfive Xfortyone Xfortyeight)
(HOMESAFE TA_Xfortyfive Xfortyeight)
(DROPOFF TA_Xeightyfour Xzero)
(WALK TA_Xeightyfour Xzero Xfive)
(WALK TA_Xeightyfour Xfive Xtwelve)
(WALK TA_Xeightyfour Xtwelve Xnineteen)
(WALK TA_Xeightyfour Xnineteen Xtwentysix)
(WALK TA_Xeightyfour Xtwentysix Xthirtythree)
(WALK TA_Xeightyfour Xthirtythree Xforty)
(WALK TA_Xeightyfour Xforty Xfortyseven)
(HOMESAFE TA_Xeightyfour Xfortyseven)
(DROPOFF TA_Xsixtyseven Xzero)
(WALK TA_Xsixtyseven Xzero Xfour)
(WALK TA_Xsixtyseven Xfour Xeleven)
(WALK TA_Xsixtyseven Xeleven Xeighteen)
(WALK TA_Xsixtyseven Xeighteen Xtwentyfive)
(WALK TA_Xsixtyseven Xtwentyfive Xthirtytwo)
(WALK TA_Xsixtyseven Xthirtytwo Xthirtynine)
(WALK TA_Xsixtyseven Xthirtynine Xfortysix)
(WALK TA_Xsixtyseven Xfortysix Xfiftythree)
(HOMESAFE TA_Xsixtyseven Xfiftythree)
(DROPOFF TA_Xtwenty Xzero)
(WALK TA_Xtwenty Xzero Xsix)
(WALK TA_Xtwenty Xsix Xthirteen)
(WALK TA_Xtwenty Xthirteen Xtwenty)
(WALK TA_Xtwenty Xtwenty Xtwentyseven)
(WALK TA_Xtwenty Xtwentyseven Xthirtyfour)
(WALK TA_Xtwenty Xthirtyfour Xfortyone)
(WALK TA_Xtwenty Xfortyone Xfortyeight)
(WALK TA_Xtwenty Xfortyeight Xfiftyfive)
(HOMESAFE TA_Xtwenty Xfiftyfive)
(DROPOFF TA_Xseventynine Xzero)
(WALK TA_Xseventynine Xzero Xtwo)
(WALK TA_Xseventynine Xtwo Xnine)
(WALK TA_Xseventynine Xnine Xsixteen)
(WALK TA_Xseventynine Xsixteen Xtwentythree)
(WALK TA_Xseventynine Xtwentythree Xthirty)
(WALK TA_Xseventynine Xthirty Xthirtyseven)
(WALK TA_Xseventynine Xthirtyseven Xfortyfour)
(WALK TA_Xseventynine Xfortyfour Xfiftyone)
(HOMESAFE TA_Xseventynine Xfiftyone)
(DROPOFF TA_Xfortyeight Xzero)
(WALK TA_Xfortyeight Xzero Xone)
(WALK TA_Xfortyeight Xone Xeight)
(WALK TA_Xfortyeight Xeight Xfifteen)
(WALK TA_Xfortyeight Xfifteen Xtwentytwo)
(WALK TA_Xfortyeight Xtwentytwo Xtwentynine)
(WALK TA_Xfortyeight Xtwentynine Xthirtysix)
(WALK TA_Xfortyeight Xthirtysix Xfortythree)
(WALK TA_Xfortyeight Xfortythree Xfifty)
(HOMESAFE TA_Xfortyeight Xfifty)
(DROPOFF TA_Xsixtyone Xzero)
(WALK TA_Xsixtyone Xzero Xfour)
(WALK TA_Xsixtyone Xfour Xeleven)
(WALK TA_Xsixtyone Xeleven Xeighteen)
(WALK TA_Xsixtyone Xeighteen Xtwentyfive)
(WALK TA_Xsixtyone Xtwentyfive Xthirtytwo)
(WALK TA_Xsixtyone Xthirtytwo Xthirtynine)
(WALK TA_Xsixtyone Xthirtynine Xfortysix)
(WALK TA_Xsixtyone Xfortysix Xfiftythree)
(WALK TA_Xsixtyone Xfiftythree Xsixty)
(HOMESAFE TA_Xsixtyone Xsixty)
(DROPOFF TA_Xten Xzero)
(WALK TA_Xten Xzero Xsix)
(WALK TA_Xten Xsix Xthirteen)
(WALK TA_Xten Xthirteen Xtwenty)
(WALK TA_Xten Xtwenty Xtwentyseven)
(WALK TA_Xten Xtwentyseven Xthirtyfour)
(WALK TA_Xten Xthirtyfour Xfortyone)
(WALK TA_Xten Xfortyone Xfortyeight)
(WALK TA_Xten Xfortyeight Xfiftyfive)
(WALK TA_Xten Xfiftyfive Xsixtytwo)
(HOMESAFE TA_Xten Xsixtytwo)
(DROPOFF TA_Xninetyfive Xzero)
(WALK TA_Xninetyfive Xzero Xone)
(WALK TA_Xninetyfive Xone Xeight)
(WALK TA_Xninetyfive Xeight Xfifteen)
(WALK TA_Xninetyfive Xfifteen Xtwentytwo)
(WALK TA_Xninetyfive Xtwentytwo Xtwentynine)
(WALK TA_Xninetyfive Xtwentynine Xthirtysix)
(WALK TA_Xninetyfive Xthirtysix Xfortythree)
(WALK TA_Xninetyfive Xfortythree Xfifty)
(WALK TA_Xninetyfive Xfifty Xfiftyseven)
(HOMESAFE TA_Xninetyfive Xfiftyseven)
(DROPOFF TA_Xfourteen Xzero)
(WALK TA_Xfourteen Xzero Xfive)
(WALK TA_Xfourteen Xfive Xtwelve)
(WALK TA_Xfourteen Xtwelve Xnineteen)
(WALK TA_Xfourteen Xnineteen Xtwentysix)
(WALK TA_Xfourteen Xtwentysix Xthirtythree)
(WALK TA_Xfourteen Xthirtythree Xforty)
(WALK TA_Xfourteen Xforty Xfortyseven)
(WALK TA_Xfourteen Xfortyseven Xfiftyfour)
(WALK TA_Xfourteen Xfiftyfour Xsixtyone)
(HOMESAFE TA_Xfourteen Xsixtyone)
(DROPOFF TA_Xseventyeight Xzero)
(WALK TA_Xseventyeight Xzero Xtwo)
(WALK TA_Xseventyeight Xtwo Xnine)
(WALK TA_Xseventyeight Xnine Xsixteen)
(WALK TA_Xseventyeight Xsixteen Xtwentythree)
(WALK TA_Xseventyeight Xtwentythree Xthirty)
(WALK TA_Xseventyeight Xthirty Xthirtyseven)
(WALK TA_Xseventyeight Xthirtyseven Xfortyfour)
(WALK TA_Xseventyeight Xfortyfour Xfiftyone)
(WALK TA_Xseventyeight Xfiftyone Xfiftyeight)
(WALK TA_Xseventyeight Xfiftyeight Xsixtyfive)
(HOMESAFE TA_Xseventyeight Xsixtyfive)
(DROPOFF TA_Xthirtysix Xzero)
(WALK TA_Xthirtysix Xzero Xseven)
(WALK TA_Xthirtysix Xseven Xfourteen)
(WALK TA_Xthirtysix Xfourteen Xtwentyone)
(WALK TA_Xthirtysix Xtwentyone Xtwentyeight)
(WALK TA_Xthirtysix Xtwentyeight Xthirtyfive)
(WALK TA_Xthirtysix Xthirtyfive Xfortytwo)
(WALK TA_Xthirtysix Xfortytwo Xfortynine)
(WALK TA_Xthirtysix Xfortynine Xfiftysix)
(WALK TA_Xthirtysix Xfiftysix Xsixtythree)
(WALK TA_Xthirtysix Xsixtythree Xseventy)
(HOMESAFE TA_Xthirtysix Xseventy)
(DROPOFF TA_Xfiftythree Xzero)
(WALK TA_Xfiftythree Xzero Xfour)
(WALK TA_Xfiftythree Xfour Xeleven)
(WALK TA_Xfiftythree Xeleven Xeighteen)
(WALK TA_Xfiftythree Xeighteen Xtwentyfive)
(WALK TA_Xfiftythree Xtwentyfive Xthirtytwo)
(WALK TA_Xfiftythree Xthirtytwo Xthirtynine)
(WALK TA_Xfiftythree Xthirtynine Xfortysix)
(WALK TA_Xfiftythree Xfortysix Xfiftythree)
(WALK TA_Xfiftythree Xfiftythree Xsixty)
(WALK TA_Xfiftythree Xsixty Xsixtyseven)
(HOMESAFE TA_Xfiftythree Xsixtyseven)
(DROPOFF TA_Xfiftyfive Xzero)
(WALK TA_Xfiftyfive Xzero Xfive)
(WALK TA_Xfiftyfive Xfive Xtwelve)
(WALK TA_Xfiftyfive Xtwelve Xnineteen)
(WALK TA_Xfiftyfive Xnineteen Xtwentysix)
(WALK TA_Xfiftyfive Xtwentysix Xthirtythree)
(WALK TA_Xfiftyfive Xthirtythree Xforty)
(WALK TA_Xfiftyfive Xforty Xfortyseven)
(WALK TA_Xfiftyfive Xfortyseven Xfiftyfour)
(WALK TA_Xfiftyfive Xfiftyfour Xsixtyone)
(WALK TA_Xfiftyfive Xsixtyone Xsixtyeight)
(HOMESAFE TA_Xfiftyfive Xsixtyeight)
(DROPOFF TA_Xsixty Xzero)
(WALK TA_Xsixty Xzero Xthree)
(WALK TA_Xsixty Xthree Xten)
(WALK TA_Xsixty Xten Xseventeen)
(WALK TA_Xsixty Xseventeen Xtwentyfour)
(WALK TA_Xsixty Xtwentyfour Xthirtyone)
(WALK TA_Xsixty Xthirtyone Xthirtyeight)
(WALK TA_Xsixty Xthirtyeight Xfortyfive)
(WALK TA_Xsixty Xfortyfive Xfiftytwo)
(WALK TA_Xsixty Xfiftytwo Xfiftynine)
(WALK TA_Xsixty Xfiftynine Xsixtysix)
(HOMESAFE TA_Xsixty Xsixtysix)
(DROPOFF TA_Xthirty Xzero)
(WALK TA_Xthirty Xzero Xone)
(WALK TA_Xthirty Xone Xeight)
(WALK TA_Xthirty Xeight Xfifteen)
(WALK TA_Xthirty Xfifteen Xtwentytwo)
(WALK TA_Xthirty Xtwentytwo Xtwentynine)
(WALK TA_Xthirty Xtwentynine Xthirtysix)
(WALK TA_Xthirty Xthirtysix Xfortythree)
(WALK TA_Xthirty Xfortythree Xfifty)
(WALK TA_Xthirty Xfifty Xfiftyseven)
(WALK TA_Xthirty Xfiftyseven Xsixtyfour)
(WALK TA_Xthirty Xsixtyfour Xseventyone)
(HOMESAFE TA_Xthirty Xseventyone)
(DROPOFF TA_Xthirtyfour Xzero)
(WALK TA_Xthirtyfour Xzero Xseven)
(WALK TA_Xthirtyfour Xseven Xfourteen)
(WALK TA_Xthirtyfour Xfourteen Xtwentyone)
(WALK TA_Xthirtyfour Xtwentyone Xtwentyeight)
(WALK TA_Xthirtyfour Xtwentyeight Xthirtyfive)
(WALK TA_Xthirtyfour Xthirtyfive Xfortytwo)
(WALK TA_Xthirtyfour Xfortytwo Xfortynine)
(WALK TA_Xthirtyfour Xfortynine Xfiftysix)
(WALK TA_Xthirtyfour Xfiftysix Xsixtythree)
(WALK TA_Xthirtyfour Xsixtythree Xseventy)
(WALK TA_Xthirtyfour Xseventy Xseventyseven)
(HOMESAFE TA_Xthirtyfour Xseventyseven)
(DROPOFF TA_Xeightyone Xzero)
(WALK TA_Xeightyone Xzero Xfive)
(WALK TA_Xeightyone Xfive Xtwelve)
(WALK TA_Xeightyone Xtwelve Xnineteen)
(WALK TA_Xeightyone Xnineteen Xtwentysix)
(WALK TA_Xeightyone Xtwentysix Xthirtythree)
(WALK TA_Xeightyone Xthirtythree Xforty)
(WALK TA_Xeightyone Xforty Xfortyseven)
(WALK TA_Xeightyone Xfortyseven Xfiftyfour)
(WALK TA_Xeightyone Xfiftyfour Xsixtyone)
(WALK TA_Xeightyone Xsixtyone Xsixtyeight)
(WALK TA_Xeightyone Xsixtyeight Xseventyfive)
(HOMESAFE TA_Xeightyone Xseventyfive)
(DROPOFF TA_Xfour Xzero)
(WALK TA_Xfour Xzero Xone)
(WALK TA_Xfour Xone Xeight)
(WALK TA_Xfour Xeight Xfifteen)
(WALK TA_Xfour Xfifteen Xtwentytwo)
(WALK TA_Xfour Xtwentytwo Xtwentynine)
(WALK TA_Xfour Xtwentynine Xthirtysix)
(WALK TA_Xfour Xthirtysix Xfortythree)
(WALK TA_Xfour Xfortythree Xfifty)
(WALK TA_Xfour Xfifty Xfiftyseven)
(WALK TA_Xfour Xfiftyseven Xsixtyfour)
(WALK TA_Xfour Xsixtyfour Xseventyone)
(WALK TA_Xfour Xseventyone Xseventyeight)
(HOMESAFE TA_Xfour Xseventyeight)
(DROPOFF TA_Xfortyseven Xzero)
(WALK TA_Xfortyseven Xzero Xfive)
(WALK TA_Xfortyseven Xfive Xtwelve)
(WALK TA_Xfortyseven Xtwelve Xnineteen)
(WALK TA_Xfortyseven Xnineteen Xtwentysix)
(WALK TA_Xfortyseven Xtwentysix Xthirtythree)
(WALK TA_Xfortyseven Xthirtythree Xforty)
(WALK TA_Xfortyseven Xforty Xfortyseven)
(WALK TA_Xfortyseven Xfortyseven Xfiftyfour)
(WALK TA_Xfortyseven Xfiftyfour Xsixtyone)
(WALK TA_Xfortyseven Xsixtyone Xsixtyeight)
(WALK TA_Xfortyseven Xsixtyeight Xseventyfive)
(WALK TA_Xfortyseven Xseventyfive Xeightytwo)
(HOMESAFE TA_Xfortyseven Xeightytwo)
(DROPOFF TA_Xseventyone Xzero)
(WALK TA_Xseventyone Xzero Xfour)
(WALK TA_Xseventyone Xfour Xeleven)
(WALK TA_Xseventyone Xeleven Xeighteen)
(WALK TA_Xseventyone Xeighteen Xtwentyfive)
(WALK TA_Xseventyone Xtwentyfive Xthirtytwo)
(WALK TA_Xseventyone Xthirtytwo Xthirtynine)
(WALK TA_Xseventyone Xthirtynine Xfortysix)
(WALK TA_Xseventyone Xfortysix Xfiftythree)
(WALK TA_Xseventyone Xfiftythree Xsixty)
(WALK TA_Xseventyone Xsixty Xsixtyseven)
(WALK TA_Xseventyone Xsixtyseven Xseventyfour)
(WALK TA_Xseventyone Xseventyfour Xeightyone)
(HOMESAFE TA_Xseventyone Xeightyone)
(DROPOFF TA_Xtwentyfive Xzero)
(WALK TA_Xtwentyfive Xzero Xtwo)
(WALK TA_Xtwentyfive Xtwo Xnine)
(WALK TA_Xtwentyfive Xnine Xsixteen)
(WALK TA_Xtwentyfive Xsixteen Xtwentythree)
(WALK TA_Xtwentyfive Xtwentythree Xthirty)
(WALK TA_Xtwentyfive Xthirty Xthirtyseven)
(WALK TA_Xtwentyfive Xthirtyseven Xfortyfour)
(WALK TA_Xtwentyfive Xfortyfour Xfiftyone)
(WALK TA_Xtwentyfive Xfiftyone Xfiftyeight)
(WALK TA_Xtwentyfive Xfiftyeight Xsixtyfive)
(WALK TA_Xtwentyfive Xsixtyfive Xseventytwo)
(WALK TA_Xtwentyfive Xseventytwo Xseventynine)
(HOMESAFE TA_Xtwentyfive Xseventynine)
(DROPOFF TA_Xtwentytwo Xzero)
(WALK TA_Xtwentytwo Xzero Xseven)
(WALK TA_Xtwentytwo Xseven Xfourteen)
(WALK TA_Xtwentytwo Xfourteen Xtwentyone)
(WALK TA_Xtwentytwo Xtwentyone Xtwentyeight)
(WALK TA_Xtwentytwo Xtwentyeight Xthirtyfive)
(WALK TA_Xtwentytwo Xthirtyfive Xfortytwo)
(WALK TA_Xtwentytwo Xfortytwo Xfortynine)
(WALK TA_Xtwentytwo Xfortynine Xfiftysix)
(WALK TA_Xtwentytwo Xfiftysix Xsixtythree)
(WALK TA_Xtwentytwo Xsixtythree Xseventy)
(WALK TA_Xtwentytwo Xseventy Xseventyseven)
(WALK TA_Xtwentytwo Xseventyseven Xeightyfour)
(HOMESAFE TA_Xtwentytwo Xeightyfour)
(DROPOFF TA_Xeightyeight Xzero)
(WALK TA_Xeightyeight Xzero Xfour)
(WALK TA_Xeightyeight Xfour Xeleven)
(WALK TA_Xeightyeight Xeleven Xeighteen)
(WALK TA_Xeightyeight Xeighteen Xtwentyfive)
(WALK TA_Xeightyeight Xtwentyfive Xthirtytwo)
(WALK TA_Xeightyeight Xthirtytwo Xthirtynine)
(WALK TA_Xeightyeight Xthirtynine Xfortysix)
(WALK TA_Xeightyeight Xfortysix Xfiftythree)
(WALK TA_Xeightyeight Xfiftythree Xsixty)
(WALK TA_Xeightyeight Xsixty Xsixtyseven)
(WALK TA_Xeightyeight Xsixtyseven Xseventyfour)
(WALK TA_Xeightyeight Xseventyfour Xeightyone)
(WALK TA_Xeightyeight Xeightyone Xeightyeight)
(HOMESAFE TA_Xeightyeight Xeightyeight)
(DROPOFF TA_Xfortyfour Xzero)
(WALK TA_Xfortyfour Xzero Xfive)
(WALK TA_Xfortyfour Xfive Xtwelve)
(WALK TA_Xfortyfour Xtwelve Xnineteen)
(WALK TA_Xfortyfour Xnineteen Xtwentysix)
(WALK TA_Xfortyfour Xtwentysix Xthirtythree)
(WALK TA_Xfortyfour Xthirtythree Xforty)
(WALK TA_Xfortyfour Xforty Xfortyseven)
(WALK TA_Xfortyfour Xfortyseven Xfiftyfour)
(WALK TA_Xfortyfour Xfiftyfour Xsixtyone)
(WALK TA_Xfortyfour Xsixtyone Xsixtyeight)
(WALK TA_Xfortyfour Xsixtyeight Xseventyfive)
(WALK TA_Xfortyfour Xseventyfive Xeightytwo)
(WALK TA_Xfortyfour Xeightytwo Xeightynine)
(HOMESAFE TA_Xfortyfour Xeightynine)
(DROPOFF TA_Xtwentyfour Xzero)
(WALK TA_Xtwentyfour Xzero Xthree)
(WALK TA_Xtwentyfour Xthree Xten)
(WALK TA_Xtwentyfour Xten Xseventeen)
(WALK TA_Xtwentyfour Xseventeen Xtwentyfour)
(WALK TA_Xtwentyfour Xtwentyfour Xthirtyone)
(WALK TA_Xtwentyfour Xthirtyone Xthirtyeight)
(WALK TA_Xtwentyfour Xthirtyeight Xfortyfive)
(WALK TA_Xtwentyfour Xfortyfive Xfiftytwo)
(WALK TA_Xtwentyfour Xfiftytwo Xfiftynine)
(WALK TA_Xtwentyfour Xfiftynine Xsixtysix)
(WALK TA_Xtwentyfour Xsixtysix Xseventythree)
(WALK TA_Xtwentyfour Xseventythree Xeighty)
(WALK TA_Xtwentyfour Xeighty Xeightyseven)
(HOMESAFE TA_Xtwentyfour Xeightyseven)
(DROPOFF TA_Xsixtyfive Xzero)
(WALK TA_Xsixtyfive Xzero Xfour)
(WALK TA_Xsixtyfive Xfour Xeleven)
(WALK TA_Xsixtyfive Xeleven Xeighteen)
(WALK TA_Xsixtyfive Xeighteen Xtwentyfive)
(WALK TA_Xsixtyfive Xtwentyfive Xthirtytwo)
(WALK TA_Xsixtyfive Xthirtytwo Xthirtynine)
(WALK TA_Xsixtyfive Xthirtynine Xfortysix)
(WALK TA_Xsixtyfive Xfortysix Xfiftythree)
(WALK TA_Xsixtyfive Xfiftythree Xsixty)
(WALK TA_Xsixtyfive Xsixty Xsixtyseven)
(WALK TA_Xsixtyfive Xsixtyseven Xseventyfour)
(WALK TA_Xsixtyfive Xseventyfour Xeightyone)
(WALK TA_Xsixtyfive Xeightyone Xeightyeight)
(WALK TA_Xsixtyfive Xeightyeight Xninetyfive)
(HOMESAFE TA_Xsixtyfive Xninetyfive)
