(DRIVE Xzero Xsix)
(DROPOFF TA_Xfortysix Xsix)
(HOMESAFE TA_Xfortysix Xsix)
(DRIVE Xsix Xthirteen)
(DROPOFF TA_Xfortyfive Xthirteen)
(HOMESAFE TA_Xfortyfive Xthirteen)
(DRIVE Xthirteen Xfourteen)
(DROPOFF TA_Xfortytwo Xfourteen)
(HOMESAFE TA_Xfortytwo Xfourteen)
(DRIVE Xfourteen Xtwentyone)
(DRIVE Xtwentyone Xtwentyeight)
(DRIVE Xtwentyeight Xthirtyfive)
(DROPOFF TA_Xforty Xthirtyfive)
(HOMESAFE TA_Xforty Xthirtyfive)
(DRIVE Xthirtyfive Xthirtyfour)
(DROPOFF TA_Xthirtyeight Xthirtyfour)
(HOMESAFE TA_Xthirtyeight Xthirtyfour)
(DRIVE Xthirtyfour Xthirtyfive)
(DRIVE Xthirtyfive Xtwentyeight)
(DRIVE Xtwentyeight Xtwentyone)
(DRIVE Xtwentyone Xtwenty)
(DROPOFF TA_Xthirtyseven Xtwenty)
(HOMESAFE TA_Xthirtyseven Xtwenty)
(DRIVE Xtwenty Xnineteen)
(DROPOFF TA_Xthirtyfive Xnineteen)
(HOMESAFE TA_Xthirtyfive Xnineteen)
(DRIVE Xnineteen Xeighteen)
(DROPOFF TA_Xthirtyfour Xeighteen)
(HOMESAFE TA_Xthirtyfour Xeighteen)
(DRIVE Xeighteen Xseventeen)
(DRIVE Xseventeen Xtwentyfour)
(DRIVE Xtwentyfour Xthirtyone)
(DROPOFF TA_Xthirtytwo Xthirtyone)
(HOMESAFE TA_Xthirtytwo Xthirtyone)
(DRIVE Xthirtyone Xthirtyeight)
(DROPOFF TA_Xthirtyone Xthirtyeight)
(DRIVE Xthirtyeight Xthirtyone)
(DRIVE Xthirtyone Xtwentyfour)
(DRIVE Xtwentyfour Xseventeen)
(WALK TA_Xthirtyone Xthirtyeight Xthirtyseven)
(WALK TA_Xthirtyone Xthirtyseven Xthirtysix)
(DRIVE Xseventeen Xten)
(DRIVE Xten Xeleven)
(DROPOFF TA_Xtwentyfive Xeleven)
(DRIVE Xeleven Xten)
(WALK TA_Xtwentyfive Xeleven Xtwelve)
(WALK TA_Xtwentyfive Xtwelve Xfive)
(HOMESAFE TA_Xtwentyfive Xfive)
(DRIVE Xten Xeleven)
(DROPOFF TA_Xtwenty Xeleven)
(DRIVE Xeleven Xten)
(WALK TA_Xtwenty Xeleven Xtwelve)
(HOMESAFE TA_Xtwenty Xtwelve)
(DRIVE Xten Xeleven)
(DROPOFF TA_Xnineteen Xeleven)
(HOMESAFE TA_Xnineteen Xeleven)
(DRIVE Xeleven Xeighteen)
(WALK TA_Xthirtyone Xthirtysix Xthirtyseven)
(DRIVE Xeighteen Xseventeen)
(DROPOFF TA_Xeighteen Xseventeen)
(DRIVE Xseventeen Xten)
(WALK TA_Xeighteen Xseventeen Xsixteen)
(DRIVE Xten Xthree)
(DROPOFF TA_Xsixteen Xthree)
(DRIVE Xthree Xzero)
(HOMESAFE TA_Xsixteen Xthree)
(WALK TA_Xeighteen Xsixteen Xseventeen)
(WALK TA_Xeighteen Xseventeen Xeighteen)
(WALK TA_Xeighteen Xeighteen Xtwentyfive)
(DRIVE Xzero Xseven)
(DROPOFF TA_Xfifteen Xseven)
(DRIVE Xseven Xone)
(WALK TA_Xthirtyone Xthirtyseven Xthirtyeight)
(HOMESAFE TA_Xfifteen Xseven)
(DRIVE Xone Xeight)
(DRIVE Xeight Xnine)
(DROPOFF TA_Xfourteen Xnine)
(DRIVE Xnine Xsixteen)
(DROPOFF TA_Xthirteen Xsixteen)
(HOMESAFE TA_Xeighteen Xtwentyfive)
(WALK TA_Xthirtyone Xthirtyeight Xthirtyseven)
(DRIVE Xsixteen Xseventeen)
(DRIVE Xseventeen Xeighteen)
(WALK TA_Xthirteen Xsixteen Xfifteen)
(HOMESAFE TA_Xthirteen Xfifteen)
(DRIVE Xeighteen Xseventeen)
(DRIVE Xseventeen Xsixteen)
(DROPOFF TA_Xtwelve Xsixteen)
(DRIVE Xsixteen Xseventeen)
(DRIVE Xseventeen Xeighteen)
(WALK TA_Xthirtyone Xthirtyseven Xthirtyeight)
(DRIVE Xeighteen Xtwentyfive)
(DRIVE Xtwentyfive Xthirtytwo)
(DROPOFF TA_Xeleven Xthirtytwo)
(HOMESAFE TA_Xeleven Xthirtytwo)
(HOMESAFE TA_Xthirtyone Xthirtyeight)
(HOMESAFE TA_Xfourteen Xnine)
(HOMESAFE TA_Xtwelve Xsixteen)
(DRIVE Xthirtytwo Xthirtynine)
(DRIVE Xthirtynine Xforty)
(DROPOFF TA_Xnine Xforty)
(DRIVE Xforty Xfortyone)
(DRIVE Xfortyone Xfortytwo)
(DROPOFF TA_Xseven Xfortytwo)
(HOMESAFE TA_Xseven Xfortytwo)
(DRIVE Xfortytwo Xthirtysix)
(DRIVE Xthirtysix Xthirtyseven)
(HOMESAFE TA_Xnine Xforty)
(DROPOFF TA_Xsix Xthirtyseven)
(DRIVE Xthirtyseven Xthirtyeight)
(HOMESAFE TA_Xsix Xthirtyseven)
(DRIVE Xthirtyeight Xfortyfive)
(DROPOFF TA_Xfive Xfortyfive)
(HOMESAFE TA_Xfive Xfortyfive)
(DRIVE Xfortyfive Xfortysix)
(DROPOFF TA_Xthree Xfortysix)
(HOMESAFE TA_Xthree Xfortysix)
(DRIVE Xfortysix Xthirtynine)
(DRIVE Xthirtynine Xthirtytwo)
(DRIVE Xthirtytwo Xtwentyfive)
(DRIVE Xtwentyfive Xeighteen)
(DRIVE Xeighteen Xeleven)
(DRIVE Xeleven Xfour)
(DRIVE Xfour Xzero)
