(DROPOFF TA_XAfghanistan XAfghanistan)
(HOMESAFE TA_XAfghanistan Xafghanistan)
(DROPOFF TA_XCzechoslovakia XAfghanistan)
(WALK TA_XCzechoslovakia XAfghanistan XAlbania)
(HOMESAFE TA_XCzechoslovakia Xalbania)
(DROPOFF TA_XChad XAfghanistan)
(WALK TA_XChad XAfghanistan XDjibouti)
(HOMESAFE TA_XChad Xdjibouti)
(DROPOFF TA_XAustria XAfghanistan)
(WALK TA_XAustria XAfghanistan XDjibouti)
(WALK TA_XAustria XDjibouti XDenmark)
(HOMESAFE TA_XAustria Xdenmark)
(DROPOFF TA_XBangladesh XAfghanistan)
(WALK TA_XBangladesh XAfghanistan XAlbania)
(WALK TA_XBangladesh XAlbania XAlgeria)
(HOMESAFE TA_XBangladesh Xalgeria)
(DROPOFF TA_XComoros XAfghanistan)
(WALK TA_XComoros XAfghanistan XDjibouti)
(WALK TA_XComoros XDjibouti XDenmark)
(WALK TA_XComoros XDenmark XCongo)
(HOMESAFE TA_XComoros Xcongo)
(DROPOFF TA_XCzechi XAfghanistan)
(WALK TA_XCzechi XAfghanistan XAlbania)
(WALK TA_XCzechi XAlbania XAlgeria)
(WALK TA_XCzechi XAlgeria XAndorra)
(HOMESAFE TA_XCzechi Xandorra)
(DROPOFF TA_XBavaria XAfghanistan)
(WALK TA_XBavaria XAfghanistan XDjibouti)
(WALK TA_XBavaria XDjibouti XDenmark)
(WALK TA_XBavaria XDenmark XCongo)
(WALK TA_XBavaria XCongo XCzechoslovakia)
(HOMESAFE TA_XBavaria Xczechoslovakia)
(DROPOFF TA_XAustralia XAfghanistan)
(WALK TA_XAustralia XAfghanistan XAlbania)
(WALK TA_XAustralia XAlbania XAlgeria)
(WALK TA_XAustralia XAlgeria XAndorra)
(WALK TA_XAustralia XAndorra XAngola)
(HOMESAFE TA_XAustralia Xangola)
(DROPOFF TA_XAlbania XAfghanistan)
(WALK TA_XAlbania XAfghanistan XAlbania)
(WALK TA_XAlbania XAlbania XAlgeria)
(WALK TA_XAlbania XAlgeria XAndorra)
(WALK TA_XAlbania XAndorra XAngola)
(WALK TA_XAlbania XAngola XAntigu)
(HOMESAFE TA_XAlbania Xantigu)
(DROPOFF TA_XCanada XAfghanistan)
(WALK TA_XCanada XAfghanistan XDjibouti)
(WALK TA_XCanada XDjibouti XDenmark)
(WALK TA_XCanada XDenmark XCongo)
(WALK TA_XCanada XCongo XCzechoslovakia)
(WALK TA_XCanada XCzechoslovakia XCzechi)
(HOMESAFE TA_XCanada Xczechi)
(DROPOFF TA_XBolivia XAfghanistan)
(WALK TA_XBolivia XAfghanistan XDjibouti)
(WALK TA_XBolivia XDjibouti XDenmark)
(WALK TA_XBolivia XDenmark XCongo)
(WALK TA_XBolivia XCongo XCzechoslovakia)
(WALK TA_XBolivia XCzechoslovakia XCzechi)
(WALK TA_XBolivia XCzechi XCyprus)
(HOMESAFE TA_XBolivia Xcyprus)
(DROPOFF TA_XCabo XAfghanistan)
(WALK TA_XCabo XAfghanistan XAlbania)
(WALK TA_XCabo XAlbania XAlgeria)
(WALK TA_XCabo XAlgeria XAndorra)
(WALK TA_XCabo XAndorra XAngola)
(WALK TA_XCabo XAngola XAntigu)
(WALK TA_XCabo XAntigu XArgentina)
(HOMESAFE TA_XCabo Xargentina)
(DROPOFF TA_XBrunei XAfghanistan)
(WALK TA_XBrunei XAfghanistan XAlbania)
(WALK TA_XBrunei XAlbania XAlgeria)
(WALK TA_XBrunei XAlgeria XAndorra)
(WALK TA_XBrunei XAndorra XAngola)
(WALK TA_XBrunei XAngola XAntigu)
(WALK TA_XBrunei XAntigu XArgentina)
(WALK TA_XBrunei XArgentina XArmenia)
(HOMESAFE TA_XBrunei Xarmenia)
(DROPOFF TA_XCostarica XAfghanistan)
(WALK TA_XCostarica XAfghanistan XDjibouti)
(WALK TA_XCostarica XDjibouti XDenmark)
(WALK TA_XCostarica XDenmark XCongo)
(WALK TA_XCostarica XCongo XCzechoslovakia)
(WALK TA_XCostarica XCzechoslovakia XCzechi)
(WALK TA_XCostarica XCzechi XCyprus)
(WALK TA_XCostarica XCyprus XCuba)
(HOMESAFE TA_XCostarica Xcuba)
(DROPOFF TA_XBotswana XAfghanistan)
(WALK TA_XBotswana XAfghanistan XAlbania)
(WALK TA_XBotswana XAlbania XAlgeria)
(WALK TA_XBotswana XAlgeria XAndorra)
(WALK TA_XBotswana XAndorra XAngola)
(WALK TA_XBotswana XAngola XAntigu)
(WALK TA_XBotswana XAntigu XArgentina)
(WALK TA_XBotswana XArgentina XArmenia)
(WALK TA_XBotswana XArmenia XAustralia)
(HOMESAFE TA_XBotswana Xaustralia)
(DROPOFF TA_XBrunswick XAfghanistan)
(WALK TA_XBrunswick XAfghanistan XDjibouti)
(WALK TA_XBrunswick XDjibouti XDenmark)
(WALK TA_XBrunswick XDenmark XCongo)
(WALK TA_XBrunswick XCongo XCzechoslovakia)
(WALK TA_XBrunswick XCzechoslovakia XCzechi)
(WALK TA_XBrunswick XCzechi XCyprus)
(WALK TA_XBrunswick XCyprus XCuba)
(WALK TA_XBrunswick XCuba XCroatia)
(HOMESAFE TA_XBrunswick Xcroatia)
(DROPOFF TA_XBelarus XAfghanistan)
(WALK TA_XBelarus XAfghanistan XDjibouti)
(WALK TA_XBelarus XDjibouti XDenmark)
(WALK TA_XBelarus XDenmark XCongo)
(WALK TA_XBelarus XCongo XCzechoslovakia)
(WALK TA_XBelarus XCzechoslovakia XCzechi)
(WALK TA_XBelarus XCzechi XCyprus)
(WALK TA_XBelarus XCyprus XCuba)
(WALK TA_XBelarus XCuba XCroatia)
(WALK TA_XBelarus XCroatia XCotedIvoire)
(HOMESAFE TA_XBelarus XcotedIvoire)
(DROPOFF TA_XBrazil XAfghanistan)
(WALK TA_XBrazil XAfghanistan XAlbania)
(WALK TA_XBrazil XAlbania XAlgeria)
(WALK TA_XBrazil XAlgeria XAndorra)
(WALK TA_XBrazil XAndorra XAngola)
(WALK TA_XBrazil XAngola XAntigu)
(WALK TA_XBrazil XAntigu XArgentina)
(WALK TA_XBrazil XArgentina XArmenia)
(WALK TA_XBrazil XArmenia XAustralia)
(WALK TA_XBrazil XAustralia XAustria)
(HOMESAFE TA_XBrazil Xaustria)
(DROPOFF TA_XArmenia XAfghanistan)
(WALK TA_XArmenia XAfghanistan XAlbania)
(WALK TA_XArmenia XAlbania XAlgeria)
(WALK TA_XArmenia XAlgeria XAndorra)
(WALK TA_XArmenia XAndorra XAngola)
(WALK TA_XArmenia XAngola XAntigu)
(WALK TA_XArmenia XAntigu XArgentina)
(WALK TA_XArmenia XArgentina XArmenia)
(WALK TA_XArmenia XArmenia XAustralia)
(WALK TA_XArmenia XAustralia XAustria)
(WALK TA_XArmenia XAustria XAustrian)
(HOMESAFE TA_XArmenia Xaustrian)
(DROPOFF TA_XAntigu XAfghanistan)
(WALK TA_XAntigu XAfghanistan XDjibouti)
(WALK TA_XAntigu XDjibouti XDenmark)
(WALK TA_XAntigu XDenmark XCongo)
(WALK TA_XAntigu XCongo XCzechoslovakia)
(WALK TA_XAntigu XCzechoslovakia XCzechi)
(WALK TA_XAntigu XCzechi XCyprus)
(WALK TA_XAntigu XCyprus XCuba)
(WALK TA_XAntigu XCuba XCroatia)
(WALK TA_XAntigu XCroatia XCotedIvoire)
(WALK TA_XAntigu XCotedIvoire XCostarica)
(HOMESAFE TA_XAntigu Xcostarica)
(DROPOFF TA_XBarbados XAfghanistan)
(WALK TA_XBarbados XAfghanistan XDjibouti)
(WALK TA_XBarbados XDjibouti XDenmark)
(WALK TA_XBarbados XDenmark XCongo)
(WALK TA_XBarbados XCongo XCzechoslovakia)
(WALK TA_XBarbados XCzechoslovakia XCzechi)
(WALK TA_XBarbados XCzechi XCyprus)
(WALK TA_XBarbados XCyprus XCuba)
(WALK TA_XBarbados XCuba XCroatia)
(WALK TA_XBarbados XCroatia XCotedIvoire)
(WALK TA_XBarbados XCotedIvoire XCostarica)
(WALK TA_XBarbados XCostarica XComoros)
(HOMESAFE TA_XBarbados Xcomoros)
(DROPOFF TA_XCuba XAfghanistan)
(WALK TA_XCuba XAfghanistan XAlbania)
(WALK TA_XCuba XAlbania XAlgeria)
(WALK TA_XCuba XAlgeria XAndorra)
(WALK TA_XCuba XAndorra XAngola)
(WALK TA_XCuba XAngola XAntigu)
(WALK TA_XCuba XAntigu XArgentina)
(WALK TA_XCuba XArgentina XArmenia)
(WALK TA_XCuba XArmenia XAustralia)
(WALK TA_XCuba XAustralia XAustria)
(WALK TA_XCuba XAustria XAustrian)
(WALK TA_XCuba XAustrian XAzerbaijan)
(HOMESAFE TA_XCuba Xazerbaijan)
(DROPOFF TA_XAzerbaijan XAfghanistan)
(WALK TA_XAzerbaijan XAfghanistan XDjibouti)
(WALK TA_XAzerbaijan XDjibouti XDenmark)
(WALK TA_XAzerbaijan XDenmark XCongo)
(WALK TA_XAzerbaijan XCongo XCzechoslovakia)
(WALK TA_XAzerbaijan XCzechoslovakia XCzechi)
(WALK TA_XAzerbaijan XCzechi XCyprus)
(WALK TA_XAzerbaijan XCyprus XCuba)
(WALK TA_XAzerbaijan XCuba XCroatia)
(WALK TA_XAzerbaijan XCroatia XCotedIvoire)
(WALK TA_XAzerbaijan XCotedIvoire XCostarica)
(WALK TA_XAzerbaijan XCostarica XComoros)
(WALK TA_XAzerbaijan XComoros XColombia)
(HOMESAFE TA_XAzerbaijan Xcolombia)
(DROPOFF TA_XAlgeria XAfghanistan)
(WALK TA_XAlgeria XAfghanistan XAlbania)
(WALK TA_XAlgeria XAlbania XAlgeria)
(WALK TA_XAlgeria XAlgeria XAndorra)
(WALK TA_XAlgeria XAndorra XAngola)
(WALK TA_XAlgeria XAngola XAntigu)
(WALK TA_XAlgeria XAntigu XArgentina)
(WALK TA_XAlgeria XArgentina XArmenia)
(WALK TA_XAlgeria XArmenia XAustralia)
(WALK TA_XAlgeria XAustralia XAustria)
(WALK TA_XAlgeria XAustria XAustrian)
(WALK TA_XAlgeria XAustrian XAzerbaijan)
(WALK TA_XAlgeria XAzerbaijan XBaden)
(HOMESAFE TA_XAlgeria Xbaden)
(DROPOFF TA_XBaden XAfghanistan)
(WALK TA_XBaden XAfghanistan XDjibouti)
(WALK TA_XBaden XDjibouti XDenmark)
(WALK TA_XBaden XDenmark XCongo)
(WALK TA_XBaden XCongo XCzechoslovakia)
(WALK TA_XBaden XCzechoslovakia XCzechi)
(WALK TA_XBaden XCzechi XCyprus)
(WALK TA_XBaden XCyprus XCuba)
(WALK TA_XBaden XCuba XCroatia)
(WALK TA_XBaden XCroatia XCotedIvoire)
(WALK TA_XBaden XCotedIvoire XCostarica)
(WALK TA_XBaden XCostarica XComoros)
(WALK TA_XBaden XComoros XColombia)
(WALK TA_XBaden XColombia XChina)
(HOMESAFE TA_XBaden Xchina)
(DROPOFF TA_XBurkina XAfghanistan)
(WALK TA_XBurkina XAfghanistan XAlbania)
(WALK TA_XBurkina XAlbania XAlgeria)
(WALK TA_XBurkina XAlgeria XAndorra)
(WALK TA_XBurkina XAndorra XAngola)
(WALK TA_XBurkina XAngola XAntigu)
(WALK TA_XBurkina XAntigu XArgentina)
(WALK TA_XBurkina XArgentina XArmenia)
(WALK TA_XBurkina XArmenia XAustralia)
(WALK TA_XBurkina XAustralia XAustria)
(WALK TA_XBurkina XAustria XAustrian)
(WALK TA_XBurkina XAustrian XAzerbaijan)
(WALK TA_XBurkina XAzerbaijan XBaden)
(WALK TA_XBurkina XBaden XBahrain)
(HOMESAFE TA_XBurkina Xbahrain)
(DROPOFF TA_XBelize XAfghanistan)
(WALK TA_XBelize XAfghanistan XDjibouti)
(WALK TA_XBelize XDjibouti XDenmark)
(WALK TA_XBelize XDenmark XCongo)
(WALK TA_XBelize XCongo XCzechoslovakia)
(WALK TA_XBelize XCzechoslovakia XCzechi)
(WALK TA_XBelize XCzechi XCyprus)
(WALK TA_XBelize XCyprus XCuba)
(WALK TA_XBelize XCuba XCroatia)
(WALK TA_XBelize XCroatia XCotedIvoire)
(WALK TA_XBelize XCotedIvoire XCostarica)
(WALK TA_XBelize XCostarica XComoros)
(WALK TA_XBelize XComoros XColombia)
(WALK TA_XBelize XColombia XChina)
(WALK TA_XBelize XChina XChile)
(HOMESAFE TA_XBelize Xchile)
(DROPOFF TA_XChina XAfghanistan)
(WALK TA_XChina XAfghanistan XAlbania)
(WALK TA_XChina XAlbania XAlgeria)
(WALK TA_XChina XAlgeria XAndorra)
(WALK TA_XChina XAndorra XAngola)
(WALK TA_XChina XAngola XAntigu)
(WALK TA_XChina XAntigu XArgentina)
(WALK TA_XChina XArgentina XArmenia)
(WALK TA_XChina XArmenia XAustralia)
(WALK TA_XChina XAustralia XAustria)
(WALK TA_XChina XAustria XAustrian)
(WALK TA_XChina XAustrian XAzerbaijan)
(WALK TA_XChina XAzerbaijan XBaden)
(WALK TA_XChina XBaden XBahrain)
(WALK TA_XChina XBahrain XBangladesh)
(HOMESAFE TA_XChina Xbangladesh)
(DROPOFF TA_XCongo XAfghanistan)
(WALK TA_XCongo XAfghanistan XAlbania)
(WALK TA_XCongo XAlbania XAlgeria)
(WALK TA_XCongo XAlgeria XAndorra)
(WALK TA_XCongo XAndorra XAngola)
(WALK TA_XCongo XAngola XAntigu)
(WALK TA_XCongo XAntigu XArgentina)
(WALK TA_XCongo XArgentina XArmenia)
(WALK TA_XCongo XArmenia XAustralia)
(WALK TA_XCongo XAustralia XAustria)
(WALK TA_XCongo XAustria XAustrian)
(WALK TA_XCongo XAustrian XAzerbaijan)
(WALK TA_XCongo XAzerbaijan XBaden)
(WALK TA_XCongo XBaden XBahrain)
(WALK TA_XCongo XBahrain XBangladesh)
(WALK TA_XCongo XBangladesh XBarbados)
(HOMESAFE TA_XCongo Xbarbados)
(DROPOFF TA_XBosnia XAfghanistan)
(WALK TA_XBosnia XAfghanistan XDjibouti)
(WALK TA_XBosnia XDjibouti XDenmark)
(WALK TA_XBosnia XDenmark XCongo)
(WALK TA_XBosnia XCongo XCzechoslovakia)
(WALK TA_XBosnia XCzechoslovakia XCzechi)
(WALK TA_XBosnia XCzechi XCyprus)
(WALK TA_XBosnia XCyprus XCuba)
(WALK TA_XBosnia XCuba XCroatia)
(WALK TA_XBosnia XCroatia XCotedIvoire)
(WALK TA_XBosnia XCotedIvoire XCostarica)
(WALK TA_XBosnia XCostarica XComoros)
(WALK TA_XBosnia XComoros XColombia)
(WALK TA_XBosnia XColombia XChina)
(WALK TA_XBosnia XChina XChile)
(WALK TA_XBosnia XChile XChad)
(HOMESAFE TA_XBosnia Xchad)
(DROPOFF TA_XAngola XAfghanistan)
(WALK TA_XAngola XAfghanistan XDjibouti)
(WALK TA_XAngola XDjibouti XDenmark)
(WALK TA_XAngola XDenmark XCongo)
(WALK TA_XAngola XCongo XCzechoslovakia)
(WALK TA_XAngola XCzechoslovakia XCzechi)
(WALK TA_XAngola XCzechi XCyprus)
(WALK TA_XAngola XCyprus XCuba)
(WALK TA_XAngola XCuba XCroatia)
(WALK TA_XAngola XCroatia XCotedIvoire)
(WALK TA_XAngola XCotedIvoire XCostarica)
(WALK TA_XAngola XCostarica XComoros)
(WALK TA_XAngola XComoros XColombia)
(WALK TA_XAngola XColombia XChina)
(WALK TA_XAngola XChina XChile)
(WALK TA_XAngola XChile XChad)
(WALK TA_XAngola XChad XCanada)
(HOMESAFE TA_XAngola Xcanada)
(DROPOFF TA_XBenin XAfghanistan)
(WALK TA_XBenin XAfghanistan XAlbania)
(WALK TA_XBenin XAlbania XAlgeria)
(WALK TA_XBenin XAlgeria XAndorra)
(WALK TA_XBenin XAndorra XAngola)
(WALK TA_XBenin XAngola XAntigu)
(WALK TA_XBenin XAntigu XArgentina)
(WALK TA_XBenin XArgentina XArmenia)
(WALK TA_XBenin XArmenia XAustralia)
(WALK TA_XBenin XAustralia XAustria)
(WALK TA_XBenin XAustria XAustrian)
(WALK TA_XBenin XAustrian XAzerbaijan)
(WALK TA_XBenin XAzerbaijan XBaden)
(WALK TA_XBenin XBaden XBahrain)
(WALK TA_XBenin XBahrain XBangladesh)
(WALK TA_XBenin XBangladesh XBarbados)
(WALK TA_XBenin XBarbados XBavaria)
(HOMESAFE TA_XBenin Xbavaria)
(DROPOFF TA_XCyprus XAfghanistan)
(WALK TA_XCyprus XAfghanistan XDjibouti)
(WALK TA_XCyprus XDjibouti XDenmark)
(WALK TA_XCyprus XDenmark XCongo)
(WALK TA_XCyprus XCongo XCzechoslovakia)
(WALK TA_XCyprus XCzechoslovakia XCzechi)
(WALK TA_XCyprus XCzechi XCyprus)
(WALK TA_XCyprus XCyprus XCuba)
(WALK TA_XCyprus XCuba XCroatia)
(WALK TA_XCyprus XCroatia XCotedIvoire)
(WALK TA_XCyprus XCotedIvoire XCostarica)
(WALK TA_XCyprus XCostarica XComoros)
(WALK TA_XCyprus XComoros XColombia)
(WALK TA_XCyprus XColombia XChina)
(WALK TA_XCyprus XChina XChile)
(WALK TA_XCyprus XChile XChad)
(WALK TA_XCyprus XChad XCanada)
(WALK TA_XCyprus XCanada XCameroon)
(HOMESAFE TA_XCyprus Xcameroon)
(DROPOFF TA_XDenmark XAfghanistan)
(WALK TA_XDenmark XAfghanistan XAlbania)
(WALK TA_XDenmark XAlbania XAlgeria)
(WALK TA_XDenmark XAlgeria XAndorra)
(WALK TA_XDenmark XAndorra XAngola)
(WALK TA_XDenmark XAngola XAntigu)
(WALK TA_XDenmark XAntigu XArgentina)
(WALK TA_XDenmark XArgentina XArmenia)
(WALK TA_XDenmark XArmenia XAustralia)
(WALK TA_XDenmark XAustralia XAustria)
(WALK TA_XDenmark XAustria XAustrian)
(WALK TA_XDenmark XAustrian XAzerbaijan)
(WALK TA_XDenmark XAzerbaijan XBaden)
(WALK TA_XDenmark XBaden XBahrain)
(WALK TA_XDenmark XBahrain XBangladesh)
(WALK TA_XDenmark XBangladesh XBarbados)
(WALK TA_XDenmark XBarbados XBavaria)
(WALK TA_XDenmark XBavaria XBelarus)
(HOMESAFE TA_XDenmark Xbelarus)
(DROPOFF TA_XDjibouti XAfghanistan)
(WALK TA_XDjibouti XAfghanistan XAlbania)
(WALK TA_XDjibouti XAlbania XAlgeria)
(WALK TA_XDjibouti XAlgeria XAndorra)
(WALK TA_XDjibouti XAndorra XAngola)
(WALK TA_XDjibouti XAngola XAntigu)
(WALK TA_XDjibouti XAntigu XArgentina)
(WALK TA_XDjibouti XArgentina XArmenia)
(WALK TA_XDjibouti XArmenia XAustralia)
(WALK TA_XDjibouti XAustralia XAustria)
(WALK TA_XDjibouti XAustria XAustrian)
(WALK TA_XDjibouti XAustrian XAzerbaijan)
(WALK TA_XDjibouti XAzerbaijan XBaden)
(WALK TA_XDjibouti XBaden XBahrain)
(WALK TA_XDjibouti XBahrain XBangladesh)
(WALK TA_XDjibouti XBangladesh XBarbados)
(WALK TA_XDjibouti XBarbados XBavaria)
(WALK TA_XDjibouti XBavaria XBelarus)
(WALK TA_XDjibouti XBelarus XBelgium)
(HOMESAFE TA_XDjibouti Xbelgium)
(DROPOFF TA_XArgentina XAfghanistan)
(WALK TA_XArgentina XAfghanistan XDjibouti)
(WALK TA_XArgentina XDjibouti XDenmark)
(WALK TA_XArgentina XDenmark XCongo)
(WALK TA_XArgentina XCongo XCzechoslovakia)
(WALK TA_XArgentina XCzechoslovakia XCzechi)
(WALK TA_XArgentina XCzechi XCyprus)
(WALK TA_XArgentina XCyprus XCuba)
(WALK TA_XArgentina XCuba XCroatia)
(WALK TA_XArgentina XCroatia XCotedIvoire)
(WALK TA_XArgentina XCotedIvoire XCostarica)
(WALK TA_XArgentina XCostarica XComoros)
(WALK TA_XArgentina XComoros XColombia)
(WALK TA_XArgentina XColombia XChina)
(WALK TA_XArgentina XChina XChile)
(WALK TA_XArgentina XChile XChad)
(WALK TA_XArgentina XChad XCanada)
(WALK TA_XArgentina XCanada XCameroon)
(WALK TA_XArgentina XCameroon XCambodia)
(HOMESAFE TA_XArgentina Xcambodia)
(DROPOFF TA_XCotedIvoire XAfghanistan)
(WALK TA_XCotedIvoire XAfghanistan XDjibouti)
(WALK TA_XCotedIvoire XDjibouti XDenmark)
(WALK TA_XCotedIvoire XDenmark XCongo)
(WALK TA_XCotedIvoire XCongo XCzechoslovakia)
(WALK TA_XCotedIvoire XCzechoslovakia XCzechi)
(WALK TA_XCotedIvoire XCzechi XCyprus)
(WALK TA_XCotedIvoire XCyprus XCuba)
(WALK TA_XCotedIvoire XCuba XCroatia)
(WALK TA_XCotedIvoire XCroatia XCotedIvoire)
(WALK TA_XCotedIvoire XCotedIvoire XCostarica)
(WALK TA_XCotedIvoire XCostarica XComoros)
(WALK TA_XCotedIvoire XComoros XColombia)
(WALK TA_XCotedIvoire XColombia XChina)
(WALK TA_XCotedIvoire XChina XChile)
(WALK TA_XCotedIvoire XChile XChad)
(WALK TA_XCotedIvoire XChad XCanada)
(WALK TA_XCotedIvoire XCanada XCameroon)
(WALK TA_XCotedIvoire XCameroon XCambodia)
(WALK TA_XCotedIvoire XCambodia XCabo)
(HOMESAFE TA_XCotedivoire Xcabo)
(DROPOFF TA_XBurundi XAfghanistan)
(WALK TA_XBurundi XAfghanistan XAlbania)
(WALK TA_XBurundi XAlbania XAlgeria)
(WALK TA_XBurundi XAlgeria XAndorra)
(WALK TA_XBurundi XAndorra XAngola)
(WALK TA_XBurundi XAngola XAntigu)
(WALK TA_XBurundi XAntigu XArgentina)
(WALK TA_XBurundi XArgentina XArmenia)
(WALK TA_XBurundi XArmenia XAustralia)
(WALK TA_XBurundi XAustralia XAustria)
(WALK TA_XBurundi XAustria XAustrian)
(WALK TA_XBurundi XAustrian XAzerbaijan)
(WALK TA_XBurundi XAzerbaijan XBaden)
(WALK TA_XBurundi XBaden XBahrain)
(WALK TA_XBurundi XBahrain XBangladesh)
(WALK TA_XBurundi XBangladesh XBarbados)
(WALK TA_XBurundi XBarbados XBavaria)
(WALK TA_XBurundi XBavaria XBelarus)
(WALK TA_XBurundi XBelarus XBelgium)
(WALK TA_XBurundi XBelgium XBelize)
(HOMESAFE TA_XBurundi Xbelize)
(DROPOFF TA_XBulgaria XAfghanistan)
(WALK TA_XBulgaria XAfghanistan XDjibouti)
(WALK TA_XBulgaria XDjibouti XDenmark)
(WALK TA_XBulgaria XDenmark XCongo)
(WALK TA_XBulgaria XCongo XCzechoslovakia)
(WALK TA_XBulgaria XCzechoslovakia XCzechi)
(WALK TA_XBulgaria XCzechi XCyprus)
(WALK TA_XBulgaria XCyprus XCuba)
(WALK TA_XBulgaria XCuba XCroatia)
(WALK TA_XBulgaria XCroatia XCotedIvoire)
(WALK TA_XBulgaria XCotedIvoire XCostarica)
(WALK TA_XBulgaria XCostarica XComoros)
(WALK TA_XBulgaria XComoros XColombia)
(WALK TA_XBulgaria XColombia XChina)
(WALK TA_XBulgaria XChina XChile)
(WALK TA_XBulgaria XChile XChad)
(WALK TA_XBulgaria XChad XCanada)
(WALK TA_XBulgaria XCanada XCameroon)
(WALK TA_XBulgaria XCameroon XCambodia)
(WALK TA_XBulgaria XCambodia XCabo)
(WALK TA_XBulgaria XCabo XBurundi)
(HOMESAFE TA_XBulgaria Xburundi)
(DROPOFF TA_XAndorra XAfghanistan)
(WALK TA_XAndorra XAfghanistan XAlbania)
(WALK TA_XAndorra XAlbania XAlgeria)
(WALK TA_XAndorra XAlgeria XAndorra)
(WALK TA_XAndorra XAndorra XAngola)
(WALK TA_XAndorra XAngola XAntigu)
(WALK TA_XAndorra XAntigu XArgentina)
(WALK TA_XAndorra XArgentina XArmenia)
(WALK TA_XAndorra XArmenia XAustralia)
(WALK TA_XAndorra XAustralia XAustria)
(WALK TA_XAndorra XAustria XAustrian)
(WALK TA_XAndorra XAustrian XAzerbaijan)
(WALK TA_XAndorra XAzerbaijan XBaden)
(WALK TA_XAndorra XBaden XBahrain)
(WALK TA_XAndorra XBahrain XBangladesh)
(WALK TA_XAndorra XBangladesh XBarbados)
(WALK TA_XAndorra XBarbados XBavaria)
(WALK TA_XAndorra XBavaria XBelarus)
(WALK TA_XAndorra XBelarus XBelgium)
(WALK TA_XAndorra XBelgium XBelize)
(WALK TA_XAndorra XBelize XBenin)
(HOMESAFE TA_XAndorra Xbenin)
(DROPOFF TA_XCroatia XAfghanistan)
(WALK TA_XCroatia XAfghanistan XDjibouti)
(WALK TA_XCroatia XDjibouti XDenmark)
(WALK TA_XCroatia XDenmark XCongo)
(WALK TA_XCroatia XCongo XCzechoslovakia)
(WALK TA_XCroatia XCzechoslovakia XCzechi)
(WALK TA_XCroatia XCzechi XCyprus)
(WALK TA_XCroatia XCyprus XCuba)
(WALK TA_XCroatia XCuba XCroatia)
(WALK TA_XCroatia XCroatia XCotedIvoire)
(WALK TA_XCroatia XCotedIvoire XCostarica)
(WALK TA_XCroatia XCostarica XComoros)
(WALK TA_XCroatia XComoros XColombia)
(WALK TA_XCroatia XColombia XChina)
(WALK TA_XCroatia XChina XChile)
(WALK TA_XCroatia XChile XChad)
(WALK TA_XCroatia XChad XCanada)
(WALK TA_XCroatia XCanada XCameroon)
(WALK TA_XCroatia XCameroon XCambodia)
(WALK TA_XCroatia XCambodia XCabo)
(WALK TA_XCroatia XCabo XBurundi)
(WALK TA_XCroatia XBurundi XBurma)
(HOMESAFE TA_XCroatia Xburma)
(DROPOFF TA_XBahrain XAfghanistan)
(WALK TA_XBahrain XAfghanistan XAlbania)
(WALK TA_XBahrain XAlbania XAlgeria)
(WALK TA_XBahrain XAlgeria XAndorra)
(WALK TA_XBahrain XAndorra XAngola)
(WALK TA_XBahrain XAngola XAntigu)
(WALK TA_XBahrain XAntigu XArgentina)
(WALK TA_XBahrain XArgentina XArmenia)
(WALK TA_XBahrain XArmenia XAustralia)
(WALK TA_XBahrain XAustralia XAustria)
(WALK TA_XBahrain XAustria XAustrian)
(WALK TA_XBahrain XAustrian XAzerbaijan)
(WALK TA_XBahrain XAzerbaijan XBaden)
(WALK TA_XBahrain XBaden XBahrain)
(WALK TA_XBahrain XBahrain XBangladesh)
(WALK TA_XBahrain XBangladesh XBarbados)
(WALK TA_XBahrain XBarbados XBavaria)
(WALK TA_XBahrain XBavaria XBelarus)
(WALK TA_XBahrain XBelarus XBelgium)
(WALK TA_XBahrain XBelgium XBelize)
(WALK TA_XBahrain XBelize XBenin)
(WALK TA_XBahrain XBenin XBolivia)
(HOMESAFE TA_XBahrain Xbolivia)
(DROPOFF TA_XColombia XAfghanistan)
(WALK TA_XColombia XAfghanistan XDjibouti)
(WALK TA_XColombia XDjibouti XDenmark)
(WALK TA_XColombia XDenmark XCongo)
(WALK TA_XColombia XCongo XCzechoslovakia)
(WALK TA_XColombia XCzechoslovakia XCzechi)
(WALK TA_XColombia XCzechi XCyprus)
(WALK TA_XColombia XCyprus XCuba)
(WALK TA_XColombia XCuba XCroatia)
(WALK TA_XColombia XCroatia XCotedIvoire)
(WALK TA_XColombia XCotedIvoire XCostarica)
(WALK TA_XColombia XCostarica XComoros)
(WALK TA_XColombia XComoros XColombia)
(WALK TA_XColombia XColombia XChina)
(WALK TA_XColombia XChina XChile)
(WALK TA_XColombia XChile XChad)
(WALK TA_XColombia XChad XCanada)
(WALK TA_XColombia XCanada XCameroon)
(WALK TA_XColombia XCameroon XCambodia)
(WALK TA_XColombia XCambodia XCabo)
(WALK TA_XColombia XCabo XBurundi)
(WALK TA_XColombia XBurundi XBurma)
(WALK TA_XColombia XBurma XBurkina)
(HOMESAFE TA_XColombia Xburkina)
(DROPOFF TA_XChile XAfghanistan)
(WALK TA_XChile XAfghanistan XAlbania)
(WALK TA_XChile XAlbania XAlgeria)
(WALK TA_XChile XAlgeria XAndorra)
(WALK TA_XChile XAndorra XAngola)
(WALK TA_XChile XAngola XAntigu)
(WALK TA_XChile XAntigu XArgentina)
(WALK TA_XChile XArgentina XArmenia)
(WALK TA_XChile XArmenia XAustralia)
(WALK TA_XChile XAustralia XAustria)
(WALK TA_XChile XAustria XAustrian)
(WALK TA_XChile XAustrian XAzerbaijan)
(WALK TA_XChile XAzerbaijan XBaden)
(WALK TA_XChile XBaden XBahrain)
(WALK TA_XChile XBahrain XBangladesh)
(WALK TA_XChile XBangladesh XBarbados)
(WALK TA_XChile XBarbados XBavaria)
(WALK TA_XChile XBavaria XBelarus)
(WALK TA_XChile XBelarus XBelgium)
(WALK TA_XChile XBelgium XBelize)
(WALK TA_XChile XBelize XBenin)
(WALK TA_XChile XBenin XBolivia)
(WALK TA_XChile XBolivia XBosnia)
(HOMESAFE TA_XChile Xbosnia)
(DROPOFF TA_XAustrian XAfghanistan)
(WALK TA_XAustrian XAfghanistan XDjibouti)
(WALK TA_XAustrian XDjibouti XDenmark)
(WALK TA_XAustrian XDenmark XCongo)
(WALK TA_XAustrian XCongo XCzechoslovakia)
(WALK TA_XAustrian XCzechoslovakia XCzechi)
(WALK TA_XAustrian XCzechi XCyprus)
(WALK TA_XAustrian XCyprus XCuba)
(WALK TA_XAustrian XCuba XCroatia)
(WALK TA_XAustrian XCroatia XCotedIvoire)
(WALK TA_XAustrian XCotedIvoire XCostarica)
(WALK TA_XAustrian XCostarica XComoros)
(WALK TA_XAustrian XComoros XColombia)
(WALK TA_XAustrian XColombia XChina)
(WALK TA_XAustrian XChina XChile)
(WALK TA_XAustrian XChile XChad)
(WALK TA_XAustrian XChad XCanada)
(WALK TA_XAustrian XCanada XCameroon)
(WALK TA_XAustrian XCameroon XCambodia)
(WALK TA_XAustrian XCambodia XCabo)
(WALK TA_XAustrian XCabo XBurundi)
(WALK TA_XAustrian XBurundi XBurma)
(WALK TA_XAustrian XBurma XBurkina)
(WALK TA_XAustrian XBurkina XBulgaria)
(HOMESAFE TA_XAustrian Xbulgaria)
(DROPOFF TA_XBelgium XAfghanistan)
(WALK TA_XBelgium XAfghanistan XAlbania)
(WALK TA_XBelgium XAlbania XAlgeria)
(WALK TA_XBelgium XAlgeria XAndorra)
(WALK TA_XBelgium XAndorra XAngola)
(WALK TA_XBelgium XAngola XAntigu)
(WALK TA_XBelgium XAntigu XArgentina)
(WALK TA_XBelgium XArgentina XArmenia)
(WALK TA_XBelgium XArmenia XAustralia)
(WALK TA_XBelgium XAustralia XAustria)
(WALK TA_XBelgium XAustria XAustrian)
(WALK TA_XBelgium XAustrian XAzerbaijan)
(WALK TA_XBelgium XAzerbaijan XBaden)
(WALK TA_XBelgium XBaden XBahrain)
(WALK TA_XBelgium XBahrain XBangladesh)
(WALK TA_XBelgium XBangladesh XBarbados)
(WALK TA_XBelgium XBarbados XBavaria)
(WALK TA_XBelgium XBavaria XBelarus)
(WALK TA_XBelgium XBelarus XBelgium)
(WALK TA_XBelgium XBelgium XBelize)
(WALK TA_XBelgium XBelize XBenin)
(WALK TA_XBelgium XBenin XBolivia)
(WALK TA_XBelgium XBolivia XBosnia)
(WALK TA_XBelgium XBosnia XBotswana)
(HOMESAFE TA_XBelgium Xbotswana)
(DROPOFF TA_XCameroon XAfghanistan)
(WALK TA_XCameroon XAfghanistan XDjibouti)
(WALK TA_XCameroon XDjibouti XDenmark)
(WALK TA_XCameroon XDenmark XCongo)
(WALK TA_XCameroon XCongo XCzechoslovakia)
(WALK TA_XCameroon XCzechoslovakia XCzechi)
(WALK TA_XCameroon XCzechi XCyprus)
(WALK TA_XCameroon XCyprus XCuba)
(WALK TA_XCameroon XCuba XCroatia)
(WALK TA_XCameroon XCroatia XCotedIvoire)
(WALK TA_XCameroon XCotedIvoire XCostarica)
(WALK TA_XCameroon XCostarica XComoros)
(WALK TA_XCameroon XComoros XColombia)
(WALK TA_XCameroon XColombia XChina)
(WALK TA_XCameroon XChina XChile)
(WALK TA_XCameroon XChile XChad)
(WALK TA_XCameroon XChad XCanada)
(WALK TA_XCameroon XCanada XCameroon)
(WALK TA_XCameroon XCameroon XCambodia)
(WALK TA_XCameroon XCambodia XCabo)
(WALK TA_XCameroon XCabo XBurundi)
(WALK TA_XCameroon XBurundi XBurma)
(WALK TA_XCameroon XBurma XBurkina)
(WALK TA_XCameroon XBurkina XBulgaria)
(WALK TA_XCameroon XBulgaria XBrunswick)
(HOMESAFE TA_XCameroon Xbrunswick)
(DROPOFF TA_XCambodia XAfghanistan)
(WALK TA_XCambodia XAfghanistan XAlbania)
(WALK TA_XCambodia XAlbania XAlgeria)
(WALK TA_XCambodia XAlgeria XAndorra)
(WALK TA_XCambodia XAndorra XAngola)
(WALK TA_XCambodia XAngola XAntigu)
(WALK TA_XCambodia XAntigu XArgentina)
(WALK TA_XCambodia XArgentina XArmenia)
(WALK TA_XCambodia XArmenia XAustralia)
(WALK TA_XCambodia XAustralia XAustria)
(WALK TA_XCambodia XAustria XAustrian)
(WALK TA_XCambodia XAustrian XAzerbaijan)
(WALK TA_XCambodia XAzerbaijan XBaden)
(WALK TA_XCambodia XBaden XBahrain)
(WALK TA_XCambodia XBahrain XBangladesh)
(WALK TA_XCambodia XBangladesh XBarbados)
(WALK TA_XCambodia XBarbados XBavaria)
(WALK TA_XCambodia XBavaria XBelarus)
(WALK TA_XCambodia XBelarus XBelgium)
(WALK TA_XCambodia XBelgium XBelize)
(WALK TA_XCambodia XBelize XBenin)
(WALK TA_XCambodia XBenin XBolivia)
(WALK TA_XCambodia XBolivia XBosnia)
(WALK TA_XCambodia XBosnia XBotswana)
(WALK TA_XCambodia XBotswana XBrazil)
(HOMESAFE TA_XCambodia Xbrazil)
(DROPOFF TA_XBurma XAfghanistan)
(WALK TA_XBurma XAfghanistan XAlbania)
(WALK TA_XBurma XAlbania XAlgeria)
(WALK TA_XBurma XAlgeria XAndorra)
(WALK TA_XBurma XAndorra XAngola)
(WALK TA_XBurma XAngola XAntigu)
(WALK TA_XBurma XAntigu XArgentina)
(WALK TA_XBurma XArgentina XArmenia)
(WALK TA_XBurma XArmenia XAustralia)
(WALK TA_XBurma XAustralia XAustria)
(WALK TA_XBurma XAustria XAustrian)
(WALK TA_XBurma XAustrian XAzerbaijan)
(WALK TA_XBurma XAzerbaijan XBaden)
(WALK TA_XBurma XBaden XBahrain)
(WALK TA_XBurma XBahrain XBangladesh)
(WALK TA_XBurma XBangladesh XBarbados)
(WALK TA_XBurma XBarbados XBavaria)
(WALK TA_XBurma XBavaria XBelarus)
(WALK TA_XBurma XBelarus XBelgium)
(WALK TA_XBurma XBelgium XBelize)
(WALK TA_XBurma XBelize XBenin)
(WALK TA_XBurma XBenin XBolivia)
(WALK TA_XBurma XBolivia XBosnia)
(WALK TA_XBurma XBosnia XBotswana)
(WALK TA_XBurma XBotswana XBrazil)
(WALK TA_XBurma XBrazil XBrunei)
(HOMESAFE TA_XBurma Xbrunei)
