(DROPOFF TA_Xwooden Xpaint)
(HOMESAFE TA_Xwooden Xpaint)
(DRIVE Xpaint Xfloor)
(DROPOFF TA_Xambiguous Xfloor)
(HOMESAFE TA_Xambiguous Xfloor)
(DRIVE Xfloor Xpaint)
(DRIVE Xpaint Ximported)
(DROPOFF TA_Xrake Ximported)
(HOMESAFE TA_Xrake Ximported)
(DRIVE Ximported Xpaint)
(DRIVE Xpaint Xcomplain)
(DROPOFF TA_Xblade Xcomplain)
(DRIVE Xcomplain Xpaint)
(HOMESAFE TA_Xblade Xcomplain)
(DRIVE Xpaint Xray)
(DROPOFF TA_Xinherit Xray)
(DRIVE Xray Xpaint)
(HOMESAFE TA_Xinherit Xray)
(DRIVE Xpaint Xblade)
(DROPOFF TA_Xpaint Xblade)
(DRIVE Xblade Xpaint)
(HOMESAFE TA_Xpaint Xblade)
(DRIVE Xpaint Xfetch)
(DRIVE Xfetch Xindicate)
(DROPOFF TA_Xdesire Xindicate)
(HOMESAFE TA_Xdesire Xindicate)
(DRIVE Xindicate Xsimple)
(DRIVE Xsimple Xsame)
(DROPOFF TA_Xnutty Xsame)
(DRIVE Xsame Xpaint)
(HOMESAFE TA_Xnutty Xsame)
(DRIVE Xpaint Xthumb)
(DROPOFF TA_Xice Xthumb)
(DRIVE Xthumb Xpaint)
(HOMESAFE TA_Xice Xthumb)
(DRIVE Xpaint Xfinish)
(DROPOFF TA_Xfloor Xfinish)
(DRIVE Xfinish Xpaint)
(HOMESAFE TA_Xfloor Xfinish)
(DRIVE Xpaint Xfetch)
(DRIVE Xfetch Xinherit)
(DROPOFF TA_Xthumb Xinherit)
(HOMESAFE TA_Xthumb Xinherit)
(DRIVE Xinherit Xwater)
(DRIVE Xwater Xwooden)
(DROPOFF TA_Xfinish Xwooden)
(DRIVE Xwooden Xpaint)
(HOMESAFE TA_Xfinish Xwooden)
(DRIVE Xpaint Xdiligent)
(DROPOFF TA_Xmeasure Xdiligent)
(DRIVE Xdiligent Xpaint)
(HOMESAFE TA_Xmeasure Xdiligent)
(DRIVE Xpaint Xlearning)
(DROPOFF TA_Xindicate Xlearning)
(DRIVE Xlearning Xpaint)
(HOMESAFE TA_Xindicate Xlearning)
(DRIVE Xpaint Xfling)
(DRIVE Xfling Xdetermine)
(DROPOFF TA_Xray Xdetermine)
(HOMESAFE TA_Xray Xdetermine)
(DRIVE Xdetermine Xstink)
(DROPOFF TA_Xdiligent Xstink)
(HOMESAFE TA_Xdiligent Xstink)
(DRIVE Xstink Xroute)
(DROPOFF TA_Xsame Xroute)
(DRIVE Xroute Xfling)
(DRIVE Xfling Xambiguous)
(DROPOFF TA_Xdetermine Xambiguous)
(HOMESAFE TA_Xdetermine Xambiguous)
(DRIVE Xambiguous Xdesire)
(DROPOFF TA_Xglamorous Xdesire)
(DRIVE Xdesire Xmeasure)
(DROPOFF TA_Xslam Xmeasure)
(DRIVE Xmeasure Xnutty)
(DROPOFF TA_Xroute Xnutty)
(DRIVE Xnutty Xsame)
(HOMESAFE TA_Xslam Xmeasure)
(HOMESAFE TA_Xglamorous Xdesire)
(HOMESAFE TA_Xroute Xnutty)
(DRIVE Xsame Xice)
(DROPOFF TA_Ximported Xice)
(HOMESAFE TA_Ximported Xice)
(DRIVE Xice Xglamorous)
(HOMESAFE TA_Xsame Xroute)
(DROPOFF TA_Xcomplain Xglamorous)
(DRIVE Xglamorous Xpaint)
(HOMESAFE TA_Xcomplain Xglamorous)
(DRIVE Xpaint Xslam)
(DROPOFF TA_Xlearning Xslam)
(DRIVE Xslam Xpaint)
(HOMESAFE TA_Xlearning Xslam)
(DRIVE Xpaint Xrake)
(DROPOFF TA_Xstink Xrake)
(DRIVE Xrake Xpaint)
(HOMESAFE TA_Xstink Xrake)
