(DRIVE XS XR2)
(DRIVE XR2 XH2)
(DROPOFF TA_XH0 XH2)
(HOMESAFE TA_XH0 XH2)
(DRIVE XH2 XT19)
(DRIVE XT19 XH7)
(DROPOFF TA_XH1 XH7)
(HOMESAFE TA_XH1 XH7)
(DRIVE XH7 XH6)
(DROPOFF TA_XH2 XH6)
(DRIVE XH6 XT19)
(DRIVE XT19 XH9)
(DROPOFF TA_XH3 XH9)
(DRIVE XH9 XH8)
(HOMESAFE TA_XH3 XH9)
(DROPOFF TA_XH4 XH8)
(HOMESAFE TA_XH4 XH8)
(DRIVE XH8 XT19)
(DRIVE XT19 XH1)
(DROPOFF TA_XH5 XH1)
(DRIVE XH1 XH0)
(DROPOFF TA_XH6 XH0)
(HOMESAFE TA_XH6 XH0)
(HOMESAFE TA_XH5 XH1)
(HOMESAFE TA_XH2 XH6)
(DRIVE XH0 XT19)
(DRIVE XT19 XH5)
(DROPOFF TA_XH7 XH5)
(HOMESAFE TA_XH7 XH5)
(DRIVE XH5 XH4)
(DROPOFF TA_XH8 XH4)
(HOMESAFE TA_XH8 XH4)
(DRIVE XH4 XT19)
(DRIVE XT19 XH3)
(DROPOFF TA_XH9 XH3)
(HOMESAFE TA_XH9 XH3)
(DRIVE XH3 XR2)
(DRIVE XR2 XS)
