(DRIVE XS XR6)
(DRIVE XR6 XH7)
(DROPOFF TA_XH0 XH7)
(HOMESAFE TA_XH0 XH7)
(DRIVE XH7 XT36)
(DRIVE XT36 XH5)
(DROPOFF TA_XH1 XH5)
(HOMESAFE TA_XH1 XH5)
(DRIVE XH5 XT36)
(DRIVE XT36 XH9)
(DROPOFF TA_XH2 XH9)
(HOMESAFE TA_XH2 XH9)
(DRIVE XH9 XH8)
(DROPOFF TA_XH3 XH8)
(HOMESAFE TA_XH3 XH8)
(DRIVE XH8 XT36)
(DRIVE XT36 XH1)
(DROPOFF TA_XH4 XH1)
(DRIVE XH1 XH0)
(DROPOFF TA_XH5 XH0)
(HOMESAFE TA_XH5 XH0)
(HOMESAFE TA_XH4 XH1)
(DRIVE XH0 XT36)
(DRIVE XT36 XH2)
(DROPOFF TA_XH6 XH2)
(HOMESAFE TA_XH6 XH2)
(DRIVE XH2 XR2)
(DRIVE XR2 XS)
(DRIVE XS XR12)
(DRIVE XR12 XH13)
(DROPOFF TA_XH7 XH13)
(DRIVE XH13 XH12)
(HOMESAFE TA_XH7 XH13)
(DROPOFF TA_XH8 XH12)
(DRIVE XH12 XR12)
(DRIVE XR12 XS)
(HOMESAFE TA_XH8 XH12)
(DRIVE XS XR14)
(DRIVE XR14 XH15)
(DROPOFF TA_XH9 XH15)
(DRIVE XH15 XH14)
(DROPOFF TA_XH10 XH14)
(HOMESAFE TA_XH10 XH14)
(HOMESAFE TA_XH9 XH15)
(DRIVE XH14 XR14)
(DRIVE XR14 XS)
(DRIVE XS XR16)
(DRIVE XR16 XH17)
(DROPOFF TA_XH11 XH17)
(DRIVE XH17 XH16)
(DROPOFF TA_XH12 XH16)
(HOMESAFE TA_XH12 XH16)
(HOMESAFE TA_XH11 XH17)
(DRIVE XH16 XR16)
(DRIVE XR16 XS)
(DRIVE XS XR10)
(DRIVE XR10 XH11)
(DROPOFF TA_XH13 XH11)
(HOMESAFE TA_XH13 XH11)
(DRIVE XH11 XR10)
(DRIVE XR10 XS)
(DRIVE XS XR18)
(DRIVE XR18 XH19)
(DROPOFF TA_XH14 XH19)
(HOMESAFE TA_XH14 XH19)
(DRIVE XH19 XH18)
(DROPOFF TA_XH15 XH18)
(HOMESAFE TA_XH15 XH18)
(DRIVE XH18 XR18)
(DRIVE XR18 XS)
(DRIVE XS XR6)
(DRIVE XR6 XH6)
(DROPOFF TA_XH16 XH6)
(HOMESAFE TA_XH16 XH6)
(DRIVE XH6 XT36)
(DRIVE XT36 XH4)
(DROPOFF TA_XH17 XH4)
(HOMESAFE TA_XH17 XH4)
(DRIVE XH4 XT36)
(DRIVE XT36 XH3)
(DROPOFF TA_XH18 XH3)
(HOMESAFE TA_XH18 XH3)
(DRIVE XH3 XR2)
(DRIVE XR2 XS)
(DROPOFF TA_XH19 XS)
(WALK TA_XH19 XS XR10)
(WALK TA_XH19 XR10 XH10)
(HOMESAFE TA_XH19 XH10)
