(DROPOFF TA_XH0 XS)
(WALK TA_XH0 XS XT64)
(WALK TA_XH0 XT64 XH9)
(HOMESAFE TA_XH0 XH9)
(DROPOFF TA_XH1 XS)
(WALK TA_XH1 XS XT64)
(WALK TA_XH1 XT64 XH8)
(HOMESAFE TA_XH1 XH8)
(DROPOFF TA_XH2 XS)
(WALK TA_XH2 XS XT64)
(WALK TA_XH2 XT64 XH7)
(HOMESAFE TA_XH2 XH7)
(DROPOFF TA_XH3 XS)
(WALK TA_XH3 XS XT64)
(WALK TA_XH3 XT64 XH6)
(HOMESAFE TA_XH3 XH6)
(DROPOFF TA_XH4 XS)
(WALK TA_XH4 XS XT64)
(WALK TA_XH4 XT64 XH5)
(HOMESAFE TA_XH4 XH5)
(DROPOFF TA_XH5 XS)
(WALK TA_XH5 XS XT64)
(WALK TA_XH5 XT64 XH4)
(HOMESAFE TA_XH5 XH4)
(DROPOFF TA_XH6 XS)
(WALK TA_XH6 XS XT64)
(WALK TA_XH6 XT64 XH3)
(HOMESAFE TA_XH6 XH3)
(DROPOFF TA_XH7 XS)
(WALK TA_XH7 XS XT64)
(WALK TA_XH7 XT64 XH2)
(HOMESAFE TA_XH7 XH2)
(DROPOFF TA_XH8 XS)
(WALK TA_XH8 XS XT64)
(WALK TA_XH8 XT64 XH1)
(HOMESAFE TA_XH8 XH1)
(DROPOFF TA_XH9 XS)
(WALK TA_XH9 XS XT64)
(WALK TA_XH9 XT64 XH0)
(HOMESAFE TA_XH9 XH0)
(DROPOFF TA_XH10 XS)
(WALK TA_XH10 XS XR38)
(WALK TA_XH10 XR38 XH39)
(HOMESAFE TA_XH10 XH39)
(DROPOFF TA_XH11 XS)
(WALK TA_XH11 XS XR38)
(WALK TA_XH11 XR38 XH38)
(HOMESAFE TA_XH11 XH38)
(DROPOFF TA_XH12 XS)
(WALK TA_XH12 XS XR36)
(WALK TA_XH12 XR36 XH37)
(HOMESAFE TA_XH12 XH37)
(DROPOFF TA_XH13 XS)
(WALK TA_XH13 XS XR36)
(WALK TA_XH13 XR36 XH36)
(HOMESAFE TA_XH13 XH36)
(DROPOFF TA_XH14 XS)
(WALK TA_XH14 XS XR34)
(WALK TA_XH14 XR34 XH35)
(HOMESAFE TA_XH14 XH35)
(DROPOFF TA_XH15 XS)
(WALK TA_XH15 XS XR34)
(WALK TA_XH15 XR34 XH34)
(HOMESAFE TA_XH15 XH34)
(DROPOFF TA_XH16 XS)
(WALK TA_XH16 XS XR32)
(WALK TA_XH16 XR32 XH33)
(HOMESAFE TA_XH16 XH33)
(DROPOFF TA_XH17 XS)
(WALK TA_XH17 XS XR32)
(WALK TA_XH17 XR32 XH32)
(HOMESAFE TA_XH17 XH32)
(DROPOFF TA_XH18 XS)
(WALK TA_XH18 XS XR30)
(WALK TA_XH18 XR30 XH31)
(HOMESAFE TA_XH18 XH31)
(DROPOFF TA_XH19 XS)
(WALK TA_XH19 XS XR30)
(WALK TA_XH19 XR30 XH30)
(HOMESAFE TA_XH19 XH30)
(DROPOFF TA_XH20 XS)
(WALK TA_XH20 XS XR28)
(WALK TA_XH20 XR28 XH29)
(HOMESAFE TA_XH20 XH29)
(DROPOFF TA_XH21 XS)
(WALK TA_XH21 XS XR28)
(WALK TA_XH21 XR28 XH28)
(HOMESAFE TA_XH21 XH28)
(DROPOFF TA_XH22 XS)
(WALK TA_XH22 XS XR26)
(WALK TA_XH22 XR26 XH27)
(HOMESAFE TA_XH22 XH27)
(DROPOFF TA_XH23 XS)
(WALK TA_XH23 XS XR26)
(WALK TA_XH23 XR26 XH26)
(HOMESAFE TA_XH23 XH26)
(DROPOFF TA_XH24 XS)
(WALK TA_XH24 XS XR24)
(WALK TA_XH24 XR24 XH25)
(HOMESAFE TA_XH24 XH25)
(DROPOFF TA_XH25 XS)
(WALK TA_XH25 XS XR24)
(WALK TA_XH25 XR24 XH24)
(HOMESAFE TA_XH25 XH24)
(DROPOFF TA_XH26 XS)
(WALK TA_XH26 XS XR22)
(WALK TA_XH26 XR22 XH23)
(HOMESAFE TA_XH26 XH23)
(DROPOFF TA_XH27 XS)
(WALK TA_XH27 XS XR22)
(WALK TA_XH27 XR22 XH22)
(HOMESAFE TA_XH27 XH22)
(DROPOFF TA_XH28 XS)
(WALK TA_XH28 XS XR20)
(WALK TA_XH28 XR20 XH21)
(HOMESAFE TA_XH28 XH21)
(DROPOFF TA_XH29 XS)
(WALK TA_XH29 XS XR20)
(WALK TA_XH29 XR20 XH20)
(HOMESAFE TA_XH29 XH20)
(DROPOFF TA_XH30 XS)
(WALK TA_XH30 XS XR18)
(WALK TA_XH30 XR18 XH19)
(HOMESAFE TA_XH30 XH19)
(DROPOFF TA_XH31 XS)
(WALK TA_XH31 XS XR18)
(WALK TA_XH31 XR18 XH18)
(HOMESAFE TA_XH31 XH18)
(DROPOFF TA_XH32 XS)
(WALK TA_XH32 XS XR16)
(WALK TA_XH32 XR16 XH17)
(HOMESAFE TA_XH32 XH17)
(DROPOFF TA_XH33 XS)
(WALK TA_XH33 XS XR16)
(WALK TA_XH33 XR16 XH16)
(HOMESAFE TA_XH33 XH16)
(DROPOFF TA_XH34 XS)
(WALK TA_XH34 XS XR14)
(WALK TA_XH34 XR14 XH15)
(HOMESAFE TA_XH34 XH15)
(DROPOFF TA_XH35 XS)
(WALK TA_XH35 XS XR14)
(WALK TA_XH35 XR14 XH14)
(HOMESAFE TA_XH35 XH14)
(DROPOFF TA_XH36 XS)
(WALK TA_XH36 XS XR12)
(WALK TA_XH36 XR12 XH13)
(HOMESAFE TA_XH36 XH13)
(DROPOFF TA_XH37 XS)
(WALK TA_XH37 XS XR12)
(WALK TA_XH37 XR12 XH12)
(HOMESAFE TA_XH37 XH12)
(DROPOFF TA_XH38 XS)
(WALK TA_XH38 XS XR10)
(WALK TA_XH38 XR10 XH11)
(HOMESAFE TA_XH38 XH11)
(DROPOFF TA_XH39 XS)
(WALK TA_XH39 XS XR10)
(WALK TA_XH39 XR10 XH10)
(HOMESAFE TA_XH39 XH10)
