(DROPOFF TA_XE27C41 X7FD578)
(WALK TA_XE27C41 X7FD578 X877D0E)
(HOMESAFE TA_XE27C41 X877D0E)
(DROPOFF TA_XE5D023 X7FD578)
(WALK TA_XE5D023 X7FD578 XFF39A5)
(HOMESAFE TA_XE5D023 XFF39A5)
(DROPOFF TA_X1EE680 X7FD578)
(WALK TA_X1EE680 X7FD578 X1AC5CE)
(HOMESAFE TA_X1EE680 X1AC5CE)
(DROPOFF TA_XEEEA40 X7FD578)
(WALK TA_XEEEA40 X7FD578 XC03738)
(WALK TA_XEEEA40 XC03738 X9F01C8)
(HOMESAFE TA_XEEEA40 X9F01C8)
(DROPOFF TA_X981760 X7FD578)
(WALK TA_X981760 X7FD578 X17BEF0)
(WALK TA_X981760 X17BEF0 XB40756)
(HOMESAFE TA_X981760 XB40756)
(DROPOFF TA_X01684B X7FD578)
(WALK TA_X01684B X7FD578 XFF39A5)
(WALK TA_X01684B XFF39A5 X981760)
(HOMESAFE TA_X01684B X981760)
(DROPOFF TA_X6CAF19 X7FD578)
(WALK TA_X6CAF19 X7FD578 X0FED38)
(WALK TA_X6CAF19 X0FED38 X66B94B)
(HOMESAFE TA_X6CAF19 X66B94B)
(DROPOFF TA_X6C7BF0 X7FD578)
(WALK TA_X6C7BF0 X7FD578 X17BEF0)
(WALK TA_X6C7BF0 X17BEF0 X859C0E)
(HOMESAFE TA_X6C7BF0 X859C0E)
(DROPOFF TA_X3E0BDD X7FD578)
(WALK TA_X3E0BDD X7FD578 X57CBDE)
(WALK TA_X3E0BDD X57CBDE X7B7BDE)
(HOMESAFE TA_X3E0BDD X7B7BDE)
(DROPOFF TA_X1176C9 X7FD578)
(WALK TA_X1176C9 X7FD578 XC03738)
(WALK TA_X1176C9 XC03738 X2E60FC)
(HOMESAFE TA_X1176C9 X2E60FC)
(DROPOFF TA_X859C0E X7FD578)
(WALK TA_X859C0E X7FD578 X4BCD0B)
(WALK TA_X859C0E X4BCD0B XF4C859)
(HOMESAFE TA_X859C0E XF4C859)
(DROPOFF TA_XB40756 X7FD578)
(WALK TA_XB40756 X7FD578 XC03738)
(WALK TA_XB40756 XC03738 XEEEA40)
(HOMESAFE TA_XB40756 XEEEA40)
(DROPOFF TA_X7B7BDE X7FD578)
(WALK TA_X7B7BDE X7FD578 XAA2C70)
(WALK TA_X7B7BDE XAA2C70 X2C376F)
(HOMESAFE TA_X7B7BDE X2C376F)
(DROPOFF TA_X1AC5CE X7FD578)
(WALK TA_X1AC5CE X7FD578 X283373)
(WALK TA_X1AC5CE X283373 X3E0BDD)
(HOMESAFE TA_X1AC5CE X3E0BDD)
(DROPOFF TA_X61D740 X7FD578)
(WALK TA_X61D740 X7FD578 X9A65B7)
(WALK TA_X61D740 X9A65B7 X01684B)
(HOMESAFE TA_X61D740 X01684B)
(DROPOFF TA_XF4C859 X7FD578)
(WALK TA_XF4C859 X7FD578 X309D1E)
(WALK TA_XF4C859 X309D1E X6CAF19)
(HOMESAFE TA_XF4C859 X6CAF19)
(DROPOFF TA_X1BD5F4 X7FD578)
(WALK TA_X1BD5F4 X7FD578 X19E454)
(WALK TA_X1BD5F4 X19E454 XE5D023)
(HOMESAFE TA_X1BD5F4 XE5D023)
(DROPOFF TA_X877D0E X7FD578)
(WALK TA_X877D0E X7FD578 X17BEF0)
(WALK TA_X877D0E X17BEF0 X9B7F16)
(HOMESAFE TA_X877D0E X9B7F16)
(DROPOFF TA_X9F01C8 X7FD578)
(WALK TA_X9F01C8 X7FD578 X4BCD0B)
(WALK TA_X9F01C8 X4BCD0B X61D740)
(HOMESAFE TA_X9F01C8 X61D740)
(DROPOFF TA_XA085DD X7FD578)
(WALK TA_XA085DD X7FD578 X2A2C8A)
(WALK TA_XA085DD X2A2C8A X1176C9)
(HOMESAFE TA_XA085DD X1176C9)
(DROPOFF TA_X2C376F X7FD578)
(WALK TA_X2C376F X7FD578 X17BEF0)
(WALK TA_X2C376F X17BEF0 X6C7BF0)
(HOMESAFE TA_X2C376F X6C7BF0)
(DROPOFF TA_XFF39A5 X7FD578)
(WALK TA_XFF39A5 X7FD578 X57CBDE)
(WALK TA_XFF39A5 X57CBDE XA085DD)
(HOMESAFE TA_XFF39A5 XA085DD)
(DROPOFF TA_X2E60FC X7FD578)
(WALK TA_X2E60FC X7FD578 X853F1A)
(WALK TA_X2E60FC X853F1A X1BD5F4)
(HOMESAFE TA_X2E60FC X1BD5F4)
(DROPOFF TA_X9B7F16 X7FD578)
(WALK TA_X9B7F16 X7FD578 X9A65B7)
(WALK TA_X9B7F16 X9A65B7 X9F01C8)
(WALK TA_X9B7F16 X9F01C8 X1EE680)
(HOMESAFE TA_X9B7F16 X1EE680)
(DROPOFF TA_X66B94B X7FD578)
(WALK TA_X66B94B X7FD578 X2A2C8A)
(WALK TA_X66B94B X2A2C8A X1176C9)
(WALK TA_X66B94B X1176C9 XE27C41)
(HOMESAFE TA_X66B94B XE27C41)
