(DROPOFF TA_X37F745 X188645)
(HOMESAFE TA_X37F745 X188645)
(DRIVE X188645 XA5CCB5)
(DROPOFF TA_X84EBFF XA5CCB5)
(HOMESAFE TA_X84EBFF XA5CCB5)
(DRIVE XA5CCB5 X35FF16)
(DRIVE X35FF16 X500783)
(DROPOFF TA_XFD1783 X500783)
(HOMESAFE TA_XFD1783 X500783)
(DRIVE X500783 X298FDD)
(DRIVE X298FDD XEC05F7)
(DRIVE XEC05F7 X4FBDE1)
(DROPOFF TA_X19FFAB X4FBDE1)
(HOMESAFE TA_X19FFAB X4FBDE1)
(DRIVE X4FBDE1 XEC05F7)
(DRIVE XEC05F7 XB3243F)
(DRIVE XB3243F X1276AF)
(DROPOFF TA_X29B2A4 X1276AF)
(HOMESAFE TA_X29B2A4 X1276AF)
(DRIVE X1276AF XB0C7A5)
(DRIVE XB0C7A5 X31D332)
(DRIVE X31D332 XDD2694)
(DROPOFF TA_XDBDC9A XDD2694)
(HOMESAFE TA_XDBDC9A XDD2694)
(DRIVE XDD2694 X31D332)
(DRIVE X31D332 X35F60D)
(DRIVE X35F60D X2C101C)
(DROPOFF TA_X500783 X2C101C)
(HOMESAFE TA_X500783 X2C101C)
(DRIVE X2C101C XE0E349)
(DRIVE XE0E349 X35FF16)
(DRIVE X35FF16 XA5CCB5)
(DRIVE XA5CCB5 XDBDC9A)
(DROPOFF TA_X94D700 XDBDC9A)
(HOMESAFE TA_X94D700 XDBDC9A)
(DRIVE XDBDC9A XCEAE00)
(DRIVE XCEAE00 XEC05F7)
(DRIVE XEC05F7 X35F60D)
(DRIVE X35F60D X61EDA9)
(DRIVE X61EDA9 X84EBFF)
(DROPOFF TA_X467AB7 X84EBFF)
(HOMESAFE TA_X467AB7 X84EBFF)
(DRIVE X84EBFF X103C70)
(DRIVE X103C70 X94D700)
(DROPOFF TA_X188645 X94D700)
(HOMESAFE TA_X188645 X94D700)
(DRIVE X94D700 X410DA1)
(DRIVE X410DA1 X298FDD)
(DRIVE X298FDD X0FBCDC)
(DROPOFF TA_XCB09C0 X0FBCDC)
(HOMESAFE TA_XCB09C0 X0FBCDC)
(DRIVE X0FBCDC X61EDA9)
(DRIVE X61EDA9 XE09D29)
(DROPOFF TA_XAA8E14 XE09D29)
(HOMESAFE TA_XAA8E14 XE09D29)
(DRIVE XE09D29 X61EDA9)
(DRIVE X61EDA9 XD27DC1)
(DRIVE XD27DC1 X6D778A)
(DROPOFF TA_X4FBDE1 X6D778A)
(HOMESAFE TA_X4FBDE1 X6D778A)
(DRIVE X6D778A XD27DC1)
(DRIVE XD27DC1 XEC05F7)
(DRIVE XEC05F7 X298FDD)
(DRIVE X298FDD XA7E9D9)
(DROPOFF TA_X539A92 XA7E9D9)
(HOMESAFE TA_X539A92 XA7E9D9)
(DRIVE XA7E9D9 X410DA1)
(DRIVE X410DA1 X70146D)
(DRIVE X70146D XD01E6B)
(DROPOFF TA_XD7CAF9 XD01E6B)
(HOMESAFE TA_XD7CAF9 XD01E6B)
(DRIVE XD01E6B X70146D)
(DRIVE X70146D XEC05F7)
(DRIVE XEC05F7 X539A92)
(DROPOFF TA_X48C2D5 X539A92)
(HOMESAFE TA_X48C2D5 X539A92)
(DRIVE X539A92 XEC05F7)
(DRIVE XEC05F7 X29B2A4)
(DROPOFF TA_XA7E9D9 X29B2A4)
(HOMESAFE TA_XA7E9D9 X29B2A4)
(DRIVE X29B2A4 X70146D)
(DRIVE X70146D XE954F7)
(DROPOFF TA_XE954F7 XE954F7)
(HOMESAFE TA_XE954F7 XE954F7)
(DRIVE XE954F7 X410DA1)
(DRIVE X410DA1 X784F83)
(DROPOFF TA_XDD2694 X784F83)
(HOMESAFE TA_XDD2694 X784F83)
(DRIVE X784F83 X410DA1)
(DRIVE X410DA1 X35F60D)
(DRIVE X35F60D X103C70)
(DRIVE X103C70 X07D80A)
(DROPOFF TA_XD01E6B X07D80A)
(HOMESAFE TA_XD01E6B X07D80A)
(DRIVE X07D80A XC0766C)
(DRIVE XC0766C X628AB2)
(DROPOFF TA_X800641 X628AB2)
(HOMESAFE TA_X800641 X628AB2)
(DRIVE X628AB2 X31D332)
(DRIVE X31D332 X35F60D)
(DRIVE X35F60D XB7B073)
(DROPOFF TA_XC98FE7 XB7B073)
(HOMESAFE TA_XC98FE7 XB7B073)
(DRIVE XB7B073 X35F60D)
(DRIVE X35F60D XAFF8D1)
(DROPOFF TA_X784F83 XAFF8D1)
(HOMESAFE TA_X784F83 XAFF8D1)
(DRIVE XAFF8D1 X35F60D)
(DRIVE X35F60D XB86446)
(DRIVE XB86446 X8D0852)
(DROPOFF TA_X0A5C0E X8D0852)
(HOMESAFE TA_X0A5C0E X8D0852)
(DRIVE X8D0852 X70146D)
(DRIVE X70146D X9B0EC2)
(DROPOFF TA_X9B9BDD X9B0EC2)
(HOMESAFE TA_X9B9BDD X9B0EC2)
(DRIVE X9B0EC2 X70146D)
(DRIVE X70146D XEC05F7)
(DRIVE XEC05F7 X0FB66D)
(DROPOFF TA_X9B0EC2 X0FB66D)
(HOMESAFE TA_X9B0EC2 X0FB66D)
(DRIVE X0FB66D XFA567E)
(DRIVE XFA567E X3ADA02)
(DROPOFF TA_X994F93 X3ADA02)
(HOMESAFE TA_X994F93 X3ADA02)
(DRIVE X3ADA02 X61EDA9)
(DRIVE X61EDA9 X35F60D)
(DRIVE X35F60D XEC05F7)
(DRIVE XEC05F7 XFD1783)
(DROPOFF TA_X07D80A XFD1783)
(HOMESAFE TA_X07D80A XFD1783)
(DRIVE XFD1783 XEC05F7)
(DRIVE XEC05F7 X298FDD)
(DRIVE X298FDD X410DA1)
(DRIVE X410DA1 XCB09C0)
(DROPOFF TA_X724A76 XCB09C0)
(HOMESAFE TA_X724A76 XCB09C0)
(DRIVE XCB09C0 XB0C7A5)
(DRIVE XB0C7A5 X35F60D)
(DRIVE X35F60D X3B1041)
(DROPOFF TA_X6D778A X3B1041)
(HOMESAFE TA_X6D778A X3B1041)
(DRIVE X3B1041 X35F60D)
(DRIVE X35F60D X31D332)
(DRIVE X31D332 XC98FE7)
(DROPOFF TA_X0FBCDC XC98FE7)
(HOMESAFE TA_X0FBCDC XC98FE7)
(DRIVE XC98FE7 XA5CCB5)
(DRIVE XA5CCB5 X35FF16)
(DRIVE X35FF16 X800641)
(DROPOFF TA_XB833F0 X800641)
(HOMESAFE TA_XB833F0 X800641)
(DRIVE X800641 X35FF16)
(DRIVE X35FF16 X0D7DE7)
(DRIVE X0D7DE7 X724A76)
(DROPOFF TA_XB7B073 X724A76)
(HOMESAFE TA_XB7B073 X724A76)
(DRIVE X724A76 XCEAE00)
(DRIVE XCEAE00 XB833F0)
(DROPOFF TA_XD04F40 XB833F0)
(HOMESAFE TA_XD04F40 XB833F0)
(DRIVE XB833F0 X37F745)
(DROPOFF TA_X3B1041 X37F745)
(HOMESAFE TA_X3B1041 X37F745)
(DRIVE X37F745 X7BF2B5)
(DRIVE X7BF2B5 X0A5C0E)
(DROPOFF TA_X8D0852 X0A5C0E)
(HOMESAFE TA_X8D0852 X0A5C0E)
(DRIVE X0A5C0E X298FDD)
(DRIVE X298FDD X410DA1)
(DRIVE X410DA1 X4B39CA)
(DRIVE X4B39CA X19FFAB)
(DROPOFF TA_XE09D29 X19FFAB)
(HOMESAFE TA_XE09D29 X19FFAB)
(DRIVE X19FFAB X0801CC)
(DRIVE X0801CC XD443EB)
(DROPOFF TA_X0FB66D XD443EB)
(HOMESAFE TA_X0FB66D XD443EB)
(DRIVE XD443EB X1EB422)
(DRIVE X1EB422 X2F1AB5)
(DRIVE X2F1AB5 X9B9BDD)
(DROPOFF TA_X2C101C X9B9BDD)
(HOMESAFE TA_X2C101C X9B9BDD)
(DRIVE X9B9BDD X2F1AB5)
(DRIVE X2F1AB5 XFF8D45)
(DROPOFF TA_XD5356A XFF8D45)
(HOMESAFE TA_XD5356A XFF8D45)
(DRIVE XFF8D45 X298FDD)
(DRIVE X298FDD X48C2D5)
(DROPOFF TA_XD443EB X48C2D5)
(DRIVE X48C2D5 X188645)
(HOMESAFE TA_XD443EB X48C2D5)
(DRIVE X188645 XC0766C)
(DRIVE XC0766C X143B88)
(DRIVE X143B88 X44716B)
(DROPOFF TA_XAFF8D1 X44716B)
(HOMESAFE TA_XAFF8D1 X44716B)
(DRIVE X44716B XD27DC1)
(DRIVE XD27DC1 XEF4D57)
(DROPOFF TA_X3ADA02 XEF4D57)
(HOMESAFE TA_X3ADA02 XEF4D57)
(DRIVE XEF4D57 XB7B073)
(DRIVE XB7B073 XA7E9D9)
(DRIVE XA7E9D9 X0D7DE7)
(DRIVE X0D7DE7 XE954F7)
(DRIVE XE954F7 XD5356A)
(DROPOFF TA_X628AB2 XD5356A)
(HOMESAFE TA_X628AB2 XD5356A)
(DRIVE XD5356A X3ADA02)
(DRIVE X3ADA02 X61EDA9)
(DRIVE X61EDA9 XD9447D)
(DRIVE XD9447D XD04F40)
(DROPOFF TA_X1276AF XD04F40)
(HOMESAFE TA_X1276AF XD04F40)
(DRIVE XD04F40 XDD2694)
(DRIVE XDD2694 X410DA1)
(DRIVE X410DA1 X8D0852)
(DRIVE X8D0852 XD443EB)
(DRIVE XD443EB XD7CAF9)
(DROPOFF TA_XFF8D45 XD7CAF9)
(HOMESAFE TA_XFF8D45 XD7CAF9)
(DRIVE XD7CAF9 XD443EB)
(DRIVE XD443EB X673B36)
(DRIVE X673B36 X7E18E9)
(DROPOFF TA_XA5CCB5 X7E18E9)
(HOMESAFE TA_XA5CCB5 X7E18E9)
(DRIVE X7E18E9 X673B36)
(DRIVE X673B36 XDBDC9A)
(DRIVE XDBDC9A X994F93)
(DROPOFF TA_XEF4D57 X994F93)
(HOMESAFE TA_XEF4D57 X994F93)
(DRIVE X994F93 XDBDC9A)
(DRIVE XDBDC9A XA5CCB5)
(DRIVE XA5CCB5 X188645)
(DRIVE X188645 X0FB66D)
(DRIVE X0FB66D XFA567E)
(DRIVE XFA567E X0D7DE7)
(DRIVE X0D7DE7 X467AB7)
(DROPOFF TA_X7E18E9 X467AB7)
(HOMESAFE TA_X7E18E9 X467AB7)
(DRIVE X467AB7 X724A76)
(DRIVE X724A76 XAA8E14)
(DROPOFF TA_X44716B XAA8E14)
(HOMESAFE TA_X44716B XAA8E14)
(DRIVE XAA8E14 XCEAE00)
(DRIVE XCEAE00 X0FB66D)
(DRIVE X0FB66D X188645)
