(DROPOFF TA_Xroad Xcontext)
(HOMESAFE TA_Xroad Xcontext)
(DRIVE Xcontext Xsatisfaction)
(DRIVE Xsatisfaction Xconstruction)
(DROPOFF TA_Xcare Xconstruction)
(HOMESAFE TA_Xcare Xconstruction)
(DRIVE Xconstruction Xfat)
(DROPOFF TA_Xcontext Xfat)
(HOMESAFE TA_Xcontext Xfat)
(DRIVE Xfat Xforce)
(DRIVE Xforce Xanxiety)
(DROPOFF TA_Xwhile Xanxiety)
(HOMESAFE TA_Xwhile Xanxiety)
(DRIVE Xanxiety Xbit)
(DROPOFF TA_Xcurrency Xbit)
(HOMESAFE TA_Xcurrency Xbit)
(DRIVE Xbit Xsoup)
(DRIVE Xsoup Xreality)
(DROPOFF TA_Xreality Xreality)
(HOMESAFE TA_Xreality Xreality)
(DRIVE Xreality Xfat)
(DRIVE Xfat Xbread)
(DROPOFF TA_Xbedroom Xbread)
(HOMESAFE TA_Xbedroom Xbread)
(DRIVE Xbread Xaspect)
(DROPOFF TA_Xwood Xaspect)
(HOMESAFE TA_Xwood Xaspect)
(DRIVE Xaspect Xbedroom)
(DROPOFF TA_Xbit Xbedroom)
(DRIVE Xbedroom Xcontext)
(WALK TA_Xbit Xbedroom Xfarmer)
(HOMESAFE TA_Xbit Xfarmer)
(DRIVE Xcontext Xcell)
(DRIVE Xcell Xstate)
(DROPOFF TA_Xability Xstate)
(HOMESAFE TA_Xability Xstate)
(DRIVE Xstate Xanxiety)
(DRIVE Xanxiety Xsatisfaction)
(DROPOFF TA_Xinteraction Xsatisfaction)
(DRIVE Xsatisfaction Xcontext)
(HOMESAFE TA_Xinteraction Xsatisfaction)
(DRIVE Xcontext Xroad)
(DROPOFF TA_Xfarmer Xroad)
(DRIVE Xroad Xcontext)
(HOMESAFE TA_Xfarmer Xroad)
(DRIVE Xcontext Xcell)
(DRIVE Xcell Xcare)
(DROPOFF TA_Xconstruction Xcare)
(HOMESAFE TA_Xconstruction Xcare)
(DRIVE Xcare Xstress)
(DRIVE Xstress Xthanks)
(DROPOFF TA_Xteaching Xthanks)
(HOMESAFE TA_Xteaching Xthanks)
(DRIVE Xthanks Xanxiety)
(DRIVE Xanxiety Xdeparture)
(DROPOFF TA_Xsoil Xdeparture)
(HOMESAFE TA_Xsoil Xdeparture)
(DRIVE Xdeparture Xanxiety)
(DRIVE Xanxiety Xforce)
(DRIVE Xforce Xsoil)
(DROPOFF TA_Xstate Xsoil)
(DRIVE Xsoil Xcontext)
(HOMESAFE TA_Xstate Xsoil)
(DRIVE Xcontext Xforce)
(DRIVE Xforce Xfat)
(DRIVE Xfat Xstore)
(DROPOFF TA_Xsatisfaction Xstore)
(HOMESAFE TA_Xsatisfaction Xstore)
(DRIVE Xstore Xpart)
(DRIVE Xpart Xinteraction)
(DROPOFF TA_Xstore Xinteraction)
(DRIVE Xinteraction Xcontext)
(HOMESAFE TA_Xstore Xinteraction)
(DRIVE Xcontext Xattempt)
(DROPOFF TA_Xattempt Xattempt)
(DRIVE Xattempt Xcontext)
(HOMESAFE TA_Xattempt Xattempt)
(DRIVE Xcontext Xbedroom)
(DROPOFF TA_Xdeparture Xbedroom)
(DRIVE Xbedroom Xcontext)
(HOMESAFE TA_Xdeparture Xbedroom)
(DRIVE Xcontext Xforce)
(DRIVE Xforce Xwood)
(DROPOFF TA_Xfat Xwood)
(HOMESAFE TA_Xfat Xwood)
(DRIVE Xwood Xrecognition)
(DRIVE Xrecognition Xability)
(DROPOFF TA_Xthanks Xability)
(HOMESAFE TA_Xthanks Xability)
(DRIVE Xability Xforce)
(DRIVE Xforce Xcontext)
(DRIVE Xcontext Xroad)
(DRIVE Xroad Xteaching)
(DROPOFF TA_Xbread Xteaching)
(HOMESAFE TA_Xbread Xteaching)
(DRIVE Xteaching Xcare)
(DRIVE Xcare Xcurrency)
(DROPOFF TA_Xanxiety Xcurrency)
(HOMESAFE TA_Xanxiety Xcurrency)
(DRIVE Xcurrency Xpriority)
(DRIVE Xpriority Xcar)
(DRIVE Xcar Xwhile)
(DROPOFF TA_Xaspect Xwhile)
(HOMESAFE TA_Xaspect Xwhile)
(DRIVE Xwhile Xcell)
(DRIVE Xcell Xcontext)
