(DROPOFF TA_Xphilosophy Xmaintenance)
(HOMESAFE TA_Xphilosophy Xmaintenance)
(DROPOFF TA_Xobject Xmaintenance)
(WALK TA_Xobject Xmaintenance Xexample)
(HOMESAFE TA_Xobject Xexample)
(DROPOFF TA_Xcompetition Xmaintenance)
(WALK TA_Xcompetition Xmaintenance Xobject)
(HOMESAFE TA_Xcompetition Xobject)
(DROPOFF TA_Xwar Xmaintenance)
(WALK TA_Xwar Xmaintenance Xdriver)
(HOMESAFE TA_Xwar Xdriver)
(DROPOFF TA_Xstyle Xmaintenance)
(WALK TA_Xstyle Xmaintenance Xresolution)
(HOMESAFE TA_Xstyle Xresolution)
(DROPOFF TA_Xchurch Xmaintenance)
(WALK TA_Xchurch Xmaintenance Xwife)
(HOMESAFE TA_Xchurch Xwife)
(DROPOFF TA_Xwife Xmaintenance)
(WALK TA_Xwife Xmaintenance Xsalad)
(HOMESAFE TA_Xwife Xsalad)
(DROPOFF TA_Xsign Xmaintenance)
(WALK TA_Xsign Xmaintenance Xmovie)
(HOMESAFE TA_Xsign Xmovie)
(DROPOFF TA_Xcomplaint Xmaintenance)
(WALK TA_Xcomplaint Xmaintenance Xdepression)
(HOMESAFE TA_Xcomplaint Xdepression)
(DROPOFF TA_Xsister Xmaintenance)
(WALK TA_Xsister Xmaintenance Xdifficulty)
(HOMESAFE TA_Xsister Xdifficulty)
(DROPOFF TA_Xcause Xmaintenance)
(WALK TA_Xcause Xmaintenance Xversion)
(HOMESAFE TA_Xcause Xversion)
(DROPOFF TA_Xeconomy Xmaintenance)
(WALK TA_Xeconomy Xmaintenance Xchurch)
(HOMESAFE TA_Xeconomy Xchurch)
(DROPOFF TA_Xcontract Xmaintenance)
(WALK TA_Xcontract Xmaintenance Xcareer)
(HOMESAFE TA_Xcontract Xcareer)
(DROPOFF TA_Xprice Xmaintenance)
(WALK TA_Xprice Xmaintenance Xfuture)
(HOMESAFE TA_Xprice Xfuture)
(DROPOFF TA_Xrate Xmaintenance)
(WALK TA_Xrate Xmaintenance Xpresence)
(WALK TA_Xrate Xpresence Xrock)
(HOMESAFE TA_Xrate Xrock)
(DROPOFF TA_Xincome Xmaintenance)
(WALK TA_Xincome Xmaintenance Xpresence)
(WALK TA_Xincome Xpresence Xpopulation)
(HOMESAFE TA_Xincome Xpopulation)
(DROPOFF TA_Xrole Xmaintenance)
(WALK TA_Xrole Xmaintenance Xpresence)
(WALK TA_Xrole Xpresence Xphoto)
(HOMESAFE TA_Xrole Xphoto)
(DROPOFF TA_Xdriver Xmaintenance)
(WALK TA_Xdriver Xmaintenance Xpresence)
(WALK TA_Xdriver Xpresence Xmarketing)
(HOMESAFE TA_Xdriver Xmarketing)
(DROPOFF TA_Xcareer Xmaintenance)
(WALK TA_Xcareer Xmaintenance Xpresence)
(WALK TA_Xcareer Xpresence Xday)
(HOMESAFE TA_Xcareer Xday)
(DROPOFF TA_Xinspection Xmaintenance)
(WALK TA_Xinspection Xmaintenance Xpresence)
(WALK TA_Xinspection Xpresence Xselection)
(HOMESAFE TA_Xinspection Xselection)
(DROPOFF TA_Xaverage Xmaintenance)
(WALK TA_Xaverage Xmaintenance Xpresence)
(WALK TA_Xaverage Xpresence Xwar)
(HOMESAFE TA_Xaverage Xwar)
(DROPOFF TA_Xfocus Xmaintenance)
(WALK TA_Xfocus Xmaintenance Xpresence)
(WALK TA_Xfocus Xpresence Xincome)
(HOMESAFE TA_Xfocus Xincome)
(DROPOFF TA_Xaction Xmaintenance)
(WALK TA_Xaction Xmaintenance Xpresence)
(WALK TA_Xaction Xpresence Xreputation)
(HOMESAFE TA_Xaction Xreputation)
(DROPOFF TA_Xreputation Xmaintenance)
(WALK TA_Xreputation Xmaintenance Xcredit)
(WALK TA_Xreputation Xcredit Xstyle)
(HOMESAFE TA_Xreputation Xstyle)
(DROPOFF TA_Xaccount Xmaintenance)
(WALK TA_Xaccount Xmaintenance Xcredit)
(WALK TA_Xaccount Xcredit Xrate)
(HOMESAFE TA_Xaccount Xrate)
(DROPOFF TA_Xmovie Xmaintenance)
(WALK TA_Xmovie Xmaintenance Xcredit)
(WALK TA_Xmovie Xcredit Xcomplaint)
(HOMESAFE TA_Xmovie Xcomplaint)
(DROPOFF TA_Xdescription Xmaintenance)
(WALK TA_Xdescription Xmaintenance Xcredit)
(WALK TA_Xdescription Xcredit Xsister)
(HOMESAFE TA_Xdescription Xsister)
(DROPOFF TA_Xday Xmaintenance)
(WALK TA_Xday Xmaintenance Xcredit)
(WALK TA_Xday Xcredit Xproperty)
(HOMESAFE TA_Xday Xproperty)
(DROPOFF TA_Xdepression Xmaintenance)
(WALK TA_Xdepression Xmaintenance Xcredit)
(WALK TA_Xdepression Xcredit Xphilosophy)
(HOMESAFE TA_Xdepression Xphilosophy)
(DROPOFF TA_Xchest Xmaintenance)
(WALK TA_Xchest Xmaintenance Xcredit)
(WALK TA_Xchest Xcredit Xrole)
(HOMESAFE TA_Xchest Xrole)
(DROPOFF TA_Xbeer Xmaintenance)
(WALK TA_Xbeer Xmaintenance Xcredit)
(WALK TA_Xbeer Xcredit Xcause)
(HOMESAFE TA_Xbeer Xcause)
(DROPOFF TA_Xsalad Xmaintenance)
(WALK TA_Xsalad Xmaintenance Xcredit)
(WALK TA_Xsalad Xcredit Xchest)
(HOMESAFE TA_Xsalad Xchest)
(DROPOFF TA_Xphoto Xmaintenance)
(WALK TA_Xphoto Xmaintenance Xcredit)
(WALK TA_Xphoto Xcredit Xvolume)
(HOMESAFE TA_Xphoto Xvolume)
(DROPOFF TA_Xdifficulty Xmaintenance)
(WALK TA_Xdifficulty Xmaintenance Xexample)
(WALK TA_Xdifficulty Xexample Xfocus)
(HOMESAFE TA_Xdifficulty Xfocus)
(DROPOFF TA_Xcontext Xmaintenance)
(WALK TA_Xcontext Xmaintenance Xexample)
(WALK TA_Xcontext Xexample Xcompetition)
(HOMESAFE TA_Xcontext Xcompetition)
(DROPOFF TA_Xmaintenance Xmaintenance)
(WALK TA_Xmaintenance Xmaintenance Xexample)
(WALK TA_Xmaintenance Xexample Xbeer)
(HOMESAFE TA_Xmaintenance Xbeer)
(DROPOFF TA_Xpopulation Xmaintenance)
(WALK TA_Xpopulation Xmaintenance Xexample)
(WALK TA_Xpopulation Xexample Xbread)
(HOMESAFE TA_Xpopulation Xbread)
(DROPOFF TA_Xversion Xmaintenance)
(WALK TA_Xversion Xmaintenance Xobject)
(WALK TA_Xversion Xobject Xaction)
(HOMESAFE TA_Xversion Xaction)
(DROPOFF TA_Xexample Xmaintenance)
(WALK TA_Xexample Xmaintenance Xobject)
(WALK TA_Xexample Xobject Xprice)
(HOMESAFE TA_Xexample Xprice)
(DROPOFF TA_Xresolution Xmaintenance)
(WALK TA_Xresolution Xmaintenance Xwood)
(WALK TA_Xresolution Xwood Xwoman)
(HOMESAFE TA_Xresolution Xwoman)
(DROPOFF TA_Xrock Xmaintenance)
(WALK TA_Xrock Xmaintenance Xdriver)
(WALK TA_Xrock Xdriver Xaccount)
(HOMESAFE TA_Xrock Xaccount)
(DROPOFF TA_Xmarketing Xmaintenance)
(WALK TA_Xmarketing Xmaintenance Xexercise)
(WALK TA_Xmarketing Xexercise Xsign)
(HOMESAFE TA_Xmarketing Xsign)
(DROPOFF TA_Xfuture Xmaintenance)
(WALK TA_Xfuture Xmaintenance Xvalue)
(WALK TA_Xfuture Xvalue Xaverage)
(HOMESAFE TA_Xfuture Xaverage)
(DROPOFF TA_Xfeature Xmaintenance)
(WALK TA_Xfeature Xmaintenance Xvalue)
(WALK TA_Xfeature Xvalue Xfeature)
(HOMESAFE TA_Xfeature Xfeature)
(DROPOFF TA_Xobligation Xmaintenance)
(WALK TA_Xobligation Xmaintenance Xvalue)
(WALK TA_Xobligation Xvalue Xcontract)
(HOMESAFE TA_Xobligation Xcontract)
(DROPOFF TA_Xbread Xmaintenance)
(WALK TA_Xbread Xmaintenance Xresolution)
(WALK TA_Xbread Xresolution Xeconomy)
(HOMESAFE TA_Xbread Xeconomy)
(DROPOFF TA_Xvolume Xmaintenance)
(WALK TA_Xvolume Xmaintenance Xpermission)
(WALK TA_Xvolume Xpermission Xcontext)
(HOMESAFE TA_Xvolume Xcontext)
(DROPOFF TA_Xproperty Xmaintenance)
(WALK TA_Xproperty Xmaintenance Xpermission)
(WALK TA_Xproperty Xpermission Xinspection)
(HOMESAFE TA_Xproperty Xinspection)
(DROPOFF TA_Xselection Xmaintenance)
(WALK TA_Xselection Xmaintenance Xmeasurement)
(WALK TA_Xselection Xmeasurement Xdescription)
(HOMESAFE TA_Xselection Xdescription)
(DROPOFF TA_Xwoman Xmaintenance)
(WALK TA_Xwoman Xmaintenance Xwife)
(WALK TA_Xwoman Xwife Xobligation)
(HOMESAFE TA_Xwoman Xobligation)
