(DRIVE XWheeler XSproul)
(DROPOFF TA_XMoses XSproul)
(HOMESAFE TA_XMoses Xsproul)
(DRIVE XSproul XWheeler)
(DRIVE XWheeler XEvans)
(DRIVE XEvans XMorrison)
(DROPOFF TA_XMcLaughlin XMorrison)
(HOMESAFE TA_XMclaughlin Xmorrison)
(DRIVE XMorrison XHertz)
(DRIVE XHertz XKroeber)
(DROPOFF TA_XIHouse XKroeber)
(DRIVE XKroeber XHertz)
(DRIVE XHertz XMorrison)
(DRIVE XMorrison XEvans)
(DRIVE XEvans XWheeler)
(WALK TA_XIHouse XKroeber XLewis)
(WALK TA_XIHouse XLewis XGreek)
(WALK TA_XIHouse XGreek XBechtel)
(DRIVE XWheeler XEvans)
(DRIVE XEvans XMorrison)
(DRIVE XMorrison XHertz)
(DRIVE XHertz XKroeber)
(DROPOFF TA_XFoothill XKroeber)
(DRIVE XKroeber XHertz)
(DRIVE XHertz XMorrison)
(DRIVE XMorrison XEvans)
(DRIVE XEvans XWheeler)
(DRIVE XWheeler XDoe)
(DRIVE XDoe XCampanile)
(DRIVE XCampanile XLeConte)
(DRIVE XLeConte XBirge)
(DROPOFF TA_XEtcheverry XBirge)
(HOMESAFE TA_XEtcheverry Xbirge)
(DRIVE XBirge XLeConte)
(WALK TA_XFoothill XKroeber XWurster)
(DRIVE XLeConte XCampbell)
(DRIVE XCampbell XHaviland)
(DRIVE XHaviland XMemorial)
(WALK TA_XFoothill XWurster XBoalt)
(DRIVE XMemorial XIHouse)
(DROPOFF TA_XWarren XIHouse)
(HOMESAFE TA_XWarren XiHouse)
(DRIVE XIHouse XMemorial)
(DRIVE XMemorial XMcLaughlin)
(DROPOFF TA_XCloyne XMcLaughlin)
(HOMESAFE TA_XCloyne XmcLaughlin)
(DRIVE XMcLaughlin XSouth)
(DRIVE XSouth XStephens)
(DRIVE XStephens XMoses)
(DROPOFF TA_XDavis XMoses)
(HOMESAFE TA_XDavis Xmoses)
(DRIVE XMoses XStephens)
(DRIVE XStephens XHearstAnnex)
(DRIVE XHearstAnnex XAnthony)
(DROPOFF TA_XCheit XAnthony)
(DRIVE XAnthony XGBC)
(HOMESAFE TA_XFoothill Xboalt)
(DRIVE XGBC XWayWest)
(DRIVE XWayWest XIppuku)
(DRIVE XIppuku XMetropolitan)
(HOMESAFE TA_XCheit Xanthony)
(DROPOFF TA_XRSF XMetropolitan)
(HOMESAFE TA_XRSF XMetropolitan)
(DRIVE XMetropolitan XIppuku)
(WALK TA_XIHouse XBechtel XGreek)
(WALK TA_XIHouse XGreek XLewis)
(WALK TA_XIHouse XLewis XKroeber)
(HOMESAFE TA_XIHouse Xkroeber)
(DRIVE XIppuku XNorthGate)
(DRIVE XNorthGate XBongo)
(DRIVE XBongo XBigC)
(DRIVE XBigC XPavilion)
(DRIVE XPavilion XPeoplePark)
(DROPOFF TA_XPeoplePark XPeoplePark)
(HOMESAFE TA_XPeoplepark XpeoplePark)
(DRIVE XPeoplePark XPavilion)
(DRIVE XPavilion XSimons)
(DRIVE XSimons XKoja)
(DRIVE XKoja XTriDelta)
(DROPOFF TA_XCKerr XTriDelta)
(HOMESAFE TA_XCKerr XtriDelta)
(DRIVE XTriDelta XKoja)
(DRIVE XKoja XLegends)
(DROPOFF TA_XFiji XLegends)
(HOMESAFE TA_XFiji Xlegends)
(DRIVE XLegends XKoja)
(DRIVE XKoja XLaNote)
(DRIVE XLaNote XUnit2)
(DROPOFF TA_XBaker XUnit2)
(HOMESAFE TA_XBaker Xunit2)
(DRIVE XUnit2 XLaNote)
(DRIVE XLaNote XSimons)
(DRIVE XSimons XPavilion)
(DRIVE XPavilion XBigC)
(DRIVE XBigC XMcCone)
(DRIVE XMcCone XCKerr)
(DROPOFF TA_XHaas XCKerr)
(HOMESAFE TA_XHaas XcKerr)
(DRIVE XCKerr XMcCone)
(DRIVE XMcCone XBaker)
(DROPOFF TA_XMorrison XBaker)
(HOMESAFE TA_XMorrison Xbaker)
(DRIVE XBaker XFSM)
(DRIVE XFSM XFaculty)
(DRIVE XFaculty XHaas)
(DROPOFF TA_XKroeber XHaas)
(HOMESAFE TA_XKroeber Xhaas)
(DRIVE XHaas XMinor)
(DRIVE XMinor XMaxwell)
(DRIVE XMaxwell XMemorialStadium)
(DRIVE XMemorialStadium XHargrove)
(DROPOFF TA_XBoalt XHargrove)
(HOMESAFE TA_XBoalt Xhargrove)
(DRIVE XHargrove XMemorialStadium)
(DRIVE XMemorialStadium XMaxwell)
(DRIVE XMaxwell XMinor)
(DRIVE XMinor XStonefire)
(DROPOFF TA_XJacobs XStonefire)
(HOMESAFE TA_XJacobs Xstonefire)
(DRIVE XStonefire XHaas)
(DRIVE XHaas XFaculty)
(DRIVE XFaculty XUnit1)
(DRIVE XUnit1 XHearstAnnex)
(DRIVE XHearstAnnex XAnthony)
(DRIVE XAnthony XPimentel)
(DRIVE XPimentel XCheit)
(DROPOFF TA_XBechtel XCheit)
(DRIVE XCheit XPimentel)
(DRIVE XPimentel XMorgan)
(DRIVE XMorgan XHearstAnnex)
(HOMESAFE TA_XBechtel Xcheit)
(DRIVE XHearstAnnex XStephens)
(DRIVE XStephens XSouth)
(DRIVE XSouth XMcLaughlin)
(DRIVE XMcLaughlin XMemorial)
(DRIVE XMemorial XHaviland)
(DRIVE XHaviland XWellman)
(DRIVE XWellman XRSF)
(DROPOFF TA_XDwinelle XRSF)
(HOMESAFE TA_XDwinelle XrSF)
(DRIVE XRSF XKoshland)
(DRIVE XKoshland XStonefire)
(DRIVE XStonefire XHaas)
(DRIVE XHaas XFaculty)
(DRIVE XFaculty XUnit1)
(DRIVE XUnit1 XHearstAnnex)
(DRIVE XHearstAnnex XAnthony)
(DRIVE XAnthony XPimentel)
(DRIVE XPimentel XCheit)
(DRIVE XCheit XNormandy)
(DRIVE XNormandy XKresge)
(DRIVE XKresge XDavis)
(DROPOFF TA_XBirge XDavis)
(HOMESAFE TA_XBirge Xdavis)
(DRIVE XDavis XHearst)
(DROPOFF TA_XSproul XHearst)
(HOMESAFE TA_XSproul Xhearst)
(DRIVE XHearst XWarren)
(DROPOFF TA_XHargrove XWarren)
(DRIVE XWarren XWayWest)
(DRIVE XWayWest XPimentel)
(WALK TA_XHargrove XWarren XWayWest)
(WALK TA_XHargrove XWayWest XCloyne)
(HOMESAFE TA_XHargrove Xcloyne)
(DRIVE XPimentel XWayWest)
(DRIVE XWayWest XWarren)
(DROPOFF TA_XMoffitt XWarren)
(HOMESAFE TA_XMoffitt Xwarren)
(DRIVE XWarren XWayWest)
(DRIVE XWayWest XPimentel)
(DRIVE XPimentel XMorgan)
(DRIVE XMorgan XCVStarr)
(DRIVE XCVStarr XMoffitt)
(DROPOFF TA_XAnthony XMoffitt)
(HOMESAFE TA_XAnthony Xmoffitt)
(DRIVE XMoffitt XVLSB)
(DRIVE XVLSB XZellerbach)
(DRIVE XZellerbach XMLK)
(DRIVE XMLK XDwinelle)
(DRIVE XDwinelle XWheeler)
(DRIVE XWheeler XEvans)
(DRIVE XEvans XMorrison)
(DRIVE XMorrison XGreek)
(DRIVE XGreek XBechtel)
(DROPOFF TA_XMetropolitan XBechtel)
(DRIVE XBechtel XGreek)
(DRIVE XGreek XMorrison)
(DRIVE XMorrison XEvans)
(DRIVE XEvans XLatimer)
(DRIVE XLatimer XStanley)
(DRIVE XStanley XFoothill)
(DROPOFF TA_XTriDelta XFoothill)
(HOMESAFE TA_XTridelta Xfoothill)
(DRIVE XFoothill XStanley)
(DRIVE XStanley XLatimer)
(DRIVE XLatimer XEvans)
(DRIVE XEvans XWheeler)
(DRIVE XWheeler XDwinelle)
(DROPOFF TA_XLegends XDwinelle)
(HOMESAFE TA_XLegends Xdwinelle)
(DRIVE XDwinelle XMLK)
(DRIVE XMLK XZellerbach)
(DRIVE XZellerbach XVLSB)
(DRIVE XVLSB XMoffitt)
(DRIVE XMoffitt XSoda)
(DRIVE XSoda XSather)
(DRIVE XSather XMartinez)
(DROPOFF TA_XUnit2 XMartinez)
(HOMESAFE TA_XUnit2 Xmartinez)
(DRIVE XMartinez XSather)
(DRIVE XSather XUnit3)
(DROPOFF TA_XStonefire XUnit3)
(DRIVE XUnit3 XSather)
(DRIVE XSather XSoda)
(DRIVE XSoda XEtcheverry)
(DROPOFF TA_XHearst XEtcheverry)
(HOMESAFE TA_XHearst Xetcheverry)
(DRIVE XEtcheverry XLatimer)
(DRIVE XLatimer XEvans)
(DRIVE XEvans XWheeler)
(DRIVE XWheeler XDoe)
(DRIVE XDoe XCampanile)
(DRIVE XCampanile XLeConte)
(DRIVE XLeConte XCampbell)
(DRIVE XCampbell XHaviland)
(DRIVE XHaviland XMemorial)
(DRIVE XMemorial XMinor)
(DRIVE XMinor XHaas)
(DRIVE XHaas XFaculty)
(DRIVE XFaculty XFSM)
(DRIVE XFSM XBaker)
(DRIVE XBaker XCZ)
(DRIVE XCZ XFiji)
(DROPOFF TA_XOCF XFiji)
(HOMESAFE TA_XOCF XFiji)
(DRIVE XFiji XCZ)
(DRIVE XCZ XBaker)
(DRIVE XBaker XFSM)
(DRIVE XFSM XFaculty)
(DRIVE XFaculty XHaas)
(DRIVE XHaas XMinor)
(DRIVE XMinor XMemorial)
(DRIVE XMemorial XHaviland)
(DRIVE XHaviland XCampbell)
(DRIVE XCampbell XLeConte)
(DRIVE XLeConte XCampanile)
(DRIVE XCampanile XDoe)
(WALK TA_XStonefire XUnit3 XSather)
(DRIVE XDoe XWheeler)
(WALK TA_XStonefire XSather XBarker)
(HOMESAFE TA_XStonefire Xbarker)
(DRIVE XWheeler XEvans)
(DRIVE XEvans XLatimer)
(DRIVE XLatimer XEtcheverry)
(DRIVE XEtcheverry XSoda)
(DRIVE XSoda XSather)
(DRIVE XSather XUnit3)
(DROPOFF TA_XUnit3 XUnit3)
(DRIVE XUnit3 XSather)
(DRIVE XSather XSoda)
(DRIVE XSoda XEtcheverry)
(WALK TA_XUnit3 XUnit3 XSather)
(WALK TA_XUnit3 XSather XOCF)
(HOMESAFE TA_XUnit3 XoCF)
(DRIVE XEtcheverry XSoda)
(DRIVE XSoda XSather)
(DRIVE XSather XUnit3)
(DROPOFF TA_XBarker XUnit3)
(DRIVE XUnit3 XSather)
(DRIVE XSather XSoda)
(HOMESAFE TA_XBarker Xunit3)
(DRIVE XSoda XEtcheverry)
(DRIVE XEtcheverry XLatimer)
(DRIVE XLatimer XEvans)
(WALK TA_XMetropolitan XBechtel XJacobs)
(HOMESAFE TA_XMetropolitan Xjacobs)
(DRIVE XEvans XMorrison)
(DRIVE XMorrison XGreek)
(DRIVE XGreek XBechtel)
(DROPOFF TA_XMartinez XBechtel)
(HOMESAFE TA_XMartinez Xbechtel)
(DRIVE XBechtel XGreek)
(DRIVE XGreek XMorrison)
(DRIVE XMorrison XEvans)
(DRIVE XEvans XWheeler)
