(DROPOFF TA_XCVStarr XDwinelle)
(WALK TA_XCVStarr XDwinelle XMLK)
(WALK TA_XCVStarr XMLK XZellerbach)
(HOMESAFE TA_XCVStarr Xzellerbach)
(DROPOFF TA_XCampanile XDwinelle)
(WALK TA_XCampanile XDwinelle XLeConte)
(WALK TA_XCampanile XLeConte XCampanile)
(HOMESAFE TA_XCampanile Xcampanile)
(DROPOFF TA_XBlackwell XDwinelle)
(WALK TA_XBlackwell XDwinelle XMLK)
(WALK TA_XBlackwell XMLK XEshleman)
(HOMESAFE TA_XBlackwell Xeshleman)
(DROPOFF TA_XBoalt XDwinelle)
(WALK TA_XBoalt XDwinelle XLeConte)
(WALK TA_XBoalt XLeConte XBirge)
(HOMESAFE TA_XBoalt Xbirge)
(DROPOFF TA_XUnit1 XDwinelle)
(WALK TA_XUnit1 XDwinelle XWheeler)
(WALK TA_XUnit1 XWheeler XEvans)
(WALK TA_XUnit1 XEvans XMorrison)
(HOMESAFE TA_XUnit1 Xmorrison)
(DROPOFF TA_XStephens XDwinelle)
(WALK TA_XStephens XDwinelle XWheeler)
(WALK TA_XStephens XWheeler XEvans)
(WALK TA_XStephens XEvans XLatimer)
(WALK TA_XStephens XLatimer XStanley)
(HOMESAFE TA_XStephens Xstanley)
(DROPOFF TA_XGreek XDwinelle)
(WALK TA_XGreek XDwinelle XWheeler)
(WALK TA_XGreek XWheeler XEvans)
(WALK TA_XGreek XEvans XMorrison)
(WALK TA_XGreek XMorrison XGreek)
(HOMESAFE TA_XGreek Xgreek)
(DROPOFF TA_XKroeber XDwinelle)
(WALK TA_XKroeber XDwinelle XLeConte)
(WALK TA_XKroeber XLeConte XCampbell)
(WALK TA_XKroeber XCampbell XHaviland)
(WALK TA_XKroeber XHaviland XWellman)
(WALK TA_XKroeber XWellman XRSF)
(HOMESAFE TA_XKroeber XrSF)
(DROPOFF TA_XHargrove XDwinelle)
(WALK TA_XHargrove XDwinelle XMLK)
(WALK TA_XHargrove XMLK XZellerbach)
(WALK TA_XHargrove XZellerbach XVLSB)
(WALK TA_XHargrove XVLSB XMoffitt)
(WALK TA_XHargrove XMoffitt XCVStarr)
(HOMESAFE TA_XHargrove XcVStarr)
(DROPOFF TA_XStanley XDwinelle)
(WALK TA_XStanley XDwinelle XWheeler)
(WALK TA_XStanley XWheeler XEvans)
(WALK TA_XStanley XEvans XMorrison)
(WALK TA_XStanley XMorrison XHertz)
(WALK TA_XStanley XHertz XKroeber)
(HOMESAFE TA_XStanley Xkroeber)
(DROPOFF TA_XBirge XDwinelle)
(WALK TA_XBirge XDwinelle XLeConte)
(WALK TA_XBirge XLeConte XCampbell)
(WALK TA_XBirge XCampbell XHaviland)
(WALK TA_XBirge XHaviland XMemorial)
(WALK TA_XBirge XMemorial XMinor)
(WALK TA_XBirge XMinor XMaxwell)
(HOMESAFE TA_XBirge Xmaxwell)
(DROPOFF TA_XZellerbach XDwinelle)
(WALK TA_XZellerbach XDwinelle XLeConte)
(WALK TA_XZellerbach XLeConte XCampbell)
(WALK TA_XZellerbach XCampbell XHaviland)
(WALK TA_XZellerbach XHaviland XMemorial)
(WALK TA_XZellerbach XMemorial XMcLaughlin)
(WALK TA_XZellerbach XMcLaughlin XSouth)
(WALK TA_XZellerbach XSouth XStephens)
(HOMESAFE TA_XZellerbach Xstephens)
(DROPOFF TA_XMorrison XDwinelle)
(WALK TA_XMorrison XDwinelle XWheeler)
(WALK TA_XMorrison XWheeler XEvans)
(WALK TA_XMorrison XEvans XMorrison)
(WALK TA_XMorrison XMorrison XHertz)
(WALK TA_XMorrison XHertz XKroeber)
(WALK TA_XMorrison XKroeber XWurster)
(WALK TA_XMorrison XWurster XBoalt)
(HOMESAFE TA_XMorrison Xboalt)
(DROPOFF TA_XRSF XDwinelle)
(WALK TA_XRSF XDwinelle XLeConte)
(WALK TA_XRSF XLeConte XCampbell)
(WALK TA_XRSF XCampbell XHaviland)
(WALK TA_XRSF XHaviland XMemorial)
(WALK TA_XRSF XMemorial XMinor)
(WALK TA_XRSF XMinor XHaas)
(WALK TA_XRSF XHaas XFaculty)
(WALK TA_XRSF XFaculty XUnit1)
(HOMESAFE TA_XRSF XUnit1)
(DROPOFF TA_XMaxwell XDwinelle)
(WALK TA_XMaxwell XDwinelle XLeConte)
(WALK TA_XMaxwell XLeConte XCampbell)
(WALK TA_XMaxwell XCampbell XHaviland)
(WALK TA_XMaxwell XHaviland XMemorial)
(WALK TA_XMaxwell XMemorial XMinor)
(WALK TA_XMaxwell XMinor XMaxwell)
(WALK TA_XMaxwell XMaxwell XMemorialStadium)
(WALK TA_XMaxwell XMemorialStadium XHargrove)
(HOMESAFE TA_XMaxwell Xhargrove)
(DROPOFF TA_XEshleman XDwinelle)
(WALK TA_XEshleman XDwinelle XLeConte)
(WALK TA_XEshleman XLeConte XCampbell)
(WALK TA_XEshleman XCampbell XHaviland)
(WALK TA_XEshleman XHaviland XMemorial)
(WALK TA_XEshleman XMemorial XMcLaughlin)
(WALK TA_XEshleman XMcLaughlin XSouth)
(WALK TA_XEshleman XSouth XStephens)
(WALK TA_XEshleman XStephens XHearstAnnex)
(WALK TA_XEshleman XHearstAnnex XBlackwell)
(HOMESAFE TA_XEshleman Xblackwell)
