(DRIVE XBowles XBirge)
(DRIVE XBirge XBechtel)
(DRIVE XBechtel XCory)
(DRIVE XCory XStanley)
(DRIVE XStanley XLeConte)
(DRIVE XLeConte XVLSB)
(DROPOFF TA_XEvan XVLSB)
(HOMESAFE TA_XEvan XvLSB)
(DRIVE XVLSB XLeConte)
(DRIVE XLeConte XStanley)
(DRIVE XStanley XCory)
(DRIVE XCory XBechtel)
(DRIVE XBechtel XBirge)
(DROPOFF TA_XFoothill XBirge)
(HOMESAFE TA_XFoothill Xbirge)
(DRIVE XBirge XBechtel)
(DRIVE XBechtel XCory)
(DRIVE XCory XStanley)
(DRIVE XStanley XLeConte)
(DRIVE XLeConte XRSF)
(DROPOFF TA_XCampbell XRSF)
(HOMESAFE TA_XCampbell XrSF)
(DRIVE XRSF XLeConte)
(DRIVE XLeConte XCampanile)
(DROPOFF TA_XDoe XCampanile)
(HOMESAFE TA_XDoe Xcampanile)
(DRIVE XCampanile XLeConte)
(DRIVE XLeConte XVLSB)
(DRIVE XVLSB XBoalt)
(DROPOFF TA_XBirge XBoalt)
(HOMESAFE TA_XBirge Xboalt)
(DRIVE XBoalt XVLSB)
(DRIVE XVLSB XLeConte)
(DRIVE XLeConte XStanley)
(DRIVE XStanley XMoses)
(DROPOFF TA_XCampanile XMoses)
(HOMESAFE TA_XCampanile Xmoses)
(DRIVE XMoses XStanley)
(DRIVE XStanley XLeConte)
(DRIVE XLeConte XCampanile)
(DRIVE XCampanile XBongo)
(DROPOFF TA_XMoses XBongo)
(HOMESAFE TA_XMoses Xbongo)
(DRIVE XBongo XCampanile)
(DRIVE XCampanile XLeConte)
(DRIVE XLeConte XStanley)
(DRIVE XStanley XCory)
(DRIVE XCory XJacob)
(DRIVE XJacob XFoothill)
(DROPOFF TA_XVLSB XFoothill)
(HOMESAFE TA_XVLSB XFoothill)
(DRIVE XFoothill XJacob)
(DRIVE XJacob XCory)
(DRIVE XCory XStanley)
(DRIVE XStanley XCampbell)
(DROPOFF TA_XWellman XCampbell)
(HOMESAFE TA_XWellman Xcampbell)
(DRIVE XCampbell XStanley)
(DRIVE XStanley XLeConte)
(DRIVE XLeConte XALS)
(DROPOFF TA_XKoshland XALS)
(HOMESAFE TA_XKoshland XaLS)
(DRIVE XALS XLeConte)
(DRIVE XLeConte XStanley)
(DRIVE XStanley XCory)
(DRIVE XCory XBechtel)
(DRIVE XBechtel XWilde)
(DROPOFF TA_XMulford XWilde)
(HOMESAFE TA_XMulford Xwilde)
(DRIVE XWilde XBechtel)
(DRIVE XBechtel XCory)
(DRIVE XCory XStanley)
(DRIVE XStanley XMoses)
(DRIVE XMoses XWellman)
(DROPOFF TA_XHearstAnnex XWellman)
(HOMESAFE TA_XHearstannex Xwellman)
(DRIVE XWellman XMoses)
(DRIVE XMoses XStanley)
(DRIVE XStanley XLeConte)
(DRIVE XLeConte XCampanile)
(DRIVE XCampanile XBongo)
(DRIVE XBongo XShengKee)
(DROPOFF TA_XRSF XShengKee)
(HOMESAFE TA_XRSF XShengKee)
(DRIVE XShengKee XBongo)
(DRIVE XBongo XCampanile)
(DRIVE XCampanile XLeConte)
(DRIVE XLeConte XStanley)
(DRIVE XStanley XCory)
(DRIVE XCory XJacob)
(DRIVE XJacob XEvan)
(DROPOFF TA_XHaas XEvan)
(HOMESAFE TA_XHaas Xevan)
(DRIVE XEvan XJacob)
(DRIVE XJacob XCory)
(DRIVE XCory XExtension)
(DROPOFF TA_XBoalt XExtension)
(HOMESAFE TA_XBoalt Xextension)
(DRIVE XExtension XCory)
(DRIVE XCory XBechtel)
(DRIVE XBechtel XBaker)
(DROPOFF TA_XWurster XBaker)
(HOMESAFE TA_XWurster Xbaker)
(DRIVE XBaker XBechtel)
(DRIVE XBechtel XCory)
(DRIVE XCory XStanley)
(DRIVE XStanley XLeConte)
(DRIVE XLeConte XCampanile)
(DRIVE XCampanile XBongo)
(DRIVE XBongo XArtichokes)
(DRIVE XArtichokes XCheeseboard)
(DROPOFF TA_XUnit1 XCheeseboard)
(HOMESAFE TA_XUnit1 Xcheeseboard)
(DRIVE XCheeseboard XArtichokes)
(DRIVE XArtichokes XBongo)
(DRIVE XBongo XCampanile)
(DRIVE XCampanile XLeConte)
(DRIVE XLeConte XStanley)
(DRIVE XStanley XCory)
(DRIVE XCory XBechtel)
(DRIVE XBechtel XLatimer)
(DRIVE XLatimer XMulford)
(DROPOFF TA_XBlackwell XMulford)
(HOMESAFE TA_XBlackwell Xmulford)
(DRIVE XMulford XLatimer)
(DRIVE XLatimer XBechtel)
(DRIVE XBechtel XCory)
(DRIVE XCory XStanley)
(DRIVE XStanley XMoses)
(DRIVE XMoses XGreek)
(DROPOFF TA_XZellerbach XGreek)
(HOMESAFE TA_XZellerbach Xgreek)
(DRIVE XGreek XMoses)
(DRIVE XMoses XStanley)
(DRIVE XStanley XCory)
(DRIVE XCory XBechtel)
(DRIVE XBechtel XMinor)
(DRIVE XMinor XMemorial)
(DRIVE XMemorial XTacoBell)
(DROPOFF TA_XGreek XTacoBell)
(HOMESAFE TA_XGreek XtacoBell)
(DRIVE XTacoBell XMemorial)
(DRIVE XMemorial XMinor)
(DRIVE XMinor XBechtel)
(DRIVE XBechtel XCory)
(DRIVE XCory XJacob)
(DRIVE XJacob XFoothill)
(DRIVE XFoothill XDavis)
(DRIVE XDavis XBrowns)
(DROPOFF TA_XMaxwell XBrowns)
(HOMESAFE TA_XMaxwell Xbrowns)
(DRIVE XBrowns XDavis)
(DRIVE XDavis XFoothill)
(DRIVE XFoothill XJacob)
(DRIVE XJacob XCory)
(DRIVE XCory XStanley)
(DRIVE XStanley XLeConte)
(DRIVE XLeConte XVLSB)
(DRIVE XVLSB XBoalt)
(DRIVE XBoalt XKresge)
(DROPOFF TA_XCalvin XKresge)
(HOMESAFE TA_XCalvin Xkresge)
(DRIVE XKresge XBoalt)
(DRIVE XBoalt XVLSB)
(DRIVE XVLSB XLeConte)
(DRIVE XLeConte XCampanile)
(DRIVE XCampanile XWurster)
(DROPOFF TA_XEtcheverry XWurster)
(HOMESAFE TA_XEtcheverry Xwurster)
(DRIVE XWurster XCampanile)
(DRIVE XCampanile XLeConte)
(DRIVE XLeConte XStanley)
(DRIVE XStanley XCory)
(DRIVE XCory XBechtel)
(DRIVE XBechtel XLatimer)
(DRIVE XLatimer XEdwards)
(DROPOFF TA_XSutardja XEdwards)
(HOMESAFE TA_XSutardja Xedwards)
(DRIVE XEdwards XLatimer)
(DRIVE XLatimer XMLK)
(DRIVE XMLK XHearst)
(DRIVE XHearst XJacob)
(DRIVE XJacob XTopDog)
(DRIVE XTopDog XGammaPhiBeta)
(DROPOFF TA_XKresge XGammaPhiBeta)
(HOMESAFE TA_XKresge XgammaPhiBeta)
(DRIVE XGammaPhiBeta XTopDog)
(DRIVE XTopDog XJacob)
(DRIVE XJacob XCory)
(DRIVE XCory XStanley)
(DRIVE XStanley XMoses)
(DRIVE XMoses XWellman)
(DRIVE XWellman XSutardja)
(DROPOFF TA_XHildebrand XSutardja)
(HOMESAFE TA_XHildebrand Xsutardja)
(DRIVE XSutardja XWellman)
(DRIVE XWellman XMoses)
(DRIVE XMoses XStanley)
(DRIVE XStanley XCory)
(DRIVE XCory XBechtel)
(DRIVE XBechtel XBirge)
(DRIVE XBirge XBowles)
(DRIVE XBowles XCalvin)
(DROPOFF TA_XMorgan XCalvin)
(DRIVE XCalvin XBowles)
(HOMESAFE TA_XMorgan Xcalvin)
(DRIVE XBowles XBirge)
(DRIVE XBirge XBechtel)
(DRIVE XBechtel XCory)
(DRIVE XCory XJacob)
(DRIVE XJacob XFoothill)
(DRIVE XFoothill XUnit1)
(DROPOFF TA_XBaker XUnit1)
(HOMESAFE TA_XBaker Xunit1)
(DRIVE XUnit1 XFoothill)
(DRIVE XFoothill XJacob)
(DRIVE XJacob XCory)
(DRIVE XCory XStanley)
(DRIVE XStanley XMoses)
(DRIVE XMoses XRareTea)
(DRIVE XRareTea XGypsys)
(DROPOFF TA_XBarrows XGypsys)
(HOMESAFE TA_XBarrows Xgypsys)
(DRIVE XGypsys XRareTea)
(DRIVE XRareTea XMoses)
(DRIVE XMoses XStanley)
(DRIVE XStanley XCory)
(DRIVE XCory XJacob)
(DRIVE XJacob XHertz)
(DRIVE XHertz XCVStarr)
(DRIVE XCVStarr XUnit3)
(DROPOFF TA_XUnit2 XUnit3)
(HOMESAFE TA_XUnit2 Xunit3)
(DRIVE XUnit3 XCVStarr)
(DRIVE XCVStarr XHertz)
(DRIVE XHertz XJacob)
(DRIVE XJacob XCory)
(DRIVE XCory XBechtel)
(DRIVE XBechtel XBaker)
(DRIVE XBaker XDaiso)
(DROPOFF TA_XUnit3 XDaiso)
(HOMESAFE TA_XUnit3 Xdaiso)
(DRIVE XDaiso XBaker)
(DRIVE XBaker XBechtel)
(DRIVE XBechtel XCory)
(DRIVE XCory XJacob)
(DRIVE XJacob XFoothill)
(DRIVE XFoothill XDwinelle)
(DRIVE XDwinelle XHaas)
(DROPOFF TA_XCKerr XHaas)
(HOMESAFE TA_XCKerr Xhaas)
(DRIVE XHaas XDwinelle)
(DRIVE XDwinelle XFoothill)
(DRIVE XFoothill XJacob)
(DRIVE XJacob XCory)
(DRIVE XCory XBechtel)
(DRIVE XBechtel XMinor)
(DRIVE XMinor XMemorial)
(DRIVE XMemorial XMaxwell)
(DROPOFF TA_XMartinez XMaxwell)
(HOMESAFE TA_XMartinez Xmaxwell)
(DRIVE XMaxwell XMemorial)
(DRIVE XMemorial XMinor)
(DRIVE XMinor XBechtel)
(DRIVE XBechtel XCory)
(DRIVE XCory XStanley)
(DRIVE XStanley XLeConte)
(DRIVE XLeConte XVLSB)
(DRIVE XVLSB XBoalt)
(DRIVE XBoalt XKresge)
(DRIVE XKresge XPeoplesPark)
(DROPOFF TA_XWayWest XPeoplesPark)
(HOMESAFE TA_XWaywest XpeoplesPark)
(DRIVE XPeoplesPark XKresge)
(DRIVE XKresge XBoalt)
(DRIVE XBoalt XVLSB)
(DRIVE XVLSB XLeConte)
(DRIVE XLeConte XStanley)
(DRIVE XStanley XCory)
(DRIVE XCory XBechtel)
(DRIVE XBechtel XLatimer)
(DRIVE XLatimer XEdwards)
(DRIVE XEdwards XEasterly)
(DROPOFF TA_XPavilion XEasterly)
(HOMESAFE TA_XPavilion Xeasterly)
(DRIVE XEasterly XEdwards)
(DRIVE XEdwards XLatimer)
(DRIVE XLatimer XBechtel)
(DRIVE XBechtel XCory)
(DRIVE XCory XStanley)
(DRIVE XStanley XLeConte)
(DRIVE XLeConte XVLSB)
(DRIVE XVLSB XChez)
(DRIVE XChez XNorthGate)
(DROPOFF TA_XStacks XNorthGate)
(HOMESAFE TA_XStacks XnorthGate)
(DRIVE XNorthGate XChez)
(DRIVE XChez XVLSB)
(DRIVE XVLSB XLeConte)
(DRIVE XLeConte XStanley)
(DRIVE XStanley XCampbell)
(DRIVE XCampbell XDoe)
(DROPOFF TA_XSimons XDoe)
(HOMESAFE TA_XSimons Xdoe)
(DRIVE XDoe XCampbell)
(DRIVE XCampbell XStanley)
(DRIVE XStanley XCory)
(DRIVE XCory XBechtel)
(DRIVE XBechtel XWilde)
(DRIVE XWilde XStrawberryCreek)
(DROPOFF TA_XPeoplesPark XStrawberryCreek)
(HOMESAFE TA_XPeoplespark XstrawberryCreek)
(DRIVE XStrawberryCreek XWilde)
(DRIVE XWilde XBechtel)
(DRIVE XBechtel XCory)
(DRIVE XCory XJacob)
(DRIVE XJacob XFoothill)
(DRIVE XFoothill XDwinelle)
(DRIVE XDwinelle XHaas)
(DRIVE XHaas XCrossroads)
(DROPOFF TA_XLaVals XCrossroads)
(HOMESAFE TA_XLavals Xcrossroads)
(DRIVE XCrossroads XHaas)
(DRIVE XHaas XDwinelle)
(DRIVE XDwinelle XFoothill)
(DRIVE XFoothill XJacob)
(DRIVE XJacob XCory)
(DRIVE XCory XBechtel)
(DRIVE XBechtel XLatimer)
(DRIVE XLatimer XMulford)
(DRIVE XMulford XCrescent)
(DROPOFF TA_XBongo XCrescent)
(HOMESAFE TA_XBongo Xcrescent)
(DRIVE XCrescent XMulford)
(DRIVE XMulford XLatimer)
(DRIVE XLatimer XMLK)
(DRIVE XMLK XHearst)
(DRIVE XHearst XJacob)
(DRIVE XJacob XEvan)
(DRIVE XEvan XBlackwell)
(DROPOFF TA_XTacoBell XBlackwell)
(HOMESAFE TA_XTacobell Xblackwell)
(DRIVE XBlackwell XEvan)
(DRIVE XEvan XJacob)
(DRIVE XJacob XHertz)
(DRIVE XHertz XCVStarr)
(DRIVE XCVStarr XUnit3)
(DRIVE XUnit3 XCKerr)
(DROPOFF TA_XStrada XCKerr)
(HOMESAFE TA_XStrada XcKerr)
(DRIVE XCKerr XUnit3)
(DRIVE XUnit3 XCVStarr)
(DRIVE XCVStarr XHertz)
(DRIVE XHertz XJacob)
(DRIVE XJacob XCory)
(DRIVE XCory XBechtel)
(DRIVE XBechtel XBirge)
(DRIVE XBirge XBowles)
(DRIVE XBowles XCalvin)
(DRIVE XCalvin XEtcheverry)
(DROPOFF TA_XEdwards XEtcheverry)
(HOMESAFE TA_XEdwards Xetcheverry)
(DRIVE XEtcheverry XCalvin)
(DRIVE XCalvin XBowles)
(DRIVE XBowles XBirge)
(DRIVE XBirge XBechtel)
(DRIVE XBechtel XCory)
(DRIVE XCory XJacob)
(DRIVE XJacob XFoothill)
(DRIVE XFoothill XDwinelle)
(DRIVE XDwinelle XHearstAnnex)
(DROPOFF TA_XCrossroads XHearstAnnex)
(HOMESAFE TA_XCrossroads XhearstAnnex)
(DRIVE XHearstAnnex XDwinelle)
(DRIVE XDwinelle XFoothill)
(DRIVE XFoothill XJacob)
(DRIVE XJacob XCory)
(DRIVE XCory XStanley)
(DRIVE XStanley XMoses)
(DRIVE XMoses XGreek)
(DRIVE XGreek XStebbins)
(DRIVE XStebbins XSafeway)
(DROPOFF TA_XBrowns XSafeway)
(HOMESAFE TA_XBrowns Xsafeway)
(DRIVE XSafeway XStebbins)
(DRIVE XStebbins XGreek)
(DRIVE XGreek XMoses)
(DRIVE XMoses XStanley)
(DRIVE XStanley XCory)
(DRIVE XCory XBechtel)
(DRIVE XBechtel XBaker)
(DRIVE XBaker XSimons)
(DROPOFF TA_XSafeway XSimons)
(HOMESAFE TA_XSafeway Xsimons)
(DRIVE XSimons XBaker)
(DRIVE XBaker XBechtel)
(DRIVE XBechtel XCory)
(DRIVE XCory XJacob)
(DRIVE XJacob XFoothill)
(DRIVE XFoothill XDavis)
(DRIVE XDavis XHildebrand)
(DROPOFF TA_XGypsys XHildebrand)
(HOMESAFE TA_XGypsys Xhildebrand)
(DRIVE XHildebrand XDavis)
(DRIVE XDavis XFoothill)
(DRIVE XFoothill XJacob)
(DRIVE XJacob XCory)
(DRIVE XCory XStanley)
(DRIVE XStanley XCampbell)
(DRIVE XCampbell XKoshland)
(DROPOFF TA_XGraduate XKoshland)
(HOMESAFE TA_XGraduate Xkoshland)
(DRIVE XKoshland XCampbell)
(DRIVE XCampbell XStanley)
(DRIVE XStanley XCory)
(DRIVE XCory XBechtel)
(DRIVE XBechtel XBirge)
(DRIVE XBirge XBowles)
(DRIVE XBowles XLaVals)
(DROPOFF TA_XDaiso XLaVals)
(DRIVE XLaVals XBowles)
(HOMESAFE TA_XDaiso XlaVals)
(DRIVE XBowles XBirge)
(DRIVE XBirge XBechtel)
(DRIVE XBechtel XCory)
(DRIVE XCory XJacob)
(DRIVE XJacob XTopDog)
(DRIVE XTopDog XStarbucks)
(DRIVE XStarbucks XChipotle)
(DROPOFF TA_XYogurtPark XChipotle)
(HOMESAFE TA_XYogurtpark Xchipotle)
(DRIVE XChipotle XStarbucks)
(DRIVE XStarbucks XTopDog)
(DRIVE XTopDog XJacob)
(DRIVE XJacob XCory)
(DRIVE XCory XStanley)
(DRIVE XStanley XMoses)
(DRIVE XMoses XGreek)
(DRIVE XGreek XUnit2)
(DROPOFF TA_XShengKee XUnit2)
(HOMESAFE TA_XShengkee Xunit2)
(DRIVE XUnit2 XGreek)
(DRIVE XGreek XMoses)
(DRIVE XMoses XStanley)
(DRIVE XStanley XCory)
(DRIVE XCory XBechtel)
(DRIVE XBechtel XLatimer)
(DRIVE XLatimer XMLK)
(DRIVE XMLK XRochdale)
(DROPOFF TA_XRochdale XRochdale)
(HOMESAFE TA_XRochdale Xrochdale)
(DRIVE XRochdale XMLK)
(DRIVE XMLK XHearst)
(DRIVE XHearst XJacob)
(DRIVE XJacob XCory)
(DRIVE XCory XStanley)
(DRIVE XStanley XCampbell)
(DRIVE XCampbell XMemorialStadium)
(DRIVE XMemorialStadium XHargrove)
(DRIVE XHargrove XBearFoodCourt)
(DROPOFF TA_XCloyne XBearFoodCourt)
(HOMESAFE TA_XCloyne XbearFoodCourt)
(DRIVE XBearFoodCourt XHargrove)
(DRIVE XHargrove XMemorialStadium)
(DRIVE XMemorialStadium XCampbell)
(DRIVE XCampbell XStanley)
(DRIVE XStanley XLeConte)
(DRIVE XLeConte XCampanile)
(DRIVE XCampanile XWurster)
(DRIVE XWurster XZellerbach)
(DROPOFF TA_XRidge XZellerbach)
(HOMESAFE TA_XRidge Xzellerbach)
(DRIVE XZellerbach XWurster)
(DRIVE XWurster XCampanile)
(DRIVE XCampanile XLeConte)
(DRIVE XLeConte XStanley)
(DRIVE XStanley XCory)
(DRIVE XCory XJacob)
(DRIVE XJacob XFoothill)
(DRIVE XFoothill XDwinelle)
(DRIVE XDwinelle XHaas)
(DRIVE XHaas XPavilion)
(DROPOFF TA_XLothlorien XPavilion)
(HOMESAFE TA_XLothlorien Xpavilion)
(DRIVE XPavilion XHaas)
(DRIVE XHaas XDwinelle)
(DRIVE XDwinelle XFoothill)
(DRIVE XFoothill XJacob)
(DRIVE XJacob XCory)
(DRIVE XCory XBechtel)
(DRIVE XBechtel XMinor)
(DRIVE XMinor XMemorial)
(DRIVE XMemorial XAlphaSigmaPhi)
(DROPOFF TA_XWilde XAlphaSigmaPhi)
(HOMESAFE TA_XWilde XalphaSigmaPhi)
(DRIVE XAlphaSigmaPhi XMemorial)
(DRIVE XMemorial XMinor)
(DRIVE XMinor XBechtel)
(DRIVE XBechtel XCory)
(DRIVE XCory XJacob)
(DRIVE XJacob XEvan)
(DRIVE XEvan XMoffitt)
(DRIVE XMoffitt XCloyne)
(DROPOFF TA_XCastro XCloyne)
(HOMESAFE TA_XCastro Xcloyne)
(DRIVE XCloyne XMoffitt)
(DRIVE XMoffitt XEvan)
(DRIVE XEvan XJacob)
(DRIVE XJacob XFoothill)
(DRIVE XFoothill XHaviland)
(DRIVE XHaviland XMorgan)
(DROPOFF TA_XSherman XMorgan)
(HOMESAFE TA_XSherman Xmorgan)
(DRIVE XMorgan XHaviland)
(DRIVE XHaviland XFoothill)
(DRIVE XFoothill XJacob)
(DRIVE XJacob XCory)
(DRIVE XCory XStanley)
(DRIVE XStanley XMoses)
(DRIVE XMoses XPimentel)
(DRIVE XPimentel XStacks)
(DROPOFF TA_XWolf XStacks)
(HOMESAFE TA_XWolf Xstacks)
(DRIVE XStacks XPimentel)
(DRIVE XPimentel XMoses)
(DRIVE XMoses XStanley)
(DRIVE XStanley XCory)
(DRIVE XCory XBechtel)
(DRIVE XBechtel XBaker)
(DRIVE XBaker XStrada)
(DROPOFF TA_XSpats XStrada)
(HOMESAFE TA_XSpats Xstrada)
(DRIVE XStrada XBaker)
(DRIVE XBaker XBechtel)
(DRIVE XBechtel XWilde)
(DRIVE XWilde XStrawberryCreek)
(DRIVE XStrawberryCreek XWolf)
(DROPOFF TA_XCrescent XWolf)
(HOMESAFE TA_XCrescent Xwolf)
(DRIVE XWolf XStrawberryCreek)
(DRIVE XStrawberryCreek XWilde)
(DRIVE XWilde XBechtel)
(DRIVE XBechtel XCory)
(DRIVE XCory XJacob)
(DRIVE XJacob XTopDog)
(DRIVE XTopDog XFenwick)
(DRIVE XFenwick XBarker)
(DROPOFF TA_XChipotle XBarker)
(HOMESAFE TA_XChipotle Xbarker)
(DRIVE XBarker XFenwick)
(DRIVE XFenwick XTopDog)
(DRIVE XTopDog XJacob)
(DRIVE XJacob XCory)
(DRIVE XCory XBechtel)
(DRIVE XBechtel XMinor)
(DRIVE XMinor XMemorial)
(DRIVE XMemorial XMaxwell)
(DRIVE XMaxwell XBarrows)
(DROPOFF TA_XIndianRock XBarrows)
(HOMESAFE TA_XIndianrock Xbarrows)
(DRIVE XBarrows XMaxwell)
(DRIVE XMaxwell XMemorial)
(DRIVE XMemorial XMinor)
(DRIVE XMinor XBechtel)
(DRIVE XBechtel XCory)
(DRIVE XCory XJacob)
(DRIVE XJacob XFoothill)
(DRIVE XFoothill XDwinelle)
(DRIVE XDwinelle XHearstAnnex)
(DRIVE XHearstAnnex XLothlorien)
(DROPOFF TA_XNorthGate XLothlorien)
(HOMESAFE TA_XNorthgate Xlothlorien)
(DRIVE XLothlorien XHearstAnnex)
(DRIVE XHearstAnnex XDwinelle)
(DRIVE XDwinelle XFoothill)
(DRIVE XFoothill XJacob)
(DRIVE XJacob XCory)
(DRIVE XCory XStanley)
(DRIVE XStanley XLeConte)
(DRIVE XLeConte XCampanile)
(DRIVE XCampanile XWurster)
(DRIVE XWurster XMcCone)
(DRIVE XMcCone XSpats)
(DROPOFF TA_XExtension XSpats)
(HOMESAFE TA_XExtension Xspats)
(DRIVE XSpats XMcCone)
(DRIVE XMcCone XWurster)
(DRIVE XWurster XCampanile)
(DRIVE XCampanile XLeConte)
(DRIVE XLeConte XStanley)
(DRIVE XStanley XCory)
(DRIVE XCory XJacob)
(DRIVE XJacob XHertz)
(DRIVE XHertz XCVStarr)
(DRIVE XCVStarr XUnit3)
(DRIVE XUnit3 XCKerr)
(DRIVE XCKerr XWayWest)
(DROPOFF TA_XUCTheatre XWayWest)
(HOMESAFE TA_XUCTheatre XwayWest)
(DRIVE XWayWest XCKerr)
(DRIVE XCKerr XUnit3)
(DRIVE XUnit3 XCVStarr)
(DRIVE XCVStarr XHertz)
(DRIVE XHertz XJacob)
(DRIVE XJacob XCory)
(DRIVE XCory XStanley)
(DRIVE XStanley XLeConte)
(DRIVE XLeConte XVLSB)
(DRIVE XVLSB XBoalt)
(DRIVE XBoalt XKresge)
(DRIVE XKresge XCastro)
(DROPOFF TA_XCheeseboard XCastro)
(HOMESAFE TA_XCheeseboard Xcastro)
(DRIVE XCastro XKresge)
(DRIVE XKresge XBoalt)
(DRIVE XBoalt XVLSB)
(DRIVE XVLSB XLeConte)
(DRIVE XLeConte XStanley)
(DRIVE XStanley XCory)
(DRIVE XCory XJacob)
(DRIVE XJacob XFoothill)
(DRIVE XFoothill XDavis)
(DRIVE XDavis XHildebrand)
(DRIVE XHildebrand XYogurtPark)
(DROPOFF TA_XRoseGarden XYogurtPark)
(HOMESAFE TA_XRosegarden XyogurtPark)
(DRIVE XYogurtPark XHildebrand)
(DRIVE XHildebrand XDavis)
(DRIVE XDavis XFoothill)
(DRIVE XFoothill XJacob)
(DRIVE XJacob XCory)
(DRIVE XCory XBechtel)
(DRIVE XBechtel XBirge)
(DRIVE XBirge XBowles)
(DRIVE XBowles XCalvin)
(DRIVE XCalvin XGraduate)
(DROPOFF TA_XStrawberryCreek XGraduate)
(HOMESAFE TA_XStrawberrycreek Xgraduate)
(DRIVE XGraduate XCalvin)
(DRIVE XCalvin XBowles)
(DRIVE XBowles XBirge)
(DRIVE XBirge XBechtel)
(DRIVE XBechtel XCory)
(DRIVE XCory XJacob)
(DRIVE XJacob XFoothill)
(DRIVE XFoothill XHaviland)
(DRIVE XHaviland XMorgan)
(DRIVE XMorgan XMartinez)
(DROPOFF TA_XGenPlantBio XMartinez)
(HOMESAFE TA_XGenplantbio Xmartinez)
(DRIVE XMartinez XMorgan)
(DRIVE XMorgan XHaviland)
(DRIVE XHaviland XFoothill)
(DRIVE XFoothill XJacob)
(DRIVE XJacob XCory)
(DRIVE XCory XBechtel)
(DRIVE XBechtel XBaker)
(DRIVE XBaker XStrada)
(DRIVE XStrada XRoseGarden)
(DROPOFF TA_XBarker XRoseGarden)
(HOMESAFE TA_XBarker XroseGarden)
(DRIVE XRoseGarden XStrada)
(DRIVE XStrada XBaker)
(DRIVE XBaker XBechtel)
(DRIVE XBechtel XCory)
(DRIVE XCory XStanley)
(DRIVE XStanley XMoses)
(DRIVE XMoses XPimentel)
(DRIVE XPimentel XStacks)
(DRIVE XStacks XSherman)
(DROPOFF TA_XEasterly XSherman)
(HOMESAFE TA_XEasterly Xsherman)
(DRIVE XSherman XStacks)
(DRIVE XStacks XPimentel)
(DRIVE XPimentel XMoses)
(DRIVE XMoses XStanley)
(DRIVE XStanley XCory)
(DRIVE XCory XJacob)
(DRIVE XJacob XFoothill)
(DRIVE XFoothill XDwinelle)
(DRIVE XDwinelle XHaas)
(DRIVE XHaas XCrossroads)
(DRIVE XCrossroads XLawrence)
(DRIVE XLawrence XUCTheatre)
(DROPOFF TA_XBearFoodCourt XUCTheatre)
(HOMESAFE TA_XBearfoodcourt XuCTheatre)
(DRIVE XUCTheatre XLawrence)
(DRIVE XLawrence XCrossroads)
(DRIVE XCrossroads XHaas)
(DRIVE XHaas XDwinelle)
(DRIVE XDwinelle XFoothill)
(DRIVE XFoothill XJacob)
(DRIVE XJacob XTopDog)
(DRIVE XTopDog XStarbucks)
(DRIVE XStarbucks XChipotle)
(DRIVE XChipotle XMFoundry)
(DROPOFF TA_XAlphaSigmaPhi XMFoundry)
(HOMESAFE TA_XAlphasigmaphi XmFoundry)
(DRIVE XMFoundry XChipotle)
(DRIVE XChipotle XStarbucks)
(DRIVE XStarbucks XTopDog)
(DRIVE XTopDog XJacob)
(DRIVE XJacob XCory)
(DRIVE XCory XStanley)
(DRIVE XStanley XLeConte)
(DRIVE XLeConte XCampanile)
(DRIVE XCampanile XWurster)
(DRIVE XWurster XMcCone)
(DRIVE XMcCone XSpats)
(DRIVE XSpats XStonefire)
(DRIVE XStonefire XPiLambda)
(DROPOFF TA_XGammaPhiBeta XPiLambda)
(HOMESAFE TA_XGammaphibeta XpiLambda)
(DRIVE XPiLambda XStonefire)
(DRIVE XStonefire XSpats)
(DRIVE XSpats XMcCone)
(DRIVE XMcCone XWurster)
(DRIVE XWurster XCampanile)
(DRIVE XCampanile XLeConte)
(DRIVE XLeConte XStanley)
(DRIVE XStanley XCory)
(DRIVE XCory XJacob)
(DRIVE XJacob XHertz)
(DRIVE XHertz XCVStarr)
(DRIVE XCVStarr XUnit3)
(DRIVE XUnit3 XCKerr)
(DRIVE XCKerr XRidge)
(DROPOFF TA_XPiLambda XRidge)
(HOMESAFE TA_XPilambda Xridge)
(DRIVE XRidge XCKerr)
(DRIVE XCKerr XUnit3)
(DRIVE XUnit3 XCVStarr)
(DRIVE XCVStarr XHertz)
(DRIVE XHertz XJacob)
(DRIVE XJacob XCory)
(DRIVE XCory XStanley)
(DRIVE XStanley XMoses)
(DRIVE XMoses XGreek)
(DRIVE XGreek XUnit2)
(DRIVE XUnit2 XMilano)
(DRIVE XMilano XIndianRock)
(DROPOFF TA_XPiAlphaPhi XIndianRock)
(HOMESAFE TA_XPialphaphi XindianRock)
(DRIVE XIndianRock XMilano)
(DRIVE XMilano XUnit2)
(DRIVE XUnit2 XGreek)
(DRIVE XGreek XMoses)
(DRIVE XMoses XStanley)
(DRIVE XStanley XCory)
(DRIVE XCory XJacob)
(DRIVE XJacob XEvan)
(DRIVE XEvan XBlackwell)
(DRIVE XBlackwell XMcLaughlin)
(DRIVE XMcLaughlin XGenPlantBio)
(DROPOFF TA_XMFoundry XGenPlantBio)
(HOMESAFE TA_XMFoundry XgenPlantBio)
(DRIVE XGenPlantBio XMcLaughlin)
(DRIVE XMcLaughlin XBlackwell)
(DRIVE XBlackwell XEvan)
(DRIVE XEvan XJacob)
(DRIVE XJacob XFoothill)
(DRIVE XFoothill XDwinelle)
(DRIVE XDwinelle XHaas)
(DRIVE XHaas XCrossroads)
(DRIVE XCrossroads XLawrence)
(DRIVE XLawrence XUCTheatre)
(DRIVE XUCTheatre XNCEM)
(DROPOFF TA_XNCEM XNCEM)
(HOMESAFE TA_XNCEM XNCEM)
(DRIVE XNCEM XUCTheatre)
(DRIVE XUCTheatre XLawrence)
(DRIVE XLawrence XCrossroads)
(DRIVE XCrossroads XHaas)
(DRIVE XHaas XDwinelle)
(DRIVE XDwinelle XFoothill)
(DRIVE XFoothill XJacob)
(DRIVE XJacob XCory)
(DRIVE XCory XStanley)
(DRIVE XStanley XLeConte)
(DRIVE XLeConte XCampanile)
(DRIVE XCampanile XWurster)
(DRIVE XWurster XMcCone)
(DRIVE XMcCone XSpats)
(DRIVE XSpats XStonefire)
(DRIVE XStonefire XPiLambda)
(DRIVE XPiLambda XPiAlphaPhi)
(DROPOFF TA_XALS XPiAlphaPhi)
(HOMESAFE TA_XALS XPiAlphaPhi)
(DRIVE XPiAlphaPhi XPiLambda)
(DRIVE XPiLambda XStonefire)
(DRIVE XStonefire XSpats)
(DRIVE XSpats XMcCone)
(DRIVE XMcCone XWurster)
(DRIVE XWurster XCampanile)
(DRIVE XCampanile XLeConte)
(DRIVE XLeConte XStanley)
(DRIVE XStanley XCory)
(DRIVE XCory XBechtel)
(DRIVE XBechtel XBirge)
(DRIVE XBirge XBowles)
