(DROPOFF TA_XR XA)
(HOMESAFE TA_XR XA)
(DRIVE XA XR)
(DROPOFF TA_XQ XR)
(HOMESAFE TA_XQ XR)
(DRIVE XR XA)
(DRIVE XA XQ)
(DROPOFF TA_XP XQ)
(HOMESAFE TA_XP XQ)
(DRIVE XQ XA)
(DRIVE XA XF)
(DRIVE XF XP)
(DROPOFF TA_XO XP)
(HOMESAFE TA_XO XP)
(DRIVE XP XF)
(DRIVE XF XO)
(DROPOFF TA_XM XO)
(HOMESAFE TA_XM XO)
(DRIVE XO XF)
(DRIVE XF XE)
(DRIVE XE XM)
(DROPOFF TA_XN XM)
(HOMESAFE TA_XN XM)
(DRIVE XM XE)
(DRIVE XE XN)
(DROPOFF TA_XK XN)
(HOMESAFE TA_XK XN)
(DRIVE XN XE)
(DRIVE XE XD)
(DRIVE XD XK)
(DROPOFF TA_XL XK)
(DRIVE XK XD)
(DRIVE XD XL)
(DROPOFF TA_XJ XL)
(HOMESAFE TA_XJ XL)
(DRIVE XL XD)
(DRIVE XD XC)
(HOMESAFE TA_XL XK)
(DRIVE XC XJ)
(DROPOFF TA_XI XJ)
(DRIVE XJ XC)
(HOMESAFE TA_XI XJ)
(DRIVE XC XI)
(DROPOFF TA_XH XI)
(DRIVE XI XC)
(HOMESAFE TA_XH XI)
(DRIVE XC XB)
(DROPOFF TA_XG XB)
(WALK TA_XG XB XH)
(DROPOFF TA_XA XB)
(HOMESAFE TA_XG XH)
(WALK TA_XA XB XG)
(HOMESAFE TA_XA XG)
(DRIVE XB XA)
