(DROPOFF TA_XFI XA)
(WALK TA_XFI XA XAQ)
(WALK TA_XFI XAQ XAR)
(WALK TA_XFI XAR XAS)
(WALK TA_XFI XAS XAT)
(WALK TA_XFI XAT XAU)
(WALK TA_XFI XAU XAV)
(WALK TA_XFI XAV XAW)
(WALK TA_XFI XAW XAX)
(WALK TA_XFI XAX XAY)
(WALK TA_XFI XAY XAZ)
(WALK TA_XFI XAZ XBA)
(WALK TA_XFI XBA XBB)
(WALK TA_XFI XBB XBC)
(WALK TA_XFI XBC XBD)
(WALK TA_XFI XBD XBE)
(WALK TA_XFI XBE XBF)
(WALK TA_XFI XBF XBG)
(WALK TA_XFI XBG XBH)
(WALK TA_XFI XBH XBI)
(WALK TA_XFI XBI XBJ)
(WALK TA_XFI XBJ XBK)
(WALK TA_XFI XBK XBL)
(WALK TA_XFI XBL XBM)
(WALK TA_XFI XBM XBN)
(WALK TA_XFI XBN XBO)
(WALK TA_XFI XBO XBP)
(WALK TA_XFI XBP XBQ)
(WALK TA_XFI XBQ XBR)
(WALK TA_XFI XBR XBS)
(WALK TA_XFI XBS XBT)
(WALK TA_XFI XBT XBU)
(WALK TA_XFI XBU XBV)
(WALK TA_XFI XBV XBW)
(WALK TA_XFI XBW XBX)
(WALK TA_XFI XBX XBY)
(WALK TA_XFI XBY XBZ)
(WALK TA_XFI XBZ XCA)
(WALK TA_XFI XCA XCB)
(WALK TA_XFI XCB XCC)
(WALK TA_XFI XCC XCD)
(WALK TA_XFI XCD XAP)
(WALK TA_XFI XAP XDT)
(WALK TA_XFI XDT XDU)
(WALK TA_XFI XDU XDV)
(WALK TA_XFI XDV XDW)
(WALK TA_XFI XDW XDX)
(WALK TA_XFI XDX XDY)
(WALK TA_XFI XDY XDZ)
(WALK TA_XFI XDZ XEA)
(WALK TA_XFI XEA XEB)
(WALK TA_XFI XEB XEC)
(WALK TA_XFI XEC XED)
(WALK TA_XFI XED XEE)
(WALK TA_XFI XEE XEF)
(WALK TA_XFI XEF XEG)
(WALK TA_XFI XEG XEH)
(WALK TA_XFI XEH XEI)
(WALK TA_XFI XEI XEJ)
(WALK TA_XFI XEJ XEK)
(WALK TA_XFI XEK XEL)
(WALK TA_XFI XEL XEM)
(WALK TA_XFI XEM XEN)
(WALK TA_XFI XEN XEO)
(WALK TA_XFI XEO XEP)
(WALK TA_XFI XEP XEQ)
(WALK TA_XFI XEQ XER)
(WALK TA_XFI XER XES)
(WALK TA_XFI XES XET)
(WALK TA_XFI XET XEU)
(WALK TA_XFI XEU XEV)
(WALK TA_XFI XEV XEW)
(WALK TA_XFI XEW XEX)
(WALK TA_XFI XEX XEY)
(WALK TA_XFI XEY XEZ)
(WALK TA_XFI XEZ XFA)
(WALK TA_XFI XFA XFB)
(WALK TA_XFI XFB XFC)
(WALK TA_XFI XFC XFD)
(WALK TA_XFI XFD XFE)
(WALK TA_XFI XFE XFF)
(WALK TA_XFI XFF XFG)
(WALK TA_XFI XFG XDS)
(WALK TA_XFI XDS XFI)
(HOMESAFE TA_XFI XFI)
(DROPOFF TA_XFH XA)
(WALK TA_XFH XA XAQ)
(WALK TA_XFH XAQ XAR)
(WALK TA_XFH XAR XAS)
(WALK TA_XFH XAS XAT)
(WALK TA_XFH XAT XAU)
(WALK TA_XFH XAU XAV)
(WALK TA_XFH XAV XAW)
(WALK TA_XFH XAW XAX)
(WALK TA_XFH XAX XAY)
(WALK TA_XFH XAY XAZ)
(WALK TA_XFH XAZ XBA)
(WALK TA_XFH XBA XBB)
(WALK TA_XFH XBB XBC)
(WALK TA_XFH XBC XBD)
(WALK TA_XFH XBD XBE)
(WALK TA_XFH XBE XBF)
(WALK TA_XFH XBF XBG)
(WALK TA_XFH XBG XBH)
(WALK TA_XFH XBH XBI)
(WALK TA_XFH XBI XBJ)
(WALK TA_XFH XBJ XBK)
(WALK TA_XFH XBK XBL)
(WALK TA_XFH XBL XBM)
(WALK TA_XFH XBM XBN)
(WALK TA_XFH XBN XBO)
(WALK TA_XFH XBO XBP)
(WALK TA_XFH XBP XBQ)
(WALK TA_XFH XBQ XBR)
(WALK TA_XFH XBR XBS)
(WALK TA_XFH XBS XBT)
(WALK TA_XFH XBT XBU)
(WALK TA_XFH XBU XBV)
(WALK TA_XFH XBV XBW)
(WALK TA_XFH XBW XBX)
(WALK TA_XFH XBX XBY)
(WALK TA_XFH XBY XBZ)
(WALK TA_XFH XBZ XCA)
(WALK TA_XFH XCA XCB)
(WALK TA_XFH XCB XCC)
(WALK TA_XFH XCC XCD)
(WALK TA_XFH XCD XAP)
(WALK TA_XFH XAP XDT)
(WALK TA_XFH XDT XDU)
(WALK TA_XFH XDU XDV)
(WALK TA_XFH XDV XDW)
(WALK TA_XFH XDW XDX)
(WALK TA_XFH XDX XDY)
(WALK TA_XFH XDY XDZ)
(WALK TA_XFH XDZ XEA)
(WALK TA_XFH XEA XEB)
(WALK TA_XFH XEB XEC)
(WALK TA_XFH XEC XED)
(WALK TA_XFH XED XEE)
(WALK TA_XFH XEE XEF)
(WALK TA_XFH XEF XEG)
(WALK TA_XFH XEG XEH)
(WALK TA_XFH XEH XEI)
(WALK TA_XFH XEI XEJ)
(WALK TA_XFH XEJ XEK)
(WALK TA_XFH XEK XEL)
(WALK TA_XFH XEL XEM)
(WALK TA_XFH XEM XEN)
(WALK TA_XFH XEN XEO)
(WALK TA_XFH XEO XEP)
(WALK TA_XFH XEP XEQ)
(WALK TA_XFH XEQ XER)
(WALK TA_XFH XER XES)
(WALK TA_XFH XES XET)
(WALK TA_XFH XET XEU)
(WALK TA_XFH XEU XEV)
(WALK TA_XFH XEV XEW)
(WALK TA_XFH XEW XEX)
(WALK TA_XFH XEX XEY)
(WALK TA_XFH XEY XEZ)
(WALK TA_XFH XEZ XFA)
(WALK TA_XFH XFA XFB)
(WALK TA_XFH XFB XFC)
(WALK TA_XFH XFC XFD)
(WALK TA_XFH XFD XFE)
(WALK TA_XFH XFE XFF)
(WALK TA_XFH XFF XFG)
(WALK TA_XFH XFG XDS)
(WALK TA_XFH XDS XFH)
(HOMESAFE TA_XFH XFH)
