(DRIVE X0x15 X0x16)
(DROPOFF TA_X0x16 X0x16)
(DRIVE X0x16 X0x15)
(HOMESAFE TA_X0x16 X0x16)
(DRIVE X0x15 X0x1e)
(DRIVE X0x1e X0x27)
(DRIVE X0x27 X0x2f)
(DROPOFF TA_X0x31 X0x2f)
(HOMESAFE TA_X0x31 X0x2f)
(DRIVE X0x2f X0x27)
(DRIVE X0x27 X0x1e)
(DRIVE X0x1e X0x20)
(DRIVE X0x20 X0xf)
(DROPOFF TA_X0x17 X0xf)
(HOMESAFE TA_X0x17 X0xf)
(DRIVE X0xf X0x20)
(DRIVE X0x20 X0x1e)
(DRIVE X0x1e X0x15)
(DRIVE X0x15 X0x16)
(DRIVE X0x16 X0x18)
(DROPOFF TA_X0x25 X0x18)
(HOMESAFE TA_X0x25 X0x18)
(DRIVE X0x18 X0x16)
(DRIVE X0x16 X0x15)
(DRIVE X0x15 X0x1e)
(DRIVE X0x1e X0x20)
(DRIVE X0x20 X0xf)
(DRIVE X0xf X0xc)
(DROPOFF TA_X0x1 X0xc)
(HOMESAFE TA_X0x1 X0xc)
(DRIVE X0xc X0xf)
(DRIVE X0xf X0x20)
(DRIVE X0x20 X0x1e)
(DRIVE X0x1e X0x27)
(DRIVE X0x27 X0x2f)
(DRIVE X0x2f X0x25)
(DROPOFF TA_X0x2a X0x25)
(HOMESAFE TA_X0x2a X0x25)
(DRIVE X0x25 X0x2f)
(DRIVE X0x2f X0x27)
(DRIVE X0x27 X0x1e)
(DRIVE X0x1e X0x20)
(DRIVE X0x20 X0xf)
(DRIVE X0xf X0x1c)
(DROPOFF TA_X0x13 X0x1c)
(HOMESAFE TA_X0x13 X0x1c)
(DRIVE X0x1c X0xf)
(DRIVE X0xf X0x20)
(DRIVE X0x20 X0x1e)
(DRIVE X0x1e X0x27)
(DRIVE X0x27 X0x2f)
(DRIVE X0x2f X0x23)
(DRIVE X0x23 X0x4)
(DROPOFF TA_X0x4 X0x4)
(HOMESAFE TA_X0x4 X0x4)
(DRIVE X0x4 X0x23)
(DRIVE X0x23 X0x2f)
(DRIVE X0x2f X0x27)
(DRIVE X0x27 X0x1e)
(DRIVE X0x1e X0x15)
(DRIVE X0x15 X0x16)
(DRIVE X0x16 X0x18)
(DRIVE X0x18 X0x1f)
(DRIVE X0x1f X0x26)
(DROPOFF TA_X0x2f X0x26)
(HOMESAFE TA_X0x2f X0x26)
(DRIVE X0x26 X0x1f)
(DRIVE X0x1f X0x18)
(DRIVE X0x18 X0x16)
(DRIVE X0x16 X0x15)
(DRIVE X0x15 X0x1e)
(DRIVE X0x1e X0x27)
(DRIVE X0x27 X0xe)
(DROPOFF TA_X0x1b X0xe)
(HOMESAFE TA_X0x1b X0xe)
(DRIVE X0xe X0x27)
(DRIVE X0x27 X0x1e)
(DRIVE X0x1e X0x20)
(DRIVE X0x20 X0xf)
(DRIVE X0xf X0xc)
(DRIVE X0xc X0x2a)
(DROPOFF TA_X0x28 X0x2a)
(HOMESAFE TA_X0x28 X0x2a)
(DRIVE X0x2a X0xc)
(DRIVE X0xc X0xf)
(DRIVE X0xf X0x20)
(DRIVE X0x20 X0x1e)
(DRIVE X0x1e X0x15)
(DRIVE X0x15 X0x16)
(DRIVE X0x16 X0x18)
(DRIVE X0x18 X0x30)
(DRIVE X0x30 X0x1)
(DROPOFF TA_X0x6 X0x1)
(HOMESAFE TA_X0x6 X0x1)
(DRIVE X0x1 X0x30)
(DRIVE X0x30 X0x18)
(DRIVE X0x18 X0x16)
(DRIVE X0x16 X0x15)
(DRIVE X0x15 X0x1e)
(DRIVE X0x1e X0x27)
(DRIVE X0x27 X0x2f)
(DRIVE X0x2f X0x23)
(DRIVE X0x23 X0x4)
(DRIVE X0x4 X0x1b)
(DROPOFF TA_X0xc X0x1b)
(HOMESAFE TA_X0xc X0x1b)
(DRIVE X0x1b X0x4)
(DRIVE X0x4 X0x23)
(DRIVE X0x23 X0x22)
(DROPOFF TA_X0x10 X0x22)
(HOMESAFE TA_X0x10 X0x22)
(DRIVE X0x22 X0x23)
(DRIVE X0x23 X0x2f)
(DRIVE X0x2f X0x27)
(DRIVE X0x27 X0x1e)
(DRIVE X0x1e X0x15)
(DRIVE X0x15 X0x16)
(DRIVE X0x16 X0x18)
(DRIVE X0x18 X0x30)
(DRIVE X0x30 X0x1)
(DRIVE X0x1 X0x2e)
(DROPOFF TA_X0x24 X0x2e)
(HOMESAFE TA_X0x24 X0x2e)
(DRIVE X0x2e X0x1)
(DRIVE X0x1 X0x30)
(DRIVE X0x30 X0x18)
(DRIVE X0x18 X0x16)
(DRIVE X0x16 X0x15)
(DRIVE X0x15 X0x1e)
(DRIVE X0x1e X0x20)
(DRIVE X0x20 X0xf)
(DRIVE X0xf X0x1c)
(DRIVE X0x1c X0x7)
(DRIVE X0x7 X0x24)
(DROPOFF TA_X0x22 X0x24)
(HOMESAFE TA_X0x22 X0x24)
(DRIVE X0x24 X0x7)
(DRIVE X0x7 X0x1c)
(DRIVE X0x1c X0xf)
(DRIVE X0xf X0x2b)
(DRIVE X0x2b X0x19)
(DROPOFF TA_X0xf X0x19)
(HOMESAFE TA_X0xf X0x19)
(DRIVE X0x19 X0x2b)
(DRIVE X0x2b X0xf)
(DRIVE X0xf X0x20)
(DRIVE X0x20 X0x1e)
(DRIVE X0x1e X0x27)
(DRIVE X0x27 X0x2f)
(DRIVE X0x2f X0x23)
(DRIVE X0x23 X0x10)
(DROPOFF TA_X0x29 X0x10)
(HOMESAFE TA_X0x29 X0x10)
(DRIVE X0x10 X0x23)
(DRIVE X0x23 X0x2f)
(DRIVE X0x2f X0x27)
(DRIVE X0x27 X0x1e)
(DRIVE X0x1e X0x15)
(DRIVE X0x15 X0x16)
(DRIVE X0x16 X0x18)
(DRIVE X0x18 X0x30)
(DRIVE X0x30 X0x1)
(DRIVE X0x1 X0x13)
(DROPOFF TA_X0x26 X0x13)
(HOMESAFE TA_X0x26 X0x13)
(DRIVE X0x13 X0x1)
(DRIVE X0x1 X0x30)
(DRIVE X0x30 X0x18)
(DRIVE X0x18 X0x16)
(DRIVE X0x16 X0x15)
(DRIVE X0x15 X0x1e)
(DRIVE X0x1e X0x27)
(DRIVE X0x27 X0xe)
(DRIVE X0xe X0x17)
(DROPOFF TA_X0x19 X0x17)
(HOMESAFE TA_X0x19 X0x17)
(DRIVE X0x17 X0xe)
(DRIVE X0xe X0x27)
(DRIVE X0x27 X0x1e)
(DRIVE X0x1e X0x15)
(DRIVE X0x15 X0x16)
(DRIVE X0x16 X0x18)
(DRIVE X0x18 X0x30)
(DRIVE X0x30 X0x1)
(DRIVE X0x1 X0x2c)
(DRIVE X0x2c X0x6)
(DROPOFF TA_X0xe X0x6)
(HOMESAFE TA_X0xe X0x6)
(DRIVE X0x6 X0x2c)
(DRIVE X0x2c X0x1)
(DRIVE X0x1 X0x30)
(DRIVE X0x30 X0x18)
(DRIVE X0x18 X0x16)
(DRIVE X0x16 X0x15)
(DRIVE X0x15 X0x1e)
(DRIVE X0x1e X0x20)
(DRIVE X0x20 X0xf)
(DRIVE X0xf X0x1c)
(DRIVE X0x1c X0x7)
(DRIVE X0x7 X0x24)
(DRIVE X0x24 X0x1d)
(DROPOFF TA_X0x2e X0x1d)
(HOMESAFE TA_X0x2e X0x1d)
(DRIVE X0x1d X0x31)
(DROPOFF TA_X0x1c X0x31)
(HOMESAFE TA_X0x1c X0x31)
(DRIVE X0x31 X0x23)
(DRIVE X0x23 X0x2f)
(DRIVE X0x2f X0x27)
(DRIVE X0x27 X0x1e)
(DRIVE X0x1e X0x20)
(DRIVE X0x20 X0xf)
(DRIVE X0xf X0x2b)
(DRIVE X0x2b X0x19)
(DRIVE X0x19 X0x29)
(DROPOFF TA_X0x1d X0x29)
(HOMESAFE TA_X0x1d X0x29)
(DRIVE X0x29 X0x19)
(DRIVE X0x19 X0x2b)
(DRIVE X0x2b X0xf)
(DRIVE X0xf X0x20)
(DRIVE X0x20 X0x1e)
(DRIVE X0x1e X0x15)
(DRIVE X0x15 X0x16)
(DRIVE X0x16 X0x18)
(DRIVE X0x18 X0x30)
(DRIVE X0x30 X0x1)
(DRIVE X0x1 X0x2c)
(DRIVE X0x2c X0x6)
(DRIVE X0x6 X0x28)
(DROPOFF TA_X0x18 X0x28)
(HOMESAFE TA_X0x18 X0x28)
(DRIVE X0x28 X0x6)
(DRIVE X0x6 X0x2c)
(DRIVE X0x2c X0x1)
(DRIVE X0x1 X0x30)
(DRIVE X0x30 X0x18)
(DRIVE X0x18 X0x16)
(DRIVE X0x16 X0x15)
