(DRIVE X0x4a X0x1d)
(DRIVE X0x1d X0x63)
(DRIVE X0x63 X0x19)
(DRIVE X0x19 X0x16)
(DRIVE X0x16 X0x17)
(DRIVE X0x17 X0x42)
(DRIVE X0x42 X0x55)
(DROPOFF TA_X0x20 X0x55)
(HOMESAFE TA_X0x20 X0x55)
(DRIVE X0x55 X0xd)
(DRIVE X0xd X0x10)
(DROPOFF TA_X0x2c X0x10)
(HOMESAFE TA_X0x2c X0x10)
(DRIVE X0x10 X0x28)
(DRIVE X0x28 X0x35)
(DROPOFF TA_X0x55 X0x35)
(HOMESAFE TA_X0x55 X0x35)
(DRIVE X0x35 X0x28)
(DRIVE X0x28 X0x10)
(DRIVE X0x10 X0xd)
(DRIVE X0xd X0x55)
(DRIVE X0x55 X0x42)
(DRIVE X0x42 X0x17)
(DROPOFF TA_X0x32 X0x17)
(HOMESAFE TA_X0x32 X0x17)
(DRIVE X0x17 X0x42)
(DRIVE X0x42 X0x55)
(DRIVE X0x55 X0xd)
(DRIVE X0xd X0x10)
(DRIVE X0x10 X0x3b)
(DROPOFF TA_X0x48 X0x3b)
(HOMESAFE TA_X0x48 X0x3b)
(DRIVE X0x3b X0x10)
(DRIVE X0x10 X0x28)
(DRIVE X0x28 X0x35)
(DRIVE X0x35 X0x44)
(DRIVE X0x44 X0x14)
(DROPOFF TA_X0x3b X0x14)
(HOMESAFE TA_X0x3b X0x14)
(DRIVE X0x14 X0x45)
(DROPOFF TA_X0x1c X0x45)
(HOMESAFE TA_X0x1c X0x45)
(DRIVE X0x45 X0x14)
(DRIVE X0x14 X0x5f)
(DROPOFF TA_X0x1f X0x5f)
(HOMESAFE TA_X0x1f X0x5f)
(DRIVE X0x5f X0x14)
(DRIVE X0x14 X0x44)
(DRIVE X0x44 X0x35)
(DRIVE X0x35 X0x28)
(DRIVE X0x28 X0x10)
(DRIVE X0x10 X0xd)
(DRIVE X0xd X0x55)
(DRIVE X0x55 X0x42)
(DRIVE X0x42 X0x43)
(DRIVE X0x43 X0x23)
(DRIVE X0x23 X0x5e)
(DROPOFF TA_X0x50 X0x5e)
(HOMESAFE TA_X0x50 X0x5e)
(DRIVE X0x5e X0x23)
(DRIVE X0x23 X0x43)
(DRIVE X0x43 X0x42)
(DRIVE X0x42 X0x55)
(DRIVE X0x55 X0xd)
(DRIVE X0xd X0x10)
(DRIVE X0x10 X0x28)
(DRIVE X0x28 X0x50)
(DROPOFF TA_X0x63 X0x50)
(HOMESAFE TA_X0x63 X0x50)
(DRIVE X0x50 X0x28)
(DRIVE X0x28 X0x35)
(DRIVE X0x35 X0x9)
(DROPOFF TA_X0x17 X0x9)
(HOMESAFE TA_X0x17 X0x9)
(DRIVE X0x9 X0x35)
(DRIVE X0x35 X0x44)
(DRIVE X0x44 X0x13)
(DROPOFF TA_X0x35 X0x13)
(HOMESAFE TA_X0x35 X0x13)
(DRIVE X0x13 X0x44)
(DRIVE X0x44 X0x35)
(DRIVE X0x35 X0x28)
(DRIVE X0x28 X0x10)
(DRIVE X0x10 X0xd)
(DRIVE X0xd X0x55)
(DRIVE X0x55 X0x42)
(DRIVE X0x42 X0x3)
(DRIVE X0x3 X0x2c)
(DROPOFF TA_X0x5e X0x2c)
(HOMESAFE TA_X0x5e X0x2c)
(DRIVE X0x2c X0x3)
(DRIVE X0x3 X0x42)
(DRIVE X0x42 X0x55)
(DRIVE X0x55 X0x1)
(DRIVE X0x1 X0x2b)
(DRIVE X0x2b X0x54)
(DRIVE X0x54 X0x48)
(DROPOFF TA_X0x4d X0x48)
(HOMESAFE TA_X0x4d X0x48)
(DRIVE X0x48 X0x54)
(DRIVE X0x54 X0x2b)
(DRIVE X0x2b X0x1)
(DRIVE X0x1 X0x55)
(DRIVE X0x55 X0xd)
(DRIVE X0xd X0x10)
(DRIVE X0x10 X0x28)
(DRIVE X0x28 X0x35)
(DRIVE X0x35 X0x44)
(DRIVE X0x44 X0x14)
(DRIVE X0x14 X0x45)
(DRIVE X0x45 X0x4f)
(DROPOFF TA_X0x4f X0x4f)
(HOMESAFE TA_X0x4f X0x4f)
(DRIVE X0x4f X0x45)
(DRIVE X0x45 X0x14)
(DRIVE X0x14 X0x44)
(DRIVE X0x44 X0x35)
(DRIVE X0x35 X0x28)
(DRIVE X0x28 X0x10)
(DRIVE X0x10 X0xd)
(DRIVE X0xd X0x56)
(DROPOFF TA_X0x4 X0x56)
(HOMESAFE TA_X0x4 X0x56)
(DRIVE X0x56 X0x24)
(DRIVE X0x24 X0x1)
(DRIVE X0x1 X0x55)
(DRIVE X0x55 X0x42)
(DRIVE X0x42 X0x17)
(DRIVE X0x17 X0x16)
(DRIVE X0x16 X0x19)
(DRIVE X0x19 X0x63)
(DROPOFF TA_X0x13 X0x63)
(HOMESAFE TA_X0x13 X0x63)
(DRIVE X0x63 X0x19)
(DRIVE X0x19 X0x16)
(DRIVE X0x16 X0x17)
(DRIVE X0x17 X0x42)
(DRIVE X0x42 X0x3)
(DRIVE X0x3 X0x3e)
(DRIVE X0x3e X0x20)
(DROPOFF TA_X0x59 X0x20)
(HOMESAFE TA_X0x59 X0x20)
(DRIVE X0x20 X0x3e)
(DRIVE X0x3e X0x3)
(DRIVE X0x3 X0x42)
(DRIVE X0x42 X0x55)
(DRIVE X0x55 X0x1)
(DRIVE X0x1 X0x24)
(DRIVE X0x24 X0x59)
(DROPOFF TA_X0x5a X0x59)
(HOMESAFE TA_X0x5a X0x59)
(DRIVE X0x59 X0x24)
(DRIVE X0x24 X0x1)
(DRIVE X0x1 X0x55)
(DRIVE X0x55 X0xd)
(DRIVE X0xd X0x10)
(DRIVE X0x10 X0x28)
(DRIVE X0x28 X0x35)
(DRIVE X0x35 X0x30)
(DRIVE X0x30 X0x57)
(DROPOFF TA_X0x3c X0x57)
(HOMESAFE TA_X0x3c X0x57)
(DRIVE X0x57 X0x30)
(DRIVE X0x30 X0x35)
(DRIVE X0x35 X0x28)
(DRIVE X0x28 X0x10)
(DRIVE X0x10 X0xd)
(DRIVE X0xd X0x55)
(DRIVE X0x55 X0x42)
(DRIVE X0x42 X0x3)
(DRIVE X0x3 X0x2c)
(DRIVE X0x2c X0x3c)
(DROPOFF TA_X0x10 X0x3c)
(HOMESAFE TA_X0x10 X0x3c)
(DRIVE X0x3c X0x2c)
(DRIVE X0x2c X0x3)
(DRIVE X0x3 X0x42)
(DRIVE X0x42 X0x43)
(DRIVE X0x43 X0x23)
(DRIVE X0x23 X0x53)
(DROPOFF TA_X0x1b X0x53)
(HOMESAFE TA_X0x1b X0x53)
(DRIVE X0x53 X0x23)
(DRIVE X0x23 X0x43)
(DRIVE X0x43 X0x42)
(DRIVE X0x42 X0x55)
(DRIVE X0x55 X0xd)
(DRIVE X0xd X0x10)
(DRIVE X0x10 X0x28)
(DRIVE X0x28 X0x35)
(DRIVE X0x35 X0x44)
(DRIVE X0x44 X0x14)
(DRIVE X0x14 X0x45)
(DRIVE X0x45 X0x4f)
(DRIVE X0x4f X0x33)
(DRIVE X0x33 X0x11)
(DROPOFF TA_X0xc X0x11)
(HOMESAFE TA_X0xc X0x11)
(DRIVE X0x11 X0x33)
(DRIVE X0x33 X0x4f)
(DRIVE X0x4f X0x45)
(DRIVE X0x45 X0x14)
(DRIVE X0x14 X0x44)
(DRIVE X0x44 X0x35)
(DRIVE X0x35 X0x28)
(DRIVE X0x28 X0x10)
(DRIVE X0x10 X0xd)
(DRIVE X0xd X0x55)
(DRIVE X0x55 X0x42)
(DRIVE X0x42 X0x3)
(DRIVE X0x3 X0x2c)
(DRIVE X0x2c X0xb)
(DROPOFF TA_X0x52 X0xb)
(HOMESAFE TA_X0x52 X0xb)
(DRIVE X0xb X0x2c)
(DRIVE X0x2c X0x3)
(DRIVE X0x3 X0x42)
(DRIVE X0x42 X0x55)
(DRIVE X0x55 X0xd)
(DRIVE X0xd X0x10)
(DRIVE X0x10 X0x28)
(DRIVE X0x28 X0x50)
(DRIVE X0x50 X0x32)
(DROPOFF TA_X0x5f X0x32)
(HOMESAFE TA_X0x5f X0x32)
(DRIVE X0x32 X0x50)
(DRIVE X0x50 X0x28)
(DRIVE X0x28 X0x10)
(DRIVE X0x10 X0xd)
(DRIVE X0xd X0x55)
(DRIVE X0x55 X0x42)
(DRIVE X0x42 X0x17)
(DRIVE X0x17 X0x16)
(DRIVE X0x16 X0x19)
(DRIVE X0x19 X0x1f)
(DROPOFF TA_X0x14 X0x1f)
(HOMESAFE TA_X0x14 X0x1f)
(DRIVE X0x1f X0x19)
(DRIVE X0x19 X0x16)
(DRIVE X0x16 X0x17)
(DRIVE X0x17 X0x42)
(DRIVE X0x42 X0x55)
(DRIVE X0x55 X0xd)
(DRIVE X0xd X0x10)
(DRIVE X0x10 X0x28)
(DRIVE X0x28 X0x35)
(DRIVE X0x35 X0x44)
(DRIVE X0x44 X0x14)
(DRIVE X0x14 X0x45)
(DRIVE X0x45 X0x41)
(DROPOFF TA_X0x1d X0x41)
(HOMESAFE TA_X0x1d X0x41)
(DRIVE X0x41 X0x45)
(DRIVE X0x45 X0x14)
(DRIVE X0x14 X0x44)
(DRIVE X0x44 X0x35)
(DRIVE X0x35 X0x28)
(DRIVE X0x28 X0x10)
(DRIVE X0x10 X0xd)
(DRIVE X0xd X0x56)
(DRIVE X0x56 X0x27)
(DROPOFF TA_X0x5 X0x27)
(HOMESAFE TA_X0x5 X0x27)
(DRIVE X0x27 X0x56)
(DRIVE X0x56 X0xd)
(DRIVE X0xd X0x55)
(DRIVE X0x55 X0x42)
(DRIVE X0x42 X0x17)
(DRIVE X0x17 X0x16)
(DRIVE X0x16 X0x19)
(DRIVE X0x19 X0x4e)
(DROPOFF TA_X0x27 X0x4e)
(HOMESAFE TA_X0x27 X0x4e)
(DRIVE X0x4e X0x19)
(DRIVE X0x19 X0x16)
(DRIVE X0x16 X0x17)
(DRIVE X0x17 X0x42)
(DRIVE X0x42 X0x55)
(DRIVE X0x55 X0xd)
(DRIVE X0xd X0x10)
(DRIVE X0x10 X0x28)
(DRIVE X0x28 X0x35)
(DRIVE X0x35 X0x44)
(DRIVE X0x44 X0x14)
(DRIVE X0x14 X0x5b)
(DRIVE X0x5b X0x2d)
(DROPOFF TA_X0x2e X0x2d)
(HOMESAFE TA_X0x2e X0x2d)
(DRIVE X0x2d X0x5b)
(DRIVE X0x5b X0x14)
(DRIVE X0x14 X0x44)
(DRIVE X0x44 X0x35)
(DRIVE X0x35 X0x9)
(DRIVE X0x9 X0x5)
(DROPOFF TA_X0x4b X0x5)
(HOMESAFE TA_X0x4b X0x5)
(DRIVE X0x5 X0x9)
(DRIVE X0x9 X0x35)
(DRIVE X0x35 X0x28)
(DRIVE X0x28 X0x10)
(DRIVE X0x10 X0xd)
(DRIVE X0xd X0x55)
(DRIVE X0x55 X0x42)
(DRIVE X0x42 X0x43)
(DRIVE X0x43 X0x23)
(DRIVE X0x23 X0x5e)
(DRIVE X0x5e X0x62)
(DROPOFF TA_X0x9 X0x62)
(HOMESAFE TA_X0x9 X0x62)
(DRIVE X0x62 X0x5e)
(DRIVE X0x5e X0x23)
(DRIVE X0x23 X0x43)
(DRIVE X0x43 X0x42)
(DRIVE X0x42 X0x55)
(DRIVE X0x55 X0xd)
(DRIVE X0xd X0x10)
(DRIVE X0x10 X0x28)
(DRIVE X0x28 X0x35)
(DRIVE X0x35 X0x30)
(DRIVE X0x30 X0x34)
(DRIVE X0x34 X0x22)
(DRIVE X0x22 X0x4)
(DROPOFF TA_X0x31 X0x4)
(HOMESAFE TA_X0x31 X0x4)
(DRIVE X0x4 X0x22)
(DRIVE X0x22 X0x34)
(DRIVE X0x34 X0x30)
(DRIVE X0x30 X0x35)
(DRIVE X0x35 X0x28)
(DRIVE X0x28 X0x10)
(DRIVE X0x10 X0xd)
(DRIVE X0xd X0x55)
(DRIVE X0x55 X0x42)
(DRIVE X0x42 X0x17)
(DRIVE X0x17 X0x16)
(DRIVE X0x16 X0x19)
(DRIVE X0x19 X0x63)
(DRIVE X0x63 X0x1d)
(DROPOFF TA_X0x45 X0x1d)
(HOMESAFE TA_X0x45 X0x1d)
(DRIVE X0x1d X0x63)
(DRIVE X0x63 X0x19)
(DRIVE X0x19 X0x16)
(DRIVE X0x16 X0x17)
(DRIVE X0x17 X0x42)
(DRIVE X0x42 X0x55)
(DRIVE X0x55 X0xd)
(DRIVE X0xd X0x56)
(DRIVE X0x56 X0x27)
(DRIVE X0x27 X0x52)
(DROPOFF TA_X0xb X0x52)
(HOMESAFE TA_X0xb X0x52)
(DRIVE X0x52 X0x27)
(DRIVE X0x27 X0x56)
(DRIVE X0x56 X0xd)
(DRIVE X0xd X0x10)
(DRIVE X0x10 X0x28)
(DRIVE X0x28 X0x35)
(DRIVE X0x35 X0x44)
(DRIVE X0x44 X0x14)
(DRIVE X0x14 X0x45)
(DRIVE X0x45 X0x4f)
(DRIVE X0x4f X0x33)
(DRIVE X0x33 X0x11)
(DRIVE X0x11 X0x1e)
(DROPOFF TA_X0x62 X0x1e)
(HOMESAFE TA_X0x62 X0x1e)
(DRIVE X0x1e X0x1b)
(DRIVE X0x1b X0x3c)
(DRIVE X0x3c X0x2c)
(DRIVE X0x2c X0xb)
(DRIVE X0xb X0xc)
(DROPOFF TA_X0x56 X0xc)
(HOMESAFE TA_X0x56 X0xc)
(DRIVE X0xc X0xb)
(DRIVE X0xb X0x2c)
(DRIVE X0x2c X0x3)
(DRIVE X0x3 X0x42)
(DRIVE X0x42 X0x55)
(DRIVE X0x55 X0xd)
(DRIVE X0xd X0x10)
(DRIVE X0x10 X0x28)
(DRIVE X0x28 X0x35)
(DRIVE X0x35 X0x30)
(DRIVE X0x30 X0x57)
(DRIVE X0x57 X0x3d)
(DROPOFF TA_X0x3d X0x3d)
(HOMESAFE TA_X0x3d X0x3d)
(DRIVE X0x3d X0x57)
(DRIVE X0x57 X0x30)
(DRIVE X0x30 X0x35)
(DRIVE X0x35 X0x28)
(DRIVE X0x28 X0x10)
(DRIVE X0x10 X0xd)
(DRIVE X0xd X0x55)
(DRIVE X0x55 X0x42)
(DRIVE X0x42 X0x3)
(DRIVE X0x3 X0x2c)
(DRIVE X0x2c X0x3c)
(DRIVE X0x3c X0x1b)
(DROPOFF TA_X0x61 X0x1b)
(HOMESAFE TA_X0x61 X0x1b)
(DRIVE X0x1b X0x3c)
(DRIVE X0x3c X0x2c)
(DRIVE X0x2c X0x3)
(DRIVE X0x3 X0x42)
(DRIVE X0x42 X0x55)
(DRIVE X0x55 X0xd)
(DRIVE X0xd X0x10)
(DRIVE X0x10 X0x28)
(DRIVE X0x28 X0x35)
(DRIVE X0x35 X0x44)
(DRIVE X0x44 X0x14)
(DRIVE X0x14 X0x45)
(DRIVE X0x45 X0x4f)
(DRIVE X0x4f X0x2a)
(DROPOFF TA_X0x1e X0x2a)
(HOMESAFE TA_X0x1e X0x2a)
(DRIVE X0x2a X0x4f)
(DRIVE X0x4f X0x45)
(DRIVE X0x45 X0x14)
(DRIVE X0x14 X0x44)
(DRIVE X0x44 X0x35)
(DRIVE X0x35 X0x28)
(DRIVE X0x28 X0x10)
(DRIVE X0x10 X0xd)
(DRIVE X0xd X0x55)
(DRIVE X0x55 X0x42)
(DRIVE X0x42 X0x17)
(DRIVE X0x17 X0x16)
(DRIVE X0x16 X0xe)
(DRIVE X0xe X0x31)
(DROPOFF TA_X0x57 X0x31)
(HOMESAFE TA_X0x57 X0x31)
(DRIVE X0x31 X0xe)
(DRIVE X0xe X0x16)
(DRIVE X0x16 X0x17)
(DRIVE X0x17 X0x42)
(DRIVE X0x42 X0x55)
(DRIVE X0x55 X0xd)
(DRIVE X0xd X0x10)
(DRIVE X0x10 X0x28)
(DRIVE X0x28 X0x35)
(DRIVE X0x35 X0x30)
(DRIVE X0x30 X0x34)
(DRIVE X0x34 X0x22)
(DRIVE X0x22 X0x2f)
(DRIVE X0x2f X0x39)
(DROPOFF TA_X0x21 X0x39)
(HOMESAFE TA_X0x21 X0x39)
(DRIVE X0x39 X0x2f)
(DRIVE X0x2f X0x22)
(DRIVE X0x22 X0x34)
(DRIVE X0x34 X0x30)
(DRIVE X0x30 X0x35)
(DRIVE X0x35 X0x28)
(DRIVE X0x28 X0x10)
(DRIVE X0x10 X0xd)
(DRIVE X0xd X0x56)
(DRIVE X0x56 X0x27)
(DRIVE X0x27 X0x15)
(DRIVE X0x15 X0x61)
(DROPOFF TA_X0x41 X0x61)
(HOMESAFE TA_X0x41 X0x61)
(DRIVE X0x61 X0x5a)
(DROPOFF TA_X0x2a X0x5a)
(HOMESAFE TA_X0x2a X0x5a)
(DRIVE X0x5a X0x2)
(DROPOFF TA_X0x39 X0x2)
(HOMESAFE TA_X0x39 X0x2)
(DRIVE X0x2 X0x5)
(DRIVE X0x5 X0x9)
(DRIVE X0x9 X0x35)
(DRIVE X0x35 X0x28)
(DRIVE X0x28 X0x10)
(DRIVE X0x10 X0xd)
(DRIVE X0xd X0x55)
(DRIVE X0x55 X0x42)
(DRIVE X0x42 X0x17)
(DRIVE X0x17 X0x16)
(DRIVE X0x16 X0x19)
(DRIVE X0x19 X0x63)
(DRIVE X0x63 X0x1d)
(DRIVE X0x1d X0x4a)
(DRIVE X0x4a X0x4b)
(DROPOFF TA_X0x2 X0x4b)
(DRIVE X0x4b X0x4a)
(HOMESAFE TA_X0x2 X0x4b)
(DRIVE X0x4a X0x1d)
(DRIVE X0x1d X0x63)
(DRIVE X0x63 X0x19)
(DRIVE X0x19 X0x16)
(DRIVE X0x16 X0x17)
(DRIVE X0x17 X0x42)
(DRIVE X0x42 X0x3)
(DRIVE X0x3 X0x2c)
(DRIVE X0x2c X0xb)
(DRIVE X0xb X0xc)
(DRIVE X0xc X0x1c)
(DROPOFF TA_X0x11 X0x1c)
(HOMESAFE TA_X0x11 X0x1c)
(DRIVE X0x1c X0xc)
(DRIVE X0xc X0xb)
(DRIVE X0xb X0x2c)
(DRIVE X0x2c X0x3)
(DRIVE X0x3 X0x42)
(DRIVE X0x42 X0x55)
(DRIVE X0x55 X0xd)
(DRIVE X0xd X0x10)
(DRIVE X0x10 X0x28)
(DRIVE X0x28 X0x35)
(DRIVE X0x35 X0x44)
(DRIVE X0x44 X0x14)
(DRIVE X0x14 X0x45)
(DRIVE X0x45 X0x4f)
(DRIVE X0x4f X0x33)
(DRIVE X0x33 X0x47)
(DRIVE X0x47 X0x21)
(DROPOFF TA_X0x4e X0x21)
(HOMESAFE TA_X0x4e X0x21)
(DRIVE X0x21 X0x47)
(DRIVE X0x47 X0x33)
(DRIVE X0x33 X0x4f)
(DRIVE X0x4f X0x45)
(DRIVE X0x45 X0x14)
(DRIVE X0x14 X0x44)
(DRIVE X0x44 X0x35)
(DRIVE X0x35 X0x28)
(DRIVE X0x28 X0x10)
(DRIVE X0x10 X0xd)
(DRIVE X0xd X0x56)
(DRIVE X0x56 X0x27)
(DRIVE X0x27 X0x15)
(DRIVE X0x15 X0x2e)
(DROPOFF TA_X0x2d X0x2e)
(HOMESAFE TA_X0x2d X0x2e)
(DRIVE X0x2e X0x15)
(DRIVE X0x15 X0x27)
(DRIVE X0x27 X0x56)
(DRIVE X0x56 X0xd)
(DRIVE X0xd X0x10)
(DRIVE X0x10 X0x28)
(DRIVE X0x28 X0x35)
(DRIVE X0x35 X0x30)
(DRIVE X0x30 X0x34)
(DRIVE X0x34 X0x22)
(DRIVE X0x22 X0x2f)
(DRIVE X0x2f X0x39)
(DRIVE X0x39 X0x3f)
(DRIVE X0x3f X0x4d)
(DROPOFF TA_X0x53 X0x4d)
(HOMESAFE TA_X0x53 X0x4d)
(DRIVE X0x4d X0x3f)
(DRIVE X0x3f X0x39)
(DRIVE X0x39 X0x2f)
(DRIVE X0x2f X0x22)
(DRIVE X0x22 X0x34)
(DRIVE X0x34 X0x30)
(DRIVE X0x30 X0x35)
(DRIVE X0x35 X0x28)
(DRIVE X0x28 X0x10)
(DRIVE X0x10 X0xd)
(DRIVE X0xd X0x55)
(DRIVE X0x55 X0x42)
(DRIVE X0x42 X0x17)
(DRIVE X0x17 X0x16)
(DRIVE X0x16 X0x19)
(DRIVE X0x19 X0x63)
(DRIVE X0x63 X0x1d)
(DRIVE X0x1d X0x4a)
