(DRIVE X0x19 X0x8b)
(DRIVE X0x8b X0x11)
(DRIVE X0x11 X0x8)
(DRIVE X0x8 X0x89)
(DRIVE X0x89 X0x3c)
(DRIVE X0x3c X0xe)
(DRIVE X0xe X0x79)
(DROPOFF TA_X0x8e X0x79)
(HOMESAFE TA_X0x8e X0x79)
(DRIVE X0x79 X0xe)
(DRIVE X0xe X0x3c)
(DRIVE X0x3c X0x89)
(DROPOFF TA_X0x25 X0x89)
(HOMESAFE TA_X0x25 X0x89)
(DRIVE X0x89 X0x3c)
(DRIVE X0x3c X0x74)
(DROPOFF TA_X0xa8 X0x74)
(HOMESAFE TA_X0xa8 X0x74)
(DRIVE X0x74 X0xbb)
(DROPOFF TA_X0x9 X0xbb)
(HOMESAFE TA_X0x9 X0xbb)
(DRIVE X0xbb X0x74)
(DRIVE X0x74 X0x3c)
(DRIVE X0x3c X0xe)
(DRIVE X0xe X0x79)
(DRIVE X0x79 X0x5)
(DROPOFF TA_X0x9e X0x5)
(HOMESAFE TA_X0x9e X0x5)
(DRIVE X0x5 X0x79)
(DRIVE X0x79 X0xe)
(DRIVE X0xe X0x3c)
(DRIVE X0x3c X0x74)
(DRIVE X0x74 X0x84)
(DROPOFF TA_X0x8f X0x84)
(HOMESAFE TA_X0x8f X0x84)
(DRIVE X0x84 X0x74)
(DRIVE X0x74 X0x3c)
(DRIVE X0x3c X0x97)
(DROPOFF TA_X0x1d X0x97)
(HOMESAFE TA_X0x1d X0x97)
(DRIVE X0x97 X0x3c)
(DRIVE X0x3c X0x89)
(DRIVE X0x89 X0x8)
(DRIVE X0x8 X0x11)
(DROPOFF TA_X0x97 X0x11)
(HOMESAFE TA_X0x97 X0x11)
(DRIVE X0x11 X0x8)
(DRIVE X0x8 X0x89)
(DRIVE X0x89 X0x3c)
(DRIVE X0x3c X0xe)
(DRIVE X0xe X0x63)
(DRIVE X0x63 X0x3a)
(DROPOFF TA_X0x3d X0x3a)
(HOMESAFE TA_X0x3d X0x3a)
(DRIVE X0x3a X0x63)
(DRIVE X0x63 X0xe)
(DRIVE X0xe X0x3c)
(DRIVE X0x3c X0x74)
(DRIVE X0x74 X0x25)
(DROPOFF TA_X0x56 X0x25)
(HOMESAFE TA_X0x56 X0x25)
(DRIVE X0x25 X0x74)
(DRIVE X0x74 X0x3c)
(DRIVE X0x3c X0xe)
(DRIVE X0xe X0x79)
(DRIVE X0x79 X0x5)
(DRIVE X0x5 X0x9b)
(DROPOFF TA_X0x42 X0x9b)
(HOMESAFE TA_X0x42 X0x9b)
(DRIVE X0x9b X0x5)
(DRIVE X0x5 X0x79)
(DRIVE X0x79 X0xe)
(DRIVE X0xe X0x3c)
(DRIVE X0x3c X0x89)
(DRIVE X0x89 X0x8)
(DRIVE X0x8 X0x11)
(DRIVE X0x11 X0x5f)
(DRIVE X0x5f X0xa4)
(DROPOFF TA_X0x91 X0xa4)
(HOMESAFE TA_X0x91 X0xa4)
(DRIVE X0xa4 X0x3d)
(DROPOFF TA_X0xc2 X0x3d)
(HOMESAFE TA_X0xc2 X0x3d)
(DRIVE X0x3d X0xa4)
(DRIVE X0xa4 X0x5f)
(DRIVE X0x5f X0x11)
(DRIVE X0x11 X0x8)
(DRIVE X0x8 X0x89)
(DRIVE X0x89 X0x3c)
(DRIVE X0x3c X0xe)
(DRIVE X0xe X0x79)
(DRIVE X0x79 X0x5)
(DRIVE X0x5 X0x7d)
(DRIVE X0x7d X0x42)
(DROPOFF TA_X0xac X0x42)
(HOMESAFE TA_X0xac X0x42)
(DRIVE X0x42 X0x7d)
(DRIVE X0x7d X0x5)
(DRIVE X0x5 X0x79)
(DRIVE X0x79 X0xe)
(DRIVE X0xe X0x63)
(DRIVE X0x63 X0x3a)
(DRIVE X0x3a X0x4d)
(DROPOFF TA_X0x7b X0x4d)
(HOMESAFE TA_X0x7b X0x4d)
(DRIVE X0x4d X0x3a)
(DRIVE X0x3a X0x63)
(DRIVE X0x63 X0xe)
(DRIVE X0xe X0x79)
(DRIVE X0x79 X0x5)
(DRIVE X0x5 X0x0)
(DROPOFF TA_X0xb0 X0x0)
(HOMESAFE TA_X0xb0 X0x0)
(DRIVE X0x0 X0x5)
(DRIVE X0x5 X0x9b)
(DRIVE X0x9b X0x1d)
(DROPOFF TA_X0x99 X0x1d)
(HOMESAFE TA_X0x99 X0x1d)
(DRIVE X0x1d X0x9b)
(DRIVE X0x9b X0x5)
(DRIVE X0x5 X0x79)
(DRIVE X0x79 X0xe)
(DRIVE X0xe X0x3c)
(DRIVE X0x3c X0x74)
(DRIVE X0x74 X0xbb)
(DRIVE X0xbb X0x7a)
(DROPOFF TA_X0x3b X0x7a)
(HOMESAFE TA_X0x3b X0x7a)
(DRIVE X0x7a X0xbb)
(DRIVE X0xbb X0x74)
(DRIVE X0x74 X0x3c)
(DRIVE X0x3c X0x97)
(DRIVE X0x97 X0x8f)
(DROPOFF TA_X0x28 X0x8f)
(HOMESAFE TA_X0x28 X0x8f)
(DRIVE X0x8f X0x97)
(DRIVE X0x97 X0x3c)
(DRIVE X0x3c X0xe)
(DRIVE X0xe X0x63)
(DRIVE X0x63 X0x3a)
(DRIVE X0x3a X0x4d)
(DRIVE X0x4d X0x8e)
(DROPOFF TA_X0x21 X0x8e)
(HOMESAFE TA_X0x21 X0x8e)
(DRIVE X0x8e X0x4d)
(DRIVE X0x4d X0x3a)
(DRIVE X0x3a X0x63)
(DRIVE X0x63 X0xe)
(DRIVE X0xe X0x79)
(DRIVE X0x79 X0x5)
(DRIVE X0x5 X0x9b)
(DRIVE X0x9b X0xaa)
(DROPOFF TA_X0x31 X0xaa)
(HOMESAFE TA_X0x31 X0xaa)
(DRIVE X0xaa X0x9b)
(DRIVE X0x9b X0x5)
(DRIVE X0x5 X0x79)
(DRIVE X0x79 X0xe)
(DRIVE X0xe X0x3c)
(DRIVE X0x3c X0x74)
(DRIVE X0x74 X0x25)
(DRIVE X0x25 X0xf)
(DROPOFF TA_X0x8b X0xf)
(HOMESAFE TA_X0x8b X0xf)
(DRIVE X0xf X0x25)
(DRIVE X0x25 X0x74)
(DRIVE X0x74 X0x3c)
(DRIVE X0x3c X0xe)
(DRIVE X0xe X0x79)
(DRIVE X0x79 X0x5)
(DRIVE X0x5 X0x9b)
(DRIVE X0x9b X0x2d)
(DROPOFF TA_X0xc3 X0x2d)
(HOMESAFE TA_X0xc3 X0x2d)
(DRIVE X0x2d X0x9b)
(DRIVE X0x9b X0x5)
(DRIVE X0x5 X0x79)
(DRIVE X0x79 X0xe)
(DRIVE X0xe X0x3c)
(DRIVE X0x3c X0x74)
(DRIVE X0x74 X0xbb)
(DRIVE X0xbb X0x59)
(DROPOFF TA_X0x84 X0x59)
(HOMESAFE TA_X0x84 X0x59)
(DRIVE X0x59 X0xbb)
(DRIVE X0xbb X0x74)
(DRIVE X0x74 X0x3c)
(DRIVE X0x3c X0xe)
(DRIVE X0xe X0x63)
(DRIVE X0x63 X0x3a)
(DRIVE X0x3a X0x5c)
(DRIVE X0x5c X0x6d)
(DROPOFF TA_X0xba X0x6d)
(HOMESAFE TA_X0xba X0x6d)
(DRIVE X0x6d X0x5c)
(DRIVE X0x5c X0x3a)
(DRIVE X0x3a X0x63)
(DRIVE X0x63 X0xe)
(DRIVE X0xe X0x3c)
(DRIVE X0x3c X0x89)
(DRIVE X0x89 X0x8)
(DRIVE X0x8 X0x11)
(DRIVE X0x11 X0x5f)
(DRIVE X0x5f X0xa4)
(DRIVE X0xa4 X0x3d)
(DRIVE X0x3d X0xba)
(DROPOFF TA_X0x1 X0xba)
(HOMESAFE TA_X0x1 X0xba)
(DRIVE X0xba X0x3d)
(DRIVE X0x3d X0xa4)
(DRIVE X0xa4 X0x5f)
(DRIVE X0x5f X0x11)
(DRIVE X0x11 X0x8)
(DRIVE X0x8 X0x89)
(DRIVE X0x89 X0x3c)
(DRIVE X0x3c X0xe)
(DRIVE X0xe X0x79)
(DRIVE X0x79 X0x5)
(DRIVE X0x5 X0x9b)
(DRIVE X0x9b X0x2d)
(DRIVE X0x2d X0x45)
(DROPOFF TA_X0xc4 X0x45)
(HOMESAFE TA_X0xc4 X0x45)
(DRIVE X0x45 X0x2d)
(DRIVE X0x2d X0x9b)
(DRIVE X0x9b X0x5)
(DRIVE X0x5 X0x79)
(DRIVE X0x79 X0xe)
(DRIVE X0xe X0x3c)
(DRIVE X0x3c X0x74)
(DRIVE X0x74 X0x6)
(DRIVE X0x6 X0x31)
(DROPOFF TA_X0x34 X0x31)
(HOMESAFE TA_X0x34 X0x31)
(DRIVE X0x31 X0x6)
(DRIVE X0x6 X0x74)
(DRIVE X0x74 X0x3c)
(DRIVE X0x3c X0x89)
(DRIVE X0x89 X0x8)
(DRIVE X0x8 X0x11)
(DRIVE X0x11 X0xc6)
(DROPOFF TA_X0x6a X0xc6)
(HOMESAFE TA_X0x6a X0xc6)
(DRIVE X0xc6 X0x11)
(DRIVE X0x11 X0x8)
(DRIVE X0x8 X0x89)
(DRIVE X0x89 X0x3c)
(DRIVE X0x3c X0xe)
(DRIVE X0xe X0x79)
(DRIVE X0x79 X0x5)
(DRIVE X0x5 X0xa5)
(DRIVE X0xa5 X0x2f)
(DRIVE X0x2f X0xa3)
(DROPOFF TA_X0x4e X0xa3)
(HOMESAFE TA_X0x4e X0xa3)
(DRIVE X0xa3 X0x2f)
(DRIVE X0x2f X0xa5)
(DRIVE X0xa5 X0x5)
(DRIVE X0x5 X0x79)
(DRIVE X0x79 X0xe)
(DRIVE X0xe X0x3c)
(DRIVE X0x3c X0x89)
(DRIVE X0x89 X0x8)
(DRIVE X0x8 X0x11)
(DRIVE X0x11 X0x5f)
(DRIVE X0x5f X0xa4)
(DRIVE X0xa4 X0x7c)
(DRIVE X0x7c X0xb0)
(DROPOFF TA_X0x4d X0xb0)
(HOMESAFE TA_X0x4d X0xb0)
(DRIVE X0xb0 X0x7c)
(DRIVE X0x7c X0xa4)
(DRIVE X0xa4 X0x5f)
(DRIVE X0x5f X0x11)
(DRIVE X0x11 X0x8b)
(DROPOFF TA_X0x0 X0x8b)
(HOMESAFE TA_X0x0 X0x8b)
(DRIVE X0x8b X0x11)
(DRIVE X0x11 X0x8)
(DRIVE X0x8 X0x89)
(DRIVE X0x89 X0x3c)
(DRIVE X0x3c X0xe)
(DRIVE X0xe X0x63)
(DRIVE X0x63 X0x3a)
(DRIVE X0x3a X0x5c)
(DRIVE X0x5c X0xc0)
(DRIVE X0xc0 X0x2a)
(DROPOFF TA_X0xbd X0x2a)
(DRIVE X0x2a X0x19)
(WALK TA_X0xbd X0x2a X0xc0)
(WALK TA_X0xbd X0xc0 X0x5c)
(WALK TA_X0xbd X0x5c X0x85)
(WALK TA_X0xbd X0x85 X0x2)
(WALK TA_X0xbd X0x2 X0x61)
(WALK TA_X0xbd X0x61 X0x50)
(WALK TA_X0xbd X0x50 X0x33)
(WALK TA_X0xbd X0x33 X0x5a)
(WALK TA_X0xbd X0x5a X0x6b)
(HOMESAFE TA_X0xbd X0x6b)
(DRIVE X0x19 X0x8b)
(DRIVE X0x8b X0x11)
(DRIVE X0x11 X0x5f)
(DRIVE X0x5f X0xa4)
(DRIVE X0xa4 X0x87)
(DROPOFF TA_X0x6f X0x87)
(HOMESAFE TA_X0x6f X0x87)
(DRIVE X0x87 X0xa4)
(DRIVE X0xa4 X0x5f)
(DRIVE X0x5f X0x11)
(DRIVE X0x11 X0x8)
(DRIVE X0x8 X0x89)
(DRIVE X0x89 X0x3c)
(DRIVE X0x3c X0xe)
(DRIVE X0xe X0x79)
(DRIVE X0x79 X0x5)
(DRIVE X0x5 X0x9b)
(DRIVE X0x9b X0x1d)
(DRIVE X0x1d X0x2e)
(DRIVE X0x2e X0xb2)
(DROPOFF TA_X0x83 X0xb2)
(HOMESAFE TA_X0x83 X0xb2)
(DRIVE X0xb2 X0x2e)
(DRIVE X0x2e X0x1d)
(DRIVE X0x1d X0x9b)
(DRIVE X0x9b X0x5)
(DRIVE X0x5 X0x79)
(DRIVE X0x79 X0xe)
(DRIVE X0xe X0x63)
(DRIVE X0x63 X0x3a)
(DRIVE X0x3a X0x5c)
(DRIVE X0x5c X0xc0)
(DRIVE X0xc0 X0x2a)
(DROPOFF TA_X0x2d X0x2a)
(DRIVE X0x2a X0x19)
(WALK TA_X0x2d X0x2a X0xc0)
(WALK TA_X0x2d X0xc0 X0x5c)
(WALK TA_X0x2d X0x5c X0x85)
(WALK TA_X0x2d X0x85 X0x2)
(WALK TA_X0x2d X0x2 X0x61)
(WALK TA_X0x2d X0x61 X0x50)
(WALK TA_X0x2d X0x50 X0x33)
(WALK TA_X0x2d X0x33 X0x5a)
(HOMESAFE TA_X0x2d X0x5a)
(DRIVE X0x19 X0x8b)
(DRIVE X0x8b X0x11)
(DRIVE X0x11 X0x5f)
(DRIVE X0x5f X0xa4)
(DRIVE X0xa4 X0x3d)
(DRIVE X0x3d X0xba)
(DRIVE X0xba X0x91)
(DROPOFF TA_X0x5 X0x91)
(HOMESAFE TA_X0x5 X0x91)
(DRIVE X0x91 X0xba)
(DRIVE X0xba X0x3d)
(DRIVE X0x3d X0xa4)
(DRIVE X0xa4 X0x5f)
(DRIVE X0x5f X0x11)
(DRIVE X0x11 X0x8)
(DRIVE X0x8 X0x89)
(DRIVE X0x89 X0x3c)
(DRIVE X0x3c X0xe)
(DRIVE X0xe X0x63)
(DRIVE X0x63 X0x3a)
(DRIVE X0x3a X0x5c)
(DRIVE X0x5c X0xc0)
(DRIVE X0xc0 X0x2a)
(DROPOFF TA_X0xb2 X0x2a)
(DRIVE X0x2a X0x19)
(WALK TA_X0xb2 X0x2a X0xc0)
(WALK TA_X0xb2 X0xc0 X0x5c)
(WALK TA_X0xb2 X0x5c X0x85)
(WALK TA_X0xb2 X0x85 X0x2)
(WALK TA_X0xb2 X0x2 X0x61)
(WALK TA_X0xb2 X0x61 X0x50)
(WALK TA_X0xb2 X0x50 X0x33)
(WALK TA_X0xb2 X0x33 X0xa7)
(HOMESAFE TA_X0xb2 X0xa7)
(DRIVE X0x19 X0x8b)
(DRIVE X0x8b X0x11)
(DRIVE X0x11 X0x8)
(DRIVE X0x8 X0x89)
(DRIVE X0x89 X0x3c)
(DRIVE X0x3c X0xe)
(DRIVE X0xe X0x79)
(DRIVE X0x79 X0x5)
(DRIVE X0x5 X0x0)
(DRIVE X0x0 X0xa0)
(DROPOFF TA_X0xa3 X0xa0)
(HOMESAFE TA_X0xa3 X0xa0)
(DRIVE X0xa0 X0x0)
(DRIVE X0x0 X0x5)
(DRIVE X0x5 X0x79)
(DRIVE X0x79 X0xe)
(DRIVE X0xe X0x63)
(DRIVE X0x63 X0x3a)
(DRIVE X0x3a X0x5c)
(DRIVE X0x5c X0xc0)
(DRIVE X0xc0 X0x2a)
(DROPOFF TA_X0x2a X0x2a)
(DRIVE X0x2a X0x19)
(WALK TA_X0x2a X0x2a X0xc0)
(WALK TA_X0x2a X0xc0 X0x5c)
(WALK TA_X0x2a X0x5c X0x85)
(WALK TA_X0x2a X0x85 X0x2)
(WALK TA_X0x2a X0x2 X0x7e)
(WALK TA_X0x2a X0x7e X0x37)
(WALK TA_X0x2a X0x37 X0x4c)
(WALK TA_X0x2a X0x4c X0x18)
(WALK TA_X0x2a X0x18 X0xa1)
(HOMESAFE TA_X0x2a X0xa1)
(DRIVE X0x19 X0x8b)
(DRIVE X0x8b X0x11)
(DRIVE X0x11 X0x8)
(DRIVE X0x8 X0x89)
(DRIVE X0x89 X0x3c)
(DRIVE X0x3c X0xe)
(DRIVE X0xe X0x63)
(DRIVE X0x63 X0x3a)
(DRIVE X0x3a X0x5c)
(DRIVE X0x5c X0x17)
(DRIVE X0x17 X0x92)
(DRIVE X0x92 X0x9f)
(DROPOFF TA_X0x7 X0x9f)
(HOMESAFE TA_X0x7 X0x9f)
(DRIVE X0x9f X0x92)
(DRIVE X0x92 X0x17)
(DRIVE X0x17 X0x5c)
(DRIVE X0x5c X0x3a)
(DRIVE X0x3a X0x63)
(DRIVE X0x63 X0xe)
(DRIVE X0xe X0x79)
(DRIVE X0x79 X0x5)
(DRIVE X0x5 X0x9b)
(DRIVE X0x9b X0x1d)
(DRIVE X0x1d X0x2e)
(DRIVE X0x2e X0xb3)
(DRIVE X0xb3 X0x98)
(DROPOFF TA_X0xaa X0x98)
(HOMESAFE TA_X0xaa X0x98)
(DRIVE X0x98 X0xb3)
(DRIVE X0xb3 X0x2e)
(DRIVE X0x2e X0x1d)
(DRIVE X0x1d X0x9b)
(DRIVE X0x9b X0x5)
(DRIVE X0x5 X0x79)
(DRIVE X0x79 X0xe)
(DRIVE X0xe X0x63)
(DRIVE X0x63 X0x3a)
(DRIVE X0x3a X0x5c)
(DRIVE X0x5c X0xc0)
(DRIVE X0xc0 X0x2a)
(DROPOFF TA_X0x9b X0x2a)
(DRIVE X0x2a X0x19)
(WALK TA_X0x9b X0x2a X0xc0)
(WALK TA_X0x9b X0xc0 X0x5c)
(WALK TA_X0x9b X0x5c X0x17)
(WALK TA_X0x9b X0x17 X0x6e)
(WALK TA_X0x9b X0x6e X0x83)
(WALK TA_X0x9b X0x83 X0xa8)
(WALK TA_X0x9b X0xa8 X0x15)
(WALK TA_X0x9b X0x15 X0x9a)
(HOMESAFE TA_X0x9b X0x9a)
(DRIVE X0x19 X0x8b)
(DRIVE X0x8b X0x11)
(DRIVE X0x11 X0x8)
(DRIVE X0x8 X0x89)
(DRIVE X0x89 X0x3c)
(DRIVE X0x3c X0xe)
(DRIVE X0xe X0x79)
(DRIVE X0x79 X0x5)
(DRIVE X0x5 X0x9b)
(DRIVE X0x9b X0x1d)
(DRIVE X0x1d X0x2e)
(DRIVE X0x2e X0xb3)
(DRIVE X0xb3 X0xb4)
(DROPOFF TA_X0x45 X0xb4)
(HOMESAFE TA_X0x45 X0xb4)
(DRIVE X0xb4 X0xb3)
(DRIVE X0xb3 X0x2e)
(DRIVE X0x2e X0x1d)
(DRIVE X0x1d X0x9b)
(DRIVE X0x9b X0x5)
(DRIVE X0x5 X0x79)
(DRIVE X0x79 X0xe)
(DRIVE X0xe X0x3c)
(DRIVE X0x3c X0x89)
(DRIVE X0x89 X0x8)
(DRIVE X0x8 X0x11)
(DRIVE X0x11 X0x8b)
(DRIVE X0x8b X0x19)
(DRIVE X0x19 X0x2a)
(DROPOFF TA_X0xa7 X0x2a)
(DRIVE X0x2a X0x19)
(WALK TA_X0xa7 X0x2a X0xc0)
(WALK TA_X0xa7 X0xc0 X0x5c)
(WALK TA_X0xa7 X0x5c X0x17)
(WALK TA_X0xa7 X0x17 X0x6e)
(WALK TA_X0xa7 X0x6e X0x83)
(WALK TA_X0xa7 X0x83 X0xa8)
(WALK TA_X0xa7 X0xa8 X0x15)
(HOMESAFE TA_X0xa7 X0x15)
(DRIVE X0x19 X0x8b)
(DRIVE X0x8b X0x11)
(DRIVE X0x11 X0x5f)
(DRIVE X0x5f X0xa4)
(DRIVE X0xa4 X0x3d)
(DRIVE X0x3d X0xbf)
(DRIVE X0xbf X0x1f)
(DROPOFF TA_X0x9f X0x1f)
(HOMESAFE TA_X0x9f X0x1f)
(DRIVE X0x1f X0xbf)
(DRIVE X0xbf X0x3d)
(DRIVE X0x3d X0xa4)
(DRIVE X0xa4 X0x5f)
(DRIVE X0x5f X0x11)
(DRIVE X0x11 X0x8b)
(DRIVE X0x8b X0x19)
(DRIVE X0x19 X0x2a)
(DROPOFF TA_X0x77 X0x2a)
(DRIVE X0x2a X0x19)
(WALK TA_X0x77 X0x2a X0xc0)
(WALK TA_X0x77 X0xc0 X0x5c)
(WALK TA_X0x77 X0x5c X0x85)
(WALK TA_X0x77 X0x85 X0x2)
(WALK TA_X0x77 X0x2 X0x7e)
(WALK TA_X0x77 X0x7e X0x37)
(WALK TA_X0x77 X0x37 X0x4c)
(WALK TA_X0x77 X0x4c X0x18)
(HOMESAFE TA_X0x77 X0x18)
(DRIVE X0x19 X0x8b)
(DRIVE X0x8b X0x11)
(DRIVE X0x11 X0x8)
(DRIVE X0x8 X0x89)
(DRIVE X0x89 X0x3c)
(DRIVE X0x3c X0x74)
(DRIVE X0x74 X0x25)
(DRIVE X0x25 X0xf)
(DRIVE X0xf X0x6f)
(DROPOFF TA_X0x59 X0x6f)
(HOMESAFE TA_X0x59 X0x6f)
(DRIVE X0x6f X0xf)
(DRIVE X0xf X0x25)
(DRIVE X0x25 X0x74)
(DRIVE X0x74 X0x3c)
(DRIVE X0x3c X0x89)
(DRIVE X0x89 X0x8)
(DRIVE X0x8 X0x11)
(DRIVE X0x11 X0x8b)
(DRIVE X0x8b X0x19)
(DRIVE X0x19 X0x2a)
(DROPOFF TA_X0x46 X0x2a)
(DRIVE X0x2a X0x19)
(WALK TA_X0x46 X0x2a X0xc0)
(WALK TA_X0x46 X0xc0 X0x5c)
(WALK TA_X0x46 X0x5c X0x17)
(WALK TA_X0x46 X0x17 X0x81)
(WALK TA_X0x46 X0x81 X0x36)
(WALK TA_X0x46 X0x36 X0x8d)
(WALK TA_X0x46 X0x8d X0x3b)
(HOMESAFE TA_X0x46 X0x3b)
(DRIVE X0x19 X0x8b)
(DRIVE X0x8b X0x11)
(DRIVE X0x11 X0x5f)
(DRIVE X0x5f X0xa4)
(DRIVE X0xa4 X0x3d)
(DRIVE X0x3d X0xbf)
(DRIVE X0xbf X0xac)
(DROPOFF TA_X0x1f X0xac)
(HOMESAFE TA_X0x1f X0xac)
(DRIVE X0xac X0xbf)
(DRIVE X0xbf X0x3d)
(DRIVE X0x3d X0xa4)
(DRIVE X0xa4 X0x5f)
(DRIVE X0x5f X0x11)
(DRIVE X0x11 X0x8b)
(DRIVE X0x8b X0x19)
(DRIVE X0x19 X0x2a)
(DROPOFF TA_X0xbc X0x2a)
(DRIVE X0x2a X0x19)
(WALK TA_X0xbc X0x2a X0xc0)
(WALK TA_X0xbc X0xc0 X0x5c)
(WALK TA_X0xbc X0x5c X0x17)
(WALK TA_X0xbc X0x17 X0x6e)
(WALK TA_X0xbc X0x6e X0x83)
(WALK TA_X0xbc X0x83 X0xa8)
(HOMESAFE TA_X0xbc X0xa8)
(DRIVE X0x19 X0x8b)
(DRIVE X0x8b X0x11)
(DRIVE X0x11 X0x8)
(DRIVE X0x8 X0x89)
(DRIVE X0x89 X0x3c)
(DRIVE X0x3c X0x74)
(DRIVE X0x74 X0xbb)
(DRIVE X0xbb X0x7a)
(DRIVE X0x7a X0xb1)
(DRIVE X0xb1 X0xbe)
(DRIVE X0xbe X0x9)
(DROPOFF TA_X0xab X0x9)
(HOMESAFE TA_X0xab X0x9)
(DRIVE X0x9 X0xbe)
(DRIVE X0xbe X0xb1)
(DRIVE X0xb1 X0x7a)
(DRIVE X0x7a X0xbb)
(DRIVE X0xbb X0x74)
(DRIVE X0x74 X0x3c)
(DRIVE X0x3c X0xe)
(DRIVE X0xe X0x79)
(DRIVE X0x79 X0x5)
(DRIVE X0x5 X0x9b)
(DRIVE X0x9b X0x1d)
(DRIVE X0x1d X0x2e)
(DRIVE X0x2e X0xb3)
(DRIVE X0xb3 X0x98)
(DRIVE X0x98 X0xae)
(DROPOFF TA_X0x80 X0xae)
(HOMESAFE TA_X0x80 X0xae)
(DRIVE X0xae X0x98)
(DRIVE X0x98 X0xb3)
(DRIVE X0xb3 X0x2e)
(DRIVE X0x2e X0x1d)
(DRIVE X0x1d X0x9b)
(DRIVE X0x9b X0x5)
(DRIVE X0x5 X0x79)
(DRIVE X0x79 X0xe)
(DRIVE X0xe X0x3c)
(DRIVE X0x3c X0x89)
(DRIVE X0x89 X0x8)
(DRIVE X0x8 X0x11)
(DRIVE X0x11 X0x5f)
(DRIVE X0x5f X0xa4)
(DRIVE X0xa4 X0x3d)
(DRIVE X0x3d X0xbf)
(DRIVE X0xbf X0x1f)
(DRIVE X0x1f X0x1a)
(DROPOFF TA_X0x6b X0x1a)
(HOMESAFE TA_X0x6b X0x1a)
(DRIVE X0x1a X0x1f)
(DRIVE X0x1f X0xbf)
(DRIVE X0xbf X0x3d)
(DRIVE X0x3d X0xa4)
(DRIVE X0xa4 X0x5f)
(DRIVE X0x5f X0x11)
(DRIVE X0x11 X0x8b)
(DRIVE X0x8b X0x19)
(DRIVE X0x19 X0x2a)
(DROPOFF TA_X0x1b X0x2a)
(DRIVE X0x2a X0x19)
(WALK TA_X0x1b X0x2a X0xc0)
(WALK TA_X0x1b X0xc0 X0x5c)
(WALK TA_X0x1b X0x5c X0x85)
(WALK TA_X0x1b X0x85 X0x2)
(WALK TA_X0x1b X0x2 X0x61)
(WALK TA_X0x1b X0x61 X0x12)
(HOMESAFE TA_X0x1b X0x12)
(DRIVE X0x19 X0x8b)
(DRIVE X0x8b X0x11)
(DRIVE X0x11 X0x8)
(DRIVE X0x8 X0x89)
(DRIVE X0x89 X0x3c)
(DRIVE X0x3c X0xe)
(DRIVE X0xe X0x79)
(DRIVE X0x79 X0x5)
(DRIVE X0x5 X0x9b)
(DRIVE X0x9b X0x1d)
(DRIVE X0x1d X0x2e)
(DRIVE X0x2e X0xb3)
(DRIVE X0xb3 X0x98)
(DRIVE X0x98 X0xae)
(DRIVE X0xae X0xc2)
(DROPOFF TA_X0xa6 X0xc2)
(HOMESAFE TA_X0xa6 X0xc2)
(DRIVE X0xc2 X0xae)
(DRIVE X0xae X0x98)
(DRIVE X0x98 X0xb3)
(DRIVE X0xb3 X0x2e)
(DRIVE X0x2e X0x1d)
(DRIVE X0x1d X0x9b)
(DRIVE X0x9b X0x5)
(DRIVE X0x5 X0x79)
(DRIVE X0x79 X0xe)
(DRIVE X0xe X0x3c)
(DRIVE X0x3c X0x89)
(DRIVE X0x89 X0x8)
(DRIVE X0x8 X0x11)
(DRIVE X0x11 X0x5f)
(DRIVE X0x5f X0xa4)
(DRIVE X0xa4 X0x3d)
(DRIVE X0x3d X0xba)
(DRIVE X0xba X0x91)
(DRIVE X0x91 X0xc1)
(DRIVE X0xc1 X0xc3)
(DROPOFF TA_X0x7a X0xc3)
(HOMESAFE TA_X0x7a X0xc3)
(DRIVE X0xc3 X0xc1)
(DRIVE X0xc1 X0x91)
(DRIVE X0x91 X0xba)
(DRIVE X0xba X0x3d)
(DRIVE X0x3d X0xa4)
(DRIVE X0xa4 X0x5f)
(DRIVE X0x5f X0x11)
(DRIVE X0x11 X0x8b)
(DRIVE X0x8b X0x19)
(DRIVE X0x19 X0x2a)
(DROPOFF TA_X0x4 X0x2a)
(DRIVE X0x2a X0x19)
(WALK TA_X0x4 X0x2a X0xc0)
(WALK TA_X0x4 X0xc0 X0x5c)
(WALK TA_X0x4 X0x5c X0x85)
(WALK TA_X0x4 X0x85 X0x2)
(WALK TA_X0x4 X0x2 X0x61)
(WALK TA_X0x4 X0x61 X0x21)
(HOMESAFE TA_X0x4 X0x21)
(DRIVE X0x19 X0x8b)
(DRIVE X0x8b X0x11)
(DRIVE X0x11 X0x8)
(DRIVE X0x8 X0x89)
(DRIVE X0x89 X0x3c)
(DRIVE X0x3c X0xe)
(DRIVE X0xe X0x79)
(DRIVE X0x79 X0x5)
(DRIVE X0x5 X0x0)
(DRIVE X0x0 X0xa0)
(DRIVE X0xa0 X0x2c)
(DROPOFF TA_X0xb6 X0x2c)
(HOMESAFE TA_X0xb6 X0x2c)
(DRIVE X0x2c X0xa0)
(DRIVE X0xa0 X0x0)
(DRIVE X0x0 X0x5)
(DRIVE X0x5 X0x79)
(DRIVE X0x79 X0xe)
(DRIVE X0xe X0x3c)
(DRIVE X0x3c X0x89)
(DRIVE X0x89 X0x8)
(DRIVE X0x8 X0x11)
(DRIVE X0x11 X0x5f)
(DRIVE X0x5f X0xa4)
(DRIVE X0xa4 X0x3d)
(DRIVE X0x3d X0xbf)
(DRIVE X0xbf X0x48)
(DRIVE X0x48 X0x72)
(DRIVE X0x72 X0x1b)
(DROPOFF TA_X0x89 X0x1b)
(HOMESAFE TA_X0x89 X0x1b)
(DRIVE X0x1b X0x72)
(DRIVE X0x72 X0x48)
(DRIVE X0x48 X0xbf)
(DRIVE X0xbf X0x3d)
(DRIVE X0x3d X0xa4)
(DRIVE X0xa4 X0x5f)
(DRIVE X0x5f X0x11)
(DRIVE X0x11 X0x8b)
(DRIVE X0x8b X0x19)
(DRIVE X0x19 X0x2a)
(DROPOFF TA_X0xae X0x2a)
(DRIVE X0x2a X0x19)
(WALK TA_X0xae X0x2a X0xc0)
(WALK TA_X0xae X0xc0 X0x5c)
(WALK TA_X0xae X0x5c X0x85)
(WALK TA_X0xae X0x85 X0x2)
(WALK TA_X0xae X0x2 X0x61)
(HOMESAFE TA_X0xae X0x61)
(DRIVE X0x19 X0x8b)
(DRIVE X0x8b X0x11)
(DRIVE X0x11 X0x8)
(DRIVE X0x8 X0x89)
(DRIVE X0x89 X0x3c)
(DRIVE X0x3c X0xe)
(DRIVE X0xe X0x79)
(DRIVE X0x79 X0x5)
(DRIVE X0x5 X0x9b)
(DRIVE X0x9b X0x1d)
(DRIVE X0x1d X0x2e)
(DRIVE X0x2e X0xbd)
(DROPOFF TA_X0x53 X0xbd)
(HOMESAFE TA_X0x53 X0xbd)
(DRIVE X0xbd X0x2e)
(DRIVE X0x2e X0x1d)
(DRIVE X0x1d X0x9b)
(DRIVE X0x9b X0x5)
(DRIVE X0x5 X0x79)
(DRIVE X0x79 X0xe)
(DRIVE X0xe X0x3c)
(DRIVE X0x3c X0x89)
(DRIVE X0x89 X0x8)
(DRIVE X0x8 X0x11)
(DRIVE X0x11 X0x8b)
(DRIVE X0x8b X0x19)
(DRIVE X0x19 X0x2a)
(DROPOFF TA_X0x15 X0x2a)
(DRIVE X0x2a X0x19)
(WALK TA_X0x15 X0x2a X0xc0)
(WALK TA_X0x15 X0xc0 X0x5c)
(WALK TA_X0x15 X0x5c X0x17)
(WALK TA_X0x15 X0x17 X0x6e)
(WALK TA_X0x15 X0x6e X0x83)
(HOMESAFE TA_X0x15 X0x83)
(DRIVE X0x19 X0x8b)
(DRIVE X0x8b X0x11)
(DRIVE X0x11 X0x5f)
(DRIVE X0x5f X0xa4)
(DRIVE X0xa4 X0x3d)
(DRIVE X0x3d X0xbf)
(DRIVE X0xbf X0x48)
(DRIVE X0x48 X0x72)
(DRIVE X0x72 X0x1b)
(DRIVE X0x1b X0x6a)
(DROPOFF TA_X0x10 X0x6a)
(HOMESAFE TA_X0x10 X0x6a)
(DRIVE X0x6a X0x1b)
(DRIVE X0x1b X0x72)
(DRIVE X0x72 X0x48)
(DRIVE X0x48 X0xbf)
(DRIVE X0xbf X0x3d)
(DRIVE X0x3d X0xa4)
(DRIVE X0xa4 X0x5f)
(DRIVE X0x5f X0x11)
(DRIVE X0x11 X0x8)
(DRIVE X0x8 X0x89)
(DRIVE X0x89 X0x3c)
(DRIVE X0x3c X0xe)
(DRIVE X0xe X0x79)
(DRIVE X0x79 X0x5)
(DRIVE X0x5 X0x9b)
(DRIVE X0x9b X0x1d)
(DRIVE X0x1d X0x2e)
(DRIVE X0x2e X0xb3)
(DRIVE X0xb3 X0xb4)
(DRIVE X0xb4 X0x5e)
(DRIVE X0x5e X0x7b)
(DROPOFF TA_X0x1a X0x7b)
(HOMESAFE TA_X0x1a X0x7b)
(DRIVE X0x7b X0x5e)
(DRIVE X0x5e X0xb4)
(DRIVE X0xb4 X0xb3)
(DRIVE X0xb3 X0x2e)
(DRIVE X0x2e X0x1d)
(DRIVE X0x1d X0x9b)
(DRIVE X0x9b X0x5)
(DRIVE X0x5 X0x79)
(DRIVE X0x79 X0xe)
(DRIVE X0xe X0x3c)
(DRIVE X0x3c X0x89)
(DRIVE X0x89 X0x8)
(DRIVE X0x8 X0x11)
(DRIVE X0x11 X0x8b)
(DRIVE X0x8b X0x19)
(DRIVE X0x19 X0x2a)
(DROPOFF TA_X0x2c X0x2a)
(DRIVE X0x2a X0x19)
(WALK TA_X0x2c X0x2a X0xc0)
(WALK TA_X0x2c X0xc0 X0x5c)
(WALK TA_X0x2c X0x5c X0x17)
(WALK TA_X0x2c X0x17 X0x92)
(WALK TA_X0x2c X0x92 X0x99)
(WALK TA_X0x2c X0x99 X0x9e)
(HOMESAFE TA_X0x2c X0x9e)
(DRIVE X0x19 X0x8b)
(DRIVE X0x8b X0x11)
(DRIVE X0x11 X0x5f)
(DRIVE X0x5f X0xa4)
(DRIVE X0xa4 X0x3d)
(DRIVE X0x3d X0xba)
(DRIVE X0xba X0x91)
(DRIVE X0x91 X0xc1)
(DRIVE X0xc1 X0xc3)
(DRIVE X0xc3 X0x60)
(DROPOFF TA_X0x52 X0x60)
(HOMESAFE TA_X0x52 X0x60)
(DRIVE X0x60 X0xc3)
(DRIVE X0xc3 X0xc1)
(DRIVE X0xc1 X0x91)
(DRIVE X0x91 X0xba)
(DRIVE X0xba X0x3d)
(DRIVE X0x3d X0xa4)
(DRIVE X0xa4 X0x5f)
(DRIVE X0x5f X0x11)
(DRIVE X0x11 X0x8)
(DRIVE X0x8 X0x89)
(DRIVE X0x89 X0x3c)
(DRIVE X0x3c X0xe)
(DRIVE X0xe X0x79)
(DRIVE X0x79 X0x5)
(DRIVE X0x5 X0x9b)
(DRIVE X0x9b X0x1d)
(DRIVE X0x1d X0x2e)
(DRIVE X0x2e X0x32)
(DRIVE X0x32 X0x1c)
(DRIVE X0x1c X0x94)
(DRIVE X0x94 X0x29)
(DRIVE X0x29 X0xbc)
(DROPOFF TA_X0x70 X0xbc)
(HOMESAFE TA_X0x70 X0xbc)
(DRIVE X0xbc X0x29)
(DRIVE X0x29 X0x94)
(DRIVE X0x94 X0x1c)
(DRIVE X0x1c X0x32)
(DRIVE X0x32 X0x2e)
(DRIVE X0x2e X0x1d)
(DRIVE X0x1d X0x9b)
(DRIVE X0x9b X0x5)
(DRIVE X0x5 X0x79)
(DRIVE X0x79 X0xe)
(DRIVE X0xe X0x3c)
(DRIVE X0x3c X0x89)
(DRIVE X0x89 X0x8)
(DRIVE X0x8 X0x11)
(DRIVE X0x11 X0x8b)
(DRIVE X0x8b X0x19)
(DRIVE X0x19 X0x2a)
(DROPOFF TA_X0x12 X0x2a)
(DRIVE X0x2a X0x19)
(WALK TA_X0x12 X0x2a X0x1)
(HOMESAFE TA_X0x12 X0x1)
(DRIVE X0x19 X0x8b)
(DRIVE X0x8b X0x11)
(DRIVE X0x11 X0x5f)
(DRIVE X0x5f X0xa4)
(DRIVE X0xa4 X0x3d)
(DRIVE X0x3d X0xba)
(DRIVE X0xba X0x43)
(DRIVE X0x43 X0x68)
(DROPOFF TA_X0x60 X0x68)
(HOMESAFE TA_X0x60 X0x68)
(DRIVE X0x68 X0x43)
(DRIVE X0x43 X0xba)
(DRIVE X0xba X0x3d)
(DRIVE X0x3d X0xa4)
(DRIVE X0xa4 X0x5f)
(DRIVE X0x5f X0x11)
(DRIVE X0x11 X0x8)
(DRIVE X0x8 X0x89)
(DRIVE X0x89 X0x3c)
(DRIVE X0x3c X0x74)
(DRIVE X0x74 X0x6)
(DRIVE X0x6 X0x31)
(DRIVE X0x31 X0x77)
(DROPOFF TA_X0x85 X0x77)
(HOMESAFE TA_X0x85 X0x77)
(DRIVE X0x77 X0x31)
(DRIVE X0x31 X0x6)
(DRIVE X0x6 X0x74)
(DRIVE X0x74 X0x3c)
(DRIVE X0x3c X0x89)
(DRIVE X0x89 X0x8)
(DRIVE X0x8 X0x11)
(DRIVE X0x11 X0x5f)
(DRIVE X0x5f X0xa4)
(DRIVE X0xa4 X0x3d)
(DRIVE X0x3d X0xbf)
(DRIVE X0xbf X0x48)
(DRIVE X0x48 X0x72)
(DRIVE X0x72 X0x1b)
(DRIVE X0x1b X0x6a)
(DRIVE X0x6a X0x8c)
(DROPOFF TA_X0xbb X0x8c)
(HOMESAFE TA_X0xbb X0x8c)
(DRIVE X0x8c X0x6a)
(DRIVE X0x6a X0x1b)
(DRIVE X0x1b X0x72)
(DRIVE X0x72 X0x48)
(DRIVE X0x48 X0xbf)
(DRIVE X0xbf X0x3d)
(DRIVE X0x3d X0xa4)
(DRIVE X0xa4 X0x5f)
(DRIVE X0x5f X0x11)
(DRIVE X0x11 X0x8)
(DRIVE X0x8 X0x89)
(DRIVE X0x89 X0x3c)
(DRIVE X0x3c X0xe)
(DRIVE X0xe X0x79)
(DRIVE X0x79 X0x5)
(DRIVE X0x5 X0xa5)
(DRIVE X0xa5 X0x2f)
(DRIVE X0x2f X0xa3)
(DRIVE X0xa3 X0x52)
(DROPOFF TA_X0x74 X0x52)
(HOMESAFE TA_X0x74 X0x52)
(DRIVE X0x52 X0xa3)
(DRIVE X0xa3 X0x2f)
(DRIVE X0x2f X0xa5)
(DRIVE X0xa5 X0x5)
(DRIVE X0x5 X0x79)
(DRIVE X0x79 X0xe)
(DRIVE X0xe X0x3c)
(DRIVE X0x3c X0x74)
(DRIVE X0x74 X0xbb)
(DRIVE X0xbb X0x7a)
(DRIVE X0x7a X0xb1)
(DRIVE X0xb1 X0xbe)
(DRIVE X0xbe X0x9)
(DRIVE X0x9 X0x5d)
(DROPOFF TA_X0x5d X0x5d)
(HOMESAFE TA_X0x5d X0x5d)
(DRIVE X0x5d X0x9)
(DRIVE X0x9 X0xbe)
(DRIVE X0xbe X0xb1)
(DRIVE X0xb1 X0x7a)
(DRIVE X0x7a X0xbb)
(DRIVE X0xbb X0x74)
(DRIVE X0x74 X0x3c)
(DRIVE X0x3c X0x89)
(DRIVE X0x89 X0x8)
(DRIVE X0x8 X0x11)
(DRIVE X0x11 X0x5f)
(DRIVE X0x5f X0xa4)
(DRIVE X0xa4 X0x3d)
(DRIVE X0x3d X0xbf)
(DRIVE X0xbf X0x48)
(DRIVE X0x48 X0x72)
(DRIVE X0x72 X0x1b)
(DRIVE X0x1b X0x6a)
(DRIVE X0x6a X0x28)
(DROPOFF TA_X0x6d X0x28)
(HOMESAFE TA_X0x6d X0x28)
(DRIVE X0x28 X0x6a)
(DRIVE X0x6a X0x1b)
(DRIVE X0x1b X0x72)
(DRIVE X0x72 X0x48)
(DRIVE X0x48 X0xbf)
(DRIVE X0xbf X0x3d)
(DRIVE X0x3d X0xa4)
(DRIVE X0xa4 X0x5f)
(DRIVE X0x5f X0x11)
(DRIVE X0x11 X0x8b)
(DRIVE X0x8b X0x19)
(DRIVE X0x19 X0x2a)
(DROPOFF TA_X0xa1 X0x2a)
(DRIVE X0x2a X0x19)
(WALK TA_X0xa1 X0x2a X0xc0)
(WALK TA_X0xa1 X0xc0 X0x5c)
(WALK TA_X0xa1 X0x5c X0x17)
(WALK TA_X0xa1 X0x17 X0x81)
(HOMESAFE TA_X0xa1 X0x81)
(DRIVE X0x19 X0x8b)
(DRIVE X0x8b X0x11)
(DRIVE X0x11 X0x5f)
(DRIVE X0x5f X0xa4)
(DRIVE X0xa4 X0x3d)
(DRIVE X0x3d X0xba)
(DRIVE X0xba X0x91)
(DRIVE X0x91 X0xc1)
(DRIVE X0xc1 X0x34)
(DROPOFF TA_X0xa0 X0x34)
(HOMESAFE TA_X0xa0 X0x34)
(DRIVE X0x34 X0xc1)
(DRIVE X0xc1 X0x91)
(DRIVE X0x91 X0xba)
(DRIVE X0xba X0x3d)
(DRIVE X0x3d X0xa4)
(DRIVE X0xa4 X0x5f)
(DRIVE X0x5f X0x11)
(DRIVE X0x11 X0x8)
(DRIVE X0x8 X0x89)
(DRIVE X0x89 X0x3c)
(DRIVE X0x3c X0xe)
(DRIVE X0xe X0x79)
(DRIVE X0x79 X0x5)
(DRIVE X0x5 X0x0)
(DRIVE X0x0 X0xa0)
(DRIVE X0xa0 X0x70)
(DROPOFF TA_X0x9a X0x70)
(HOMESAFE TA_X0x9a X0x70)
(DRIVE X0x70 X0xa0)
(DRIVE X0xa0 X0x0)
(DRIVE X0x0 X0x5)
(DRIVE X0x5 X0x79)
(DRIVE X0x79 X0xe)
(DRIVE X0xe X0x63)
(DRIVE X0x63 X0x3a)
(DRIVE X0x3a X0x5c)
(DRIVE X0x5c X0xc0)
(DRIVE X0xc0 X0x2a)
(DROPOFF TA_X0xc6 X0x2a)
(DRIVE X0x2a X0x19)
(WALK TA_X0xc6 X0x2a X0xc0)
(WALK TA_X0xc6 X0xc0 X0x5c)
(WALK TA_X0xc6 X0x5c X0x85)
(HOMESAFE TA_X0xc6 X0x85)
(DRIVE X0x19 X0x8b)
(DRIVE X0x8b X0x11)
(DRIVE X0x11 X0x5f)
(DRIVE X0x5f X0xa4)
(DRIVE X0xa4 X0x3d)
(DRIVE X0x3d X0xba)
(DRIVE X0xba X0x43)
(DRIVE X0x43 X0x68)
(DRIVE X0x68 X0x56)
(DROPOFF TA_X0x5a X0x56)
(HOMESAFE TA_X0x5a X0x56)
(DRIVE X0x56 X0xb6)
(DRIVE X0xb6 X0x72)
(DRIVE X0x72 X0x48)
(DRIVE X0x48 X0xbf)
(DRIVE X0xbf X0x3d)
(DRIVE X0x3d X0xa4)
(DRIVE X0xa4 X0x5f)
(DRIVE X0x5f X0x11)
(DRIVE X0x11 X0x8)
(DRIVE X0x8 X0x89)
(DRIVE X0x89 X0x3c)
(DRIVE X0x3c X0xe)
(DRIVE X0xe X0x79)
(DRIVE X0x79 X0x5)
(DRIVE X0x5 X0x9b)
(DRIVE X0x9b X0x1d)
(DRIVE X0x1d X0x2e)
(DRIVE X0x2e X0x32)
(DRIVE X0x32 X0x1c)
(DRIVE X0x1c X0x94)
(DRIVE X0x94 X0x29)
(DRIVE X0x29 X0xbc)
(DRIVE X0xbc X0x7)
(DROPOFF TA_X0x3a X0x7)
(HOMESAFE TA_X0x3a X0x7)
(DRIVE X0x7 X0xbc)
(DRIVE X0xbc X0x29)
(DRIVE X0x29 X0x94)
(DRIVE X0x94 X0x1c)
(DRIVE X0x1c X0x32)
(DRIVE X0x32 X0x2e)
(DRIVE X0x2e X0x1d)
(DRIVE X0x1d X0x9b)
(DRIVE X0x9b X0x5)
(DRIVE X0x5 X0x79)
(DRIVE X0x79 X0xe)
(DRIVE X0xe X0x3c)
(DRIVE X0x3c X0x89)
(DRIVE X0x89 X0x8)
(DRIVE X0x8 X0x11)
(DRIVE X0x11 X0x5f)
(DRIVE X0x5f X0xa4)
(DRIVE X0xa4 X0x3d)
(DRIVE X0x3d X0xbf)
(DRIVE X0xbf X0x48)
(DRIVE X0x48 X0x72)
(DRIVE X0x72 X0xb6)
(DROPOFF TA_X0x87 X0xb6)
(HOMESAFE TA_X0x87 X0xb6)
(DRIVE X0xb6 X0x72)
(DRIVE X0x72 X0x48)
(DRIVE X0x48 X0xbf)
(DRIVE X0xbf X0x3d)
(DRIVE X0x3d X0xa4)
(DRIVE X0xa4 X0x5f)
(DRIVE X0x5f X0x11)
(DRIVE X0x11 X0x8)
(DRIVE X0x8 X0x89)
(DRIVE X0x89 X0x3c)
(DRIVE X0x3c X0x74)
(DRIVE X0x74 X0xbb)
(DRIVE X0xbb X0x7a)
(DRIVE X0x7a X0xb1)
(DRIVE X0xb1 X0xbe)
(DRIVE X0xbe X0x9)
(DRIVE X0x9 X0x5d)
(DRIVE X0x5d X0x4e)
(DROPOFF TA_X0x18 X0x4e)
(HOMESAFE TA_X0x18 X0x4e)
(DRIVE X0x4e X0x5d)
(DRIVE X0x5d X0x9)
(DRIVE X0x9 X0xbe)
(DRIVE X0xbe X0xb1)
(DRIVE X0xb1 X0x7a)
(DRIVE X0x7a X0xbb)
(DRIVE X0xbb X0x74)
(DRIVE X0x74 X0x3c)
(DRIVE X0x3c X0xe)
(DRIVE X0xe X0x79)
(DRIVE X0x79 X0x5)
(DRIVE X0x5 X0x9b)
(DRIVE X0x9b X0x1d)
(DRIVE X0x1d X0x2e)
(DRIVE X0x2e X0xb3)
(DRIVE X0xb3 X0x98)
(DRIVE X0x98 X0xae)
(DRIVE X0xae X0xc2)
(DRIVE X0xc2 X0x86)
(DROPOFF TA_X0xb4 X0x86)
(HOMESAFE TA_X0xb4 X0x86)
(DRIVE X0x86 X0xc2)
(DRIVE X0xc2 X0xae)
(DRIVE X0xae X0x98)
(DRIVE X0x98 X0xb3)
(DRIVE X0xb3 X0x2e)
(DRIVE X0x2e X0x1d)
(DRIVE X0x1d X0x9b)
(DRIVE X0x9b X0x5)
(DRIVE X0x5 X0x79)
(DRIVE X0x79 X0xe)
(DRIVE X0xe X0x3c)
(DRIVE X0x3c X0x89)
(DRIVE X0x89 X0x8)
(DRIVE X0x8 X0x11)
(DRIVE X0x11 X0x5f)
(DRIVE X0x5f X0xa4)
(DRIVE X0xa4 X0x3d)
(DRIVE X0x3d X0xba)
(DRIVE X0xba X0x91)
(DRIVE X0x91 X0xc1)
(DRIVE X0xc1 X0x96)
(DRIVE X0x96 X0xc7)
(DROPOFF TA_X0x86 X0xc7)
(HOMESAFE TA_X0x86 X0xc7)
(DRIVE X0xc7 X0x96)
(DRIVE X0x96 X0xc1)
(DRIVE X0xc1 X0x91)
(DRIVE X0x91 X0xba)
(DRIVE X0xba X0x3d)
(DRIVE X0x3d X0xa4)
(DRIVE X0xa4 X0x5f)
(DRIVE X0x5f X0x11)
(DRIVE X0x11 X0x8b)
(DRIVE X0x8b X0x19)
(DRIVE X0x19 X0x2a)
(DROPOFF TA_X0x79 X0x2a)
(DRIVE X0x2a X0x19)
(WALK TA_X0x79 X0x2a X0xc0)
(WALK TA_X0x79 X0xc0 X0x5c)
(WALK TA_X0x79 X0x5c X0x17)
(WALK TA_X0x79 X0x17 X0x92)
(WALK TA_X0x79 X0x92 X0x99)
(HOMESAFE TA_X0x79 X0x99)
(DRIVE X0x19 X0x8b)
(DRIVE X0x8b X0x11)
(DRIVE X0x11 X0x5f)
(DRIVE X0x5f X0xa4)
(DRIVE X0xa4 X0x3d)
(DRIVE X0x3d X0xbf)
(DRIVE X0xbf X0x48)
(DRIVE X0x48 X0x72)
(DRIVE X0x72 X0x1b)
(DRIVE X0x1b X0x6a)
(DRIVE X0x6a X0x28)
(DRIVE X0x28 X0xa6)
(DROPOFF TA_X0x78 X0xa6)
(HOMESAFE TA_X0x78 X0xa6)
(DRIVE X0xa6 X0x78)
(DROPOFF TA_X0x9c X0x78)
(HOMESAFE TA_X0x9c X0x78)
(DRIVE X0x78 X0x2a)
(DRIVE X0x2a X0xc0)
(DRIVE X0xc0 X0x5c)
(DRIVE X0x5c X0x3a)
(DRIVE X0x3a X0x63)
(DRIVE X0x63 X0xe)
(DRIVE X0xe X0x79)
(DRIVE X0x79 X0x5)
(DRIVE X0x5 X0x9b)
(DRIVE X0x9b X0x1d)
(DRIVE X0x1d X0x2e)
(DRIVE X0x2e X0xb3)
(DRIVE X0xb3 X0xb4)
(DRIVE X0xb4 X0x5e)
(DRIVE X0x5e X0x7b)
(DRIVE X0x7b X0x10)
(DROPOFF TA_X0xa4 X0x10)
(HOMESAFE TA_X0xa4 X0x10)
(DRIVE X0x10 X0x7b)
(DRIVE X0x7b X0x5e)
(DRIVE X0x5e X0xb4)
(DRIVE X0xb4 X0xb3)
(DRIVE X0xb3 X0x2e)
(DRIVE X0x2e X0x1d)
(DRIVE X0x1d X0x9b)
(DRIVE X0x9b X0x5)
(DRIVE X0x5 X0x79)
(DRIVE X0x79 X0xe)
(DRIVE X0xe X0x3c)
(DRIVE X0x3c X0x89)
(DRIVE X0x89 X0x8)
(DRIVE X0x8 X0x11)
(DRIVE X0x11 X0x5f)
(DRIVE X0x5f X0xa4)
(DRIVE X0xa4 X0x3d)
(DRIVE X0x3d X0xba)
(DRIVE X0xba X0x91)
(DRIVE X0x91 X0xc1)
(DRIVE X0xc1 X0xc3)
(DRIVE X0xc3 X0x66)
(DRIVE X0x66 X0x4)
(DROPOFF TA_X0xf X0x4)
(HOMESAFE TA_X0xf X0x4)
(DRIVE X0x4 X0x66)
(DRIVE X0x66 X0xc3)
(DRIVE X0xc3 X0xc1)
(DRIVE X0xc1 X0x91)
(DRIVE X0x91 X0xba)
(DRIVE X0xba X0x3d)
(DRIVE X0x3d X0xa4)
(DRIVE X0xa4 X0x5f)
(DRIVE X0x5f X0x11)
(DRIVE X0x11 X0x8b)
(DRIVE X0x8b X0x19)
(DRIVE X0x19 X0x2a)
(DROPOFF TA_X0x81 X0x2a)
(DRIVE X0x2a X0x19)
(HOMESAFE TA_X0x81 X0x2a)
(DRIVE X0x19 X0x8b)
(DRIVE X0x8b X0x11)
(DRIVE X0x11 X0x5f)
(DRIVE X0x5f X0xa4)
(DRIVE X0xa4 X0x3d)
(DRIVE X0x3d X0xbf)
(DRIVE X0xbf X0x48)
(DRIVE X0x48 X0x72)
(DRIVE X0x72 X0x1b)
(DRIVE X0x1b X0x6a)
(DRIVE X0x6a X0x82)
(DRIVE X0x82 X0xb9)
(DRIVE X0xb9 X0xb5)
(DROPOFF TA_X0xb5 X0xb5)
(HOMESAFE TA_X0xb5 X0xb5)
(DRIVE X0xb5 X0xb9)
(DRIVE X0xb9 X0x82)
(DRIVE X0x82 X0x6a)
(DRIVE X0x6a X0x1b)
(DRIVE X0x1b X0x72)
(DRIVE X0x72 X0x48)
(DRIVE X0x48 X0xbf)
(DRIVE X0xbf X0x3d)
(DRIVE X0x3d X0xa4)
(DRIVE X0xa4 X0x5f)
(DRIVE X0x5f X0x11)
(DRIVE X0x11 X0x8b)
(DRIVE X0x8b X0x19)
(DRIVE X0x19 X0x2b)
(DROPOFF TA_X0xc7 X0x2b)
(DRIVE X0x2b X0x19)
(WALK TA_X0xc7 X0x2b X0xc)
(WALK TA_X0xc7 X0xc X0xbe)
(WALK TA_X0xc7 X0xbe X0x9)
(WALK TA_X0xc7 X0x9 X0x5d)
(WALK TA_X0xc7 X0x5d X0x13)
(WALK TA_X0xc7 X0x13 X0x80)
(HOMESAFE TA_X0xc7 X0x80)
(DRIVE X0x19 X0x8b)
(DRIVE X0x8b X0x11)
(DRIVE X0x11 X0x8)
(DRIVE X0x8 X0x89)
(DRIVE X0x89 X0x3c)
(DRIVE X0x3c X0xe)
(DRIVE X0xe X0x79)
(DRIVE X0x79 X0x5)
(DRIVE X0x5 X0x0)
(DRIVE X0x0 X0xa0)
(DRIVE X0xa0 X0x2c)
(DRIVE X0x2c X0x5b)
(DRIVE X0x5b X0x53)
(DROPOFF TA_X0x11 X0x53)
(HOMESAFE TA_X0x11 X0x53)
(DRIVE X0x53 X0x5b)
(DRIVE X0x5b X0x2c)
(DRIVE X0x2c X0xa0)
(DRIVE X0xa0 X0x0)
(DRIVE X0x0 X0x5)
(DRIVE X0x5 X0x79)
(DRIVE X0x79 X0xe)
(DRIVE X0xe X0x3c)
(DRIVE X0x3c X0x89)
(DRIVE X0x89 X0x8)
(DRIVE X0x8 X0x11)
(DRIVE X0x11 X0x5f)
(DRIVE X0x5f X0xa4)
(DRIVE X0xa4 X0x3d)
(DRIVE X0x3d X0xbf)
(DRIVE X0xbf X0x48)
(DRIVE X0x48 X0x72)
(DRIVE X0x72 X0xb6)
(DRIVE X0xb6 X0xab)
(DROPOFF TA_X0x14 X0xab)
(HOMESAFE TA_X0x14 X0xab)
(DRIVE X0xab X0xb6)
(DRIVE X0xb6 X0x72)
(DRIVE X0x72 X0x48)
(DRIVE X0x48 X0xbf)
(DRIVE X0xbf X0x3d)
(DRIVE X0x3d X0xa4)
(DRIVE X0xa4 X0x5f)
(DRIVE X0x5f X0x11)
(DRIVE X0x11 X0x8b)
(DRIVE X0x8b X0x19)
(DRIVE X0x19 X0x2b)
(DROPOFF TA_X0x98 X0x2b)
(DRIVE X0x2b X0x19)
(HOMESAFE TA_X0x98 X0x2b)
(DRIVE X0x19 X0x8b)
(DRIVE X0x8b X0x11)
(DRIVE X0x11 X0x5f)
(DRIVE X0x5f X0xa4)
(DRIVE X0xa4 X0x3d)
(DRIVE X0x3d X0xba)
(DRIVE X0xba X0x91)
(DRIVE X0x91 X0xc1)
(DRIVE X0xc1 X0x96)
(DRIVE X0x96 X0xc7)
(DRIVE X0xc7 X0x44)
(DRIVE X0x44 X0x9c)
(DROPOFF TA_X0x68 X0x9c)
(HOMESAFE TA_X0x68 X0x9c)
(DRIVE X0x9c X0x44)
(DRIVE X0x44 X0xc7)
(DRIVE X0xc7 X0x96)
(DRIVE X0x96 X0xc1)
(DRIVE X0xc1 X0x91)
(DRIVE X0x91 X0xba)
(DRIVE X0xba X0x3d)
(DRIVE X0x3d X0xa4)
(DRIVE X0xa4 X0x5f)
(DRIVE X0x5f X0x11)
(DRIVE X0x11 X0x8b)
(DRIVE X0x8b X0x19)
(DRIVE X0x19 X0xc4)
(DROPOFF TA_X0x2b X0xc4)
(DRIVE X0xc4 X0x19)
(WALK TA_X0x2b X0xc4 X0x10)
(WALK TA_X0x2b X0x10 X0x7b)
(WALK TA_X0x2b X0x7b X0x5e)
(WALK TA_X0x2b X0x5e X0xb4)
(WALK TA_X0x2b X0xb4 X0xb3)
(WALK TA_X0x2b X0xb3 X0x98)
(WALK TA_X0x2b X0x98 X0xae)
(WALK TA_X0x2b X0xae X0xc2)
(WALK TA_X0x2b X0xc2 X0x86)
(WALK TA_X0x2b X0x86 X0x40)
(WALK TA_X0x2b X0x40 X0x14)
(HOMESAFE TA_X0x2b X0x14)
(DRIVE X0x19 X0x8b)
(DRIVE X0x8b X0x11)
(DRIVE X0x11 X0x5f)
(DRIVE X0x5f X0xa4)
(DRIVE X0xa4 X0x3d)
(DRIVE X0x3d X0xbf)
(DRIVE X0xbf X0x48)
(DRIVE X0x48 X0x72)
(DRIVE X0x72 X0x1b)
(DRIVE X0x1b X0x6a)
(DRIVE X0x6a X0x82)
(DRIVE X0x82 X0xb9)
(DRIVE X0xb9 X0xb5)
(DRIVE X0xb5 X0x46)
(DROPOFF TA_X0x61 X0x46)
(HOMESAFE TA_X0x61 X0x46)
(DRIVE X0x46 X0xb5)
(DRIVE X0xb5 X0xb9)
(DRIVE X0xb9 X0x82)
(DRIVE X0x82 X0x6a)
(DRIVE X0x6a X0x1b)
(DRIVE X0x1b X0x72)
(DRIVE X0x72 X0x48)
(DRIVE X0x48 X0xbf)
(DRIVE X0xbf X0x3d)
(DRIVE X0x3d X0xa4)
(DRIVE X0xa4 X0x5f)
(DRIVE X0x5f X0x11)
(DRIVE X0x11 X0x8b)
(DRIVE X0x8b X0x19)
(DRIVE X0x19 X0xc4)
(DROPOFF TA_X0x8c X0xc4)
(DRIVE X0xc4 X0x19)
(HOMESAFE TA_X0x8c X0xc4)
