(DRIVE X7FWNmYu1sEzp7YpjhNM0 XLEf0huj6HzVDaAZAnsYH)
(DROPOFF TA_X6uYVEZNStGwGBaOTSZJ3 XLEf0huj6HzVDaAZAnsYH)
(HOMESAFE TA_X6uyveznstgwgbaotszj3 XlEf0huj6HzVDaAZAnsYH)
(DRIVE XLEf0huj6HzVDaAZAnsYH XgoJftIzc5FBlw9j9PMfL)
(DROPOFF TA_XpPWJrH430fABR0NcoPKV XgoJftIzc5FBlw9j9PMfL)
(DRIVE XgoJftIzc5FBlw9j9PMfL X7FWNmYu1sEzp7YpjhNM0)
(WALK TA_XpPWJrH430fABR0NcoPKV XgoJftIzc5FBlw9j9PMfL X1foAom0YUla8ad6rygWf)
(HOMESAFE TA_Xppwjrh430fabr0ncopkv X1foAom0YUla8ad6rygWf)
(DRIVE X7FWNmYu1sEzp7YpjhNM0 XAzIG5crlJuxKgwAi8EiY)
(DROPOFF TA_X6uJmr1C0tkMcbasOZ8YR XAzIG5crlJuxKgwAi8EiY)
(HOMESAFE TA_X6ujmr1c0tkmcbasoz8yr XazIG5crlJuxKgwAi8EiY)
(DRIVE XAzIG5crlJuxKgwAi8EiY XgoJftIzc5FBlw9j9PMfL)
(DROPOFF TA_XgoJftIzc5FBlw9j9PMfL XgoJftIzc5FBlw9j9PMfL)
(DRIVE XgoJftIzc5FBlw9j9PMfL X7FWNmYu1sEzp7YpjhNM0)
(WALK TA_XgoJftIzc5FBlw9j9PMfL XgoJftIzc5FBlw9j9PMfL XB46pe0ii1rn1dcGCmje6)
(HOMESAFE TA_Xgojftizc5fblw9j9pmfl Xb46pe0ii1rn1dcGCmje6)
(DRIVE X7FWNmYu1sEzp7YpjhNM0 XgoJftIzc5FBlw9j9PMfL)
(DROPOFF TA_XIcKzxr7CcACAPE40T0L0 XgoJftIzc5FBlw9j9PMfL)
(DRIVE XgoJftIzc5FBlw9j9PMfL X7FWNmYu1sEzp7YpjhNM0)
(WALK TA_XIcKzxr7CcACAPE40T0L0 XgoJftIzc5FBlw9j9PMfL XpPWJrH430fABR0NcoPKV)
(HOMESAFE TA_XIckzxr7ccacape40t0l0 XpPWJrH430fABR0NcoPKV)
(DRIVE X7FWNmYu1sEzp7YpjhNM0 XkgMLDXb5R3ORIfTilNFP)
(DROPOFF TA_XHp324dioHwKLfiZ19twT XkgMLDXb5R3ORIfTilNFP)
(HOMESAFE TA_XHp324diohwklfiz19twt XkgMLDXb5R3ORIfTilNFP)
(DRIVE XkgMLDXb5R3ORIfTilNFP XgoJftIzc5FBlw9j9PMfL)
(DROPOFF TA_XA9DFzQyemv4Vrp2lXMgz XgoJftIzc5FBlw9j9PMfL)
(DRIVE XgoJftIzc5FBlw9j9PMfL X7FWNmYu1sEzp7YpjhNM0)
(WALK TA_XA9DFzQyemv4Vrp2lXMgz XgoJftIzc5FBlw9j9PMfL XscUa5QdkUC7khfk1TYEx)
(HOMESAFE TA_XA9DFzqyemv4vrp2lxmgz XscUa5QdkUC7khfk1TYEx)
(DRIVE X7FWNmYu1sEzp7YpjhNM0 XHp324dioHwKLfiZ19twT)
(DROPOFF TA_XRIFDgOYLizqUpmzvNX0Y XHp324dioHwKLfiZ19twT)
(DRIVE XHp324dioHwKLfiZ19twT X7FWNmYu1sEzp7YpjhNM0)
(HOMESAFE TA_XRIFDgoylizqupmzvnx0y Xhp324dioHwKLfiZ19twT)
(DRIVE X7FWNmYu1sEzp7YpjhNM0 XgoJftIzc5FBlw9j9PMfL)
(DROPOFF TA_XnAg8OEdqlYhSIX9nv2SQ XgoJftIzc5FBlw9j9PMfL)
(DRIVE XgoJftIzc5FBlw9j9PMfL X7FWNmYu1sEzp7YpjhNM0)
(WALK TA_XnAg8OEdqlYhSIX9nv2SQ XgoJftIzc5FBlw9j9PMfL XZPdVSQmUt7J8A3Rehp7D)
(HOMESAFE TA_Xnag8oedqlyhsix9nv2sq XzPdVSQmUt7J8A3Rehp7D)
(DRIVE X7FWNmYu1sEzp7YpjhNM0 X5yzYewNOjD4D1V8ZP8q1)
(DROPOFF TA_XZPdVSQmUt7J8A3Rehp7D X5yzYewNOjD4D1V8ZP8q1)
(HOMESAFE TA_XZPdvsqmut7j8a3rehp7d X5yzYewNOjD4D1V8ZP8q1)
(DRIVE X5yzYewNOjD4D1V8ZP8q1 Xg2g8WLVxe9HOQYy10Bok)
(DROPOFF TA_XkgMLDXb5R3ORIfTilNFP Xg2g8WLVxe9HOQYy10Bok)
(DRIVE Xg2g8WLVxe9HOQYy10Bok X7FWNmYu1sEzp7YpjhNM0)
(HOMESAFE TA_Xkgmldxb5r3oriftilnfp Xg2g8WLVxe9HOQYy10Bok)
(DRIVE X7FWNmYu1sEzp7YpjhNM0 XgoJftIzc5FBlw9j9PMfL)
(DROPOFF TA_X1foAom0YUla8ad6rygWf XgoJftIzc5FBlw9j9PMfL)
(DRIVE XgoJftIzc5FBlw9j9PMfL X7FWNmYu1sEzp7YpjhNM0)
(HOMESAFE TA_X1foaom0yula8ad6rygwf XgoJftIzc5FBlw9j9PMfL)
(DRIVE X7FWNmYu1sEzp7YpjhNM0 XW2denTwXnWz4qrXL3aFw)
(DROPOFF TA_X9l9bqgsSEgsSkszLK4O4 XW2denTwXnWz4qrXL3aFw)
(DRIVE XW2denTwXnWz4qrXL3aFw X7FWNmYu1sEzp7YpjhNM0)
(HOMESAFE TA_X9l9bqgssegsskszlk4o4 Xw2denTwXnWz4qrXL3aFw)
(DRIVE X7FWNmYu1sEzp7YpjhNM0 XCdlE2FMHtE23wbpleKPr)
(DROPOFF TA_XqUHIoJ8btUij9h8nDU8R XCdlE2FMHtE23wbpleKPr)
(DRIVE XCdlE2FMHtE23wbpleKPr X9l9bqgsSEgsSkszLK4O4)
(DROPOFF TA_XscUa5QdkUC7khfk1TYEx X9l9bqgsSEgsSkszLK4O4)
(DRIVE X9l9bqgsSEgsSkszLK4O4 X7FWNmYu1sEzp7YpjhNM0)
(HOMESAFE TA_Xscua5qdkuc7khfk1tyex X9l9bqgsSEgsSkszLK4O4)
(WALK TA_XqUHIoJ8btUij9h8nDU8R XCdlE2FMHtE23wbpleKPr XqUHIoJ8btUij9h8nDU8R)
(DRIVE X7FWNmYu1sEzp7YpjhNM0 XIcKzxr7CcACAPE40T0L0)
(DROPOFF TA_XCdlE2FMHtE23wbpleKPr XIcKzxr7CcACAPE40T0L0)
(HOMESAFE TA_XCdle2fmhte23wbplekpr XicKzxr7CcACAPE40T0L0)
(DRIVE XIcKzxr7CcACAPE40T0L0 XRIFDgOYLizqUpmzvNX0Y)
(DROPOFF TA_XlDAnOMVYOYXzMCtINEX8 XRIFDgOYLizqUpmzvNX0Y)
(HOMESAFE TA_Xldanomvyoyxzmctinex8 XrIFDgOYLizqUpmzvNX0Y)
(DRIVE XRIFDgOYLizqUpmzvNX0Y X6uJmr1C0tkMcbasOZ8YR)
(DROPOFF TA_X5yzYewNOjD4D1V8ZP8q1 X6uJmr1C0tkMcbasOZ8YR)
(DRIVE X6uJmr1C0tkMcbasOZ8YR X7FWNmYu1sEzp7YpjhNM0)
(HOMESAFE TA_X5yzyewnojd4d1v8zp8q1 X6uJmr1C0tkMcbasOZ8YR)
(DRIVE X7FWNmYu1sEzp7YpjhNM0 XA9DFzQyemv4Vrp2lXMgz)
(DROPOFF TA_XPyIlH9YicODghA6KwJUV XA9DFzQyemv4Vrp2lXMgz)
(DRIVE XA9DFzQyemv4Vrp2lXMgz X7FWNmYu1sEzp7YpjhNM0)
(HOMESAFE TA_XPyilh9yicodgha6kwjuv Xa9DFzQyemv4Vrp2lXMgz)
(DRIVE X7FWNmYu1sEzp7YpjhNM0 XnAg8OEdqlYhSIX9nv2SQ)
(DROPOFF TA_XW2denTwXnWz4qrXL3aFw XnAg8OEdqlYhSIX9nv2SQ)
(HOMESAFE TA_XW2dentwxnwz4qrxl3afw XnAg8OEdqlYhSIX9nv2SQ)
(DRIVE XnAg8OEdqlYhSIX9nv2SQ XuKBUiyynqpfTFP93OJ0w)
(DROPOFF TA_XB46pe0ii1rn1dcGCmje6 XuKBUiyynqpfTFP93OJ0w)
(DRIVE XuKBUiyynqpfTFP93OJ0w X7FWNmYu1sEzp7YpjhNM0)
(HOMESAFE TA_XB46pe0ii1rn1dcgcmje6 XuKBUiyynqpfTFP93OJ0w)
(HOMESAFE TA_Xquhioj8btuij9h8ndu8r XqUHIoJ8btUij9h8nDU8R)
(DRIVE X7FWNmYu1sEzp7YpjhNM0 XCdlE2FMHtE23wbpleKPr)
(DROPOFF TA_Xg2g8WLVxe9HOQYy10Bok XCdlE2FMHtE23wbpleKPr)
(HOMESAFE TA_Xg2g8wlvxe9hoqyy10bok XcdlE2FMHtE23wbpleKPr)
(DRIVE XCdlE2FMHtE23wbpleKPr XPyIlH9YicODghA6KwJUV)
(DROPOFF TA_XuKBUiyynqpfTFP93OJ0w XPyIlH9YicODghA6KwJUV)
(HOMESAFE TA_Xukbuiyynqpftfp93oj0w XpyIlH9YicODghA6KwJUV)
(DRIVE XPyIlH9YicODghA6KwJUV XlDAnOMVYOYXzMCtINEX8)
(DROPOFF TA_XLEf0huj6HzVDaAZAnsYH XlDAnOMVYOYXzMCtINEX8)
(HOMESAFE TA_XLEf0huj6hzvdaazansyh XlDAnOMVYOYXzMCtINEX8)
(DRIVE XlDAnOMVYOYXzMCtINEX8 X6uYVEZNStGwGBaOTSZJ3)
(DROPOFF TA_XAzIG5crlJuxKgwAi8EiY X6uYVEZNStGwGBaOTSZJ3)
(DRIVE X6uYVEZNStGwGBaOTSZJ3 X7FWNmYu1sEzp7YpjhNM0)
(HOMESAFE TA_XAzig5crljuxkgwai8eiy X6uYVEZNStGwGBaOTSZJ3)
