(DROPOFF TA_Xnnf Xzcf)
(HOMESAFE TA_Xnnf Xzcf)
(DRIVE Xzcf Xqpe)
(DROPOFF TA_Xqpe Xqpe)
(HOMESAFE TA_Xqpe Xqpe)
(DRIVE Xqpe Xzcf)
(DRIVE Xzcf Xpsl)
(DRIVE Xpsl Xjsh)
(DROPOFF TA_Xoam Xjsh)
(HOMESAFE TA_Xoam Xjsh)
(DRIVE Xjsh Xwij)
(DROPOFF TA_Xaea Xwij)
(HOMESAFE TA_Xaea Xwij)
(DRIVE Xwij Xoam)
(DROPOFF TA_Xrwk Xoam)
(DRIVE Xoam Xzcf)
(WALK TA_Xrwk Xoam Xrwk)
(WALK TA_Xrwk Xrwk Xszm)
(WALK TA_Xrwk Xszm Xvya)
(HOMESAFE TA_Xrwk Xvya)
(DRIVE Xzcf Xoam)
(DROPOFF TA_Xmcw Xoam)
(DRIVE Xoam Xzcf)
(WALK TA_Xmcw Xoam Xumf)
(HOMESAFE TA_Xmcw Xumf)
(DRIVE Xzcf Xqpe)
(DRIVE Xqpe Xmhz)
(DRIVE Xmhz Xvac)
(DROPOFF TA_Xvya Xvac)
(HOMESAFE TA_Xvya Xvac)
(DRIVE Xvac Xtyl)
(DRIVE Xtyl Xoam)
(DROPOFF TA_Xvac Xoam)
(DRIVE Xoam Xzcf)
(WALK TA_Xvac Xoam Xrwk)
(WALK TA_Xvac Xrwk Xszm)
(HOMESAFE TA_Xvac Xszm)
(DRIVE Xzcf Xoam)
(DROPOFF TA_Xyix Xoam)
(DRIVE Xoam Xzcf)
(HOMESAFE TA_Xyix Xoam)
(DRIVE Xzcf Xkis)
(DRIVE Xkis Xtxd)
(DROPOFF TA_Xszm Xtxd)
(HOMESAFE TA_Xszm Xtxd)
(DRIVE Xtxd Xobv)
(DRIVE Xobv Xtyl)
(DROPOFF TA_Xwrz Xtyl)
(DRIVE Xtyl Xzcf)
(HOMESAFE TA_Xwrz Xtyl)
(DRIVE Xzcf Xrwk)
(DROPOFF TA_Xwfa Xrwk)
(DRIVE Xrwk Xzcf)
(HOMESAFE TA_Xwfa Xrwk)
(DRIVE Xzcf Xqpe)
(DRIVE Xqpe Xlfo)
(DROPOFF TA_Xidl Xlfo)
(HOMESAFE TA_Xidl Xlfo)
(DRIVE Xlfo Xtxd)
(DRIVE Xtxd Xidl)
(DROPOFF TA_Xtxd Xidl)
(HOMESAFE TA_Xtxd Xidl)
(DRIVE Xidl Xwrz)
(DROPOFF TA_Xrks Xwrz)
(HOMESAFE TA_Xrks Xwrz)
(DRIVE Xwrz Xrks)
(DROPOFF TA_Xhcu Xrks)
(DRIVE Xrks Xzcf)
(HOMESAFE TA_Xhcu Xrks)
(DRIVE Xzcf Xupz)
(DROPOFF TA_Xumf Xupz)
(DRIVE Xupz Xzcf)
(WALK TA_Xumf Xupz Xrwk)
(WALK TA_Xumf Xrwk Xhcu)
(HOMESAFE TA_Xumf Xhcu)
(DRIVE Xzcf Xnnf)
(DROPOFF TA_Xtyl Xnnf)
(DRIVE Xnnf Xzcf)
(HOMESAFE TA_Xtyl Xnnf)
(DRIVE Xzcf Xupz)
(DROPOFF TA_Xwij Xupz)
(DRIVE Xupz Xzcf)
(HOMESAFE TA_Xwij Xupz)
(DRIVE Xzcf Xyix)
(DROPOFF TA_Xrga Xyix)
(DRIVE Xyix Xzcf)
(HOMESAFE TA_Xrga Xyix)
(DRIVE Xzcf Xrga)
(DROPOFF TA_Xlfo Xrga)
(DRIVE Xrga Xzcf)
(HOMESAFE TA_Xlfo Xrga)
(DRIVE Xzcf Xwfa)
(DROPOFF TA_Xjsh Xwfa)
(DRIVE Xwfa Xzcf)
(HOMESAFE TA_Xjsh Xwfa)
(DRIVE Xzcf Xqpe)
(DRIVE Xqpe Xvch)
(DROPOFF TA_Xupz Xvch)
(HOMESAFE TA_Xupz Xvch)
(DRIVE Xvch Xorc)
(DRIVE Xorc Xmcw)
(DROPOFF TA_Xzcf Xmcw)
(HOMESAFE TA_Xzcf Xmcw)
(DRIVE Xmcw Xaea)
(DROPOFF TA_Xvch Xaea)
(DRIVE Xaea Xzcf)
(HOMESAFE TA_Xvch Xaea)
