(DRIVE XhPu8gSdqC1fZEkInO0q9 XxTg7smxupTP0EfFF0Jhg)
(DRIVE XxTg7smxupTP0EfFF0Jhg XC698hj2Bus2KRUFa53xW)
(DROPOFF TA_Xw0gPzUohZhepExNzozjo XC698hj2Bus2KRUFa53xW)
(HOMESAFE TA_Xw0gpzuohzhepexnzozjo Xc698hj2Bus2KRUFa53xW)
(DRIVE XC698hj2Bus2KRUFa53xW XxTg7smxupTP0EfFF0Jhg)
(DRIVE XxTg7smxupTP0EfFF0Jhg XHGIhnJcMMSfxvA7ItBsn)
(DRIVE XHGIhnJcMMSfxvA7ItBsn XWfKhq9dfinuqIEpTEKsZ)
(DROPOFF TA_XoTF4cgCIBAQLOH76IKhg XWfKhq9dfinuqIEpTEKsZ)
(HOMESAFE TA_Xotf4cgcibaqloh76ikhg XwfKhq9dfinuqIEpTEKsZ)
(DRIVE XWfKhq9dfinuqIEpTEKsZ XHGIhnJcMMSfxvA7ItBsn)
(DRIVE XHGIhnJcMMSfxvA7ItBsn Xhbf4nZBaM0GBpPNJW5JM)
(DROPOFF TA_Xf274IEB34TajoliS0F2L Xhbf4nZBaM0GBpPNJW5JM)
(HOMESAFE TA_Xf274ieb34tajolis0f2l Xhbf4nZBaM0GBpPNJW5JM)
(DRIVE Xhbf4nZBaM0GBpPNJW5JM XHGIhnJcMMSfxvA7ItBsn)
(DRIVE XHGIhnJcMMSfxvA7ItBsn XPdmDDQrmmNXkYuo3lKOz)
(DROPOFF TA_XC698hj2Bus2KRUFa53xW XPdmDDQrmmNXkYuo3lKOz)
(HOMESAFE TA_XC698hj2bus2krufa53xw XpdmDDQrmmNXkYuo3lKOz)
(DRIVE XPdmDDQrmmNXkYuo3lKOz XHGIhnJcMMSfxvA7ItBsn)
(DRIVE XHGIhnJcMMSfxvA7ItBsn XENxmswyrKFmx6kenE2Ot)
(DRIVE XENxmswyrKFmx6kenE2Ot Xw0gPzUohZhepExNzozjo)
(DROPOFF TA_XCt9vpuIosiwapRlvtuLv Xw0gPzUohZhepExNzozjo)
(HOMESAFE TA_XCt9vpuiosiwaprlvtulv Xw0gPzUohZhepExNzozjo)
(DRIVE Xw0gPzUohZhepExNzozjo XENxmswyrKFmx6kenE2Ot)
(DRIVE XENxmswyrKFmx6kenE2Ot XoTF4cgCIBAQLOH76IKhg)
(DROPOFF TA_XtmqnroGeRzvHSd9X0nsq XoTF4cgCIBAQLOH76IKhg)
(HOMESAFE TA_Xtmqnrogerzvhsd9x0nsq XoTF4cgCIBAQLOH76IKhg)
(DRIVE XoTF4cgCIBAQLOH76IKhg XENxmswyrKFmx6kenE2Ot)
(DRIVE XENxmswyrKFmx6kenE2Ot Xf274IEB34TajoliS0F2L)
(DROPOFF TA_XIvZlJGmCbDfI5jQjCLV2 Xf274IEB34TajoliS0F2L)
(HOMESAFE TA_XIvzljgmcbdfi5jqjclv2 Xf274IEB34TajoliS0F2L)
(DRIVE Xf274IEB34TajoliS0F2L XENxmswyrKFmx6kenE2Ot)
(DRIVE XENxmswyrKFmx6kenE2Ot XxTg7smxupTP0EfFF0Jhg)
(DRIVE XxTg7smxupTP0EfFF0Jhg XtmqnroGeRzvHSd9X0nsq)
(DROPOFF TA_XstfatR7FM6aPEWFnZzW2 XtmqnroGeRzvHSd9X0nsq)
(HOMESAFE TA_Xstfatr7fm6apewfnzzw2 XtmqnroGeRzvHSd9X0nsq)
(DRIVE XtmqnroGeRzvHSd9X0nsq XxTg7smxupTP0EfFF0Jhg)
(DRIVE XxTg7smxupTP0EfFF0Jhg Xzf2EL3gQqScQND52xgkE)
(DRIVE Xzf2EL3gQqScQND52xgkE XpfAddEEZq7DCnrgaqBKJ)
(DROPOFF TA_XR9OX2txDl9RaCUmzXW22 XpfAddEEZq7DCnrgaqBKJ)
(HOMESAFE TA_XR9OX2txdl9racumzxw22 XpfAddEEZq7DCnrgaqBKJ)
(DRIVE XpfAddEEZq7DCnrgaqBKJ Xzf2EL3gQqScQND52xgkE)
(DRIVE Xzf2EL3gQqScQND52xgkE X2RPq429Qqqpk0YfzM7uQ)
(DROPOFF TA_XWfKhq9dfinuqIEpTEKsZ X2RPq429Qqqpk0YfzM7uQ)
(HOMESAFE TA_XWfkhq9dfinuqiepteksz X2RPq429Qqqpk0YfzM7uQ)
(DRIVE X2RPq429Qqqpk0YfzM7uQ Xzf2EL3gQqScQND52xgkE)
(DRIVE Xzf2EL3gQqScQND52xgkE X47OyaOtNkNMU4RwoZNXy)
(DROPOFF TA_Xhbf4nZBaM0GBpPNJW5JM X47OyaOtNkNMU4RwoZNXy)
(HOMESAFE TA_Xhbf4nzbam0gbppnjw5jm X47OyaOtNkNMU4RwoZNXy)
(DRIVE X47OyaOtNkNMU4RwoZNXy Xzf2EL3gQqScQND52xgkE)
(DRIVE Xzf2EL3gQqScQND52xgkE X7l3db2hmRfxA3KMyMHn1)
(DRIVE X7l3db2hmRfxA3KMyMHn1 XR9OX2txDl9RaCUmzXW22)
(DROPOFF TA_XPdmDDQrmmNXkYuo3lKOz XR9OX2txDl9RaCUmzXW22)
(DRIVE XR9OX2txDl9RaCUmzXW22 X7l3db2hmRfxA3KMyMHn1)
(HOMESAFE TA_XPdmddqrmmnxkyuo3lkoz Xr9OX2txDl9RaCUmzXW22)
(DRIVE X7l3db2hmRfxA3KMyMHn1 XstfatR7FM6aPEWFnZzW2)
(DROPOFF TA_XFoU0FrxN3lCEjhqRp6qT XstfatR7FM6aPEWFnZzW2)
(DRIVE XstfatR7FM6aPEWFnZzW2 X7l3db2hmRfxA3KMyMHn1)
(DRIVE X7l3db2hmRfxA3KMyMHn1 XIvZlJGmCbDfI5jQjCLV2)
(DROPOFF TA_XiY64BD0STRTt9gG7s3kA XIvZlJGmCbDfI5jQjCLV2)
(DRIVE XIvZlJGmCbDfI5jQjCLV2 X7l3db2hmRfxA3KMyMHn1)
(DRIVE X7l3db2hmRfxA3KMyMHn1 Xipp1BrlTIal0l1wf04Um)
(HOMESAFE TA_Xiy64bd0strtt9gg7s3ka XivZlJGmCbDfI5jQjCLV2)
(DRIVE Xipp1BrlTIal0l1wf04Um XhTiyKKyMtq8yoZF0F5lw)
(DROPOFF TA_XhTiyKKyMtq8yoZF0F5lw XhTiyKKyMtq8yoZF0F5lw)
(DRIVE XhTiyKKyMtq8yoZF0F5lw Xipp1BrlTIal0l1wf04Um)
(HOMESAFE TA_XFou0frxn3lcejhqrp6qt XstfatR7FM6aPEWFnZzW2)
(HOMESAFE TA_Xhtiykkymtq8yozf0f5lw XhTiyKKyMtq8yoZF0F5lw)
(DRIVE Xipp1BrlTIal0l1wf04Um XFoU0FrxN3lCEjhqRp6qT)
(DROPOFF TA_X47OyaOtNkNMU4RwoZNXy XFoU0FrxN3lCEjhqRp6qT)
(DRIVE XFoU0FrxN3lCEjhqRp6qT Xipp1BrlTIal0l1wf04Um)
(HOMESAFE TA_X47Oyaotnknmu4rwoznxy XfoU0FrxN3lCEjhqRp6qT)
(DRIVE Xipp1BrlTIal0l1wf04Um XiY64BD0STRTt9gG7s3kA)
(DROPOFF TA_X2RPq429Qqqpk0YfzM7uQ XiY64BD0STRTt9gG7s3kA)
(DRIVE XiY64BD0STRTt9gG7s3kA Xipp1BrlTIal0l1wf04Um)
(DRIVE Xipp1BrlTIal0l1wf04Um XxTg7smxupTP0EfFF0Jhg)
(HOMESAFE TA_X2RPq429qqqpk0yfzm7uq XiY64BD0STRTt9gG7s3kA)
(DRIVE XxTg7smxupTP0EfFF0Jhg XCt9vpuIosiwapRlvtuLv)
(DROPOFF TA_XpfAddEEZq7DCnrgaqBKJ XCt9vpuIosiwapRlvtuLv)
(DRIVE XCt9vpuIosiwapRlvtuLv XxTg7smxupTP0EfFF0Jhg)
(DRIVE XxTg7smxupTP0EfFF0Jhg XhPu8gSdqC1fZEkInO0q9)
(HOMESAFE TA_Xpfaddeezq7dcnrgaqbkj Xct9vpuIosiwapRlvtuLv)
