(DROPOFF TA_XPrzulPuk0tqiNKmdjp0X XzMnoKpsz12d1Y6CixoCL)
(WALK TA_XPrzulPuk0tqiNKmdjp0X XzMnoKpsz12d1Y6CixoCL XWErCaTW8MMgw3ZAta1gT)
(WALK TA_XPrzulPuk0tqiNKmdjp0X XWErCaTW8MMgw3ZAta1gT XPVcbdr9b4cXQbbu8InjK)
(WALK TA_XPrzulPuk0tqiNKmdjp0X XPVcbdr9b4cXQbbu8InjK XQHym2s92VJ8ycxMeFawz)
(WALK TA_XPrzulPuk0tqiNKmdjp0X XQHym2s92VJ8ycxMeFawz XQFT8yfDPa0xDNdRMchX3)
(HOMESAFE TA_XPrzulpuk0tqinkmdjp0x XqFT8yfDPa0xDNdRMchX3)
(DROPOFF TA_Xnfdt04yvrwrpPVPzIy2c XzMnoKpsz12d1Y6CixoCL)
(WALK TA_Xnfdt04yvrwrpPVPzIy2c XzMnoKpsz12d1Y6CixoCL XvPVOeWczn8eJlf3Gviol)
(WALK TA_Xnfdt04yvrwrpPVPzIy2c XvPVOeWczn8eJlf3Gviol XBKvWsgveG3lQHgeNBv62)
(WALK TA_Xnfdt04yvrwrpPVPzIy2c XBKvWsgveG3lQHgeNBv62 XhzqXRQPGO5tnMpQYDdxn)
(WALK TA_Xnfdt04yvrwrpPVPzIy2c XhzqXRQPGO5tnMpQYDdxn X8s4ukhLgGBoor0D87KUr)
(HOMESAFE TA_Xnfdt04yvrwrppvpziy2c X8s4ukhLgGBoor0D87KUr)
(DROPOFF TA_XY2BEa9hp0T63SlTWXenG XzMnoKpsz12d1Y6CixoCL)
(WALK TA_XY2BEa9hp0T63SlTWXenG XzMnoKpsz12d1Y6CixoCL XvPVOeWczn8eJlf3Gviol)
(WALK TA_XY2BEa9hp0T63SlTWXenG XvPVOeWczn8eJlf3Gviol X73GclC6XOTCjqTwHSUFH)
(WALK TA_XY2BEa9hp0T63SlTWXenG X73GclC6XOTCjqTwHSUFH Xg6l3PryZJRSAXJGUyq22)
(WALK TA_XY2BEa9hp0T63SlTWXenG Xg6l3PryZJRSAXJGUyq22 X2DqN6NYyebkVczAnrbNI)
(HOMESAFE TA_XY2BEa9hp0t63sltwxeng X2DqN6NYyebkVczAnrbNI)
(DROPOFF TA_XNieXnWTTyXxCRp5CSl0i XzMnoKpsz12d1Y6CixoCL)
(WALK TA_XNieXnWTTyXxCRp5CSl0i XzMnoKpsz12d1Y6CixoCL XvPVOeWczn8eJlf3Gviol)
(WALK TA_XNieXnWTTyXxCRp5CSl0i XvPVOeWczn8eJlf3Gviol XLBRpsuMfPp9LEzGTlw5t)
(WALK TA_XNieXnWTTyXxCRp5CSl0i XLBRpsuMfPp9LEzGTlw5t XBVbv363irLjfCXrWQjqn)
(WALK TA_XNieXnWTTyXxCRp5CSl0i XBVbv363irLjfCXrWQjqn X34ScKN0pHkNmnxdkoIOC)
(HOMESAFE TA_XNiexnwttyxxcrp5csl0i X34ScKN0pHkNmnxdkoIOC)
(DROPOFF TA_XT7hLF9jTtc4htoAH0PWD XzMnoKpsz12d1Y6CixoCL)
(WALK TA_XT7hLF9jTtc4htoAH0PWD XzMnoKpsz12d1Y6CixoCL XvPVOeWczn8eJlf3Gviol)
(WALK TA_XT7hLF9jTtc4htoAH0PWD XvPVOeWczn8eJlf3Gviol XLBRpsuMfPp9LEzGTlw5t)
(WALK TA_XT7hLF9jTtc4htoAH0PWD XLBRpsuMfPp9LEzGTlw5t XhH5yU5IgxmmStVnXEBJ1)
(WALK TA_XT7hLF9jTtc4htoAH0PWD XhH5yU5IgxmmStVnXEBJ1 X3mTCmcCkVhhFn533BM03)
(HOMESAFE TA_XT7hlf9jttc4htoah0pwd X3mTCmcCkVhhFn533BM03)
(DROPOFF TA_XFHGlzd4VlMUVjTba9Qjm XzMnoKpsz12d1Y6CixoCL)
(WALK TA_XFHGlzd4VlMUVjTba9Qjm XzMnoKpsz12d1Y6CixoCL XvPVOeWczn8eJlf3Gviol)
(WALK TA_XFHGlzd4VlMUVjTba9Qjm XvPVOeWczn8eJlf3Gviol XLBRpsuMfPp9LEzGTlw5t)
(WALK TA_XFHGlzd4VlMUVjTba9Qjm XLBRpsuMfPp9LEzGTlw5t XBVbv363irLjfCXrWQjqn)
(WALK TA_XFHGlzd4VlMUVjTba9Qjm XBVbv363irLjfCXrWQjqn XMDHuBmBbeFOGqzpuNmVz)
(HOMESAFE TA_XFHGlzd4vlmuvjtba9qjm XmDHuBmBbeFOGqzpuNmVz)
(DROPOFF TA_XpkPHvGrHHriGlmiL3mRW XzMnoKpsz12d1Y6CixoCL)
(WALK TA_XpkPHvGrHHriGlmiL3mRW XzMnoKpsz12d1Y6CixoCL XvPVOeWczn8eJlf3Gviol)
(WALK TA_XpkPHvGrHHriGlmiL3mRW XvPVOeWczn8eJlf3Gviol X73GclC6XOTCjqTwHSUFH)
(WALK TA_XpkPHvGrHHriGlmiL3mRW X73GclC6XOTCjqTwHSUFH XJOo21iuZtHvP9sSModQZ)
(WALK TA_XpkPHvGrHHriGlmiL3mRW XJOo21iuZtHvP9sSModQZ XQmCq2RCVgnssPOgSwAr8)
(HOMESAFE TA_Xpkphvgrhhriglmil3mrw XqmCq2RCVgnssPOgSwAr8)
(DROPOFF TA_XZvocIzADG7dBR58wmnu8 XzMnoKpsz12d1Y6CixoCL)
(WALK TA_XZvocIzADG7dBR58wmnu8 XzMnoKpsz12d1Y6CixoCL XWErCaTW8MMgw3ZAta1gT)
(WALK TA_XZvocIzADG7dBR58wmnu8 XWErCaTW8MMgw3ZAta1gT XEFVi1RMWM28DYYdOxVze)
(WALK TA_XZvocIzADG7dBR58wmnu8 XEFVi1RMWM28DYYdOxVze XFwLnZPETaUkrkp7dE0hH)
(WALK TA_XZvocIzADG7dBR58wmnu8 XFwLnZPETaUkrkp7dE0hH XKBGTLYOWLSviflcWwd9y)
(HOMESAFE TA_XZvocizadg7dbr58wmnu8 XkBGTLYOWLSviflcWwd9y)
(DROPOFF TA_X34ScKN0pHkNmnxdkoIOC XzMnoKpsz12d1Y6CixoCL)
(WALK TA_X34ScKN0pHkNmnxdkoIOC XzMnoKpsz12d1Y6CixoCL XvPVOeWczn8eJlf3Gviol)
(WALK TA_X34ScKN0pHkNmnxdkoIOC XvPVOeWczn8eJlf3Gviol XBKvWsgveG3lQHgeNBv62)
(WALK TA_X34ScKN0pHkNmnxdkoIOC XBKvWsgveG3lQHgeNBv62 XhzqXRQPGO5tnMpQYDdxn)
(WALK TA_X34ScKN0pHkNmnxdkoIOC XhzqXRQPGO5tnMpQYDdxn XXKYNaFpYuIx7Zx7vNANa)
(HOMESAFE TA_X34Sckn0phknmnxdkoioc XxKYNaFpYuIx7Zx7vNANa)
(DROPOFF TA_XFDT7h4JKMRWa9fcDNmXs XzMnoKpsz12d1Y6CixoCL)
(WALK TA_XFDT7h4JKMRWa9fcDNmXs XzMnoKpsz12d1Y6CixoCL XhdXOmxRAbu0HN40emwgb)
(WALK TA_XFDT7h4JKMRWa9fcDNmXs XhdXOmxRAbu0HN40emwgb XLdDKuyalK5FXEd1h8XJt)
(WALK TA_XFDT7h4JKMRWa9fcDNmXs XLdDKuyalK5FXEd1h8XJt XOcyqfDTyG7wfT1rvpitz)
(WALK TA_XFDT7h4JKMRWa9fcDNmXs XOcyqfDTyG7wfT1rvpitz XsNJuS4R6b6KAUX5QI4md)
(HOMESAFE TA_XFDT7h4jkmrwa9fcdnmxs XsNJuS4R6b6KAUX5QI4md)
(DROPOFF TA_XTzlCRBgA0Q2cCjETm7Vx XzMnoKpsz12d1Y6CixoCL)
(WALK TA_XTzlCRBgA0Q2cCjETm7Vx XzMnoKpsz12d1Y6CixoCL XhdXOmxRAbu0HN40emwgb)
(WALK TA_XTzlCRBgA0Q2cCjETm7Vx XhdXOmxRAbu0HN40emwgb XdgvhUwh5BJRBJnc00LMu)
(WALK TA_XTzlCRBgA0Q2cCjETm7Vx XdgvhUwh5BJRBJnc00LMu X50qWynRev5CSErzk8Yih)
(WALK TA_XTzlCRBgA0Q2cCjETm7Vx X50qWynRev5CSErzk8Yih XVkpfkc0JUDpakJkZipKD)
(HOMESAFE TA_XTzlcrbga0q2ccjetm7vx Xvkpfkc0JUDpakJkZipKD)
(DROPOFF TA_XRyx97mzVLWHytqmLAKlJ XzMnoKpsz12d1Y6CixoCL)
(WALK TA_XRyx97mzVLWHytqmLAKlJ XzMnoKpsz12d1Y6CixoCL XhdXOmxRAbu0HN40emwgb)
(WALK TA_XRyx97mzVLWHytqmLAKlJ XhdXOmxRAbu0HN40emwgb XdgvhUwh5BJRBJnc00LMu)
(WALK TA_XRyx97mzVLWHytqmLAKlJ XdgvhUwh5BJRBJnc00LMu X50qWynRev5CSErzk8Yih)
(WALK TA_XRyx97mzVLWHytqmLAKlJ X50qWynRev5CSErzk8Yih X3fQHkf8pseCy7Ys4Kez5)
(HOMESAFE TA_XRyx97mzvlwhytqmlaklj X3fQHkf8pseCy7Ys4Kez5)
(DROPOFF TA_XYIAlamFOfZeHd5qDll32 XzMnoKpsz12d1Y6CixoCL)
(WALK TA_XYIAlamFOfZeHd5qDll32 XzMnoKpsz12d1Y6CixoCL XvPVOeWczn8eJlf3Gviol)
(WALK TA_XYIAlamFOfZeHd5qDll32 XvPVOeWczn8eJlf3Gviol XBKvWsgveG3lQHgeNBv62)
(WALK TA_XYIAlamFOfZeHd5qDll32 XBKvWsgveG3lQHgeNBv62 XhzqXRQPGO5tnMpQYDdxn)
(WALK TA_XYIAlamFOfZeHd5qDll32 XhzqXRQPGO5tnMpQYDdxn XbclRgmmOqfg3PHQz06qB)
(HOMESAFE TA_XYIAlamfofzehd5qdll32 XbclRgmmOqfg3PHQz06qB)
(DROPOFF TA_XOMLAPgVr1RosMrpENk9K XzMnoKpsz12d1Y6CixoCL)
(WALK TA_XOMLAPgVr1RosMrpENk9K XzMnoKpsz12d1Y6CixoCL XWErCaTW8MMgw3ZAta1gT)
(WALK TA_XOMLAPgVr1RosMrpENk9K XWErCaTW8MMgw3ZAta1gT XPVcbdr9b4cXQbbu8InjK)
(WALK TA_XOMLAPgVr1RosMrpENk9K XPVcbdr9b4cXQbbu8InjK XIcoYVabhkC8yNYJgy44V)
(WALK TA_XOMLAPgVr1RosMrpENk9K XIcoYVabhkC8yNYJgy44V XGaG5DAqLVuTD09GfUl6l)
(HOMESAFE TA_XOMLAPgvr1rosmrpenk9k XgaG5DAqLVuTD09GfUl6l)
(DROPOFF TA_X9q9h29089dBsNERnjXsd XzMnoKpsz12d1Y6CixoCL)
(WALK TA_X9q9h29089dBsNERnjXsd XzMnoKpsz12d1Y6CixoCL XWErCaTW8MMgw3ZAta1gT)
(WALK TA_X9q9h29089dBsNERnjXsd XWErCaTW8MMgw3ZAta1gT XPVcbdr9b4cXQbbu8InjK)
(WALK TA_X9q9h29089dBsNERnjXsd XPVcbdr9b4cXQbbu8InjK XQHym2s92VJ8ycxMeFawz)
(WALK TA_X9q9h29089dBsNERnjXsd XQHym2s92VJ8ycxMeFawz XpkPHvGrHHriGlmiL3mRW)
(HOMESAFE TA_X9q9h29089dbsnernjxsd XpkPHvGrHHriGlmiL3mRW)
(DROPOFF TA_XFqxzURcIHYyg2FOpiXCN XzMnoKpsz12d1Y6CixoCL)
(WALK TA_XFqxzURcIHYyg2FOpiXCN XzMnoKpsz12d1Y6CixoCL XvPVOeWczn8eJlf3Gviol)
(WALK TA_XFqxzURcIHYyg2FOpiXCN XvPVOeWczn8eJlf3Gviol XBKvWsgveG3lQHgeNBv62)
(WALK TA_XFqxzURcIHYyg2FOpiXCN XBKvWsgveG3lQHgeNBv62 XybqDdUoaPknlNwzZFeto)
(WALK TA_XFqxzURcIHYyg2FOpiXCN XybqDdUoaPknlNwzZFeto XWELPo1XEQnG4JejlB13A)
(HOMESAFE TA_XFqxzurcihyyg2fopixcn XwELPo1XEQnG4JejlB13A)
(DROPOFF TA_XC3qGKxHtliSTI7oOnHoB XzMnoKpsz12d1Y6CixoCL)
(WALK TA_XC3qGKxHtliSTI7oOnHoB XzMnoKpsz12d1Y6CixoCL XWErCaTW8MMgw3ZAta1gT)
(WALK TA_XC3qGKxHtliSTI7oOnHoB XWErCaTW8MMgw3ZAta1gT XtXtX3vcLWOYDJBh3QgZt)
(WALK TA_XC3qGKxHtliSTI7oOnHoB XtXtX3vcLWOYDJBh3QgZt X1Tm2BSSz9mj8o3m9o0TB)
(WALK TA_XC3qGKxHtliSTI7oOnHoB X1Tm2BSSz9mj8o3m9o0TB X5VNO6t8qAcR3d5jJgfi4)
(HOMESAFE TA_XC3qgkxhtlisti7oonhob X5VNO6t8qAcR3d5jJgfi4)
(DROPOFF TA_XQTgsp1BfPDsixeeH6QUT XzMnoKpsz12d1Y6CixoCL)
(WALK TA_XQTgsp1BfPDsixeeH6QUT XzMnoKpsz12d1Y6CixoCL XvPVOeWczn8eJlf3Gviol)
(WALK TA_XQTgsp1BfPDsixeeH6QUT XvPVOeWczn8eJlf3Gviol XLBRpsuMfPp9LEzGTlw5t)
(WALK TA_XQTgsp1BfPDsixeeH6QUT XLBRpsuMfPp9LEzGTlw5t XB56U06r3nz3RZaXVmiK2)
(WALK TA_XQTgsp1BfPDsixeeH6QUT XB56U06r3nz3RZaXVmiK2 XxBNbU9Yu51mQvClxjQdr)
(HOMESAFE TA_XQTgsp1bfpdsixeeh6qut XxBNbU9Yu51mQvClxjQdr)
(DROPOFF TA_X3fQHkf8pseCy7Ys4Kez5 XzMnoKpsz12d1Y6CixoCL)
(WALK TA_X3fQHkf8pseCy7Ys4Kez5 XzMnoKpsz12d1Y6CixoCL XhdXOmxRAbu0HN40emwgb)
(WALK TA_X3fQHkf8pseCy7Ys4Kez5 XhdXOmxRAbu0HN40emwgb XdgvhUwh5BJRBJnc00LMu)
(WALK TA_X3fQHkf8pseCy7Ys4Kez5 XdgvhUwh5BJRBJnc00LMu XWCUwzDEkBlRrgSeSv9vv)
(WALK TA_X3fQHkf8pseCy7Ys4Kez5 XWCUwzDEkBlRrgSeSv9vv Xofmz95sRAyIS0ShQndvb)
(HOMESAFE TA_X3fqhkf8psecy7ys4kez5 Xofmz95sRAyIS0ShQndvb)
(DROPOFF TA_Xofmz95sRAyIS0ShQndvb XzMnoKpsz12d1Y6CixoCL)
(WALK TA_Xofmz95sRAyIS0ShQndvb XzMnoKpsz12d1Y6CixoCL XhdXOmxRAbu0HN40emwgb)
(WALK TA_Xofmz95sRAyIS0ShQndvb XhdXOmxRAbu0HN40emwgb XLdDKuyalK5FXEd1h8XJt)
(WALK TA_Xofmz95sRAyIS0ShQndvb XLdDKuyalK5FXEd1h8XJt XYqOJXOtRcgzFFRGKRutM)
(WALK TA_Xofmz95sRAyIS0ShQndvb XYqOJXOtRcgzFFRGKRutM XHAc1Ylu9mrUmnheKISnK)
(HOMESAFE TA_Xofmz95srayis0shqndvb XhAc1Ylu9mrUmnheKISnK)
(DROPOFF TA_XmUERvxQcAO2XlgBTPRGA XzMnoKpsz12d1Y6CixoCL)
(WALK TA_XmUERvxQcAO2XlgBTPRGA XzMnoKpsz12d1Y6CixoCL XhdXOmxRAbu0HN40emwgb)
(WALK TA_XmUERvxQcAO2XlgBTPRGA XhdXOmxRAbu0HN40emwgb XRLriJ3z2V3NV2Vo1oURR)
(WALK TA_XmUERvxQcAO2XlgBTPRGA XRLriJ3z2V3NV2Vo1oURR XGhNWfyijkz8OKJbptIGO)
(WALK TA_XmUERvxQcAO2XlgBTPRGA XGhNWfyijkz8OKJbptIGO Xlcq8BXTLE4WDnj4JF3yo)
(HOMESAFE TA_Xmuervxqcao2xlgbtprga Xlcq8BXTLE4WDnj4JF3yo)
(DROPOFF TA_XxBNbU9Yu51mQvClxjQdr XzMnoKpsz12d1Y6CixoCL)
(WALK TA_XxBNbU9Yu51mQvClxjQdr XzMnoKpsz12d1Y6CixoCL XhdXOmxRAbu0HN40emwgb)
(WALK TA_XxBNbU9Yu51mQvClxjQdr XhdXOmxRAbu0HN40emwgb XRLriJ3z2V3NV2Vo1oURR)
(WALK TA_XxBNbU9Yu51mQvClxjQdr XRLriJ3z2V3NV2Vo1oURR XdakEfF8eF1B4IYsSGGLe)
(WALK TA_XxBNbU9Yu51mQvClxjQdr XdakEfF8eF1B4IYsSGGLe XYIAlamFOfZeHd5qDll32)
(HOMESAFE TA_Xxbnbu9yu51mqvclxjqdr XyIAlamFOfZeHd5qDll32)
(DROPOFF TA_XJzMVZjOikutQZg00S8wX XzMnoKpsz12d1Y6CixoCL)
(WALK TA_XJzMVZjOikutQZg00S8wX XzMnoKpsz12d1Y6CixoCL XvPVOeWczn8eJlf3Gviol)
(WALK TA_XJzMVZjOikutQZg00S8wX XvPVOeWczn8eJlf3Gviol XLBRpsuMfPp9LEzGTlw5t)
(WALK TA_XJzMVZjOikutQZg00S8wX XLBRpsuMfPp9LEzGTlw5t XhH5yU5IgxmmStVnXEBJ1)
(WALK TA_XJzMVZjOikutQZg00S8wX XhH5yU5IgxmmStVnXEBJ1 XY2BEa9hp0T63SlTWXenG)
(HOMESAFE TA_XJzmvzjoikutqzg00s8wx Xy2BEa9hp0T63SlTWXenG)
(DROPOFF TA_XMDHuBmBbeFOGqzpuNmVz XzMnoKpsz12d1Y6CixoCL)
(WALK TA_XMDHuBmBbeFOGqzpuNmVz XzMnoKpsz12d1Y6CixoCL XWErCaTW8MMgw3ZAta1gT)
(WALK TA_XMDHuBmBbeFOGqzpuNmVz XWErCaTW8MMgw3ZAta1gT XEFVi1RMWM28DYYdOxVze)
(WALK TA_XMDHuBmBbeFOGqzpuNmVz XEFVi1RMWM28DYYdOxVze XM3MAG2lM6nUmTjQ3nD4D)
(WALK TA_XMDHuBmBbeFOGqzpuNmVz XM3MAG2lM6nUmTjQ3nD4D XGfpGWz1SaDeisCQVEJrI)
(HOMESAFE TA_XMDHubmbbefogqzpunmvz XgfpGWz1SaDeisCQVEJrI)
(DROPOFF TA_XRvFA5khunRjN3Z7dmUKr XzMnoKpsz12d1Y6CixoCL)
(WALK TA_XRvFA5khunRjN3Z7dmUKr XzMnoKpsz12d1Y6CixoCL XWErCaTW8MMgw3ZAta1gT)
(WALK TA_XRvFA5khunRjN3Z7dmUKr XWErCaTW8MMgw3ZAta1gT XtXtX3vcLWOYDJBh3QgZt)
(WALK TA_XRvFA5khunRjN3Z7dmUKr XtXtX3vcLWOYDJBh3QgZt Xe7oVwvEXzQVG9DeK8uQS)
(WALK TA_XRvFA5khunRjN3Z7dmUKr Xe7oVwvEXzQVG9DeK8uQS XARorC1kPdEun4czh3dmX)
(HOMESAFE TA_XRvfa5khunrjn3z7dmukr XaRorC1kPdEun4czh3dmX)
(DROPOFF TA_XbclRgmmOqfg3PHQz06qB XzMnoKpsz12d1Y6CixoCL)
(WALK TA_XbclRgmmOqfg3PHQz06qB XzMnoKpsz12d1Y6CixoCL XWErCaTW8MMgw3ZAta1gT)
(WALK TA_XbclRgmmOqfg3PHQz06qB XWErCaTW8MMgw3ZAta1gT XPVcbdr9b4cXQbbu8InjK)
(WALK TA_XbclRgmmOqfg3PHQz06qB XPVcbdr9b4cXQbbu8InjK XIcoYVabhkC8yNYJgy44V)
(WALK TA_XbclRgmmOqfg3PHQz06qB XIcoYVabhkC8yNYJgy44V XdBvruVRsFq4ihmzPj7nf)
(HOMESAFE TA_Xbclrgmmoqfg3phqz06qb XdBvruVRsFq4ihmzPj7nf)
(DROPOFF TA_XKBGTLYOWLSviflcWwd9y XzMnoKpsz12d1Y6CixoCL)
(WALK TA_XKBGTLYOWLSviflcWwd9y XzMnoKpsz12d1Y6CixoCL XWErCaTW8MMgw3ZAta1gT)
(WALK TA_XKBGTLYOWLSviflcWwd9y XWErCaTW8MMgw3ZAta1gT XPVcbdr9b4cXQbbu8InjK)
(WALK TA_XKBGTLYOWLSviflcWwd9y XPVcbdr9b4cXQbbu8InjK XQHym2s92VJ8ycxMeFawz)
(WALK TA_XKBGTLYOWLSviflcWwd9y XQHym2s92VJ8ycxMeFawz XKP4zLIZ5LMWJ6mkRn6BX)
(HOMESAFE TA_XKBGTLYOWLSviflcwwd9y XkP4zLIZ5LMWJ6mkRn6BX)
(DROPOFF TA_XQmCq2RCVgnssPOgSwAr8 XzMnoKpsz12d1Y6CixoCL)
(WALK TA_XQmCq2RCVgnssPOgSwAr8 XzMnoKpsz12d1Y6CixoCL XhdXOmxRAbu0HN40emwgb)
(WALK TA_XQmCq2RCVgnssPOgSwAr8 XhdXOmxRAbu0HN40emwgb XRLriJ3z2V3NV2Vo1oURR)
(WALK TA_XQmCq2RCVgnssPOgSwAr8 XRLriJ3z2V3NV2Vo1oURR XdakEfF8eF1B4IYsSGGLe)
(WALK TA_XQmCq2RCVgnssPOgSwAr8 XdakEfF8eF1B4IYsSGGLe XyE3wNgUIJB0oZwUjLCMo)
(HOMESAFE TA_XQmcq2rcvgnsspogswar8 XyE3wNgUIJB0oZwUjLCMo)
(DROPOFF TA_XsNJuS4R6b6KAUX5QI4md XzMnoKpsz12d1Y6CixoCL)
(WALK TA_XsNJuS4R6b6KAUX5QI4md XzMnoKpsz12d1Y6CixoCL XWErCaTW8MMgw3ZAta1gT)
(WALK TA_XsNJuS4R6b6KAUX5QI4md XWErCaTW8MMgw3ZAta1gT XtXtX3vcLWOYDJBh3QgZt)
(WALK TA_XsNJuS4R6b6KAUX5QI4md XtXtX3vcLWOYDJBh3QgZt X1Tm2BSSz9mj8o3m9o0TB)
(WALK TA_XsNJuS4R6b6KAUX5QI4md X1Tm2BSSz9mj8o3m9o0TB XZcpnIKUrL8i4GzxAolZX)
(HOMESAFE TA_Xsnjus4r6b6kaux5qi4md XzcpnIKUrL8i4GzxAolZX)
(DROPOFF TA_XZSg6FSZaRCTLmeHoLgMI XzMnoKpsz12d1Y6CixoCL)
(WALK TA_XZSg6FSZaRCTLmeHoLgMI XzMnoKpsz12d1Y6CixoCL XhdXOmxRAbu0HN40emwgb)
(WALK TA_XZSg6FSZaRCTLmeHoLgMI XhdXOmxRAbu0HN40emwgb XLdDKuyalK5FXEd1h8XJt)
(WALK TA_XZSg6FSZaRCTLmeHoLgMI XLdDKuyalK5FXEd1h8XJt XYqOJXOtRcgzFFRGKRutM)
(WALK TA_XZSg6FSZaRCTLmeHoLgMI XYqOJXOtRcgzFFRGKRutM XRyx97mzVLWHytqmLAKlJ)
(HOMESAFE TA_XZSg6fszarctlmeholgmi Xryx97mzVLWHytqmLAKlJ)
(DROPOFF TA_XG6KTAOxQU8MNiSLazU1t XzMnoKpsz12d1Y6CixoCL)
(WALK TA_XG6KTAOxQU8MNiSLazU1t XzMnoKpsz12d1Y6CixoCL XWErCaTW8MMgw3ZAta1gT)
(WALK TA_XG6KTAOxQU8MNiSLazU1t XWErCaTW8MMgw3ZAta1gT XEFVi1RMWM28DYYdOxVze)
(WALK TA_XG6KTAOxQU8MNiSLazU1t XEFVi1RMWM28DYYdOxVze XM3MAG2lM6nUmTjQ3nD4D)
(WALK TA_XG6KTAOxQU8MNiSLazU1t XM3MAG2lM6nUmTjQ3nD4D XPrzulPuk0tqiNKmdjp0X)
(HOMESAFE TA_XG6KTAOxqu8mnislazu1t XprzulPuk0tqiNKmdjp0X)
(DROPOFF TA_XJKKWZrMfMDLTYQt6t5Ap XzMnoKpsz12d1Y6CixoCL)
(WALK TA_XJKKWZrMfMDLTYQt6t5Ap XzMnoKpsz12d1Y6CixoCL XhdXOmxRAbu0HN40emwgb)
(WALK TA_XJKKWZrMfMDLTYQt6t5Ap XhdXOmxRAbu0HN40emwgb XLdDKuyalK5FXEd1h8XJt)
(WALK TA_XJKKWZrMfMDLTYQt6t5Ap XLdDKuyalK5FXEd1h8XJt XOcyqfDTyG7wfT1rvpitz)
(WALK TA_XJKKWZrMfMDLTYQt6t5Ap XOcyqfDTyG7wfT1rvpitz XG6KTAOxQU8MNiSLazU1t)
(HOMESAFE TA_XJKKWZrmfmdltyqt6t5ap Xg6KTAOxQU8MNiSLazU1t)
(DROPOFF TA_XmTYxpEwVJTp369cmBN7S XzMnoKpsz12d1Y6CixoCL)
(WALK TA_XmTYxpEwVJTp369cmBN7S XzMnoKpsz12d1Y6CixoCL XhdXOmxRAbu0HN40emwgb)
(WALK TA_XmTYxpEwVJTp369cmBN7S XhdXOmxRAbu0HN40emwgb XdgvhUwh5BJRBJnc00LMu)
(WALK TA_XmTYxpEwVJTp369cmBN7S XdgvhUwh5BJRBJnc00LMu XWCUwzDEkBlRrgSeSv9vv)
(WALK TA_XmTYxpEwVJTp369cmBN7S XWCUwzDEkBlRrgSeSv9vv X15e7umNMnawEegsOhkYh)
(HOMESAFE TA_Xmtyxpewvjtp369cmbn7s X15e7umNMnawEegsOhkYh)
(DROPOFF TA_XY0dqIYSR4P9Br1Cq3f9U XzMnoKpsz12d1Y6CixoCL)
(WALK TA_XY0dqIYSR4P9Br1Cq3f9U XzMnoKpsz12d1Y6CixoCL XhdXOmxRAbu0HN40emwgb)
(WALK TA_XY0dqIYSR4P9Br1Cq3f9U XhdXOmxRAbu0HN40emwgb XRLriJ3z2V3NV2Vo1oURR)
(WALK TA_XY0dqIYSR4P9Br1Cq3f9U XRLriJ3z2V3NV2Vo1oURR XoJor9EUgXhaXPDmChml7)
(WALK TA_XY0dqIYSR4P9Br1Cq3f9U XoJor9EUgXhaXPDmChml7 XFDT7h4JKMRWa9fcDNmXs)
(HOMESAFE TA_XY0dqiysr4p9br1cq3f9u XfDT7h4JKMRWa9fcDNmXs)
(DROPOFF TA_Xu91JdIwHTd2zumpXCvmK XzMnoKpsz12d1Y6CixoCL)
(WALK TA_Xu91JdIwHTd2zumpXCvmK XzMnoKpsz12d1Y6CixoCL XWErCaTW8MMgw3ZAta1gT)
(WALK TA_Xu91JdIwHTd2zumpXCvmK XWErCaTW8MMgw3ZAta1gT XtXtX3vcLWOYDJBh3QgZt)
(WALK TA_Xu91JdIwHTd2zumpXCvmK XtXtX3vcLWOYDJBh3QgZt Xfat0ktgmwPXvqLhmWfJ0)
(WALK TA_Xu91JdIwHTd2zumpXCvmK Xfat0ktgmwPXvqLhmWfJ0 XmUERvxQcAO2XlgBTPRGA)
(HOMESAFE TA_Xu91jdiwhtd2zumpxcvmk XmUERvxQcAO2XlgBTPRGA)
(DROPOFF TA_XqSLkk45Evo68Y4JhMUq7 XzMnoKpsz12d1Y6CixoCL)
(WALK TA_XqSLkk45Evo68Y4JhMUq7 XzMnoKpsz12d1Y6CixoCL XWErCaTW8MMgw3ZAta1gT)
(WALK TA_XqSLkk45Evo68Y4JhMUq7 XWErCaTW8MMgw3ZAta1gT XEFVi1RMWM28DYYdOxVze)
(WALK TA_XqSLkk45Evo68Y4JhMUq7 XEFVi1RMWM28DYYdOxVze XUkKARQyd3ZxfrQwOeW0R)
(WALK TA_XqSLkk45Evo68Y4JhMUq7 XUkKARQyd3ZxfrQwOeW0R XOMLAPgVr1RosMrpENk9K)
(HOMESAFE TA_Xqslkk45evo68y4jhmuq7 XoMLAPgVr1RosMrpENk9K)
(DROPOFF TA_XKP4zLIZ5LMWJ6mkRn6BX XzMnoKpsz12d1Y6CixoCL)
(WALK TA_XKP4zLIZ5LMWJ6mkRn6BX XzMnoKpsz12d1Y6CixoCL XhdXOmxRAbu0HN40emwgb)
(WALK TA_XKP4zLIZ5LMWJ6mkRn6BX XhdXOmxRAbu0HN40emwgb XRLriJ3z2V3NV2Vo1oURR)
(WALK TA_XKP4zLIZ5LMWJ6mkRn6BX XRLriJ3z2V3NV2Vo1oURR XGhNWfyijkz8OKJbptIGO)
(WALK TA_XKP4zLIZ5LMWJ6mkRn6BX XGhNWfyijkz8OKJbptIGO XEvdCmEq3CXPDtnZYkiVu)
(HOMESAFE TA_XKP4zliz5lmwj6mkrn6bx XevdCmEq3CXPDtnZYkiVu)
(DROPOFF TA_XGfpGWz1SaDeisCQVEJrI XzMnoKpsz12d1Y6CixoCL)
(WALK TA_XGfpGWz1SaDeisCQVEJrI XzMnoKpsz12d1Y6CixoCL XWErCaTW8MMgw3ZAta1gT)
(WALK TA_XGfpGWz1SaDeisCQVEJrI XWErCaTW8MMgw3ZAta1gT XtXtX3vcLWOYDJBh3QgZt)
(WALK TA_XGfpGWz1SaDeisCQVEJrI XtXtX3vcLWOYDJBh3QgZt X1Tm2BSSz9mj8o3m9o0TB)
(WALK TA_XGfpGWz1SaDeisCQVEJrI X1Tm2BSSz9mj8o3m9o0TB X07iKiKtYzy9bLoKUo0ve)
(HOMESAFE TA_XGfpgwz1sadeiscqvejri X07iKiKtYzy9bLoKUo0ve)
(DROPOFF TA_X15e7umNMnawEegsOhkYh XzMnoKpsz12d1Y6CixoCL)
(WALK TA_X15e7umNMnawEegsOhkYh XzMnoKpsz12d1Y6CixoCL XvPVOeWczn8eJlf3Gviol)
(WALK TA_X15e7umNMnawEegsOhkYh XvPVOeWczn8eJlf3Gviol X73GclC6XOTCjqTwHSUFH)
(WALK TA_X15e7umNMnawEegsOhkYh X73GclC6XOTCjqTwHSUFH Xg6l3PryZJRSAXJGUyq22)
(WALK TA_X15e7umNMnawEegsOhkYh Xg6l3PryZJRSAXJGUyq22 XRvFA5khunRjN3Z7dmUKr)
(HOMESAFE TA_X15e7umnmnaweegsohkyh XrvFA5khunRjN3Z7dmUKr)
(DROPOFF TA_XoDA5VKbLZuTPP2ZEB14d XzMnoKpsz12d1Y6CixoCL)
(WALK TA_XoDA5VKbLZuTPP2ZEB14d XzMnoKpsz12d1Y6CixoCL XhdXOmxRAbu0HN40emwgb)
(WALK TA_XoDA5VKbLZuTPP2ZEB14d XhdXOmxRAbu0HN40emwgb XRLriJ3z2V3NV2Vo1oURR)
(WALK TA_XoDA5VKbLZuTPP2ZEB14d XRLriJ3z2V3NV2Vo1oURR XoJor9EUgXhaXPDmChml7)
(WALK TA_XoDA5VKbLZuTPP2ZEB14d XoJor9EUgXhaXPDmChml7 XC3qGKxHtliSTI7oOnHoB)
(HOMESAFE TA_Xoda5vkblzutpp2zeb14d Xc3qGKxHtliSTI7oOnHoB)
(DROPOFF TA_XArmxs904ujfdAYn9LtOF XzMnoKpsz12d1Y6CixoCL)
(WALK TA_XArmxs904ujfdAYn9LtOF XzMnoKpsz12d1Y6CixoCL XvPVOeWczn8eJlf3Gviol)
(WALK TA_XArmxs904ujfdAYn9LtOF XvPVOeWczn8eJlf3Gviol X73GclC6XOTCjqTwHSUFH)
(WALK TA_XArmxs904ujfdAYn9LtOF X73GclC6XOTCjqTwHSUFH X5jE3DcSbPJWRITx0u2Kf)
(WALK TA_XArmxs904ujfdAYn9LtOF X5jE3DcSbPJWRITx0u2Kf X9q9h29089dBsNERnjXsd)
(HOMESAFE TA_XArmxs904ujfdayn9ltof X9q9h29089dBsNERnjXsd)
(DROPOFF TA_XARorC1kPdEun4czh3dmX XzMnoKpsz12d1Y6CixoCL)
(WALK TA_XARorC1kPdEun4czh3dmX XzMnoKpsz12d1Y6CixoCL XWErCaTW8MMgw3ZAta1gT)
(WALK TA_XARorC1kPdEun4czh3dmX XWErCaTW8MMgw3ZAta1gT XEFVi1RMWM28DYYdOxVze)
(WALK TA_XARorC1kPdEun4czh3dmX XEFVi1RMWM28DYYdOxVze XM3MAG2lM6nUmTjQ3nD4D)
(WALK TA_XARorC1kPdEun4czh3dmX XM3MAG2lM6nUmTjQ3nD4D Xz2nBS9pweVYpDmW0fMRS)
(HOMESAFE TA_XARorc1kpdeun4czh3dmx Xz2nBS9pweVYpDmW0fMRS)
(DROPOFF TA_XGaG5DAqLVuTD09GfUl6l XzMnoKpsz12d1Y6CixoCL)
(WALK TA_XGaG5DAqLVuTD09GfUl6l XzMnoKpsz12d1Y6CixoCL XhdXOmxRAbu0HN40emwgb)
(WALK TA_XGaG5DAqLVuTD09GfUl6l XhdXOmxRAbu0HN40emwgb XLdDKuyalK5FXEd1h8XJt)
(WALK TA_XGaG5DAqLVuTD09GfUl6l XLdDKuyalK5FXEd1h8XJt XOcyqfDTyG7wfT1rvpitz)
(WALK TA_XGaG5DAqLVuTD09GfUl6l XOcyqfDTyG7wfT1rvpitz XuqAmYQiu3O0THeAaPzKH)
(HOMESAFE TA_XGag5daqlvutd09gful6l XuqAmYQiu3O0THeAaPzKH)
(DROPOFF TA_XolgHJpCT79b6HED7FUWa XzMnoKpsz12d1Y6CixoCL)
(WALK TA_XolgHJpCT79b6HED7FUWa XzMnoKpsz12d1Y6CixoCL XhdXOmxRAbu0HN40emwgb)
(WALK TA_XolgHJpCT79b6HED7FUWa XhdXOmxRAbu0HN40emwgb XRLriJ3z2V3NV2Vo1oURR)
(WALK TA_XolgHJpCT79b6HED7FUWa XRLriJ3z2V3NV2Vo1oURR XGhNWfyijkz8OKJbptIGO)
(WALK TA_XolgHJpCT79b6HED7FUWa XGhNWfyijkz8OKJbptIGO XVxRxz5foWagBafuSz1m4)
(HOMESAFE TA_Xolghjpct79b6hed7fuwa XvxRxz5foWagBafuSz1m4)
(DROPOFF TA_XZcpnIKUrL8i4GzxAolZX XzMnoKpsz12d1Y6CixoCL)
(WALK TA_XZcpnIKUrL8i4GzxAolZX XzMnoKpsz12d1Y6CixoCL XvPVOeWczn8eJlf3Gviol)
(WALK TA_XZcpnIKUrL8i4GzxAolZX XvPVOeWczn8eJlf3Gviol XLBRpsuMfPp9LEzGTlw5t)
(WALK TA_XZcpnIKUrL8i4GzxAolZX XLBRpsuMfPp9LEzGTlw5t XB56U06r3nz3RZaXVmiK2)
(WALK TA_XZcpnIKUrL8i4GzxAolZX XB56U06r3nz3RZaXVmiK2 XY0dqIYSR4P9Br1Cq3f9U)
(HOMESAFE TA_XZcpnikurl8i4gzxaolzx Xy0dqIYSR4P9Br1Cq3f9U)
(DROPOFF TA_XW8ft2Hcg1VXPVNTpprS3 XzMnoKpsz12d1Y6CixoCL)
(WALK TA_XW8ft2Hcg1VXPVNTpprS3 XzMnoKpsz12d1Y6CixoCL XvPVOeWczn8eJlf3Gviol)
(WALK TA_XW8ft2Hcg1VXPVNTpprS3 XvPVOeWczn8eJlf3Gviol X73GclC6XOTCjqTwHSUFH)
(WALK TA_XW8ft2Hcg1VXPVNTpprS3 X73GclC6XOTCjqTwHSUFH X5jE3DcSbPJWRITx0u2Kf)
(WALK TA_XW8ft2Hcg1VXPVNTpprS3 X5jE3DcSbPJWRITx0u2Kf XgM8AHyLc0ZjUxmDMuXzJ)
(HOMESAFE TA_XW8ft2hcg1vxpvntpprs3 XgM8AHyLc0ZjUxmDMuXzJ)
(DROPOFF TA_X2DqN6NYyebkVczAnrbNI XzMnoKpsz12d1Y6CixoCL)
(WALK TA_X2DqN6NYyebkVczAnrbNI XzMnoKpsz12d1Y6CixoCL XWErCaTW8MMgw3ZAta1gT)
(WALK TA_X2DqN6NYyebkVczAnrbNI XWErCaTW8MMgw3ZAta1gT XEFVi1RMWM28DYYdOxVze)
(WALK TA_X2DqN6NYyebkVczAnrbNI XEFVi1RMWM28DYYdOxVze XUkKARQyd3ZxfrQwOeW0R)
(WALK TA_X2DqN6NYyebkVczAnrbNI XUkKARQyd3ZxfrQwOeW0R XJKKWZrMfMDLTYQt6t5Ap)
(HOMESAFE TA_X2Dqn6nyyebkvczanrbni XjKKWZrMfMDLTYQt6t5Ap)
(DROPOFF TA_XVv2apUMOUSvB9J5u8yJr XzMnoKpsz12d1Y6CixoCL)
(WALK TA_XVv2apUMOUSvB9J5u8yJr XzMnoKpsz12d1Y6CixoCL XhdXOmxRAbu0HN40emwgb)
(WALK TA_XVv2apUMOUSvB9J5u8yJr XhdXOmxRAbu0HN40emwgb XLdDKuyalK5FXEd1h8XJt)
(WALK TA_XVv2apUMOUSvB9J5u8yJr XLdDKuyalK5FXEd1h8XJt XYqOJXOtRcgzFFRGKRutM)
(WALK TA_XVv2apUMOUSvB9J5u8yJr XYqOJXOtRcgzFFRGKRutM XJPD2uBroiElzO4z72vhQ)
(HOMESAFE TA_XVv2apumousvb9j5u8yjr XjPD2uBroiElzO4z72vhQ)
(DROPOFF TA_XmNuLv0WHsIRpWEdSUREd XzMnoKpsz12d1Y6CixoCL)
(WALK TA_XmNuLv0WHsIRpWEdSUREd XzMnoKpsz12d1Y6CixoCL XvPVOeWczn8eJlf3Gviol)
(WALK TA_XmNuLv0WHsIRpWEdSUREd XvPVOeWczn8eJlf3Gviol XBKvWsgveG3lQHgeNBv62)
(WALK TA_XmNuLv0WHsIRpWEdSUREd XBKvWsgveG3lQHgeNBv62 XRIRtIJewArUY7i7A6OEl)
(WALK TA_XmNuLv0WHsIRpWEdSUREd XRIRtIJewArUY7i7A6OEl XcthtNVKVABeolrPabegT)
(HOMESAFE TA_Xmnulv0whsirpwedsured XcthtNVKVABeolrPabegT)
(DROPOFF TA_XcthtNVKVABeolrPabegT XzMnoKpsz12d1Y6CixoCL)
(WALK TA_XcthtNVKVABeolrPabegT XzMnoKpsz12d1Y6CixoCL XWErCaTW8MMgw3ZAta1gT)
(WALK TA_XcthtNVKVABeolrPabegT XWErCaTW8MMgw3ZAta1gT XtXtX3vcLWOYDJBh3QgZt)
(WALK TA_XcthtNVKVABeolrPabegT XtXtX3vcLWOYDJBh3QgZt Xe7oVwvEXzQVG9DeK8uQS)
(WALK TA_XcthtNVKVABeolrPabegT Xe7oVwvEXzQVG9DeK8uQS XolgHJpCT79b6HED7FUWa)
(HOMESAFE TA_Xcthtnvkvabeolrpabegt XolgHJpCT79b6HED7FUWa)
(DROPOFF TA_XWdpiLe9uZpnuS9WMphYw XzMnoKpsz12d1Y6CixoCL)
(WALK TA_XWdpiLe9uZpnuS9WMphYw XzMnoKpsz12d1Y6CixoCL XvPVOeWczn8eJlf3Gviol)
(WALK TA_XWdpiLe9uZpnuS9WMphYw XvPVOeWczn8eJlf3Gviol X73GclC6XOTCjqTwHSUFH)
(WALK TA_XWdpiLe9uZpnuS9WMphYw X73GclC6XOTCjqTwHSUFH XJOo21iuZtHvP9sSModQZ)
(WALK TA_XWdpiLe9uZpnuS9WMphYw XJOo21iuZtHvP9sSModQZ XT7hLF9jTtc4htoAH0PWD)
(HOMESAFE TA_XWdpile9uzpnus9wmphyw Xt7hLF9jTtc4htoAH0PWD)
(DROPOFF TA_XWELPo1XEQnG4JejlB13A XzMnoKpsz12d1Y6CixoCL)
(WALK TA_XWELPo1XEQnG4JejlB13A XzMnoKpsz12d1Y6CixoCL XhdXOmxRAbu0HN40emwgb)
(WALK TA_XWELPo1XEQnG4JejlB13A XhdXOmxRAbu0HN40emwgb XLdDKuyalK5FXEd1h8XJt)
(WALK TA_XWELPo1XEQnG4JejlB13A XLdDKuyalK5FXEd1h8XJt XkHWDWFJURX8TBbDnLSlR)
(WALK TA_XWELPo1XEQnG4JejlB13A XkHWDWFJURX8TBbDnLSlR XW8ft2Hcg1VXPVNTpprS3)
(HOMESAFE TA_XWELPo1xeqng4jejlb13a Xw8ft2Hcg1VXPVNTpprS3)
(DROPOFF TA_XU8fsnzMIN4aMdzToihTq XzMnoKpsz12d1Y6CixoCL)
(WALK TA_XU8fsnzMIN4aMdzToihTq XzMnoKpsz12d1Y6CixoCL XWErCaTW8MMgw3ZAta1gT)
(WALK TA_XU8fsnzMIN4aMdzToihTq XWErCaTW8MMgw3ZAta1gT XtXtX3vcLWOYDJBh3QgZt)
(WALK TA_XU8fsnzMIN4aMdzToihTq XtXtX3vcLWOYDJBh3QgZt Xfat0ktgmwPXvqLhmWfJ0)
(WALK TA_XU8fsnzMIN4aMdzToihTq Xfat0ktgmwPXvqLhmWfJ0 XmNuLv0WHsIRpWEdSUREd)
(HOMESAFE TA_XU8fsnzmin4amdztoihtq XmNuLv0WHsIRpWEdSUREd)
(DROPOFF TA_XyE3wNgUIJB0oZwUjLCMo XzMnoKpsz12d1Y6CixoCL)
(WALK TA_XyE3wNgUIJB0oZwUjLCMo XzMnoKpsz12d1Y6CixoCL XhdXOmxRAbu0HN40emwgb)
(WALK TA_XyE3wNgUIJB0oZwUjLCMo XhdXOmxRAbu0HN40emwgb XLdDKuyalK5FXEd1h8XJt)
(WALK TA_XyE3wNgUIJB0oZwUjLCMo XLdDKuyalK5FXEd1h8XJt XkHWDWFJURX8TBbDnLSlR)
(WALK TA_XyE3wNgUIJB0oZwUjLCMo XkHWDWFJURX8TBbDnLSlR XdUDrtIP8WIldh2FT7uba)
(HOMESAFE TA_Xye3wnguijb0ozwujlcmo XdUDrtIP8WIldh2FT7uba)
(DROPOFF TA_X07iKiKtYzy9bLoKUo0ve XzMnoKpsz12d1Y6CixoCL)
(WALK TA_X07iKiKtYzy9bLoKUo0ve XzMnoKpsz12d1Y6CixoCL XvPVOeWczn8eJlf3Gviol)
(WALK TA_X07iKiKtYzy9bLoKUo0ve XvPVOeWczn8eJlf3Gviol XLBRpsuMfPp9LEzGTlw5t)
(WALK TA_X07iKiKtYzy9bLoKUo0ve XLBRpsuMfPp9LEzGTlw5t XBVbv363irLjfCXrWQjqn)
(WALK TA_X07iKiKtYzy9bLoKUo0ve XBVbv363irLjfCXrWQjqn Xnfdt04yvrwrpPVPzIy2c)
(HOMESAFE TA_X07ikiktyzy9blokuo0ve Xnfdt04yvrwrpPVPzIy2c)
(DROPOFF TA_X8s4ukhLgGBoor0D87KUr XzMnoKpsz12d1Y6CixoCL)
(WALK TA_X8s4ukhLgGBoor0D87KUr XzMnoKpsz12d1Y6CixoCL XvPVOeWczn8eJlf3Gviol)
(WALK TA_X8s4ukhLgGBoor0D87KUr XvPVOeWczn8eJlf3Gviol X73GclC6XOTCjqTwHSUFH)
(WALK TA_X8s4ukhLgGBoor0D87KUr X73GclC6XOTCjqTwHSUFH Xg6l3PryZJRSAXJGUyq22)
(WALK TA_X8s4ukhLgGBoor0D87KUr Xg6l3PryZJRSAXJGUyq22 XArmxs904ujfdAYn9LtOF)
(HOMESAFE TA_X8s4ukhlggboor0d87kur Xarmxs904ujfdAYn9LtOF)
(DROPOFF TA_XuqAmYQiu3O0THeAaPzKH XzMnoKpsz12d1Y6CixoCL)
(WALK TA_XuqAmYQiu3O0THeAaPzKH XzMnoKpsz12d1Y6CixoCL XWErCaTW8MMgw3ZAta1gT)
(WALK TA_XuqAmYQiu3O0THeAaPzKH XWErCaTW8MMgw3ZAta1gT XPVcbdr9b4cXQbbu8InjK)
(WALK TA_XuqAmYQiu3O0THeAaPzKH XPVcbdr9b4cXQbbu8InjK XIcoYVabhkC8yNYJgy44V)
(WALK TA_XuqAmYQiu3O0THeAaPzKH XIcoYVabhkC8yNYJgy44V XU8fsnzMIN4aMdzToihTq)
(HOMESAFE TA_Xuqamyqiu3o0theaapzkh Xu8fsnzMIN4aMdzToihTq)
(DROPOFF TA_XdUDrtIP8WIldh2FT7uba XzMnoKpsz12d1Y6CixoCL)
(WALK TA_XdUDrtIP8WIldh2FT7uba XzMnoKpsz12d1Y6CixoCL XWErCaTW8MMgw3ZAta1gT)
(WALK TA_XdUDrtIP8WIldh2FT7uba XWErCaTW8MMgw3ZAta1gT XtXtX3vcLWOYDJBh3QgZt)
(WALK TA_XdUDrtIP8WIldh2FT7uba XtXtX3vcLWOYDJBh3QgZt Xfat0ktgmwPXvqLhmWfJ0)
(WALK TA_XdUDrtIP8WIldh2FT7uba Xfat0ktgmwPXvqLhmWfJ0 XqSLkk45Evo68Y4JhMUq7)
(HOMESAFE TA_Xdudrtip8wildh2ft7uba XqSLkk45Evo68Y4JhMUq7)
(DROPOFF TA_X5VNO6t8qAcR3d5jJgfi4 XzMnoKpsz12d1Y6CixoCL)
(WALK TA_X5VNO6t8qAcR3d5jJgfi4 XzMnoKpsz12d1Y6CixoCL XvPVOeWczn8eJlf3Gviol)
(WALK TA_X5VNO6t8qAcR3d5jJgfi4 XvPVOeWczn8eJlf3Gviol X73GclC6XOTCjqTwHSUFH)
(WALK TA_X5VNO6t8qAcR3d5jJgfi4 X73GclC6XOTCjqTwHSUFH XJOo21iuZtHvP9sSModQZ)
(WALK TA_X5VNO6t8qAcR3d5jJgfi4 XJOo21iuZtHvP9sSModQZ XoDA5VKbLZuTPP2ZEB14d)
(HOMESAFE TA_X5VNO6t8qacr3d5jjgfi4 XoDA5VKbLZuTPP2ZEB14d)
(DROPOFF TA_X9XhdonQsTDmLQknJ4xeP XzMnoKpsz12d1Y6CixoCL)
(WALK TA_X9XhdonQsTDmLQknJ4xeP XzMnoKpsz12d1Y6CixoCL XhdXOmxRAbu0HN40emwgb)
(WALK TA_X9XhdonQsTDmLQknJ4xeP XhdXOmxRAbu0HN40emwgb XdgvhUwh5BJRBJnc00LMu)
(WALK TA_X9XhdonQsTDmLQknJ4xeP XdgvhUwh5BJRBJnc00LMu XTuA4wNSOMjTMUxZ5fZWx)
(WALK TA_X9XhdonQsTDmLQknJ4xeP XTuA4wNSOMjTMUxZ5fZWx XjdgXkfbupFQ0XUNJEyvU)
(HOMESAFE TA_X9Xhdonqstdmlqknj4xep XjdgXkfbupFQ0XUNJEyvU)
(DROPOFF TA_XJPD2uBroiElzO4z72vhQ XzMnoKpsz12d1Y6CixoCL)
(WALK TA_XJPD2uBroiElzO4z72vhQ XzMnoKpsz12d1Y6CixoCL XvPVOeWczn8eJlf3Gviol)
(WALK TA_XJPD2uBroiElzO4z72vhQ XvPVOeWczn8eJlf3Gviol XBKvWsgveG3lQHgeNBv62)
(WALK TA_XJPD2uBroiElzO4z72vhQ XBKvWsgveG3lQHgeNBv62 XRIRtIJewArUY7i7A6OEl)
(WALK TA_XJPD2uBroiElzO4z72vhQ XRIRtIJewArUY7i7A6OEl XszEChRtMF49nUq5i634G)
(HOMESAFE TA_XJPD2ubroielzo4z72vhq XszEChRtMF49nUq5i634G)
(DROPOFF TA_XgM8AHyLc0ZjUxmDMuXzJ XzMnoKpsz12d1Y6CixoCL)
(WALK TA_XgM8AHyLc0ZjUxmDMuXzJ XzMnoKpsz12d1Y6CixoCL XvPVOeWczn8eJlf3Gviol)
(WALK TA_XgM8AHyLc0ZjUxmDMuXzJ XvPVOeWczn8eJlf3Gviol XLBRpsuMfPp9LEzGTlw5t)
(WALK TA_XgM8AHyLc0ZjUxmDMuXzJ XLBRpsuMfPp9LEzGTlw5t XB56U06r3nz3RZaXVmiK2)
(WALK TA_XgM8AHyLc0ZjUxmDMuXzJ XB56U06r3nz3RZaXVmiK2 XMyPRIiIVlLarPoP5nZfy)
(HOMESAFE TA_Xgm8ahylc0zjuxmdmuxzj XmyPRIiIVlLarPoP5nZfy)
(DROPOFF TA_XdBvruVRsFq4ihmzPj7nf XzMnoKpsz12d1Y6CixoCL)
(WALK TA_XdBvruVRsFq4ihmzPj7nf XzMnoKpsz12d1Y6CixoCL XWErCaTW8MMgw3ZAta1gT)
(WALK TA_XdBvruVRsFq4ihmzPj7nf XWErCaTW8MMgw3ZAta1gT XEFVi1RMWM28DYYdOxVze)
(WALK TA_XdBvruVRsFq4ihmzPj7nf XEFVi1RMWM28DYYdOxVze XFwLnZPETaUkrkp7dE0hH)
(WALK TA_XdBvruVRsFq4ihmzPj7nf XFwLnZPETaUkrkp7dE0hH X9c21VhIQJbtu6kG4NZT4)
(HOMESAFE TA_Xdbvruvrsfq4ihmzpj7nf X9c21VhIQJbtu6kG4NZT4)
(DROPOFF TA_Xz6gtkXCB2ntSiYsjrque XzMnoKpsz12d1Y6CixoCL)
(WALK TA_Xz6gtkXCB2ntSiYsjrque XzMnoKpsz12d1Y6CixoCL XWErCaTW8MMgw3ZAta1gT)
(WALK TA_Xz6gtkXCB2ntSiYsjrque XWErCaTW8MMgw3ZAta1gT XPVcbdr9b4cXQbbu8InjK)
(WALK TA_Xz6gtkXCB2ntSiYsjrque XPVcbdr9b4cXQbbu8InjK XjS5XJP3bXemMgWyvfsmt)
(WALK TA_Xz6gtkXCB2ntSiYsjrque XjS5XJP3bXemMgWyvfsmt XZSg6FSZaRCTLmeHoLgMI)
(HOMESAFE TA_Xz6gtkxcb2ntsiysjrque XzSg6FSZaRCTLmeHoLgMI)
(DROPOFF TA_XszEChRtMF49nUq5i634G XzMnoKpsz12d1Y6CixoCL)
(WALK TA_XszEChRtMF49nUq5i634G XzMnoKpsz12d1Y6CixoCL XvPVOeWczn8eJlf3Gviol)
(WALK TA_XszEChRtMF49nUq5i634G XvPVOeWczn8eJlf3Gviol XBKvWsgveG3lQHgeNBv62)
(WALK TA_XszEChRtMF49nUq5i634G XBKvWsgveG3lQHgeNBv62 XRIRtIJewArUY7i7A6OEl)
(WALK TA_XszEChRtMF49nUq5i634G XRIRtIJewArUY7i7A6OEl XFqxzURcIHYyg2FOpiXCN)
(HOMESAFE TA_Xszechrtmf49nuq5i634g XfqxzURcIHYyg2FOpiXCN)
(DROPOFF TA_X3mTCmcCkVhhFn533BM03 XzMnoKpsz12d1Y6CixoCL)
(WALK TA_X3mTCmcCkVhhFn533BM03 XzMnoKpsz12d1Y6CixoCL XWErCaTW8MMgw3ZAta1gT)
(WALK TA_X3mTCmcCkVhhFn533BM03 XWErCaTW8MMgw3ZAta1gT XEFVi1RMWM28DYYdOxVze)
(WALK TA_X3mTCmcCkVhhFn533BM03 XEFVi1RMWM28DYYdOxVze XFwLnZPETaUkrkp7dE0hH)
(WALK TA_X3mTCmcCkVhhFn533BM03 XFwLnZPETaUkrkp7dE0hH XZvocIzADG7dBR58wmnu8)
(HOMESAFE TA_X3mtcmcckvhhfn533bm03 XzvocIzADG7dBR58wmnu8)
(DROPOFF TA_XQFT8yfDPa0xDNdRMchX3 XzMnoKpsz12d1Y6CixoCL)
(WALK TA_XQFT8yfDPa0xDNdRMchX3 XzMnoKpsz12d1Y6CixoCL XWErCaTW8MMgw3ZAta1gT)
(WALK TA_XQFT8yfDPa0xDNdRMchX3 XWErCaTW8MMgw3ZAta1gT XEFVi1RMWM28DYYdOxVze)
(WALK TA_XQFT8yfDPa0xDNdRMchX3 XEFVi1RMWM28DYYdOxVze XUkKARQyd3ZxfrQwOeW0R)
(WALK TA_XQFT8yfDPa0xDNdRMchX3 XUkKARQyd3ZxfrQwOeW0R Xu91JdIwHTd2zumpXCvmK)
(HOMESAFE TA_XQFT8yfdpa0xdndrmchx3 Xu91JdIwHTd2zumpXCvmK)
(DROPOFF TA_X9c21VhIQJbtu6kG4NZT4 XzMnoKpsz12d1Y6CixoCL)
(WALK TA_X9c21VhIQJbtu6kG4NZT4 XzMnoKpsz12d1Y6CixoCL XWErCaTW8MMgw3ZAta1gT)
(WALK TA_X9c21VhIQJbtu6kG4NZT4 XWErCaTW8MMgw3ZAta1gT XtXtX3vcLWOYDJBh3QgZt)
(WALK TA_X9c21VhIQJbtu6kG4NZT4 XtXtX3vcLWOYDJBh3QgZt Xe7oVwvEXzQVG9DeK8uQS)
(WALK TA_X9c21VhIQJbtu6kG4NZT4 Xe7oVwvEXzQVG9DeK8uQS XbUGtOHLCdzsNiRxcLtaT)
(HOMESAFE TA_X9c21vhiqjbtu6kg4nzt4 XbUGtOHLCdzsNiRxcLtaT)
(DROPOFF TA_XjdgXkfbupFQ0XUNJEyvU XzMnoKpsz12d1Y6CixoCL)
(WALK TA_XjdgXkfbupFQ0XUNJEyvU XzMnoKpsz12d1Y6CixoCL XvPVOeWczn8eJlf3Gviol)
(WALK TA_XjdgXkfbupFQ0XUNJEyvU XvPVOeWczn8eJlf3Gviol XBKvWsgveG3lQHgeNBv62)
(WALK TA_XjdgXkfbupFQ0XUNJEyvU XBKvWsgveG3lQHgeNBv62 XybqDdUoaPknlNwzZFeto)
(WALK TA_XjdgXkfbupFQ0XUNJEyvU XybqDdUoaPknlNwzZFeto Xz6gtkXCB2ntSiYsjrque)
(HOMESAFE TA_Xjdgxkfbupfq0xunjeyvu Xz6gtkXCB2ntSiYsjrque)
(DROPOFF TA_XEvdCmEq3CXPDtnZYkiVu XzMnoKpsz12d1Y6CixoCL)
(WALK TA_XEvdCmEq3CXPDtnZYkiVu XzMnoKpsz12d1Y6CixoCL XhdXOmxRAbu0HN40emwgb)
(WALK TA_XEvdCmEq3CXPDtnZYkiVu XhdXOmxRAbu0HN40emwgb XdgvhUwh5BJRBJnc00LMu)
(WALK TA_XEvdCmEq3CXPDtnZYkiVu XdgvhUwh5BJRBJnc00LMu XWCUwzDEkBlRrgSeSv9vv)
(WALK TA_XEvdCmEq3CXPDtnZYkiVu XWCUwzDEkBlRrgSeSv9vv X5cjkSqVe5mFfFhCgwe8r)
(HOMESAFE TA_XEvdcmeq3cxpdtnzykivu X5cjkSqVe5mFfFhCgwe8r)
(DROPOFF TA_XMyPRIiIVlLarPoP5nZfy XzMnoKpsz12d1Y6CixoCL)
(WALK TA_XMyPRIiIVlLarPoP5nZfy XzMnoKpsz12d1Y6CixoCL XvPVOeWczn8eJlf3Gviol)
(WALK TA_XMyPRIiIVlLarPoP5nZfy XvPVOeWczn8eJlf3Gviol XLBRpsuMfPp9LEzGTlw5t)
(WALK TA_XMyPRIiIVlLarPoP5nZfy XLBRpsuMfPp9LEzGTlw5t XhH5yU5IgxmmStVnXEBJ1)
(WALK TA_XMyPRIiIVlLarPoP5nZfy XhH5yU5IgxmmStVnXEBJ1 XoougNPfNRCSRCWJrOUlb)
(HOMESAFE TA_XMypriiivllarpop5nzfy XoougNPfNRCSRCWJrOUlb)
(DROPOFF TA_XXKYNaFpYuIx7Zx7vNANa XzMnoKpsz12d1Y6CixoCL)
(WALK TA_XXKYNaFpYuIx7Zx7vNANa XzMnoKpsz12d1Y6CixoCL XvPVOeWczn8eJlf3Gviol)
(WALK TA_XXKYNaFpYuIx7Zx7vNANa XvPVOeWczn8eJlf3Gviol X73GclC6XOTCjqTwHSUFH)
(WALK TA_XXKYNaFpYuIx7Zx7vNANa X73GclC6XOTCjqTwHSUFH X5jE3DcSbPJWRITx0u2Kf)
(WALK TA_XXKYNaFpYuIx7Zx7vNANa X5jE3DcSbPJWRITx0u2Kf XNieXnWTTyXxCRp5CSl0i)
(HOMESAFE TA_XXKYNafpyuix7zx7vnana XnieXnWTTyXxCRp5CSl0i)
(DROPOFF TA_Xz2nBS9pweVYpDmW0fMRS XzMnoKpsz12d1Y6CixoCL)
(WALK TA_Xz2nBS9pweVYpDmW0fMRS XzMnoKpsz12d1Y6CixoCL XhdXOmxRAbu0HN40emwgb)
(WALK TA_Xz2nBS9pweVYpDmW0fMRS XhdXOmxRAbu0HN40emwgb XLdDKuyalK5FXEd1h8XJt)
(WALK TA_Xz2nBS9pweVYpDmW0fMRS XLdDKuyalK5FXEd1h8XJt XkHWDWFJURX8TBbDnLSlR)
(WALK TA_Xz2nBS9pweVYpDmW0fMRS XkHWDWFJURX8TBbDnLSlR XmTYxpEwVJTp369cmBN7S)
(HOMESAFE TA_Xz2nbs9pwevypdmw0fmrs XmTYxpEwVJTp369cmBN7S)
(DROPOFF TA_Xlcq8BXTLE4WDnj4JF3yo XzMnoKpsz12d1Y6CixoCL)
(WALK TA_Xlcq8BXTLE4WDnj4JF3yo XzMnoKpsz12d1Y6CixoCL XhdXOmxRAbu0HN40emwgb)
(WALK TA_Xlcq8BXTLE4WDnj4JF3yo XhdXOmxRAbu0HN40emwgb XdgvhUwh5BJRBJnc00LMu)
(WALK TA_Xlcq8BXTLE4WDnj4JF3yo XdgvhUwh5BJRBJnc00LMu XTuA4wNSOMjTMUxZ5fZWx)
(WALK TA_Xlcq8BXTLE4WDnj4JF3yo XTuA4wNSOMjTMUxZ5fZWx XJzMVZjOikutQZg00S8wX)
(HOMESAFE TA_Xlcq8bxtle4wdnj4jf3yo XjzMVZjOikutQZg00S8wX)
(DROPOFF TA_XbUGtOHLCdzsNiRxcLtaT XzMnoKpsz12d1Y6CixoCL)
(WALK TA_XbUGtOHLCdzsNiRxcLtaT XzMnoKpsz12d1Y6CixoCL XhdXOmxRAbu0HN40emwgb)
(WALK TA_XbUGtOHLCdzsNiRxcLtaT XhdXOmxRAbu0HN40emwgb XdgvhUwh5BJRBJnc00LMu)
(WALK TA_XbUGtOHLCdzsNiRxcLtaT XdgvhUwh5BJRBJnc00LMu X50qWynRev5CSErzk8Yih)
(WALK TA_XbUGtOHLCdzsNiRxcLtaT X50qWynRev5CSErzk8Yih XQTgsp1BfPDsixeeH6QUT)
(HOMESAFE TA_Xbugtohlcdzsnirxcltat XqTgsp1BfPDsixeeH6QUT)
(DROPOFF TA_XCcIlGrru613gqyngyuYo XzMnoKpsz12d1Y6CixoCL)
(WALK TA_XCcIlGrru613gqyngyuYo XzMnoKpsz12d1Y6CixoCL XhdXOmxRAbu0HN40emwgb)
(WALK TA_XCcIlGrru613gqyngyuYo XhdXOmxRAbu0HN40emwgb XdgvhUwh5BJRBJnc00LMu)
(WALK TA_XCcIlGrru613gqyngyuYo XdgvhUwh5BJRBJnc00LMu XTuA4wNSOMjTMUxZ5fZWx)
(WALK TA_XCcIlGrru613gqyngyuYo XTuA4wNSOMjTMUxZ5fZWx XWdpiLe9uZpnuS9WMphYw)
(HOMESAFE TA_XCcilgrru613gqyngyuyo XwdpiLe9uZpnuS9WMphYw)
(DROPOFF TA_XoougNPfNRCSRCWJrOUlb XzMnoKpsz12d1Y6CixoCL)
(WALK TA_XoougNPfNRCSRCWJrOUlb XzMnoKpsz12d1Y6CixoCL XhdXOmxRAbu0HN40emwgb)
(WALK TA_XoougNPfNRCSRCWJrOUlb XhdXOmxRAbu0HN40emwgb XRLriJ3z2V3NV2Vo1oURR)
(WALK TA_XoougNPfNRCSRCWJrOUlb XRLriJ3z2V3NV2Vo1oURR XdakEfF8eF1B4IYsSGGLe)
(WALK TA_XoougNPfNRCSRCWJrOUlb XdakEfF8eF1B4IYsSGGLe X9XhdonQsTDmLQknJ4xeP)
(HOMESAFE TA_Xoougnpfnrcsrcwjroulb X9XhdonQsTDmLQknJ4xeP)
(DROPOFF TA_XVxRxz5foWagBafuSz1m4 XzMnoKpsz12d1Y6CixoCL)
(WALK TA_XVxRxz5foWagBafuSz1m4 XzMnoKpsz12d1Y6CixoCL XWErCaTW8MMgw3ZAta1gT)
(WALK TA_XVxRxz5foWagBafuSz1m4 XWErCaTW8MMgw3ZAta1gT XPVcbdr9b4cXQbbu8InjK)
(WALK TA_XVxRxz5foWagBafuSz1m4 XPVcbdr9b4cXQbbu8InjK XjS5XJP3bXemMgWyvfsmt)
(WALK TA_XVxRxz5foWagBafuSz1m4 XjS5XJP3bXemMgWyvfsmt XCcIlGrru613gqyngyuYo)
(HOMESAFE TA_XVxrxz5fowagbafusz1m4 XccIlGrru613gqyngyuYo)
(DROPOFF TA_XHAc1Ylu9mrUmnheKISnK XzMnoKpsz12d1Y6CixoCL)
(WALK TA_XHAc1Ylu9mrUmnheKISnK XzMnoKpsz12d1Y6CixoCL XvPVOeWczn8eJlf3Gviol)
(WALK TA_XHAc1Ylu9mrUmnheKISnK XvPVOeWczn8eJlf3Gviol XBKvWsgveG3lQHgeNBv62)
(WALK TA_XHAc1Ylu9mrUmnheKISnK XBKvWsgveG3lQHgeNBv62 XybqDdUoaPknlNwzZFeto)
(WALK TA_XHAc1Ylu9mrUmnheKISnK XybqDdUoaPknlNwzZFeto XFHGlzd4VlMUVjTba9Qjm)
(HOMESAFE TA_XHAc1ylu9mrumnhekisnk XfHGlzd4VlMUVjTba9Qjm)
(DROPOFF TA_XVkpfkc0JUDpakJkZipKD XzMnoKpsz12d1Y6CixoCL)
(WALK TA_XVkpfkc0JUDpakJkZipKD XzMnoKpsz12d1Y6CixoCL XWErCaTW8MMgw3ZAta1gT)
(WALK TA_XVkpfkc0JUDpakJkZipKD XWErCaTW8MMgw3ZAta1gT XPVcbdr9b4cXQbbu8InjK)
(WALK TA_XVkpfkc0JUDpakJkZipKD XPVcbdr9b4cXQbbu8InjK XjS5XJP3bXemMgWyvfsmt)
(WALK TA_XVkpfkc0JUDpakJkZipKD XjS5XJP3bXemMgWyvfsmt XVv2apUMOUSvB9J5u8yJr)
(HOMESAFE TA_XVkpfkc0judpakjkzipkd Xvv2apUMOUSvB9J5u8yJr)
(DROPOFF TA_X5cjkSqVe5mFfFhCgwe8r XzMnoKpsz12d1Y6CixoCL)
(WALK TA_X5cjkSqVe5mFfFhCgwe8r XzMnoKpsz12d1Y6CixoCL XhdXOmxRAbu0HN40emwgb)
(WALK TA_X5cjkSqVe5mFfFhCgwe8r XhdXOmxRAbu0HN40emwgb XRLriJ3z2V3NV2Vo1oURR)
(WALK TA_X5cjkSqVe5mFfFhCgwe8r XRLriJ3z2V3NV2Vo1oURR XoJor9EUgXhaXPDmChml7)
(WALK TA_X5cjkSqVe5mFfFhCgwe8r XoJor9EUgXhaXPDmChml7 XTzlCRBgA0Q2cCjETm7Vx)
(HOMESAFE TA_X5cjksqve5mfffhcgwe8r XtzlCRBgA0Q2cCjETm7Vx)
