(DRIVE XlQCi69J0eWVlNqqKnSXq X6WjkeAWWKDbY507hYxDN)
(DRIVE X6WjkeAWWKDbY507hYxDN XivkDNojPLqpGb4cpDTON)
(DRIVE XivkDNojPLqpGb4cpDTON XwlKpBtU5YVdE9Uq6V4z5)
(DRIVE XwlKpBtU5YVdE9Uq6V4z5 XvnCWjVmMdmciaoCYnqW8)
(DROPOFF TA_X9ZAwlDiWc0OkYVLdPP18 XvnCWjVmMdmciaoCYnqW8)
(HOMESAFE TA_X9ZAwldiwc0okyvldpp18 XvnCWjVmMdmciaoCYnqW8)
(DRIVE XvnCWjVmMdmciaoCYnqW8 XwlKpBtU5YVdE9Uq6V4z5)
(DRIVE XwlKpBtU5YVdE9Uq6V4z5 XOv5tQy1KeHsti8dfTOIQ)
(DRIVE XOv5tQy1KeHsti8dfTOIQ XsAR5WnnNshpkwOniAudb)
(DROPOFF TA_Xz8GF8LystXVXiuprVyTh XsAR5WnnNshpkwOniAudb)
(HOMESAFE TA_Xz8gf8lystxvxiuprvyth XsAR5WnnNshpkwOniAudb)
(DRIVE XsAR5WnnNshpkwOniAudb XOv5tQy1KeHsti8dfTOIQ)
(DRIVE XOv5tQy1KeHsti8dfTOIQ XRl9sd4PENsPVd55C9qNS)
(DROPOFF TA_X76IyG9JBAhW2KiBt5QKY XRl9sd4PENsPVd55C9qNS)
(HOMESAFE TA_X76Iyg9jbahw2kibt5qky Xrl9sd4PENsPVd55C9qNS)
(DRIVE XRl9sd4PENsPVd55C9qNS XOv5tQy1KeHsti8dfTOIQ)
(DRIVE XOv5tQy1KeHsti8dfTOIQ XjsvSfTN8RLw8M7n8jb8D)
(DROPOFF TA_XjsvSfTN8RLw8M7n8jb8D XjsvSfTN8RLw8M7n8jb8D)
(HOMESAFE TA_Xjsvsftn8rlw8m7n8jb8d XjsvSfTN8RLw8M7n8jb8D)
(DRIVE XjsvSfTN8RLw8M7n8jb8D XOv5tQy1KeHsti8dfTOIQ)
(DRIVE XOv5tQy1KeHsti8dfTOIQ X5j3nVbxEAEFTUe3GDbN0)
(DRIVE X5j3nVbxEAEFTUe3GDbN0 X9ZAwlDiWc0OkYVLdPP18)
(DROPOFF TA_XsAR5WnnNshpkwOniAudb X9ZAwlDiWc0OkYVLdPP18)
(HOMESAFE TA_Xsar5wnnnshpkwoniaudb X9ZAwlDiWc0OkYVLdPP18)
(DRIVE X9ZAwlDiWc0OkYVLdPP18 X5j3nVbxEAEFTUe3GDbN0)
(DRIVE X5j3nVbxEAEFTUe3GDbN0 XwlKpBtU5YVdE9Uq6V4z5)
(DRIVE XwlKpBtU5YVdE9Uq6V4z5 XTs2UPoejx7dwuInV9kms)
(DROPOFF TA_XRl9sd4PENsPVd55C9qNS XTs2UPoejx7dwuInV9kms)
(HOMESAFE TA_XRl9sd4penspvd55c9qns Xts2UPoejx7dwuInV9kms)
(DRIVE XTs2UPoejx7dwuInV9kms XwlKpBtU5YVdE9Uq6V4z5)
(DRIVE XwlKpBtU5YVdE9Uq6V4z5 XkdGczSrviM1C416w1kdh)
(DROPOFF TA_XIR7mOQhWXsCDKM4Cc4wS XkdGczSrviM1C416w1kdh)
(HOMESAFE TA_XIR7moqhwxscdkm4cc4ws XkdGczSrviM1C416w1kdh)
(DRIVE XkdGczSrviM1C416w1kdh XwlKpBtU5YVdE9Uq6V4z5)
(DRIVE XwlKpBtU5YVdE9Uq6V4z5 XHdqcKlipoTYMzJchffld)
(DRIVE XHdqcKlipoTYMzJchffld Xh4lv4AWoIyOY4fsmP5xB)
(DROPOFF TA_XG1Ecvcz8fZufY9CV0J2K Xh4lv4AWoIyOY4fsmP5xB)
(HOMESAFE TA_XG1Ecvcz8fzufy9cv0j2k Xh4lv4AWoIyOY4fsmP5xB)
(DRIVE Xh4lv4AWoIyOY4fsmP5xB XHdqcKlipoTYMzJchffld)
(DRIVE XHdqcKlipoTYMzJchffld XivkDNojPLqpGb4cpDTON)
(DRIVE XivkDNojPLqpGb4cpDTON XV6XJoCUDWAqZklsSLeM6)
(DROPOFF TA_Xh4lv4AWoIyOY4fsmP5xB XV6XJoCUDWAqZklsSLeM6)
(HOMESAFE TA_Xh4lv4awoiyoy4fsmp5xb Xv6XJoCUDWAqZklsSLeM6)
(DRIVE XV6XJoCUDWAqZklsSLeM6 XivkDNojPLqpGb4cpDTON)
(DRIVE XivkDNojPLqpGb4cpDTON XaAHnKpmemgrMwy9POpn9)
(DROPOFF TA_XdSR37cF2irO0NLfFwZy0 XaAHnKpmemgrMwy9POpn9)
(HOMESAFE TA_Xdsr37cf2iro0nlffwzy0 XaAHnKpmemgrMwy9POpn9)
(DRIVE XaAHnKpmemgrMwy9POpn9 XivkDNojPLqpGb4cpDTON)
(DRIVE XivkDNojPLqpGb4cpDTON XyXTGXN4mJmD1MMnwU5DV)
(DROPOFF TA_XNdzV8TNRFhnjMNZlaGI4 XyXTGXN4mJmD1MMnwU5DV)
(HOMESAFE TA_XNdzv8tnrfhnjmnzlagi4 XyXTGXN4mJmD1MMnwU5DV)
(DRIVE XyXTGXN4mJmD1MMnwU5DV XivkDNojPLqpGb4cpDTON)
(DRIVE XivkDNojPLqpGb4cpDTON XHdqcKlipoTYMzJchffld)
(DRIVE XHdqcKlipoTYMzJchffld XIR7mOQhWXsCDKM4Cc4wS)
(DROPOFF TA_X55xYloQMeVs9kVzx8cN5 XIR7mOQhWXsCDKM4Cc4wS)
(HOMESAFE TA_X55xyloqmevs9kvzx8cn5 XiR7mOQhWXsCDKM4Cc4wS)
(DRIVE XIR7mOQhWXsCDKM4Cc4wS XHdqcKlipoTYMzJchffld)
(DRIVE XHdqcKlipoTYMzJchffld XG1Ecvcz8fZufY9CV0J2K)
(DROPOFF TA_X0LTuG9BRd9b62kO39lM2 XG1Ecvcz8fZufY9CV0J2K)
(HOMESAFE TA_X0LTug9brd9b62ko39lm2 Xg1Ecvcz8fZufY9CV0J2K)
(DRIVE XG1Ecvcz8fZufY9CV0J2K XHdqcKlipoTYMzJchffld)
(DRIVE XHdqcKlipoTYMzJchffld XTULA7h1TJjCcU7b7ewMK)
(DRIVE XTULA7h1TJjCcU7b7ewMK XXeZKiAoyYZL9P7yBThlM)
(DROPOFF TA_X0jsnTC6pUdifVPvCGLLe XXeZKiAoyYZL9P7yBThlM)
(HOMESAFE TA_X0jsntc6pudifvpvcglle XxeZKiAoyYZL9P7yBThlM)
(DRIVE XXeZKiAoyYZL9P7yBThlM XTULA7h1TJjCcU7b7ewMK)
(DRIVE XTULA7h1TJjCcU7b7ewMK XEP0h2hGKZhLlRDvb1dHn)
(DRIVE XEP0h2hGKZhLlRDvb1dHn Xm3HnuJcMZr0UjXE6y0Yj)
(DROPOFF TA_XTDEVUkFlcjUpqrP6Bynx Xm3HnuJcMZr0UjXE6y0Yj)
(HOMESAFE TA_XTDEVUkflcjupqrp6bynx Xm3HnuJcMZr0UjXE6y0Yj)
(DRIVE Xm3HnuJcMZr0UjXE6y0Yj XEP0h2hGKZhLlRDvb1dHn)
(DRIVE XEP0h2hGKZhLlRDvb1dHn XsNxtKpoSG9BFpERxjNr1)
(DRIVE XsNxtKpoSG9BFpERxjNr1 XNdzV8TNRFhnjMNZlaGI4)
(DROPOFF TA_XkdGczSrviM1C416w1kdh XNdzV8TNRFhnjMNZlaGI4)
(HOMESAFE TA_Xkdgczsrvim1c416w1kdh XndzV8TNRFhnjMNZlaGI4)
(DRIVE XNdzV8TNRFhnjMNZlaGI4 XsNxtKpoSG9BFpERxjNr1)
(DRIVE XsNxtKpoSG9BFpERxjNr1 X5j3nVbxEAEFTUe3GDbN0)
(DRIVE X5j3nVbxEAEFTUe3GDbN0 X76IyG9JBAhW2KiBt5QKY)
(DROPOFF TA_XTs2UPoejx7dwuInV9kms X76IyG9JBAhW2KiBt5QKY)
(HOMESAFE TA_XTs2upoejx7dwuinv9kms X76IyG9JBAhW2KiBt5QKY)
(DRIVE X76IyG9JBAhW2KiBt5QKY X5j3nVbxEAEFTUe3GDbN0)
(DRIVE X5j3nVbxEAEFTUe3GDbN0 Xz8GF8LystXVXiuprVyTh)
(DROPOFF TA_XvnCWjVmMdmciaoCYnqW8 Xz8GF8LystXVXiuprVyTh)
(HOMESAFE TA_Xvncwjvmmdmciaocynqw8 Xz8GF8LystXVXiuprVyTh)
(DRIVE Xz8GF8LystXVXiuprVyTh X5j3nVbxEAEFTUe3GDbN0)
(DRIVE X5j3nVbxEAEFTUe3GDbN0 XyytanXsBcYsWB0S4zr6x)
(DRIVE XyytanXsBcYsWB0S4zr6x X0jsnTC6pUdifVPvCGLLe)
(DROPOFF TA_XpStp5oJ3mwz5HNV7VA81 X0jsnTC6pUdifVPvCGLLe)
(HOMESAFE TA_Xpstp5oj3mwz5hnv7va81 X0jsnTC6pUdifVPvCGLLe)
(DRIVE X0jsnTC6pUdifVPvCGLLe XyytanXsBcYsWB0S4zr6x)
(DRIVE XyytanXsBcYsWB0S4zr6x XEP0h2hGKZhLlRDvb1dHn)
(DRIVE XEP0h2hGKZhLlRDvb1dHn XlfvGd547iXhkHQ8AjYpO)
(DROPOFF TA_XXeZKiAoyYZL9P7yBThlM XlfvGd547iXhkHQ8AjYpO)
(HOMESAFE TA_XXezkiaoyyzl9p7ybthlm XlfvGd547iXhkHQ8AjYpO)
(DRIVE XlfvGd547iXhkHQ8AjYpO XEP0h2hGKZhLlRDvb1dHn)
(DRIVE XEP0h2hGKZhLlRDvb1dHn XsNxtKpoSG9BFpERxjNr1)
(DRIVE XsNxtKpoSG9BFpERxjNr1 X55xYloQMeVs9kVzx8cN5)
(DROPOFF TA_Xu4CAydwAhszp7tM3ILy0 X55xYloQMeVs9kVzx8cN5)
(HOMESAFE TA_Xu4caydwahszp7tm3ily0 X55xYloQMeVs9kVzx8cN5)
(DRIVE X55xYloQMeVs9kVzx8cN5 XsNxtKpoSG9BFpERxjNr1)
(DRIVE XsNxtKpoSG9BFpERxjNr1 XdSR37cF2irO0NLfFwZy0)
(DROPOFF TA_XlfvGd547iXhkHQ8AjYpO XdSR37cF2irO0NLfFwZy0)
(HOMESAFE TA_Xlfvgd547ixhkhq8ajypo XdSR37cF2irO0NLfFwZy0)
(DRIVE XdSR37cF2irO0NLfFwZy0 XsNxtKpoSG9BFpERxjNr1)
(DRIVE XsNxtKpoSG9BFpERxjNr1 X2fRxkCAZVyHGHkq3Bl9E)
(DRIVE X2fRxkCAZVyHGHkq3Bl9E XAeT8ezBVfSNgGpCCNvM1)
(DROPOFF TA_XQ6Q14vRaFSx82FDA8F9j XAeT8ezBVfSNgGpCCNvM1)
(HOMESAFE TA_XQ6Q14vrafsx82fda8f9j XaeT8ezBVfSNgGpCCNvM1)
(DRIVE XAeT8ezBVfSNgGpCCNvM1 X2fRxkCAZVyHGHkq3Bl9E)
(DRIVE X2fRxkCAZVyHGHkq3Bl9E XTULA7h1TJjCcU7b7ewMK)
(DRIVE XTULA7h1TJjCcU7b7ewMK Xu4CAydwAhszp7tM3ILy0)
(DROPOFF TA_Xm3HnuJcMZr0UjXE6y0Yj Xu4CAydwAhszp7tM3ILy0)
(HOMESAFE TA_Xm3hnujcmzr0ujxe6y0yj Xu4CAydwAhszp7tM3ILy0)
(DRIVE Xu4CAydwAhszp7tM3ILy0 XTULA7h1TJjCcU7b7ewMK)
(DRIVE XTULA7h1TJjCcU7b7ewMK XpStp5oJ3mwz5HNV7VA81)
(DROPOFF TA_X5RtoZI2od7I5NUCXiQ20 XpStp5oJ3mwz5HNV7VA81)
(HOMESAFE TA_X5Rtozi2od7i5nucxiq20 XpStp5oJ3mwz5HNV7VA81)
(DRIVE XpStp5oJ3mwz5HNV7VA81 XTULA7h1TJjCcU7b7ewMK)
(DRIVE XTULA7h1TJjCcU7b7ewMK XEP0h2hGKZhLlRDvb1dHn)
(DRIVE XEP0h2hGKZhLlRDvb1dHn XQ6Q14vRaFSx82FDA8F9j)
(DROPOFF TA_Xji2Hl3ZRuTNdz55QI9iS XQ6Q14vRaFSx82FDA8F9j)
(HOMESAFE TA_Xji2hl3zrutndz55qi9is Xq6Q14vRaFSx82FDA8F9j)
(DRIVE XQ6Q14vRaFSx82FDA8F9j XEP0h2hGKZhLlRDvb1dHn)
(DRIVE XEP0h2hGKZhLlRDvb1dHn XyytanXsBcYsWB0S4zr6x)
(DRIVE XyytanXsBcYsWB0S4zr6x XTDEVUkFlcjUpqrP6Bynx)
(DROPOFF TA_XzbjpBk6LD1KcRmfqCimG XTDEVUkFlcjUpqrP6Bynx)
(HOMESAFE TA_Xzbjpbk6ld1kcrmfqcimg XtDEVUkFlcjUpqrP6Bynx)
(DRIVE XTDEVUkFlcjUpqrP6Bynx XyytanXsBcYsWB0S4zr6x)
(DRIVE XyytanXsBcYsWB0S4zr6x X2fRxkCAZVyHGHkq3Bl9E)
(DRIVE X2fRxkCAZVyHGHkq3Bl9E XzdGOEur0Se3VWD6mlq5H)
(DROPOFF TA_XAeT8ezBVfSNgGpCCNvM1 XzdGOEur0Se3VWD6mlq5H)
(HOMESAFE TA_XAet8ezbvfsnggpccnvm1 XzdGOEur0Se3VWD6mlq5H)
(DRIVE XzdGOEur0Se3VWD6mlq5H X2fRxkCAZVyHGHkq3Bl9E)
(DRIVE X2fRxkCAZVyHGHkq3Bl9E XGzTC6SyDfi06snBYRanw)
(DRIVE XGzTC6SyDfi06snBYRanw XsX8C3CP6kza3VNKEcdNn)
(DROPOFF TA_XCR5QbErmAVyIHQJyDFi9 XsX8C3CP6kza3VNKEcdNn)
(HOMESAFE TA_XCR5Qbermavyihqjydfi9 XsX8C3CP6kza3VNKEcdNn)
(DRIVE XsX8C3CP6kza3VNKEcdNn XGzTC6SyDfi06snBYRanw)
(DRIVE XGzTC6SyDfi06snBYRanw XtqCzeJHrHXSMuAlQdk95)
(DROPOFF TA_XzdGOEur0Se3VWD6mlq5H XtqCzeJHrHXSMuAlQdk95)
(HOMESAFE TA_Xzdgoeur0se3vwd6mlq5h XtqCzeJHrHXSMuAlQdk95)
(DRIVE XtqCzeJHrHXSMuAlQdk95 XGzTC6SyDfi06snBYRanw)
(DROPOFF TA_XsX8C3CP6kza3VNKEcdNn XGzTC6SyDfi06snBYRanw)
(DRIVE XGzTC6SyDfi06snBYRanw X2fRxkCAZVyHGHkq3Bl9E)
(WALK TA_XsX8C3CP6kza3VNKEcdNn XGzTC6SyDfi06snBYRanw XsC8YSc2m8uVyLGRtJAJm)
(HOMESAFE TA_Xsx8c3cp6kza3vnkecdnn XsC8YSc2m8uVyLGRtJAJm)
(DRIVE X2fRxkCAZVyHGHkq3Bl9E XCR5QbErmAVyIHQJyDFi9)
(DROPOFF TA_XyXTGXN4mJmD1MMnwU5DV XCR5QbErmAVyIHQJyDFi9)
(HOMESAFE TA_Xyxtgxn4mjmd1mmnwu5dv XcR5QbErmAVyIHQJyDFi9)
(DRIVE XCR5QbErmAVyIHQJyDFi9 X2fRxkCAZVyHGHkq3Bl9E)
(DRIVE X2fRxkCAZVyHGHkq3Bl9E XyytanXsBcYsWB0S4zr6x)
(DRIVE XyytanXsBcYsWB0S4zr6x X0LTuG9BRd9b62kO39lM2)
(DROPOFF TA_XV6XJoCUDWAqZklsSLeM6 X0LTuG9BRd9b62kO39lM2)
(HOMESAFE TA_XV6XJocudwaqzklsslem6 X0LTuG9BRd9b62kO39lM2)
(DRIVE X0LTuG9BRd9b62kO39lM2 XyytanXsBcYsWB0S4zr6x)
(DRIVE XyytanXsBcYsWB0S4zr6x Xr3dhOjzNOGrPmQjmHU4D)
(DRIVE Xr3dhOjzNOGrPmQjmHU4D Xji2Hl3ZRuTNdz55QI9iS)
(DROPOFF TA_XaAHnKpmemgrMwy9POpn9 Xji2Hl3ZRuTNdz55QI9iS)
(HOMESAFE TA_Xaahnkpmemgrmwy9popn9 Xji2Hl3ZRuTNdz55QI9iS)
(DRIVE Xji2Hl3ZRuTNdz55QI9iS Xr3dhOjzNOGrPmQjmHU4D)
(DRIVE Xr3dhOjzNOGrPmQjmHU4D XzbjpBk6LD1KcRmfqCimG)
(DROPOFF TA_XtqCzeJHrHXSMuAlQdk95 XzbjpBk6LD1KcRmfqCimG)
(HOMESAFE TA_Xtqczejhrhxsmualqdk95 XzbjpBk6LD1KcRmfqCimG)
(DRIVE XzbjpBk6LD1KcRmfqCimG Xr3dhOjzNOGrPmQjmHU4D)
(DRIVE Xr3dhOjzNOGrPmQjmHU4D X5RtoZI2od7I5NUCXiQ20)
(DROPOFF TA_XsC8YSc2m8uVyLGRtJAJm X5RtoZI2od7I5NUCXiQ20)
(HOMESAFE TA_Xsc8ysc2m8uvylgrtjajm X5RtoZI2od7I5NUCXiQ20)
(DRIVE X5RtoZI2od7I5NUCXiQ20 Xr3dhOjzNOGrPmQjmHU4D)
(DRIVE Xr3dhOjzNOGrPmQjmHU4D XE91XnzjC8fk7WmI2LnAz)
(DRIVE XE91XnzjC8fk7WmI2LnAz XlQCi69J0eWVlNqqKnSXq)
