(DROPOFF TA_XBalsdon XPotrero)
(HOMESAFE TA_XBalsdon Xpotrero)
(DROPOFF TA_XChinese XPotrero)
(WALK TA_XChinese XPotrero XMerced)
(HOMESAFE TA_XChinese Xmerced)
(DROPOFF TA_XIda XPotrero)
(WALK TA_XIda XPotrero XLinden)
(HOMESAFE TA_XIda Xlinden)
(DROPOFF TA_XOceanside XPotrero)
(WALK TA_XOceanside XPotrero XCalaveras)
(HOMESAFE TA_XOceanside Xcalaveras)
(DROPOFF TA_XAll XPotrero)
(WALK TA_XAll XPotrero X18th)
(HOMESAFE TA_XAll X18th)
(DROPOFF TA_X18th XPotrero)
(WALK TA_X18th XPotrero XHume)
(HOMESAFE TA_X18th Xhume)
(DROPOFF TA_XLaguna XPotrero)
(WALK TA_XLaguna XPotrero XWoffard)
(HOMESAFE TA_XLaguna Xwoffard)
(DROPOFF TA_XSmoke XPotrero)
(WALK TA_XSmoke XPotrero XChinese)
(HOMESAFE TA_XSmoke Xchinese)
(DROPOFF TA_XMeyers XPotrero)
(WALK TA_XMeyers XPotrero XSanta)
(HOMESAFE TA_XMeyers Xsanta)
(DROPOFF TA_XRichvale XPotrero)
(WALK TA_XRichvale XPotrero XWarner)
(HOMESAFE TA_XRichvale Xwarner)
(DROPOFF TA_XMerced XPotrero)
(WALK TA_XMerced XPotrero XBanning)
(HOMESAFE TA_XMerced Xbanning)
(DROPOFF TA_XFiorini XPotrero)
(WALK TA_XFiorini XPotrero XClayton)
(HOMESAFE TA_XFiorini Xclayton)
(DROPOFF TA_XWoffard XPotrero)
(WALK TA_XWoffard XPotrero XMeyers)
(HOMESAFE TA_XWoffard Xmeyers)
(DROPOFF TA_XBanning XPotrero)
(WALK TA_XBanning XPotrero XAll)
(HOMESAFE TA_XBanning Xall)
(DROPOFF TA_XCalaveras XPotrero)
(WALK TA_XCalaveras XPotrero XOld)
(WALK TA_XCalaveras XOld XRichvale)
(HOMESAFE TA_XCalaveras Xrichvale)
(DROPOFF TA_XFremont XPotrero)
(WALK TA_XFremont XPotrero XChinese)
(WALK TA_XFremont XChinese XFremont)
(HOMESAFE TA_XFremont Xfremont)
(DROPOFF TA_XCarmel XPotrero)
(WALK TA_XCarmel XPotrero X18th)
(WALK TA_XCarmel X18th XBalsdon)
(HOMESAFE TA_XCarmel Xbalsdon)
(DROPOFF TA_XBoulevard XPotrero)
(WALK TA_XBoulevard XPotrero XCalaveras)
(WALK TA_XBoulevard XCalaveras XAmes)
(HOMESAFE TA_XBoulevard Xames)
(DROPOFF TA_XAmes XPotrero)
(WALK TA_XAmes XPotrero XGarden)
(WALK TA_XAmes XGarden XBoulevard)
(HOMESAFE TA_XAmes Xboulevard)
(DROPOFF TA_XSanta XPotrero)
(WALK TA_XSanta XPotrero XClayton)
(WALK TA_XSanta XClayton XFiorini)
(HOMESAFE TA_XSanta Xfiorini)
(DROPOFF TA_XLinden XPotrero)
(WALK TA_XLinden XPotrero XBanning)
(WALK TA_XLinden XBanning XSmoke)
(HOMESAFE TA_XLinden Xsmoke)
(DROPOFF TA_XWarner XPotrero)
(WALK TA_XWarner XPotrero XWoffard)
(WALK TA_XWarner XWoffard XLaguna)
(HOMESAFE TA_XWarner Xlaguna)
(DROPOFF TA_XPotrero XPotrero)
(WALK TA_XPotrero XPotrero XRamona)
(WALK TA_XPotrero XRamona XIda)
(HOMESAFE TA_XPotrero Xida)
(DROPOFF TA_XHume XPotrero)
(WALK TA_XHume XPotrero XHome)
(WALK TA_XHume XHome XCarmel)
(HOMESAFE TA_XHume Xcarmel)
(DROPOFF TA_XClayton XPotrero)
(WALK TA_XClayton XPotrero XMerced)
(WALK TA_XClayton XMerced XOceanside)
(HOMESAFE TA_XClayton Xoceanside)
