(DRIVE XSoda XDoe)
(DROPOFF TA_XFoothill XDoe)
(HOMESAFE TA_XFoothill Xdoe)
(DRIVE XDoe XUniversityVillage)
(DRIVE XUniversityVillage XBowles)
(DROPOFF TA_XUnit3 XBowles)
(HOMESAFE TA_XUnit3 Xbowles)
(DRIVE XBowles XUniversityVillage)
(DRIVE XUniversityVillage XDoe)
(DRIVE XDoe XGreekTheatre)
(DROPOFF TA_XUnit2 XGreekTheatre)
(HOMESAFE TA_XUnit2 XgreekTheatre)
(DRIVE XGreekTheatre XDoe)
(DRIVE XDoe XSoda)
(DRIVE XSoda XLeConte)
(DROPOFF TA_XUnit1 XLeConte)
(HOMESAFE TA_XUnit1 XleConte)
(DRIVE XLeConte XFoothill)
(DROPOFF TA_XInternationalHouse XFoothill)
(HOMESAFE TA_XInternationalhouse Xfoothill)
(DRIVE XFoothill XLeConte)
(DRIVE XLeConte XWheeler)
(DROPOFF TA_XLawrenceHall XWheeler)
(HOMESAFE TA_XLawrencehall Xwheeler)
(DRIVE XWheeler XBoalt)
(DRIVE XBoalt XHilgardHall)
(DRIVE XHilgardHall XGilman)
(DROPOFF TA_XBerkeleyWayWest XGilman)
(HOMESAFE TA_XBerkeleywaywest Xgilman)
(DRIVE XGilman XCory)
(DRIVE XCory XBlackwell)
(DRIVE XBlackwell XUnit1)
(DROPOFF TA_XBAMPFA XUnit1)
(HOMESAFE TA_XBAMPFA XUnit1)
(DRIVE XUnit1 XHesseHall)
(DRIVE XHesseHall XStern)
(DROPOFF TA_XGreekTheatre XStern)
(HOMESAFE TA_XGreektheatre Xstern)
(DRIVE XStern XHesseHall)
(DRIVE XHesseHall XCampanile)
(DROPOFF TA_XCampbell XCampanile)
(DRIVE XCampanile XBerkeleyWayWest)
(DROPOFF TA_XStern XBerkeleyWayWest)
(DRIVE XBerkeleyWayWest XSoda)
(DRIVE XSoda XDoe)
(WALK TA_XCampbell XCampanile XEvans)
(WALK TA_XStern XBerkeleyWayWest XCampanile)
(WALK TA_XCampbell XEvans XBAMPFA)
(HOMESAFE TA_XCampbell XbAMPFA)
(WALK TA_XStern XCampanile XEvans)
(HOMESAFE TA_XStern Xevans)
(DRIVE XDoe XSoda)
(DRIVE XSoda XBerkeleyWayWest)
(DROPOFF TA_XDurantHall XBerkeleyWayWest)
(DRIVE XBerkeleyWayWest XSoda)
(WALK TA_XDurantHall XBerkeleyWayWest XCampanile)
(HOMESAFE TA_XDuranthall Xcampanile)
(DRIVE XSoda XBerkeleyWayWest)
(DROPOFF TA_XBancroftLibrary XBerkeleyWayWest)
(DRIVE XBerkeleyWayWest XSoda)
(DRIVE XSoda XDoe)
(WALK TA_XBancroftLibrary XBerkeleyWayWest XBotanicalGardens)
(WALK TA_XBancroftLibrary XBotanicalGardens XHearstMining)
(DRIVE XDoe XLawrenceHall)
(DROPOFF TA_XBowles XLawrenceHall)
(DRIVE XLawrenceHall XDoe)
(WALK TA_XBowles XLawrenceHall XMemorialStadium)
(WALK TA_XBowles XMemorialStadium XInternationalHouse)
(HOMESAFE TA_XBowles XinternationalHouse)
(DRIVE XDoe XUniversityVillage)
(WALK TA_XBancroftLibrary XHearstMining XDwinelle)
(DRIVE XUniversityVillage XHildebrandHall)
(DROPOFF TA_XSouthHall XHildebrandHall)
(DROPOFF TA_XDoe XHildebrandHall)
(HOMESAFE TA_XBancroftlibrary Xdwinelle)
(DRIVE XHildebrandHall XGilman)
(DRIVE XGilman XCory)
(WALK TA_XSouthHall XHildebrandHall XCaliforniaHall)
(WALK TA_XSouthHall XCaliforniaHall XHilgardHall)
(WALK TA_XSouthHall XHilgardHall XHearstMining)
(HOMESAFE TA_XSouthhall XhearstMining)
(WALK TA_XDoe XHildebrandHall XCaliforniaHall)
(HOMESAFE TA_XDoe XcaliforniaHall)
(DRIVE XCory XBlackwell)
(DRIVE XBlackwell XBancroftLibrary)
(DRIVE XBancroftLibrary XUnit2)
(DROPOFF TA_XCaliforniaHall XUnit2)
(HOMESAFE TA_XCaliforniahall Xunit2)
(DRIVE XUnit2 XDurantHall)
(DROPOFF TA_XGilman XDurantHall)
(DRIVE XDurantHall XUnit2)
(HOMESAFE TA_XGilman XdurantHall)
(DRIVE XUnit2 XBancroftLibrary)
(DROPOFF TA_XDwinelle XBancroftLibrary)
(DRIVE XBancroftLibrary XBlackwell)
(DRIVE XBlackwell XUnit1)
(DRIVE XUnit1 XSouthHall)
(DRIVE XSouthHall XMoffit)
(DROPOFF TA_XMoffit XMoffit)
(DRIVE XMoffit XSouthHall)
(DROPOFF TA_XLeConte XSouthHall)
(HOMESAFE TA_XLeconte XsouthHall)
(DRIVE XSouthHall XDavisHall)
(DRIVE XDavisHall XCory)
(DRIVE XCory XCampbell)
(DROPOFF TA_XCampanile XCampbell)
(HOMESAFE TA_XCampanile Xcampbell)
(DRIVE XCampbell XUnit3)
(HOMESAFE TA_XMoffit Xmoffit)
(DROPOFF TA_XWheeler XUnit3)
(DRIVE XUnit3 XBarrows)
(DRIVE XBarrows XCaliforniaHall)
(DRIVE XCaliforniaHall XHildebrandHall)
(DRIVE XHildebrandHall XUniversityVillage)
(DRIVE XUniversityVillage XDoe)
(HOMESAFE TA_XWheeler Xunit3)
(DRIVE XDoe XLawrenceHall)
(DROPOFF TA_XHearstMining XLawrenceHall)
(HOMESAFE TA_XHearstmining XlawrenceHall)
(DRIVE XLawrenceHall XDoe)
(DRIVE XDoe XSoda)
(DRIVE XSoda XBerkeleyWayWest)
(DROPOFF TA_XEvans XBerkeleyWayWest)
(HOMESAFE TA_XEvans XberkeleyWayWest)
(HOMESAFE TA_XDwinelle XbancroftLibrary)
(DRIVE XBerkeleyWayWest XSoda)
