(DROPOFF TA_XThaiNoodle XEvans)
(WALK TA_XThaiNoodle XEvans XCory)
(HOMESAFE TA_XThainoodle Xcory)
(DROPOFF TA_XCaliforniaHall XEvans)
(WALK TA_XCaliforniaHall XEvans XArtichokes)
(WALK TA_XCaliforniaHall XArtichokes XSoda)
(HOMESAFE TA_XCaliforniahall Xsoda)
(DROPOFF TA_XLeConte XEvans)
(WALK TA_XLeConte XEvans XArtichokes)
(WALK TA_XLeConte XArtichokes XFoothill)
(HOMESAFE TA_XLeconte Xfoothill)
(DROPOFF TA_XBAMPFA XEvans)
(WALK TA_XBAMPFA XEvans XWursterHall)
(WALK TA_XBAMPFA XWursterHall XCampbell)
(HOMESAFE TA_XBAMPFA XCampbell)
(DROPOFF TA_XAlumniHouse XEvans)
(WALK TA_XAlumniHouse XEvans XWursterHall)
(WALK TA_XAlumniHouse XWursterHall XMoffit)
(HOMESAFE TA_XAlumnihouse Xmoffit)
(DROPOFF TA_XHilgardHall XEvans)
(WALK TA_XHilgardHall XEvans XArtichokes)
(WALK TA_XHilgardHall XArtichokes XNorthHall)
(WALK TA_XHilgardHall XNorthHall XUnit3)
(HOMESAFE TA_XHilgardhall Xunit3)
(DROPOFF TA_XUnit1 XEvans)
(WALK TA_XUnit1 XEvans XWursterHall)
(WALK TA_XUnit1 XWursterHall XMoffit)
(WALK TA_XUnit1 XMoffit XLeConte)
(HOMESAFE TA_XUnit1 XleConte)
(DROPOFF TA_XDoe XEvans)
(WALK TA_XDoe XEvans XWursterHall)
(WALK TA_XDoe XWursterHall XCornerstone)
(WALK TA_XDoe XCornerstone XZellerbachHall)
(HOMESAFE TA_XDoe XzellerbachHall)
(DROPOFF TA_XHearstMining XEvans)
(WALK TA_XHearstMining XEvans XWursterHall)
(WALK TA_XHearstMining XWursterHall XKroeberHall)
(WALK TA_XHearstMining XKroeberHall XEtcheverry)
(HOMESAFE TA_XHearstmining Xetcheverry)
(DROPOFF TA_XHAAS XEvans)
(WALK TA_XHAAS XEvans XWursterHall)
(WALK TA_XHAAS XWursterHall XMoffit)
(WALK TA_XHAAS XMoffit XSouthHall)
(HOMESAFE TA_XHAAS XSouthHall)
(DROPOFF TA_XRSF XEvans)
(WALK TA_XRSF XEvans XWursterHall)
(WALK TA_XRSF XWursterHall XKroeberHall)
(WALK TA_XRSF XKroeberHall XBarrows)
(HOMESAFE TA_XRSF XBarrows)
(DROPOFF TA_XBotanicalGardens XEvans)
(WALK TA_XBotanicalGardens XEvans XWursterHall)
(WALK TA_XBotanicalGardens XWursterHall XCampbell)
(WALK TA_XBotanicalGardens XCampbell XEshelman)
(HOMESAFE TA_XBotanicalgardens Xeshelman)
(DROPOFF TA_XSouthHall XEvans)
(WALK TA_XSouthHall XEvans XWursterHall)
(WALK TA_XSouthHall XWursterHall XCornerstone)
(WALK TA_XSouthHall XCornerstone XSutardjaDai)
(HOMESAFE TA_XSouthhall XsutardjaDai)
(DROPOFF TA_XUnit3 XEvans)
(WALK TA_XUnit3 XEvans XWursterHall)
(WALK TA_XUnit3 XWursterHall XCornerstone)
(WALK TA_XUnit3 XCornerstone XCampanile)
(HOMESAFE TA_XUnit3 Xcampanile)
(DROPOFF TA_XHildebrandHall XEvans)
(WALK TA_XHildebrandHall XEvans XWursterHall)
(WALK TA_XHildebrandHall XWursterHall XCampbell)
(WALK TA_XHildebrandHall XCampbell XDurantHall)
(HOMESAFE TA_XHildebrandhall XdurantHall)
(DROPOFF TA_XFoothill XEvans)
(WALK TA_XFoothill XEvans XArtichokes)
(WALK TA_XFoothill XArtichokes XNorthHall)
(WALK TA_XFoothill XNorthHall XVLSB)
(HOMESAFE TA_XFoothill XvLSB)
(DROPOFF TA_XUniversityVillage XEvans)
(WALK TA_XUniversityVillage XEvans XWursterHall)
(WALK TA_XUniversityVillage XWursterHall XPlentea)
(WALK TA_XUniversityVillage XPlentea XDoe)
(HOMESAFE TA_XUniversityvillage Xdoe)
(DROPOFF TA_XDavisHall XEvans)
(WALK TA_XDavisHall XEvans XArtichokes)
(WALK TA_XDavisHall XArtichokes XFoothill)
(WALK TA_XDavisHall XFoothill XHAAS)
(HOMESAFE TA_XDavishall XhAAS)
(DROPOFF TA_XGreekTheatre XEvans)
(WALK TA_XGreekTheatre XEvans XWursterHall)
(WALK TA_XGreekTheatre XWursterHall XKroeberHall)
(WALK TA_XGreekTheatre XKroeberHall XBowles)
(HOMESAFE TA_XGreektheatre Xbowles)
(DROPOFF TA_XBarrows XEvans)
(WALK TA_XBarrows XEvans XWursterHall)
(WALK TA_XBarrows XWursterHall XCornerstone)
(WALK TA_XBarrows XCornerstone XBancroftLibrary)
(HOMESAFE TA_XBarrows XbancroftLibrary)
(DROPOFF TA_XUnit2 XEvans)
(WALK TA_XUnit2 XEvans XWursterHall)
(WALK TA_XUnit2 XWursterHall XMoffit)
(WALK TA_XUnit2 XMoffit XSouthHall)
(WALK TA_XUnit2 XSouthHall XHesseHall)
(HOMESAFE TA_XUnit2 XhesseHall)
(DROPOFF TA_XCampbell XEvans)
(WALK TA_XCampbell XEvans XWursterHall)
(WALK TA_XCampbell XWursterHall XPlentea)
(WALK TA_XCampbell XPlentea XLatimerHall)
(WALK TA_XCampbell XLatimerHall XMLK)
(HOMESAFE TA_XCampbell XmLK)
(DROPOFF TA_XStern XEvans)
(WALK TA_XStern XEvans XWursterHall)
(WALK TA_XStern XWursterHall XPlentea)
(WALK TA_XStern XPlentea XStrawberryCreek)
(WALK TA_XStern XStrawberryCreek XUnit1)
(HOMESAFE TA_XStern Xunit1)
(DROPOFF TA_XBoalt XEvans)
(WALK TA_XBoalt XEvans XWursterHall)
(WALK TA_XBoalt XWursterHall XCornerstone)
(WALK TA_XBoalt XCornerstone XFirewings)
(WALK TA_XBoalt XFirewings XHilgardHall)
(HOMESAFE TA_XBoalt XhilgardHall)
(DROPOFF TA_XMoffit XEvans)
(WALK TA_XMoffit XEvans XArtichokes)
(WALK TA_XMoffit XArtichokes XFoothill)
(WALK TA_XMoffit XFoothill XUnderhill)
(WALK TA_XMoffit XUnderhill XBlackwell)
(HOMESAFE TA_XMoffit Xblackwell)
(DROPOFF TA_XWheeler XEvans)
(WALK TA_XWheeler XEvans XWursterHall)
(WALK TA_XWheeler XWursterHall XPlentea)
(WALK TA_XWheeler XPlentea XStrawberryCreek)
(WALK TA_XWheeler XStrawberryCreek XGreekTheatre)
(HOMESAFE TA_XWheeler XgreekTheatre)
(DROPOFF TA_XMLK XEvans)
(WALK TA_XMLK XEvans XWursterHall)
(WALK TA_XMLK XWursterHall XCornerstone)
(WALK TA_XMLK XCornerstone XFirewings)
(WALK TA_XMLK XFirewings XCaliforniaHall)
(HOMESAFE TA_XMLK XCaliforniaHall)
(DROPOFF TA_XGilman XEvans)
(WALK TA_XGilman XEvans XWursterHall)
(WALK TA_XGilman XWursterHall XCampbell)
(WALK TA_XGilman XCampbell XMorrisonhall)
(WALK TA_XGilman XMorrisonhall XDwinelle)
(HOMESAFE TA_XGilman Xdwinelle)
(DROPOFF TA_XBancroftLibrary XEvans)
(WALK TA_XBancroftLibrary XEvans XWursterHall)
(WALK TA_XBancroftLibrary XWursterHall XCampbell)
(WALK TA_XBancroftLibrary XCampbell XDurantHall)
(WALK TA_XBancroftLibrary XDurantHall XUnit2)
(HOMESAFE TA_XBancroftlibrary Xunit2)
(DROPOFF TA_XMemorialStadium XEvans)
(WALK TA_XMemorialStadium XEvans XWursterHall)
(WALK TA_XMemorialStadium XWursterHall XMoffit)
(WALK TA_XMemorialStadium XMoffit XHappyLemon)
(WALK TA_XMemorialStadium XHappyLemon XLawrenceHall)
(HOMESAFE TA_XMemorialstadium XlawrenceHall)
(DROPOFF TA_XBowles XEvans)
(WALK TA_XBowles XEvans XWursterHall)
(WALK TA_XBowles XWursterHall XCornerstone)
(WALK TA_XBowles XCornerstone XFirewings)
(WALK TA_XBowles XFirewings XRSF)
(HOMESAFE TA_XBowles XrSF)
(DROPOFF TA_XHavilandHall XEvans)
(WALK TA_XHavilandHall XEvans XArtichokes)
(WALK TA_XHavilandHall XArtichokes XNorthHall)
(WALK TA_XHavilandHall XNorthHall XVLSB)
(WALK TA_XHavilandHall XVLSB XHavilandHall)
(HOMESAFE TA_XHavilandhall XhavilandHall)
(DROPOFF TA_XSutardjaDai XEvans)
(WALK TA_XSutardjaDai XEvans XWursterHall)
(WALK TA_XSutardjaDai XWursterHall XKroeberHall)
(WALK TA_XSutardjaDai XKroeberHall XBarrows)
(WALK TA_XSutardjaDai XBarrows XBAMPFA)
(HOMESAFE TA_XSutardjadai XbAMPFA)
(DROPOFF TA_XDwinelle XEvans)
(WALK TA_XDwinelle XEvans XArtichokes)
(WALK TA_XDwinelle XArtichokes XNorthHall)
(WALK TA_XDwinelle XNorthHall XVLSB)
(WALK TA_XDwinelle XVLSB XHearstMining)
(HOMESAFE TA_XDwinelle XhearstMining)
(DROPOFF TA_XCampanile XEvans)
(WALK TA_XCampanile XEvans XWursterHall)
(WALK TA_XCampanile XWursterHall XPlentea)
(WALK TA_XCampanile XPlentea XLatimerHall)
(WALK TA_XCampanile XLatimerHall XMLK)
(WALK TA_XCampanile XMLK XHildebrandHall)
(HOMESAFE TA_XCampanile XhildebrandHall)
(DROPOFF TA_XKresge XEvans)
(WALK TA_XKresge XEvans XArtichokes)
(WALK TA_XKresge XArtichokes XNorthHall)
(WALK TA_XKresge XNorthHall XUnit3)
(WALK TA_XKresge XUnit3 XSpats)
(WALK TA_XKresge XSpats XBoalt)
(HOMESAFE TA_XKresge Xboalt)
(DROPOFF TA_XCory XEvans)
(WALK TA_XCory XEvans XWursterHall)
(WALK TA_XCory XWursterHall XCornerstone)
(WALK TA_XCory XCornerstone XZellerbachHall)
(WALK TA_XCory XZellerbachHall XSatherGate)
(WALK TA_XCory XSatherGate XInternationalHouse)
(HOMESAFE TA_XCory XinternationalHouse)
(DROPOFF TA_XBlackwell XEvans)
(WALK TA_XBlackwell XEvans XWursterHall)
(WALK TA_XBlackwell XWursterHall XKroeberHall)
(WALK TA_XBlackwell XKroeberHall XBarrows)
(WALK TA_XBlackwell XBarrows XHortonHall)
(WALK TA_XBlackwell XHortonHall XUniversityVillage)
(HOMESAFE TA_XBlackwell XuniversityVillage)
(DROPOFF TA_XEtcheverry XEvans)
(WALK TA_XEtcheverry XEvans XWursterHall)
(WALK TA_XEtcheverry XWursterHall XPlentea)
(WALK TA_XEtcheverry XPlentea XStrawberryCreek)
(WALK TA_XEtcheverry XStrawberryCreek XMemorialGlade)
(WALK TA_XEtcheverry XMemorialGlade XKresge)
(HOMESAFE TA_XEtcheverry Xkresge)
(DROPOFF TA_XLawrenceHall XEvans)
(WALK TA_XLawrenceHall XEvans XWursterHall)
(WALK TA_XLawrenceHall XWursterHall XMoffit)
(WALK TA_XLawrenceHall XMoffit XLeConte)
(WALK TA_XLawrenceHall XLeConte XHortonHall)
(WALK TA_XLawrenceHall XHortonHall XMemorialStadium)
(HOMESAFE TA_XLawrencehall XmemorialStadium)
(DROPOFF TA_XDurantHall XEvans)
(WALK TA_XDurantHall XEvans XWursterHall)
(WALK TA_XDurantHall XWursterHall XKroeberHall)
(WALK TA_XDurantHall XKroeberHall XBarrows)
(WALK TA_XDurantHall XBarrows XUnit2)
(WALK TA_XDurantHall XUnit2 XStern)
(HOMESAFE TA_XDuranthall Xstern)
(DROPOFF TA_XBerkeleyWayWest XEvans)
(WALK TA_XBerkeleyWayWest XEvans XWursterHall)
(WALK TA_XBerkeleyWayWest XWursterHall XPlentea)
(WALK TA_XBerkeleyWayWest XPlentea XDoe)
(WALK TA_XBerkeleyWayWest XDoe XSatherGate)
(WALK TA_XBerkeleyWayWest XSatherGate XGiauqueHall)
(HOMESAFE TA_XBerkeleywaywest XgiauqueHall)
(DROPOFF TA_XCanyonPool XEvans)
(WALK TA_XCanyonPool XEvans XWursterHall)
(WALK TA_XCanyonPool XWursterHall XCornerstone)
(WALK TA_XCanyonPool XCornerstone XCampanile)
(WALK TA_XCanyonPool XCampanile XMarugame)
(WALK TA_XCanyonPool XMarugame XGilman)
(HOMESAFE TA_XCanyonpool Xgilman)
(DROPOFF TA_XInternationalHouse XEvans)
(WALK TA_XInternationalHouse XEvans XWursterHall)
(WALK TA_XInternationalHouse XWursterHall XPlentea)
(WALK TA_XInternationalHouse XPlentea XStrawberryCreek)
(WALK TA_XInternationalHouse XStrawberryCreek XGreekTheatre)
(WALK TA_XInternationalHouse XGreekTheatre XCanyonPool)
(HOMESAFE TA_XInternationalhouse XcanyonPool)
(DROPOFF TA_XZellerbachHall XEvans)
(WALK TA_XZellerbachHall XEvans XArtichokes)
(WALK TA_XZellerbachHall XArtichokes XFoothill)
(WALK TA_XZellerbachHall XFoothill XUnderhill)
(WALK TA_XZellerbachHall XUnderhill XLewisHall)
(WALK TA_XZellerbachHall XLewisHall XDavisHall)
(HOMESAFE TA_XZellerbachhall XdavisHall)
(DROPOFF TA_XEshelman XEvans)
(WALK TA_XEshelman XEvans XWursterHall)
(WALK TA_XEshelman XWursterHall XCampbell)
(WALK TA_XEshelman XCampbell XMorrisonhall)
(WALK TA_XEshelman XMorrisonhall XDwinelle)
(WALK TA_XEshelman XDwinelle XThaiNoodle)
(HOMESAFE TA_XEshelman XthaiNoodle)
(DROPOFF TA_XSoda XEvans)
(WALK TA_XSoda XEvans XWursterHall)
(WALK TA_XSoda XWursterHall XCornerstone)
(WALK TA_XSoda XCornerstone XCampanile)
(WALK TA_XSoda XCampanile XMarugame)
(WALK TA_XSoda XMarugame XGilman)
(WALK TA_XSoda XGilman XBotanicalGardens)
(HOMESAFE TA_XSoda XbotanicalGardens)
(DROPOFF TA_XVLSB XEvans)
(WALK TA_XVLSB XEvans XArtichokes)
(WALK TA_XVLSB XArtichokes XFoothill)
(WALK TA_XVLSB XFoothill XUnderhill)
(WALK TA_XVLSB XUnderhill XBlackwell)
(WALK TA_XVLSB XBlackwell XImmThai)
(WALK TA_XVLSB XImmThai XAlumniHouse)
(HOMESAFE TA_XVLSB XAlumniHouse)
(DROPOFF TA_XHesseHall XEvans)
(WALK TA_XHesseHall XEvans XWursterHall)
(WALK TA_XHesseHall XWursterHall XPlentea)
(WALK TA_XHesseHall XPlentea XDoe)
(WALK TA_XHesseHall XDoe XHortonHall)
(WALK TA_XHesseHall XHortonHall XUniversityVillage)
(WALK TA_XHesseHall XUniversityVillage XWheeler)
(HOMESAFE TA_XHessehall Xwheeler)
(DROPOFF TA_XGiauqueHall XEvans)
(WALK TA_XGiauqueHall XEvans XArtichokes)
(WALK TA_XGiauqueHall XArtichokes XFoothill)
(WALK TA_XGiauqueHall XFoothill XUnderhill)
(WALK TA_XGiauqueHall XUnderhill XBlackwell)
(WALK TA_XGiauqueHall XBlackwell XImmThai)
(WALK TA_XGiauqueHall XImmThai XAlumniHouse)
(WALK TA_XGiauqueHall XAlumniHouse XBerkeleyWayWest)
(HOMESAFE TA_XGiauquehall XberkeleyWayWest)
