(DRIVE XShower0 XToilet12)
(DRIVE XToilet12 XPuppy19)
(DROPOFF TA_XPlants3 XPuppy19)
(HOMESAFE TA_XPlants3 Xpuppy19)
(DRIVE XPuppy19 XWebsites24)
(DRIVE XWebsites24 XYouTube4)
(DROPOFF TA_XAllergies7 XYouTube4)
(HOMESAFE TA_XAllergies7 XyouTube4)
(DRIVE XYouTube4 XIce42)
(DROPOFF TA_XBBQ38 XIce42)
(DRIVE XIce42 XYouTube4)
(WALK TA_XBBQ38 XIce42 XToilet45)
(DRIVE XYouTube4 XWebsites24)
(WALK TA_XBBQ38 XToilet45 XBBQ38)
(WALK TA_XBBQ38 XBBQ38 XPlants3)
(DRIVE XWebsites24 XNuclear43)
(DROPOFF TA_XLight1 XNuclear43)
(HOMESAFE TA_XLight1 Xnuclear43)
(WALK TA_XBBQ38 XPlants3 XBBQ38)
(DRIVE XNuclear43 XWebsites24)
(DRIVE XWebsites24 XMonster32)
(DROPOFF TA_XIce30 XMonster32)
(DRIVE XMonster32 XElevator35)
(DROPOFF TA_XBBQ36 XElevator35)
(HOMESAFE TA_XBBQ36 XElevator35)
(DRIVE XElevator35 XRollers40)
(DRIVE XRollers40 XSink37)
(DROPOFF TA_XCone13 XSink37)
(DRIVE XSink37 XRollers40)
(DRIVE XRollers40 XShower0)
(DROPOFF TA_XSoda18 XShower0)
(DRIVE XShower0 XRobot49)
(DROPOFF TA_XCrab16 XRobot49)
(HOMESAFE TA_XCrab16 Xrobot49)
(WALK TA_XBBQ38 XBBQ38 XPrints25)
(WALK TA_XCone13 XSink37 XRollers40)
(WALK TA_XCone13 XRollers40 XLaptop22)
(DRIVE XRobot49 XCat44)
(DROPOFF TA_XToilet26 XCat44)
(HOMESAFE TA_XToilet26 Xcat44)
(WALK TA_XBBQ38 XPrints25 XToilet26)
(DRIVE XCat44 XLight1)
(DROPOFF TA_XMonster32 XLight1)
(HOMESAFE TA_XMonster32 Xlight1)
(DRIVE XLight1 XCat44)
(WALK TA_XBBQ38 XToilet26 XBBQ38)
(HOMESAFE TA_XIce30 Xmonster32)
(DRIVE XCat44 XToilet45)
(DROPOFF TA_XAndroid27 XToilet45)
(DRIVE XToilet45 XShower0)
(WALK TA_XBBQ38 XBBQ38 XPrints25)
(DRIVE XShower0 XRobot49)
(WALK TA_XBBQ38 XPrints25 XToilet26)
(DRIVE XRobot49 XFence29)
(DRIVE XFence29 XBBQ36)
(DROPOFF TA_XCat44 XBBQ36)
(HOMESAFE TA_XCat44 XbBQ36)
(DRIVE XBBQ36 XFence29)
(DRIVE XFence29 XRobot49)
(DRIVE XRobot49 XShower0)
(WALK TA_XBBQ38 XToilet26 XRing33)
(WALK TA_XAndroid27 XToilet45 XPost17)
(WALK TA_XCone13 XLaptop22 XRollers40)
(WALK TA_XCone13 XRollers40 XSink37)
(WALK TA_XAndroid27 XPost17 XPrints25)
(WALK TA_XAndroid27 XPrints25 XBBQ38)
(WALK TA_XBBQ38 XRing33 XSoap14)
(WALK TA_XCone13 XSink37 XAndroid27)
(HOMESAFE TA_XCone13 Xandroid27)
(DRIVE XShower0 XWebsites15)
(WALK TA_XBBQ38 XSoap14 XWebsite21)
(DRIVE XWebsites15 XLaptop22)
(DROPOFF TA_XIce42 XLaptop22)
(HOMESAFE TA_XIce42 Xlaptop22)
(DRIVE XLaptop22 XRollers40)
(DRIVE XRollers40 XSink37)
(DROPOFF TA_XNuclear43 XSink37)
(HOMESAFE TA_XNuclear43 Xsink37)
(DRIVE XSink37 XWebsites15)
(DRIVE XWebsites15 XLaptop22)
(WALK TA_XAndroid27 XBBQ38 XPrints25)
(WALK TA_XAndroid27 XPrints25 XPost17)
(DROPOFF TA_XToilet45 XLaptop22)
(DRIVE XLaptop22 XShower0)
(WALK TA_XAndroid27 XPost17 XPrints25)
(WALK TA_XAndroid27 XPrints25 XBBQ38)
(WALK TA_XToilet45 XLaptop22 XAllergies7)
(HOMESAFE TA_XToilet45 Xallergies7)
(DRIVE XShower0 XCone13)
(DROPOFF TA_XRobot49 XCone13)
(HOMESAFE TA_XRobot49 Xcone13)
(DRIVE XCone13 XShower0)
(WALK TA_XAndroid27 XBBQ38 XPrints25)
(DRIVE XShower0 XIce30)
(DROPOFF TA_XPuppy19 XIce30)
(DRIVE XIce30 XShower0)
(WALK TA_XAndroid27 XPrints25 XToilet26)
(WALK TA_XPuppy19 XIce30 XToilet45)
(WALK TA_XPuppy19 XToilet45 XIce42)
(DRIVE XShower0 XIce30)
(DROPOFF TA_XLaptop22 XIce30)
(HOMESAFE TA_XPuppy19 Xice42)
(DRIVE XIce30 XShower0)
(WALK TA_XLaptop22 XIce30 XToilet45)
(HOMESAFE TA_XLaptop22 Xtoilet45)
(DRIVE XShower0 XIce30)
(DROPOFF TA_XSink37 XIce30)
(DRIVE XIce30 XShower0)
(WALK TA_XAndroid27 XToilet26 XMail41)
(HOMESAFE TA_XAndroid27 Xmail41)
(WALK TA_XSink37 XIce30 XPlants3)
(WALK TA_XSink37 XPlants3 XBBQ38)
(WALK TA_XSink37 XBBQ38 XToilet26)
(DRIVE XShower0 XIce30)
(DROPOFF TA_XPrints25 XIce30)
(DRIVE XIce30 XShower0)
(WALK TA_XSink37 XToilet26 XPrints25)
(WALK TA_XBBQ38 XWebsite21 XSoap14)
(WALK TA_XSink37 XPrints25 XCrab16)
(HOMESAFE TA_XSink37 Xcrab16)
(WALK TA_XPrints25 XIce30 XPlants3)
(WALK TA_XPrints25 XPlants3 XBBQ38)
(WALK TA_XPrints25 XBBQ38 XToilet26)
(DRIVE XShower0 XIce30)
(DROPOFF TA_XElevator35 XIce30)
(DRIVE XIce30 XShower0)
(WALK TA_XBBQ38 XSoap14 XRing33)
(HOMESAFE TA_XBBQ38 XRing33)
(WALK TA_XElevator35 XIce30 XPrints46)
(WALK TA_XElevator35 XPrints46 XSoda18)
(HOMESAFE TA_XElevator35 Xsoda18)
(DRIVE XShower0 XIce30)
(DROPOFF TA_XYouTube4 XIce30)
(HOMESAFE TA_XPrints25 Xtoilet26)
(DRIVE XIce30 XPlants3)
(DROPOFF TA_XRing33 XPlants3)
(HOMESAFE TA_XRing33 Xplants3)
(DRIVE XPlants3 XBBQ38)
(DROPOFF TA_XMail41 XBBQ38)
(HOMESAFE TA_XMail41 XbBQ38)
(DRIVE XBBQ38 XShower0)
(WALK TA_XYouTube4 XIce30 XPlants3)
(WALK TA_XYouTube4 XPlants3 XPrints25)
(HOMESAFE TA_XYoutube4 Xprints25)
(WALK TA_XSoda18 XShower0 XIce30)
(HOMESAFE TA_XSoda18 Xice30)
