(DRIVE XGOld Xsay)
(DROPOFF TA_Xwhat Xsay)
(HOMESAFE TA_Xwhat Xsay)
(DRIVE Xsay XGOld)
(DRIVE XGOld XU)
(DROPOFF TA_XGEt XU)
(HOMESAFE TA_XGEt Xu)
(DRIVE XU XGOld)
(DRIVE XGOld XSo)
(DROPOFF TA_XSHooting XSo)
(HOMESAFE TA_XSHooting Xso)
(DRIVE XSo XGOld)
(DRIVE XGOld XFed)
(DROPOFF TA_Xand XFed)
(HOMESAFE TA_Xand Xfed)
(DRIVE XFed XGOld)
(DRIVE XGOld Xstop)
(DRIVE Xstop Xshape)
(DRIVE Xshape Xmuch)
(DROPOFF TA_XGO Xmuch)
(HOMESAFE TA_XGO Xmuch)
(DRIVE Xmuch Xshape)
(DRIVE Xshape Xyoure)
(DRIVE Xyoure XLive)
(DROPOFF TA_Xsee XLive)
(HOMESAFE TA_Xsee Xlive)
(DRIVE XLive Xyoure)
(DRIVE Xyoure Xshape)
(DRIVE Xshape Xstop)
(DRIVE Xstop XalL)
(DROPOFF TA_XMy XalL)
(HOMESAFE TA_XMy XalL)
(DRIVE XalL Xstop)
(DRIVE Xstop Xshape)
(DRIVE Xshape XWell)
(DROPOFF TA_Xhead XWell)
(HOMESAFE TA_Xhead Xwell)
(DRIVE XWell Xshape)
(DRIVE Xshape Xyoure)
(DRIVE Xyoure Xwhat)
(DROPOFF TA_XYouLL Xwhat)
(HOMESAFE TA_XYoull Xwhat)
(DRIVE Xwhat Xyoure)
(DRIVE Xyoure Xforehead)
(DROPOFF TA_XmYself Xforehead)
(HOMESAFE TA_Xmyself Xforehead)
(DRIVE Xforehead Xyoure)
(DRIVE Xyoure Xshape)
(DRIVE Xshape Xstop)
(DRIVE Xstop Xget)
(DROPOFF TA_Xsay Xget)
(HOMESAFE TA_Xsay Xget)
(DRIVE Xget Xstop)
(DRIVE Xstop Xnever)
(DROPOFF TA_Xget Xnever)
(HOMESAFE TA_Xget Xnever)
(DRIVE Xnever Xstop)
(DRIVE Xstop Xshape)
(DRIVE Xshape Xyoure)
(DRIVE Xyoure Xhit)
(DROPOFF TA_Xmuch Xhit)
(HOMESAFE TA_Xmuch Xhit)
(DRIVE Xhit Xyoure)
(DRIVE Xyoure Xshape)
(DRIVE Xshape XyOure)
(DROPOFF TA_Xhit XyOure)
(HOMESAFE TA_Xhit XyOure)
(DRIVE XyOure Xshape)
(DRIVE Xshape Xyoure)
(DRIVE Xyoure Xyou)
(DRIVE Xyou Xground)
(DRIVE Xground Xabout)
(DROPOFF TA_XshootinG Xabout)
(HOMESAFE TA_Xshooting Xabout)
(DRIVE Xabout Xground)
(DRIVE Xground XIn)
(DRIVE XIn XOn)
(DRIVE XOn Xsense)
(DROPOFF TA_Xcolder Xsense)
(HOMESAFE TA_Xcolder Xsense)
(DRIVE Xsense XOn)
(DRIVE XOn Xlittle)
(DROPOFF TA_XDidn Xlittle)
(HOMESAFE TA_XDidn Xlittle)
(DRIVE Xlittle XOn)
(DRIVE XOn Xshine)
(DROPOFF TA_Xlittle Xshine)
(HOMESAFE TA_Xlittle Xshine)
(DRIVE Xshine XOn)
(DRIVE XOn XCOuld)
(DRIVE XCOuld XchAnge)
(DROPOFF TA_XchAnge XchAnge)
(HOMESAFE TA_Xchange XchAnge)
(DRIVE XchAnge XCOuld)
(DRIVE XCOuld Xwell)
(DROPOFF TA_XKnow Xwell)
(HOMESAFE TA_XKnow Xwell)
(DRIVE Xwell XCOuld)
(DRIVE XCOuld Xyep)
(DRIVE Xyep Xshow)
(DROPOFF TA_Xbreak Xshow)
(HOMESAFE TA_Xbreak Xshow)
(DRIVE Xshow Xyep)
(DRIVE Xyep Xrules)
(DROPOFF TA_XYOURE Xrules)
(HOMESAFE TA_XYOURE Xrules)
(DRIVE Xrules Xyep)
(DRIVE Xyep Xgett)
(DRIVE Xgett Xhead)
(DROPOFF TA_Xnow Xhead)
(HOMESAFE TA_Xnow Xhead)
(DRIVE Xhead Xgett)
(DRIVE Xgett Xskate)
(DROPOFF TA_XU Xskate)
(HOMESAFE TA_XU Xskate)
(DRIVE Xskate Xgett)
(DRIVE Xgett Xbreak)
(DROPOFF TA_XalL Xbreak)
(HOMESAFE TA_Xall Xbreak)
(DRIVE Xbreak Xgett)
(DRIVE Xgett XAND)
(DRIVE XAND XYOURE)
(DROPOFF TA_XyOure XYOURE)
(HOMESAFE TA_Xyoure XyOURE)
(DRIVE XYOURE XAND)
(DRIVE XAND Xmight)
(DROPOFF TA_XLive Xmight)
(HOMESAFE TA_XLive Xmight)
(DRIVE Xmight XAND)
(DRIVE XAND Xonce)
(DROPOFF TA_XstrEEts Xonce)
(HOMESAFE TA_Xstreets Xonce)
(DRIVE Xonce XAND)
(DRIVE XAND Xgett)
(DRIVE Xgett Xt)
(DROPOFF TA_XGET Xt)
(HOMESAFE TA_XGET Xt)
(DRIVE Xt Xgett)
(DRIVE Xgett Xyep)
(DRIVE Xyep XCOuld)
(DRIVE XCOuld Xsee)
(DROPOFF TA_XTo Xsee)
(HOMESAFE TA_XTo Xsee)
(DRIVE Xsee XCOuld)
(DRIVE XCOuld Xis)
(DROPOFF TA_Xsense Xis)
(HOMESAFE TA_Xsense Xis)
(DRIVE Xis XCOuld)
(DRIVE XCOuld XOn)
(DRIVE XOn XGO)
(DROPOFF TA_Xis XGO)
(HOMESAFE TA_Xis XgO)
(DRIVE XGO XOn)
(DRIVE XOn XCOuld)
(DRIVE XCOuld Xyep)
(DRIVE Xyep XMy)
(DROPOFF TA_Xshow XMy)
(HOMESAFE TA_Xshow Xmy)
(DRIVE XMy Xyep)
(DRIVE Xyep XKnow)
(DROPOFF TA_Xt XKnow)
(HOMESAFE TA_Xt Xknow)
(DRIVE XKnow Xyep)
(DRIVE Xyep Xgett)
(DRIVE Xgett XAND)
(DRIVE XAND XYouLL)
(DROPOFF TA_Xmight XYouLL)
(HOMESAFE TA_Xmight XyouLL)
(DRIVE XYouLL XAND)
(DRIVE XAND XshoW)
(DRIVE XshoW XGOld)
(DRIVE XGOld Xstop)
(DRIVE Xstop Xshape)
(DRIVE Xshape Xyoure)
(DRIVE Xyoure Xyou)
(DRIVE Xyou XGEt)
(DROPOFF TA_Xbrain XGEt)
(HOMESAFE TA_Xbrain XgEt)
(DRIVE XGEt Xyou)
(DRIVE Xyou XshootinG)
(DROPOFF TA_XFed XshootinG)
(HOMESAFE TA_XFed XshootinG)
(DRIVE XshootinG Xyou)
(DRIVE Xyou XstrEEts)
(DROPOFF TA_Xnever XstrEEts)
(HOMESAFE TA_Xnever XstrEEts)
(DRIVE XstrEEts Xyou)
(DRIVE Xyou Xgame)
(DROPOFF TA_XWell Xgame)
(HOMESAFE TA_XWell Xgame)
(DRIVE Xgame Xyou)
(DRIVE Xyou Xyoure)
(DRIVE Xyoure Xshape)
(DRIVE Xshape Xstop)
(DRIVE Xstop XGOld)
(DRIVE XGOld XshoW)
(DRIVE XshoW Xbrain)
(DROPOFF TA_Xforehead Xbrain)
(HOMESAFE TA_Xforehead Xbrain)
(DRIVE Xbrain XshoW)
(DRIVE XshoW XmYself)
(DROPOFF TA_Xgame XmYself)
(HOMESAFE TA_Xgame XmYself)
(DRIVE XmYself XshoW)
(DRIVE XshoW Xnow)
(DROPOFF TA_Xabout Xnow)
(HOMESAFE TA_Xabout Xnow)
(DRIVE Xnow XshoW)
(DRIVE XshoW Xback)
(DROPOFF TA_Xbundled Xback)
(HOMESAFE TA_Xbundled Xback)
(DRIVE Xback XshoW)
(DRIVE XshoW XGOld)
(DRIVE XGOld Xstop)
(DRIVE Xstop Xshape)
(DRIVE Xshape Xyoure)
(DRIVE Xyoure Xyou)
(DRIVE Xyou Xground)
(DRIVE Xground XGET)
(DROPOFF TA_Xshine XGET)
(HOMESAFE TA_Xshine XgET)
(DRIVE XGET Xground)
(DRIVE Xground Xcolder)
(DROPOFF TA_Xwell Xcolder)
(HOMESAFE TA_Xwell Xcolder)
(DRIVE Xcolder Xground)
(DRIVE Xground XSHooting)
(DROPOFF TA_Xrules XSHooting)
(HOMESAFE TA_Xrules XsHooting)
(DRIVE XSHooting Xground)
(DRIVE Xground XIn)
(DRIVE XIn Xbundled)
(DROPOFF TA_Xskate Xbundled)
(HOMESAFE TA_Xskate Xbundled)
(DRIVE Xbundled XIn)
(DRIVE XIn XDidn)
(DROPOFF TA_Xonce XDidn)
(HOMESAFE TA_Xonce Xdidn)
(DRIVE XDidn XIn)
(DRIVE XIn XTo)
(DROPOFF TA_Xback XTo)
(HOMESAFE TA_Xback Xto)
(DRIVE XTo XIn)
(DRIVE XIn Xand)
(DROPOFF TA_XSo Xand)
(HOMESAFE TA_XSo Xand)
(DRIVE Xand XIn)
(DRIVE XIn Xground)
(DRIVE Xground Xyou)
(DRIVE Xyou Xyoure)
(DRIVE Xyoure Xshape)
(DRIVE Xshape Xstop)
(DRIVE Xstop XGOld)
