(DRIVE XL XYouLL)
(DROPOFF TA_Xroll XYouLL)
(HOMESAFE TA_Xroll XyouLL)
(DRIVE XYouLL XL)
(DRIVE XL Xsome)
(DROPOFF TA_Xaway Xsome)
(HOMESAFE TA_Xaway Xsome)
(DRIVE Xsome XL)
(DRIVE XL Xglow)
(DRIVE Xglow Xcool)
(DRIVE Xcool XCOuld)
(DROPOFF TA_Xbundled XCOuld)
(HOMESAFE TA_Xbundled XcOuld)
(DRIVE XCOuld Xcool)
(DRIVE Xcool Xof)
(DROPOFF TA_XYouLL Xof)
(HOMESAFE TA_XYoull Xof)
(DRIVE Xof Xcool)
(DRIVE Xcool Xit)
(DROPOFF TA_Xuse Xit)
(HOMESAFE TA_Xuse Xit)
(DRIVE Xit Xcool)
(DRIVE Xcool Xhole)
(DRIVE Xhole Xgame)
(DROPOFF TA_Xof Xgame)
(HOMESAFE TA_Xof Xgame)
(DRIVE Xgame Xhole)
(DRIVE Xhole Xre)
(DRIVE Xre Xyears)
(DROPOFF TA_Xget Xyears)
(HOMESAFE TA_Xget Xyears)
(DRIVE Xyears Xre)
(DRIVE Xre XgAme)
(DRIVE XgAme XSomebody)
(DROPOFF TA_Xshine XSomebody)
(HOMESAFE TA_Xshine Xsomebody)
(DRIVE XSomebody XgAme)
(DRIVE XgAme Xaway)
(DROPOFF TA_Xsmart Xaway)
(HOMESAFE TA_Xsmart Xaway)
(DRIVE Xaway XgAme)
(DRIVE XgAme Xsmart)
(DROPOFF TA_Xstart Xsmart)
(HOMESAFE TA_Xstart Xsmart)
(DRIVE Xsmart XgAme)
(DRIVE XgAme XdoNt)
(DRIVE XdoNt Xstart)
(DROPOFF TA_XstaR Xstart)
(HOMESAFE TA_Xstar Xstart)
(DRIVE Xstart XdoNt)
(DRIVE XdoNt Xas)
(DROPOFF TA_Xyour Xas)
(HOMESAFE TA_Xyour Xas)
(DRIVE Xas XdoNt)
(DRIVE XdoNt XTo)
(DROPOFF TA_Xit XTo)
(HOMESAFE TA_Xit Xto)
(DRIVE XTo XdoNt)
(DRIVE XdoNt Xbundled)
(DROPOFF TA_Xshooting Xbundled)
(HOMESAFE TA_Xshooting Xbundled)
(DRIVE Xbundled XdoNt)
(DRIVE XdoNt XgAme)
(DRIVE XgAme Xre)
(DRIVE Xre Xroll)
(DROPOFF TA_Xyears Xroll)
(HOMESAFE TA_Xyears Xroll)
(DRIVE Xroll Xre)
(DRIVE Xre Xshine)
(DROPOFF TA_XSomebody Xshine)
(HOMESAFE TA_XSomebody Xshine)
(DRIVE Xshine Xre)
(DRIVE Xre Xhole)
(DRIVE Xhole Xget)
(DROPOFF TA_XTo Xget)
(HOMESAFE TA_XTo Xget)
(DRIVE Xget Xhole)
(DRIVE Xhole Xshooting)
(DROPOFF TA_Xbut Xshooting)
(HOMESAFE TA_Xbut Xshooting)
(DRIVE Xshooting Xhole)
(DRIVE Xhole Xre)
(DRIVE Xre XGeT)
(DROPOFF TA_Xskate XGeT)
(HOMESAFE TA_Xskate XgeT)
(DRIVE XGeT Xre)
(DRIVE Xre XgAme)
(DRIVE XgAme XHey)
(DROPOFF TA_XCOuld XHey)
(HOMESAFE TA_XCOuld Xhey)
(DRIVE XHey XgAme)
(DRIVE XgAme XdoNt)
(DRIVE XdoNt XL)
(DRIVE XL Xbut)
(DROPOFF TA_Xgame Xbut)
(HOMESAFE TA_Xgame Xbut)
(DRIVE Xbut XL)
(DRIVE XL XstaR)
(DROPOFF TA_XGeT XstaR)
(HOMESAFE TA_XGet XstaR)
(DRIVE XstaR XL)
(DRIVE XL Xglow)
(DRIVE Xglow Xuse)
(DROPOFF TA_XHey Xuse)
(HOMESAFE TA_XHey Xuse)
(DRIVE Xuse Xglow)
(DRIVE Xglow Xyour)
(DROPOFF TA_Xas Xyour)
(HOMESAFE TA_Xas Xyour)
(DRIVE Xyour Xglow)
(DRIVE Xglow Xskate)
(DROPOFF TA_Xsome Xskate)
(HOMESAFE TA_Xsome Xskate)
(DRIVE Xskate Xglow)
(DRIVE Xglow XL)
