(DROPOFF TA_Xoscrv Xhutmk)
(WALK TA_Xoscrv Xhutmk Xartvi)
(HOMESAFE TA_Xoscrv Xartvi)
(DROPOFF TA_Xhopbn Xhutmk)
(WALK TA_Xhopbn Xhutmk Xgxdqt)
(HOMESAFE TA_Xhopbn Xgxdqt)
(DROPOFF TA_Xmlfbi Xhutmk)
(WALK TA_Xmlfbi Xhutmk Xugamb)
(HOMESAFE TA_Xmlfbi Xugamb)
(DROPOFF TA_Xlcghr Xhutmk)
(WALK TA_Xlcghr Xhutmk Xlsnhz)
(HOMESAFE TA_Xlcghr Xlsnhz)
(DROPOFF TA_Xaqzce Xhutmk)
(WALK TA_Xaqzce Xhutmk Xcoubd)
(HOMESAFE TA_Xaqzce Xcoubd)
(DROPOFF TA_Xmzlsn Xhutmk)
(WALK TA_Xmzlsn Xhutmk Xspuoi)
(HOMESAFE TA_Xmzlsn Xspuoi)
(DROPOFF TA_Xzsehb Xhutmk)
(WALK TA_Xzsehb Xhutmk Xlcghr)
(HOMESAFE TA_Xzsehb Xlcghr)
(DROPOFF TA_Xtyuep Xhutmk)
(WALK TA_Xtyuep Xhutmk Xmlfbi)
(HOMESAFE TA_Xtyuep Xmlfbi)
(DROPOFF TA_Xcoubd Xhutmk)
(WALK TA_Xcoubd Xhutmk Xbcrwj)
(HOMESAFE TA_Xcoubd Xbcrwj)
(DROPOFF TA_Xyzaje Xhutmk)
(WALK TA_Xyzaje Xhutmk Xurlkt)
(HOMESAFE TA_Xyzaje Xurlkt)
(DROPOFF TA_Xlnfiu Xhutmk)
(WALK TA_Xlnfiu Xhutmk Xvmgxh)
(HOMESAFE TA_Xlnfiu Xvmgxh)
(DROPOFF TA_Xcursl Xhutmk)
(WALK TA_Xcursl Xhutmk Xqdzgs)
(HOMESAFE TA_Xcursl Xqdzgs)
(DROPOFF TA_Xomjfc Xhutmk)
(WALK TA_Xomjfc Xhutmk Xlnfiu)
(HOMESAFE TA_Xomjfc Xlnfiu)
(DROPOFF TA_Xqdzgs Xhutmk)
(WALK TA_Xqdzgs Xhutmk Xmzlsn)
(HOMESAFE TA_Xqdzgs Xmzlsn)
(DROPOFF TA_Xxintv Xhutmk)
(WALK TA_Xxintv Xhutmk Xugyls)
(HOMESAFE TA_Xxintv Xugyls)
(DROPOFF TA_Xywion Xhutmk)
(WALK TA_Xywion Xhutmk Xtejxc)
(HOMESAFE TA_Xywion Xtejxc)
(DROPOFF TA_Xgxdqt Xhutmk)
(WALK TA_Xgxdqt Xhutmk Xmisyc)
(HOMESAFE TA_Xgxdqt Xmisyc)
(DROPOFF TA_Xvczkh Xhutmk)
(WALK TA_Xvczkh Xhutmk Xxnysi)
(HOMESAFE TA_Xvczkh Xxnysi)
(DROPOFF TA_Xyiodb Xhutmk)
(WALK TA_Xyiodb Xhutmk Xhopbn)
(HOMESAFE TA_Xyiodb Xhopbn)
(DROPOFF TA_Xurlkt Xhutmk)
(WALK TA_Xurlkt Xhutmk Xzsehb)
(HOMESAFE TA_Xurlkt Xzsehb)
(DROPOFF TA_Xrlfxc Xhutmk)
(WALK TA_Xrlfxc Xhutmk Xrlfxc)
(HOMESAFE TA_Xrlfxc Xrlfxc)
(DROPOFF TA_Xaeomh Xhutmk)
(WALK TA_Xaeomh Xhutmk Xdowbf)
(HOMESAFE TA_Xaeomh Xdowbf)
(DROPOFF TA_Xartvi Xhutmk)
(WALK TA_Xartvi Xhutmk Xaxmwy)
(HOMESAFE TA_Xartvi Xaxmwy)
(DROPOFF TA_Xvmgxh Xhutmk)
(WALK TA_Xvmgxh Xhutmk Xtyuep)
(HOMESAFE TA_Xvmgxh Xtyuep)
(DROPOFF TA_Xugamb Xhutmk)
(WALK TA_Xugamb Xhutmk Xablxw)
(HOMESAFE TA_Xugamb Xablxw)
(DROPOFF TA_Xablxw Xhutmk)
(WALK TA_Xablxw Xhutmk Xijvuq)
(HOMESAFE TA_Xablxw Xijvuq)
(DROPOFF TA_Xotirh Xhutmk)
(WALK TA_Xotirh Xhutmk Xaeomh)
(HOMESAFE TA_Xotirh Xaeomh)
(DROPOFF TA_Xugyls Xhutmk)
(WALK TA_Xugyls Xhutmk Xotirh)
(HOMESAFE TA_Xugyls Xotirh)
(DROPOFF TA_Xtejxc Xhutmk)
(WALK TA_Xtejxc Xhutmk Xyaxts)
(HOMESAFE TA_Xtejxc Xyaxts)
(DROPOFF TA_Xxeljy Xhutmk)
(WALK TA_Xxeljy Xhutmk Xvczkh)
(HOMESAFE TA_Xxeljy Xvczkh)
(DROPOFF TA_Xyaxts Xhutmk)
(WALK TA_Xyaxts Xhutmk Xyzaje)
(HOMESAFE TA_Xyaxts Xyzaje)
(DROPOFF TA_Xspuoi Xhutmk)
(WALK TA_Xspuoi Xhutmk Xcursl)
(HOMESAFE TA_Xspuoi Xcursl)
(DROPOFF TA_Xxnysi Xhutmk)
(WALK TA_Xxnysi Xhutmk Xyiodb)
(HOMESAFE TA_Xxnysi Xyiodb)
(DROPOFF TA_Xdowbf Xhutmk)
(WALK TA_Xdowbf Xhutmk Xywion)
(HOMESAFE TA_Xdowbf Xywion)
(DROPOFF TA_Xmisyc Xhutmk)
(WALK TA_Xmisyc Xhutmk Xoscrv)
(HOMESAFE TA_Xmisyc Xoscrv)
(DROPOFF TA_Xbcrwj Xhutmk)
(WALK TA_Xbcrwj Xhutmk Xomjfc)
(HOMESAFE TA_Xbcrwj Xomjfc)
(DROPOFF TA_Xlsnhz Xhutmk)
(WALK TA_Xlsnhz Xhutmk Xaqzce)
(HOMESAFE TA_Xlsnhz Xaqzce)
(DROPOFF TA_Xaxmwy Xhutmk)
(WALK TA_Xaxmwy Xhutmk Xzbawl)
(WALK TA_Xaxmwy Xzbawl Xxeljy)
(HOMESAFE TA_Xaxmwy Xxeljy)
(DROPOFF TA_Xijvuq Xhutmk)
(WALK TA_Xijvuq Xhutmk Xzbawl)
(WALK TA_Xijvuq Xzbawl Xijofp)
(HOMESAFE TA_Xijvuq Xijofp)
(DROPOFF TA_Xijofp Xhutmk)
(WALK TA_Xijofp Xhutmk Xzbawl)
(WALK TA_Xijofp Xzbawl Xxintv)
(HOMESAFE TA_Xijofp Xxintv)
