(DRIVE Xkwlpn Xjwlxv)
(DROPOFF TA_Xhpxog Xjwlxv)
(DRIVE Xjwlxv Xkwlpn)
(WALK TA_Xhpxog Xjwlxv Xfotdz)
(DRIVE Xkwlpn Xkfbqn)
(DROPOFF TA_Xjlmkx Xkfbqn)
(HOMESAFE TA_Xjlmkx Xkfbqn)
(DRIVE Xkfbqn Xfcqmz)
(WALK TA_Xhpxog Xfotdz Xqubze)
(DRIVE Xfcqmz Xpzeml)
(DROPOFF TA_Xeuykz Xpzeml)
(DRIVE Xpzeml Xkwlpn)
(WALK TA_Xeuykz Xpzeml Xjzbvh)
(DRIVE Xkwlpn Xjwlxv)
(DROPOFF TA_Xmjuiv Xjwlxv)
(DRIVE Xjwlxv Xkwlpn)
(WALK TA_Xmjuiv Xjwlxv Xfotdz)
(DRIVE Xkwlpn Xizsvm)
(DROPOFF TA_Xfotdz Xizsvm)
(DRIVE Xizsvm Xkwlpn)
(WALK TA_Xfotdz Xizsvm Xjlmkx)
(DRIVE Xkwlpn Xhpxog)
(DROPOFF TA_Xkfbqn Xhpxog)
(DROPOFF TA_Xqixvs Xhpxog)
(HOMESAFE TA_Xqixvs Xhpxog)
(DRIVE Xhpxog Xkwlpn)
(DROPOFF TA_Xgamis Xkwlpn)
(DRIVE Xkwlpn Xjwlxv)
(HOMESAFE TA_Xmjuiv Xfotdz)
(HOMESAFE TA_Xhpxog Xqubze)
(DROPOFF TA_Xxpcfi Xjwlxv)
(HOMESAFE TA_Xxpcfi Xjwlxv)
(DRIVE Xjwlxv Xfotdz)
(DRIVE Xfotdz Xqixvs)
(DROPOFF TA_Xizsvm Xqixvs)
(DRIVE Xqixvs Xkwlpn)
(WALK TA_Xfotdz Xjlmkx Xgamis)
(DRIVE Xkwlpn Xkanje)
(DROPOFF TA_Xkanje Xkanje)
(DRIVE Xkanje Xkwlpn)
(WALK TA_Xkanje Xkanje Xizsvm)
(DRIVE Xkwlpn Xmjuiv)
(DROPOFF TA_Xqubze Xmjuiv)
(HOMESAFE TA_Xqubze Xmjuiv)
(DRIVE Xmjuiv Xkwlpn)
(WALK TA_Xfotdz Xgamis Xgcrle)
(DRIVE Xkwlpn Xeuykz)
(DROPOFF TA_Xtqkro Xeuykz)
(HOMESAFE TA_Xtqkro Xeuykz)
(DRIVE Xeuykz Xkwlpn)
(WALK TA_Xkanje Xizsvm Xjlmkx)
(DRIVE Xkwlpn Xkanje)
(DROPOFF TA_Xyajhi Xkanje)
(HOMESAFE TA_Xyajhi Xkanje)
(WALK TA_Xkanje Xjlmkx Xgamis)
(DRIVE Xkanje Xizsvm)
(DROPOFF TA_Xjzbvh Xizsvm)
(DRIVE Xizsvm Xkwlpn)
(WALK TA_Xjzbvh Xizsvm Xiltqx)
(HOMESAFE TA_Xjzbvh Xiltqx)
(WALK TA_Xkanje Xgamis Xjlmkx)
(WALK TA_Xizsvm Xqixvs Xyajhi)
(HOMESAFE TA_Xizsvm Xyajhi)
(DRIVE Xkwlpn Xqixvs)
(DROPOFF TA_Xpzeml Xqixvs)
(HOMESAFE TA_Xpzeml Xqixvs)
(DRIVE Xqixvs Xkwlpn)
(WALK TA_Xeuykz Xjzbvh Xtqkro)
(HOMESAFE TA_Xeuykz Xtqkro)
(DRIVE Xkwlpn Xpzeml)
(DROPOFF TA_Xiltqx Xpzeml)
(HOMESAFE TA_Xiltqx Xpzeml)
(DRIVE Xpzeml Xjzbvh)
(DROPOFF TA_Xgcrle Xjzbvh)
(DRIVE Xjzbvh Xkwlpn)
(HOMESAFE TA_Xgcrle Xjzbvh)
(WALK TA_Xfotdz Xgcrle Xmycdr)
(WALK TA_Xkanje Xjlmkx Xxpcfi)
(DRIVE Xkwlpn Xizsvm)
(DROPOFF TA_Xmycdr Xizsvm)
(HOMESAFE TA_Xkanje Xxpcfi)
(HOMESAFE TA_Xmycdr Xizsvm)
(DRIVE Xizsvm Xjlmkx)
(DROPOFF TA_Xjwlxv Xjlmkx)
(DRIVE Xjlmkx Xkwlpn)
(WALK TA_Xjwlxv Xjlmkx Xgamis)
(HOMESAFE TA_Xjwlxv Xgamis)
(WALK TA_Xgamis Xkwlpn Xjlmkx)
(HOMESAFE TA_Xgamis Xjlmkx)
(WALK TA_Xfotdz Xmycdr Xgcrle)
(HOMESAFE TA_Xfotdz Xgcrle)
(WALK TA_Xkfbqn Xhpxog Xmycdr)
(HOMESAFE TA_Xkfbqn Xmycdr)
