(DRIVE Xstop0 Xstop31)
(DROPOFF TA_Xstop41 Xstop31)
(HOMESAFE TA_Xstop41 Xstop31)
(DRIVE Xstop31 Xstop47)
(DROPOFF TA_Xstop13 Xstop47)
(HOMESAFE TA_Xstop13 Xstop47)
(DRIVE Xstop47 Xstop45)
(DROPOFF TA_Xstop5 Xstop45)
(HOMESAFE TA_Xstop5 Xstop45)
(DRIVE Xstop45 Xstop36)
(DROPOFF TA_Xstop38 Xstop36)
(HOMESAFE TA_Xstop38 Xstop36)
(DRIVE Xstop36 Xstop7)
(DROPOFF TA_Xstop0 Xstop7)
(HOMESAFE TA_Xstop0 Xstop7)
(DRIVE Xstop7 Xstop25)
(DROPOFF TA_Xstop30 Xstop25)
(HOMESAFE TA_Xstop30 Xstop25)
(DRIVE Xstop25 Xlocation5)
(DRIVE Xlocation5 Xstop29)
(DROPOFF TA_Xstop10 Xstop29)
(HOMESAFE TA_Xstop10 Xstop29)
(DRIVE Xstop29 Xlocation5)
(DRIVE Xlocation5 Xstop42)
(DROPOFF TA_Xstop2 Xstop42)
(HOMESAFE TA_Xstop2 Xstop42)
(DRIVE Xstop42 Xstop0)
(DROPOFF TA_Xstop20 Xstop0)
(HOMESAFE TA_Xstop20 Xstop0)
(DRIVE Xstop0 Xstop20)
(DROPOFF TA_Xstop46 Xstop20)
(HOMESAFE TA_Xstop46 Xstop20)
(DRIVE Xstop20 Xstop33)
(DROPOFF TA_Xstop25 Xstop33)
(HOMESAFE TA_Xstop25 Xstop33)
(DRIVE Xstop33 Xstop11)
(DROPOFF TA_Xstop42 Xstop11)
(HOMESAFE TA_Xstop42 Xstop11)
(DRIVE Xstop11 Xstop14)
(DROPOFF TA_Xstop14 Xstop14)
(HOMESAFE TA_Xstop14 Xstop14)
(DRIVE Xstop14 Xstop34)
(DROPOFF TA_Xstop11 Xstop34)
(HOMESAFE TA_Xstop11 Xstop34)
(DRIVE Xstop34 Xstop15)
(DROPOFF TA_Xstop29 Xstop15)
(HOMESAFE TA_Xstop29 Xstop15)
(DRIVE Xstop15 Xstop0)
(DRIVE Xstop0 Xstop17)
(DROPOFF TA_Xstop34 Xstop17)
(HOMESAFE TA_Xstop34 Xstop17)
(DRIVE Xstop17 Xstop10)
(DROPOFF TA_Xstop33 Xstop10)
(HOMESAFE TA_Xstop33 Xstop10)
(DRIVE Xstop10 Xstop5)
(DROPOFF TA_Xstop23 Xstop5)
(HOMESAFE TA_Xstop23 Xstop5)
(DRIVE Xstop5 Xstop23)
(DROPOFF TA_Xstop31 Xstop23)
(HOMESAFE TA_Xstop31 Xstop23)
(DRIVE Xstop23 Xstop0)
(DRIVE Xstop0 Xstop41)
(DROPOFF TA_Xstop17 Xstop41)
(HOMESAFE TA_Xstop17 Xstop41)
(DRIVE Xstop41 Xstop0)
(DRIVE Xstop0 Xstop38)
(DROPOFF TA_Xstop45 Xstop38)
(HOMESAFE TA_Xstop45 Xstop38)
(DRIVE Xstop38 Xlocation6)
(DRIVE Xlocation6 Xstop46)
(DROPOFF TA_Xstop15 Xstop46)
(DRIVE Xstop46 Xstop30)
(DROPOFF TA_Xstop47 Xstop30)
(HOMESAFE TA_Xstop15 Xstop46)
(DRIVE Xstop30 Xstop2)
(DROPOFF TA_Xstop36 Xstop2)
(DRIVE Xstop2 Xlocation4)
(DRIVE Xlocation4 Xstop13)
(DROPOFF TA_Xstop7 Xstop13)
(HOMESAFE TA_Xstop7 Xstop13)
(DRIVE Xstop13 Xlocation7)
(DRIVE Xlocation7 Xstop0)
(HOMESAFE TA_Xstop36 Xstop2)
(HOMESAFE TA_Xstop47 Xstop30)
