(DRIVE XAberdeen XReno)
(DROPOFF TA_XSpringdale XReno)
(HOMESAFE TA_XSpringdale Xreno)
(DRIVE XReno XHampton)
(DROPOFF TA_XMarina XHampton)
(HOMESAFE TA_XMarina Xhampton)
(DRIVE XHampton XLowell)
(DROPOFF TA_XStPetersburg XLowell)
(HOMESAFE TA_XStpetersburg Xlowell)
(DRIVE XLowell XHenderson)
(DROPOFF TA_XSanAntonio XHenderson)
(HOMESAFE TA_XSanantonio Xhenderson)
(DRIVE XHenderson XAustin)
(DROPOFF TA_XGreenBay XAustin)
(DRIVE XAustin XHenderson)
(DRIVE XHenderson XWestValleyCity)
(DROPOFF TA_XMontgomery XWestValleyCity)
(DRIVE XWestValleyCity XHenderson)
(HOMESAFE TA_XGreenbay Xaustin)
(DRIVE XHenderson XRiverside)
(WALK TA_XMontgomery XWestValleyCity XFrederick)
(WALK TA_XMontgomery XFrederick XModesto)
(DRIVE XRiverside XNorwalk)
(WALK TA_XMontgomery XModesto XSanBernardino)
(HOMESAFE TA_XMontgomery XsanBernardino)
(DRIVE XNorwalk XMiramar)
(DROPOFF TA_XAustin XMiramar)
(HOMESAFE TA_XAustin Xmiramar)
(DRIVE XMiramar XNorwalk)
(DRIVE XNorwalk XSouthLyon)
(DROPOFF TA_XNewburgh XSouthLyon)
(DRIVE XSouthLyon XReno)
(WALK TA_XNewburgh XSouthLyon XMontgomery)
(HOMESAFE TA_XNewburgh Xmontgomery)
(DRIVE XReno XSouthLyon)
(DROPOFF TA_XSouthLyon XSouthLyon)
(HOMESAFE TA_XSouthlyon XsouthLyon)
(DRIVE XSouthLyon XReno)
(DRIVE XReno XHampton)
(DRIVE XHampton XPensacola)
(DROPOFF TA_XSanBernardino XPensacola)
(HOMESAFE TA_XSanbernardino Xpensacola)
(DRIVE XPensacola XHampton)
(DRIVE XHampton XReno)
(DRIVE XReno XModesto)
(DROPOFF TA_XLowell XModesto)
(HOMESAFE TA_XLowell Xmodesto)
(DRIVE XModesto XMcAllen)
(DRIVE XMcAllen XAppleValley)
(DRIVE XAppleValley XSaltLakeCity)
(DROPOFF TA_XReno XSaltLakeCity)
(DRIVE XSaltLakeCity XNorwalk)
(DRIVE XNorwalk XTuscaloosa)
(DROPOFF TA_XRacine XTuscaloosa)
(DRIVE XTuscaloosa XBremerton)
(WALK TA_XRacine XTuscaloosa XWinston)
(WALK TA_XReno XSaltLakeCity XStPetersburg)
(WALK TA_XReno XStPetersburg XLewisville)
(DRIVE XBremerton XSanAntonio)
(DROPOFF TA_XMiramar XSanAntonio)
(HOMESAFE TA_XMiramar XsanAntonio)
(DRIVE XSanAntonio XBremerton)
(DRIVE XBremerton XOlathe)
(DRIVE XOlathe XSpringdale)
(DROPOFF TA_XLewisville XSpringdale)
(DRIVE XSpringdale XOlathe)
(WALK TA_XLewisville XSpringdale XReno)
(WALK TA_XLewisville XReno XHampton)
(WALK TA_XLewisville XHampton XNewburgh)
(HOMESAFE TA_XLewisville Xnewburgh)
(DRIVE XOlathe XKennewick)
(DRIVE XKennewick XWestValleyCity)
(DROPOFF TA_XHenderson XWestValleyCity)
(HOMESAFE TA_XHenderson XwestValleyCity)
(DRIVE XWestValleyCity XKennewick)
(DRIVE XKennewick XOlathe)
(DRIVE XOlathe XSpringdale)
(DROPOFF TA_XModesto XSpringdale)
(HOMESAFE TA_XModesto Xspringdale)
(DRIVE XSpringdale XReno)
(DRIVE XReno XChattanooga)
(DROPOFF TA_XChattanooga XChattanooga)
(HOMESAFE TA_XChattanooga Xchattanooga)
(DRIVE XChattanooga XSaltLakeCity)
(DROPOFF TA_XWestValleyCity XSaltLakeCity)
(HOMESAFE TA_XWestvalleycity XsaltLakeCity)
(DRIVE XSaltLakeCity XColumbia)
(DRIVE XColumbia XGreenBay)
(DROPOFF TA_XTuscaloosa XGreenBay)
(HOMESAFE TA_XTuscaloosa XgreenBay)
(DRIVE XGreenBay XColumbia)
(DRIVE XColumbia XMurrieta)
(DRIVE XMurrieta XRiverside)
(DRIVE XRiverside XNewburgh)
(HOMESAFE TA_XRacine Xwinston)
(DRIVE XNewburgh XHampton)
(DRIVE XHampton XTuscaloosa)
(DROPOFF TA_XWinston XTuscaloosa)
(HOMESAFE TA_XWinston Xtuscaloosa)
(DRIVE XTuscaloosa XBremerton)
(DRIVE XBremerton XMarina)
(DROPOFF TA_XHampton XMarina)
(WALK TA_XReno XLewisville XGainesville)
(HOMESAFE TA_XReno Xgainesville)
(DRIVE XMarina XHenderson)
(DRIVE XHenderson XStPetersburg)
(DROPOFF TA_XGainesville XStPetersburg)
(DRIVE XStPetersburg XLewisville)
(HOMESAFE TA_XGainesville XstPetersburg)
(DROPOFF TA_XSaltLakeCity XLewisville)
(DRIVE XLewisville XElkhart)
(DRIVE XElkhart XRacine)
(DROPOFF TA_XPensacola XRacine)
(DRIVE XRacine XChulaVista)
(DRIVE XChulaVista XNewburgh)
(DRIVE XNewburgh XHampton)
(HOMESAFE TA_XSaltlakecity Xlewisville)
(HOMESAFE TA_XHampton Xmarina)
(DRIVE XHampton XReno)
(HOMESAFE TA_XPensacola Xracine)
(DRIVE XReno XAberdeen)
