(DRIVE XHayward XAsheville)
(DRIVE XAsheville XMcHenry)
(DRIVE XMcHenry XPalmBay)
(DRIVE XPalmBay XTucson)
(DROPOFF TA_XPuntaGorda XTucson)
(HOMESAFE TA_XPuntagorda Xtucson)
(DRIVE XTucson XPalmBay)
(DROPOFF TA_XTyler XPalmBay)
(HOMESAFE TA_XTyler XpalmBay)
(DRIVE XPalmBay XTucson)
(DRIVE XTucson XWinston)
(DRIVE XWinston XHickory)
(DROPOFF TA_XThousandOaks XHickory)
(HOMESAFE TA_XThousandoaks Xhickory)
(DRIVE XHickory XWinston)
(DRIVE XWinston XTucson)
(DRIVE XTucson XBradenton)
(DROPOFF TA_XPalmBay XBradenton)
(HOMESAFE TA_XPalmbay Xbradenton)
(DRIVE XBradenton XTucson)
(DRIVE XTucson XSaintLouis)
(DRIVE XSaintLouis XBelAir)
(DROPOFF TA_XTucson XBelAir)
(HOMESAFE TA_XTucson XbelAir)
(DRIVE XBelAir XHampton)
(DRIVE XHampton XModesto)
(DROPOFF TA_XBarnstable XModesto)
(HOMESAFE TA_XBarnstable Xmodesto)
(DRIVE XModesto XPalmBay)
(DRIVE XPalmBay XTucson)
(DRIVE XTucson XWinston)
(DRIVE XWinston XMemphis)
(DROPOFF TA_XYonkers XMemphis)
(HOMESAFE TA_XYonkers Xmemphis)
(DRIVE XMemphis XWinston)
(DRIVE XWinston XTucson)
(DRIVE XTucson XPalmBay)
(DRIVE XPalmBay XModesto)
(DRIVE XModesto XHampton)
(DROPOFF TA_XBurbank XHampton)
(HOMESAFE TA_XBurbank Xhampton)
(DRIVE XHampton XBelAir)
(DRIVE XBelAir XMonroe)
(DROPOFF TA_XMcHenry XMonroe)
(HOMESAFE TA_XMchenry Xmonroe)
(DRIVE XMonroe XHickory)
(DRIVE XHickory XWinston)
(DRIVE XWinston XTucson)
(DRIVE XTucson XPalmBay)
(DRIVE XPalmBay XMcHenry)
(DRIVE XMcHenry XAsheville)
(DROPOFF TA_XHarlingen XAsheville)
(HOMESAFE TA_XHarlingen Xasheville)
(DRIVE XAsheville XMcHenry)
(DROPOFF TA_XCharlotte XMcHenry)
(HOMESAFE TA_XCharlotte XmcHenry)
(DRIVE XMcHenry XPalmBay)
(DRIVE XPalmBay XTucson)
(DRIVE XTucson XBradenton)
(DRIVE XBradenton XHuntsville)
(DROPOFF TA_XOmaha XHuntsville)
(HOMESAFE TA_XOmaha Xhuntsville)
(DRIVE XHuntsville XBradenton)
(DRIVE XBradenton XTucson)
(DRIVE XTucson XWinston)
(DRIVE XWinston XHickory)
(DRIVE XHickory XKennewick)
(DROPOFF TA_XTopeka XKennewick)
(HOMESAFE TA_XTopeka Xkennewick)
(DRIVE XKennewick XPuntaGorda)
(DROPOFF TA_XDeltona XPuntaGorda)
(HOMESAFE TA_XDeltona XpuntaGorda)
(DRIVE XPuntaGorda XKennewick)
(DRIVE XKennewick XHickory)
(DRIVE XHickory XTrenton)
(DRIVE XTrenton XNewBedford)
(DROPOFF TA_XDanbury XNewBedford)
(HOMESAFE TA_XDanbury XnewBedford)
(DRIVE XNewBedford XTrenton)
(DRIVE XTrenton XHickory)
(DRIVE XHickory XWinston)
(DRIVE XWinston XTucson)
(DRIVE XTucson XSaintLouis)
(DRIVE XSaintLouis XNewOrleans)
(DRIVE XNewOrleans XBurbank)
(DROPOFF TA_XDowney XBurbank)
(HOMESAFE TA_XDowney Xburbank)
(DRIVE XBurbank XNewOrleans)
(DRIVE XNewOrleans XSaintLouis)
(DRIVE XSaintLouis XPalmBay)
(DRIVE XPalmBay XTorrance)
(DROPOFF TA_XAsheville XTorrance)
(HOMESAFE TA_XAsheville Xtorrance)
(DRIVE XTorrance XPalmBay)
(DRIVE XPalmBay XTucson)
(DRIVE XTucson XWinston)
(DRIVE XWinston XHickory)
(DRIVE XHickory XTrenton)
(DRIVE XTrenton XDowney)
(DROPOFF TA_XMcAllen XDowney)
(HOMESAFE TA_XMcallen Xdowney)
(DRIVE XDowney XSaintLouis)
(DRIVE XSaintLouis XPalmBay)
(DRIVE XPalmBay XMcHenry)
(DRIVE XMcHenry XAsheville)
(DRIVE XAsheville XDurham)
(DROPOFF TA_XChicago XDurham)
(HOMESAFE TA_XChicago Xdurham)
(DRIVE XDurham XAsheville)
(DRIVE XAsheville XMcHenry)
(DRIVE XMcHenry XPalmBay)
(DRIVE XPalmBay XSaintLouis)
(DRIVE XSaintLouis XBelAir)
(DRIVE XBelAir XYork)
(DROPOFF TA_XGrandRapids XYork)
(HOMESAFE TA_XGrandrapids Xyork)
(DRIVE XYork XBelAir)
(DRIVE XBelAir XHampton)
(DRIVE XHampton XModesto)
(DRIVE XModesto XCorona)
(DRIVE XCorona XSpringdale)
(DROPOFF TA_XBelAir XSpringdale)
(HOMESAFE TA_XBelair Xspringdale)
(DRIVE XSpringdale XMcHenry)
(DRIVE XMcHenry XPalmBay)
(DRIVE XPalmBay XTucson)
(DRIVE XTucson XBradenton)
(DRIVE XBradenton XHuntsville)
(DRIVE XHuntsville XYonkers)
(DROPOFF TA_XAurora XYonkers)
(HOMESAFE TA_XAurora Xyonkers)
(DRIVE XYonkers XHuntsville)
(DRIVE XHuntsville XBurbank)
(DRIVE XBurbank XCedarRapids)
(DROPOFF TA_XCedarRapids XCedarRapids)
(HOMESAFE TA_XCedarrapids XcedarRapids)
(DRIVE XCedarRapids XModesto)
(DRIVE XModesto XHampton)
(DRIVE XHampton XRichmondCounty)
(DROPOFF TA_XLakeCharles XRichmondCounty)
(HOMESAFE TA_XLakecharles XrichmondCounty)
(DRIVE XRichmondCounty XHampton)
(DRIVE XHampton XModesto)
(DRIVE XModesto XPalmBay)
(DRIVE XPalmBay XSaintLouis)
(DRIVE XSaintLouis XBelAir)
(DRIVE XBelAir XMilwaukee)
(DRIVE XMilwaukee XOmaha)
(DROPOFF TA_XBradenton XOmaha)
(HOMESAFE TA_XBradenton Xomaha)
(DRIVE XOmaha XPuntaGorda)
(DRIVE XPuntaGorda XKennewick)
(DRIVE XKennewick XTyler)
(DROPOFF TA_XRichmondCounty XTyler)
(HOMESAFE TA_XRichmondcounty Xtyler)
(DRIVE XTyler XHickory)
(DRIVE XHickory XWinston)
(DRIVE XWinston XTucson)
(DRIVE XTucson XAurora)
(DROPOFF TA_XSantaCruz XAurora)
(HOMESAFE TA_XSantacruz Xaurora)
(DRIVE XAurora XTucson)
(DRIVE XTucson XWinston)
(DRIVE XWinston XMemphis)
(DRIVE XMemphis XAtlanta)
(DROPOFF TA_XModesto XAtlanta)
(HOMESAFE TA_XModesto Xatlanta)
(DRIVE XAtlanta XSebastian)
(DRIVE XSebastian XBurbank)
(DRIVE XBurbank XChicago)
(DROPOFF TA_XHuntingtonBeach XChicago)
(HOMESAFE TA_XHuntingtonbeach Xchicago)
(DRIVE XChicago XBurbank)
(DRIVE XBurbank XNewOrleans)
(DRIVE XNewOrleans XMontgomery)
(DRIVE XMontgomery XTopeka)
(DROPOFF TA_XHuntsville XTopeka)
(HOMESAFE TA_XHuntsville Xtopeka)
(DRIVE XTopeka XSpringdale)
(DRIVE XSpringdale XMcHenry)
(DRIVE XMcHenry XPalmBay)
(DRIVE XPalmBay XTucson)
(DRIVE XTucson XWinston)
(DRIVE XWinston XHickory)
(DRIVE XHickory XCharlotte)
(DROPOFF TA_XNewYorkCity XCharlotte)
(HOMESAFE TA_XNewyorkcity Xcharlotte)
(DRIVE XCharlotte XHickory)
(DRIVE XHickory XMontgomery)
(DRIVE XMontgomery XThousandOaks)
(DROPOFF TA_XTampa XThousandOaks)
(HOMESAFE TA_XTampa XthousandOaks)
(DRIVE XThousandOaks XMontgomery)
(DRIVE XMontgomery XNewOrleans)
(DRIVE XNewOrleans XSaintLouis)
(DRIVE XSaintLouis XTucson)
(DRIVE XTucson XWashington)
(DRIVE XWashington XLakeCharles)
(DROPOFF TA_XMonroe XLakeCharles)
(HOMESAFE TA_XMonroe XlakeCharles)
(DRIVE XLakeCharles XWashington)
(DRIVE XWashington XTucson)
(DRIVE XTucson XSaintLouis)
(DRIVE XSaintLouis XGrandRapids)
(DROPOFF TA_XBakersfield XGrandRapids)
(HOMESAFE TA_XBakersfield XgrandRapids)
(DRIVE XGrandRapids XNewOrleans)
(DRIVE XNewOrleans XWaterloo)
(DROPOFF TA_XSpringdale XWaterloo)
(HOMESAFE TA_XSpringdale Xwaterloo)
(DRIVE XWaterloo XDurham)
(DRIVE XDurham XLafayette)
(DRIVE XLafayette XPuntaGorda)
(DRIVE XPuntaGorda XSaintPaul)
(DROPOFF TA_XSantaClara XSaintPaul)
(HOMESAFE TA_XSantaclara XsaintPaul)
(DRIVE XSaintPaul XBradenton)
(DRIVE XBradenton XTucson)
(DRIVE XTucson XWinston)
(DRIVE XWinston XHickory)
(DRIVE XHickory XHuntingtonBeach)
(DROPOFF TA_XAtlanta XHuntingtonBeach)
(HOMESAFE TA_XAtlanta XhuntingtonBeach)
(DRIVE XHuntingtonBeach XHickory)
(DRIVE XHickory XWinston)
(DRIVE XWinston XTucson)
(DRIVE XTucson XPalmBay)
(DRIVE XPalmBay XMcHenry)
(DRIVE XMcHenry XNewark)
(DROPOFF TA_XDurham XNewark)
(HOMESAFE TA_XDurham Xnewark)
(DRIVE XNewark XMcHenry)
(DRIVE XMcHenry XSpringdale)
(DRIVE XSpringdale XCorona)
(DRIVE XCorona XWaco)
(DROPOFF TA_XNewark XWaco)
(HOMESAFE TA_XNewark Xwaco)
(DRIVE XWaco XNewBedford)
(DRIVE XNewBedford XDalyCity)
(DRIVE XDalyCity XSantaClara)
(DROPOFF TA_XTorrance XSantaClara)
(DRIVE XSantaClara XHayward)
(HOMESAFE TA_XTorrance XsantaClara)
(DRIVE XHayward XAsheville)
(DRIVE XAsheville XMcHenry)
(DRIVE XMcHenry XTorrance)
(DRIVE XTorrance XIndependence)
(DRIVE XIndependence XSantaCruz)
(DROPOFF TA_XMemphis XSantaCruz)
(HOMESAFE TA_XMemphis XsantaCruz)
(DRIVE XSantaCruz XTucson)
(DRIVE XTucson XPalmBay)
(DRIVE XPalmBay XModesto)
(DRIVE XModesto XCorona)
(DRIVE XCorona XDeltona)
(DROPOFF TA_XKennewick XDeltona)
(HOMESAFE TA_XKennewick Xdeltona)
(DRIVE XDeltona XCorona)
(DRIVE XCorona XSpringdale)
(DRIVE XSpringdale XBarnstable)
(DROPOFF TA_XBloomington XBarnstable)
(HOMESAFE TA_XBloomington Xbarnstable)
(DRIVE XBarnstable XKennewick)
(DRIVE XKennewick XHickory)
(DRIVE XHickory XWinston)
(DRIVE XWinston XTucson)
(DRIVE XTucson XAurora)
(DRIVE XAurora XBakersfield)
(DROPOFF TA_XNewBedford XBakersfield)
(HOMESAFE TA_XNewbedford Xbakersfield)
(DRIVE XBakersfield XAurora)
(DRIVE XAurora XBelAir)
(DRIVE XBelAir XMcAllen)
(DROPOFF TA_XSaintPaul XMcAllen)
(HOMESAFE TA_XSaintpaul XmcAllen)
(DRIVE XMcAllen XBelAir)
(DRIVE XBelAir XSaintLouis)
(DRIVE XSaintLouis XHarlingen)
(DROPOFF TA_XYork XHarlingen)
(HOMESAFE TA_XYork Xharlingen)
(DRIVE XHarlingen XBurbank)
(DRIVE XBurbank XCedarRapids)
(DRIVE XCedarRapids XMemphis)
(DRIVE XMemphis XWinston)
(DRIVE XWinston XHickory)
(DRIVE XHickory XKennewick)
(DRIVE XKennewick XNewYorkCity)
(DROPOFF TA_XHickory XNewYorkCity)
(HOMESAFE TA_XHickory XnewYorkCity)
(DRIVE XNewYorkCity XKennewick)
(DRIVE XKennewick XSebastian)
(DRIVE XSebastian XAtlanta)
(DRIVE XAtlanta XDanbury)
(DROPOFF TA_XWaco XDanbury)
(HOMESAFE TA_XWaco Xdanbury)
(DRIVE XDanbury XWilmington)
(DRIVE XWilmington XPuntaGorda)
(DRIVE XPuntaGorda XLafayette)
(DRIVE XLafayette XDurham)
(DRIVE XDurham XBloomington)
(DROPOFF TA_XWaterloo XBloomington)
(HOMESAFE TA_XWaterloo Xbloomington)
(DRIVE XBloomington XDurham)
(DRIVE XDurham XAsheville)
(DRIVE XAsheville XCedarRapids)
(DRIVE XCedarRapids XMemphis)
(DRIVE XMemphis XWinston)
(DRIVE XWinston XMurrieta)
(DRIVE XMurrieta XTampa)
(DROPOFF TA_XHampton XTampa)
(HOMESAFE TA_XHampton Xtampa)
(DRIVE XTampa XMurrieta)
(DRIVE XMurrieta XWinston)
(DRIVE XWinston XMemphis)
(DRIVE XMemphis XCedarRapids)
(DRIVE XCedarRapids XHayward)
