(DROPOFF TA_Xf XAndyandZeyu)
(WALK TA_Xf XAndyandZeyu Xj8)
(HOMESAFE TA_Xf Xj8)
(DROPOFF TA_Xg XAndyandZeyu)
(WALK TA_Xg XAndyandZeyu Xi8)
(HOMESAFE TA_Xg Xi8)
(DROPOFF TA_Xh XAndyandZeyu)
(WALK TA_Xh XAndyandZeyu Xg8)
(HOMESAFE TA_Xh Xg8)
(DROPOFF TA_Xi XAndyandZeyu)
(WALK TA_Xi XAndyandZeyu Xf8)
(HOMESAFE TA_Xi Xf8)
(DROPOFF TA_Xj XAndyandZeyu)
(WALK TA_Xj XAndyandZeyu Xi7)
(HOMESAFE TA_Xj Xi7)
(DROPOFF TA_Xf0 XAndyandZeyu)
(WALK TA_Xf0 XAndyandZeyu Xf7)
(HOMESAFE TA_Xf0 Xf7)
(DROPOFF TA_Xg0 XAndyandZeyu)
(WALK TA_Xg0 XAndyandZeyu Xi6)
(HOMESAFE TA_Xg0 Xi6)
(DROPOFF TA_Xh0 XAndyandZeyu)
(WALK TA_Xh0 XAndyandZeyu Xh6)
(HOMESAFE TA_Xh0 Xh6)
(DROPOFF TA_Xi0 XAndyandZeyu)
(WALK TA_Xi0 XAndyandZeyu Xg6)
(HOMESAFE TA_Xi0 Xg6)
(DROPOFF TA_Xj0 XAndyandZeyu)
(WALK TA_Xj0 XAndyandZeyu Xf6)
(HOMESAFE TA_Xj0 Xf6)
(DROPOFF TA_Xf1 XAndyandZeyu)
(WALK TA_Xf1 XAndyandZeyu Xj5)
(HOMESAFE TA_Xf1 Xj5)
(DROPOFF TA_Xg1 XAndyandZeyu)
(WALK TA_Xg1 XAndyandZeyu Xi5)
(HOMESAFE TA_Xg1 Xi5)
(DROPOFF TA_Xh1 XAndyandZeyu)
(WALK TA_Xh1 XAndyandZeyu Xh5)
(HOMESAFE TA_Xh1 Xh5)
(DROPOFF TA_Xi1 XAndyandZeyu)
(WALK TA_Xi1 XAndyandZeyu Xf5)
(HOMESAFE TA_Xi1 Xf5)
(DROPOFF TA_Xj1 XAndyandZeyu)
(WALK TA_Xj1 XAndyandZeyu Xh4)
(HOMESAFE TA_Xj1 Xh4)
(DROPOFF TA_Xf2 XAndyandZeyu)
(WALK TA_Xf2 XAndyandZeyu Xg4)
(HOMESAFE TA_Xf2 Xg4)
(DROPOFF TA_Xg2 XAndyandZeyu)
(WALK TA_Xg2 XAndyandZeyu Xf4)
(HOMESAFE TA_Xg2 Xf4)
(DROPOFF TA_Xh2 XAndyandZeyu)
(WALK TA_Xh2 XAndyandZeyu Xj3)
(HOMESAFE TA_Xh2 Xj3)
(DROPOFF TA_Xi2 XAndyandZeyu)
(WALK TA_Xi2 XAndyandZeyu Xi3)
(HOMESAFE TA_Xi2 Xi3)
(DROPOFF TA_Xj2 XAndyandZeyu)
(WALK TA_Xj2 XAndyandZeyu Xh3)
(HOMESAFE TA_Xj2 Xh3)
(DROPOFF TA_Xf3 XAndyandZeyu)
(WALK TA_Xf3 XAndyandZeyu Xg3)
(HOMESAFE TA_Xf3 Xg3)
(DROPOFF TA_Xg3 XAndyandZeyu)
(WALK TA_Xg3 XAndyandZeyu Xf3)
(HOMESAFE TA_Xg3 Xf3)
(DROPOFF TA_Xh3 XAndyandZeyu)
(WALK TA_Xh3 XAndyandZeyu Xj2)
(HOMESAFE TA_Xh3 Xj2)
(DROPOFF TA_Xi3 XAndyandZeyu)
(WALK TA_Xi3 XAndyandZeyu Xg2)
(HOMESAFE TA_Xi3 Xg2)
(DROPOFF TA_Xj3 XAndyandZeyu)
(WALK TA_Xj3 XAndyandZeyu Xf2)
(HOMESAFE TA_Xj3 Xf2)
(DROPOFF TA_Xf4 XAndyandZeyu)
(WALK TA_Xf4 XAndyandZeyu Xj1)
(HOMESAFE TA_Xf4 Xj1)
(DROPOFF TA_Xg4 XAndyandZeyu)
(WALK TA_Xg4 XAndyandZeyu Xi1)
(HOMESAFE TA_Xg4 Xi1)
(DROPOFF TA_Xh4 XAndyandZeyu)
(WALK TA_Xh4 XAndyandZeyu Xh1)
(HOMESAFE TA_Xh4 Xh1)
(DROPOFF TA_Xi4 XAndyandZeyu)
(WALK TA_Xi4 XAndyandZeyu Xg1)
(HOMESAFE TA_Xi4 Xg1)
(DROPOFF TA_Xj4 XAndyandZeyu)
(WALK TA_Xj4 XAndyandZeyu Xj0)
(HOMESAFE TA_Xj4 Xj0)
(DROPOFF TA_Xf5 XAndyandZeyu)
(WALK TA_Xf5 XAndyandZeyu Xi0)
(HOMESAFE TA_Xf5 Xi0)
(DROPOFF TA_Xg5 XAndyandZeyu)
(WALK TA_Xg5 XAndyandZeyu Xg0)
(HOMESAFE TA_Xg5 Xg0)
(DROPOFF TA_Xh5 XAndyandZeyu)
(WALK TA_Xh5 XAndyandZeyu Xf0)
(HOMESAFE TA_Xh5 Xf0)
(DROPOFF TA_Xi5 XAndyandZeyu)
(WALK TA_Xi5 XAndyandZeyu Xi)
(HOMESAFE TA_Xi5 Xi)
(DROPOFF TA_Xj5 XAndyandZeyu)
(WALK TA_Xj5 XAndyandZeyu Xh)
(HOMESAFE TA_Xj5 Xh)
(DROPOFF TA_Xf6 XAndyandZeyu)
(WALK TA_Xf6 XAndyandZeyu Xg)
(HOMESAFE TA_Xf6 Xg)
(DROPOFF TA_Xg6 XAndyandZeyu)
(WALK TA_Xg6 XAndyandZeyu Xf)
(HOMESAFE TA_Xg6 Xf)
(DROPOFF TA_Xh6 XAndyandZeyu)
(WALK TA_Xh6 XAndyandZeyu Xj8)
(WALK TA_Xh6 Xj8 Xj7)
(HOMESAFE TA_Xh6 Xj7)
(DROPOFF TA_Xi6 XAndyandZeyu)
(WALK TA_Xi6 XAndyandZeyu Xi8)
(WALK TA_Xi6 Xi8 Xh8)
(HOMESAFE TA_Xi6 Xh8)
(DROPOFF TA_Xj6 XAndyandZeyu)
(WALK TA_Xj6 XAndyandZeyu Xi7)
(WALK TA_Xj6 Xi7 Xg7)
(HOMESAFE TA_Xj6 Xg7)
(DROPOFF TA_Xf7 XAndyandZeyu)
(WALK TA_Xf7 XAndyandZeyu Xi7)
(WALK TA_Xf7 Xi7 Xj6)
(HOMESAFE TA_Xf7 Xj6)
(DROPOFF TA_Xg7 XAndyandZeyu)
(WALK TA_Xg7 XAndyandZeyu Xe7)
(WALK TA_Xg7 Xe7 Xh7)
(HOMESAFE TA_Xg7 Xh7)
(DROPOFF TA_Xh7 XAndyandZeyu)
(WALK TA_Xh7 XAndyandZeyu Xi5)
(WALK TA_Xh7 Xi5 Xj4)
(HOMESAFE TA_Xh7 Xj4)
(DROPOFF TA_Xi7 XAndyandZeyu)
(WALK TA_Xi7 XAndyandZeyu Xh5)
(WALK TA_Xi7 Xh5 Xg5)
(HOMESAFE TA_Xi7 Xg5)
(DROPOFF TA_Xj7 XAndyandZeyu)
(WALK TA_Xj7 XAndyandZeyu Xh4)
(WALK TA_Xj7 Xh4 Xi4)
(HOMESAFE TA_Xj7 Xi4)
(DROPOFF TA_Xf8 XAndyandZeyu)
(WALK TA_Xf8 XAndyandZeyu Xj2)
(WALK TA_Xf8 Xj2 Xh2)
(HOMESAFE TA_Xf8 Xh2)
(DROPOFF TA_Xg8 XAndyandZeyu)
(WALK TA_Xg8 XAndyandZeyu Xf2)
(WALK TA_Xg8 Xf2 Xi2)
(HOMESAFE TA_Xg8 Xi2)
(DROPOFF TA_Xh8 XAndyandZeyu)
(WALK TA_Xh8 XAndyandZeyu Xj1)
(WALK TA_Xh8 Xj1 Xf1)
(HOMESAFE TA_Xh8 Xf1)
(DROPOFF TA_Xi8 XAndyandZeyu)
(WALK TA_Xi8 XAndyandZeyu Xi0)
(WALK TA_Xi8 Xi0 Xh0)
(HOMESAFE TA_Xi8 Xh0)
(DROPOFF TA_Xj8 XAndyandZeyu)
(WALK TA_Xj8 XAndyandZeyu Xi)
(WALK TA_Xj8 Xi Xj)
(HOMESAFE TA_Xj8 Xj)
