(DRIVE XAndyandZeyu Xg2)
(DROPOFF TA_Xj3 Xg2)
(DRIVE Xg2 XAndyandZeyu)
(HOMESAFE TA_Xj3 Xg2)
(DRIVE XAndyandZeyu Xh)
(DROPOFF TA_Xf Xh)
(DRIVE Xh XAndyandZeyu)
(HOMESAFE TA_Xf Xh)
(DRIVE XAndyandZeyu Xh1)
(DROPOFF TA_Xg Xh1)
(DRIVE Xh1 XAndyandZeyu)
(HOMESAFE TA_Xg Xh1)
(DRIVE XAndyandZeyu Xf3)
(DROPOFF TA_Xh Xf3)
(DRIVE Xf3 XAndyandZeyu)
(HOMESAFE TA_Xh Xf3)
(DRIVE XAndyandZeyu Xf0)
(DROPOFF TA_Xi Xf0)
(DRIVE Xf0 XAndyandZeyu)
(HOMESAFE TA_Xi Xf0)
(DRIVE XAndyandZeyu Xg1)
(DROPOFF TA_Xj Xg1)
(DRIVE Xg1 XAndyandZeyu)
(HOMESAFE TA_Xj Xg1)
(DRIVE XAndyandZeyu Xj2)
(DROPOFF TA_Xf0 Xj2)
(DRIVE Xj2 XAndyandZeyu)
(HOMESAFE TA_Xf0 Xj2)
(DRIVE XAndyandZeyu Xj1)
(DROPOFF TA_Xg0 Xj1)
(DRIVE Xj1 XAndyandZeyu)
(HOMESAFE TA_Xg0 Xj1)
(DRIVE XAndyandZeyu Xc)
(DRIVE Xc Xj)
(DROPOFF TA_Xh0 Xj)
(HOMESAFE TA_Xh0 Xj)
(DRIVE Xj Xf)
(DROPOFF TA_Xi0 Xf)
(DRIVE Xf XAndyandZeyu)
(HOMESAFE TA_Xi0 Xf)
(DRIVE XAndyandZeyu Xi0)
(DROPOFF TA_Xj0 Xi0)
(DRIVE Xi0 XAndyandZeyu)
(HOMESAFE TA_Xj0 Xi0)
(DRIVE XAndyandZeyu Xi1)
(DROPOFF TA_Xf1 Xi1)
(DRIVE Xi1 XAndyandZeyu)
(DRIVE XAndyandZeyu Xg3)
(DROPOFF TA_Xg1 Xg3)
(DRIVE Xg3 XAndyandZeyu)
(DRIVE XAndyandZeyu Xf2)
(DROPOFF TA_Xh1 Xf2)
(DRIVE Xf2 Xh2)
(DROPOFF TA_Xi1 Xh2)
(DRIVE Xh2 Xi2)
(DROPOFF TA_Xj1 Xi2)
(HOMESAFE TA_Xh1 Xf2)
(DRIVE Xi2 Xc2)
(HOMESAFE TA_Xi1 Xh2)
(HOMESAFE TA_Xj1 Xi2)
(HOMESAFE TA_Xf1 Xi1)
(DRIVE Xc2 Xg2)
(DRIVE Xg2 XAndyandZeyu)
(DRIVE XAndyandZeyu Xf0)
(DRIVE Xf0 Xh0)
(DROPOFF TA_Xf2 Xh0)
(HOMESAFE TA_Xf2 Xh0)
(DRIVE Xh0 Xf0)
(DRIVE Xf0 Xj0)
(DROPOFF TA_Xg2 Xj0)
(DRIVE Xj0 XAndyandZeyu)
(HOMESAFE TA_Xg2 Xj0)
(DRIVE XAndyandZeyu Xg)
(DROPOFF TA_Xh2 Xg)
(DRIVE Xg Xj)
(DRIVE Xj Xi)
(DROPOFF TA_Xi2 Xi)
(DRIVE Xi XAndyandZeyu)
(HOMESAFE TA_Xh2 Xg)
(HOMESAFE TA_Xi2 Xi)
(DRIVE XAndyandZeyu Xb1)
(DRIVE Xb1 Xf1)
(DROPOFF TA_Xj2 Xf1)
(HOMESAFE TA_Xj2 Xf1)
(DRIVE Xf1 Xb1)
(DRIVE Xb1 XAndyandZeyu)
(DRIVE XAndyandZeyu Xg0)
(DROPOFF TA_Xf3 Xg0)
(DRIVE Xg0 XAndyandZeyu)
(HOMESAFE TA_Xf3 Xg0)
(HOMESAFE TA_Xg1 Xg3)
(DRIVE XAndyandZeyu Xh3)
(DROPOFF TA_Xg3 Xh3)
(DRIVE Xh3 XAndyandZeyu)
(HOMESAFE TA_Xg3 Xh3)
(DRIVE XAndyandZeyu Xj3)
(DROPOFF TA_Xh3 Xj3)
(HOMESAFE TA_Xh3 Xj3)
(DRIVE Xj3 Xg3)
(DRIVE Xg3 Xi3)
(DROPOFF TA_Xi3 Xi3)
(DRIVE Xi3 XAndyandZeyu)
(HOMESAFE TA_Xi3 Xi3)
