(DRIVE X3efbbd X1efe0a)
(DROPOFF TA_Xd36b6f X1efe0a)
(DRIVE X1efe0a X3efbbd)
(WALK TA_Xd36b6f X1efe0a X8216e5)
(HOMESAFE TA_Xd36b6f X8216e5)
(DRIVE X3efbbd X1efe0a)
(DROPOFF TA_X9fb27b X1efe0a)
(DRIVE X1efe0a X3efbbd)
(WALK TA_X9fb27b X1efe0a X525361)
(HOMESAFE TA_X9fb27b X525361)
(DRIVE X3efbbd X1efe0a)
(DROPOFF TA_X909532 X1efe0a)
(DRIVE X1efe0a X3efbbd)
(WALK TA_X909532 X1efe0a Xd36b6f)
(WALK TA_X909532 Xd36b6f X98b7f9)
(HOMESAFE TA_X909532 X98b7f9)
(DRIVE X3efbbd X1efe0a)
(DROPOFF TA_X98b7f9 X1efe0a)
(DRIVE X1efe0a X3efbbd)
(WALK TA_X98b7f9 X1efe0a X1e3f90)
(HOMESAFE TA_X98b7f9 X1e3f90)
(DRIVE X3efbbd X1efe0a)
(DROPOFF TA_X8037ff X1efe0a)
(DRIVE X1efe0a X3efbbd)
(WALK TA_X8037ff X1efe0a Xd36b6f)
(WALK TA_X8037ff Xd36b6f Xff448b)
(HOMESAFE TA_X8037ff Xff448b)
(DRIVE X3efbbd X1efe0a)
(DROPOFF TA_X526e97 X1efe0a)
(DRIVE X1efe0a X3efbbd)
(WALK TA_X526e97 X1efe0a X9fb27b)
(WALK TA_X526e97 X9fb27b Xbfdfca)
(HOMESAFE TA_X526e97 Xbfdfca)
(DRIVE X3efbbd X1efe0a)
(DROPOFF TA_Xff448b X1efe0a)
(DRIVE X1efe0a X3efbbd)
(WALK TA_Xff448b X1efe0a X2a53b1)
(HOMESAFE TA_Xff448b X2a53b1)
(DRIVE X3efbbd X1efe0a)
(DROPOFF TA_X8216e5 X1efe0a)
(DRIVE X1efe0a X3efbbd)
(HOMESAFE TA_X8216e5 X1efe0a)
(DRIVE X3efbbd Xc1e4b0)
(DROPOFF TA_X9e3235 Xc1e4b0)
(DRIVE Xc1e4b0 X3efbbd)
(WALK TA_X9e3235 Xc1e4b0 Xef9cce)
(HOMESAFE TA_X9e3235 Xef9cce)
(DRIVE X3efbbd Xaeb965)
(DROPOFF TA_Xbfdfca Xaeb965)
(DRIVE Xaeb965 X3efbbd)
(HOMESAFE TA_Xbfdfca Xaeb965)
(DRIVE X3efbbd Xc1e4b0)
(DROPOFF TA_Xfc6ab6 Xc1e4b0)
(DRIVE Xc1e4b0 X3efbbd)
(HOMESAFE TA_Xfc6ab6 Xc1e4b0)
(DRIVE X3efbbd X526e97)
(DROPOFF TA_Xd1ae8e X526e97)
(DRIVE X526e97 X3efbbd)
(HOMESAFE TA_Xd1ae8e X526e97)
(DRIVE X3efbbd Xd1ae8e)
(DROPOFF TA_X22c398 Xd1ae8e)
(DRIVE Xd1ae8e X3efbbd)
(HOMESAFE TA_X22c398 Xd1ae8e)
(DRIVE X3efbbd X22b74c)
(DRIVE X22b74c Xe17800)
(DROPOFF TA_X1efe0a Xe17800)
(HOMESAFE TA_X1efe0a Xe17800)
(DRIVE Xe17800 X22b74c)
(DRIVE X22b74c X3efbbd)
(DRIVE X3efbbd X2b7733)
(DROPOFF TA_Xaeb965 X2b7733)
(DRIVE X2b7733 X3efbbd)
(HOMESAFE TA_Xaeb965 X2b7733)
(DRIVE X3efbbd Xd36b6f)
(DROPOFF TA_Xc1e4b0 Xd36b6f)
(DRIVE Xd36b6f X3efbbd)
(HOMESAFE TA_Xc1e4b0 Xd36b6f)
(DRIVE X3efbbd Xfc6ab6)
(DROPOFF TA_X2a53b1 Xfc6ab6)
(DRIVE Xfc6ab6 X3efbbd)
(HOMESAFE TA_X2a53b1 Xfc6ab6)
(DRIVE X3efbbd X1efe0a)
(DRIVE X1efe0a X9fb27b)
(DROPOFF TA_Xe17800 X9fb27b)
(HOMESAFE TA_Xe17800 X9fb27b)
(DRIVE X9fb27b X1efe0a)
(DRIVE X1efe0a Xde59c9)
(DROPOFF TA_X1aef1d Xde59c9)
(DRIVE Xde59c9 X22c398)
(DROPOFF TA_Xef9cce X22c398)
(HOMESAFE TA_Xef9cce X22c398)
(DRIVE X22c398 X8037ff)
(DROPOFF TA_Xde59c9 X8037ff)
(DRIVE X8037ff X3efbbd)
(HOMESAFE TA_Xde59c9 X8037ff)
(DRIVE X3efbbd X1aef1d)
(DROPOFF TA_X1e3f90 X1aef1d)
(DRIVE X1aef1d X3efbbd)
(HOMESAFE TA_X1e3f90 X1aef1d)
(HOMESAFE TA_X1aef1d Xde59c9)
(DRIVE X3efbbd X390b11)
(DROPOFF TA_X390b11 X390b11)
(HOMESAFE TA_X390b11 X390b11)
(DRIVE X390b11 X9e3235)
(DROPOFF TA_X2b7733 X9e3235)
(HOMESAFE TA_X2b7733 X9e3235)
(DRIVE X9e3235 X909532)
(DROPOFF TA_X525361 X909532)
(HOMESAFE TA_X525361 X909532)
(DRIVE X909532 X22b74c)
(DRIVE X22b74c X3efbbd)
