(DRIVE XMHnVCXOJJwOI XMlFqcqjWiUdI)
(DROPOFF TA_XGoPPViXuIoMW XMlFqcqjWiUdI)
(DRIVE XMlFqcqjWiUdI XGoPPViXuIoMW)
(DROPOFF TA_XltlOmMSvjmIL XGoPPViXuIoMW)
(HOMESAFE TA_Xltlommsvjmil XgoPPViXuIoMW)
(DRIVE XGoPPViXuIoMW XphTlHtTwrYOU)
(DROPOFF TA_XcXYRsTNMJDHO XphTlHtTwrYOU)
(HOMESAFE TA_XGoppvixuiomw XmlFqcqjWiUdI)
(DRIVE XphTlHtTwrYOU XUAhLDhBNYkFI)
(DRIVE XUAhLDhBNYkFI XltlOmMSvjmIL)
(DROPOFF TA_XYbGvPudTcbyh XltlOmMSvjmIL)
(DRIVE XltlOmMSvjmIL XMHnVCXOJJwOI)
(WALK TA_XcXYRsTNMJDHO XphTlHtTwrYOU XFhVNapbaoZOZ)
(DRIVE XMHnVCXOJJwOI XSPoMbAzxrqrj)
(DROPOFF TA_XGLfJulJDWdHA XSPoMbAzxrqrj)
(HOMESAFE TA_XYbgvpudtcbyh XltlOmMSvjmIL)
(HOMESAFE TA_XGLfjuljdwdha XsPoMbAzxrqrj)
(DRIVE XSPoMbAzxrqrj XcXYRsTNMJDHO)
(DROPOFF TA_XUvfnFwkwYqFk XcXYRsTNMJDHO)
(HOMESAFE TA_Xcxyrstnmjdho XfhVNapbaoZOZ)
(HOMESAFE TA_XUvfnfwkwyqfk XcXYRsTNMJDHO)
(DRIVE XcXYRsTNMJDHO XRWoTZCNhceUR)
(DROPOFF TA_XNmmqQKqzdERM XRWoTZCNhceUR)
(HOMESAFE TA_XNmmqqkqzderm XrWoTZCNhceUR)
(DRIVE XRWoTZCNhceUR XGLfJulJDWdHA)
(DROPOFF TA_XRWoTZCNhceUR XGLfJulJDWdHA)
(HOMESAFE TA_XRWotzcnhceur XgLfJulJDWdHA)
(DRIVE XGLfJulJDWdHA XSJPfUQrbAbqM)
(DROPOFF TA_XcrcFIKqbaYTC XSJPfUQrbAbqM)
(HOMESAFE TA_Xcrcfikqbaytc XsJPfUQrbAbqM)
(DRIVE XSJPfUQrbAbqM XYbGvPudTcbyh)
(DROPOFF TA_XilCjMogPnNTK XYbGvPudTcbyh)
(DRIVE XYbGvPudTcbyh XbVDkAfQbeTmx)
(DROPOFF TA_XbVDkAfQbeTmx XbVDkAfQbeTmx)
(HOMESAFE TA_Xbvdkafqbetmx XbVDkAfQbeTmx)
(DRIVE XbVDkAfQbeTmx XcrcFIKqbaYTC)
(DROPOFF TA_XFhVNapbaoZOZ XcrcFIKqbaYTC)
(HOMESAFE TA_Xilcjmogpnntk XybGvPudTcbyh)
(DRIVE XcrcFIKqbaYTC XMHnVCXOJJwOI)
(WALK TA_XFhVNapbaoZOZ XcrcFIKqbaYTC XJCPkGQQBkgge)
(DRIVE XMHnVCXOJJwOI XKKNtdnAHmUpc)
(DROPOFF TA_XNkzUoyRYPnbb XKKNtdnAHmUpc)
(DRIVE XKKNtdnAHmUpc XMHnVCXOJJwOI)
(WALK TA_XNkzUoyRYPnbb XKKNtdnAHmUpc XNkzUoyRYPnbb)
(HOMESAFE TA_XNkzuoyrypnbb XnkzUoyRYPnbb)
(DROPOFF TA_XYfpLHnDpSXzc XMHnVCXOJJwOI)
(WALK TA_XYfpLHnDpSXzc XMHnVCXOJJwOI XKKNtdnAHmUpc)
(WALK TA_XYfpLHnDpSXzc XKKNtdnAHmUpc XPCNGxUSnzrYJ)
(HOMESAFE TA_XYfplhndpsxzc XpCNGxUSnzrYJ)
(HOMESAFE TA_XFhvnapbaozoz XjCPkGQQBkgge)
(DRIVE XMHnVCXOJJwOI XsvpVoYHpEpjH)
(DROPOFF TA_XphTlHtTwrYOU XsvpVoYHpEpjH)
(HOMESAFE TA_Xphtlhttwryou XsvpVoYHpEpjH)
(DRIVE XsvpVoYHpEpjH XcrcFIKqbaYTC)
(DROPOFF TA_XoClepMbylsqk XcrcFIKqbaYTC)
(DRIVE XcrcFIKqbaYTC XMHnVCXOJJwOI)
(WALK TA_XoClepMbylsqk XcrcFIKqbaYTC XjmWqilJNXyuV)
(HOMESAFE TA_Xoclepmbylsqk XjmWqilJNXyuV)
(DRIVE XMHnVCXOJJwOI XKKNtdnAHmUpc)
(DROPOFF TA_XMlFqcqjWiUdI XKKNtdnAHmUpc)
(DRIVE XKKNtdnAHmUpc XMHnVCXOJJwOI)
(WALK TA_XMlFqcqjWiUdI XKKNtdnAHmUpc XYfpLHnDpSXzc)
(HOMESAFE TA_XMlfqcqjwiudi XyfpLHnDpSXzc)
(DRIVE XMHnVCXOJJwOI XKKNtdnAHmUpc)
(DROPOFF TA_XjmWqilJNXyuV XKKNtdnAHmUpc)
(DRIVE XKKNtdnAHmUpc XMHnVCXOJJwOI)
(DRIVE XMHnVCXOJJwOI XNmmqQKqzdERM)
(DROPOFF TA_XKKNtdnAHmUpc XNmmqQKqzdERM)
(DRIVE XNmmqQKqzdERM XMHnVCXOJJwOI)
(HOMESAFE TA_Xjmwqiljnxyuv XkKNtdnAHmUpc)
(WALK TA_XKKNtdnAHmUpc XNmmqQKqzdERM XilCjMogPnNTK)
(HOMESAFE TA_XKKNtdnahmupc XilCjMogPnNTK)
(DRIVE XMHnVCXOJJwOI XUvfnFwkwYqFk)
(DROPOFF TA_XSPoMbAzxrqrj XUvfnFwkwYqFk)
(DRIVE XUvfnFwkwYqFk XoClepMbylsqk)
(DROPOFF TA_XAZrILCuGwbtV XoClepMbylsqk)
(HOMESAFE TA_XSPombazxrqrj XuvfnFwkwYqFk)
(DRIVE XoClepMbylsqk XAZrILCuGwbtV)
(DROPOFF TA_XJCPkGQQBkgge XAZrILCuGwbtV)
(DRIVE XAZrILCuGwbtV XMHnVCXOJJwOI)
(HOMESAFE TA_XJCPkgqqbkgge XaZrILCuGwbtV)
(HOMESAFE TA_XAZrilcugwbtv XoClepMbylsqk)
(DRIVE XMHnVCXOJJwOI XNmmqQKqzdERM)
(DROPOFF TA_XPCNGxUSnzrYJ XNmmqQKqzdERM)
(DRIVE XNmmqQKqzdERM XFhVNapbaoZOZ)
(DRIVE XFhVNapbaoZOZ XphTlHtTwrYOU)
(HOMESAFE TA_XPCNGxusnzryj XnmmqQKqzdERM)
(DROPOFF TA_XsvpVoYHpEpjH XphTlHtTwrYOU)
(DRIVE XphTlHtTwrYOU XPaWasRDhTGLg)
(DRIVE XPaWasRDhTGLg XcrcFIKqbaYTC)
(HOMESAFE TA_Xsvpvoyhpepjh XphTlHtTwrYOU)
(DROPOFF TA_XSJPfUQrbAbqM XcrcFIKqbaYTC)
(HOMESAFE TA_XSJPfuqrbabqm XcrcFIKqbaYTC)
(DRIVE XcrcFIKqbaYTC XMHnVCXOJJwOI)
