(DRIVE XSoda XC9)
(DROPOFF TA_XAO XC9)
(HOMESAFE TA_XAO XC9)
(DRIVE XC9 XD5)
(DROPOFF TA_XAC XD5)
(HOMESAFE TA_XAC XD5)
(DRIVE XD5 XD7)
(DROPOFF TA_XQ XD7)
(HOMESAFE TA_XQ XD7)
(DRIVE XD7 XD10)
(DRIVE XD10 XB10)
(DRIVE XB10 XB9)
(DROPOFF TA_XAG XB9)
(WALK TA_XAG XB9 XD9)
(DROPOFF TA_XP XB9)
(HOMESAFE TA_XP XB9)
(DRIVE XB9 XD8)
(WALK TA_XAG XD9 XD1)
(HOMESAFE TA_XAG XD1)
(DRIVE XD8 XB9)
(DRIVE XB9 XD9)
(DROPOFF TA_XT XD9)
(HOMESAFE TA_XT XD9)
(DRIVE XD9 XC10)
(DRIVE XC10 XA7)
(DROPOFF TA_XAW XA7)
(HOMESAFE TA_XAW XA7)
(DRIVE XA7 XA1)
(DROPOFF TA_XAU XA1)
(HOMESAFE TA_XAU XA1)
(DRIVE XA1 XD5)
(DRIVE XD5 XD7)
(DRIVE XD7 XD4)
(DRIVE XD4 XE1)
(DROPOFF TA_XAS XE1)
(HOMESAFE TA_XAS XE1)
(DRIVE XE1 XD4)
(DRIVE XD4 XC2)
(DRIVE XC2 XSoda)
(DRIVE XSoda XA)
(DRIVE XA XC)
(DRIVE XC XJ)
(DROPOFF TA_XAF XJ)
(HOMESAFE TA_XAF XJ)
(DRIVE XJ XI)
(DRIVE XI XAF)
(DROPOFF TA_XJ XAF)
(HOMESAFE TA_XJ XAF)
(DRIVE XAF XI)
(DRIVE XI XC)
(DRIVE XC XA)
(DRIVE XA XF)
(DRIVE XF XM)
(DRIVE XM XAC)
(DROPOFF TA_XH XAC)
(HOMESAFE TA_XH XAC)
(DRIVE XAC XAM)
(DRIVE XAM XAN)
(DRIVE XAN XAO)
(DROPOFF TA_XN XAO)
(HOMESAFE TA_XN XAO)
(DRIVE XAO XX)
(DRIVE XX XO)
(DRIVE XO XF)
(DRIVE XF XA)
(DRIVE XA XSoda)
(DRIVE XSoda XA5)
(DROPOFF TA_XAP XA5)
(HOMESAFE TA_XAP XA5)
(DRIVE XA5 XA9)
(DROPOFF TA_XAB XA9)
(HOMESAFE TA_XAB XA9)
(DRIVE XA9 XB7)
(DROPOFF TA_XE7 XB7)
(HOMESAFE TA_XE7 XB7)
(DRIVE XB7 XB5)
(DROPOFF TA_XE5 XB5)
(HOMESAFE TA_XE5 XB5)
(DRIVE XB5 XC1)
(DROPOFF TA_XE3 XC1)
(HOMESAFE TA_XE3 XC1)
(DRIVE XC1 XD3)
(DROPOFF TA_XE1 XD3)
(HOMESAFE TA_XE1 XD3)
(DRIVE XD3 XD6)
(DRIVE XD6 XA5)
(DRIVE XA5 XSoda)
(DRIVE XSoda XC2)
(DRIVE XC2 XD4)
(DRIVE XD4 XC3)
(DROPOFF TA_XD9 XC3)
(HOMESAFE TA_XD9 XC3)
(DRIVE XC3 XD4)
(DRIVE XD4 XC2)
(DRIVE XC2 XSoda)
(DRIVE XSoda XA)
(DRIVE XA XE)
(DRIVE XE XQ)
(DROPOFF TA_XD7 XQ)
(HOMESAFE TA_XD7 XQ)
(DRIVE XQ XE)
(DRIVE XE XP)
(DROPOFF TA_XD5 XP)
(HOMESAFE TA_XD5 XP)
(DRIVE XP XV)
(DRIVE XV XAG)
(DROPOFF TA_XD3 XAG)
(HOMESAFE TA_XD3 XAG)
(DRIVE XAG XU)
(DRIVE XU XQ)
(DRIVE XQ XE)
(DRIVE XE XA)
(DRIVE XA XSoda)
(DRIVE XSoda XA5)
(DRIVE XA5 XA9)
(DRIVE XA9 XA4)
(DRIVE XA4 XA3)
(DROPOFF TA_XD1 XA3)
(HOMESAFE TA_XD1 XA3)
(DRIVE XA3 XA4)
(DRIVE XA4 XA9)
(DRIVE XA9 XA5)
(DRIVE XA5 XSoda)
(DRIVE XSoda XC5)
(DROPOFF TA_XC9 XC5)
(HOMESAFE TA_XC9 XC5)
(DRIVE XC5 XB2)
(DRIVE XB2 XE5)
(DROPOFF TA_XC7 XE5)
(HOMESAFE TA_XC7 XE5)
(DRIVE XE5 XB1)
(DROPOFF TA_XC5 XB1)
(DRIVE XB1 XE5)
(DRIVE XE5 XB3)
(DROPOFF TA_XC3 XB3)
(HOMESAFE TA_XC3 XB3)
(DRIVE XB3 XE5)
(DRIVE XE5 XB2)
(DRIVE XB2 XE3)
(DROPOFF TA_XC1 XE3)
(HOMESAFE TA_XC1 XE3)
(DRIVE XE3 XC4)
(DRIVE XC4 XSoda)
(WALK TA_XC5 XB1 XE7)
(HOMESAFE TA_XC5 XE7)
(DRIVE XSoda XC5)
(DRIVE XC5 XB2)
(DRIVE XB2 XE5)
(DRIVE XE5 XB1)
(DROPOFF TA_XB9 XB1)
(HOMESAFE TA_XB9 XB1)
(DRIVE XB1 XE5)
(DRIVE XE5 XB2)
(DRIVE XB2 XC7)
(DROPOFF TA_XB7 XC7)
(HOMESAFE TA_XB7 XC7)
(DRIVE XC7 XB2)
(DRIVE XB2 XC5)
(DRIVE XC5 XSoda)
(DRIVE XSoda XA)
(DRIVE XA XD)
(DRIVE XD XK)
(DRIVE XK XAI)
(DRIVE XAI XAU)
(DROPOFF TA_XB5 XAU)
(HOMESAFE TA_XB5 XAU)
(DRIVE XAU XAS)
(DROPOFF TA_XB3 XAS)
(HOMESAFE TA_XB3 XAS)
(DRIVE XAS XAI)
(DRIVE XAI XT)
(DROPOFF TA_XB1 XT)
(DRIVE XT XAJ)
(DRIVE XAJ XAK)
(DRIVE XAK XAW)
(HOMESAFE TA_XB1 XT)
(DROPOFF TA_XA9 XAW)
(DRIVE XAW XAH)
(DRIVE XAH XAI)
(HOMESAFE TA_XA9 XAW)
(DRIVE XAI XK)
(DRIVE XK XD)
(DRIVE XD XA)
(DRIVE XA XG)
(DRIVE XG XN)
(DROPOFF TA_XA7 XN)
(DRIVE XN XAA)
(DRIVE XAA XAP)
(DROPOFF TA_XA5 XAP)
(HOMESAFE TA_XA5 XAP)
(DRIVE XAP XY)
(DRIVE XY XZ)
(DRIVE XZ XAB)
(DROPOFF TA_XA3 XAB)
(HOMESAFE TA_XA3 XAB)
(DRIVE XAB XH)
(HOMESAFE TA_XA7 XN)
(DROPOFF TA_XA1 XH)
(HOMESAFE TA_XA1 XH)
(DRIVE XH XB)
(DRIVE XB XA)
(DRIVE XA XSoda)
