(DRIVE Xa Xb)
(DROPOFF TA_Xax Xb)
(HOMESAFE TA_Xax Xb)
(DRIVE Xb Xm)
(DRIVE Xm Xac)
(DRIVE Xac Xav)
(DROPOFF TA_Xav Xav)
(DRIVE Xav Xac)
(WALK TA_Xav Xav Xab)
(HOMESAFE TA_Xav Xab)
(DRIVE Xac Xax)
(DROPOFF TA_Xat Xax)
(DRIVE Xax Xac)
(WALK TA_Xat Xax Xl)
(HOMESAFE TA_Xat Xl)
(DRIVE Xac Xav)
(DROPOFF TA_Xar Xav)
(HOMESAFE TA_Xar Xav)
(DRIVE Xav Xac)
(DRIVE Xac Xm)
(DRIVE Xm Xad)
(DROPOFF TA_Xap Xad)
(HOMESAFE TA_Xap Xad)
(DRIVE Xad Xm)
(DRIVE Xm Xac)
(DRIVE Xac Xax)
(DROPOFF TA_Xan Xax)
(HOMESAFE TA_Xan Xax)
(DRIVE Xax Xac)
(DRIVE Xac Xm)
(DRIVE Xm Xb)
(DRIVE Xb Xa)
(DRIVE Xa Xi)
(DRIVE Xi Xx)
(DROPOFF TA_Xal Xx)
(HOMESAFE TA_Xal Xx)
(DRIVE Xx Xu)
(DRIVE Xu Xan)
(DROPOFF TA_Xaj Xan)
(HOMESAFE TA_Xaj Xan)
(DRIVE Xan Xao)
(DRIVE Xao Xv)
(DROPOFF TA_Xah Xv)
(HOMESAFE TA_Xah Xv)
(DRIVE Xv Xao)
(DRIVE Xao Xap)
(DROPOFF TA_Xaf Xap)
(HOMESAFE TA_Xaf Xap)
(DRIVE Xap Xy)
(DRIVE Xy Xj)
(DROPOFF TA_Xad Xj)
(HOMESAFE TA_Xad Xj)
(DRIVE Xj Xaa)
(DRIVE Xaa Xat)
(DROPOFF TA_Xab Xat)
(HOMESAFE TA_Xab Xat)
(DRIVE Xat Xz)
(DROPOFF TA_Xz Xz)
(DRIVE Xz Xaa)
(DRIVE Xaa Xj)
(DRIVE Xj Xi)
(DRIVE Xi Xa)
(DRIVE Xa Xe)
(DRIVE Xe Xp)
(DROPOFF TA_Xx Xp)
(HOMESAFE TA_Xx Xp)
(DRIVE Xp Xe)
(DRIVE Xe Xd)
(DROPOFF TA_Xv Xd)
(DRIVE Xd Xa)
(WALK TA_Xv Xd Xn)
(HOMESAFE TA_Xv Xn)
(DRIVE Xa Xe)
(DRIVE Xe Xp)
(DRIVE Xp Xag)
(DRIVE Xag Xah)
(DROPOFF TA_Xt Xah)
(HOMESAFE TA_Xt Xah)
(DRIVE Xah Xag)
(DRIVE Xag Xp)
(DRIVE Xp Xe)
(DRIVE Xe Xd)
(DROPOFF TA_Xr Xd)
(HOMESAFE TA_Xr Xd)
(DRIVE Xd Xa)
(DRIVE Xa Xh)
(DROPOFF TA_Xp Xh)
(HOMESAFE TA_Xp Xh)
(DRIVE Xh Xak)
(DRIVE Xak Xaj)
(DROPOFF TA_Xn Xaj)
(HOMESAFE TA_Xn Xaj)
(DRIVE Xaj Xak)
(DRIVE Xak Xr)
(DROPOFF TA_Xl Xr)
(HOMESAFE TA_Xl Xr)
(DRIVE Xr Xak)
(DRIVE Xak Xt)
(DROPOFF TA_Xj Xt)
(DRIVE Xt Xal)
(DROPOFF TA_Xh Xal)
(DRIVE Xal Xs)
(HOMESAFE TA_Xh Xal)
(DRIVE Xs Xg)
(HOMESAFE TA_Xj Xt)
(DRIVE Xg Xf)
(DROPOFF TA_Xf Xf)
(DRIVE Xf Xg)
(DRIVE Xg Xa)
(HOMESAFE TA_Xf Xf)
(DRIVE Xa Xe)
(DRIVE Xe Xp)
(DRIVE Xp Xaf)
(DROPOFF TA_Xd Xaf)
(DRIVE Xaf Xp)
(DRIVE Xp Xe)
(WALK TA_Xz Xz Xar)
(HOMESAFE TA_Xz Xar)
(DRIVE Xe Xa)
(HOMESAFE TA_Xd Xaf)
(DRIVE Xa Xi)
(DRIVE Xi Xj)
(DRIVE Xj Xaa)
(DRIVE Xaa Xz)
(DROPOFF TA_Xb Xz)
(HOMESAFE TA_Xb Xz)
(DRIVE Xz Xaa)
(DRIVE Xaa Xj)
(DRIVE Xj Xi)
(DRIVE Xi Xa)
