(DRIVE XSabrinaSiriPrince50 XaHwNY)
(DROPOFF TA_Xd2ZYh XaHwNY)
(HOMESAFE TA_Xd2zyh XaHwNY)
(DRIVE XaHwNY XM7N2p)
(DRIVE XM7N2p XV7iEC)
(DROPOFF TA_XnbohZ XV7iEC)
(HOMESAFE TA_Xnbohz Xv7iEC)
(DRIVE XV7iEC XM7N2p)
(DRIVE XM7N2p Xcwf5o)
(DROPOFF TA_X4MOkB Xcwf5o)
(HOMESAFE TA_X4MOkb Xcwf5o)
(DRIVE Xcwf5o XM7N2p)
(DRIVE XM7N2p X7QUXg)
(DRIVE X7QUXg Xnannc)
(DROPOFF TA_XyJVF4 Xnannc)
(HOMESAFE TA_Xyjvf4 Xnannc)
(DRIVE Xnannc X7QUXg)
(DRIVE X7QUXg XM7N2p)
(DRIVE XM7N2p XrFWcq)
(DROPOFF TA_X9HL6t XrFWcq)
(HOMESAFE TA_X9HL6t XrFWcq)
(DRIVE XrFWcq XM7N2p)
(DRIVE XM7N2p XbXm0A)
(DRIVE XbXm0A XnMJpi)
(DROPOFF TA_XWutnl XnMJpi)
(HOMESAFE TA_XWutnl XnMJpi)
(DRIVE XnMJpi XbXm0A)
(DRIVE XbXm0A XM7N2p)
(DRIVE XM7N2p XHVYtd)
(DRIVE XHVYtd XBjd2k)
(DROPOFF TA_XvmJdf XBjd2k)
(HOMESAFE TA_Xvmjdf Xbjd2k)
(DRIVE XBjd2k XHVYtd)
(DRIVE XHVYtd XM7N2p)
(DRIVE XM7N2p XgInwM)
(DRIVE XgInwM XX9US9)
(DRIVE XX9US9 Xi3qsm)
(DROPOFF TA_X5X0EW Xi3qsm)
(HOMESAFE TA_X5X0EW Xi3qsm)
(DRIVE Xi3qsm XX9US9)
(DRIVE XX9US9 XgInwM)
(DRIVE XgInwM XM7N2p)
(DRIVE XM7N2p XaHwNY)
(DRIVE XaHwNY XUBrR9)
(DROPOFF TA_XWcEcU XUBrR9)
(HOMESAFE TA_XWcecu XuBrR9)
(DRIVE XUBrR9 X52PwN)
(DROPOFF TA_XOSLHQ X52PwN)
(HOMESAFE TA_XOSLHQ X52PwN)
(DRIVE X52PwN XH8qqB)
(DROPOFF TA_XEZqNK XH8qqB)
(HOMESAFE TA_XEZqnk Xh8qqB)
(DRIVE XH8qqB X0kSSC)
(DROPOFF TA_Xplb6L X0kSSC)
(HOMESAFE TA_Xplb6l X0kSSC)
(DRIVE X0kSSC XMs6jj)
(DROPOFF TA_XMs6jj XMs6jj)
(HOMESAFE TA_XMs6jj Xms6jj)
(DRIVE XMs6jj Xplb6L)
(DROPOFF TA_X0kSSC Xplb6L)
(HOMESAFE TA_X0kssc Xplb6L)
(DRIVE Xplb6L XUBrR9)
(DRIVE XUBrR9 XaHwNY)
(DRIVE XaHwNY XX8iWp)
(DRIVE XX8iWp XcRUJh)
(DRIVE XcRUJh XSVxWg)
(DRIVE XSVxWg XnbohZ)
(DROPOFF TA_XH8qqB XnbohZ)
(HOMESAFE TA_XH8qqb XnbohZ)
(DRIVE XnbohZ Xd2ZYh)
(DROPOFF TA_X52PwN Xd2ZYh)
(HOMESAFE TA_X52Pwn Xd2ZYh)
(DRIVE Xd2ZYh XSVxWg)
(DRIVE XSVxWg XDrLs7)
(DRIVE XDrLs7 X4MOkB)
(DROPOFF TA_XUBrR9 X4MOkB)
(HOMESAFE TA_XUBrr9 X4MOkB)
(DRIVE X4MOkB X9HL6t)
(DROPOFF TA_Xi3qsm X9HL6t)
(HOMESAFE TA_Xi3qsm X9HL6t)
(DRIVE X9HL6t XyJVF4)
(DROPOFF TA_XrFWcq XyJVF4)
(HOMESAFE TA_Xrfwcq XyJVF4)
(DRIVE XyJVF4 XDrLs7)
(DRIVE XDrLs7 XcRUJh)
(DRIVE XcRUJh XduKKu)
(DRIVE XduKKu X11x30)
(DRIVE X11x30 XWcEcU)
(DROPOFF TA_Xnannc XWcEcU)
(HOMESAFE TA_Xnannc XwcEcU)
(DRIVE XWcEcU XEZqNK)
(DROPOFF TA_XnMJpi XEZqNK)
(HOMESAFE TA_Xnmjpi XeZqNK)
(DRIVE XEZqNK XOSLHQ)
(DROPOFF TA_Xcwf5o XOSLHQ)
(HOMESAFE TA_Xcwf5o XoSLHQ)
(DRIVE XOSLHQ X11x30)
(DRIVE X11x30 XYgbLl)
(DRIVE XYgbLl XWutnl)
(DROPOFF TA_XBjd2k XWutnl)
(HOMESAFE TA_XBjd2k Xwutnl)
(DRIVE XWutnl X5X0EW)
(DROPOFF TA_XV7iEC X5X0EW)
(HOMESAFE TA_XV7iec X5X0EW)
(DRIVE X5X0EW XvmJdf)
(DROPOFF TA_XaHwNY XvmJdf)
(HOMESAFE TA_Xahwny XvmJdf)
(DRIVE XvmJdf XYgbLl)
(DRIVE XYgbLl XduKKu)
(DRIVE XduKKu XX8iWp)
(DRIVE XX8iWp XSabrinaSiriPrince50)
