(DRIVE Xssp200 X13)
(DRIVE X13 X10)
(DRIVE X10 X2)
(DRIVE X2 X8)
(DRIVE X8 X6)
(DROPOFF TA_X195 X6)
(HOMESAFE TA_X195 X6)
(DRIVE X6 X5)
(DROPOFF TA_X194 X5)
(HOMESAFE TA_X194 X5)
(DRIVE X5 X4)
(DROPOFF TA_X191 X4)
(HOMESAFE TA_X191 X4)
(DRIVE X4 X3)
(DROPOFF TA_X186 X3)
(HOMESAFE TA_X186 X3)
(DRIVE X3 X7)
(DRIVE X7 X2)
(DRIVE X2 X14)
(DROPOFF TA_X185 X14)
(DRIVE X14 X2)
(WALK TA_X185 X14 X15)
(HOMESAFE TA_X185 X15)
(DRIVE X2 X14)
(DROPOFF TA_X184 X14)
(HOMESAFE TA_X184 X14)
(DRIVE X14 X2)
(DRIVE X2 X181)
(DRIVE X181 X47)
(DRIVE X47 X52)
(DRIVE X52 X48)
(DROPOFF TA_X183 X48)
(HOMESAFE TA_X183 X48)
(DRIVE X48 X49)
(DROPOFF TA_X180 X49)
(HOMESAFE TA_X180 X49)
(DRIVE X49 X50)
(DROPOFF TA_X179 X50)
(HOMESAFE TA_X179 X50)
(DRIVE X50 X51)
(DROPOFF TA_X176 X51)
(HOMESAFE TA_X176 X51)
(DRIVE X51 X53)
(DRIVE X53 X47)
(DRIVE X47 X59)
(DROPOFF TA_X171 X59)
(DRIVE X59 X47)
(WALK TA_X171 X59 X60)
(HOMESAFE TA_X171 X60)
(DRIVE X47 X181)
(DRIVE X181 X107)
(DRIVE X107 X113)
(DRIVE X113 X111)
(DROPOFF TA_X170 X111)
(HOMESAFE TA_X170 X111)
(DRIVE X111 X110)
(DROPOFF TA_X169 X110)
(HOMESAFE TA_X169 X110)
(DRIVE X110 X109)
(DROPOFF TA_X168 X109)
(HOMESAFE TA_X168 X109)
(DRIVE X109 X108)
(DROPOFF TA_X165 X108)
(HOMESAFE TA_X165 X108)
(DRIVE X108 X112)
(DRIVE X112 X107)
(DRIVE X107 X119)
(DROPOFF TA_X164 X119)
(DRIVE X119 X107)
(WALK TA_X164 X119 X120)
(HOMESAFE TA_X164 X120)
(DRIVE X107 X119)
(DROPOFF TA_X161 X119)
(HOMESAFE TA_X161 X119)
(DRIVE X119 X107)
(DRIVE X107 X181)
(DRIVE X181 X17)
(DRIVE X17 X23)
(DRIVE X23 X21)
(DROPOFF TA_X156 X21)
(HOMESAFE TA_X156 X21)
(DRIVE X21 X20)
(DROPOFF TA_X155 X20)
(HOMESAFE TA_X155 X20)
(DRIVE X20 X19)
(DROPOFF TA_X154 X19)
(HOMESAFE TA_X154 X19)
(DRIVE X19 X18)
(DROPOFF TA_X153 X18)
(HOMESAFE TA_X153 X18)
(DRIVE X18 X22)
(DRIVE X22 X17)
(DRIVE X17 X29)
(DROPOFF TA_X150 X29)
(DRIVE X29 X17)
(WALK TA_X150 X29 X30)
(HOMESAFE TA_X150 X30)
(DRIVE X17 X29)
(DROPOFF TA_X149 X29)
(HOMESAFE TA_X149 X29)
(DRIVE X29 X17)
(DRIVE X17 X27)
(DRIVE X27 X26)
(DROPOFF TA_X146 X26)
(HOMESAFE TA_X146 X26)
(DRIVE X26 X27)
(DRIVE X27 X17)
(DRIVE X17 X181)
(DRIVE X181 X152)
(DRIVE X152 X157)
(DRIVE X157 X153)
(DROPOFF TA_X141 X153)
(HOMESAFE TA_X141 X153)
(DRIVE X153 X154)
(DROPOFF TA_X140 X154)
(HOMESAFE TA_X140 X154)
(DRIVE X154 X155)
(DROPOFF TA_X139 X155)
(HOMESAFE TA_X139 X155)
(DRIVE X155 X156)
(DROPOFF TA_X138 X156)
(HOMESAFE TA_X138 X156)
(DRIVE X156 X158)
(DRIVE X158 X152)
(DRIVE X152 X164)
(DROPOFF TA_X135 X164)
(DRIVE X164 X152)
(WALK TA_X135 X164 X165)
(HOMESAFE TA_X135 X165)
(DRIVE X152 X164)
(DROPOFF TA_X134 X164)
(HOMESAFE TA_X134 X164)
(DRIVE X164 X152)
(DRIVE X152 X162)
(DRIVE X162 X161)
(DROPOFF TA_X131 X161)
(HOMESAFE TA_X131 X161)
(DRIVE X161 X162)
(DRIVE X162 X152)
(DRIVE X152 X181)
(DRIVE X181 X62)
(DRIVE X62 X68)
(DRIVE X68 X66)
(DROPOFF TA_X126 X66)
(HOMESAFE TA_X126 X66)
(DRIVE X66 X65)
(DROPOFF TA_X125 X65)
(HOMESAFE TA_X125 X65)
(DRIVE X65 X64)
(DROPOFF TA_X124 X64)
(HOMESAFE TA_X124 X64)
(DRIVE X64 X63)
(DROPOFF TA_X123 X63)
(HOMESAFE TA_X123 X63)
(DRIVE X63 X67)
(DRIVE X67 X62)
(DRIVE X62 X74)
(DROPOFF TA_X120 X74)
(DRIVE X74 X62)
(WALK TA_X120 X74 X75)
(HOMESAFE TA_X120 X75)
(DRIVE X62 X74)
(DROPOFF TA_X119 X74)
(HOMESAFE TA_X119 X74)
(DRIVE X74 X62)
(DRIVE X62 X72)
(DRIVE X72 X71)
(DROPOFF TA_X116 X71)
(HOMESAFE TA_X116 X71)
(DRIVE X71 X72)
(DRIVE X72 X62)
(DRIVE X62 X181)
(DRIVE X181 X122)
(DRIVE X122 X134)
(DROPOFF TA_X111 X134)
(DRIVE X134 X122)
(WALK TA_X111 X134 X135)
(HOMESAFE TA_X111 X135)
(DRIVE X122 X134)
(DROPOFF TA_X110 X134)
(DRIVE X134 X122)
(HOMESAFE TA_X110 X134)
(DRIVE X122 X128)
(DRIVE X128 X126)
(DROPOFF TA_X109 X126)
(HOMESAFE TA_X109 X126)
(DRIVE X126 X125)
(DROPOFF TA_X108 X125)
(HOMESAFE TA_X108 X125)
(DRIVE X125 X124)
(DROPOFF TA_X105 X124)
(HOMESAFE TA_X105 X124)
(DRIVE X124 X123)
(DROPOFF TA_X104 X123)
(HOMESAFE TA_X104 X123)
(DRIVE X123 X127)
(DRIVE X127 X122)
(DRIVE X122 X181)
(DRIVE X181 X77)
(DRIVE X77 X89)
(DROPOFF TA_X101 X89)
(DRIVE X89 X77)
(WALK TA_X101 X89 X90)
(HOMESAFE TA_X101 X90)
(DRIVE X77 X89)
(DROPOFF TA_X96 X89)
(HOMESAFE TA_X96 X89)
(DRIVE X89 X77)
(DRIVE X77 X83)
(DRIVE X83 X81)
(DROPOFF TA_X95 X81)
(HOMESAFE TA_X95 X81)
(DRIVE X81 X80)
(DROPOFF TA_X94 X80)
(HOMESAFE TA_X94 X80)
(DRIVE X80 X79)
(DROPOFF TA_X93 X79)
(HOMESAFE TA_X93 X79)
(DRIVE X79 X78)
(DROPOFF TA_X90 X78)
(HOMESAFE TA_X90 X78)
(DRIVE X78 X82)
(DRIVE X82 X77)
(DRIVE X77 X87)
(DRIVE X87 X86)
(DROPOFF TA_X89 X86)
(HOMESAFE TA_X89 X86)
(DRIVE X86 X87)
(DRIVE X87 X77)
(DRIVE X77 X181)
(DRIVE X181 X47)
(DRIVE X47 X59)
(DROPOFF TA_X86 X59)
(HOMESAFE TA_X86 X59)
(DRIVE X59 X47)
(DRIVE X47 X57)
(DRIVE X57 X56)
(DROPOFF TA_X81 X56)
(HOMESAFE TA_X81 X56)
(DRIVE X56 X57)
(DRIVE X57 X47)
(DRIVE X47 X181)
(DRIVE X181 X167)
(DRIVE X167 X173)
(DRIVE X173 X171)
(DROPOFF TA_X80 X171)
(HOMESAFE TA_X80 X171)
(DRIVE X171 X170)
(DROPOFF TA_X79 X170)
(HOMESAFE TA_X79 X170)
(DRIVE X170 X169)
(DROPOFF TA_X78 X169)
(HOMESAFE TA_X78 X169)
(DRIVE X169 X168)
(DROPOFF TA_X75 X168)
(HOMESAFE TA_X75 X168)
(DRIVE X168 X172)
(DRIVE X172 X167)
(DRIVE X167 X179)
(DROPOFF TA_X74 X179)
(DRIVE X179 X167)
(WALK TA_X74 X179 X180)
(HOMESAFE TA_X74 X180)
(DRIVE X167 X177)
(DRIVE X177 X176)
(DROPOFF TA_X71 X176)
(HOMESAFE TA_X71 X176)
(DRIVE X176 X177)
(DRIVE X177 X167)
(DRIVE X167 X179)
(DROPOFF TA_X66 X179)
(HOMESAFE TA_X66 X179)
(DRIVE X179 X167)
(DRIVE X167 X181)
(DRIVE X181 X92)
(DRIVE X92 X104)
(DROPOFF TA_X65 X104)
(DRIVE X104 X92)
(WALK TA_X65 X104 X105)
(HOMESAFE TA_X65 X105)
(DRIVE X92 X104)
(DROPOFF TA_X64 X104)
(HOMESAFE TA_X64 X104)
(DRIVE X104 X92)
(DRIVE X92 X102)
(DRIVE X102 X101)
(DROPOFF TA_X63 X101)
(HOMESAFE TA_X63 X101)
(DRIVE X101 X102)
(DRIVE X102 X92)
(DRIVE X92 X97)
(DRIVE X97 X93)
(DROPOFF TA_X60 X93)
(HOMESAFE TA_X60 X93)
(DRIVE X93 X94)
(DROPOFF TA_X59 X94)
(HOMESAFE TA_X59 X94)
(DRIVE X94 X95)
(DROPOFF TA_X56 X95)
(HOMESAFE TA_X56 X95)
(DRIVE X95 X96)
(DROPOFF TA_X51 X96)
(HOMESAFE TA_X51 X96)
(DRIVE X96 X98)
(DRIVE X98 X92)
(DRIVE X92 X181)
(DRIVE X181 X32)
(DRIVE X32 X44)
(DROPOFF TA_X50 X44)
(DRIVE X44 X32)
(WALK TA_X50 X44 X45)
(HOMESAFE TA_X50 X45)
(DRIVE X32 X44)
(DROPOFF TA_X49 X44)
(HOMESAFE TA_X49 X44)
(DRIVE X44 X32)
(DRIVE X32 X37)
(DRIVE X37 X33)
(DRIVE X33 X34)
(DROPOFF TA_X48 X34)
(DRIVE X34 X35)
(DROPOFF TA_X45 X35)
(HOMESAFE TA_X45 X35)
(DRIVE X35 X36)
(DROPOFF TA_X44 X36)
(HOMESAFE TA_X44 X36)
(DRIVE X36 X38)
(DRIVE X38 X32)
(DRIVE X32 X42)
(DRIVE X42 X41)
(DROPOFF TA_X41 X41)
(HOMESAFE TA_X41 X41)
(DRIVE X41 X42)
(DRIVE X42 X32)
(DRIVE X32 X181)
(DRIVE X181 X137)
(DRIVE X137 X149)
(DROPOFF TA_X36 X149)
(DRIVE X149 X137)
(WALK TA_X36 X149 X150)
(HOMESAFE TA_X36 X150)
(DRIVE X137 X149)
(DROPOFF TA_X35 X149)
(DRIVE X149 X137)
(HOMESAFE TA_X35 X149)
(DRIVE X137 X147)
(DRIVE X147 X146)
(DROPOFF TA_X34 X146)
(HOMESAFE TA_X34 X146)
(DRIVE X146 X147)
(DRIVE X147 X137)
(DRIVE X137 X181)
(DRIVE X181 X182)
(DRIVE X182 X194)
(DROPOFF TA_X33 X194)
(DRIVE X194 X182)
(WALK TA_X33 X194 X195)
(HOMESAFE TA_X33 X195)
(DRIVE X182 X192)
(DRIVE X192 X191)
(DROPOFF TA_X30 X191)
(HOMESAFE TA_X30 X191)
(DRIVE X191 X192)
(DRIVE X192 X182)
(DRIVE X182 X194)
(DROPOFF TA_X29 X194)
(HOMESAFE TA_X29 X194)
(DRIVE X194 X182)
(DRIVE X182 X187)
(DRIVE X187 X183)
(DROPOFF TA_X26 X183)
(HOMESAFE TA_X26 X183)
(DRIVE X183 X184)
(DROPOFF TA_X21 X184)
(HOMESAFE TA_X21 X184)
(DRIVE X184 X185)
(DROPOFF TA_X20 X185)
(HOMESAFE TA_X20 X185)
(DRIVE X185 X186)
(DROPOFF TA_X19 X186)
(HOMESAFE TA_X19 X186)
(DRIVE X186 X188)
(DRIVE X188 X182)
(DRIVE X182 X181)
(DRIVE X181 X107)
(DRIVE X107 X117)
(DRIVE X117 X116)
(DROPOFF TA_X18 X116)
(HOMESAFE TA_X18 X116)
(DRIVE X116 X117)
(DRIVE X117 X107)
(DRIVE X107 X181)
(DRIVE X181 X122)
(DRIVE X122 X132)
(DRIVE X132 X131)
(DROPOFF TA_X15 X131)
(HOMESAFE TA_X15 X131)
(DRIVE X131 X132)
(DRIVE X132 X122)
(DRIVE X122 X181)
(DRIVE X181 X2)
(DRIVE X2 X12)
(DRIVE X12 X11)
(DROPOFF TA_X14 X11)
(HOMESAFE TA_X14 X11)
(DRIVE X11 X12)
(DRIVE X12 X2)
(DRIVE X2 X181)
(DRIVE X181 X137)
(DRIVE X137 X142)
(DRIVE X142 X138)
(DROPOFF TA_X11 X138)
(DRIVE X138 X139)
(DRIVE X139 X140)
(DROPOFF TA_X6 X140)
(DRIVE X140 X141)
(HOMESAFE TA_X11 X138)
(DROPOFF TA_X5 X141)
(HOMESAFE TA_X6 X140)
(DRIVE X141 X140)
(DRIVE X140 X139)
(HOMESAFE TA_X5 X141)
(DROPOFF TA_X4 X139)
(DRIVE X139 X138)
(DRIVE X138 X142)
(DRIVE X142 X137)
(HOMESAFE TA_X4 X139)
(HOMESAFE TA_X48 X34)
(DRIVE X137 X181)
(DRIVE X181 X32)
(DRIVE X32 X37)
(DRIVE X37 X33)
(DROPOFF TA_X3 X33)
(DRIVE X33 X37)
(DRIVE X37 X32)
(DRIVE X32 X181)
(HOMESAFE TA_X3 X33)
(DRIVE X181 X2)
(DRIVE X2 X10)
(DRIVE X10 X13)
(DRIVE X13 Xssp200)
