(DROPOFF TA_XLisa XLeah)
(WALK TA_XLisa XLeah XRachel)
(HOMESAFE TA_XLisa Xrachel)
(DROPOFF TA_XPaula XLeah)
(WALK TA_XPaula XLeah XPaula)
(HOMESAFE TA_XPaula Xpaula)
(DROPOFF TA_XJavier XLeah)
(WALK TA_XJavier XLeah XJon)
(HOMESAFE TA_XJavier Xjon)
(DROPOFF TA_XKelly XLeah)
(WALK TA_XKelly XLeah XAdrian)
(HOMESAFE TA_XKelly Xadrian)
(DROPOFF TA_XVicki XLeah)
(WALK TA_XVicki XLeah XVicki)
(HOMESAFE TA_XVicki Xvicki)
(DROPOFF TA_XJennifer XLeah)
(WALK TA_XJennifer XLeah XRussell)
(HOMESAFE TA_XJennifer Xrussell)
(DROPOFF TA_XJon XLeah)
(WALK TA_XJon XLeah XRyan)
(HOMESAFE TA_XJon Xryan)
(DROPOFF TA_XGary XLeah)
(WALK TA_XGary XLeah XKelly)
(HOMESAFE TA_XGary Xkelly)
(DROPOFF TA_XRussell XLeah)
(WALK TA_XRussell XLeah XMichael)
(HOMESAFE TA_XRussell Xmichael)
(DROPOFF TA_XMegan XLeah)
(WALK TA_XMegan XLeah XJennifer)
(HOMESAFE TA_XMegan Xjennifer)
(DROPOFF TA_XBrian XLeah)
(WALK TA_XBrian XLeah XDavid)
(HOMESAFE TA_XBrian Xdavid)
(DROPOFF TA_XCarol XLeah)
(WALK TA_XCarol XLeah XJon)
(WALK TA_XCarol XJon XMegan)
(HOMESAFE TA_XCarol Xmegan)
(DROPOFF TA_XMichael XLeah)
(WALK TA_XMichael XLeah XSonya)
(WALK TA_XMichael XSonya XBrian)
(HOMESAFE TA_XMichael Xbrian)
(DROPOFF TA_XRachel XLeah)
(WALK TA_XRachel XLeah XJennifer)
(WALK TA_XRachel XJennifer XAmanda)
(HOMESAFE TA_XRachel Xamanda)
(DROPOFF TA_XDavid XLeah)
(WALK TA_XDavid XLeah XRussell)
(WALK TA_XDavid XRussell XJordan)
(HOMESAFE TA_XDavid Xjordan)
(DROPOFF TA_XRuth XLeah)
(WALK TA_XRuth XLeah XRobert)
(WALK TA_XRuth XRobert XCarol)
(HOMESAFE TA_XRuth Xcarol)
(DROPOFF TA_XAnthony XLeah)
(WALK TA_XAnthony XLeah XJoshua)
(WALK TA_XAnthony XJoshua XDylan)
(HOMESAFE TA_XAnthony Xdylan)
(DROPOFF TA_XAmanda XLeah)
(WALK TA_XAmanda XLeah XVicki)
(WALK TA_XAmanda XVicki XRuth)
(HOMESAFE TA_XAmanda Xruth)
(DROPOFF TA_XJordan XLeah)
(WALK TA_XJordan XLeah XJoshua)
(WALK TA_XJordan XJoshua XLisa)
(HOMESAFE TA_XJordan Xlisa)
(DROPOFF TA_XJade XLeah)
(WALK TA_XJade XLeah XPaula)
(WALK TA_XJade XPaula XApril)
(HOMESAFE TA_XJade Xapril)
(DROPOFF TA_XAdrian XLeah)
(WALK TA_XAdrian XLeah XJon)
(WALK TA_XAdrian XJon XAlexander)
(HOMESAFE TA_XAdrian Xalexander)
(DROPOFF TA_XAlexander XLeah)
(WALK TA_XAlexander XLeah XAdrian)
(WALK TA_XAlexander XAdrian XAnthony)
(HOMESAFE TA_XAlexander Xanthony)
(DROPOFF TA_XApril XLeah)
(WALK TA_XApril XLeah XRussell)
(WALK TA_XApril XRussell XJavier)
(HOMESAFE TA_XApril Xjavier)
(DROPOFF TA_XRyan XLeah)
(WALK TA_XRyan XLeah XMichael)
(WALK TA_XRyan XMichael XGary)
(HOMESAFE TA_XRyan Xgary)
(DROPOFF TA_XDylan XLeah)
(WALK TA_XDylan XLeah XRachel)
(WALK TA_XDylan XRachel XJade)
(HOMESAFE TA_XDylan Xjade)
