(DROPOFF TA_XBayleef XFlorges)
(WALK TA_XBayleef XFlorges XRalts)
(HOMESAFE TA_XBayleef Xralts)
(DROPOFF TA_XKricketot XFlorges)
(WALK TA_XKricketot XFlorges XStufful)
(HOMESAFE TA_XKricketot Xstufful)
(DROPOFF TA_XVolbeat XFlorges)
(WALK TA_XVolbeat XFlorges XBergmite)
(HOMESAFE TA_XVolbeat Xbergmite)
(DROPOFF TA_XCarracosta XFlorges)
(WALK TA_XCarracosta XFlorges XVolbeat)
(HOMESAFE TA_XCarracosta Xvolbeat)
(DROPOFF TA_XTsareena XFlorges)
(WALK TA_XTsareena XFlorges XZubat)
(HOMESAFE TA_XTsareena Xzubat)
(DROPOFF TA_XBidoof XFlorges)
(WALK TA_XBidoof XFlorges XTsareena)
(HOMESAFE TA_XBidoof Xtsareena)
(DROPOFF TA_XManectric XFlorges)
(WALK TA_XManectric XFlorges XMasquerain)
(WALK TA_XManectric XMasquerain XTogetic)
(HOMESAFE TA_XManectric Xtogetic)
(DROPOFF TA_XPoliwag XFlorges)
(WALK TA_XPoliwag XFlorges XTsareena)
(WALK TA_XPoliwag XTsareena XWeepinbell)
(HOMESAFE TA_XPoliwag Xweepinbell)
(DROPOFF TA_XMoltres XFlorges)
(WALK TA_XMoltres XFlorges XZoroark)
(WALK TA_XMoltres XZoroark XPrimarina)
(HOMESAFE TA_XMoltres Xprimarina)
(DROPOFF TA_XHitmonlee XFlorges)
(WALK TA_XHitmonlee XFlorges XZoroark)
(WALK TA_XHitmonlee XZoroark XCherrim)
(HOMESAFE TA_XHitmonlee Xcherrim)
(DROPOFF TA_XZubat XFlorges)
(WALK TA_XZubat XFlorges XVespiquen)
(WALK TA_XZubat XVespiquen XScolipede)
(HOMESAFE TA_XZubat Xscolipede)
(DROPOFF TA_XRalts XFlorges)
(WALK TA_XRalts XFlorges XZubat)
(WALK TA_XRalts XZubat XRegice)
(HOMESAFE TA_XRalts Xregice)
(DROPOFF TA_XPurrloin XFlorges)
(WALK TA_XPurrloin XFlorges XNidoking)
(WALK TA_XPurrloin XNidoking XKricketot)
(HOMESAFE TA_XPurrloin Xkricketot)
(DROPOFF TA_XPersian XFlorges)
(WALK TA_XPersian XFlorges XStufful)
(WALK TA_XPersian XStufful XLillipup)
(HOMESAFE TA_XPersian Xlillipup)
(DROPOFF TA_XSentret XFlorges)
(WALK TA_XSentret XFlorges XSerperior)
(WALK TA_XSentret XSerperior XBidoof)
(HOMESAFE TA_XSentret Xbidoof)
(DROPOFF TA_XPichu XFlorges)
(WALK TA_XPichu XFlorges XNidoking)
(WALK TA_XPichu XNidoking XCelesteela)
(HOMESAFE TA_XPichu Xcelesteela)
(DROPOFF TA_XBisharp XFlorges)
(WALK TA_XBisharp XFlorges XSerperior)
(WALK TA_XBisharp XSerperior XWailmer)
(HOMESAFE TA_XBisharp Xwailmer)
(DROPOFF TA_XAurorus XFlorges)
(WALK TA_XAurorus XFlorges XBergmite)
(WALK TA_XAurorus XBergmite XMoltres)
(HOMESAFE TA_XAurorus Xmoltres)
(DROPOFF TA_XCascoon XFlorges)
(WALK TA_XCascoon XFlorges XZubat)
(WALK TA_XCascoon XZubat XDialga)
(HOMESAFE TA_XCascoon Xdialga)
(DROPOFF TA_XDusknoir XFlorges)
(WALK TA_XDusknoir XFlorges XKricketune)
(WALK TA_XDusknoir XKricketune XSentret)
(HOMESAFE TA_XDusknoir Xsentret)
(DROPOFF TA_XPrimarina XFlorges)
(WALK TA_XPrimarina XFlorges XMasquerain)
(WALK TA_XPrimarina XMasquerain XBisharp)
(HOMESAFE TA_XPrimarina Xbisharp)
(DROPOFF TA_XCelebi XFlorges)
(WALK TA_XCelebi XFlorges XVespiquen)
(WALK TA_XCelebi XVespiquen XPersian)
(HOMESAFE TA_XCelebi Xpersian)
(DROPOFF TA_XCherrim XFlorges)
(WALK TA_XCherrim XFlorges XZubat)
(WALK TA_XCherrim XZubat XManectric)
(HOMESAFE TA_XCherrim Xmanectric)
(DROPOFF TA_XInfernape XFlorges)
(WALK TA_XInfernape XFlorges XKricketune)
(WALK TA_XInfernape XKricketune XPurrloin)
(HOMESAFE TA_XInfernape Xpurrloin)
(DROPOFF TA_XZapdos XFlorges)
(WALK TA_XZapdos XFlorges XSnorunt)
(WALK TA_XZapdos XSnorunt XShaymin)
(HOMESAFE TA_XZapdos Xshaymin)
(DROPOFF TA_XTogetic XFlorges)
(WALK TA_XTogetic XFlorges XBergmite)
(WALK TA_XTogetic XBergmite XWormadam)
(HOMESAFE TA_XTogetic Xwormadam)
(DROPOFF TA_XDelibird XFlorges)
(WALK TA_XDelibird XFlorges XStufful)
(WALK TA_XDelibird XStufful XOmastar)
(HOMESAFE TA_XDelibird Xomastar)
(DROPOFF TA_XStufful XFlorges)
(WALK TA_XStufful XFlorges XVolbeat)
(WALK TA_XStufful XVolbeat XBuzzwole)
(HOMESAFE TA_XStufful Xbuzzwole)
(DROPOFF TA_XLillipup XFlorges)
(WALK TA_XLillipup XFlorges XMasquerain)
(WALK TA_XLillipup XMasquerain XDelibird)
(HOMESAFE TA_XLillipup Xdelibird)
(DROPOFF TA_XShaymin XFlorges)
(WALK TA_XShaymin XFlorges XVolbeat)
(WALK TA_XShaymin XVolbeat XBayleef)
(HOMESAFE TA_XShaymin Xbayleef)
(DROPOFF TA_XDialga XFlorges)
(WALK TA_XDialga XFlorges XSerperior)
(WALK TA_XDialga XSerperior XPoliwag)
(HOMESAFE TA_XDialga Xpoliwag)
(DROPOFF TA_XTentacruel XFlorges)
(WALK TA_XTentacruel XFlorges XSerperior)
(WALK TA_XTentacruel XSerperior XGirafarig)
(HOMESAFE TA_XTentacruel Xgirafarig)
(DROPOFF TA_XWeepinbell XFlorges)
(WALK TA_XWeepinbell XFlorges XStufful)
(WALK TA_XWeepinbell XStufful XCascoon)
(HOMESAFE TA_XWeepinbell Xcascoon)
(DROPOFF TA_XYanmega XFlorges)
(WALK TA_XYanmega XFlorges XSerperior)
(WALK TA_XYanmega XSerperior XDusknoir)
(HOMESAFE TA_XYanmega Xdusknoir)
(DROPOFF TA_XWailmer XFlorges)
(WALK TA_XWailmer XFlorges XKricketune)
(WALK TA_XWailmer XKricketune XPoliwrath)
(HOMESAFE TA_XWailmer Xpoliwrath)
(DROPOFF TA_XPiloswine XFlorges)
(WALK TA_XPiloswine XFlorges XSerperior)
(WALK TA_XPiloswine XSerperior XBouffalant)
(HOMESAFE TA_XPiloswine Xbouffalant)
(DROPOFF TA_XGastrodon XFlorges)
(WALK TA_XGastrodon XFlorges XMasquerain)
(WALK TA_XGastrodon XMasquerain XCarracosta)
(HOMESAFE TA_XGastrodon Xcarracosta)
(DROPOFF TA_XScolipede XFlorges)
(WALK TA_XScolipede XFlorges XVespiquen)
(WALK TA_XScolipede XVespiquen XInfernape)
(HOMESAFE TA_XScolipede Xinfernape)
(DROPOFF TA_XGirafarig XFlorges)
(WALK TA_XGirafarig XFlorges XVespiquen)
(WALK TA_XGirafarig XVespiquen XWeepinbell)
(WALK TA_XGirafarig XWeepinbell XTentacruel)
(HOMESAFE TA_XGirafarig Xtentacruel)
(DROPOFF TA_XBouffalant XFlorges)
(WALK TA_XBouffalant XFlorges XSnorunt)
(WALK TA_XBouffalant XSnorunt XDialga)
(WALK TA_XBouffalant XDialga XAurorus)
(HOMESAFE TA_XBouffalant Xaurorus)
(DROPOFF TA_XTimburr XFlorges)
(WALK TA_XTimburr XFlorges XVolbeat)
(WALK TA_XTimburr XVolbeat XWeavile)
(WALK TA_XTimburr XWeavile XCelebi)
(HOMESAFE TA_XTimburr Xcelebi)
(DROPOFF TA_XPoliwrath XFlorges)
(WALK TA_XPoliwrath XFlorges XVolbeat)
(WALK TA_XPoliwrath XVolbeat XBuzzwole)
(WALK TA_XPoliwrath XBuzzwole XHakamoo)
(HOMESAFE TA_XPoliwrath Xhakamoo)
(DROPOFF TA_XHakamoo XFlorges)
(WALK TA_XHakamoo XFlorges XSnorunt)
(WALK TA_XHakamoo XSnorunt XShaymin)
(WALK TA_XHakamoo XShaymin XPiloswine)
(HOMESAFE TA_XHakamoo Xpiloswine)
(DROPOFF TA_XRegice XFlorges)
(WALK TA_XRegice XFlorges XZubat)
(WALK TA_XRegice XZubat XClaydol)
(WALK TA_XRegice XClaydol XTimburr)
(HOMESAFE TA_XRegice Xtimburr)
(DROPOFF TA_XBuzzwole XFlorges)
(WALK TA_XBuzzwole XFlorges XSnorunt)
(WALK TA_XBuzzwole XSnorunt XRoggenrola)
(WALK TA_XBuzzwole XRoggenrola XHitmonlee)
(HOMESAFE TA_XBuzzwole Xhitmonlee)
(DROPOFF TA_XWormadam XFlorges)
(WALK TA_XWormadam XFlorges XZoroark)
(WALK TA_XWormadam XZoroark XEmboar)
(WALK TA_XWormadam XEmboar XYanmega)
(HOMESAFE TA_XWormadam Xyanmega)
(DROPOFF TA_XMachoke XFlorges)
(WALK TA_XMachoke XFlorges XStufful)
(WALK TA_XMachoke XStufful XShieldon)
(WALK TA_XMachoke XShieldon XZapdos)
(HOMESAFE TA_XMachoke Xzapdos)
(DROPOFF TA_XOmastar XFlorges)
(WALK TA_XOmastar XFlorges XBergmite)
(WALK TA_XOmastar XBergmite XMoltres)
(WALK TA_XOmastar XMoltres XGastrodon)
(HOMESAFE TA_XOmastar Xgastrodon)
(DROPOFF TA_XCelesteela XFlorges)
(WALK TA_XCelesteela XFlorges XMasquerain)
(WALK TA_XCelesteela XMasquerain XBisharp)
(WALK TA_XCelesteela XBisharp XMachoke)
(HOMESAFE TA_XCelesteela Xmachoke)
(DROPOFF TA_XBergmite XFlorges)
(WALK TA_XBergmite XFlorges XSnorunt)
(WALK TA_XBergmite XSnorunt XDialga)
(WALK TA_XBergmite XDialga XPichu)
(HOMESAFE TA_XBergmite Xpichu)
