(DROPOFF TA_XElectivire XGlameow)
(WALK TA_XElectivire XGlameow XLoudred)
(HOMESAFE TA_XElectivire Xloudred)
(DROPOFF TA_XSpiritomb XGlameow)
(WALK TA_XSpiritomb XGlameow XInkay)
(HOMESAFE TA_XSpiritomb Xinkay)
(DROPOFF TA_XBeheeyem XGlameow)
(WALK TA_XBeheeyem XGlameow XElectivire)
(HOMESAFE TA_XBeheeyem Xelectivire)
(DROPOFF TA_XLoudred XGlameow)
(WALK TA_XLoudred XGlameow XSpheal)
(HOMESAFE TA_XLoudred Xspheal)
(DROPOFF TA_XSpheal XGlameow)
(WALK TA_XSpheal XGlameow XFennekin)
(WALK TA_XSpheal XFennekin XWailord)
(HOMESAFE TA_XSpheal Xwailord)
(DROPOFF TA_XBuneary XGlameow)
(WALK TA_XBuneary XGlameow XElectivire)
(WALK TA_XBuneary XElectivire XMeganium)
(HOMESAFE TA_XBuneary Xmeganium)
(DROPOFF TA_XGothorita XGlameow)
(WALK TA_XGothorita XGlameow XLoudred)
(WALK TA_XGothorita XLoudred XArcheops)
(HOMESAFE TA_XGothorita Xarcheops)
(DROPOFF TA_XTogepi XGlameow)
(WALK TA_XTogepi XGlameow XElectivire)
(WALK TA_XTogepi XElectivire XFurret)
(HOMESAFE TA_XTogepi Xfurret)
(DROPOFF TA_XLeavanny XGlameow)
(WALK TA_XLeavanny XGlameow XFennekin)
(WALK TA_XLeavanny XFennekin XZygarde)
(HOMESAFE TA_XLeavanny Xzygarde)
(DROPOFF TA_XGumshoos XGlameow)
(WALK TA_XGumshoos XGlameow XSpheal)
(WALK TA_XGumshoos XSpheal XGigalith)
(HOMESAFE TA_XGumshoos Xgigalith)
(DROPOFF TA_XMudbray XGlameow)
(WALK TA_XMudbray XGlameow XElectivire)
(WALK TA_XMudbray XElectivire XYanma)
(HOMESAFE TA_XMudbray Xyanma)
(DROPOFF TA_XWailord XGlameow)
(WALK TA_XWailord XGlameow XSpheal)
(WALK TA_XWailord XSpheal XGothorita)
(HOMESAFE TA_XWailord Xgothorita)
(DROPOFF TA_XGlalie XGlameow)
(WALK TA_XGlalie XGlameow XElectivire)
(WALK TA_XGlalie XElectivire XSpinarak)
(HOMESAFE TA_XGlalie Xspinarak)
(DROPOFF TA_XSpinarak XGlameow)
(WALK TA_XSpinarak XGlameow XFennekin)
(WALK TA_XSpinarak XFennekin XGumshoos)
(HOMESAFE TA_XSpinarak Xgumshoos)
(DROPOFF TA_XYanma XGlameow)
(WALK TA_XYanma XGlameow XFennekin)
(WALK TA_XYanma XFennekin XWailord)
(WALK TA_XYanma XWailord XBeheeyem)
(HOMESAFE TA_XYanma Xbeheeyem)
(DROPOFF TA_XArcheops XGlameow)
(WALK TA_XArcheops XGlameow XElectivire)
(WALK TA_XArcheops XElectivire XCamerupt)
(WALK TA_XArcheops XCamerupt XTogepi)
(HOMESAFE TA_XArcheops Xtogepi)
(DROPOFF TA_XGigalith XGlameow)
(WALK TA_XGigalith XGlameow XLoudred)
(WALK TA_XGigalith XLoudred XWartortle)
(WALK TA_XGigalith XWartortle XBuneary)
(HOMESAFE TA_XGigalith Xbuneary)
(DROPOFF TA_XInkay XGlameow)
(WALK TA_XInkay XGlameow XSpheal)
(WALK TA_XInkay XSpheal XCacturne)
(WALK TA_XInkay XCacturne XLeavanny)
(HOMESAFE TA_XInkay Xleavanny)
(DROPOFF TA_XLedian XGlameow)
(WALK TA_XLedian XGlameow XFennekin)
(WALK TA_XLedian XFennekin XZygarde)
(WALK TA_XLedian XZygarde XLedian)
(HOMESAFE TA_XLedian Xledian)
(DROPOFF TA_XGolett XGlameow)
(WALK TA_XGolett XGlameow XLoudred)
(WALK TA_XGolett XLoudred XWartortle)
(WALK TA_XGolett XWartortle XMudbray)
(HOMESAFE TA_XGolett Xmudbray)
(DROPOFF TA_XFurret XGlameow)
(WALK TA_XFurret XGlameow XElectivire)
(WALK TA_XFurret XElectivire XGumshoos)
(WALK TA_XFurret XGumshoos XBergmite)
(HOMESAFE TA_XFurret Xbergmite)
(DROPOFF TA_XBergmite XGlameow)
(WALK TA_XBergmite XGlameow XLoudred)
(WALK TA_XBergmite XLoudred XWartortle)
(WALK TA_XBergmite XWartortle XGolett)
(HOMESAFE TA_XBergmite Xgolett)
(DROPOFF TA_XZygarde XGlameow)
(WALK TA_XZygarde XGlameow XInkay)
(WALK TA_XZygarde XInkay XSimisage)
(WALK TA_XZygarde XSimisage XGlalie)
(HOMESAFE TA_XZygarde Xglalie)
(DROPOFF TA_XPiplup XGlameow)
(WALK TA_XPiplup XGlameow XElectivire)
(WALK TA_XPiplup XElectivire XMeganium)
(WALK TA_XPiplup XMeganium XPiplup)
(HOMESAFE TA_XPiplup Xpiplup)
(DROPOFF TA_XMeganium XGlameow)
(WALK TA_XMeganium XGlameow XElectivire)
(WALK TA_XMeganium XElectivire XMeganium)
(WALK TA_XMeganium XMeganium XSwanna)
(WALK TA_XMeganium XSwanna XSpiritomb)
(HOMESAFE TA_XMeganium Xspiritomb)
