(DRIVE Xsoda Xbt)
(DROPOFF TA_Xbh Xbt)
(HOMESAFE TA_Xbh Xbt)
(DRIVE Xbt Xbu)
(DRIVE Xbu Xbv)
(DROPOFF TA_Xbt Xbv)
(HOMESAFE TA_Xbt Xbv)
(DRIVE Xbv Xbw)
(DRIVE Xbw Xaa)
(DRIVE Xaa Xaf)
(DRIVE Xaf Xae)
(DROPOFF TA_Xbs Xae)
(HOMESAFE TA_Xbs Xae)
(DRIVE Xae Xaf)
(DRIVE Xaf Xag)
(DROPOFF TA_Xaj Xag)
(HOMESAFE TA_Xaj Xag)
(DRIVE Xag Xah)
(DRIVE Xah Xak)
(DRIVE Xak Xaj)
(DROPOFF TA_Xag Xaj)
(HOMESAFE TA_Xag Xaj)
(DRIVE Xaj Xak)
(DRIVE Xak Xal)
(DRIVE Xal Xam)
(DRIVE Xam Xbj)
(DRIVE Xbj Xbi)
(DRIVE Xbi Xbh)
(DROPOFF TA_Xbv Xbh)
(DRIVE Xbh Xbi)
(DRIVE Xbi Xbj)
(DRIVE Xbj Xam)
(DRIVE Xam Xal)
(DRIVE Xal Xak)
(DRIVE Xak Xaz)
(WALK TA_Xbv Xbh Xbg)
(DRIVE Xaz Xba)
(DROPOFF TA_Xba Xba)
(HOMESAFE TA_Xba Xba)
(DRIVE Xba Xaz)
(DRIVE Xaz Xak)
(DRIVE Xak Xaj)
(DRIVE Xaj Xau)
(DRIVE Xau Xat)
(DRIVE Xat Xas)
(HOMESAFE TA_Xbv Xbg)
(DRIVE Xas Xar)
(DROPOFF TA_Xaw Xar)
(HOMESAFE TA_Xaw Xar)
(DRIVE Xar Xas)
(DRIVE Xas Xat)
(DRIVE Xat Xau)
(DRIVE Xau Xav)
(DRIVE Xav Xaw)
(DROPOFF TA_Xar Xaw)
(HOMESAFE TA_Xar Xaw)
(DRIVE Xaw Xax)
(DRIVE Xax Xay)
(DRIVE Xay Xaz)
(DRIVE Xaz Xak)
(DRIVE Xak Xal)
(DRIVE Xal Xam)
(DRIVE Xam Xbj)
(DRIVE Xbj Xbk)
(DRIVE Xbk Xbl)
(DRIVE Xbl Xbm)
(DROPOFF TA_Xae Xbm)
(DRIVE Xbm Xbn)
(DRIVE Xbn Xbo)
(DRIVE Xbo Xbp)
(DRIVE Xbp Xbq)
(DRIVE Xbq Xbr)
(DRIVE Xbr Xbs)
(DROPOFF TA_Xbg Xbs)
(HOMESAFE TA_Xbg Xbs)
(WALK TA_Xae Xbm Xbl)
(WALK TA_Xae Xbl Xbk)
(WALK TA_Xae Xbk Xbj)
(WALK TA_Xae Xbj Xbi)
(WALK TA_Xae Xbi Xbh)
(HOMESAFE TA_Xae Xbh)
(DRIVE Xbs Xbr)
(DRIVE Xbr Xbq)
(DRIVE Xbq Xbp)
(DRIVE Xbp Xbo)
(DRIVE Xbo Xbn)
(DRIVE Xbn Xbm)
(DROPOFF TA_Xbm Xbm)
(DRIVE Xbm Xbn)
(DRIVE Xbn Xbo)
(DRIVE Xbo Xbp)
(DRIVE Xbp Xbq)
(DRIVE Xbq Xbr)
(DRIVE Xbr Xbs)
(HOMESAFE TA_Xbm Xbm)
(DRIVE Xbs Xbt)
(DRIVE Xbt Xsoda)
