(DROPOFF TA_XCocos XSoda)
(WALK TA_XCocos XSoda XGuadeloupe)
(HOMESAFE TA_XCocos Xguadeloupe)
(DROPOFF TA_XChina XSoda)
(WALK TA_XChina XSoda XCook)
(WALK TA_XChina XCook XBelize)
(HOMESAFE TA_XChina Xbelize)
(DROPOFF TA_XAntigua XSoda)
(WALK TA_XAntigua XSoda XBahamas)
(WALK TA_XAntigua XBahamas XGuam)
(HOMESAFE TA_XAntigua Xguam)
(DROPOFF TA_XBotswana XSoda)
(WALK TA_XBotswana XSoda XChile)
(WALK TA_XBotswana XChile XAntigua)
(HOMESAFE TA_XBotswana Xantigua)
(DROPOFF TA_XAustria XSoda)
(WALK TA_XAustria XSoda XAzerbaijan)
(WALK TA_XAustria XAzerbaijan XUnited)
(HOMESAFE TA_XAustria Xunited)
(DROPOFF TA_XUnited XSoda)
(WALK TA_XUnited XSoda XAzerbaijan)
(WALK TA_XUnited XAzerbaijan XAngola)
(HOMESAFE TA_XUnited Xangola)
(DROPOFF TA_XComoros XSoda)
(WALK TA_XComoros XSoda XCosta)
(WALK TA_XComoros XCosta XCambodia)
(HOMESAFE TA_XComoros Xcambodia)
(DROPOFF TA_XBelize XSoda)
(WALK TA_XBelize XSoda XHungary)
(WALK TA_XBelize XHungary XAustralia)
(HOMESAFE TA_XBelize Xaustralia)
(DROPOFF TA_XCzech XSoda)
(WALK TA_XCzech XSoda XCanada)
(WALK TA_XCzech XCanada XComoros)
(HOMESAFE TA_XCzech Xcomoros)
(DROPOFF TA_XDenmark XSoda)
(WALK TA_XDenmark XSoda XBahamas)
(WALK TA_XDenmark XBahamas XAruba)
(HOMESAFE TA_XDenmark Xaruba)
(DROPOFF TA_XCayman XSoda)
(WALK TA_XCayman XSoda XHungary)
(WALK TA_XCayman XHungary XFiji)
(HOMESAFE TA_XCayman Xfiji)
(DROPOFF TA_XEgypt XSoda)
(WALK TA_XEgypt XSoda XChile)
(WALK TA_XEgypt XChile XCentral)
(HOMESAFE TA_XEgypt Xcentral)
(DROPOFF TA_XAngola XSoda)
(WALK TA_XAngola XSoda XHungary)
(WALK TA_XAngola XHungary XBouvet)
(HOMESAFE TA_XAngola Xbouvet)
(DROPOFF TA_XColombia XSoda)
(WALK TA_XColombia XSoda XDominican)
(WALK TA_XColombia XDominican XAustria)
(HOMESAFE TA_XColombia Xaustria)
(DROPOFF TA_XGuam XSoda)
(WALK TA_XGuam XSoda XGuadeloupe)
(WALK TA_XGuam XGuadeloupe XChina)
(HOMESAFE TA_XGuam Xchina)
(DROPOFF TA_XBouvet XSoda)
(WALK TA_XBouvet XSoda XGrenada)
(WALK TA_XBouvet XGrenada XArgentina)
(HOMESAFE TA_XBouvet Xargentina)
(DROPOFF TA_XGuadeloupe XSoda)
(WALK TA_XGuadeloupe XSoda XBahamas)
(WALK TA_XGuadeloupe XBahamas XDenmark)
(HOMESAFE TA_XGuadeloupe Xdenmark)
(DROPOFF TA_XArgentina XSoda)
(WALK TA_XArgentina XSoda XGrenada)
(WALK TA_XArgentina XGrenada XCocos)
(HOMESAFE TA_XArgentina Xcocos)
(DROPOFF TA_XAruba XSoda)
(WALK TA_XAruba XSoda XAzerbaijan)
(WALK TA_XAruba XAzerbaijan XBotswana)
(HOMESAFE TA_XAruba Xbotswana)
(DROPOFF TA_XBermuda XSoda)
(WALK TA_XBermuda XSoda XAzerbaijan)
(WALK TA_XBermuda XAzerbaijan XColombia)
(HOMESAFE TA_XBermuda Xcolombia)
(DROPOFF TA_XCentral XSoda)
(WALK TA_XCentral XSoda XChile)
(WALK TA_XCentral XChile XGuyana)
(HOMESAFE TA_XCentral Xguyana)
(DROPOFF TA_XGuyana XSoda)
(WALK TA_XGuyana XSoda XChile)
(WALK TA_XGuyana XChile XBosnia)
(WALK TA_XGuyana XBosnia XEgypt)
(HOMESAFE TA_XGuyana Xegypt)
(DROPOFF TA_XFiji XSoda)
(WALK TA_XFiji XSoda XAzerbaijan)
(WALK TA_XFiji XAzerbaijan XFaroe)
(WALK TA_XFiji XFaroe XCayman)
(HOMESAFE TA_XFiji Xcayman)
(DROPOFF TA_XCambodia XSoda)
(WALK TA_XCambodia XSoda XGrenada)
(WALK TA_XCambodia XGrenada XFiji)
(WALK TA_XCambodia XFiji XCzech)
(HOMESAFE TA_XCambodia Xczech)
(DROPOFF TA_XAustralia XSoda)
(WALK TA_XAustralia XSoda XGuadeloupe)
(WALK TA_XAustralia XGuadeloupe XChina)
(WALK TA_XAustralia XChina XBermuda)
(HOMESAFE TA_XAustralia Xbermuda)
