(DROPOFF TA_XChristmas XSoda)
(WALK TA_XChristmas XSoda XBelgium)
(HOMESAFE TA_XChristmas Xbelgium)
(DROPOFF TA_XAruba XSoda)
(WALK TA_XAruba XSoda XBangladesh)
(HOMESAFE TA_XAruba Xbangladesh)
(DROPOFF TA_XBurkina XSoda)
(WALK TA_XBurkina XSoda XBangladesh)
(WALK TA_XBurkina XBangladesh XCocos)
(HOMESAFE TA_XBurkina Xcocos)
(DROPOFF TA_XBotswana XSoda)
(WALK TA_XBotswana XSoda XBelgium)
(WALK TA_XBotswana XBelgium XBotswana)
(HOMESAFE TA_XBotswana Xbotswana)
(DROPOFF TA_XAlbania XSoda)
(WALK TA_XAlbania XSoda XBelgium)
(WALK TA_XAlbania XBelgium XBurkina)
(HOMESAFE TA_XAlbania Xburkina)
(DROPOFF TA_XCambodia XSoda)
(WALK TA_XCambodia XSoda XUnited)
(WALK TA_XCambodia XUnited XCocos)
(WALK TA_XCambodia XCocos XBhutan)
(HOMESAFE TA_XCambodia Xbhutan)
(DROPOFF TA_XBhutan XSoda)
(WALK TA_XBhutan XSoda XUnited)
(WALK TA_XBhutan XUnited XBulgaria)
(WALK TA_XBhutan XBulgaria XCambodia)
(HOMESAFE TA_XBhutan Xcambodia)
(DROPOFF TA_XCanada XSoda)
(WALK TA_XCanada XSoda XVirgin)
(WALK TA_XCanada XVirgin XCabo)
(WALK TA_XCanada XCabo XAruba)
(HOMESAFE TA_XCanada Xaruba)
(DROPOFF TA_XBelgium XSoda)
(WALK TA_XBelgium XSoda XVirgin)
(WALK TA_XBelgium XVirgin XBahamas)
(WALK TA_XBelgium XBahamas XAlbania)
(HOMESAFE TA_XBelgium Xalbania)
(DROPOFF TA_XBangladesh XSoda)
(WALK TA_XBangladesh XSoda XBelgium)
(WALK TA_XBangladesh XBelgium XBurkina)
(WALK TA_XBangladesh XBurkina XCanada)
(HOMESAFE TA_XBangladesh Xcanada)
(DROPOFF TA_XCocos XSoda)
(WALK TA_XCocos XSoda XBangladesh)
(WALK TA_XCocos XBangladesh XCentral)
(WALK TA_XCocos XCentral XChristmas)
(HOMESAFE TA_XCocos Xchristmas)
(DROPOFF TA_XAustralia XSoda)
(WALK TA_XAustralia XSoda XBangladesh)
(WALK TA_XAustralia XBangladesh XCocos)
(WALK TA_XAustralia XCocos XBhutan)
(WALK TA_XAustralia XBhutan XAustralia)
(HOMESAFE TA_XAustralia Xaustralia)
