(DRIVE XFleaBottom XTheAturanEmpire)
(DRIVE XTheAturanEmpire XGringottsBank)
(DROPOFF TA_XShriekingShack XGringottsBank)
(HOMESAFE TA_XShriekingshack XgringottsBank)
(DRIVE XGringottsBank XTheAturanEmpire)
(DRIVE XTheAturanEmpire XHighGarden)
(DROPOFF TA_XHighGarden XHighGarden)
(HOMESAFE TA_XHighgarden XhighGarden)
(DRIVE XHighGarden XTheGreatDivide)
(DROPOFF TA_XMinistryofMagic XTheGreatDivide)
(HOMESAFE TA_XMinistryofmagic XtheGreatDivide)
(DRIVE XTheGreatDivide XDagobah)
(DRIVE XDagobah XWestopolis)
(DROPOFF TA_XAccrington XWestopolis)
(HOMESAFE TA_XAccrington Xwestopolis)
(DRIVE XWestopolis XArkham)
(DROPOFF TA_XSatishVille XArkham)
(HOMESAFE TA_XSatishville Xarkham)
(DRIVE XArkham XRockofKuthian)
(DRIVE XRockofKuthian XSeveren)
(DRIVE XSeveren XUtgardMountain)
(DROPOFF TA_XCoalwatch XUtgardMountain)
(HOMESAFE TA_XCoalwatch XutgardMountain)
(DRIVE XUtgardMountain XTartarus)
(DRIVE XTartarus XSatishVille)
(DROPOFF TA_XArkham XSatishVille)
(HOMESAFE TA_XArkham XsatishVille)
(DRIVE XSatishVille XTheGreatDivide)
(DRIVE XTheGreatDivide XTheBurningPlains)
(DROPOFF TA_XEbonfall XTheBurningPlains)
(DRIVE XTheBurningPlains XTheGreatDivide)
(DRIVE XTheGreatDivide XSatishVille)
(DRIVE XSatishVille XTartarus)
(WALK TA_XEbonfall XTheBurningPlains XOlivanders)
(HOMESAFE TA_XEbonfall Xolivanders)
(DRIVE XTartarus XGlimthain)
(DROPOFF TA_XTheVale XGlimthain)
(HOMESAFE TA_XThevale Xglimthain)
(DRIVE XGlimthain XYunkai)
(DRIVE XYunkai XHighGarden)
(DRIVE XHighGarden XBatcave)
(DROPOFF TA_XTrebon XBatcave)
(DRIVE XBatcave XHighGarden)
(WALK TA_XTrebon XBatcave XEggmanland)
(HOMESAFE TA_XTrebon Xeggmanland)
(DRIVE XHighGarden XBatcave)
(DROPOFF TA_XBatcave XBatcave)
(DRIVE XBatcave XHighGarden)
(WALK TA_XBatcave XBatcave XTheBoilingRock)
(HOMESAFE TA_XBatcave XtheBoilingRock)
(DRIVE XHighGarden XTheGreatDivide)
(DRIVE XTheGreatDivide XTheBurningPlains)
(DROPOFF TA_XYll XTheBurningPlains)
(HOMESAFE TA_XYll XtheBurningPlains)
(DRIVE XTheBurningPlains XTheGreatDivide)
(DRIVE XTheGreatDivide XHighGarden)
(DRIVE XHighGarden XBatcave)
(DROPOFF TA_XAdemre XBatcave)
(HOMESAFE TA_XAdemre Xbatcave)
(DRIVE XBatcave XGringottsBank)
(DRIVE XGringottsBank XSeveren)
(DRIVE XSeveren XRockofKuthian)
(DRIVE XRockofKuthian XCrastersKeep)
(DRIVE XCrastersKeep XCarvahall)
(DRIVE XCarvahall XAccrington)
(DROPOFF TA_XGlimthain XAccrington)
(HOMESAFE TA_XGlimthain Xaccrington)
(DRIVE XAccrington XCarvahall)
(DRIVE XCarvahall XBorginBurkes)
(DRIVE XBorginBurkes XTartarus)
(DRIVE XTartarus XBobbingbourne)
(DROPOFF TA_XTheBoilingRock XBobbingbourne)
(DRIVE XBobbingbourne XTartarus)
(WALK TA_XTheBoilingRock XBobbingbourne XUrubaen)
(WALK TA_XTheBoilingRock XUrubaen XTrebon)
(HOMESAFE TA_XTheboilingrock Xtrebon)
(DRIVE XTartarus XBobbingbourne)
(DROPOFF TA_XOlivanders XBobbingbourne)
(HOMESAFE TA_XOlivanders Xbobbingbourne)
(DRIVE XBobbingbourne XTartarus)
(DRIVE XTartarus XLorien)
(DRIVE XLorien XShriekingShack)
(DROPOFF TA_XTheGreatDivide XShriekingShack)
(DRIVE XShriekingShack XCrastersKeep)
(WALK TA_XTheGreatDivide XShriekingShack XTheSpine)
(WALK TA_XTheGreatDivide XTheSpine XCoalwatch)
(HOMESAFE TA_XThegreatdivide Xcoalwatch)
(DRIVE XCrastersKeep XEbonfall)
(DROPOFF TA_XVintas XEbonfall)
(HOMESAFE TA_XVintas Xebonfall)
(DRIVE XEbonfall XCrastersKeep)
(DRIVE XCrastersKeep XShriekingShack)
(DROPOFF TA_XBobbingbourne XShriekingShack)
(HOMESAFE TA_XBobbingbourne XshriekingShack)
(DRIVE XShriekingShack XCrastersKeep)
(DRIVE XCrastersKeep XRockofKuthian)
(DRIVE XRockofKuthian XUrubaen)
(DROPOFF TA_XEggmanland XUrubaen)
(DRIVE XUrubaen XToperhagen)
(DRIVE XToperhagen XVintas)
(DROPOFF TA_XWestopolis XVintas)
(DRIVE XVintas XVroengard)
(DRIVE XVroengard XAdemre)
(DROPOFF TA_XGringottsBank XAdemre)
(HOMESAFE TA_XWestopolis Xvintas)
(HOMESAFE TA_XGringottsbank Xademre)
(DRIVE XAdemre XCarvahall)
(DRIVE XCarvahall XTheVale)
(DROPOFF TA_XUtgardMountain XTheVale)
(HOMESAFE TA_XUtgardmountain XtheVale)
(DRIVE XTheVale XSeveren)
(DRIVE XSeveren XMinistryofMagic)
(DROPOFF TA_XTheBurningPlains XMinistryofMagic)
(HOMESAFE TA_XTheburningplains XministryofMagic)
(DRIVE XMinistryofMagic XYll)
(DROPOFF TA_XUrubaen XYll)
(HOMESAFE TA_XUrubaen Xyll)
(DRIVE XYll XHighGarden)
(DRIVE XHighGarden XTheAturanEmpire)
(DRIVE XTheAturanEmpire XFleaBottom)
(HOMESAFE TA_XEggmanland Xurubaen)
