(DRIVE XMeckgue XVaultofSouls)
(DROPOFF TA_XTheArcanum XVaultofSouls)
(HOMESAFE TA_XThearcanum XvaultofSouls)
(DRIVE XVaultofSouls XLakeLaogai)
(DROPOFF TA_XTheBoilingRock XLakeLaogai)
(HOMESAFE TA_XTheboilingrock XlakeLaogai)
(DRIVE XLakeLaogai XUrubaen)
(DROPOFF TA_XTreeofTime XUrubaen)
(HOMESAFE TA_XTreeoftime Xurubaen)
(DRIVE XUrubaen XTheUnderworld)
(DRIVE XTheUnderworld XEasternAirTemple)
(DROPOFF TA_XThePrancingPony XEasternAirTemple)
(HOMESAFE TA_XTheprancingpony XeasternAirTemple)
(DRIVE XEasternAirTemple XVaultofSouls)
(DRIVE XVaultofSouls XKinecardine)
(DROPOFF TA_XTheHogsHead XKinecardine)
(HOMESAFE TA_XThehogshead Xkinecardine)
(DRIVE XKinecardine XTheFae)
(DRIVE XTheFae XTheGodswood)
(DROPOFF TA_XTheGodswood XTheGodswood)
(HOMESAFE TA_XThegodswood XtheGodswood)
(DRIVE XTheGodswood XTheFae)
(DRIVE XTheFae XTheArcanum)
(DROPOFF TA_XRepublicCity XTheArcanum)
(HOMESAFE TA_XRepubliccity XtheArcanum)
(DRIVE XTheArcanum XTheReshiIsles)
(DRIVE XTheReshiIsles XBoarsEye)
(DRIVE XBoarsEye XTheHogsHead)
(DROPOFF TA_XEllesmera XTheHogsHead)
(HOMESAFE TA_XEllesmera XtheHogsHead)
(DRIVE XTheHogsHead XTheSpine)
(DRIVE XTheSpine XTheSwamp)
(DRIVE XTheSwamp XMeereen)
(DROPOFF TA_XTheKrustyKrab XMeereen)
(HOMESAFE TA_XThekrustykrab Xmeereen)
(DRIVE XMeereen XCeald)
(DRIVE XCeald XKoralReef)
(DROPOFF TA_XLakeLaogai XKoralReef)
(HOMESAFE TA_XLakelaogai XkoralReef)
(DRIVE XKoralReef XCeald)
(DRIVE XCeald XSteeltown)
(DROPOFF TA_XYunkai XSteeltown)
(HOMESAFE TA_XYunkai Xsteeltown)
(DRIVE XSteeltown XVaultofSouls)
(DRIVE XVaultofSouls XHorneaterPeaks)
(DRIVE XHorneaterPeaks XZhaoFu)
(DROPOFF TA_XLeakyCauldron XZhaoFu)
(HOMESAFE TA_XLeakycauldron XzhaoFu)
(DRIVE XZhaoFu XRepublicCity)
(DROPOFF TA_XCastamere XRepublicCity)
(HOMESAFE TA_XCastamere XrepublicCity)
(DRIVE XRepublicCity XBeldenn)
(DROPOFF TA_XBeldenn XBeldenn)
(HOMESAFE TA_XBeldenn Xbeldenn)
(DRIVE XBeldenn XRepublicCity)
(DRIVE XRepublicCity XTheEyrie)
(DRIVE XTheEyrie XCarvahall)
(DROPOFF TA_XShatteredPlains XCarvahall)
(HOMESAFE TA_XShatteredplains Xcarvahall)
(DRIVE XCarvahall XTheEyrie)
(DRIVE XTheEyrie XTheReshiIsles)
(DRIVE XTheReshiIsles XBoarsEye)
(DRIVE XBoarsEye XTheHogsHead)
(DRIVE XTheHogsHead XTheSpine)
(DROPOFF TA_XUrubaen XTheSpine)
(HOMESAFE TA_XUrubaen XtheSpine)
(DRIVE XTheSpine XBeyondtheWall)
(DROPOFF TA_XUtgardMountain XBeyondtheWall)
(DRIVE XBeyondtheWall XBoatwright)
(WALK TA_XUtgardMountain XBeyondtheWall XTheBoilingRock)
(HOMESAFE TA_XUtgardmountain XtheBoilingRock)
(DRIVE XBoatwright XEggmanland)
(DRIVE XEggmanland XLakeLaogai)
(DRIVE XLakeLaogai XHorneaterPeaks)
(DRIVE XHorneaterPeaks XFlourishBlotts)
(DROPOFF TA_XVexhollow XFlourishBlotts)
(HOMESAFE TA_XVexhollow XflourishBlotts)
(DRIVE XFlourishBlotts XHorneaterPeaks)
(DRIVE XHorneaterPeaks XVaultofSouls)
(DRIVE XVaultofSouls XTartarus)
(DROPOFF TA_XLarcbost XTartarus)
(HOMESAFE TA_XLarcbost Xtartarus)
(DRIVE XTartarus XBellechulish)
(DRIVE XBellechulish XTheHogsHead)
(DRIVE XTheHogsHead XNetherfort)
(DROPOFF TA_XFlourishBlotts XNetherfort)
(HOMESAFE TA_XFlourishblotts Xnetherfort)
(DRIVE XNetherfort XHighGarden)
(DRIVE XHighGarden XEggmanland)
(DRIVE XEggmanland XBoatwright)
(DRIVE XBoatwright XBeyondtheWall)
(DROPOFF TA_XTheVale XBeyondtheWall)
(DRIVE XBeyondtheWall XBoatwright)
(WALK TA_XTheVale XBeyondtheWall XTheBoilingRock)
(WALK TA_XTheVale XTheBoilingRock XTheVale)
(HOMESAFE TA_XThevale XtheVale)
(DRIVE XBoatwright XGotham)
(DROPOFF TA_XCarvahall XGotham)
(DRIVE XGotham XBoatwright)
(DRIVE XBoatwright XTheSpine)
(DRIVE XTheSpine XEllesmera)
(DROPOFF TA_XSteeltown XEllesmera)
(HOMESAFE TA_XSteeltown Xellesmera)
(DRIVE XEllesmera XTheSpine)
(DRIVE XTheSpine XTheHogsHead)
(HOMESAFE TA_XCarvahall Xgotham)
(DRIVE XTheHogsHead XLorien)
(DROPOFF TA_XWinterfell XLorien)
(HOMESAFE TA_XWinterfell Xlorien)
(DRIVE XLorien XTheHogsHead)
(DRIVE XTheHogsHead XLarcbost)
(DROPOFF TA_XMysticRuins XLarcbost)
(HOMESAFE TA_XMysticruins Xlarcbost)
(DRIVE XLarcbost XTheEyrie)
(DRIVE XTheEyrie XTheReshiIsles)
(DRIVE XTheReshiIsles XTheArcanum)
(DRIVE XTheArcanum XLeakyCauldron)
(DROPOFF TA_XZhaoFu XLeakyCauldron)
(HOMESAFE TA_XZhaofu XleakyCauldron)
(DRIVE XLeakyCauldron XTheArcanum)
(DRIVE XTheArcanum XBraavos)
(DROPOFF TA_XDagobah XBraavos)
(DRIVE XBraavos XVaultofSouls)
(WALK TA_XDagobah XBraavos XDagobah)
(HOMESAFE TA_XDagobah Xdagobah)
(DRIVE XVaultofSouls XTartarus)
(DRIVE XTartarus XGrayburn)
(DROPOFF TA_XGooLagoon XGrayburn)
(HOMESAFE TA_XGoolagoon Xgrayburn)
(DRIVE XGrayburn XBeldenn)
(DRIVE XBeldenn XRepublicCity)
(DRIVE XRepublicCity XVexhollow)
(DROPOFF TA_XKoralReef XVexhollow)
(HOMESAFE TA_XKoralreef Xvexhollow)
(DRIVE XVexhollow XBraavos)
(DROPOFF TA_XTartarus XBraavos)
(HOMESAFE TA_XTartarus Xbraavos)
(DRIVE XBraavos XKinecardine)
(DRIVE XKinecardine XTheFae)
(DRIVE XTheFae XTheFingers)
(DRIVE XTheFingers XTheKrustyKrab)
(DROPOFF TA_XKeld XTheKrustyKrab)
(HOMESAFE TA_XKeld XtheKrustyKrab)
(DRIVE XTheKrustyKrab XBoatwright)
(DRIVE XBoatwright XBeyondtheWall)
(DROPOFF TA_XKinecardine XBeyondtheWall)
(HOMESAFE TA_XKinecardine XbeyondtheWall)
(DRIVE XBeyondtheWall XTheSpine)
(DRIVE XTheSpine XVintas)
(DRIVE XVintas XYunkai)
(DROPOFF TA_XNetherfort XYunkai)
(HOMESAFE TA_XNetherfort Xyunkai)
(DRIVE XYunkai XVintas)
(DRIVE XVintas XBayofDragons)
(DRIVE XBayofDragons XUtgardMountain)
(DROPOFF TA_XMeckgue XUtgardMountain)
(DRIVE XUtgardMountain XEndor)
(DRIVE XEndor XFogofLostSouls)
(DRIVE XFogofLostSouls XRepublicCity)
(WALK TA_XMeckgue XUtgardMountain XEarthKingdom)
(HOMESAFE TA_XMeckgue XearthKingdom)
(DRIVE XRepublicCity XMysticRuins)
(DROPOFF TA_XAdemre XMysticRuins)
(HOMESAFE TA_XAdemre XmysticRuins)
(DRIVE XMysticRuins XWitheredHeath)
(DRIVE XWitheredHeath XKeld)
(DROPOFF TA_XLorien XKeld)
(HOMESAFE TA_XLorien Xkeld)
(DRIVE XKeld XGrayburn)
(DRIVE XGrayburn XEggmanland)
(DRIVE XEggmanland XLakeLaogai)
(DRIVE XLakeLaogai XUtgardMountain)
(DROPOFF TA_XVaultofSouls XUtgardMountain)
(HOMESAFE TA_XVaultofsouls XutgardMountain)
(DRIVE XUtgardMountain XLakeLaogai)
(DRIVE XLakeLaogai XBeldenn)
(DRIVE XBeldenn XGizton)
(DROPOFF TA_XBraavos XGizton)
(HOMESAFE TA_XBraavos Xgizton)
(DRIVE XGizton XMadamMalkins)
(DRIVE XMadamMalkins XEssos)
(DRIVE XEssos XWinterfell)
(DROPOFF TA_XGizton XWinterfell)
(HOMESAFE TA_XGizton Xwinterfell)
(DRIVE XWinterfell XTheReshiIsles)
(DRIVE XTheReshiIsles XBoarsEye)
(DRIVE XBoarsEye XAdemre)
(DROPOFF TA_XBeyondtheWall XAdemre)
(HOMESAFE TA_XBeyondthewall Xademre)
(DRIVE XAdemre XEndor)
(DRIVE XEndor XDubwall)
(DRIVE XDubwall XBoatwright)
(DRIVE XBoatwright XSanlow)
(DROPOFF TA_XMeereen XSanlow)
(HOMESAFE TA_XMeereen Xsanlow)
(DRIVE XSanlow XGotham)
(DRIVE XGotham XFogofLostSouls)
(DRIVE XFogofLostSouls XGooLagoon)
(DROPOFF TA_XEasternAirTemple XGooLagoon)
(HOMESAFE TA_XEasternairtemple XgooLagoon)
(DRIVE XGooLagoon XTheArcanum)
(DRIVE XTheArcanum XTheReshiIsles)
(DRIVE XTheReshiIsles XTheEyrie)
(DRIVE XTheEyrie XThePrancingPony)
(DROPOFF TA_XTheUniversity XThePrancingPony)
(HOMESAFE TA_XTheuniversity XthePrancingPony)
(DRIVE XThePrancingPony XTheEyrie)
(DRIVE XTheEyrie XCastamere)
(DROPOFF TA_XEarthKingdom XCastamere)
(HOMESAFE TA_XEarthkingdom Xcastamere)
(DRIVE XCastamere XTheFingers)
(DRIVE XTheFingers XMeckgue)
(DROPOFF TA_XSanlow XMeckgue)
(HOMESAFE TA_XSanlow Xmeckgue)
(DRIVE XMeckgue XVaultofSouls)
(DRIVE XVaultofSouls XShatteredPlains)
(DROPOFF TA_XGotham XShatteredPlains)
(HOMESAFE TA_XGotham XshatteredPlains)
(DRIVE XShatteredPlains XTheUniversity)
(DROPOFF TA_XTheSpine XTheUniversity)
(HOMESAFE TA_XThespine XtheUniversity)
(DRIVE XTheUniversity XMeckgue)
(DRIVE XMeckgue XBeldenn)
(DRIVE XBeldenn XRepublicCity)
(DRIVE XRepublicCity XTreeofTime)
(DROPOFF TA_XGrayburn XTreeofTime)
(HOMESAFE TA_XGrayburn XtreeofTime)
(DRIVE XTreeofTime XDagobah)
(DRIVE XDagobah XBraavos)
(DRIVE XBraavos XVaultofSouls)
(DRIVE XVaultofSouls XHorneaterPeaks)
(DRIVE XHorneaterPeaks XMurkcairn)
(DROPOFF TA_XTheWaystoneInn XMurkcairn)
(HOMESAFE TA_XThewaystoneinn Xmurkcairn)
(DRIVE XMurkcairn XHorneaterPeaks)
(DRIVE XHorneaterPeaks XVaultofSouls)
(DRIVE XVaultofSouls XTartarus)
(DRIVE XTartarus XTheWaystoneInn)
(DROPOFF TA_XMurkcairn XTheWaystoneInn)
(HOMESAFE TA_XMurkcairn XtheWaystoneInn)
(DRIVE XTheWaystoneInn XTartarus)
(DRIVE XTartarus XVaultofSouls)
(DRIVE XVaultofSouls XMeckgue)
