(DRIVE X1FoundersRock X19SouthHall)
(DROPOFF TA_X40Oaktown X19SouthHall)
(DRIVE X19SouthHall X1FoundersRock)
(HOMESAFE TA_X40Oaktown X19SouthHall)
(DRIVE X1FoundersRock X22Unit2)
(DROPOFF TA_X16Giannini X22Unit2)
(DRIVE X22Unit2 X1FoundersRock)
(HOMESAFE TA_X16Giannini X22Unit2)
(DRIVE X1FoundersRock X25Foothill)
(DROPOFF TA_X17Wheeler X25Foothill)
(DRIVE X25Foothill X1FoundersRock)
(HOMESAFE TA_X17Wheeler X25Foothill)
(DRIVE X1FoundersRock X28SodaHall)
(DROPOFF TA_X18NorthGate X28SodaHall)
(DRIVE X28SodaHall X1FoundersRock)
(HOMESAFE TA_X18Northgate X28SodaHall)
(DRIVE X1FoundersRock X34Martinez)
(DROPOFF TA_X19SouthHall X34Martinez)
(DRIVE X34Martinez X1FoundersRock)
(HOMESAFE TA_X19Southhall X34Martinez)
(DRIVE X1FoundersRock X37OtherCoop)
(DROPOFF TA_X20Ehrman X37OtherCoop)
(DRIVE X37OtherCoop X1FoundersRock)
(HOMESAFE TA_X20Ehrman X37OtherCoop)
(DRIVE X1FoundersRock X18NorthGate)
(DROPOFF TA_X21Unit1 X18NorthGate)
(DRIVE X18NorthGate X1FoundersRock)
(HOMESAFE TA_X21Unit1 X18NorthGate)
(DRIVE X1FoundersRock X17Wheeler)
(DROPOFF TA_X22Unit2 X17Wheeler)
(DRIVE X17Wheeler X1FoundersRock)
(HOMESAFE TA_X22Unit2 X17Wheeler)
(DRIVE X1FoundersRock X20Ehrman)
(DROPOFF TA_X23Unit3 X20Ehrman)
(DRIVE X20Ehrman X1FoundersRock)
(HOMESAFE TA_X23Unit3 X20Ehrman)
(DRIVE X1FoundersRock X27InternationalHouse)
(DROPOFF TA_X24Blackwell X27InternationalHouse)
(DRIVE X27InternationalHouse X1FoundersRock)
(HOMESAFE TA_X24Blackwell X27InternationalHouse)
(DRIVE X1FoundersRock X30Stonefire)
(DROPOFF TA_X25Foothill X30Stonefire)
(DRIVE X30Stonefire X1FoundersRock)
(HOMESAFE TA_X25Foothill X30Stonefire)
(DRIVE X1FoundersRock X32DeltaPhiEpsilon)
(DROPOFF TA_X26ClarkKerr X32DeltaPhiEpsilon)
(DRIVE X32DeltaPhiEpsilon X1FoundersRock)
(HOMESAFE TA_X26Clarkkerr X32DeltaPhiEpsilon)
(DRIVE X1FoundersRock X35ChanningBowdwitch)
(DROPOFF TA_X27InternationalHouse X35ChanningBowdwitch)
(DRIVE X35ChanningBowdwitch X1FoundersRock)
(HOMESAFE TA_X27Internationalhouse X35ChanningBowdwitch)
(DRIVE X1FoundersRock X24Blackwell)
(DROPOFF TA_X28SodaHall X24Blackwell)
(DRIVE X24Blackwell X1FoundersRock)
(HOMESAFE TA_X28Sodahall X24Blackwell)
(DRIVE X1FoundersRock X23Unit3)
(DROPOFF TA_X29VarsityBerkeley X23Unit3)
(DRIVE X23Unit3 X1FoundersRock)
(HOMESAFE TA_X29Varsityberkeley X23Unit3)
(DRIVE X1FoundersRock X29VarsityBerkeley)
(DROPOFF TA_X30Stonefire X29VarsityBerkeley)
(DRIVE X29VarsityBerkeley X1FoundersRock)
(HOMESAFE TA_X30Stonefire X29VarsityBerkeley)
(DRIVE X1FoundersRock X33Wada)
(DROPOFF TA_X31Hillegass X33Wada)
(DRIVE X33Wada X1FoundersRock)
(HOMESAFE TA_X31Hillegass X33Wada)
(DRIVE X1FoundersRock X38RajProperties)
(DROPOFF TA_X32DeltaPhiEpsilon X38RajProperties)
(DRIVE X38RajProperties X1FoundersRock)
(HOMESAFE TA_X32Deltaphiepsilon X38RajProperties)
(DRIVE X1FoundersRock X16Giannini)
(DROPOFF TA_X33Wada X16Giannini)
(DRIVE X16Giannini X1FoundersRock)
(HOMESAFE TA_X33Wada X16Giannini)
(DRIVE X1FoundersRock X21Unit1)
(DROPOFF TA_X34Martinez X21Unit1)
(DRIVE X21Unit1 X1FoundersRock)
(HOMESAFE TA_X34Martinez X21Unit1)
(DRIVE X1FoundersRock X26ClarkKerr)
(DROPOFF TA_X35ChanningBowdwitch X26ClarkKerr)
(DRIVE X26ClarkKerr X1FoundersRock)
(HOMESAFE TA_X35Channingbowdwitch X26ClarkKerr)
(DRIVE X1FoundersRock X31Hillegass)
(DROPOFF TA_X36CasaZimbabwe X31Hillegass)
(DRIVE X31Hillegass X1FoundersRock)
(HOMESAFE TA_X36Casazimbabwe X31Hillegass)
(DRIVE X1FoundersRock X39SanFransisco)
(DROPOFF TA_X37OtherCoop X39SanFransisco)
(HOMESAFE TA_X37Othercoop X39SanFransisco)
(DRIVE X39SanFransisco X40Oaktown)
(DROPOFF TA_X38RajProperties X40Oaktown)
(DRIVE X40Oaktown X1FoundersRock)
(HOMESAFE TA_X38Rajproperties X40Oaktown)
(DRIVE X1FoundersRock X36CasaZimbabwe)
(DROPOFF TA_X39SanFransisco X36CasaZimbabwe)
(DRIVE X36CasaZimbabwe X1FoundersRock)
(HOMESAFE TA_X39Sanfransisco X36CasaZimbabwe)
