(DROPOFF TA_Xh64 Xs)
(WALK TA_Xh64 Xs Xh64)
(HOMESAFE TA_Xh64 Xh64)
(DROPOFF TA_Xh50 Xs)
(WALK TA_Xh50 Xs Xh94)
(HOMESAFE TA_Xh50 Xh94)
(DROPOFF TA_Xh80 Xs)
(WALK TA_Xh80 Xs Xh67)
(HOMESAFE TA_Xh80 Xh67)
(DROPOFF TA_Xh60 Xs)
(WALK TA_Xh60 Xs Xh79)
(HOMESAFE TA_Xh60 Xh79)
(DROPOFF TA_Xh85 Xs)
(WALK TA_Xh85 Xs Xh50)
(HOMESAFE TA_Xh85 Xh50)
(DROPOFF TA_Xh82 Xs)
(WALK TA_Xh82 Xs Xh91)
(HOMESAFE TA_Xh82 Xh91)
(DROPOFF TA_Xh61 Xs)
(WALK TA_Xh61 Xs Xh52)
(HOMESAFE TA_Xh61 Xh52)
(DROPOFF TA_Xh83 Xs)
(WALK TA_Xh83 Xs Xh84)
(HOMESAFE TA_Xh83 Xh84)
(DROPOFF TA_Xh65 Xs)
(WALK TA_Xh65 Xs Xh63)
(HOMESAFE TA_Xh65 Xh63)
(DROPOFF TA_Xh95 Xs)
(WALK TA_Xh95 Xs Xh62)
(HOMESAFE TA_Xh95 Xh62)
(DROPOFF TA_Xh56 Xs)
(WALK TA_Xh56 Xs Xh84)
(WALK TA_Xh56 Xh84 Xh92)
(HOMESAFE TA_Xh56 Xh92)
(DROPOFF TA_Xh81 Xs)
(WALK TA_Xh81 Xs Xh67)
(WALK TA_Xh81 Xh67 Xh82)
(HOMESAFE TA_Xh81 Xh82)
(DROPOFF TA_Xh62 Xs)
(WALK TA_Xh62 Xs Xl44)
(WALK TA_Xh62 Xl44 Xh77)
(HOMESAFE TA_Xh62 Xh77)
(DROPOFF TA_Xh78 Xs)
(WALK TA_Xh78 Xs Xh67)
(WALK TA_Xh78 Xh67 Xh51)
(HOMESAFE TA_Xh78 Xh51)
(DROPOFF TA_Xh58 Xs)
(WALK TA_Xh58 Xs Xl47)
(WALK TA_Xh58 Xl47 Xh87)
(HOMESAFE TA_Xh58 Xh87)
(DROPOFF TA_Xh84 Xs)
(WALK TA_Xh84 Xs Xl24)
(WALK TA_Xh84 Xl24 Xh60)
(HOMESAFE TA_Xh84 Xh60)
(DROPOFF TA_Xh76 Xs)
(WALK TA_Xh76 Xs Xh94)
(WALK TA_Xh76 Xh94 Xh56)
(HOMESAFE TA_Xh76 Xh56)
(DROPOFF TA_Xh52 Xs)
(WALK TA_Xh52 Xs Xl44)
(WALK TA_Xh52 Xl44 Xh53)
(HOMESAFE TA_Xh52 Xh53)
(DROPOFF TA_Xh97 Xs)
(WALK TA_Xh97 Xs Xh50)
(WALK TA_Xh97 Xh50 Xh61)
(HOMESAFE TA_Xh97 Xh61)
(DROPOFF TA_Xh77 Xs)
(WALK TA_Xh77 Xs Xh91)
(WALK TA_Xh77 Xh91 Xh80)
(HOMESAFE TA_Xh77 Xh80)
(DROPOFF TA_Xh93 Xs)
(WALK TA_Xh93 Xs Xl16)
(WALK TA_Xh93 Xl16 Xh81)
(HOMESAFE TA_Xh93 Xh81)
(DROPOFF TA_Xh79 Xs)
(WALK TA_Xh79 Xs Xl48)
(WALK TA_Xh79 Xl48 Xh75)
(HOMESAFE TA_Xh79 Xh75)
(DROPOFF TA_Xh51 Xs)
(WALK TA_Xh51 Xs Xh64)
(WALK TA_Xh51 Xh64 Xh71)
(HOMESAFE TA_Xh51 Xh71)
(DROPOFF TA_Xh98 Xs)
(WALK TA_Xh98 Xs Xl30)
(WALK TA_Xh98 Xl30 Xh58)
(HOMESAFE TA_Xh98 Xh58)
(DROPOFF TA_Xh57 Xs)
(WALK TA_Xh57 Xs Xl44)
(WALK TA_Xh57 Xl44 Xh54)
(HOMESAFE TA_Xh57 Xh54)
(DROPOFF TA_Xh74 Xs)
(WALK TA_Xh74 Xs Xl47)
(WALK TA_Xh74 Xl47 Xh65)
(HOMESAFE TA_Xh74 Xh65)
(DROPOFF TA_Xh96 Xs)
(WALK TA_Xh96 Xs Xl16)
(WALK TA_Xh96 Xl16 Xh69)
(HOMESAFE TA_Xh96 Xh69)
(DROPOFF TA_Xh92 Xs)
(WALK TA_Xh92 Xs Xh52)
(WALK TA_Xh92 Xh52 Xh74)
(HOMESAFE TA_Xh92 Xh74)
(DROPOFF TA_Xh66 Xs)
(WALK TA_Xh66 Xs Xl44)
(WALK TA_Xh66 Xl44 Xh95)
(HOMESAFE TA_Xh66 Xh95)
(DROPOFF TA_Xh53 Xs)
(WALK TA_Xh53 Xs Xh63)
(WALK TA_Xh53 Xh63 Xh98)
(HOMESAFE TA_Xh53 Xh98)
(DROPOFF TA_Xh54 Xs)
(WALK TA_Xh54 Xs Xh62)
(WALK TA_Xh54 Xh62 Xh78)
(HOMESAFE TA_Xh54 Xh78)
(DROPOFF TA_Xh55 Xs)
(WALK TA_Xh55 Xs Xh52)
(WALK TA_Xh55 Xh52 Xh86)
(HOMESAFE TA_Xh55 Xh86)
(DROPOFF TA_Xh59 Xs)
(WALK TA_Xh59 Xs Xh50)
(WALK TA_Xh59 Xh50 Xh68)
(HOMESAFE TA_Xh59 Xh68)
(DROPOFF TA_Xh63 Xs)
(WALK TA_Xh63 Xs Xh63)
(WALK TA_Xh63 Xh63 Xh59)
(HOMESAFE TA_Xh63 Xh59)
(DROPOFF TA_Xh89 Xs)
(WALK TA_Xh89 Xs Xh64)
(WALK TA_Xh89 Xh64 Xh72)
(HOMESAFE TA_Xh89 Xh72)
(DROPOFF TA_Xh67 Xs)
(WALK TA_Xh67 Xs Xh62)
(WALK TA_Xh67 Xh62 Xh55)
(HOMESAFE TA_Xh67 Xh55)
(DROPOFF TA_Xh70 Xs)
(WALK TA_Xh70 Xs Xh62)
(WALK TA_Xh70 Xh62 Xh88)
(HOMESAFE TA_Xh70 Xh88)
(DROPOFF TA_Xh68 Xs)
(WALK TA_Xh68 Xs Xl30)
(WALK TA_Xh68 Xl30 Xh93)
(HOMESAFE TA_Xh68 Xh93)
(DROPOFF TA_Xh69 Xs)
(WALK TA_Xh69 Xs Xl24)
(WALK TA_Xh69 Xl24 Xh90)
(HOMESAFE TA_Xh69 Xh90)
(DROPOFF TA_Xh71 Xs)
(WALK TA_Xh71 Xs Xh94)
(WALK TA_Xh71 Xh94 Xh97)
(HOMESAFE TA_Xh71 Xh97)
(DROPOFF TA_Xh72 Xs)
(WALK TA_Xh72 Xs Xl24)
(WALK TA_Xh72 Xl24 Xh57)
(HOMESAFE TA_Xh72 Xh57)
(DROPOFF TA_Xh73 Xs)
(WALK TA_Xh73 Xs Xl16)
(WALK TA_Xh73 Xl16 Xh99)
(HOMESAFE TA_Xh73 Xh99)
(DROPOFF TA_Xh86 Xs)
(WALK TA_Xh86 Xs Xl24)
(WALK TA_Xh86 Xl24 Xh73)
(HOMESAFE TA_Xh86 Xh73)
(DROPOFF TA_Xh88 Xs)
(WALK TA_Xh88 Xs Xh67)
(WALK TA_Xh88 Xh67 Xh66)
(HOMESAFE TA_Xh88 Xh66)
(DROPOFF TA_Xh87 Xs)
(WALK TA_Xh87 Xs Xh52)
(WALK TA_Xh87 Xh52 Xh89)
(HOMESAFE TA_Xh87 Xh89)
(DROPOFF TA_Xh91 Xs)
(WALK TA_Xh91 Xs Xl30)
(WALK TA_Xh91 Xl30 Xh76)
(HOMESAFE TA_Xh91 Xh76)
(DROPOFF TA_Xh94 Xs)
(WALK TA_Xh94 Xs Xl16)
(WALK TA_Xh94 Xl16 Xh70)
(HOMESAFE TA_Xh94 Xh70)
(DROPOFF TA_Xh90 Xs)
(WALK TA_Xh90 Xs Xl30)
(WALK TA_Xh90 Xl30 Xh58)
(WALK TA_Xh90 Xh58 Xh96)
(HOMESAFE TA_Xh90 Xh96)
(DROPOFF TA_Xh75 Xs)
(WALK TA_Xh75 Xs Xh79)
(WALK TA_Xh75 Xh79 Xh57)
(WALK TA_Xh75 Xh57 Xh83)
(HOMESAFE TA_Xh75 Xh83)
(DROPOFF TA_Xh99 Xs)
(WALK TA_Xh99 Xs Xh94)
(WALK TA_Xh99 Xh94 Xh97)
(WALK TA_Xh99 Xh97 Xh85)
(HOMESAFE TA_Xh99 Xh85)
