(DRIVE Xs Xh48)
(DROPOFF TA_Xh49 Xh48)
(HOMESAFE TA_Xh49 Xh48)
(DRIVE Xh48 Xh43)
(DROPOFF TA_Xh48 Xh43)
(HOMESAFE TA_Xh48 Xh43)
(DRIVE Xh43 Xh29)
(DROPOFF TA_Xh47 Xh29)
(HOMESAFE TA_Xh47 Xh29)
(DRIVE Xh29 Xl19)
(DRIVE Xl19 Xh34)
(DROPOFF TA_Xh46 Xh34)
(HOMESAFE TA_Xh46 Xh34)
(DRIVE Xh34 Xl17)
(DRIVE Xl17 Xh47)
(DROPOFF TA_Xh45 Xh47)
(DRIVE Xh47 Xh41)
(DROPOFF TA_Xh44 Xh41)
(HOMESAFE TA_Xh44 Xh41)
(DRIVE Xh41 Xh35)
(DROPOFF TA_Xh43 Xh35)
(HOMESAFE TA_Xh43 Xh35)
(WALK TA_Xh45 Xh47 Xh28)
(HOMESAFE TA_Xh45 Xh28)
(DRIVE Xh35 Xh47)
(DROPOFF TA_Xh42 Xh47)
(DRIVE Xh47 Xh45)
(DROPOFF TA_Xh41 Xh45)
(HOMESAFE TA_Xh41 Xh45)
(DRIVE Xh45 Xh31)
(DROPOFF TA_Xh40 Xh31)
(HOMESAFE TA_Xh40 Xh31)
(HOMESAFE TA_Xh42 Xh47)
(DRIVE Xh31 Xl24)
(DRIVE Xl24 Xh40)
(DROPOFF TA_Xh39 Xh40)
(HOMESAFE TA_Xh39 Xh40)
(DRIVE Xh40 Xh35)
(DRIVE Xh35 Xh39)
(DROPOFF TA_Xh38 Xh39)
(DRIVE Xh39 Xh46)
(DROPOFF TA_Xh37 Xh46)
(HOMESAFE TA_Xh37 Xh46)
(DRIVE Xh46 Xs)
(DRIVE Xs Xh44)
(DROPOFF TA_Xh36 Xh44)
(HOMESAFE TA_Xh38 Xh39)
(HOMESAFE TA_Xh36 Xh44)
(DRIVE Xh44 Xh33)
(DROPOFF TA_Xh35 Xh33)
(HOMESAFE TA_Xh35 Xh33)
(DRIVE Xh33 Xl17)
(DRIVE Xl17 Xh37)
(DROPOFF TA_Xh34 Xh37)
(HOMESAFE TA_Xh34 Xh37)
(DRIVE Xh37 Xh48)
(DRIVE Xh48 Xh25)
(DROPOFF TA_Xh33 Xh25)
(DRIVE Xh25 Xh40)
(WALK TA_Xh33 Xh25 Xh36)
(HOMESAFE TA_Xh33 Xh36)
(DRIVE Xh40 Xh25)
(DROPOFF TA_Xh32 Xh25)
(DRIVE Xh25 Xs)
(DRIVE Xs Xl24)
(DRIVE Xl24 Xh27)
(DROPOFF TA_Xh31 Xh27)
(HOMESAFE TA_Xh31 Xh27)
(DRIVE Xh27 Xl24)
(DRIVE Xl24 Xl9)
(DRIVE Xl9 Xh49)
(DROPOFF TA_Xh30 Xh49)
(DRIVE Xh49 Xh30)
(HOMESAFE TA_Xh30 Xh49)
(DROPOFF TA_Xh29 Xh30)
(WALK TA_Xh32 Xh25 Xh26)
(DRIVE Xh30 Xl23)
(DRIVE Xl23 Xh32)
(DROPOFF TA_Xh28 Xh32)
(DRIVE Xh32 Xh25)
(HOMESAFE TA_Xh32 Xh26)
(HOMESAFE TA_Xh29 Xh30)
(DROPOFF TA_Xh27 Xh25)
(DRIVE Xh25 Xh42)
(DROPOFF TA_Xh26 Xh42)
(HOMESAFE TA_Xh27 Xh25)
(DRIVE Xh42 Xh38)
(DROPOFF TA_Xh25 Xh38)
(HOMESAFE TA_Xh28 Xh32)
(HOMESAFE TA_Xh26 Xh42)
(HOMESAFE TA_Xh25 Xh38)
(DRIVE Xh38 Xs)
