(DRIVE Xa Xn)
(DRIVE Xn Xr)
(DROPOFF TA_Xr Xr)
(HOMESAFE TA_Xr Xr)
(DRIVE Xr Xn)
(DRIVE Xn Xq)
(DROPOFF TA_Xq Xq)
(HOMESAFE TA_Xq Xq)
(DRIVE Xq Xn)
(DRIVE Xn Xp)
(DROPOFF TA_Xp Xp)
(HOMESAFE TA_Xp Xp)
(DRIVE Xp Xn)
(DRIVE Xn Xo)
(DROPOFF TA_Xo Xo)
(HOMESAFE TA_Xo Xo)
(DRIVE Xo Xn)
(DRIVE Xn Xi)
(DRIVE Xi Xj)
(DROPOFF TA_Xm Xj)
(DRIVE Xj Xk)
(DROPOFF TA_Xl Xk)
(DRIVE Xk Xl)
(DROPOFF TA_Xk Xl)
(HOMESAFE TA_Xk Xl)
(DRIVE Xl Xm)
(HOMESAFE TA_Xm Xj)
(HOMESAFE TA_Xl Xk)
(DROPOFF TA_Xj Xm)
(HOMESAFE TA_Xj Xm)
(DRIVE Xm Xi)
(DRIVE Xi Xf)
(DRIVE Xf Xh)
(DROPOFF TA_Xh Xh)
(HOMESAFE TA_Xh Xh)
(DRIVE Xh Xf)
(DRIVE Xf Xg)
(DROPOFF TA_Xg Xg)
(HOMESAFE TA_Xg Xg)
(DRIVE Xg Xf)
(DRIVE Xf Xe)
(DRIVE Xe Xb)
(DRIVE Xb Xd)
(DROPOFF TA_Xd Xd)
(DRIVE Xd Xb)
(HOMESAFE TA_Xd Xd)
(DROPOFF TA_Xc Xb)
(WALK TA_Xc Xb Xc)
(HOMESAFE TA_Xc Xc)
(DRIVE Xb Xa)
