(DROPOFF TA_XUEMUXMRIZ XNENJIT)
(WALK TA_XUEMUXMRIZ XNENJIT XPRANHUZWO)
(HOMESAFE TA_XUEMUXMRIZ XPRANHUZWO)
(DROPOFF TA_XMXOUMOMJ XNENJIT)
(WALK TA_XMXOUMOMJ XNENJIT XRZCLRJW)
(HOMESAFE TA_XMXOUMOMJ XRZCLRJW)
(DROPOFF TA_XHJANXPSU XNENJIT)
(WALK TA_XHJANXPSU XNENJIT XMXOUMOMJ)
(HOMESAFE TA_XHJANXPSU XMXOUMOMJ)
(DROPOFF TA_XNDFUIQRA XNENJIT)
(WALK TA_XNDFUIQRA XNENJIT XNDFUIQRA)
(HOMESAFE TA_XNDFUIQRA XNDFUIQRA)
(DROPOFF TA_XUUBADXD XNENJIT)
(WALK TA_XUUBADXD XNENJIT XSPKBX)
(HOMESAFE TA_XUUBADXD XSPKBX)
(DROPOFF TA_XPEHTVQXDW XNENJIT)
(WALK TA_XPEHTVQXDW XNENJIT XMXPVTEZCH)
(HOMESAFE TA_XPEHTVQXDW XMXPVTEZCH)
(DROPOFF TA_XZRBGORXP XNENJIT)
(WALK TA_XZRBGORXP XNENJIT XZRBGORXP)
(HOMESAFE TA_XZRBGORXP XZRBGORXP)
(DROPOFF TA_XXYVFHKPGH XNENJIT)
(WALK TA_XXYVFHKPGH XNENJIT XPQHUEQ)
(HOMESAFE TA_XXYVFHKPGH XPQHUEQ)
(DROPOFF TA_XCQLIWA XNENJIT)
(WALK TA_XCQLIWA XNENJIT XXAUNPSJR)
(HOMESAFE TA_XCQLIWA XXAUNPSJR)
(DROPOFF TA_XPQHUEQ XNENJIT)
(WALK TA_XPQHUEQ XNENJIT XKQUKCKTD)
(HOMESAFE TA_XPQHUEQ XKQUKCKTD)
(DROPOFF TA_XXVEIIY XNENJIT)
(WALK TA_XXVEIIY XNENJIT XQMQDBY)
(HOMESAFE TA_XXVEIIY XQMQDBY)
(DROPOFF TA_XKUTCUN XNENJIT)
(WALK TA_XKUTCUN XNENJIT XCQLIWA)
(HOMESAFE TA_XKUTCUN XCQLIWA)
(DROPOFF TA_XFULIXB XNENJIT)
(WALK TA_XFULIXB XNENJIT XXAUNPSJR)
(WALK TA_XFULIXB XXAUNPSJR XDYDBSTHU)
(HOMESAFE TA_XFULIXB XDYDBSTHU)
(DROPOFF TA_XSPKBX XNENJIT)
(WALK TA_XSPKBX XNENJIT XXAUNPSJR)
(WALK TA_XSPKBX XXAUNPSJR XLFAYEWG)
(HOMESAFE TA_XSPKBX XLFAYEWG)
(DROPOFF TA_XDYDBSTHU XNENJIT)
(WALK TA_XDYDBSTHU XNENJIT XPRANHUZWO)
(WALK TA_XDYDBSTHU XPRANHUZWO XKUTCUN)
(HOMESAFE TA_XDYDBSTHU XKUTCUN)
(DROPOFF TA_XMXPVTEZCH XNENJIT)
(WALK TA_XMXPVTEZCH XNENJIT XPHBBERAT)
(WALK TA_XMXPVTEZCH XPHBBERAT XPEHTVQXDW)
(HOMESAFE TA_XMXPVTEZCH XPEHTVQXDW)
(DROPOFF TA_XLFAYEWG XNENJIT)
(WALK TA_XLFAYEWG XNENJIT XNDFUIQRA)
(WALK TA_XLFAYEWG XNDFUIQRA XHJANXPSU)
(HOMESAFE TA_XLFAYEWG XHJANXPSU)
(DROPOFF TA_XXAUNPSJR XNENJIT)
(WALK TA_XXAUNPSJR XNENJIT XNDFUIQRA)
(WALK TA_XXAUNPSJR XNDFUIQRA XXVEIIY)
(HOMESAFE TA_XXAUNPSJR XXVEIIY)
(DROPOFF TA_XKQUKCKTD XNENJIT)
(WALK TA_XKQUKCKTD XNENJIT XJQGIH)
(WALK TA_XKQUKCKTD XJQGIH XUEMUXMRIZ)
(HOMESAFE TA_XKQUKCKTD XUEMUXMRIZ)
(DROPOFF TA_XWTGBMM XNENJIT)
(WALK TA_XWTGBMM XNENJIT XTWWGCR)
(WALK TA_XWTGBMM XTWWGCR XRIEJGXSA)
(HOMESAFE TA_XWTGBMM XRIEJGXSA)
(DROPOFF TA_XEIPVED XNENJIT)
(WALK TA_XEIPVED XNENJIT XJQGIH)
(WALK TA_XEIPVED XJQGIH XEIPVED)
(HOMESAFE TA_XEIPVED XEIPVED)
(DROPOFF TA_XRIEJGXSA XNENJIT)
(WALK TA_XRIEJGXSA XNENJIT XPRANHUZWO)
(WALK TA_XRIEJGXSA XPRANHUZWO XWTGBMM)
(HOMESAFE TA_XRIEJGXSA XWTGBMM)
(DROPOFF TA_XQMQDBY XNENJIT)
(WALK TA_XQMQDBY XNENJIT XMXOUMOMJ)
(WALK TA_XQMQDBY XMXOUMOMJ XFULIXB)
(HOMESAFE TA_XQMQDBY XFULIXB)
(DROPOFF TA_XRZCLRJW XNENJIT)
(WALK TA_XRZCLRJW XNENJIT XTWWGCR)
(WALK TA_XRZCLRJW XTWWGCR XUUBADXD)
(HOMESAFE TA_XRZCLRJW XUUBADXD)
(DROPOFF TA_XPRANHUZWO XNENJIT)
(WALK TA_XPRANHUZWO XNENJIT XMXOUMOMJ)
(WALK TA_XPRANHUZWO XMXOUMOMJ XXYVFHKPGH)
(HOMESAFE TA_XPRANHUZWO XXYVFHKPGH)
