(DROPOFF TA_Xcatabolism Xliverance)
(HOMESAFE TA_Xcatabolism Xliverance)
(DROPOFF TA_Xtortillons Xliverance)
(WALK TA_Xtortillons Xliverance Xoversleeps)
(HOMESAFE TA_Xtortillons Xoversleeps)
(DROPOFF TA_Xoversleeps Xliverance)
(WALK TA_Xoversleeps Xliverance Xjitterbugs)
(HOMESAFE TA_Xoversleeps Xjitterbugs)
(DROPOFF TA_Xasterisk Xliverance)
(WALK TA_Xasterisk Xliverance Xcatabolism)
(HOMESAFE TA_Xasterisk Xcatabolism)
(DROPOFF TA_Xstudiously Xliverance)
(WALK TA_Xstudiously Xliverance XAkkub)
(HOMESAFE TA_Xstudiously Xakkub)
(DROPOFF TA_Xcoulde Xliverance)
(WALK TA_Xcoulde Xliverance Xmetamere)
(HOMESAFE TA_Xcoulde Xmetamere)
(DROPOFF TA_Xrefortify Xliverance)
(WALK TA_Xrefortify Xliverance Xkamencheh)
(HOMESAFE TA_Xrefortify Xkamencheh)
(DROPOFF TA_XAkkub Xliverance)
(WALK TA_XAkkub Xliverance Xhypanthium)
(HOMESAFE TA_XAkkub Xhypanthium)
(DROPOFF TA_Xhypanthium Xliverance)
(WALK TA_Xhypanthium Xliverance Xrefortify)
(HOMESAFE TA_Xhypanthium Xrefortify)
(DROPOFF TA_Xwellbores Xliverance)
(WALK TA_Xwellbores Xliverance Xpontage)
(HOMESAFE TA_Xwellbores Xpontage)
(DROPOFF TA_Xotate Xliverance)
(WALK TA_Xotate Xliverance Xshutter)
(HOMESAFE TA_Xotate Xshutter)
(DROPOFF TA_Xjitterbugs Xliverance)
(WALK TA_Xjitterbugs Xliverance Xwellbores)
(HOMESAFE TA_Xjitterbugs Xwellbores)
(DROPOFF TA_Xkamencheh Xliverance)
(WALK TA_Xkamencheh Xliverance Xtortillons)
(HOMESAFE TA_Xkamencheh Xtortillons)
(DROPOFF TA_Xpallia Xliverance)
(WALK TA_Xpallia Xliverance Xasterisk)
(HOMESAFE TA_Xpallia Xasterisk)
(DROPOFF TA_Xshutter Xliverance)
(WALK TA_Xshutter Xliverance Xachieve)
(HOMESAFE TA_Xshutter Xachieve)
(DROPOFF TA_Xmoderatrix Xliverance)
(WALK TA_Xmoderatrix Xliverance Xtightening)
(HOMESAFE TA_Xmoderatrix Xtightening)
(DROPOFF TA_Xlethiferal Xliverance)
(WALK TA_Xlethiferal Xliverance Xbywoners)
(HOMESAFE TA_Xlethiferal Xbywoners)
(DROPOFF TA_Xpontage Xliverance)
(WALK TA_Xpontage Xliverance Xlethiferal)
(HOMESAFE TA_Xpontage Xlethiferal)
(DROPOFF TA_Xhatrail Xliverance)
(WALK TA_Xhatrail Xliverance Xstudiously)
(HOMESAFE TA_Xhatrail Xstudiously)
(DROPOFF TA_Xachieve Xliverance)
(WALK TA_Xachieve Xliverance Xotate)
(HOMESAFE TA_Xachieve Xotate)
(DROPOFF TA_Xtightening Xliverance)
(WALK TA_Xtightening Xliverance Xhandballer)
(HOMESAFE TA_Xtightening Xhandballer)
(DROPOFF TA_Xmetamere Xliverance)
(WALK TA_Xmetamere Xliverance Xpallia)
(HOMESAFE TA_Xmetamere Xpallia)
(DROPOFF TA_Xhandballer Xliverance)
(WALK TA_Xhandballer Xliverance Xcoulde)
(HOMESAFE TA_Xhandballer Xcoulde)
(DROPOFF TA_Xliverance Xliverance)
(WALK TA_Xliverance Xliverance Xhatrail)
(HOMESAFE TA_Xliverance Xhatrail)
(DROPOFF TA_Xbywoners Xliverance)
(WALK TA_Xbywoners Xliverance Xmoderatrix)
(HOMESAFE TA_Xbywoners Xmoderatrix)
