(DRIVE XAAA XABA)
(DRIVE XABA XACA)
(DRIVE XACA XADA)
(DRIVE XADA XBAA)
(DRIVE XBAA XBBA)
(DRIVE XBBA XBCA)
(DRIVE XBCA XBDA)
(DRIVE XBDA XCAA)
(DRIVE XCAA XCBA)
(DRIVE XCBA XCCA)
(DRIVE XCCA XCCB)
(DROPOFF TA_XAAD XCCB)
(HOMESAFE TA_XAAD XCCB)
(DRIVE XCCB XCCA)
(DRIVE XCCA XCDA)
(DRIVE XCDA XDAA)
(DRIVE XDAA XDBA)
(DRIVE XDBA XDBB)
(DROPOFF TA_XABB XDBB)
(HOMESAFE TA_XABB XDBB)
(DRIVE XDBB XDBA)
(DRIVE XDBA XDAA)
(DRIVE XDAA XCDA)
(DRIVE XCDA XCCA)
(DRIVE XCCA XCBA)
(DRIVE XCBA XCBB)
(DROPOFF TA_XABC XCBB)
(HOMESAFE TA_XABC XCBB)
(DRIVE XCBB XCBA)
(DRIVE XCBA XCCA)
(DRIVE XCCA XCDA)
(DRIVE XCDA XDAA)
(DRIVE XDAA XDBA)
(DRIVE XDBA XDCA)
(DRIVE XDCA XDCB)
(DROPOFF TA_XACB XDCB)
(HOMESAFE TA_XACB XDCB)
(DRIVE XDCB XDCA)
(DRIVE XDCA XDBA)
(DRIVE XDBA XDAA)
(DRIVE XDAA XCDA)
(DRIVE XCDA XCCA)
(DRIVE XCCA XCBA)
(DRIVE XCBA XCAA)
(DRIVE XCAA XBDA)
(DRIVE XBDA XBCA)
(DRIVE XBCA XBCB)
(DROPOFF TA_XACD XBCB)
(HOMESAFE TA_XACD XBCB)
(DRIVE XBCB XBCA)
(DRIVE XBCA XBDA)
(DRIVE XBDA XCAA)
(DRIVE XCAA XCBA)
(DRIVE XCBA XCCA)
(DRIVE XCCA XCDA)
(DRIVE XCDA XDAA)
(DRIVE XDAA XDBA)
(DRIVE XDBA XDCA)
(DRIVE XDCA XDDA)
(DRIVE XDDA XEAA)
(DRIVE XEAA XEBA)
(DRIVE XEBA XEBB)
(DROPOFF TA_XADD XEBB)
(HOMESAFE TA_XADD XEBB)
(DRIVE XEBB XEBA)
(DRIVE XEBA XEAA)
(DRIVE XEAA XDDA)
(DRIVE XDDA XDCA)
(DRIVE XDCA XDBA)
(DRIVE XDBA XDAA)
(DRIVE XDAA XCDA)
(DRIVE XCDA XCCA)
(DRIVE XCCA XCBA)
(DRIVE XCBA XCBB)
(DRIVE XCBB XCBC)
(DROPOFF TA_XBAD XCBC)
(HOMESAFE TA_XBAD XCBC)
(DRIVE XCBC XCBB)
(DRIVE XCBB XCBA)
(DRIVE XCBA XCCA)
(DRIVE XCCA XCDA)
(DRIVE XCDA XDAA)
(DRIVE XDAA XDBA)
(DRIVE XDBA XDBB)
(DRIVE XDBB XDBC)
(DROPOFF TA_XBBB XDBC)
(HOMESAFE TA_XBBB XDBC)
(DRIVE XDBC XDBB)
(DRIVE XDBB XDBA)
(DRIVE XDBA XDAA)
(DRIVE XDAA XCDA)
(DRIVE XCDA XCCA)
(DRIVE XCCA XCBA)
(DRIVE XCBA XCAA)
(DRIVE XCAA XBDA)
(DRIVE XBDA XBCA)
(DRIVE XBCA XBBA)
(DRIVE XBBA XBBB)
(DROPOFF TA_XBBC XBBB)
(HOMESAFE TA_XBBC XBBB)
(DRIVE XBBB XBBA)
(DRIVE XBBA XBCA)
(DRIVE XBCA XBDA)
(DRIVE XBDA XCAA)
(DRIVE XCAA XCBA)
(DRIVE XCBA XCCA)
(DRIVE XCCA XCDA)
(DRIVE XCDA XDAA)
(DRIVE XDAA XDBA)
(DRIVE XDBA XDCA)
(DRIVE XDCA XDDA)
(DRIVE XDDA XEAA)
(DRIVE XEAA XEBA)
(DRIVE XEBA XECA)
(DRIVE XECA XECB)
(DROPOFF TA_XBCB XECB)
(HOMESAFE TA_XBCB XECB)
(DRIVE XECB XECA)
(DRIVE XECA XEBA)
(DRIVE XEBA XEAA)
(DRIVE XEAA XDDA)
(DRIVE XDDA XDCA)
(DRIVE XDCA XDBA)
(DRIVE XDBA XDAA)
(DRIVE XDAA XCDA)
(DRIVE XCDA XCDB)
(DRIVE XCDB XCDC)
(DRIVE XCDC XCDD)
(DROPOFF TA_XBCD XCDD)
(HOMESAFE TA_XBCD XCDD)
(DRIVE XCDD XCDC)
(DRIVE XCDC XCDB)
(DRIVE XCDB XCDA)
(DRIVE XCDA XDAA)
(DRIVE XDAA XDBA)
(DRIVE XDBA XDCA)
(DRIVE XDCA XDDA)
(DRIVE XDDA XEAA)
(DRIVE XEAA XEBA)
(DRIVE XEBA XEBB)
(DRIVE XEBB XEBC)
(DROPOFF TA_XBDD XEBC)
(HOMESAFE TA_XBDD XEBC)
(DRIVE XEBC XEBB)
(DRIVE XEBB XEBA)
(DRIVE XEBA XEAA)
(DRIVE XEAA XDDA)
(DRIVE XDDA XDCA)
(DRIVE XDCA XDBA)
(DRIVE XDBA XDAA)
(DRIVE XDAA XCDA)
(DRIVE XCDA XCCA)
(DRIVE XCCA XCBA)
(DRIVE XCBA XCAA)
(DRIVE XCAA XBDA)
(DRIVE XBDA XBCA)
(DRIVE XBCA XBBA)
(DRIVE XBBA XBBB)
(DRIVE XBBB XBBC)
(DROPOFF TA_XCAD XBBC)
(HOMESAFE TA_XCAD XBBC)
(DRIVE XBBC XBBB)
(DRIVE XBBB XBBA)
(DRIVE XBBA XBCA)
(DRIVE XBCA XBDA)
(DRIVE XBDA XCAA)
(DRIVE XCAA XCBA)
(DRIVE XCBA XCCA)
(DRIVE XCCA XCDA)
(DRIVE XCDA XDAA)
(DRIVE XDAA XDAB)
(DRIVE XDAB XDAC)
(DRIVE XDAC XDAD)
(DROPOFF TA_XCBB XDAD)
(HOMESAFE TA_XCBB XDAD)
(DRIVE XDAD XDAC)
(DRIVE XDAC XDAB)
(DRIVE XDAB XDAA)
(DRIVE XDAA XCDA)
(DRIVE XCDA XCCA)
(DRIVE XCCA XCBA)
(DRIVE XCBA XCAA)
(DRIVE XCAA XBDA)
(DRIVE XBDA XBCA)
(DRIVE XBCA XBBA)
(DRIVE XBBA XBAA)
(DRIVE XBAA XADA)
(DRIVE XADA XADB)
(DRIVE XADB XACB)
(DROPOFF TA_XCBC XACB)
(HOMESAFE TA_XCBC XACB)
(DRIVE XACB XADB)
(DRIVE XADB XADA)
(DRIVE XADA XBAA)
(DRIVE XBAA XBBA)
(DRIVE XBBA XBCA)
(DRIVE XBCA XBDA)
(DRIVE XBDA XCAA)
(DRIVE XCAA XCBA)
(DRIVE XCBA XCCA)
(DRIVE XCCA XCDA)
(DRIVE XCDA XDAA)
(DRIVE XDAA XDBA)
(DRIVE XDBA XDCA)
(DRIVE XDCA XDDA)
(DRIVE XDDA XEAA)
(DRIVE XEAA XEAB)
(DRIVE XEAB XEAC)
(DRIVE XEAC XEAD)
(DROPOFF TA_XCCB XEAD)
(HOMESAFE TA_XCCB XEAD)
(DRIVE XEAD XEAC)
(DRIVE XEAC XEAB)
(DRIVE XEAB XEAA)
(DRIVE XEAA XDDA)
(DRIVE XDDA XDCA)
(DRIVE XDCA XDBA)
(DRIVE XDBA XDAA)
(DRIVE XDAA XCDA)
(DRIVE XCDA XCCA)
(DRIVE XCCA XCBA)
(DRIVE XCBA XCAA)
(DRIVE XCAA XBDA)
(DRIVE XBDA XBDB)
(DRIVE XBDB XBDC)
(DRIVE XBDC XBDD)
(DROPOFF TA_XCCD XBDD)
(HOMESAFE TA_XCCD XBDD)
(DRIVE XBDD XBDC)
(DRIVE XBDC XBDB)
(DRIVE XBDB XBDA)
(DRIVE XBDA XCAA)
(DRIVE XCAA XCBA)
(DRIVE XCBA XCCA)
(DRIVE XCCA XCDA)
(DRIVE XCDA XDAA)
(DRIVE XDAA XDBA)
(DRIVE XDBA XDCA)
(DRIVE XDCA XDDA)
(DRIVE XDDA XEAA)
(DRIVE XEAA XEBA)
(DRIVE XEBA XECA)
(DRIVE XECA XEDA)
(DRIVE XEDA XFAA)
(DRIVE XFAA XFAB)
(DRIVE XFAB XFBB)
(DROPOFF TA_XCDD XFBB)
(HOMESAFE TA_XCDD XFBB)
(DRIVE XFBB XFBA)
(DRIVE XFBA XFAA)
(DRIVE XFAA XEDA)
(DRIVE XEDA XECA)
(DRIVE XECA XEBA)
(DRIVE XEBA XEAA)
(DRIVE XEAA XDDA)
(DRIVE XDDA XDCA)
(DRIVE XDCA XDBA)
(DRIVE XDBA XDAA)
(DRIVE XDAA XCDA)
(DRIVE XCDA XCCA)
(DRIVE XCCA XCCB)
(DRIVE XCCB XCCC)
(DRIVE XCCC XCCD)
(DROPOFF TA_XDAD XCCD)
(HOMESAFE TA_XDAD XCCD)
(DRIVE XCCD XCCC)
(DRIVE XCCC XCCB)
(DRIVE XCCB XCCA)
(DRIVE XCCA XCDA)
(DRIVE XCDA XDAA)
(DRIVE XDAA XDBA)
(DRIVE XDBA XDCA)
(DRIVE XDCA XDCB)
(DRIVE XDCB XDCC)
(DRIVE XDCC XDCD)
(DROPOFF TA_XDBB XDCD)
(HOMESAFE TA_XDBB XDCD)
(DRIVE XDCD XDCC)
(DRIVE XDCC XDCB)
(DRIVE XDCB XDCA)
(DRIVE XDCA XDBA)
(DRIVE XDBA XDAA)
(DRIVE XDAA XCDA)
(DRIVE XCDA XCCA)
(DRIVE XCCA XCBA)
(DRIVE XCBA XCAA)
(DRIVE XCAA XBDA)
(DRIVE XBDA XBCA)
(DRIVE XBCA XBBA)
(DRIVE XBBA XBAA)
(DRIVE XBAA XADA)
(DRIVE XADA XADB)
(DRIVE XADB XACB)
(DRIVE XACB XABB)
(DROPOFF TA_XDBC XABB)
(HOMESAFE TA_XDBC XABB)
(DRIVE XABB XACB)
(DRIVE XACB XADB)
(DRIVE XADB XADA)
(DRIVE XADA XBAA)
(DRIVE XBAA XBBA)
(DRIVE XBBA XBCA)
(DRIVE XBCA XBDA)
(DRIVE XBDA XCAA)
(DRIVE XCAA XCBA)
(DRIVE XCBA XCCA)
(DRIVE XCCA XCDA)
(DRIVE XCDA XDAA)
(DRIVE XDAA XDBA)
(DRIVE XDBA XDCA)
(DRIVE XDCA XDDA)
(DRIVE XDDA XEAA)
(DRIVE XEAA XEBA)
(DRIVE XEBA XECA)
(DRIVE XECA XEDA)
(DRIVE XEDA XFAA)
(DRIVE XFAA XFAB)
(DRIVE XFAB XFBB)
(DRIVE XFBB XFBC)
(DROPOFF TA_XDCB XFBC)
(HOMESAFE TA_XDCB XFBC)
(DRIVE XFBC XFBB)
(DRIVE XFBB XFBA)
(DRIVE XFBA XFAA)
(DRIVE XFAA XEDA)
(DRIVE XEDA XECA)
(DRIVE XECA XEBA)
(DRIVE XEBA XEAA)
(DRIVE XEAA XDDA)
(DRIVE XDDA XDCA)
(DRIVE XDCA XDBA)
(DRIVE XDBA XDAA)
(DRIVE XDAA XCDA)
(DRIVE XCDA XCCA)
(DRIVE XCCA XCBA)
(DRIVE XCBA XCAA)
(DRIVE XCAA XBDA)
(DRIVE XBDA XBCA)
(DRIVE XBCA XBCB)
(DRIVE XBCB XBCC)
(DRIVE XBCC XBCD)
(DROPOFF TA_XDCD XBCD)
(HOMESAFE TA_XDCD XBCD)
(DRIVE XBCD XBCC)
(DRIVE XBCC XBCB)
(DRIVE XBCB XBCA)
(DRIVE XBCA XBBA)
(DRIVE XBBA XBAA)
(DRIVE XBAA XADA)
(DRIVE XADA XADB)
(DRIVE XADB XADC)
(DRIVE XADC XADD)
(DROPOFF TA_XDDD XADD)
(HOMESAFE TA_XDDD XADD)
(DRIVE XADD XADC)
(DRIVE XADC XADB)
(DRIVE XADB XADA)
(DRIVE XADA XBAA)
(DRIVE XBAA XBBA)
(DRIVE XBBA XBCA)
(DRIVE XBCA XBDA)
(DRIVE XBDA XCAA)
(DRIVE XCAA XCBA)
(DRIVE XCBA XCCA)
(DRIVE XCCA XCDA)
(DRIVE XCDA XDAA)
(DRIVE XDAA XDBA)
(DRIVE XDBA XDCA)
(DRIVE XDCA XDDA)
(DRIVE XDDA XEAA)
(DRIVE XEAA XEBA)
(DRIVE XEBA XECA)
(DRIVE XECA XECB)
(DRIVE XECB XECC)
(DRIVE XECC XECD)
(DROPOFF TA_XEAD XECD)
(HOMESAFE TA_XEAD XECD)
(DRIVE XECD XECC)
(DRIVE XECC XECB)
(DRIVE XECB XECA)
(DRIVE XECA XEDA)
(DRIVE XEDA XFAA)
(DRIVE XFAA XFAB)
(DRIVE XFAB XFBB)
(DRIVE XFBB XFCB)
(DROPOFF TA_XEBB XFCB)
(HOMESAFE TA_XEBB XFCB)
(DRIVE XFCB XFCA)
(DRIVE XFCA XFBA)
(DRIVE XFBA XFAA)
(DRIVE XFAA XEDA)
(DRIVE XEDA XECA)
(DRIVE XECA XEBA)
(DRIVE XEBA XEAA)
(DRIVE XEAA XDDA)
(DRIVE XDDA XDCA)
(DRIVE XDCA XDBA)
(DRIVE XDBA XDAA)
(DRIVE XDAA XCDA)
(DRIVE XCDA XCCA)
(DRIVE XCCA XCBA)
(DRIVE XCBA XCAA)
(DRIVE XCAA XBDA)
(DRIVE XBDA XBCA)
(DRIVE XBCA XBBA)
(DRIVE XBBA XBAA)
(DRIVE XBAA XADA)
(DRIVE XADA XACA)
(DRIVE XACA XACB)
(DRIVE XACB XACC)
(DRIVE XACC XABC)
(DROPOFF TA_XEBC XABC)
(HOMESAFE TA_XEBC XABC)
(DRIVE XABC XACC)
(DRIVE XACC XACB)
(DRIVE XACB XACA)
(DRIVE XACA XADA)
(DRIVE XADA XBAA)
(DRIVE XBAA XBBA)
(DRIVE XBBA XBCA)
(DRIVE XBCA XBDA)
(DRIVE XBDA XCAA)
(DRIVE XCAA XCBA)
(DRIVE XCBA XCCA)
(DRIVE XCCA XCDA)
(DRIVE XCDA XDAA)
(DRIVE XDAA XDBA)
(DRIVE XDBA XDCA)
(DRIVE XDCA XDDA)
(DRIVE XDDA XDDB)
(DRIVE XDDB XDDC)
(DRIVE XDDC XDDD)
(DROPOFF TA_XECB XDDD)
(HOMESAFE TA_XECB XDDD)
(DRIVE XDDD XDDC)
(DRIVE XDDC XDDB)
(DRIVE XDDB XDDA)
(DRIVE XDDA XDCA)
(DRIVE XDCA XDBA)
(DRIVE XDBA XDAA)
(DRIVE XDAA XCDA)
(DRIVE XCDA XCCA)
(DRIVE XCCA XCBA)
(DRIVE XCBA XCAA)
(DRIVE XCAA XCAB)
(DRIVE XCAB XCAC)
(DRIVE XCAC XCAD)
(DROPOFF TA_XECD XCAD)
(HOMESAFE TA_XECD XCAD)
(DRIVE XCAD XCAC)
(DRIVE XCAC XCAB)
(DRIVE XCAB XCAA)
(DRIVE XCAA XCBA)
(DRIVE XCBA XCCA)
(DRIVE XCCA XCDA)
(DRIVE XCDA XDAA)
(DRIVE XDAA XDBA)
(DRIVE XDBA XDCA)
(DRIVE XDCA XDDA)
(DRIVE XDDA XEAA)
(DRIVE XEAA XEBA)
(DRIVE XEBA XECA)
(DRIVE XECA XEDA)
(DRIVE XEDA XFAA)
(DRIVE XFAA XFAB)
(DRIVE XFAB XFAC)
(DRIVE XFAC XFAD)
(DROPOFF TA_XEDD XFAD)
(HOMESAFE TA_XEDD XFAD)
(DRIVE XFAD XFAC)
(DRIVE XFAC XFAB)
(DRIVE XFAB XFAA)
(DRIVE XFAA XEDA)
(DRIVE XEDA XECA)
(DRIVE XECA XEBA)
(DRIVE XEBA XEAA)
(DRIVE XEAA XDDA)
(DRIVE XDDA XDCA)
(DRIVE XDCA XDBA)
(DRIVE XDBA XDAA)
(DRIVE XDAA XCDA)
(DRIVE XCDA XCCA)
(DRIVE XCCA XCBA)
(DRIVE XCBA XCAA)
(DRIVE XCAA XBDA)
(DRIVE XBDA XBCA)
(DRIVE XBCA XBBA)
(DRIVE XBBA XBAA)
(DRIVE XBAA XADA)
(DRIVE XADA XACA)
(DRIVE XACA XACB)
(DRIVE XACB XACC)
(DRIVE XACC XACD)
(DROPOFF TA_XFAD XACD)
(HOMESAFE TA_XFAD XACD)
(DRIVE XACD XACC)
(DRIVE XACC XACB)
(DRIVE XACB XACA)
(DRIVE XACA XADA)
(DRIVE XADA XBAA)
(DRIVE XBAA XBAB)
(DRIVE XBAB XBAC)
(DRIVE XBAC XBAD)
(DROPOFF TA_XFBB XBAD)
(HOMESAFE TA_XFBB XBAD)
(DRIVE XBAD XBAC)
(DRIVE XBAC XBAB)
(DRIVE XBAB XBAA)
(DRIVE XBAA XBBA)
(DRIVE XBBA XBCA)
(DRIVE XBCA XBDA)
(DRIVE XBDA XCAA)
(DRIVE XCAA XCBA)
(DRIVE XCBA XCCA)
(DRIVE XCCA XCDA)
(DRIVE XCDA XDAA)
(DRIVE XDAA XDBA)
(DRIVE XDBA XDCA)
(DRIVE XDCA XDDA)
(DRIVE XDDA XEAA)
(DRIVE XEAA XEBA)
(DRIVE XEBA XECA)
(DRIVE XECA XEDA)
(DRIVE XEDA XFAA)
(DRIVE XFAA XFBA)
(DRIVE XFBA XFCA)
(DRIVE XFCA XFCB)
(DRIVE XFCB XFCC)
(DRIVE XFCC XFCD)
(DROPOFF TA_XFBC XFCD)
(HOMESAFE TA_XFBC XFCD)
(DRIVE XFCD XFCC)
(DRIVE XFCC XFCB)
(DRIVE XFCB XFCA)
(DRIVE XFCA XFBA)
(DRIVE XFBA XFAA)
(DRIVE XFAA XEDA)
(DRIVE XEDA XEDB)
(DRIVE XEDB XEDC)
(DRIVE XEDC XEDD)
(DROPOFF TA_XFCB XEDD)
(HOMESAFE TA_XFCB XEDD)
(DRIVE XEDD XEDC)
(DRIVE XEDC XEDB)
(DRIVE XEDB XEDA)
(DRIVE XEDA XECA)
(DRIVE XECA XEBA)
(DRIVE XEBA XEAA)
(DRIVE XEAA XDDA)
(DRIVE XDDA XDCA)
(DRIVE XDCA XDBA)
(DRIVE XDBA XDAA)
(DRIVE XDAA XCDA)
(DRIVE XCDA XCCA)
(DRIVE XCCA XCBA)
(DRIVE XCBA XCAA)
(DRIVE XCAA XBDA)
(DRIVE XBDA XBCA)
(DRIVE XBCA XBBA)
(DRIVE XBBA XBAA)
(DRIVE XBAA XADA)
(DRIVE XADA XACA)
(DRIVE XACA XABA)
(DRIVE XABA XAAA)
(DRIVE XAAA XAAB)
(DRIVE XAAB XAAC)
(DRIVE XAAC XAAD)
(DROPOFF TA_XFCD XAAD)
(HOMESAFE TA_XFCD XAAD)
(DRIVE XAAD XAAC)
(DRIVE XAAC XAAB)
(DRIVE XAAB XAAA)
(DRIVE XAAA XABA)
(DRIVE XABA XACA)
(DRIVE XACA XADA)
(DRIVE XADA XBAA)
(DRIVE XBAA XBBA)
(DRIVE XBBA XBCA)
(DRIVE XBCA XBDA)
(DRIVE XBDA XCAA)
(DRIVE XCAA XCBA)
(DRIVE XCBA XCCA)
(DRIVE XCCA XCDA)
(DRIVE XCDA XDAA)
(DRIVE XDAA XDBA)
(DRIVE XDBA XDCA)
(DRIVE XDCA XDDA)
(DRIVE XDDA XEAA)
(DRIVE XEAA XEBA)
(DRIVE XEBA XECA)
(DRIVE XECA XEDA)
(DRIVE XEDA XFAA)
(DRIVE XFAA XFBA)
(DRIVE XFBA XFCA)
(DRIVE XFCA XFDA)
(DRIVE XFDA XFDB)
(DRIVE XFDB XFDC)
(DRIVE XFDC XFDD)
(DROPOFF TA_XFDD XFDD)
(HOMESAFE TA_XFDD XFDD)
(DRIVE XFDD XFDC)
(DRIVE XFDC XFDB)
(DRIVE XFDB XFDA)
(DRIVE XFDA XFCA)
(DRIVE XFCA XFBA)
(DRIVE XFBA XFAA)
(DRIVE XFAA XEDA)
(DRIVE XEDA XECA)
(DRIVE XECA XEBA)
(DRIVE XEBA XEAA)
(DRIVE XEAA XDDA)
(DRIVE XDDA XDCA)
(DRIVE XDCA XDBA)
(DRIVE XDBA XDAA)
(DRIVE XDAA XCDA)
(DRIVE XCDA XCCA)
(DRIVE XCCA XCBA)
(DRIVE XCBA XCAA)
(DRIVE XCAA XBDA)
(DRIVE XBDA XBCA)
(DRIVE XBCA XBBA)
(DRIVE XBBA XBAA)
(DRIVE XBAA XADA)
(DRIVE XADA XACA)
(DRIVE XACA XABA)
(DRIVE XABA XAAA)
