(DROPOFF TA_XICB XAAA)
(WALK TA_XICB XAAA XABA)
(WALK TA_XICB XABA XABB)
(HOMESAFE TA_XICB XABB)
(DROPOFF TA_XKDD XAAA)
(WALK TA_XKDD XAAA XAAB)
(WALK TA_XKDD XAAB XAAC)
(WALK TA_XKDD XAAC XABC)
(HOMESAFE TA_XKDD XABC)
(DROPOFF TA_XDAD XAAA)
(WALK TA_XDAD XAAA XAAB)
(WALK TA_XDAD XAAB XAAC)
(WALK TA_XDAD XAAC XAAD)
(HOMESAFE TA_XDAD XAAD)
(DROPOFF TA_XICD XAAA)
(WALK TA_XICD XAAA XABA)
(WALK TA_XICD XABA XACA)
(WALK TA_XICD XACA XACB)
(HOMESAFE TA_XICD XACB)
(DROPOFF TA_XFCD XAAA)
(WALK TA_XFCD XAAA XAAB)
(WALK TA_XFCD XAAB XAAC)
(WALK TA_XFCD XAAC XABC)
(WALK TA_XFCD XABC XABD)
(WALK TA_XFCD XABD XACD)
(HOMESAFE TA_XFCD XACD)
(DROPOFF TA_XABC XAAA)
(WALK TA_XABC XAAA XABA)
(WALK TA_XABC XABA XACA)
(WALK TA_XABC XACA XADA)
(WALK TA_XABC XADA XBAA)
(WALK TA_XABC XBAA XBAB)
(WALK TA_XABC XBAB XBBB)
(HOMESAFE TA_XABC XBBB)
(DROPOFF TA_XDCB XAAA)
(WALK TA_XDCB XAAA XABA)
(WALK TA_XDCB XABA XACA)
(WALK TA_XDCB XACA XACB)
(WALK TA_XDCB XACB XACC)
(WALK TA_XDCB XACC XADC)
(WALK TA_XDCB XADC XADD)
(HOMESAFE TA_XDCB XADD)
(DROPOFF TA_XHAD XAAA)
(WALK TA_XHAD XAAA XABA)
(WALK TA_XHAD XABA XACA)
(WALK TA_XHAD XACA XADA)
(WALK TA_XHAD XADA XBAA)
(WALK TA_XHAD XBAA XBAB)
(WALK TA_XHAD XBAB XBAC)
(WALK TA_XHAD XBAC XBAD)
(HOMESAFE TA_XHAD XBAD)
(DROPOFF TA_XHBC XAAA)
(WALK TA_XHBC XAAA XABA)
(WALK TA_XHBC XABA XACA)
(WALK TA_XHBC XACA XADA)
(WALK TA_XHBC XADA XBAA)
(WALK TA_XHBC XBAA XBBA)
(WALK TA_XHBC XBBA XBCA)
(WALK TA_XHBC XBCA XBCB)
(HOMESAFE TA_XHBC XBCB)
(DROPOFF TA_XEDD XAAA)
(WALK TA_XEDD XAAA XABA)
(WALK TA_XEDD XABA XACA)
(WALK TA_XEDD XACA XADA)
(WALK TA_XEDD XADA XBAA)
(WALK TA_XEDD XBAA XBAB)
(WALK TA_XEDD XBAB XBBB)
(WALK TA_XEDD XBBB XBBC)
(HOMESAFE TA_XEDD XBBC)
(DROPOFF TA_XACB XAAA)
(WALK TA_XACB XAAA XABA)
(WALK TA_XACB XABA XACA)
(WALK TA_XACB XACA XADA)
(WALK TA_XACB XADA XBAA)
(WALK TA_XACB XBAA XBAB)
(WALK TA_XACB XBAB XBAC)
(WALK TA_XACB XBAC XBBC)
(WALK TA_XACB XBBC XBCC)
(WALK TA_XACB XBCC XBCD)
(HOMESAFE TA_XACB XBCD)
(DROPOFF TA_XDBB XAAA)
(WALK TA_XDBB XAAA XABA)
(WALK TA_XDBB XABA XACA)
(WALK TA_XDBB XACA XADA)
(WALK TA_XDBB XADA XBAA)
(WALK TA_XDBB XBAA XBBA)
(WALK TA_XDBB XBBA XBCA)
(WALK TA_XDBB XBCA XBDA)
(WALK TA_XDBB XBDA XBDB)
(WALK TA_XDBB XBDB XBDC)
(WALK TA_XDBB XBDC XBDD)
(HOMESAFE TA_XDBB XBDD)
(DROPOFF TA_XAAD XAAA)
(WALK TA_XAAD XAAA XABA)
(WALK TA_XAAD XABA XACA)
(WALK TA_XAAD XACA XADA)
(WALK TA_XAAD XADA XBAA)
(WALK TA_XAAD XBAA XBBA)
(WALK TA_XAAD XBBA XBCA)
(WALK TA_XAAD XBCA XBDA)
(WALK TA_XAAD XBDA XCAA)
(WALK TA_XAAD XCAA XCBA)
(WALK TA_XAAD XCBA XCBB)
(HOMESAFE TA_XAAD XCBB)
(DROPOFF TA_XECB XAAA)
(WALK TA_XECB XAAA XABA)
(WALK TA_XECB XABA XACA)
(WALK TA_XECB XACA XADA)
(WALK TA_XECB XADA XBAA)
(WALK TA_XECB XBAA XBBA)
(WALK TA_XECB XBBA XBCA)
(WALK TA_XECB XBCA XBDA)
(WALK TA_XECB XBDA XCAA)
(WALK TA_XECB XCAA XCAB)
(WALK TA_XECB XCAB XCAC)
(WALK TA_XECB XCAC XCBC)
(HOMESAFE TA_XECB XCBC)
(DROPOFF TA_XJDD XAAA)
(WALK TA_XJDD XAAA XABA)
(WALK TA_XJDD XABA XACA)
(WALK TA_XJDD XACA XADA)
(WALK TA_XJDD XADA XBAA)
(WALK TA_XJDD XBAA XBBA)
(WALK TA_XJDD XBBA XBCA)
(WALK TA_XJDD XBCA XBDA)
(WALK TA_XJDD XBDA XCAA)
(WALK TA_XJDD XCAA XCAB)
(WALK TA_XJDD XCAB XCAC)
(WALK TA_XJDD XCAC XCAD)
(HOMESAFE TA_XJDD XCAD)
(DROPOFF TA_XJCD XAAA)
(WALK TA_XJCD XAAA XABA)
(WALK TA_XJCD XABA XACA)
(WALK TA_XJCD XACA XADA)
(WALK TA_XJCD XADA XBAA)
(WALK TA_XJCD XBAA XBBA)
(WALK TA_XJCD XBBA XBCA)
(WALK TA_XJCD XBCA XBDA)
(WALK TA_XJCD XBDA XCAA)
(WALK TA_XJCD XCAA XCBA)
(WALK TA_XJCD XCBA XCCA)
(WALK TA_XJCD XCCA XCCB)
(HOMESAFE TA_XJCD XCCB)
(DROPOFF TA_XFBC XAAA)
(WALK TA_XFBC XAAA XABA)
(WALK TA_XFBC XABA XACA)
(WALK TA_XFBC XACA XADA)
(WALK TA_XFBC XADA XBAA)
(WALK TA_XFBC XBAA XBBA)
(WALK TA_XFBC XBBA XBCA)
(WALK TA_XFBC XBCA XBDA)
(WALK TA_XFBC XBDA XCAA)
(WALK TA_XFBC XCAA XCAB)
(WALK TA_XFBC XCAB XCAC)
(WALK TA_XFBC XCAC XCAD)
(WALK TA_XFBC XCAD XCBD)
(WALK TA_XFBC XCBD XCCD)
(HOMESAFE TA_XFBC XCCD)
(DROPOFF TA_XLBC XAAA)
(WALK TA_XLBC XAAA XABA)
(WALK TA_XLBC XABA XACA)
(WALK TA_XLBC XACA XADA)
(WALK TA_XLBC XADA XBAA)
(WALK TA_XLBC XBAA XBBA)
(WALK TA_XLBC XBBA XBCA)
(WALK TA_XLBC XBCA XBDA)
(WALK TA_XLBC XBDA XCAA)
(WALK TA_XLBC XCAA XCBA)
(WALK TA_XLBC XCBA XCCA)
(WALK TA_XLBC XCCA XCCB)
(WALK TA_XLBC XCCB XCCC)
(WALK TA_XLBC XCCC XCDC)
(WALK TA_XLBC XCDC XCDD)
(HOMESAFE TA_XLBC XCDD)
(DROPOFF TA_XHBB XAAA)
(WALK TA_XHBB XAAA XABA)
(WALK TA_XHBB XABA XACA)
(WALK TA_XHBB XACA XADA)
(WALK TA_XHBB XADA XBAA)
(WALK TA_XHBB XBAA XBBA)
(WALK TA_XHBB XBBA XBCA)
(WALK TA_XHBB XBCA XBDA)
(WALK TA_XHBB XBDA XCAA)
(WALK TA_XHBB XCAA XCBA)
(WALK TA_XHBB XCBA XCCA)
(WALK TA_XHBB XCCA XCDA)
(WALK TA_XHBB XCDA XDAA)
(WALK TA_XHBB XDAA XDBA)
(WALK TA_XHBB XDBA XDBB)
(HOMESAFE TA_XHBB XDBB)
(DROPOFF TA_XLCD XAAA)
(WALK TA_XLCD XAAA XABA)
(WALK TA_XLCD XABA XACA)
(WALK TA_XLCD XACA XADA)
(WALK TA_XLCD XADA XBAA)
(WALK TA_XLCD XBAA XBBA)
(WALK TA_XLCD XBBA XBCA)
(WALK TA_XLCD XBCA XBDA)
(WALK TA_XLCD XBDA XCAA)
(WALK TA_XLCD XCAA XCBA)
(WALK TA_XLCD XCBA XCCA)
(WALK TA_XLCD XCCA XCDA)
(WALK TA_XLCD XCDA XDAA)
(WALK TA_XLCD XDAA XDAB)
(WALK TA_XLCD XDAB XDAC)
(WALK TA_XLCD XDAC XDAD)
(HOMESAFE TA_XLCD XDAD)
(DROPOFF TA_XGDD XAAA)
(WALK TA_XGDD XAAA XABA)
(WALK TA_XGDD XABA XACA)
(WALK TA_XGDD XACA XADA)
(WALK TA_XGDD XADA XBAA)
(WALK TA_XGDD XBAA XBBA)
(WALK TA_XGDD XBBA XBCA)
(WALK TA_XGDD XBCA XBDA)
(WALK TA_XGDD XBDA XCAA)
(WALK TA_XGDD XCAA XCBA)
(WALK TA_XGDD XCBA XCCA)
(WALK TA_XGDD XCCA XCDA)
(WALK TA_XGDD XCDA XDAA)
(WALK TA_XGDD XDAA XDBA)
(WALK TA_XGDD XDBA XDBB)
(WALK TA_XGDD XDBB XDCB)
(HOMESAFE TA_XGDD XDCB)
(DROPOFF TA_XKCB XAAA)
(WALK TA_XKCB XAAA XABA)
(WALK TA_XKCB XABA XACA)
(WALK TA_XKCB XACA XADA)
(WALK TA_XKCB XADA XBAA)
(WALK TA_XKCB XBAA XBBA)
(WALK TA_XKCB XBBA XBCA)
(WALK TA_XKCB XBCA XBDA)
(WALK TA_XKCB XBDA XCAA)
(WALK TA_XKCB XCAA XCBA)
(WALK TA_XKCB XCBA XCCA)
(WALK TA_XKCB XCCA XCDA)
(WALK TA_XKCB XCDA XDAA)
(WALK TA_XKCB XDAA XDBA)
(WALK TA_XKCB XDBA XDBB)
(WALK TA_XKCB XDBB XDBC)
(HOMESAFE TA_XKCB XDBC)
(DROPOFF TA_XHCD XAAA)
(WALK TA_XHCD XAAA XABA)
(WALK TA_XHCD XABA XACA)
(WALK TA_XHCD XACA XADA)
(WALK TA_XHCD XADA XBAA)
(WALK TA_XHCD XBAA XBBA)
(WALK TA_XHCD XBBA XBCA)
(WALK TA_XHCD XBCA XBDA)
(WALK TA_XHCD XBDA XCAA)
(WALK TA_XHCD XCAA XCBA)
(WALK TA_XHCD XCBA XCCA)
(WALK TA_XHCD XCCA XCDA)
(WALK TA_XHCD XCDA XDAA)
(WALK TA_XHCD XDAA XDAB)
(WALK TA_XHCD XDAB XDBB)
(WALK TA_XHCD XDBB XDBC)
(WALK TA_XHCD XDBC XDBD)
(WALK TA_XHCD XDBD XDCD)
(HOMESAFE TA_XHCD XDCD)
(DROPOFF TA_XIAD XAAA)
(WALK TA_XIAD XAAA XABA)
(WALK TA_XIAD XABA XACA)
(WALK TA_XIAD XACA XADA)
(WALK TA_XIAD XADA XBAA)
(WALK TA_XIAD XBAA XBBA)
(WALK TA_XIAD XBBA XBCA)
(WALK TA_XIAD XBCA XBDA)
(WALK TA_XIAD XBDA XCAA)
(WALK TA_XIAD XCAA XCBA)
(WALK TA_XIAD XCBA XCCA)
(WALK TA_XIAD XCCA XCDA)
(WALK TA_XIAD XCDA XDAA)
(WALK TA_XIAD XDAA XDBA)
(WALK TA_XIAD XDBA XDBB)
(WALK TA_XIAD XDBB XDCB)
(WALK TA_XIAD XDCB XDCC)
(WALK TA_XIAD XDCC XDCD)
(WALK TA_XIAD XDCD XDDD)
(HOMESAFE TA_XIAD XDDD)
(DROPOFF TA_XJAD XAAA)
(WALK TA_XJAD XAAA XABA)
(WALK TA_XJAD XABA XACA)
(WALK TA_XJAD XACA XADA)
(WALK TA_XJAD XADA XBAA)
(WALK TA_XJAD XBAA XBBA)
(WALK TA_XJAD XBBA XBCA)
(WALK TA_XJAD XBCA XBDA)
(WALK TA_XJAD XBDA XCAA)
(WALK TA_XJAD XCAA XCBA)
(WALK TA_XJAD XCBA XCCA)
(WALK TA_XJAD XCCA XCDA)
(WALK TA_XJAD XCDA XDAA)
(WALK TA_XJAD XDAA XDBA)
(WALK TA_XJAD XDBA XDCA)
(WALK TA_XJAD XDCA XDDA)
(WALK TA_XJAD XDDA XEAA)
(WALK TA_XJAD XEAA XEBA)
(WALK TA_XJAD XEBA XEBB)
(HOMESAFE TA_XJAD XEBB)
(DROPOFF TA_XBDD XAAA)
(WALK TA_XBDD XAAA XABA)
(WALK TA_XBDD XABA XACA)
(WALK TA_XBDD XACA XADA)
(WALK TA_XBDD XADA XBAA)
(WALK TA_XBDD XBAA XBBA)
(WALK TA_XBDD XBBA XBCA)
(WALK TA_XBDD XBCA XBDA)
(WALK TA_XBDD XBDA XCAA)
(WALK TA_XBDD XCAA XCBA)
(WALK TA_XBDD XCBA XCCA)
(WALK TA_XBDD XCCA XCDA)
(WALK TA_XBDD XCDA XDAA)
(WALK TA_XBDD XDAA XDBA)
(WALK TA_XBDD XDBA XDCA)
(WALK TA_XBDD XDCA XDDA)
(WALK TA_XBDD XDDA XEAA)
(WALK TA_XBDD XEAA XEAB)
(WALK TA_XBDD XEAB XEAC)
(WALK TA_XBDD XEAC XEBC)
(HOMESAFE TA_XBDD XEBC)
(DROPOFF TA_XFDD XAAA)
(WALK TA_XFDD XAAA XABA)
(WALK TA_XFDD XABA XACA)
(WALK TA_XFDD XACA XADA)
(WALK TA_XFDD XADA XBAA)
(WALK TA_XFDD XBAA XBBA)
(WALK TA_XFDD XBBA XBCA)
(WALK TA_XFDD XBCA XBDA)
(WALK TA_XFDD XBDA XCAA)
(WALK TA_XFDD XCAA XCBA)
(WALK TA_XFDD XCBA XCCA)
(WALK TA_XFDD XCCA XCDA)
(WALK TA_XFDD XCDA XDAA)
(WALK TA_XFDD XDAA XDBA)
(WALK TA_XFDD XDBA XDCA)
(WALK TA_XFDD XDCA XDDA)
(WALK TA_XFDD XDDA XEAA)
(WALK TA_XFDD XEAA XEBA)
(WALK TA_XFDD XEBA XECA)
(WALK TA_XFDD XECA XECB)
(HOMESAFE TA_XFDD XECB)
(DROPOFF TA_XEBC XAAA)
(WALK TA_XEBC XAAA XABA)
(WALK TA_XEBC XABA XACA)
(WALK TA_XEBC XACA XADA)
(WALK TA_XEBC XADA XBAA)
(WALK TA_XEBC XBAA XBBA)
(WALK TA_XEBC XBBA XBCA)
(WALK TA_XEBC XBCA XBDA)
(WALK TA_XEBC XBDA XCAA)
(WALK TA_XEBC XCAA XCBA)
(WALK TA_XEBC XCBA XCCA)
(WALK TA_XEBC XCCA XCDA)
(WALK TA_XEBC XCDA XDAA)
(WALK TA_XEBC XDAA XDBA)
(WALK TA_XEBC XDBA XDCA)
(WALK TA_XEBC XDCA XDDA)
(WALK TA_XEBC XDDA XEAA)
(WALK TA_XEBC XEAA XEAB)
(WALK TA_XEBC XEAB XEAC)
(WALK TA_XEBC XEAC XEAD)
(HOMESAFE TA_XEBC XEAD)
(DROPOFF TA_XDDD XAAA)
(WALK TA_XDDD XAAA XABA)
(WALK TA_XDDD XABA XACA)
(WALK TA_XDDD XACA XADA)
(WALK TA_XDDD XADA XBAA)
(WALK TA_XDDD XBAA XBBA)
(WALK TA_XDDD XBBA XBCA)
(WALK TA_XDDD XBCA XBDA)
(WALK TA_XDDD XBDA XCAA)
(WALK TA_XDDD XCAA XCBA)
(WALK TA_XDDD XCBA XCCA)
(WALK TA_XDDD XCCA XCDA)
(WALK TA_XDDD XCDA XDAA)
(WALK TA_XDDD XDAA XDBA)
(WALK TA_XDDD XDBA XDCA)
(WALK TA_XDDD XDCA XDDA)
(WALK TA_XDDD XDDA XEAA)
(WALK TA_XDDD XEAA XEBA)
(WALK TA_XDDD XEBA XEBB)
(WALK TA_XDDD XEBB XECB)
(WALK TA_XDDD XECB XECC)
(WALK TA_XDDD XECC XECD)
(HOMESAFE TA_XDDD XECD)
(DROPOFF TA_XEBB XAAA)
(WALK TA_XEBB XAAA XABA)
(WALK TA_XEBB XABA XACA)
(WALK TA_XEBB XACA XADA)
(WALK TA_XEBB XADA XBAA)
(WALK TA_XEBB XBAA XBBA)
(WALK TA_XEBB XBBA XBCA)
(WALK TA_XEBB XBCA XBDA)
(WALK TA_XEBB XBDA XCAA)
(WALK TA_XEBB XCAA XCBA)
(WALK TA_XEBB XCBA XCCA)
(WALK TA_XEBB XCCA XCDA)
(WALK TA_XEBB XCDA XDAA)
(WALK TA_XEBB XDAA XDBA)
(WALK TA_XEBB XDBA XDCA)
(WALK TA_XEBB XDCA XDDA)
(WALK TA_XEBB XDDA XEAA)
(WALK TA_XEBB XEAA XEBA)
(WALK TA_XEBB XEBA XEBB)
(WALK TA_XEBB XEBB XEBC)
(WALK TA_XEBB XEBC XECC)
(WALK TA_XEBB XECC XECD)
(WALK TA_XEBB XECD XEDD)
(HOMESAFE TA_XEBB XEDD)
(DROPOFF TA_XDBC XAAA)
(WALK TA_XDBC XAAA XABA)
(WALK TA_XDBC XABA XACA)
(WALK TA_XDBC XACA XADA)
(WALK TA_XDBC XADA XBAA)
(WALK TA_XDBC XBAA XBBA)
(WALK TA_XDBC XBBA XBCA)
(WALK TA_XDBC XBCA XBDA)
(WALK TA_XDBC XBDA XCAA)
(WALK TA_XDBC XCAA XCBA)
(WALK TA_XDBC XCBA XCCA)
(WALK TA_XDBC XCCA XCDA)
(WALK TA_XDBC XCDA XDAA)
(WALK TA_XDBC XDAA XDBA)
(WALK TA_XDBC XDBA XDCA)
(WALK TA_XDBC XDCA XDDA)
(WALK TA_XDBC XDDA XEAA)
(WALK TA_XDBC XEAA XEBA)
(WALK TA_XDBC XEBA XECA)
(WALK TA_XDBC XECA XEDA)
(WALK TA_XDBC XEDA XFAA)
(WALK TA_XDBC XFAA XFBA)
(WALK TA_XDBC XFBA XFBB)
(HOMESAFE TA_XDBC XFBB)
(DROPOFF TA_XHDD XAAA)
(WALK TA_XHDD XAAA XABA)
(WALK TA_XHDD XABA XACA)
(WALK TA_XHDD XACA XADA)
(WALK TA_XHDD XADA XBAA)
(WALK TA_XHDD XBAA XBBA)
(WALK TA_XHDD XBBA XBCA)
(WALK TA_XHDD XBCA XBDA)
(WALK TA_XHDD XBDA XCAA)
(WALK TA_XHDD XCAA XCBA)
(WALK TA_XHDD XCBA XCCA)
(WALK TA_XHDD XCCA XCDA)
(WALK TA_XHDD XCDA XDAA)
(WALK TA_XHDD XDAA XDBA)
(WALK TA_XHDD XDBA XDCA)
(WALK TA_XHDD XDCA XDDA)
(WALK TA_XHDD XDDA XEAA)
(WALK TA_XHDD XEAA XEBA)
(WALK TA_XHDD XEBA XECA)
(WALK TA_XHDD XECA XEDA)
(WALK TA_XHDD XEDA XFAA)
(WALK TA_XHDD XFAA XFAB)
(WALK TA_XHDD XFAB XFAC)
(WALK TA_XHDD XFAC XFAD)
(HOMESAFE TA_XHDD XFAD)
(DROPOFF TA_XIDD XAAA)
(WALK TA_XIDD XAAA XABA)
(WALK TA_XIDD XABA XACA)
(WALK TA_XIDD XACA XADA)
(WALK TA_XIDD XADA XBAA)
(WALK TA_XIDD XBAA XBBA)
(WALK TA_XIDD XBBA XBCA)
(WALK TA_XIDD XBCA XBDA)
(WALK TA_XIDD XBDA XCAA)
(WALK TA_XIDD XCAA XCBA)
(WALK TA_XIDD XCBA XCCA)
(WALK TA_XIDD XCCA XCDA)
(WALK TA_XIDD XCDA XDAA)
(WALK TA_XIDD XDAA XDBA)
(WALK TA_XIDD XDBA XDCA)
(WALK TA_XIDD XDCA XDDA)
(WALK TA_XIDD XDDA XEAA)
(WALK TA_XIDD XEAA XEBA)
(WALK TA_XIDD XEBA XECA)
(WALK TA_XIDD XECA XEDA)
(WALK TA_XIDD XEDA XFAA)
(WALK TA_XIDD XFAA XFAB)
(WALK TA_XIDD XFAB XFBB)
(WALK TA_XIDD XFBB XFBC)
(HOMESAFE TA_XIDD XFBC)
(DROPOFF TA_XBBC XAAA)
(WALK TA_XBBC XAAA XABA)
(WALK TA_XBBC XABA XACA)
(WALK TA_XBBC XACA XADA)
(WALK TA_XBBC XADA XBAA)
(WALK TA_XBBC XBAA XBBA)
(WALK TA_XBBC XBBA XBCA)
(WALK TA_XBBC XBCA XBDA)
(WALK TA_XBBC XBDA XCAA)
(WALK TA_XBBC XCAA XCBA)
(WALK TA_XBBC XCBA XCCA)
(WALK TA_XBBC XCCA XCDA)
(WALK TA_XBBC XCDA XDAA)
(WALK TA_XBBC XDAA XDBA)
(WALK TA_XBBC XDBA XDCA)
(WALK TA_XBBC XDCA XDDA)
(WALK TA_XBBC XDDA XEAA)
(WALK TA_XBBC XEAA XEBA)
(WALK TA_XBBC XEBA XECA)
(WALK TA_XBBC XECA XEDA)
(WALK TA_XBBC XEDA XFAA)
(WALK TA_XBBC XFAA XFBA)
(WALK TA_XBBC XFBA XFCA)
(WALK TA_XBBC XFCA XFCB)
(HOMESAFE TA_XBBC XFCB)
(DROPOFF TA_XABB XAAA)
(WALK TA_XABB XAAA XABA)
(WALK TA_XABB XABA XACA)
(WALK TA_XABB XACA XADA)
(WALK TA_XABB XADA XBAA)
(WALK TA_XABB XBAA XBBA)
(WALK TA_XABB XBBA XBCA)
(WALK TA_XABB XBCA XBDA)
(WALK TA_XABB XBDA XCAA)
(WALK TA_XABB XCAA XCBA)
(WALK TA_XABB XCBA XCCA)
(WALK TA_XABB XCCA XCDA)
(WALK TA_XABB XCDA XDAA)
(WALK TA_XABB XDAA XDBA)
(WALK TA_XABB XDBA XDCA)
(WALK TA_XABB XDCA XDDA)
(WALK TA_XABB XDDA XEAA)
(WALK TA_XABB XEAA XEBA)
(WALK TA_XABB XEBA XECA)
(WALK TA_XABB XECA XEDA)
(WALK TA_XABB XEDA XFAA)
(WALK TA_XABB XFAA XFBA)
(WALK TA_XABB XFBA XFCA)
(WALK TA_XABB XFCA XFCB)
(WALK TA_XABB XFCB XFCC)
(WALK TA_XABB XFCC XFCD)
(HOMESAFE TA_XABB XFCD)
(DROPOFF TA_XGBC XAAA)
(WALK TA_XGBC XAAA XABA)
(WALK TA_XGBC XABA XACA)
(WALK TA_XGBC XACA XADA)
(WALK TA_XGBC XADA XBAA)
(WALK TA_XGBC XBAA XBBA)
(WALK TA_XGBC XBBA XBCA)
(WALK TA_XGBC XBCA XBDA)
(WALK TA_XGBC XBDA XCAA)
(WALK TA_XGBC XCAA XCBA)
(WALK TA_XGBC XCBA XCCA)
(WALK TA_XGBC XCCA XCDA)
(WALK TA_XGBC XCDA XDAA)
(WALK TA_XGBC XDAA XDBA)
(WALK TA_XGBC XDBA XDCA)
(WALK TA_XGBC XDCA XDDA)
(WALK TA_XGBC XDDA XEAA)
(WALK TA_XGBC XEAA XEBA)
(WALK TA_XGBC XEBA XECA)
(WALK TA_XGBC XECA XEDA)
(WALK TA_XGBC XEDA XFAA)
(WALK TA_XGBC XFAA XFAB)
(WALK TA_XGBC XFAB XFAC)
(WALK TA_XGBC XFAC XFBC)
(WALK TA_XGBC XFBC XFBD)
(WALK TA_XGBC XFBD XFCD)
(WALK TA_XGBC XFCD XFDD)
(HOMESAFE TA_XGBC XFDD)
(DROPOFF TA_XCBC XAAA)
(WALK TA_XCBC XAAA XABA)
(WALK TA_XCBC XABA XACA)
(WALK TA_XCBC XACA XADA)
(WALK TA_XCBC XADA XBAA)
(WALK TA_XCBC XBAA XBBA)
(WALK TA_XCBC XBBA XBCA)
(WALK TA_XCBC XBCA XBDA)
(WALK TA_XCBC XBDA XCAA)
(WALK TA_XCBC XCAA XCBA)
(WALK TA_XCBC XCBA XCCA)
(WALK TA_XCBC XCCA XCDA)
(WALK TA_XCBC XCDA XDAA)
(WALK TA_XCBC XDAA XDBA)
(WALK TA_XCBC XDBA XDCA)
(WALK TA_XCBC XDCA XDDA)
(WALK TA_XCBC XDDA XEAA)
(WALK TA_XCBC XEAA XEBA)
(WALK TA_XCBC XEBA XECA)
(WALK TA_XCBC XECA XEDA)
(WALK TA_XCBC XEDA XFAA)
(WALK TA_XCBC XFAA XFBA)
(WALK TA_XCBC XFBA XFCA)
(WALK TA_XCBC XFCA XFDA)
(WALK TA_XCBC XFDA XGAA)
(WALK TA_XCBC XGAA XGAB)
(WALK TA_XCBC XGAB XGBB)
(HOMESAFE TA_XCBC XGBB)
(DROPOFF TA_XDCD XAAA)
(WALK TA_XDCD XAAA XABA)
(WALK TA_XDCD XABA XACA)
(WALK TA_XDCD XACA XADA)
(WALK TA_XDCD XADA XBAA)
(WALK TA_XDCD XBAA XBBA)
(WALK TA_XDCD XBBA XBCA)
(WALK TA_XDCD XBCA XBDA)
(WALK TA_XDCD XBDA XCAA)
(WALK TA_XDCD XCAA XCBA)
(WALK TA_XDCD XCBA XCCA)
(WALK TA_XDCD XCCA XCDA)
(WALK TA_XDCD XCDA XDAA)
(WALK TA_XDCD XDAA XDBA)
(WALK TA_XDCD XDBA XDCA)
(WALK TA_XDCD XDCA XDDA)
(WALK TA_XDCD XDDA XEAA)
(WALK TA_XDCD XEAA XEBA)
(WALK TA_XDCD XEBA XECA)
(WALK TA_XDCD XECA XEDA)
(WALK TA_XDCD XEDA XFAA)
(WALK TA_XDCD XFAA XFBA)
(WALK TA_XDCD XFBA XFCA)
(WALK TA_XDCD XFCA XFDA)
(WALK TA_XDCD XFDA XGAA)
(WALK TA_XDCD XGAA XGBA)
(WALK TA_XDCD XGBA XGCA)
(WALK TA_XDCD XGCA XGCB)
(HOMESAFE TA_XDCD XGCB)
(DROPOFF TA_XKBC XAAA)
(WALK TA_XKBC XAAA XABA)
(WALK TA_XKBC XABA XACA)
(WALK TA_XKBC XACA XADA)
(WALK TA_XKBC XADA XBAA)
(WALK TA_XKBC XBAA XBBA)
(WALK TA_XKBC XBBA XBCA)
(WALK TA_XKBC XBCA XBDA)
(WALK TA_XKBC XBDA XCAA)
(WALK TA_XKBC XCAA XCBA)
(WALK TA_XKBC XCBA XCCA)
(WALK TA_XKBC XCCA XCDA)
(WALK TA_XKBC XCDA XDAA)
(WALK TA_XKBC XDAA XDBA)
(WALK TA_XKBC XDBA XDCA)
(WALK TA_XKBC XDCA XDDA)
(WALK TA_XKBC XDDA XEAA)
(WALK TA_XKBC XEAA XEBA)
(WALK TA_XKBC XEBA XECA)
(WALK TA_XKBC XECA XEDA)
(WALK TA_XKBC XEDA XFAA)
(WALK TA_XKBC XFAA XFBA)
(WALK TA_XKBC XFBA XFCA)
(WALK TA_XKBC XFCA XFDA)
(WALK TA_XKBC XFDA XGAA)
(WALK TA_XKBC XGAA XGAB)
(WALK TA_XKBC XGAB XGAC)
(WALK TA_XKBC XGAC XGBC)
(HOMESAFE TA_XKBC XGBC)
(DROPOFF TA_XGCB XAAA)
(WALK TA_XGCB XAAA XABA)
(WALK TA_XGCB XABA XACA)
(WALK TA_XGCB XACA XADA)
(WALK TA_XGCB XADA XBAA)
(WALK TA_XGCB XBAA XBBA)
(WALK TA_XGCB XBBA XBCA)
(WALK TA_XGCB XBCA XBDA)
(WALK TA_XGCB XBDA XCAA)
(WALK TA_XGCB XCAA XCBA)
(WALK TA_XGCB XCBA XCCA)
(WALK TA_XGCB XCCA XCDA)
(WALK TA_XGCB XCDA XDAA)
(WALK TA_XGCB XDAA XDBA)
(WALK TA_XGCB XDBA XDCA)
(WALK TA_XGCB XDCA XDDA)
(WALK TA_XGCB XDDA XEAA)
(WALK TA_XGCB XEAA XEBA)
(WALK TA_XGCB XEBA XECA)
(WALK TA_XGCB XECA XEDA)
(WALK TA_XGCB XEDA XFAA)
(WALK TA_XGCB XFAA XFBA)
(WALK TA_XGCB XFBA XFCA)
(WALK TA_XGCB XFCA XFDA)
(WALK TA_XGCB XFDA XGAA)
(WALK TA_XGCB XGAA XGAB)
(WALK TA_XGCB XGAB XGAC)
(WALK TA_XGCB XGAC XGAD)
(HOMESAFE TA_XGCB XGAD)
(DROPOFF TA_XHCB XAAA)
(WALK TA_XHCB XAAA XABA)
(WALK TA_XHCB XABA XACA)
(WALK TA_XHCB XACA XADA)
(WALK TA_XHCB XADA XBAA)
(WALK TA_XHCB XBAA XBBA)
(WALK TA_XHCB XBBA XBCA)
(WALK TA_XHCB XBCA XBDA)
(WALK TA_XHCB XBDA XCAA)
(WALK TA_XHCB XCAA XCBA)
(WALK TA_XHCB XCBA XCCA)
(WALK TA_XHCB XCCA XCDA)
(WALK TA_XHCB XCDA XDAA)
(WALK TA_XHCB XDAA XDBA)
(WALK TA_XHCB XDBA XDCA)
(WALK TA_XHCB XDCA XDDA)
(WALK TA_XHCB XDDA XEAA)
(WALK TA_XHCB XEAA XEBA)
(WALK TA_XHCB XEBA XECA)
(WALK TA_XHCB XECA XEDA)
(WALK TA_XHCB XEDA XFAA)
(WALK TA_XHCB XFAA XFBA)
(WALK TA_XHCB XFBA XFCA)
(WALK TA_XHCB XFCA XFDA)
(WALK TA_XHCB XFDA XGAA)
(WALK TA_XHCB XGAA XGBA)
(WALK TA_XHCB XGBA XGBB)
(WALK TA_XHCB XGBB XGBC)
(WALK TA_XHCB XGBC XGCC)
(WALK TA_XHCB XGCC XGCD)
(HOMESAFE TA_XHCB XGCD)
(DROPOFF TA_XEAD XAAA)
(WALK TA_XEAD XAAA XABA)
(WALK TA_XEAD XABA XACA)
(WALK TA_XEAD XACA XADA)
(WALK TA_XEAD XADA XBAA)
(WALK TA_XEAD XBAA XBBA)
(WALK TA_XEAD XBBA XBCA)
(WALK TA_XEAD XBCA XBDA)
(WALK TA_XEAD XBDA XCAA)
(WALK TA_XEAD XCAA XCBA)
(WALK TA_XEAD XCBA XCCA)
(WALK TA_XEAD XCCA XCDA)
(WALK TA_XEAD XCDA XDAA)
(WALK TA_XEAD XDAA XDBA)
(WALK TA_XEAD XDBA XDCA)
(WALK TA_XEAD XDCA XDDA)
(WALK TA_XEAD XDDA XEAA)
(WALK TA_XEAD XEAA XEBA)
(WALK TA_XEAD XEBA XECA)
(WALK TA_XEAD XECA XEDA)
(WALK TA_XEAD XEDA XFAA)
(WALK TA_XEAD XFAA XFBA)
(WALK TA_XEAD XFBA XFCA)
(WALK TA_XEAD XFCA XFDA)
(WALK TA_XEAD XFDA XGAA)
(WALK TA_XEAD XGAA XGBA)
(WALK TA_XEAD XGBA XGCA)
(WALK TA_XEAD XGCA XGDA)
(WALK TA_XEAD XGDA XHAA)
(WALK TA_XEAD XHAA XHBA)
(WALK TA_XEAD XHBA XHBB)
(HOMESAFE TA_XEAD XHBB)
(DROPOFF TA_XBCB XAAA)
(WALK TA_XBCB XAAA XABA)
(WALK TA_XBCB XABA XACA)
(WALK TA_XBCB XACA XADA)
(WALK TA_XBCB XADA XBAA)
(WALK TA_XBCB XBAA XBBA)
(WALK TA_XBCB XBBA XBCA)
(WALK TA_XBCB XBCA XBDA)
(WALK TA_XBCB XBDA XCAA)
(WALK TA_XBCB XCAA XCBA)
(WALK TA_XBCB XCBA XCCA)
(WALK TA_XBCB XCCA XCDA)
(WALK TA_XBCB XCDA XDAA)
(WALK TA_XBCB XDAA XDBA)
(WALK TA_XBCB XDBA XDCA)
(WALK TA_XBCB XDCA XDDA)
(WALK TA_XBCB XDDA XEAA)
(WALK TA_XBCB XEAA XEBA)
(WALK TA_XBCB XEBA XECA)
(WALK TA_XBCB XECA XEDA)
(WALK TA_XBCB XEDA XFAA)
(WALK TA_XBCB XFAA XFBA)
(WALK TA_XBCB XFBA XFCA)
(WALK TA_XBCB XFCA XFDA)
(WALK TA_XBCB XFDA XGAA)
(WALK TA_XBCB XGAA XGBA)
(WALK TA_XBCB XGBA XGCA)
(WALK TA_XBCB XGCA XGCB)
(WALK TA_XBCB XGCB XGCC)
(WALK TA_XBCB XGCC XGCD)
(WALK TA_XBCB XGCD XGDD)
(HOMESAFE TA_XBCB XGDD)
(DROPOFF TA_XKCD XAAA)
(WALK TA_XKCD XAAA XABA)
(WALK TA_XKCD XABA XACA)
(WALK TA_XKCD XACA XADA)
(WALK TA_XKCD XADA XBAA)
(WALK TA_XKCD XBAA XBBA)
(WALK TA_XKCD XBBA XBCA)
(WALK TA_XKCD XBCA XBDA)
(WALK TA_XKCD XBDA XCAA)
(WALK TA_XKCD XCAA XCBA)
(WALK TA_XKCD XCBA XCCA)
(WALK TA_XKCD XCCA XCDA)
(WALK TA_XKCD XCDA XDAA)
(WALK TA_XKCD XDAA XDBA)
(WALK TA_XKCD XDBA XDCA)
(WALK TA_XKCD XDCA XDDA)
(WALK TA_XKCD XDDA XEAA)
(WALK TA_XKCD XEAA XEBA)
(WALK TA_XKCD XEBA XECA)
(WALK TA_XKCD XECA XEDA)
(WALK TA_XKCD XEDA XFAA)
(WALK TA_XKCD XFAA XFBA)
(WALK TA_XKCD XFBA XFCA)
(WALK TA_XKCD XFCA XFDA)
(WALK TA_XKCD XFDA XGAA)
(WALK TA_XKCD XGAA XGBA)
(WALK TA_XKCD XGBA XGCA)
(WALK TA_XKCD XGCA XGDA)
(WALK TA_XKCD XGDA XHAA)
(WALK TA_XKCD XHAA XHAB)
(WALK TA_XKCD XHAB XHBB)
(WALK TA_XKCD XHBB XHBC)
(HOMESAFE TA_XKCD XHBC)
(DROPOFF TA_XFAD XAAA)
(WALK TA_XFAD XAAA XABA)
(WALK TA_XFAD XABA XACA)
(WALK TA_XFAD XACA XADA)
(WALK TA_XFAD XADA XBAA)
(WALK TA_XFAD XBAA XBBA)
(WALK TA_XFAD XBBA XBCA)
(WALK TA_XFAD XBCA XBDA)
(WALK TA_XFAD XBDA XCAA)
(WALK TA_XFAD XCAA XCBA)
(WALK TA_XFAD XCBA XCCA)
(WALK TA_XFAD XCCA XCDA)
(WALK TA_XFAD XCDA XDAA)
(WALK TA_XFAD XDAA XDBA)
(WALK TA_XFAD XDBA XDCA)
(WALK TA_XFAD XDCA XDDA)
(WALK TA_XFAD XDDA XEAA)
(WALK TA_XFAD XEAA XEBA)
(WALK TA_XFAD XEBA XECA)
(WALK TA_XFAD XECA XEDA)
(WALK TA_XFAD XEDA XFAA)
(WALK TA_XFAD XFAA XFBA)
(WALK TA_XFAD XFBA XFCA)
(WALK TA_XFAD XFCA XFDA)
(WALK TA_XFAD XFDA XGAA)
(WALK TA_XFAD XGAA XGBA)
(WALK TA_XFAD XGBA XGCA)
(WALK TA_XFAD XGCA XGDA)
(WALK TA_XFAD XGDA XHAA)
(WALK TA_XFAD XHAA XHBA)
(WALK TA_XFAD XHBA XHCA)
(WALK TA_XFAD XHCA XHCB)
(HOMESAFE TA_XFAD XHCB)
(DROPOFF TA_XCAD XAAA)
(WALK TA_XCAD XAAA XABA)
(WALK TA_XCAD XABA XACA)
(WALK TA_XCAD XACA XADA)
(WALK TA_XCAD XADA XBAA)
(WALK TA_XCAD XBAA XBBA)
(WALK TA_XCAD XBBA XBCA)
(WALK TA_XCAD XBCA XBDA)
(WALK TA_XCAD XBDA XCAA)
(WALK TA_XCAD XCAA XCBA)
(WALK TA_XCAD XCBA XCCA)
(WALK TA_XCAD XCCA XCDA)
(WALK TA_XCAD XCDA XDAA)
(WALK TA_XCAD XDAA XDBA)
(WALK TA_XCAD XDBA XDCA)
(WALK TA_XCAD XDCA XDDA)
(WALK TA_XCAD XDDA XEAA)
(WALK TA_XCAD XEAA XEBA)
(WALK TA_XCAD XEBA XECA)
(WALK TA_XCAD XECA XEDA)
(WALK TA_XCAD XEDA XFAA)
(WALK TA_XCAD XFAA XFBA)
(WALK TA_XCAD XFBA XFCA)
(WALK TA_XCAD XFCA XFDA)
(WALK TA_XCAD XFDA XGAA)
(WALK TA_XCAD XGAA XGBA)
(WALK TA_XCAD XGBA XGCA)
(WALK TA_XCAD XGCA XGDA)
(WALK TA_XCAD XGDA XHAA)
(WALK TA_XCAD XHAA XHAB)
(WALK TA_XCAD XHAB XHAC)
(WALK TA_XCAD XHAC XHAD)
(HOMESAFE TA_XCAD XHAD)
(DROPOFF TA_XGCD XAAA)
(WALK TA_XGCD XAAA XABA)
(WALK TA_XGCD XABA XACA)
(WALK TA_XGCD XACA XADA)
(WALK TA_XGCD XADA XBAA)
(WALK TA_XGCD XBAA XBBA)
(WALK TA_XGCD XBBA XBCA)
(WALK TA_XGCD XBCA XBDA)
(WALK TA_XGCD XBDA XCAA)
(WALK TA_XGCD XCAA XCBA)
(WALK TA_XGCD XCBA XCCA)
(WALK TA_XGCD XCCA XCDA)
(WALK TA_XGCD XCDA XDAA)
(WALK TA_XGCD XDAA XDBA)
(WALK TA_XGCD XDBA XDCA)
(WALK TA_XGCD XDCA XDDA)
(WALK TA_XGCD XDDA XEAA)
(WALK TA_XGCD XEAA XEBA)
(WALK TA_XGCD XEBA XECA)
(WALK TA_XGCD XECA XEDA)
(WALK TA_XGCD XEDA XFAA)
(WALK TA_XGCD XFAA XFBA)
(WALK TA_XGCD XFBA XFCA)
(WALK TA_XGCD XFCA XFDA)
(WALK TA_XGCD XFDA XGAA)
(WALK TA_XGCD XGAA XGBA)
(WALK TA_XGCD XGBA XGCA)
(WALK TA_XGCD XGCA XGDA)
(WALK TA_XGCD XGDA XHAA)
(WALK TA_XGCD XHAA XHAB)
(WALK TA_XGCD XHAB XHAC)
(WALK TA_XGCD XHAC XHAD)
(WALK TA_XGCD XHAD XHBD)
(WALK TA_XGCD XHBD XHCD)
(HOMESAFE TA_XGCD XHCD)
(DROPOFF TA_XGAD XAAA)
(WALK TA_XGAD XAAA XABA)
(WALK TA_XGAD XABA XACA)
(WALK TA_XGAD XACA XADA)
(WALK TA_XGAD XADA XBAA)
(WALK TA_XGAD XBAA XBBA)
(WALK TA_XGAD XBBA XBCA)
(WALK TA_XGAD XBCA XBDA)
(WALK TA_XGAD XBDA XCAA)
(WALK TA_XGAD XCAA XCBA)
(WALK TA_XGAD XCBA XCCA)
(WALK TA_XGAD XCCA XCDA)
(WALK TA_XGAD XCDA XDAA)
(WALK TA_XGAD XDAA XDBA)
(WALK TA_XGAD XDBA XDCA)
(WALK TA_XGAD XDCA XDDA)
(WALK TA_XGAD XDDA XEAA)
(WALK TA_XGAD XEAA XEBA)
(WALK TA_XGAD XEBA XECA)
(WALK TA_XGAD XECA XEDA)
(WALK TA_XGAD XEDA XFAA)
(WALK TA_XGAD XFAA XFBA)
(WALK TA_XGAD XFBA XFCA)
(WALK TA_XGAD XFCA XFDA)
(WALK TA_XGAD XFDA XGAA)
(WALK TA_XGAD XGAA XGBA)
(WALK TA_XGAD XGBA XGCA)
(WALK TA_XGAD XGCA XGDA)
(WALK TA_XGAD XGDA XHAA)
(WALK TA_XGAD XHAA XHBA)
(WALK TA_XGAD XHBA XHCA)
(WALK TA_XGAD XHCA XHDA)
(WALK TA_XGAD XHDA XIAA)
(WALK TA_XGAD XIAA XIBA)
(WALK TA_XGAD XIBA XIBB)
(HOMESAFE TA_XGAD XIBB)
(DROPOFF TA_XFCB XAAA)
(WALK TA_XFCB XAAA XABA)
(WALK TA_XFCB XABA XACA)
(WALK TA_XFCB XACA XADA)
(WALK TA_XFCB XADA XBAA)
(WALK TA_XFCB XBAA XBBA)
(WALK TA_XFCB XBBA XBCA)
(WALK TA_XFCB XBCA XBDA)
(WALK TA_XFCB XBDA XCAA)
(WALK TA_XFCB XCAA XCBA)
(WALK TA_XFCB XCBA XCCA)
(WALK TA_XFCB XCCA XCDA)
(WALK TA_XFCB XCDA XDAA)
(WALK TA_XFCB XDAA XDBA)
(WALK TA_XFCB XDBA XDCA)
(WALK TA_XFCB XDCA XDDA)
(WALK TA_XFCB XDDA XEAA)
(WALK TA_XFCB XEAA XEBA)
(WALK TA_XFCB XEBA XECA)
(WALK TA_XFCB XECA XEDA)
(WALK TA_XFCB XEDA XFAA)
(WALK TA_XFCB XFAA XFBA)
(WALK TA_XFCB XFBA XFCA)
(WALK TA_XFCB XFCA XFDA)
(WALK TA_XFCB XFDA XGAA)
(WALK TA_XFCB XGAA XGBA)
(WALK TA_XFCB XGBA XGCA)
(WALK TA_XFCB XGCA XGDA)
(WALK TA_XFCB XGDA XHAA)
(WALK TA_XFCB XHAA XHBA)
(WALK TA_XFCB XHBA XHCA)
(WALK TA_XFCB XHCA XHDA)
(WALK TA_XFCB XHDA XHDB)
(WALK TA_XFCB XHDB XHDC)
(WALK TA_XFCB XHDC XHDD)
(HOMESAFE TA_XFCB XHDD)
(DROPOFF TA_XLCB XAAA)
(WALK TA_XLCB XAAA XABA)
(WALK TA_XLCB XABA XACA)
(WALK TA_XLCB XACA XADA)
(WALK TA_XLCB XADA XBAA)
(WALK TA_XLCB XBAA XBBA)
(WALK TA_XLCB XBBA XBCA)
(WALK TA_XLCB XBCA XBDA)
(WALK TA_XLCB XBDA XCAA)
(WALK TA_XLCB XCAA XCBA)
(WALK TA_XLCB XCBA XCCA)
(WALK TA_XLCB XCCA XCDA)
(WALK TA_XLCB XCDA XDAA)
(WALK TA_XLCB XDAA XDBA)
(WALK TA_XLCB XDBA XDCA)
(WALK TA_XLCB XDCA XDDA)
(WALK TA_XLCB XDDA XEAA)
(WALK TA_XLCB XEAA XEBA)
(WALK TA_XLCB XEBA XECA)
(WALK TA_XLCB XECA XEDA)
(WALK TA_XLCB XEDA XFAA)
(WALK TA_XLCB XFAA XFBA)
(WALK TA_XLCB XFBA XFCA)
(WALK TA_XLCB XFCA XFDA)
(WALK TA_XLCB XFDA XGAA)
(WALK TA_XLCB XGAA XGBA)
(WALK TA_XLCB XGBA XGCA)
(WALK TA_XLCB XGCA XGDA)
(WALK TA_XLCB XGDA XHAA)
(WALK TA_XLCB XHAA XHBA)
(WALK TA_XLCB XHBA XHCA)
(WALK TA_XLCB XHCA XHDA)
(WALK TA_XLCB XHDA XIAA)
(WALK TA_XLCB XIAA XIBA)
(WALK TA_XLCB XIBA XICA)
(WALK TA_XLCB XICA XICB)
(HOMESAFE TA_XLCB XICB)
(DROPOFF TA_XKAD XAAA)
(WALK TA_XKAD XAAA XABA)
(WALK TA_XKAD XABA XACA)
(WALK TA_XKAD XACA XADA)
(WALK TA_XKAD XADA XBAA)
(WALK TA_XKAD XBAA XBBA)
(WALK TA_XKAD XBBA XBCA)
(WALK TA_XKAD XBCA XBDA)
(WALK TA_XKAD XBDA XCAA)
(WALK TA_XKAD XCAA XCBA)
(WALK TA_XKAD XCBA XCCA)
(WALK TA_XKAD XCCA XCDA)
(WALK TA_XKAD XCDA XDAA)
(WALK TA_XKAD XDAA XDBA)
(WALK TA_XKAD XDBA XDCA)
(WALK TA_XKAD XDCA XDDA)
(WALK TA_XKAD XDDA XEAA)
(WALK TA_XKAD XEAA XEBA)
(WALK TA_XKAD XEBA XECA)
(WALK TA_XKAD XECA XEDA)
(WALK TA_XKAD XEDA XFAA)
(WALK TA_XKAD XFAA XFBA)
(WALK TA_XKAD XFBA XFCA)
(WALK TA_XKAD XFCA XFDA)
(WALK TA_XKAD XFDA XGAA)
(WALK TA_XKAD XGAA XGBA)
(WALK TA_XKAD XGBA XGCA)
(WALK TA_XKAD XGCA XGDA)
(WALK TA_XKAD XGDA XHAA)
(WALK TA_XKAD XHAA XHBA)
(WALK TA_XKAD XHBA XHCA)
(WALK TA_XKAD XHCA XHDA)
(WALK TA_XKAD XHDA XIAA)
(WALK TA_XKAD XIAA XIAB)
(WALK TA_XKAD XIAB XIAC)
(WALK TA_XKAD XIAC XIBC)
(HOMESAFE TA_XKAD XIBC)
(DROPOFF TA_XCCB XAAA)
(WALK TA_XCCB XAAA XABA)
(WALK TA_XCCB XABA XACA)
(WALK TA_XCCB XACA XADA)
(WALK TA_XCCB XADA XBAA)
(WALK TA_XCCB XBAA XBBA)
(WALK TA_XCCB XBBA XBCA)
(WALK TA_XCCB XBCA XBDA)
(WALK TA_XCCB XBDA XCAA)
(WALK TA_XCCB XCAA XCBA)
(WALK TA_XCCB XCBA XCCA)
(WALK TA_XCCB XCCA XCDA)
(WALK TA_XCCB XCDA XDAA)
(WALK TA_XCCB XDAA XDBA)
(WALK TA_XCCB XDBA XDCA)
(WALK TA_XCCB XDCA XDDA)
(WALK TA_XCCB XDDA XEAA)
(WALK TA_XCCB XEAA XEBA)
(WALK TA_XCCB XEBA XECA)
(WALK TA_XCCB XECA XEDA)
(WALK TA_XCCB XEDA XFAA)
(WALK TA_XCCB XFAA XFBA)
(WALK TA_XCCB XFBA XFCA)
(WALK TA_XCCB XFCA XFDA)
(WALK TA_XCCB XFDA XGAA)
(WALK TA_XCCB XGAA XGBA)
(WALK TA_XCCB XGBA XGCA)
(WALK TA_XCCB XGCA XGDA)
(WALK TA_XCCB XGDA XHAA)
(WALK TA_XCCB XHAA XHBA)
(WALK TA_XCCB XHBA XHCA)
(WALK TA_XCCB XHCA XHDA)
(WALK TA_XCCB XHDA XIAA)
(WALK TA_XCCB XIAA XIAB)
(WALK TA_XCCB XIAB XIAC)
(WALK TA_XCCB XIAC XIAD)
(HOMESAFE TA_XCCB XIAD)
(DROPOFF TA_XJBB XAAA)
(WALK TA_XJBB XAAA XABA)
(WALK TA_XJBB XABA XACA)
(WALK TA_XJBB XACA XADA)
(WALK TA_XJBB XADA XBAA)
(WALK TA_XJBB XBAA XBBA)
(WALK TA_XJBB XBBA XBCA)
(WALK TA_XJBB XBCA XBDA)
(WALK TA_XJBB XBDA XCAA)
(WALK TA_XJBB XCAA XCBA)
(WALK TA_XJBB XCBA XCCA)
(WALK TA_XJBB XCCA XCDA)
(WALK TA_XJBB XCDA XDAA)
(WALK TA_XJBB XDAA XDBA)
(WALK TA_XJBB XDBA XDCA)
(WALK TA_XJBB XDCA XDDA)
(WALK TA_XJBB XDDA XEAA)
(WALK TA_XJBB XEAA XEBA)
(WALK TA_XJBB XEBA XECA)
(WALK TA_XJBB XECA XEDA)
(WALK TA_XJBB XEDA XFAA)
(WALK TA_XJBB XFAA XFBA)
(WALK TA_XJBB XFBA XFCA)
(WALK TA_XJBB XFCA XFDA)
(WALK TA_XJBB XFDA XGAA)
(WALK TA_XJBB XGAA XGBA)
(WALK TA_XJBB XGBA XGCA)
(WALK TA_XJBB XGCA XGDA)
(WALK TA_XJBB XGDA XHAA)
(WALK TA_XJBB XHAA XHBA)
(WALK TA_XJBB XHBA XHCA)
(WALK TA_XJBB XHCA XHDA)
(WALK TA_XJBB XHDA XIAA)
(WALK TA_XJBB XIAA XIAB)
(WALK TA_XJBB XIAB XIAC)
(WALK TA_XJBB XIAC XIBC)
(WALK TA_XJBB XIBC XICC)
(WALK TA_XJBB XICC XICD)
(HOMESAFE TA_XJBB XICD)
(DROPOFF TA_XBCD XAAA)
(WALK TA_XBCD XAAA XABA)
(WALK TA_XBCD XABA XACA)
(WALK TA_XBCD XACA XADA)
(WALK TA_XBCD XADA XBAA)
(WALK TA_XBCD XBAA XBBA)
(WALK TA_XBCD XBBA XBCA)
(WALK TA_XBCD XBCA XBDA)
(WALK TA_XBCD XBDA XCAA)
(WALK TA_XBCD XCAA XCBA)
(WALK TA_XBCD XCBA XCCA)
(WALK TA_XBCD XCCA XCDA)
(WALK TA_XBCD XCDA XDAA)
(WALK TA_XBCD XDAA XDBA)
(WALK TA_XBCD XDBA XDCA)
(WALK TA_XBCD XDCA XDDA)
(WALK TA_XBCD XDDA XEAA)
(WALK TA_XBCD XEAA XEBA)
(WALK TA_XBCD XEBA XECA)
(WALK TA_XBCD XECA XEDA)
(WALK TA_XBCD XEDA XFAA)
(WALK TA_XBCD XFAA XFBA)
(WALK TA_XBCD XFBA XFCA)
(WALK TA_XBCD XFCA XFDA)
(WALK TA_XBCD XFDA XGAA)
(WALK TA_XBCD XGAA XGBA)
(WALK TA_XBCD XGBA XGCA)
(WALK TA_XBCD XGCA XGDA)
(WALK TA_XBCD XGDA XHAA)
(WALK TA_XBCD XHAA XHBA)
(WALK TA_XBCD XHBA XHCA)
(WALK TA_XBCD XHCA XHDA)
(WALK TA_XBCD XHDA XIAA)
(WALK TA_XBCD XIAA XIBA)
(WALK TA_XBCD XIBA XICA)
(WALK TA_XBCD XICA XIDA)
(WALK TA_XBCD XIDA XJAA)
(WALK TA_XBCD XJAA XJAB)
(WALK TA_XBCD XJAB XJBB)
(HOMESAFE TA_XBCD XJBB)
(DROPOFF TA_XADD XAAA)
(WALK TA_XADD XAAA XABA)
(WALK TA_XADD XABA XACA)
(WALK TA_XADD XACA XADA)
(WALK TA_XADD XADA XBAA)
(WALK TA_XADD XBAA XBBA)
(WALK TA_XADD XBBA XBCA)
(WALK TA_XADD XBCA XBDA)
(WALK TA_XADD XBDA XCAA)
(WALK TA_XADD XCAA XCBA)
(WALK TA_XADD XCBA XCCA)
(WALK TA_XADD XCCA XCDA)
(WALK TA_XADD XCDA XDAA)
(WALK TA_XADD XDAA XDBA)
(WALK TA_XADD XDBA XDCA)
(WALK TA_XADD XDCA XDDA)
(WALK TA_XADD XDDA XEAA)
(WALK TA_XADD XEAA XEBA)
(WALK TA_XADD XEBA XECA)
(WALK TA_XADD XECA XEDA)
(WALK TA_XADD XEDA XFAA)
(WALK TA_XADD XFAA XFBA)
(WALK TA_XADD XFBA XFCA)
(WALK TA_XADD XFCA XFDA)
(WALK TA_XADD XFDA XGAA)
(WALK TA_XADD XGAA XGBA)
(WALK TA_XADD XGBA XGCA)
(WALK TA_XADD XGCA XGDA)
(WALK TA_XADD XGDA XHAA)
(WALK TA_XADD XHAA XHBA)
(WALK TA_XADD XHBA XHCA)
(WALK TA_XADD XHCA XHDA)
(WALK TA_XADD XHDA XIAA)
(WALK TA_XADD XIAA XIBA)
(WALK TA_XADD XIBA XICA)
(WALK TA_XADD XICA XICB)
(WALK TA_XADD XICB XICC)
(WALK TA_XADD XICC XICD)
(WALK TA_XADD XICD XIDD)
(HOMESAFE TA_XADD XIDD)
(DROPOFF TA_XLDD XAAA)
(WALK TA_XLDD XAAA XABA)
(WALK TA_XLDD XABA XACA)
(WALK TA_XLDD XACA XADA)
(WALK TA_XLDD XADA XBAA)
(WALK TA_XLDD XBAA XBBA)
(WALK TA_XLDD XBBA XBCA)
(WALK TA_XLDD XBCA XBDA)
(WALK TA_XLDD XBDA XCAA)
(WALK TA_XLDD XCAA XCBA)
(WALK TA_XLDD XCBA XCCA)
(WALK TA_XLDD XCCA XCDA)
(WALK TA_XLDD XCDA XDAA)
(WALK TA_XLDD XDAA XDBA)
(WALK TA_XLDD XDBA XDCA)
(WALK TA_XLDD XDCA XDDA)
(WALK TA_XLDD XDDA XEAA)
(WALK TA_XLDD XEAA XEBA)
(WALK TA_XLDD XEBA XECA)
(WALK TA_XLDD XECA XEDA)
(WALK TA_XLDD XEDA XFAA)
(WALK TA_XLDD XFAA XFBA)
(WALK TA_XLDD XFBA XFCA)
(WALK TA_XLDD XFCA XFDA)
(WALK TA_XLDD XFDA XGAA)
(WALK TA_XLDD XGAA XGBA)
(WALK TA_XLDD XGBA XGCA)
(WALK TA_XLDD XGCA XGDA)
(WALK TA_XLDD XGDA XHAA)
(WALK TA_XLDD XHAA XHBA)
(WALK TA_XLDD XHBA XHCA)
(WALK TA_XLDD XHCA XHDA)
(WALK TA_XLDD XHDA XIAA)
(WALK TA_XLDD XIAA XIBA)
(WALK TA_XLDD XIBA XICA)
(WALK TA_XLDD XICA XIDA)
(WALK TA_XLDD XIDA XJAA)
(WALK TA_XLDD XJAA XJAB)
(WALK TA_XLDD XJAB XJBB)
(WALK TA_XLDD XJBB XJCB)
(HOMESAFE TA_XLDD XJCB)
(DROPOFF TA_XLAD XAAA)
(WALK TA_XLAD XAAA XABA)
(WALK TA_XLAD XABA XACA)
(WALK TA_XLAD XACA XADA)
(WALK TA_XLAD XADA XBAA)
(WALK TA_XLAD XBAA XBBA)
(WALK TA_XLAD XBBA XBCA)
(WALK TA_XLAD XBCA XBDA)
(WALK TA_XLAD XBDA XCAA)
(WALK TA_XLAD XCAA XCBA)
(WALK TA_XLAD XCBA XCCA)
(WALK TA_XLAD XCCA XCDA)
(WALK TA_XLAD XCDA XDAA)
(WALK TA_XLAD XDAA XDBA)
(WALK TA_XLAD XDBA XDCA)
(WALK TA_XLAD XDCA XDDA)
(WALK TA_XLAD XDDA XEAA)
(WALK TA_XLAD XEAA XEBA)
(WALK TA_XLAD XEBA XECA)
(WALK TA_XLAD XECA XEDA)
(WALK TA_XLAD XEDA XFAA)
(WALK TA_XLAD XFAA XFBA)
(WALK TA_XLAD XFBA XFCA)
(WALK TA_XLAD XFCA XFDA)
(WALK TA_XLAD XFDA XGAA)
(WALK TA_XLAD XGAA XGBA)
(WALK TA_XLAD XGBA XGCA)
(WALK TA_XLAD XGCA XGDA)
(WALK TA_XLAD XGDA XHAA)
(WALK TA_XLAD XHAA XHBA)
(WALK TA_XLAD XHBA XHCA)
(WALK TA_XLAD XHCA XHDA)
(WALK TA_XLAD XHDA XIAA)
(WALK TA_XLAD XIAA XIBA)
(WALK TA_XLAD XIBA XICA)
(WALK TA_XLAD XICA XIDA)
(WALK TA_XLAD XIDA XJAA)
(WALK TA_XLAD XJAA XJAB)
(WALK TA_XLAD XJAB XJAC)
(WALK TA_XLAD XJAC XJBC)
(HOMESAFE TA_XLAD XJBC)
(DROPOFF TA_XCBB XAAA)
(WALK TA_XCBB XAAA XABA)
(WALK TA_XCBB XABA XACA)
(WALK TA_XCBB XACA XADA)
(WALK TA_XCBB XADA XBAA)
(WALK TA_XCBB XBAA XBBA)
(WALK TA_XCBB XBBA XBCA)
(WALK TA_XCBB XBCA XBDA)
(WALK TA_XCBB XBDA XCAA)
(WALK TA_XCBB XCAA XCBA)
(WALK TA_XCBB XCBA XCCA)
(WALK TA_XCBB XCCA XCDA)
(WALK TA_XCBB XCDA XDAA)
(WALK TA_XCBB XDAA XDBA)
(WALK TA_XCBB XDBA XDCA)
(WALK TA_XCBB XDCA XDDA)
(WALK TA_XCBB XDDA XEAA)
(WALK TA_XCBB XEAA XEBA)
(WALK TA_XCBB XEBA XECA)
(WALK TA_XCBB XECA XEDA)
(WALK TA_XCBB XEDA XFAA)
(WALK TA_XCBB XFAA XFBA)
(WALK TA_XCBB XFBA XFCA)
(WALK TA_XCBB XFCA XFDA)
(WALK TA_XCBB XFDA XGAA)
(WALK TA_XCBB XGAA XGBA)
(WALK TA_XCBB XGBA XGCA)
(WALK TA_XCBB XGCA XGDA)
(WALK TA_XCBB XGDA XHAA)
(WALK TA_XCBB XHAA XHBA)
(WALK TA_XCBB XHBA XHCA)
(WALK TA_XCBB XHCA XHDA)
(WALK TA_XCBB XHDA XIAA)
(WALK TA_XCBB XIAA XIBA)
(WALK TA_XCBB XIBA XICA)
(WALK TA_XCBB XICA XIDA)
(WALK TA_XCBB XIDA XJAA)
(WALK TA_XCBB XJAA XJAB)
(WALK TA_XCBB XJAB XJAC)
(WALK TA_XCBB XJAC XJAD)
(HOMESAFE TA_XCBB XJAD)
(DROPOFF TA_XIBC XAAA)
(WALK TA_XIBC XAAA XABA)
(WALK TA_XIBC XABA XACA)
(WALK TA_XIBC XACA XADA)
(WALK TA_XIBC XADA XBAA)
(WALK TA_XIBC XBAA XBBA)
(WALK TA_XIBC XBBA XBCA)
(WALK TA_XIBC XBCA XBDA)
(WALK TA_XIBC XBDA XCAA)
(WALK TA_XIBC XCAA XCBA)
(WALK TA_XIBC XCBA XCCA)
(WALK TA_XIBC XCCA XCDA)
(WALK TA_XIBC XCDA XDAA)
(WALK TA_XIBC XDAA XDBA)
(WALK TA_XIBC XDBA XDCA)
(WALK TA_XIBC XDCA XDDA)
(WALK TA_XIBC XDDA XEAA)
(WALK TA_XIBC XEAA XEBA)
(WALK TA_XIBC XEBA XECA)
(WALK TA_XIBC XECA XEDA)
(WALK TA_XIBC XEDA XFAA)
(WALK TA_XIBC XFAA XFBA)
(WALK TA_XIBC XFBA XFCA)
(WALK TA_XIBC XFCA XFDA)
(WALK TA_XIBC XFDA XGAA)
(WALK TA_XIBC XGAA XGBA)
(WALK TA_XIBC XGBA XGCA)
(WALK TA_XIBC XGCA XGDA)
(WALK TA_XIBC XGDA XHAA)
(WALK TA_XIBC XHAA XHBA)
(WALK TA_XIBC XHBA XHCA)
(WALK TA_XIBC XHCA XHDA)
(WALK TA_XIBC XHDA XIAA)
(WALK TA_XIBC XIAA XIBA)
(WALK TA_XIBC XIBA XICA)
(WALK TA_XIBC XICA XIDA)
(WALK TA_XIBC XIDA XJAA)
(WALK TA_XIBC XJAA XJBA)
(WALK TA_XIBC XJBA XJBB)
(WALK TA_XIBC XJBB XJCB)
(WALK TA_XIBC XJCB XJCC)
(WALK TA_XIBC XJCC XJCD)
(HOMESAFE TA_XIBC XJCD)
(DROPOFF TA_XCCD XAAA)
(WALK TA_XCCD XAAA XABA)
(WALK TA_XCCD XABA XACA)
(WALK TA_XCCD XACA XADA)
(WALK TA_XCCD XADA XBAA)
(WALK TA_XCCD XBAA XBBA)
(WALK TA_XCCD XBBA XBCA)
(WALK TA_XCCD XBCA XBDA)
(WALK TA_XCCD XBDA XCAA)
(WALK TA_XCCD XCAA XCBA)
(WALK TA_XCCD XCBA XCCA)
(WALK TA_XCCD XCCA XCDA)
(WALK TA_XCCD XCDA XDAA)
(WALK TA_XCCD XDAA XDBA)
(WALK TA_XCCD XDBA XDCA)
(WALK TA_XCCD XDCA XDDA)
(WALK TA_XCCD XDDA XEAA)
(WALK TA_XCCD XEAA XEBA)
(WALK TA_XCCD XEBA XECA)
(WALK TA_XCCD XECA XEDA)
(WALK TA_XCCD XEDA XFAA)
(WALK TA_XCCD XFAA XFBA)
(WALK TA_XCCD XFBA XFCA)
(WALK TA_XCCD XFCA XFDA)
(WALK TA_XCCD XFDA XGAA)
(WALK TA_XCCD XGAA XGBA)
(WALK TA_XCCD XGBA XGCA)
(WALK TA_XCCD XGCA XGDA)
(WALK TA_XCCD XGDA XHAA)
(WALK TA_XCCD XHAA XHBA)
(WALK TA_XCCD XHBA XHCA)
(WALK TA_XCCD XHCA XHDA)
(WALK TA_XCCD XHDA XIAA)
(WALK TA_XCCD XIAA XIBA)
(WALK TA_XCCD XIBA XICA)
(WALK TA_XCCD XICA XIDA)
(WALK TA_XCCD XIDA XJAA)
(WALK TA_XCCD XJAA XJBA)
(WALK TA_XCCD XJBA XJCA)
(WALK TA_XCCD XJCA XJDA)
(WALK TA_XCCD XJDA XKAA)
(WALK TA_XCCD XKAA XKAB)
(WALK TA_XCCD XKAB XKBB)
(HOMESAFE TA_XCCD XKBB)
(DROPOFF TA_XBBB XAAA)
(WALK TA_XBBB XAAA XABA)
(WALK TA_XBBB XABA XACA)
(WALK TA_XBBB XACA XADA)
(WALK TA_XBBB XADA XBAA)
(WALK TA_XBBB XBAA XBBA)
(WALK TA_XBBB XBBA XBCA)
(WALK TA_XBBB XBCA XBDA)
(WALK TA_XBBB XBDA XCAA)
(WALK TA_XBBB XCAA XCBA)
(WALK TA_XBBB XCBA XCCA)
(WALK TA_XBBB XCCA XCDA)
(WALK TA_XBBB XCDA XDAA)
(WALK TA_XBBB XDAA XDBA)
(WALK TA_XBBB XDBA XDCA)
(WALK TA_XBBB XDCA XDDA)
(WALK TA_XBBB XDDA XEAA)
(WALK TA_XBBB XEAA XEBA)
(WALK TA_XBBB XEBA XECA)
(WALK TA_XBBB XECA XEDA)
(WALK TA_XBBB XEDA XFAA)
(WALK TA_XBBB XFAA XFBA)
(WALK TA_XBBB XFBA XFCA)
(WALK TA_XBBB XFCA XFDA)
(WALK TA_XBBB XFDA XGAA)
(WALK TA_XBBB XGAA XGBA)
(WALK TA_XBBB XGBA XGCA)
(WALK TA_XBBB XGCA XGDA)
(WALK TA_XBBB XGDA XHAA)
(WALK TA_XBBB XHAA XHBA)
(WALK TA_XBBB XHBA XHCA)
(WALK TA_XBBB XHCA XHDA)
(WALK TA_XBBB XHDA XIAA)
(WALK TA_XBBB XIAA XIBA)
(WALK TA_XBBB XIBA XICA)
(WALK TA_XBBB XICA XIDA)
(WALK TA_XBBB XIDA XJAA)
(WALK TA_XBBB XJAA XJBA)
(WALK TA_XBBB XJBA XJBB)
(WALK TA_XBBB XJBB XJBC)
(WALK TA_XBBB XJBC XJBD)
(WALK TA_XBBB XJBD XJCD)
(WALK TA_XBBB XJCD XJDD)
(HOMESAFE TA_XBBB XJDD)
(DROPOFF TA_XIBB XAAA)
(WALK TA_XIBB XAAA XABA)
(WALK TA_XIBB XABA XACA)
(WALK TA_XIBB XACA XADA)
(WALK TA_XIBB XADA XBAA)
(WALK TA_XIBB XBAA XBBA)
(WALK TA_XIBB XBBA XBCA)
(WALK TA_XIBB XBCA XBDA)
(WALK TA_XIBB XBDA XCAA)
(WALK TA_XIBB XCAA XCBA)
(WALK TA_XIBB XCBA XCCA)
(WALK TA_XIBB XCCA XCDA)
(WALK TA_XIBB XCDA XDAA)
(WALK TA_XIBB XDAA XDBA)
(WALK TA_XIBB XDBA XDCA)
(WALK TA_XIBB XDCA XDDA)
(WALK TA_XIBB XDDA XEAA)
(WALK TA_XIBB XEAA XEBA)
(WALK TA_XIBB XEBA XECA)
(WALK TA_XIBB XECA XEDA)
(WALK TA_XIBB XEDA XFAA)
(WALK TA_XIBB XFAA XFBA)
(WALK TA_XIBB XFBA XFCA)
(WALK TA_XIBB XFCA XFDA)
(WALK TA_XIBB XFDA XGAA)
(WALK TA_XIBB XGAA XGBA)
(WALK TA_XIBB XGBA XGCA)
(WALK TA_XIBB XGCA XGDA)
(WALK TA_XIBB XGDA XHAA)
(WALK TA_XIBB XHAA XHBA)
(WALK TA_XIBB XHBA XHCA)
(WALK TA_XIBB XHCA XHDA)
(WALK TA_XIBB XHDA XIAA)
(WALK TA_XIBB XIAA XIBA)
(WALK TA_XIBB XIBA XICA)
(WALK TA_XIBB XICA XIDA)
(WALK TA_XIBB XIDA XJAA)
(WALK TA_XIBB XJAA XJBA)
(WALK TA_XIBB XJBA XJCA)
(WALK TA_XIBB XJCA XJDA)
(WALK TA_XIBB XJDA XKAA)
(WALK TA_XIBB XKAA XKBA)
(WALK TA_XIBB XKBA XKCA)
(WALK TA_XIBB XKCA XKCB)
(HOMESAFE TA_XIBB XKCB)
(DROPOFF TA_XGBB XAAA)
(WALK TA_XGBB XAAA XABA)
(WALK TA_XGBB XABA XACA)
(WALK TA_XGBB XACA XADA)
(WALK TA_XGBB XADA XBAA)
(WALK TA_XGBB XBAA XBBA)
(WALK TA_XGBB XBBA XBCA)
(WALK TA_XGBB XBCA XBDA)
(WALK TA_XGBB XBDA XCAA)
(WALK TA_XGBB XCAA XCBA)
(WALK TA_XGBB XCBA XCCA)
(WALK TA_XGBB XCCA XCDA)
(WALK TA_XGBB XCDA XDAA)
(WALK TA_XGBB XDAA XDBA)
(WALK TA_XGBB XDBA XDCA)
(WALK TA_XGBB XDCA XDDA)
(WALK TA_XGBB XDDA XEAA)
(WALK TA_XGBB XEAA XEBA)
(WALK TA_XGBB XEBA XECA)
(WALK TA_XGBB XECA XEDA)
(WALK TA_XGBB XEDA XFAA)
(WALK TA_XGBB XFAA XFBA)
(WALK TA_XGBB XFBA XFCA)
(WALK TA_XGBB XFCA XFDA)
(WALK TA_XGBB XFDA XGAA)
(WALK TA_XGBB XGAA XGBA)
(WALK TA_XGBB XGBA XGCA)
(WALK TA_XGBB XGCA XGDA)
(WALK TA_XGBB XGDA XHAA)
(WALK TA_XGBB XHAA XHBA)
(WALK TA_XGBB XHBA XHCA)
(WALK TA_XGBB XHCA XHDA)
(WALK TA_XGBB XHDA XIAA)
(WALK TA_XGBB XIAA XIBA)
(WALK TA_XGBB XIBA XICA)
(WALK TA_XGBB XICA XIDA)
(WALK TA_XGBB XIDA XJAA)
(WALK TA_XGBB XJAA XJBA)
(WALK TA_XGBB XJBA XJCA)
(WALK TA_XGBB XJCA XJDA)
(WALK TA_XGBB XJDA XKAA)
(WALK TA_XGBB XKAA XKAB)
(WALK TA_XGBB XKAB XKAC)
(WALK TA_XGBB XKAC XKAD)
(HOMESAFE TA_XGBB XKAD)
(DROPOFF TA_XBAD XAAA)
(WALK TA_XBAD XAAA XABA)
(WALK TA_XBAD XABA XACA)
(WALK TA_XBAD XACA XADA)
(WALK TA_XBAD XADA XBAA)
(WALK TA_XBAD XBAA XBBA)
(WALK TA_XBAD XBBA XBCA)
(WALK TA_XBAD XBCA XBDA)
(WALK TA_XBAD XBDA XCAA)
(WALK TA_XBAD XCAA XCBA)
(WALK TA_XBAD XCBA XCCA)
(WALK TA_XBAD XCCA XCDA)
(WALK TA_XBAD XCDA XDAA)
(WALK TA_XBAD XDAA XDBA)
(WALK TA_XBAD XDBA XDCA)
(WALK TA_XBAD XDCA XDDA)
(WALK TA_XBAD XDDA XEAA)
(WALK TA_XBAD XEAA XEBA)
(WALK TA_XBAD XEBA XECA)
(WALK TA_XBAD XECA XEDA)
(WALK TA_XBAD XEDA XFAA)
(WALK TA_XBAD XFAA XFBA)
(WALK TA_XBAD XFBA XFCA)
(WALK TA_XBAD XFCA XFDA)
(WALK TA_XBAD XFDA XGAA)
(WALK TA_XBAD XGAA XGBA)
(WALK TA_XBAD XGBA XGCA)
(WALK TA_XBAD XGCA XGDA)
(WALK TA_XBAD XGDA XHAA)
(WALK TA_XBAD XHAA XHBA)
(WALK TA_XBAD XHBA XHCA)
(WALK TA_XBAD XHCA XHDA)
(WALK TA_XBAD XHDA XIAA)
(WALK TA_XBAD XIAA XIBA)
(WALK TA_XBAD XIBA XICA)
(WALK TA_XBAD XICA XIDA)
(WALK TA_XBAD XIDA XJAA)
(WALK TA_XBAD XJAA XJBA)
(WALK TA_XBAD XJBA XJCA)
(WALK TA_XBAD XJCA XJDA)
(WALK TA_XBAD XJDA XKAA)
(WALK TA_XBAD XKAA XKBA)
(WALK TA_XBAD XKBA XKBB)
(WALK TA_XBAD XKBB XKBC)
(HOMESAFE TA_XBAD XKBC)
(DROPOFF TA_XCDD XAAA)
(WALK TA_XCDD XAAA XABA)
(WALK TA_XCDD XABA XACA)
(WALK TA_XCDD XACA XADA)
(WALK TA_XCDD XADA XBAA)
(WALK TA_XCDD XBAA XBBA)
(WALK TA_XCDD XBBA XBCA)
(WALK TA_XCDD XBCA XBDA)
(WALK TA_XCDD XBDA XCAA)
(WALK TA_XCDD XCAA XCBA)
(WALK TA_XCDD XCBA XCCA)
(WALK TA_XCDD XCCA XCDA)
(WALK TA_XCDD XCDA XDAA)
(WALK TA_XCDD XDAA XDBA)
(WALK TA_XCDD XDBA XDCA)
(WALK TA_XCDD XDCA XDDA)
(WALK TA_XCDD XDDA XEAA)
(WALK TA_XCDD XEAA XEBA)
(WALK TA_XCDD XEBA XECA)
(WALK TA_XCDD XECA XEDA)
(WALK TA_XCDD XEDA XFAA)
(WALK TA_XCDD XFAA XFBA)
(WALK TA_XCDD XFBA XFCA)
(WALK TA_XCDD XFCA XFDA)
(WALK TA_XCDD XFDA XGAA)
(WALK TA_XCDD XGAA XGBA)
(WALK TA_XCDD XGBA XGCA)
(WALK TA_XCDD XGCA XGDA)
(WALK TA_XCDD XGDA XHAA)
(WALK TA_XCDD XHAA XHBA)
(WALK TA_XCDD XHBA XHCA)
(WALK TA_XCDD XHCA XHDA)
(WALK TA_XCDD XHDA XIAA)
(WALK TA_XCDD XIAA XIBA)
(WALK TA_XCDD XIBA XICA)
(WALK TA_XCDD XICA XIDA)
(WALK TA_XCDD XIDA XJAA)
(WALK TA_XCDD XJAA XJBA)
(WALK TA_XCDD XJBA XJCA)
(WALK TA_XCDD XJCA XJDA)
(WALK TA_XCDD XJDA XKAA)
(WALK TA_XCDD XKAA XKBA)
(WALK TA_XCDD XKBA XKBB)
(WALK TA_XCDD XKBB XKBC)
(WALK TA_XCDD XKBC XKBD)
(WALK TA_XCDD XKBD XKCD)
(HOMESAFE TA_XCDD XKCD)
(DROPOFF TA_XECD XAAA)
(WALK TA_XECD XAAA XABA)
(WALK TA_XECD XABA XACA)
(WALK TA_XECD XACA XADA)
(WALK TA_XECD XADA XBAA)
(WALK TA_XECD XBAA XBBA)
(WALK TA_XECD XBBA XBCA)
(WALK TA_XECD XBCA XBDA)
(WALK TA_XECD XBDA XCAA)
(WALK TA_XECD XCAA XCBA)
(WALK TA_XECD XCBA XCCA)
(WALK TA_XECD XCCA XCDA)
(WALK TA_XECD XCDA XDAA)
(WALK TA_XECD XDAA XDBA)
(WALK TA_XECD XDBA XDCA)
(WALK TA_XECD XDCA XDDA)
(WALK TA_XECD XDDA XEAA)
(WALK TA_XECD XEAA XEBA)
(WALK TA_XECD XEBA XECA)
(WALK TA_XECD XECA XEDA)
(WALK TA_XECD XEDA XFAA)
(WALK TA_XECD XFAA XFBA)
(WALK TA_XECD XFBA XFCA)
(WALK TA_XECD XFCA XFDA)
(WALK TA_XECD XFDA XGAA)
(WALK TA_XECD XGAA XGBA)
(WALK TA_XECD XGBA XGCA)
(WALK TA_XECD XGCA XGDA)
(WALK TA_XECD XGDA XHAA)
(WALK TA_XECD XHAA XHBA)
(WALK TA_XECD XHBA XHCA)
(WALK TA_XECD XHCA XHDA)
(WALK TA_XECD XHDA XIAA)
(WALK TA_XECD XIAA XIBA)
(WALK TA_XECD XIBA XICA)
(WALK TA_XECD XICA XIDA)
(WALK TA_XECD XIDA XJAA)
(WALK TA_XECD XJAA XJBA)
(WALK TA_XECD XJBA XJCA)
(WALK TA_XECD XJCA XJDA)
(WALK TA_XECD XJDA XKAA)
(WALK TA_XECD XKAA XKBA)
(WALK TA_XECD XKBA XKCA)
(WALK TA_XECD XKCA XKDA)
(WALK TA_XECD XKDA XLAA)
(WALK TA_XECD XLAA XLBA)
(WALK TA_XECD XLBA XLBB)
(HOMESAFE TA_XECD XLBB)
(DROPOFF TA_XFBB XAAA)
(WALK TA_XFBB XAAA XABA)
(WALK TA_XFBB XABA XACA)
(WALK TA_XFBB XACA XADA)
(WALK TA_XFBB XADA XBAA)
(WALK TA_XFBB XBAA XBBA)
(WALK TA_XFBB XBBA XBCA)
(WALK TA_XFBB XBCA XBDA)
(WALK TA_XFBB XBDA XCAA)
(WALK TA_XFBB XCAA XCBA)
(WALK TA_XFBB XCBA XCCA)
(WALK TA_XFBB XCCA XCDA)
(WALK TA_XFBB XCDA XDAA)
(WALK TA_XFBB XDAA XDBA)
(WALK TA_XFBB XDBA XDCA)
(WALK TA_XFBB XDCA XDDA)
(WALK TA_XFBB XDDA XEAA)
(WALK TA_XFBB XEAA XEBA)
(WALK TA_XFBB XEBA XECA)
(WALK TA_XFBB XECA XEDA)
(WALK TA_XFBB XEDA XFAA)
(WALK TA_XFBB XFAA XFBA)
(WALK TA_XFBB XFBA XFCA)
(WALK TA_XFBB XFCA XFDA)
(WALK TA_XFBB XFDA XGAA)
(WALK TA_XFBB XGAA XGBA)
(WALK TA_XFBB XGBA XGCA)
(WALK TA_XFBB XGCA XGDA)
(WALK TA_XFBB XGDA XHAA)
(WALK TA_XFBB XHAA XHBA)
(WALK TA_XFBB XHBA XHCA)
(WALK TA_XFBB XHCA XHDA)
(WALK TA_XFBB XHDA XIAA)
(WALK TA_XFBB XIAA XIBA)
(WALK TA_XFBB XIBA XICA)
(WALK TA_XFBB XICA XIDA)
(WALK TA_XFBB XIDA XJAA)
(WALK TA_XFBB XJAA XJBA)
(WALK TA_XFBB XJBA XJCA)
(WALK TA_XFBB XJCA XJDA)
(WALK TA_XFBB XJDA XKAA)
(WALK TA_XFBB XKAA XKBA)
(WALK TA_XFBB XKBA XKBB)
(WALK TA_XFBB XKBB XKBC)
(WALK TA_XFBB XKBC XKCC)
(WALK TA_XFBB XKCC XKCD)
(WALK TA_XFBB XKCD XKDD)
(HOMESAFE TA_XFBB XKDD)
(DROPOFF TA_XKBB XAAA)
(WALK TA_XKBB XAAA XABA)
(WALK TA_XKBB XABA XACA)
(WALK TA_XKBB XACA XADA)
(WALK TA_XKBB XADA XBAA)
(WALK TA_XKBB XBAA XBBA)
(WALK TA_XKBB XBBA XBCA)
(WALK TA_XKBB XBCA XBDA)
(WALK TA_XKBB XBDA XCAA)
(WALK TA_XKBB XCAA XCBA)
(WALK TA_XKBB XCBA XCCA)
(WALK TA_XKBB XCCA XCDA)
(WALK TA_XKBB XCDA XDAA)
(WALK TA_XKBB XDAA XDBA)
(WALK TA_XKBB XDBA XDCA)
(WALK TA_XKBB XDCA XDDA)
(WALK TA_XKBB XDDA XEAA)
(WALK TA_XKBB XEAA XEBA)
(WALK TA_XKBB XEBA XECA)
(WALK TA_XKBB XECA XEDA)
(WALK TA_XKBB XEDA XFAA)
(WALK TA_XKBB XFAA XFBA)
(WALK TA_XKBB XFBA XFCA)
(WALK TA_XKBB XFCA XFDA)
(WALK TA_XKBB XFDA XGAA)
(WALK TA_XKBB XGAA XGBA)
(WALK TA_XKBB XGBA XGCA)
(WALK TA_XKBB XGCA XGDA)
(WALK TA_XKBB XGDA XHAA)
(WALK TA_XKBB XHAA XHBA)
(WALK TA_XKBB XHBA XHCA)
(WALK TA_XKBB XHCA XHDA)
(WALK TA_XKBB XHDA XIAA)
(WALK TA_XKBB XIAA XIBA)
(WALK TA_XKBB XIBA XICA)
(WALK TA_XKBB XICA XIDA)
(WALK TA_XKBB XIDA XJAA)
(WALK TA_XKBB XJAA XJBA)
(WALK TA_XKBB XJBA XJCA)
(WALK TA_XKBB XJCA XJDA)
(WALK TA_XKBB XJDA XKAA)
(WALK TA_XKBB XKAA XKBA)
(WALK TA_XKBB XKBA XKCA)
(WALK TA_XKBB XKCA XKDA)
(WALK TA_XKBB XKDA XLAA)
(WALK TA_XKBB XLAA XLBA)
(WALK TA_XKBB XLBA XLBB)
(WALK TA_XKBB XLBB XLBC)
(HOMESAFE TA_XKBB XLBC)
(DROPOFF TA_XACD XAAA)
(WALK TA_XACD XAAA XABA)
(WALK TA_XACD XABA XACA)
(WALK TA_XACD XACA XADA)
(WALK TA_XACD XADA XBAA)
(WALK TA_XACD XBAA XBBA)
(WALK TA_XACD XBBA XBCA)
(WALK TA_XACD XBCA XBDA)
(WALK TA_XACD XBDA XCAA)
(WALK TA_XACD XCAA XCBA)
(WALK TA_XACD XCBA XCCA)
(WALK TA_XACD XCCA XCDA)
(WALK TA_XACD XCDA XDAA)
(WALK TA_XACD XDAA XDBA)
(WALK TA_XACD XDBA XDCA)
(WALK TA_XACD XDCA XDDA)
(WALK TA_XACD XDDA XEAA)
(WALK TA_XACD XEAA XEBA)
(WALK TA_XACD XEBA XECA)
(WALK TA_XACD XECA XEDA)
(WALK TA_XACD XEDA XFAA)
(WALK TA_XACD XFAA XFBA)
(WALK TA_XACD XFBA XFCA)
(WALK TA_XACD XFCA XFDA)
(WALK TA_XACD XFDA XGAA)
(WALK TA_XACD XGAA XGBA)
(WALK TA_XACD XGBA XGCA)
(WALK TA_XACD XGCA XGDA)
(WALK TA_XACD XGDA XHAA)
(WALK TA_XACD XHAA XHBA)
(WALK TA_XACD XHBA XHCA)
(WALK TA_XACD XHCA XHDA)
(WALK TA_XACD XHDA XIAA)
(WALK TA_XACD XIAA XIBA)
(WALK TA_XACD XIBA XICA)
(WALK TA_XACD XICA XIDA)
(WALK TA_XACD XIDA XJAA)
(WALK TA_XACD XJAA XJBA)
(WALK TA_XACD XJBA XJCA)
(WALK TA_XACD XJCA XJDA)
(WALK TA_XACD XJDA XKAA)
(WALK TA_XACD XKAA XKBA)
(WALK TA_XACD XKBA XKCA)
(WALK TA_XACD XKCA XKDA)
(WALK TA_XACD XKDA XLAA)
(WALK TA_XACD XLAA XLBA)
(WALK TA_XACD XLBA XLCA)
(WALK TA_XACD XLCA XLCB)
(HOMESAFE TA_XACD XLCB)
(DROPOFF TA_XLBB XAAA)
(WALK TA_XLBB XAAA XABA)
(WALK TA_XLBB XABA XACA)
(WALK TA_XLBB XACA XADA)
(WALK TA_XLBB XADA XBAA)
(WALK TA_XLBB XBAA XBBA)
(WALK TA_XLBB XBBA XBCA)
(WALK TA_XLBB XBCA XBDA)
(WALK TA_XLBB XBDA XCAA)
(WALK TA_XLBB XCAA XCBA)
(WALK TA_XLBB XCBA XCCA)
(WALK TA_XLBB XCCA XCDA)
(WALK TA_XLBB XCDA XDAA)
(WALK TA_XLBB XDAA XDBA)
(WALK TA_XLBB XDBA XDCA)
(WALK TA_XLBB XDCA XDDA)
(WALK TA_XLBB XDDA XEAA)
(WALK TA_XLBB XEAA XEBA)
(WALK TA_XLBB XEBA XECA)
(WALK TA_XLBB XECA XEDA)
(WALK TA_XLBB XEDA XFAA)
(WALK TA_XLBB XFAA XFBA)
(WALK TA_XLBB XFBA XFCA)
(WALK TA_XLBB XFCA XFDA)
(WALK TA_XLBB XFDA XGAA)
(WALK TA_XLBB XGAA XGBA)
(WALK TA_XLBB XGBA XGCA)
(WALK TA_XLBB XGCA XGDA)
(WALK TA_XLBB XGDA XHAA)
(WALK TA_XLBB XHAA XHBA)
(WALK TA_XLBB XHBA XHCA)
(WALK TA_XLBB XHCA XHDA)
(WALK TA_XLBB XHDA XIAA)
(WALK TA_XLBB XIAA XIBA)
(WALK TA_XLBB XIBA XICA)
(WALK TA_XLBB XICA XIDA)
(WALK TA_XLBB XIDA XJAA)
(WALK TA_XLBB XJAA XJBA)
(WALK TA_XLBB XJBA XJCA)
(WALK TA_XLBB XJCA XJDA)
(WALK TA_XLBB XJDA XKAA)
(WALK TA_XLBB XKAA XKBA)
(WALK TA_XLBB XKBA XKCA)
(WALK TA_XLBB XKCA XKDA)
(WALK TA_XLBB XKDA XLAA)
(WALK TA_XLBB XLAA XLAB)
(WALK TA_XLBB XLAB XLAC)
(WALK TA_XLBB XLAC XLAD)
(HOMESAFE TA_XLBB XLAD)
(DROPOFF TA_XJBC XAAA)
(WALK TA_XJBC XAAA XABA)
(WALK TA_XJBC XABA XACA)
(WALK TA_XJBC XACA XADA)
(WALK TA_XJBC XADA XBAA)
(WALK TA_XJBC XBAA XBBA)
(WALK TA_XJBC XBBA XBCA)
(WALK TA_XJBC XBCA XBDA)
(WALK TA_XJBC XBDA XCAA)
(WALK TA_XJBC XCAA XCBA)
(WALK TA_XJBC XCBA XCCA)
(WALK TA_XJBC XCCA XCDA)
(WALK TA_XJBC XCDA XDAA)
(WALK TA_XJBC XDAA XDBA)
(WALK TA_XJBC XDBA XDCA)
(WALK TA_XJBC XDCA XDDA)
(WALK TA_XJBC XDDA XEAA)
(WALK TA_XJBC XEAA XEBA)
(WALK TA_XJBC XEBA XECA)
(WALK TA_XJBC XECA XEDA)
(WALK TA_XJBC XEDA XFAA)
(WALK TA_XJBC XFAA XFBA)
(WALK TA_XJBC XFBA XFCA)
(WALK TA_XJBC XFCA XFDA)
(WALK TA_XJBC XFDA XGAA)
(WALK TA_XJBC XGAA XGBA)
(WALK TA_XJBC XGBA XGCA)
(WALK TA_XJBC XGCA XGDA)
(WALK TA_XJBC XGDA XHAA)
(WALK TA_XJBC XHAA XHBA)
(WALK TA_XJBC XHBA XHCA)
(WALK TA_XJBC XHCA XHDA)
(WALK TA_XJBC XHDA XIAA)
(WALK TA_XJBC XIAA XIBA)
(WALK TA_XJBC XIBA XICA)
(WALK TA_XJBC XICA XIDA)
(WALK TA_XJBC XIDA XJAA)
(WALK TA_XJBC XJAA XJBA)
(WALK TA_XJBC XJBA XJCA)
(WALK TA_XJBC XJCA XJDA)
(WALK TA_XJBC XJDA XKAA)
(WALK TA_XJBC XKAA XKBA)
(WALK TA_XJBC XKBA XKCA)
(WALK TA_XJBC XKCA XKDA)
(WALK TA_XJBC XKDA XLAA)
(WALK TA_XJBC XLAA XLBA)
(WALK TA_XJBC XLBA XLCA)
(WALK TA_XJBC XLCA XLCB)
(WALK TA_XJBC XLCB XLCC)
(WALK TA_XJBC XLCC XLCD)
(HOMESAFE TA_XJBC XLCD)
(DROPOFF TA_XJCB XAAA)
(WALK TA_XJCB XAAA XABA)
(WALK TA_XJCB XABA XACA)
(WALK TA_XJCB XACA XADA)
(WALK TA_XJCB XADA XBAA)
(WALK TA_XJCB XBAA XBBA)
(WALK TA_XJCB XBBA XBCA)
(WALK TA_XJCB XBCA XBDA)
(WALK TA_XJCB XBDA XCAA)
(WALK TA_XJCB XCAA XCBA)
(WALK TA_XJCB XCBA XCCA)
(WALK TA_XJCB XCCA XCDA)
(WALK TA_XJCB XCDA XDAA)
(WALK TA_XJCB XDAA XDBA)
(WALK TA_XJCB XDBA XDCA)
(WALK TA_XJCB XDCA XDDA)
(WALK TA_XJCB XDDA XEAA)
(WALK TA_XJCB XEAA XEBA)
(WALK TA_XJCB XEBA XECA)
(WALK TA_XJCB XECA XEDA)
(WALK TA_XJCB XEDA XFAA)
(WALK TA_XJCB XFAA XFBA)
(WALK TA_XJCB XFBA XFCA)
(WALK TA_XJCB XFCA XFDA)
(WALK TA_XJCB XFDA XGAA)
(WALK TA_XJCB XGAA XGBA)
(WALK TA_XJCB XGBA XGCA)
(WALK TA_XJCB XGCA XGDA)
(WALK TA_XJCB XGDA XHAA)
(WALK TA_XJCB XHAA XHBA)
(WALK TA_XJCB XHBA XHCA)
(WALK TA_XJCB XHCA XHDA)
(WALK TA_XJCB XHDA XIAA)
(WALK TA_XJCB XIAA XIBA)
(WALK TA_XJCB XIBA XICA)
(WALK TA_XJCB XICA XIDA)
(WALK TA_XJCB XIDA XJAA)
(WALK TA_XJCB XJAA XJBA)
(WALK TA_XJCB XJBA XJCA)
(WALK TA_XJCB XJCA XJDA)
(WALK TA_XJCB XJDA XKAA)
(WALK TA_XJCB XKAA XKBA)
(WALK TA_XJCB XKBA XKCA)
(WALK TA_XJCB XKCA XKDA)
(WALK TA_XJCB XKDA XLAA)
(WALK TA_XJCB XLAA XLBA)
(WALK TA_XJCB XLBA XLCA)
(WALK TA_XJCB XLCA XLDA)
(WALK TA_XJCB XLDA XLDB)
(WALK TA_XJCB XLDB XLDC)
(WALK TA_XJCB XLDC XLDD)
(HOMESAFE TA_XJCB XLDD)
