(DRIVE XVxh5vN8JKH03lvAK XLvMdIjX0jABBCx0f)
(DROPOFF TA_XLvMdIjX0jABBCx0f XLvMdIjX0jABBCx0f)
(HOMESAFE TA_XLvmdijx0jabbcx0f XlvMdIjX0jABBCx0f)
(DRIVE XLvMdIjX0jABBCx0f XRpcRoJaUOioc85sq)
(DRIVE XRpcRoJaUOioc85sq XHPz55dPyaiA4LleA)
(DROPOFF TA_XHPz55dPyaiA4LleA XHPz55dPyaiA4LleA)
(HOMESAFE TA_XHPz55dpyaia4llea XhPz55dPyaiA4LleA)
(DRIVE XHPz55dPyaiA4LleA XFojbWGXXFCbmDCh9)
(DRIVE XFojbWGXXFCbmDCh9 XPps9hBYUJriCzF5p)
(DRIVE XPps9hBYUJriCzF5p XqIulX7b6Eocesb67)
(DRIVE XqIulX7b6Eocesb67 Xm07fBBaR3IYPFw2k)
(DROPOFF TA_XPps9hBYUJriCzF5p Xm07fBBaR3IYPFw2k)
(HOMESAFE TA_XPps9hbyujriczf5p Xm07fBBaR3IYPFw2k)
(DRIVE Xm07fBBaR3IYPFw2k XqIulX7b6Eocesb67)
(DRIVE XqIulX7b6Eocesb67 XPps9hBYUJriCzF5p)
(DROPOFF TA_Xm07fBBaR3IYPFw2k XPps9hBYUJriCzF5p)
(HOMESAFE TA_Xm07fbbar3iypfw2k Xpps9hBYUJriCzF5p)
(DRIVE XPps9hBYUJriCzF5p XqIulX7b6Eocesb67)
(DRIVE XqIulX7b6Eocesb67 Xm07fBBaR3IYPFw2k)
(DRIVE Xm07fBBaR3IYPFw2k XjxRNxZ6tHsnElwMQ)
(DRIVE XjxRNxZ6tHsnElwMQ XKnmMTi5uhDHL1DSP)
(DRIVE XKnmMTi5uhDHL1DSP XW0KgTDzGootnWz5j)
(DRIVE XW0KgTDzGootnWz5j XHJucR7YaXgHXTFqk)
(DROPOFF TA_XKnmMTi5uhDHL1DSP XHJucR7YaXgHXTFqk)
(HOMESAFE TA_XKnmmti5uhdhl1dsp XhJucR7YaXgHXTFqk)
(DRIVE XHJucR7YaXgHXTFqk XuBIpfOruK0jn97ed)
(DRIVE XuBIpfOruK0jn97ed XqUOopto2qmWqitCg)
(DROPOFF TA_XHJucR7YaXgHXTFqk XqUOopto2qmWqitCg)
(HOMESAFE TA_XHJucr7yaxghxtfqk XqUOopto2qmWqitCg)
(DRIVE XqUOopto2qmWqitCg XQbYHeGN41ESLDN57)
(DRIVE XQbYHeGN41ESLDN57 Xf1LIvlqyBdPPDeaG)
(DRIVE Xf1LIvlqyBdPPDeaG XXSceX9giNs6135RF)
(DRIVE XXSceX9giNs6135RF XTWEGlO1q70mKRpvN)
(DROPOFF TA_XqUOopto2qmWqitCg XTWEGlO1q70mKRpvN)
(HOMESAFE TA_Xquoopto2qmwqitcg XtWEGlO1q70mKRpvN)
(DRIVE XTWEGlO1q70mKRpvN XXSceX9giNs6135RF)
(DRIVE XXSceX9giNs6135RF Xf1LIvlqyBdPPDeaG)
(DROPOFF TA_Xf1LIvlqyBdPPDeaG Xf1LIvlqyBdPPDeaG)
(HOMESAFE TA_Xf1livlqybdppdeag Xf1LIvlqyBdPPDeaG)
(DRIVE Xf1LIvlqyBdPPDeaG XXSceX9giNs6135RF)
(DRIVE XXSceX9giNs6135RF XTWEGlO1q70mKRpvN)
(DRIVE XTWEGlO1q70mKRpvN XovhcYhqQwJErAPo7)
(DRIVE XovhcYhqQwJErAPo7 XFdnuUOBtLnTa2eWp)
(DRIVE XFdnuUOBtLnTa2eWp XvwkCsyChC6cdvGd5)
(DRIVE XvwkCsyChC6cdvGd5 XG4iQyfavWm6ry6d9)
(DROPOFF TA_XTWEGlO1q70mKRpvN XG4iQyfavWm6ry6d9)
(HOMESAFE TA_XTWEGlo1q70mkrpvn Xg4iQyfavWm6ry6d9)
(DRIVE XG4iQyfavWm6ry6d9 XaMeIo4uBs1jJHxFl)
(DRIVE XaMeIo4uBs1jJHxFl XdocbLXkpp9fCvVZj)
(DRIVE XdocbLXkpp9fCvVZj XEUHbAXoH5CukqKx2)
(DRIVE XEUHbAXoH5CukqKx2 XixPL7Lqpu7XI0Hn5)
(DROPOFF TA_XFdnuUOBtLnTa2eWp XixPL7Lqpu7XI0Hn5)
(HOMESAFE TA_XFdnuuobtlnta2ewp XixPL7Lqpu7XI0Hn5)
(DRIVE XixPL7Lqpu7XI0Hn5 XNcPfv3zY25eXG7vP)
(DRIVE XNcPfv3zY25eXG7vP XxMBjmp8wr7fOBpjr)
(DRIVE XxMBjmp8wr7fOBpjr Xby6BniymLULwvnnV)
(DRIVE Xby6BniymLULwvnnV X8YJlzlYvHFqZkPCS)
(DROPOFF TA_XG4iQyfavWm6ry6d9 X8YJlzlYvHFqZkPCS)
(HOMESAFE TA_XG4iqyfavwm6ry6d9 X8YJlzlYvHFqZkPCS)
(DRIVE X8YJlzlYvHFqZkPCS XF5mUW2NueFIEEcjK)
(DRIVE XF5mUW2NueFIEEcjK XkI208LqKhhZoNj6u)
(DRIVE XkI208LqKhhZoNj6u XtZSyhn5FuCMZsjss)
(DRIVE XtZSyhn5FuCMZsjss XsY5camW0y4X1AVR6)
(DROPOFF TA_XdocbLXkpp9fCvVZj XsY5camW0y4X1AVR6)
(HOMESAFE TA_Xdocblxkpp9fcvvzj XsY5camW0y4X1AVR6)
(DRIVE XsY5camW0y4X1AVR6 XtZSyhn5FuCMZsjss)
(DRIVE XtZSyhn5FuCMZsjss XkI208LqKhhZoNj6u)
(DROPOFF TA_XixPL7Lqpu7XI0Hn5 XkI208LqKhhZoNj6u)
(HOMESAFE TA_Xixpl7lqpu7xi0hn5 XkI208LqKhhZoNj6u)
(DRIVE XkI208LqKhhZoNj6u XF5mUW2NueFIEEcjK)
(DRIVE XF5mUW2NueFIEEcjK X8YJlzlYvHFqZkPCS)
(DRIVE X8YJlzlYvHFqZkPCS Xby6BniymLULwvnnV)
(DRIVE Xby6BniymLULwvnnV XxMBjmp8wr7fOBpjr)
(DROPOFF TA_XxMBjmp8wr7fOBpjr XxMBjmp8wr7fOBpjr)
(HOMESAFE TA_Xxmbjmp8wr7fobpjr XxMBjmp8wr7fOBpjr)
(DRIVE XxMBjmp8wr7fOBpjr Xby6BniymLULwvnnV)
(DRIVE Xby6BniymLULwvnnV X8YJlzlYvHFqZkPCS)
(DRIVE X8YJlzlYvHFqZkPCS XF5mUW2NueFIEEcjK)
(DRIVE XF5mUW2NueFIEEcjK XkI208LqKhhZoNj6u)
(DRIVE XkI208LqKhhZoNj6u XtZSyhn5FuCMZsjss)
(DRIVE XtZSyhn5FuCMZsjss XsY5camW0y4X1AVR6)
(DRIVE XsY5camW0y4X1AVR6 Xi5aM8xtodywvftXU)
(DRIVE Xi5aM8xtodywvftXU XhLLPjkXm8y96K9Ly)
(DROPOFF TA_X8YJlzlYvHFqZkPCS XhLLPjkXm8y96K9Ly)
(HOMESAFE TA_X8YJlzlyvhfqzkpcs XhLLPjkXm8y96K9Ly)
(DRIVE XhLLPjkXm8y96K9Ly XNcQTyBhMPv2YTFcR)
(DRIVE XNcQTyBhMPv2YTFcR XnON5WYvv911liCqG)
(DRIVE XnON5WYvv911liCqG XENg2x6NmiQ6ZPspo)
(DRIVE XENg2x6NmiQ6ZPspo X34MhuU98ExeQvRDn)
(DROPOFF TA_XkI208LqKhhZoNj6u X34MhuU98ExeQvRDn)
(HOMESAFE TA_Xki208lqkhhzonj6u X34MhuU98ExeQvRDn)
(DRIVE X34MhuU98ExeQvRDn XENg2x6NmiQ6ZPspo)
(DRIVE XENg2x6NmiQ6ZPspo XnON5WYvv911liCqG)
(DROPOFF TA_XsY5camW0y4X1AVR6 XnON5WYvv911liCqG)
(HOMESAFE TA_Xsy5camw0y4x1avr6 XnON5WYvv911liCqG)
(DRIVE XnON5WYvv911liCqG XENg2x6NmiQ6ZPspo)
(DRIVE XENg2x6NmiQ6ZPspo X34MhuU98ExeQvRDn)
(DRIVE X34MhuU98ExeQvRDn XT10T9PCvP2pPqj4H)
(DRIVE XT10T9PCvP2pPqj4H XDezvj5mGWjop4mp6)
(DROPOFF TA_XhLLPjkXm8y96K9Ly XDezvj5mGWjop4mp6)
(HOMESAFE TA_Xhllpjkxm8y96k9ly Xdezvj5mGWjop4mp6)
(DRIVE XDezvj5mGWjop4mp6 XoiZFhAb8BPCkEe9V)
(DRIVE XoiZFhAb8BPCkEe9V XT8Jf9e4B0kfWdowV)
(DRIVE XT8Jf9e4B0kfWdowV XX92tfznP4eW0krKB)
(DRIVE XX92tfznP4eW0krKB Xwf0O0uAXjL7va06e)
(DROPOFF TA_XnON5WYvv911liCqG Xwf0O0uAXjL7va06e)
(HOMESAFE TA_Xnon5wyvv911licqg Xwf0O0uAXjL7va06e)
(DRIVE Xwf0O0uAXjL7va06e XX92tfznP4eW0krKB)
(DRIVE XX92tfznP4eW0krKB XT8Jf9e4B0kfWdowV)
(DROPOFF TA_X34MhuU98ExeQvRDn XT8Jf9e4B0kfWdowV)
(HOMESAFE TA_X34Mhuu98exeqvrdn Xt8Jf9e4B0kfWdowV)
(DRIVE XT8Jf9e4B0kfWdowV XX92tfznP4eW0krKB)
(DRIVE XX92tfznP4eW0krKB Xwf0O0uAXjL7va06e)
(DRIVE Xwf0O0uAXjL7va06e X4N7EehptFS5exHGz)
(DRIVE X4N7EehptFS5exHGz XjcceK5EDFSw6S05n)
(DROPOFF TA_XDezvj5mGWjop4mp6 XjcceK5EDFSw6S05n)
(HOMESAFE TA_XDezvj5mgwjop4mp6 XjcceK5EDFSw6S05n)
(DRIVE XjcceK5EDFSw6S05n X77tQXahamY1vYPIq)
(DRIVE X77tQXahamY1vYPIq Xic35MVGraeffmUec)
(DROPOFF TA_XT8Jf9e4B0kfWdowV Xic35MVGraeffmUec)
(HOMESAFE TA_XT8Jf9e4b0kfwdowv Xic35MVGraeffmUec)
(DRIVE Xic35MVGraeffmUec X77tQXahamY1vYPIq)
(DRIVE X77tQXahamY1vYPIq XjcceK5EDFSw6S05n)
(DRIVE XjcceK5EDFSw6S05n X4N7EehptFS5exHGz)
(DRIVE X4N7EehptFS5exHGz Xwf0O0uAXjL7va06e)
(DRIVE Xwf0O0uAXjL7va06e XX92tfznP4eW0krKB)
(DRIVE XX92tfznP4eW0krKB XT8Jf9e4B0kfWdowV)
(DRIVE XT8Jf9e4B0kfWdowV XoiZFhAb8BPCkEe9V)
(DRIVE XoiZFhAb8BPCkEe9V XDezvj5mGWjop4mp6)
(DRIVE XDezvj5mGWjop4mp6 XT10T9PCvP2pPqj4H)
(DRIVE XT10T9PCvP2pPqj4H X34MhuU98ExeQvRDn)
(DRIVE X34MhuU98ExeQvRDn XENg2x6NmiQ6ZPspo)
(DRIVE XENg2x6NmiQ6ZPspo XnON5WYvv911liCqG)
(DRIVE XnON5WYvv911liCqG XNcQTyBhMPv2YTFcR)
(DRIVE XNcQTyBhMPv2YTFcR XhLLPjkXm8y96K9Ly)
(DRIVE XhLLPjkXm8y96K9Ly Xi5aM8xtodywvftXU)
(DRIVE Xi5aM8xtodywvftXU XsY5camW0y4X1AVR6)
(DRIVE XsY5camW0y4X1AVR6 XtZSyhn5FuCMZsjss)
(DRIVE XtZSyhn5FuCMZsjss XkI208LqKhhZoNj6u)
(DRIVE XkI208LqKhhZoNj6u XF5mUW2NueFIEEcjK)
(DRIVE XF5mUW2NueFIEEcjK X8YJlzlYvHFqZkPCS)
(DRIVE X8YJlzlYvHFqZkPCS Xby6BniymLULwvnnV)
(DRIVE Xby6BniymLULwvnnV XxMBjmp8wr7fOBpjr)
(DRIVE XxMBjmp8wr7fOBpjr XNcPfv3zY25eXG7vP)
(DRIVE XNcPfv3zY25eXG7vP XixPL7Lqpu7XI0Hn5)
(DRIVE XixPL7Lqpu7XI0Hn5 XEUHbAXoH5CukqKx2)
(DRIVE XEUHbAXoH5CukqKx2 XdocbLXkpp9fCvVZj)
(DROPOFF TA_Xwf0O0uAXjL7va06e XdocbLXkpp9fCvVZj)
(HOMESAFE TA_Xwf0o0uaxjl7va06e XdocbLXkpp9fCvVZj)
(DRIVE XdocbLXkpp9fCvVZj XaMeIo4uBs1jJHxFl)
(DRIVE XaMeIo4uBs1jJHxFl XG4iQyfavWm6ry6d9)
(DRIVE XG4iQyfavWm6ry6d9 XvwkCsyChC6cdvGd5)
(DRIVE XvwkCsyChC6cdvGd5 XFdnuUOBtLnTa2eWp)
(DROPOFF TA_XjcceK5EDFSw6S05n XFdnuUOBtLnTa2eWp)
(HOMESAFE TA_Xjccek5edfsw6s05n XfdnuUOBtLnTa2eWp)
(DRIVE XFdnuUOBtLnTa2eWp XovhcYhqQwJErAPo7)
(DRIVE XovhcYhqQwJErAPo7 XTWEGlO1q70mKRpvN)
(DRIVE XTWEGlO1q70mKRpvN XXSceX9giNs6135RF)
(DRIVE XXSceX9giNs6135RF Xf1LIvlqyBdPPDeaG)
(DRIVE Xf1LIvlqyBdPPDeaG XQbYHeGN41ESLDN57)
(DRIVE XQbYHeGN41ESLDN57 XqUOopto2qmWqitCg)
(DRIVE XqUOopto2qmWqitCg XuBIpfOruK0jn97ed)
(DRIVE XuBIpfOruK0jn97ed XHJucR7YaXgHXTFqk)
(DRIVE XHJucR7YaXgHXTFqk XW0KgTDzGootnWz5j)
(DRIVE XW0KgTDzGootnWz5j XKnmMTi5uhDHL1DSP)
(DROPOFF TA_Xic35MVGraeffmUec XKnmMTi5uhDHL1DSP)
(HOMESAFE TA_Xic35mvgraeffmuec XknmMTi5uhDHL1DSP)
(DRIVE XKnmMTi5uhDHL1DSP XjxRNxZ6tHsnElwMQ)
(DRIVE XjxRNxZ6tHsnElwMQ Xm07fBBaR3IYPFw2k)
(DRIVE Xm07fBBaR3IYPFw2k XqIulX7b6Eocesb67)
(DRIVE XqIulX7b6Eocesb67 XPps9hBYUJriCzF5p)
(DRIVE XPps9hBYUJriCzF5p XFojbWGXXFCbmDCh9)
(DRIVE XFojbWGXXFCbmDCh9 XHPz55dPyaiA4LleA)
(DRIVE XHPz55dPyaiA4LleA XRpcRoJaUOioc85sq)
(DRIVE XRpcRoJaUOioc85sq XLvMdIjX0jABBCx0f)
(DRIVE XLvMdIjX0jABBCx0f XVxh5vN8JKH03lvAK)
