(DROPOFF TA_XAsti XWrightsville)
(WALK TA_XAsti XWrightsville XMaywood)
(HOMESAFE TA_XAsti Xmaywood)
(DROPOFF TA_XBayonne XWrightsville)
(WALK TA_XBayonne XWrightsville XMzimba)
(HOMESAFE TA_XBayonne Xmzimba)
(DROPOFF TA_XSayhut XWrightsville)
(WALK TA_XSayhut XWrightsville XBayonne)
(HOMESAFE TA_XSayhut Xbayonne)
(DROPOFF TA_XPljevlja XWrightsville)
(WALK TA_XPljevlja XWrightsville XChangde)
(HOMESAFE TA_XPljevlja Xchangde)
(DROPOFF TA_XRauna XWrightsville)
(WALK TA_XRauna XWrightsville XAsti)
(HOMESAFE TA_XRauna Xasti)
(DROPOFF TA_XPalopo XWrightsville)
(WALK TA_XPalopo XWrightsville XGevgelija)
(HOMESAFE TA_XPalopo Xgevgelija)
(DROPOFF TA_XRivas XWrightsville)
(WALK TA_XRivas XWrightsville XLeeuwarden)
(HOMESAFE TA_XRivas Xleeuwarden)
(DROPOFF TA_XLeeuwarden XWrightsville)
(WALK TA_XLeeuwarden XWrightsville XHsinchu)
(HOMESAFE TA_XLeeuwarden Xhsinchu)
(DROPOFF TA_XGemena XWrightsville)
(WALK TA_XGemena XWrightsville XIrvington)
(HOMESAFE TA_XGemena Xirvington)
(DROPOFF TA_XLjutomer XWrightsville)
(WALK TA_XLjutomer XWrightsville XTemirtau)
(HOMESAFE TA_XLjutomer Xtemirtau)
(DROPOFF TA_XProgress XWrightsville)
(WALK TA_XProgress XWrightsville XZanzibar)
(HOMESAFE TA_XProgress Xzanzibar)
(DROPOFF TA_XMzimba XWrightsville)
(WALK TA_XMzimba XWrightsville XMetz)
(HOMESAFE TA_XMzimba Xmetz)
(DROPOFF TA_XHsinchu XWrightsville)
(WALK TA_XHsinchu XWrightsville XCoihaique)
(HOMESAFE TA_XHsinchu Xcoihaique)
(DROPOFF TA_XMetz XWrightsville)
(WALK TA_XMetz XWrightsville XPraya)
(HOMESAFE TA_XMetz Xpraya)
(DROPOFF TA_XAyacucho XWrightsville)
(WALK TA_XAyacucho XWrightsville XPljevlja)
(HOMESAFE TA_XAyacucho Xpljevlja)
(DROPOFF TA_XPraya XWrightsville)
(WALK TA_XPraya XWrightsville XGolubac)
(HOMESAFE TA_XPraya Xgolubac)
(DROPOFF TA_XMaywood XWrightsville)
(WALK TA_XMaywood XWrightsville XNecochea)
(HOMESAFE TA_XMaywood Xnecochea)
(DROPOFF TA_XIrvington XWrightsville)
(WALK TA_XIrvington XWrightsville XRivas)
(HOMESAFE TA_XIrvington Xrivas)
(DROPOFF TA_XChangde XWrightsville)
(WALK TA_XChangde XWrightsville XGemena)
(HOMESAFE TA_XChangde Xgemena)
(DROPOFF TA_XZanzibar XWrightsville)
(WALK TA_XZanzibar XWrightsville XLjutomer)
(HOMESAFE TA_XZanzibar Xljutomer)
(DROPOFF TA_XTemirtau XWrightsville)
(WALK TA_XTemirtau XWrightsville XPalopo)
(HOMESAFE TA_XTemirtau Xpalopo)
(DROPOFF TA_XCoihaique XWrightsville)
(WALK TA_XCoihaique XWrightsville XAyacucho)
(HOMESAFE TA_XCoihaique Xayacucho)
(DROPOFF TA_XNecochea XWrightsville)
(WALK TA_XNecochea XWrightsville XRauna)
(HOMESAFE TA_XNecochea Xrauna)
(DROPOFF TA_XGolubac XWrightsville)
(WALK TA_XGolubac XWrightsville XProgress)
(HOMESAFE TA_XGolubac Xprogress)
(DROPOFF TA_XGevgelija XWrightsville)
(WALK TA_XGevgelija XWrightsville XSayhut)
(HOMESAFE TA_XGevgelija Xsayhut)
