(DRIVE Xlkplf Xxraqx)
(DROPOFF TA_Xifonh Xxraqx)
(HOMESAFE TA_Xifonh Xxraqx)
(DRIVE Xxraqx Xlnndk)
(DROPOFF TA_Xqlvnf Xlnndk)
(HOMESAFE TA_Xqlvnf Xlnndk)
(DRIVE Xlnndk Xqlvnf)
(DROPOFF TA_Xecolz Xqlvnf)
(HOMESAFE TA_Xecolz Xqlvnf)
(DRIVE Xqlvnf Xrvjuv)
(DROPOFF TA_Xccbcf Xrvjuv)
(HOMESAFE TA_Xccbcf Xrvjuv)
(DRIVE Xrvjuv Xpxoew)
(DROPOFF TA_Xlnndk Xpxoew)
(HOMESAFE TA_Xlnndk Xpxoew)
(DRIVE Xpxoew Xiszqq)
(DROPOFF TA_Xptkrs Xiszqq)
(HOMESAFE TA_Xptkrs Xiszqq)
(DRIVE Xiszqq Xxhwzk)
(DROPOFF TA_Xtjlhk Xxhwzk)
(DRIVE Xxhwzk Xlkplf)
(WALK TA_Xtjlhk Xxhwzk Xccbcf)
(HOMESAFE TA_Xtjlhk Xccbcf)
(DRIVE Xlkplf Xvanpa)
(DROPOFF TA_Xwkvjd Xvanpa)
(DRIVE Xvanpa Xlkplf)
(WALK TA_Xwkvjd Xvanpa Xvyluf)
(HOMESAFE TA_Xwkvjd Xvyluf)
(DRIVE Xlkplf Xvanpa)
(DROPOFF TA_Xxrkws Xvanpa)
(DRIVE Xvanpa Xlkplf)
(WALK TA_Xxrkws Xvanpa Xtnccf)
(HOMESAFE TA_Xxrkws Xtnccf)
(DRIVE Xlkplf Xvanpa)
(DROPOFF TA_Xnqvqo Xvanpa)
(DRIVE Xvanpa Xlkplf)
(HOMESAFE TA_Xnqvqo Xvanpa)
(DRIVE Xlkplf Xxhwzk)
(DROPOFF TA_Xpxoew Xxhwzk)
(DRIVE Xxhwzk Xlkplf)
(HOMESAFE TA_Xpxoew Xxhwzk)
(DRIVE Xlkplf Xdhjbs)
(DROPOFF TA_Xtnccf Xdhjbs)
(DRIVE Xdhjbs Xlkplf)
(HOMESAFE TA_Xtnccf Xdhjbs)
(DRIVE Xlkplf Xetpku)
(DROPOFF TA_Xdhjbs Xetpku)
(DRIVE Xetpku Xlkplf)
(WALK TA_Xdhjbs Xetpku Xifonh)
(HOMESAFE TA_Xdhjbs Xifonh)
(DRIVE Xlkplf Xecolz)
(DROPOFF TA_Xxhwzk Xecolz)
(DRIVE Xecolz Xlkplf)
(HOMESAFE TA_Xxhwzk Xecolz)
(DRIVE Xlkplf Xwfduo)
(DROPOFF TA_Xiszqq Xwfduo)
(DRIVE Xwfduo Xlkplf)
(HOMESAFE TA_Xiszqq Xwfduo)
(DRIVE Xlkplf Xofnly)
(DROPOFF TA_Xonzwv Xofnly)
(DRIVE Xofnly Xlkplf)
(HOMESAFE TA_Xonzwv Xofnly)
(DRIVE Xlkplf Xetpku)
(DROPOFF TA_Xetpku Xetpku)
(DRIVE Xetpku Xpajep)
(DROPOFF TA_Xxraqx Xpajep)
(DRIVE Xpajep Xjzkkr)
(DROPOFF TA_Xwfduo Xjzkkr)
(HOMESAFE TA_Xwfduo Xjzkkr)
(DRIVE Xjzkkr Xnqvqo)
(DROPOFF TA_Xvanpa Xnqvqo)
(DRIVE Xnqvqo Xonzwv)
(DROPOFF TA_Xvyluf Xonzwv)
(DRIVE Xonzwv Xlkplf)
(HOMESAFE TA_Xvyluf Xonzwv)
(HOMESAFE TA_Xvanpa Xnqvqo)
(HOMESAFE TA_Xetpku Xetpku)
(HOMESAFE TA_Xxraqx Xpajep)
(DRIVE Xlkplf Xxrkws)
(DROPOFF TA_Xrvjuv Xxrkws)
(DRIVE Xxrkws Xlkplf)
(HOMESAFE TA_Xrvjuv Xxrkws)
(DRIVE Xlkplf Xwkvjd)
(DROPOFF TA_Xofnly Xwkvjd)
(HOMESAFE TA_Xofnly Xwkvjd)
(DRIVE Xwkvjd Xtjlhk)
(DROPOFF TA_Xpajep Xtjlhk)
(HOMESAFE TA_Xpajep Xtjlhk)
(DRIVE Xtjlhk Xptkrs)
(DROPOFF TA_Xjzkkr Xptkrs)
(DRIVE Xptkrs Xlkplf)
(HOMESAFE TA_Xjzkkr Xptkrs)
