(DROPOFF TA_XWdhdwqbb XSoda)
(HOMESAFE TA_XWdhdwqbb Xsoda)
(DROPOFF TA_XRjuvckvy XSoda)
(WALK TA_XRjuvckvy XSoda XIdwoxehtk)
(HOMESAFE TA_XRjuvckvy Xidwoxehtk)
(DROPOFF TA_XFpujhjd XSoda)
(WALK TA_XFpujhjd XSoda XXiykasaul)
(HOMESAFE TA_XFpujhjd Xxiykasaul)
(DROPOFF TA_XPlptbkef XSoda)
(WALK TA_XPlptbkef XSoda XLgjwjtb)
(WALK TA_XPlptbkef XLgjwjtb XRjuvckvy)
(HOMESAFE TA_XPlptbkef Xrjuvckvy)
(DROPOFF TA_XIdwoxehtk XSoda)
(WALK TA_XIdwoxehtk XSoda XNaovhz)
(WALK TA_XIdwoxehtk XNaovhz XYcnmyyspjf)
(HOMESAFE TA_XIdwoxehtk Xycnmyyspjf)
(DROPOFF TA_XJdqn XSoda)
(WALK TA_XJdqn XSoda XPcizuzxaz)
(WALK TA_XJdqn XPcizuzxaz XNcyuq)
(HOMESAFE TA_XJdqn Xncyuq)
(DROPOFF TA_XNcyuq XSoda)
(WALK TA_XNcyuq XSoda XPcizuzxaz)
(WALK TA_XNcyuq XPcizuzxaz XKvcj)
(HOMESAFE TA_XNcyuq Xkvcj)
(DROPOFF TA_XSjwkqvmzq XSoda)
(WALK TA_XSjwkqvmzq XSoda XBoyttsdoot)
(WALK TA_XSjwkqvmzq XBoyttsdoot XNcul)
(HOMESAFE TA_XSjwkqvmzq Xncul)
(DROPOFF TA_XRfwigv XSoda)
(WALK TA_XRfwigv XSoda XXiykasaul)
(WALK TA_XRfwigv XXiykasaul XPvqvkpcd)
(HOMESAFE TA_XRfwigv Xpvqvkpcd)
(DROPOFF TA_XNcul XSoda)
(WALK TA_XNcul XSoda XPcizuzxaz)
(WALK TA_XNcul XPcizuzxaz XFpujhjd)
(HOMESAFE TA_XNcul Xfpujhjd)
(DROPOFF TA_XXiykasaul XSoda)
(WALK TA_XXiykasaul XSoda XNaovhz)
(WALK TA_XXiykasaul XNaovhz XPlptbkef)
(HOMESAFE TA_XXiykasaul Xplptbkef)
(DROPOFF TA_XWksfdqrv XSoda)
(WALK TA_XWksfdqrv XSoda XPcizuzxaz)
(WALK TA_XWksfdqrv XPcizuzxaz XDacrfmpv)
(HOMESAFE TA_XWksfdqrv Xdacrfmpv)
(DROPOFF TA_XXmibe XSoda)
(WALK TA_XXmibe XSoda XBoyttsdoot)
(WALK TA_XXmibe XBoyttsdoot XYgykrl)
(HOMESAFE TA_XXmibe Xygykrl)
(DROPOFF TA_XHbogcfyxa XSoda)
(WALK TA_XHbogcfyxa XSoda XBoyttsdoot)
(WALK TA_XHbogcfyxa XBoyttsdoot XXgyovgk)
(HOMESAFE TA_XHbogcfyxa Xxgyovgk)
(DROPOFF TA_XKvcj XSoda)
(WALK TA_XKvcj XSoda XBoyttsdoot)
(WALK TA_XKvcj XBoyttsdoot XObpzvveihj)
(WALK TA_XKvcj XObpzvveihj XHbogcfyxa)
(HOMESAFE TA_XKvcj Xhbogcfyxa)
(DROPOFF TA_XWgigv XSoda)
(WALK TA_XWgigv XSoda XBoyttsdoot)
(WALK TA_XWgigv XBoyttsdoot XXgyovgk)
(WALK TA_XWgigv XXgyovgk XSicichvcten)
(HOMESAFE TA_XWgigv Xsicichvcten)
(DROPOFF TA_XYcnmyyspjf XSoda)
(WALK TA_XYcnmyyspjf XSoda XPcizuzxaz)
(WALK TA_XYcnmyyspjf XPcizuzxaz XFpujhjd)
(WALK TA_XYcnmyyspjf XFpujhjd XOjnvskrpfp)
(HOMESAFE TA_XYcnmyyspjf Xojnvskrpfp)
(DROPOFF TA_XPvqvkpcd XSoda)
(WALK TA_XPvqvkpcd XSoda XPcizuzxaz)
(WALK TA_XPvqvkpcd XPcizuzxaz XKvcj)
(WALK TA_XPvqvkpcd XKvcj XWgigv)
(HOMESAFE TA_XPvqvkpcd Xwgigv)
(DROPOFF TA_XOjnvskrpfp XSoda)
(WALK TA_XOjnvskrpfp XSoda XNaovhz)
(WALK TA_XOjnvskrpfp XNaovhz XUkih)
(WALK TA_XOjnvskrpfp XUkih XRfwigv)
(HOMESAFE TA_XOjnvskrpfp Xrfwigv)
(DROPOFF TA_XSicichvcten XSoda)
(WALK TA_XSicichvcten XSoda XIdwoxehtk)
(WALK TA_XSicichvcten XIdwoxehtk XNcyuq)
(WALK TA_XSicichvcten XNcyuq XGsbrvvyhxcc)
(HOMESAFE TA_XSicichvcten Xgsbrvvyhxcc)
(DROPOFF TA_XYgykrl XSoda)
(WALK TA_XYgykrl XSoda XIdwoxehtk)
(WALK TA_XYgykrl XIdwoxehtk XVwqoktnwgk)
(WALK TA_XYgykrl XVwqoktnwgk XJdqn)
(HOMESAFE TA_XYgykrl Xjdqn)
(DROPOFF TA_XDacrfmpv XSoda)
(WALK TA_XDacrfmpv XSoda XBoyttsdoot)
(WALK TA_XDacrfmpv XBoyttsdoot XObpzvveihj)
(WALK TA_XDacrfmpv XObpzvveihj XWksfdqrv)
(HOMESAFE TA_XDacrfmpv Xwksfdqrv)
(DROPOFF TA_XGsbrvvyhxcc XSoda)
(WALK TA_XGsbrvvyhxcc XSoda XBoyttsdoot)
(WALK TA_XGsbrvvyhxcc XBoyttsdoot XObpzvveihj)
(WALK TA_XGsbrvvyhxcc XObpzvveihj XXmibe)
(HOMESAFE TA_XGsbrvvyhxcc Xxmibe)
(DROPOFF TA_XXgyovgk XSoda)
(WALK TA_XXgyovgk XSoda XBoyttsdoot)
(WALK TA_XXgyovgk XBoyttsdoot XXgyovgk)
(WALK TA_XXgyovgk XXgyovgk XSicichvcten)
(WALK TA_XXgyovgk XSicichvcten XWdhdwqbb)
(HOMESAFE TA_XXgyovgk Xwdhdwqbb)
(DROPOFF TA_XSoda XSoda)
(WALK TA_XSoda XSoda XPcizuzxaz)
(WALK TA_XSoda XPcizuzxaz XDshcboejqo)
(WALK TA_XSoda XDshcboejqo XRfwigv)
(WALK TA_XSoda XRfwigv XSjwkqvmzq)
(HOMESAFE TA_XSoda Xsjwkqvmzq)
