(DROPOFF TA_XZgvnjegpj XSoda)
(WALK TA_XZgvnjegpj XSoda XHfbml)
(HOMESAFE TA_XZgvnjegpj Xhfbml)
(DROPOFF TA_XVbibp XSoda)
(WALK TA_XVbibp XSoda XRchfmjdesx)
(HOMESAFE TA_XVbibp Xrchfmjdesx)
(DROPOFF TA_XUqfqb XSoda)
(WALK TA_XUqfqb XSoda XYxjvwhefqif)
(HOMESAFE TA_XUqfqb Xyxjvwhefqif)
(DROPOFF TA_XSaglt XSoda)
(WALK TA_XSaglt XSoda XHbsc)
(HOMESAFE TA_XSaglt Xhbsc)
(DROPOFF TA_XHbsc XSoda)
(WALK TA_XHbsc XSoda XEqtpmllrky)
(HOMESAFE TA_XHbsc Xeqtpmllrky)
(DROPOFF TA_XFwmaudwdwa XSoda)
(WALK TA_XFwmaudwdwa XSoda XXbpw)
(HOMESAFE TA_XFwmaudwdwa Xxbpw)
(DROPOFF TA_XTjqkxczzumv XSoda)
(WALK TA_XTjqkxczzumv XSoda XEqtpmllrky)
(WALK TA_XTjqkxczzumv XEqtpmllrky XVbibp)
(HOMESAFE TA_XTjqkxczzumv Xvbibp)
(DROPOFF TA_XSwqguyhe XSoda)
(WALK TA_XSwqguyhe XSoda XEankdxbivc)
(WALK TA_XSwqguyhe XEankdxbivc XLhsmxzizl)
(HOMESAFE TA_XSwqguyhe Xlhsmxzizl)
(DROPOFF TA_XUgtgajtqmg XSoda)
(WALK TA_XUgtgajtqmg XSoda XEankdxbivc)
(WALK TA_XUgtgajtqmg XEankdxbivc XNqdl)
(HOMESAFE TA_XUgtgajtqmg Xnqdl)
(DROPOFF TA_XCyvexr XSoda)
(WALK TA_XCyvexr XSoda XRchfmjdesx)
(WALK TA_XCyvexr XRchfmjdesx XUqfqb)
(HOMESAFE TA_XCyvexr Xuqfqb)
(DROPOFF TA_XLhsmxzizl XSoda)
(WALK TA_XLhsmxzizl XSoda XFedxvznrqw)
(WALK TA_XLhsmxzizl XFedxvznrqw XPrteefgv)
(HOMESAFE TA_XLhsmxzizl Xprteefgv)
(DROPOFF TA_XEqtpmllrky XSoda)
(WALK TA_XEqtpmllrky XSoda XBbqlwgzteg)
(WALK TA_XEqtpmllrky XBbqlwgzteg XZcefzlovt)
(HOMESAFE TA_XEqtpmllrky Xzcefzlovt)
(DROPOFF TA_XZcefzlovt XSoda)
(WALK TA_XZcefzlovt XSoda XRchfmjdesx)
(WALK TA_XZcefzlovt XRchfmjdesx XZgvnjegpj)
(HOMESAFE TA_XZcefzlovt Xzgvnjegpj)
(DROPOFF TA_XVvvqw XSoda)
(WALK TA_XVvvqw XSoda XHfbml)
(WALK TA_XVvvqw XHfbml XSwqguyhe)
(HOMESAFE TA_XVvvqw Xswqguyhe)
(DROPOFF TA_XPadpmqkrh XSoda)
(WALK TA_XPadpmqkrh XSoda XXbpw)
(WALK TA_XPadpmqkrh XXbpw XVbbopctjfsu)
(HOMESAFE TA_XPadpmqkrh Xvbbopctjfsu)
(DROPOFF TA_XPliaph XSoda)
(WALK TA_XPliaph XSoda XQqlqdxhzie)
(WALK TA_XPliaph XQqlqdxhzie XJnaceez)
(HOMESAFE TA_XPliaph Xjnaceez)
(DROPOFF TA_XPsynz XSoda)
(WALK TA_XPsynz XSoda XEankdxbivc)
(WALK TA_XPsynz XEankdxbivc XXyqun)
(HOMESAFE TA_XPsynz Xxyqun)
(DROPOFF TA_XYxjvwhefqif XSoda)
(WALK TA_XYxjvwhefqif XSoda XPhzivdsmd)
(WALK TA_XYxjvwhefqif XPhzivdsmd XQwebscsrirm)
(HOMESAFE TA_XYxjvwhefqif Xqwebscsrirm)
(DROPOFF TA_XPhjuuz XSoda)
(WALK TA_XPhjuuz XSoda XXbpw)
(WALK TA_XPhjuuz XXbpw XTjqkxczzumv)
(HOMESAFE TA_XPhjuuz Xtjqkxczzumv)
(DROPOFF TA_XWyvuhfzpeh XSoda)
(WALK TA_XWyvuhfzpeh XSoda XRchfmjdesx)
(WALK TA_XWyvuhfzpeh XRchfmjdesx XSaglt)
(HOMESAFE TA_XWyvuhfzpeh Xsaglt)
(DROPOFF TA_XMyxxw XSoda)
(WALK TA_XMyxxw XSoda XYxjvwhefqif)
(WALK TA_XMyxxw XYxjvwhefqif XFagweskgci)
(HOMESAFE TA_XMyxxw Xfagweskgci)
(DROPOFF TA_XUsfucahrvrj XSoda)
(WALK TA_XUsfucahrvrj XSoda XGyee)
(WALK TA_XUsfucahrvrj XGyee XNcfr)
(HOMESAFE TA_XUsfucahrvrj Xncfr)
(DROPOFF TA_XPrteefgv XSoda)
(WALK TA_XPrteefgv XSoda XYxjvwhefqif)
(WALK TA_XPrteefgv XYxjvwhefqif XPliaph)
(HOMESAFE TA_XPrteefgv Xpliaph)
(DROPOFF TA_XSlhe XSoda)
(WALK TA_XSlhe XSoda XEankdxbivc)
(WALK TA_XSlhe XEankdxbivc XXkegoqksfou)
(HOMESAFE TA_XSlhe Xxkegoqksfou)
(DROPOFF TA_XQwebscsrirm XSoda)
(WALK TA_XQwebscsrirm XSoda XEqtpmllrky)
(WALK TA_XQwebscsrirm XEqtpmllrky XVlgzfpnbc)
(HOMESAFE TA_XQwebscsrirm Xvlgzfpnbc)
(DROPOFF TA_XRxeuijsrpky XSoda)
(WALK TA_XRxeuijsrpky XSoda XQwisoqgzm)
(WALK TA_XRxeuijsrpky XQwisoqgzm XLyurrdtdw)
(HOMESAFE TA_XRxeuijsrpky Xlyurrdtdw)
(DROPOFF TA_XFmgwavgppb XSoda)
(WALK TA_XFmgwavgppb XSoda XHbsc)
(WALK TA_XFmgwavgppb XHbsc XFmgwavgppb)
(HOMESAFE TA_XFmgwavgppb Xfmgwavgppb)
(DROPOFF TA_XFwerc XSoda)
(WALK TA_XFwerc XSoda XRchfmjdesx)
(WALK TA_XFwerc XRchfmjdesx XMyxxw)
(HOMESAFE TA_XFwerc Xmyxxw)
(DROPOFF TA_XNkqzgfasj XSoda)
(WALK TA_XNkqzgfasj XSoda XHfbml)
(WALK TA_XNkqzgfasj XHfbml XPsynz)
(HOMESAFE TA_XNkqzgfasj Xpsynz)
(DROPOFF TA_XRchfmjdesx XSoda)
(WALK TA_XRchfmjdesx XSoda XHfbml)
(WALK TA_XRchfmjdesx XHfbml XSvdpn)
(HOMESAFE TA_XRchfmjdesx Xsvdpn)
(DROPOFF TA_XKslp XSoda)
(WALK TA_XKslp XSoda XFedxvznrqw)
(WALK TA_XKslp XFedxvznrqw XHoir)
(HOMESAFE TA_XKslp Xhoir)
(DROPOFF TA_XZxrxvqvnm XSoda)
(WALK TA_XZxrxvqvnm XSoda XHfbml)
(WALK TA_XZxrxvqvnm XHfbml XPadpmqkrh)
(HOMESAFE TA_XZxrxvqvnm Xpadpmqkrh)
(DROPOFF TA_XHfbml XSoda)
(WALK TA_XHfbml XSoda XHfow)
(WALK TA_XHfbml XHfow XYyrymdkl)
(HOMESAFE TA_XHfbml Xyyrymdkl)
(DROPOFF TA_XLcia XSoda)
(WALK TA_XLcia XSoda XHbsc)
(WALK TA_XLcia XHbsc XRxeuijsrpky)
(HOMESAFE TA_XLcia Xrxeuijsrpky)
(DROPOFF TA_XMzwrip XSoda)
(WALK TA_XMzwrip XSoda XHbsc)
(WALK TA_XMzwrip XHbsc XIbnxkznems)
(HOMESAFE TA_XMzwrip Xibnxkznems)
(DROPOFF TA_XVbbopctjfsu XSoda)
(WALK TA_XVbbopctjfsu XSoda XEankdxbivc)
(WALK TA_XVbbopctjfsu XEankdxbivc XPhjuuz)
(HOMESAFE TA_XVbbopctjfsu Xphjuuz)
(DROPOFF TA_XXbpw XSoda)
(WALK TA_XXbpw XSoda XHbsc)
(WALK TA_XXbpw XHbsc XLwkzgtniodd)
(HOMESAFE TA_XXbpw Xlwkzgtniodd)
(DROPOFF TA_XXyqun XSoda)
(WALK TA_XXyqun XSoda XBbqlwgzteg)
(WALK TA_XXyqun XBbqlwgzteg XCyvexr)
(HOMESAFE TA_XXyqun Xcyvexr)
(DROPOFF TA_XVlgzfpnbc XSoda)
(WALK TA_XVlgzfpnbc XSoda XEankdxbivc)
(WALK TA_XVlgzfpnbc XEankdxbivc XXyqun)
(WALK TA_XVlgzfpnbc XXyqun XMzwrip)
(HOMESAFE TA_XVlgzfpnbc Xmzwrip)
(DROPOFF TA_XJnaceez XSoda)
(WALK TA_XJnaceez XSoda XFedxvznrqw)
(WALK TA_XJnaceez XFedxvznrqw XPrteefgv)
(WALK TA_XJnaceez XPrteefgv XUgtgajtqmg)
(HOMESAFE TA_XJnaceez Xugtgajtqmg)
(DROPOFF TA_XNcfr XSoda)
(WALK TA_XNcfr XSoda XXbpw)
(WALK TA_XNcfr XXbpw XEtvvmmshisx)
(WALK TA_XNcfr XEtvvmmshisx XFwmaudwdwa)
(HOMESAFE TA_XNcfr Xfwmaudwdwa)
(DROPOFF TA_XHoir XSoda)
(WALK TA_XHoir XSoda XFedxvznrqw)
(WALK TA_XHoir XFedxvznrqw XSaglt)
(WALK TA_XHoir XSaglt XVvvqw)
(HOMESAFE TA_XHoir Xvvvqw)
(DROPOFF TA_XSvdpn XSoda)
(WALK TA_XSvdpn XSoda XFedxvznrqw)
(WALK TA_XSvdpn XFedxvznrqw XKinbv)
(WALK TA_XSvdpn XKinbv XUsfucahrvrj)
(HOMESAFE TA_XSvdpn Xusfucahrvrj)
(DROPOFF TA_XLyurrdtdw XSoda)
(WALK TA_XLyurrdtdw XSoda XRchfmjdesx)
(WALK TA_XLyurrdtdw XRchfmjdesx XMyxxw)
(WALK TA_XLyurrdtdw XMyxxw XNkqzgfasj)
(HOMESAFE TA_XLyurrdtdw Xnkqzgfasj)
(DROPOFF TA_XYyrymdkl XSoda)
(WALK TA_XYyrymdkl XSoda XGyee)
(WALK TA_XYyrymdkl XGyee XTbtcwv)
(WALK TA_XYyrymdkl XTbtcwv XZxrxvqvnm)
(HOMESAFE TA_XYyrymdkl Xzxrxvqvnm)
(DROPOFF TA_XFagweskgci XSoda)
(WALK TA_XFagweskgci XSoda XHbsc)
(WALK TA_XFagweskgci XHbsc XIbnxkznems)
(WALK TA_XFagweskgci XIbnxkznems XFwerc)
(HOMESAFE TA_XFagweskgci Xfwerc)
(DROPOFF TA_XNqdl XSoda)
(WALK TA_XNqdl XSoda XHfbml)
(WALK TA_XNqdl XHfbml XMbrldnmg)
(WALK TA_XNqdl XMbrldnmg XKslp)
(HOMESAFE TA_XNqdl Xkslp)
(DROPOFF TA_XIbnxkznems XSoda)
(WALK TA_XIbnxkznems XSoda XQwisoqgzm)
(WALK TA_XIbnxkznems XQwisoqgzm XLocjp)
(WALK TA_XIbnxkznems XLocjp XWyvuhfzpeh)
(HOMESAFE TA_XIbnxkznems Xwyvuhfzpeh)
(DROPOFF TA_XLwkzgtniodd XSoda)
(WALK TA_XLwkzgtniodd XSoda XHfbml)
(WALK TA_XLwkzgtniodd XHfbml XPxeoninncbl)
(WALK TA_XLwkzgtniodd XPxeoninncbl XSlhe)
(HOMESAFE TA_XLwkzgtniodd Xslhe)
(DROPOFF TA_XXkegoqksfou XSoda)
(WALK TA_XXkegoqksfou XSoda XEankdxbivc)
(WALK TA_XXkegoqksfou XEankdxbivc XNqdl)
(WALK TA_XXkegoqksfou XNqdl XLcia)
(HOMESAFE TA_XXkegoqksfou Xlcia)
