(DROPOFF TA_Xa0 Xd6)
(WALK TA_Xa0 Xd6 Xa0)
(HOMESAFE TA_Xa0 Xa0)
(DROPOFF TA_Xh4 Xd6)
(WALK TA_Xh4 Xd6 Xj6)
(HOMESAFE TA_Xh4 Xj6)
(DROPOFF TA_Xa2 Xd6)
(WALK TA_Xa2 Xd6 Xk0)
(HOMESAFE TA_Xa2 Xk0)
(DROPOFF TA_Xf3 Xd6)
(WALK TA_Xf3 Xd6 Xd5)
(HOMESAFE TA_Xf3 Xd5)
(DROPOFF TA_Xj3 Xd6)
(WALK TA_Xj3 Xd6 Xb1)
(HOMESAFE TA_Xj3 Xb1)
(DROPOFF TA_Xd1 Xd6)
(WALK TA_Xd1 Xd6 Xb7)
(HOMESAFE TA_Xd1 Xb7)
(DROPOFF TA_Xd5 Xd6)
(WALK TA_Xd5 Xd6 Xe2)
(HOMESAFE TA_Xd5 Xe2)
(DROPOFF TA_Xh7 Xd6)
(WALK TA_Xh7 Xd6 Xb2)
(HOMESAFE TA_Xh7 Xb2)
(DROPOFF TA_Xc7 Xd6)
(WALK TA_Xc7 Xd6 Xa8)
(HOMESAFE TA_Xc7 Xa8)
(DROPOFF TA_Xg4 Xd6)
(WALK TA_Xg4 Xd6 Xa2)
(HOMESAFE TA_Xg4 Xa2)
(DROPOFF TA_Xk2 Xd6)
(WALK TA_Xk2 Xd6 Xe1)
(HOMESAFE TA_Xk2 Xe1)
(DROPOFF TA_Xe1 Xd6)
(WALK TA_Xe1 Xd6 Xa7)
(HOMESAFE TA_Xe1 Xa7)
(DROPOFF TA_Xg7 Xd6)
(WALK TA_Xg7 Xd6 Xj5)
(HOMESAFE TA_Xg7 Xj5)
(DROPOFF TA_Xc2 Xd6)
(WALK TA_Xc2 Xd6 Xa5)
(HOMESAFE TA_Xc2 Xa5)
(DROPOFF TA_Xd8 Xd6)
(WALK TA_Xd8 Xd6 Xc8)
(HOMESAFE TA_Xd8 Xc8)
(DROPOFF TA_Xc1 Xd6)
(WALK TA_Xc1 Xd6 Xh8)
(HOMESAFE TA_Xc1 Xh8)
(DROPOFF TA_Xc8 Xd6)
(WALK TA_Xc8 Xd6 Xh4)
(HOMESAFE TA_Xc8 Xh4)
(DROPOFF TA_Xb1 Xd6)
(WALK TA_Xb1 Xd6 Xa3)
(WALK TA_Xb1 Xa3 Xf0)
(HOMESAFE TA_Xb1 Xf0)
(DROPOFF TA_Xf0 Xd6)
(WALK TA_Xf0 Xd6 Xh8)
(WALK TA_Xf0 Xh8 Xd2)
(HOMESAFE TA_Xf0 Xd2)
(DROPOFF TA_Xd3 Xd6)
(WALK TA_Xd3 Xd6 Xh4)
(WALK TA_Xd3 Xh4 Xc1)
(HOMESAFE TA_Xd3 Xc1)
(DROPOFF TA_Xd7 Xd6)
(WALK TA_Xd7 Xd6 Xa3)
(WALK TA_Xd7 Xa3 Xf3)
(HOMESAFE TA_Xd7 Xf3)
(DROPOFF TA_Xf2 Xd6)
(WALK TA_Xf2 Xd6 Xg2)
(WALK TA_Xf2 Xg2 Xg5)
(HOMESAFE TA_Xf2 Xg5)
(DROPOFF TA_Xa8 Xd6)
(WALK TA_Xa8 Xd6 Xe2)
(WALK TA_Xa8 Xe2 Xc2)
(HOMESAFE TA_Xa8 Xc2)
(DROPOFF TA_Xh3 Xd6)
(WALK TA_Xh3 Xd6 Xb7)
(WALK TA_Xh3 Xb7 Xg7)
(HOMESAFE TA_Xh3 Xg7)
(DROPOFF TA_Xj0 Xd6)
(WALK TA_Xj0 Xd6 Xb2)
(WALK TA_Xj0 Xb2 Xh3)
(HOMESAFE TA_Xj0 Xh3)
(DROPOFF TA_Xh8 Xd6)
(WALK TA_Xh8 Xd6 Xa2)
(WALK TA_Xh8 Xa2 Xd7)
(HOMESAFE TA_Xh8 Xd7)
(DROPOFF TA_Xg5 Xd6)
(WALK TA_Xg5 Xd6 Xb7)
(WALK TA_Xg5 Xb7 Xj3)
(HOMESAFE TA_Xg5 Xj3)
(DROPOFF TA_Xg0 Xd6)
(WALK TA_Xg0 Xd6 Xh6)
(WALK TA_Xg0 Xh6 Xj7)
(HOMESAFE TA_Xg0 Xj7)
(DROPOFF TA_Xh5 Xd6)
(WALK TA_Xh5 Xd6 Xa2)
(WALK TA_Xh5 Xa2 Xg4)
(HOMESAFE TA_Xh5 Xg4)
(DROPOFF TA_Xk0 Xd6)
(WALK TA_Xk0 Xd6 Xa8)
(WALK TA_Xk0 Xa8 Xg0)
(HOMESAFE TA_Xk0 Xg0)
(DROPOFF TA_Xb7 Xd6)
(WALK TA_Xb7 Xd6 Xa3)
(WALK TA_Xb7 Xa3 Xk2)
(HOMESAFE TA_Xb7 Xk2)
(DROPOFF TA_Xa5 Xd6)
(WALK TA_Xa5 Xd6 Xb7)
(WALK TA_Xa5 Xb7 Xd3)
(HOMESAFE TA_Xa5 Xd3)
(DROPOFF TA_Xj5 Xd6)
(WALK TA_Xj5 Xd6 Xb1)
(WALK TA_Xj5 Xb1 Xh9)
(HOMESAFE TA_Xj5 Xh9)
(DROPOFF TA_Xa6 Xd6)
(WALK TA_Xa6 Xd6 Xc4)
(WALK TA_Xa6 Xc4 Xb8)
(HOMESAFE TA_Xa6 Xb8)
(DROPOFF TA_Xf5 Xd6)
(WALK TA_Xf5 Xd6 Xa8)
(WALK TA_Xf5 Xa8 Xh0)
(HOMESAFE TA_Xf5 Xh0)
(DROPOFF TA_Xh9 Xd6)
(WALK TA_Xh9 Xd6 Xb6)
(WALK TA_Xh9 Xb6 Xc6)
(HOMESAFE TA_Xh9 Xc6)
(DROPOFF TA_Xb8 Xd6)
(WALK TA_Xb8 Xd6 Xg2)
(WALK TA_Xb8 Xg2 Xb5)
(HOMESAFE TA_Xb8 Xb5)
(DROPOFF TA_Xa7 Xd6)
(WALK TA_Xa7 Xd6 Xb1)
(WALK TA_Xa7 Xb1 Xf2)
(HOMESAFE TA_Xa7 Xf2)
(DROPOFF TA_Xb3 Xd6)
(WALK TA_Xb3 Xd6 Xc8)
(WALK TA_Xb3 Xc8 Xf5)
(HOMESAFE TA_Xb3 Xf5)
(DROPOFF TA_Xc0 Xd6)
(WALK TA_Xc0 Xd6 Xa7)
(WALK TA_Xc0 Xa7 Xc0)
(HOMESAFE TA_Xc0 Xc0)
(DROPOFF TA_Xc6 Xd6)
(WALK TA_Xc6 Xd6 Xc8)
(WALK TA_Xc6 Xc8 Xh7)
(HOMESAFE TA_Xc6 Xh7)
(DROPOFF TA_Xd9 Xd6)
(WALK TA_Xd9 Xd6 Xh4)
(WALK TA_Xd9 Xh4 Xd1)
(HOMESAFE TA_Xd9 Xd1)
(DROPOFF TA_Xb2 Xd6)
(WALK TA_Xb2 Xd6 Xj5)
(WALK TA_Xb2 Xj5 Xe0)
(HOMESAFE TA_Xb2 Xe0)
(DROPOFF TA_Xb5 Xd6)
(WALK TA_Xb5 Xd6 Xa8)
(WALK TA_Xb5 Xa8 Xc7)
(HOMESAFE TA_Xb5 Xc7)
(DROPOFF TA_Xe0 Xd6)
(WALK TA_Xe0 Xd6 Xa8)
(WALK TA_Xe0 Xa8 Xb3)
(HOMESAFE TA_Xe0 Xb3)
(DROPOFF TA_Xh0 Xd6)
(WALK TA_Xh0 Xd6 Xa7)
(WALK TA_Xh0 Xa7 Xd9)
(HOMESAFE TA_Xh0 Xd9)
(DROPOFF TA_Xj6 Xd6)
(WALK TA_Xj6 Xd6 Xa2)
(WALK TA_Xj6 Xa2 Xh5)
(HOMESAFE TA_Xj6 Xh5)
(DROPOFF TA_Xj7 Xd6)
(WALK TA_Xj7 Xd6 Xb6)
(WALK TA_Xj7 Xb6 Xa6)
(HOMESAFE TA_Xj7 Xa6)
(DROPOFF TA_Xe2 Xd6)
(WALK TA_Xe2 Xd6 Xc3)
(WALK TA_Xe2 Xc3 Xd8)
(HOMESAFE TA_Xe2 Xd8)
(DROPOFF TA_Xd2 Xd6)
(WALK TA_Xd2 Xd6 Xk0)
(WALK TA_Xd2 Xk0 Xj0)
(HOMESAFE TA_Xd2 Xj0)
