(DRIVE Xaa0 Xgd9)
(DRIVE Xgd9 Xgd6)
(DRIVE Xgd6 Xgd5)
(DRIVE Xgd5 Xgd2)
(DRIVE Xgd2 Xgd0)
(DRIVE Xgd0 Xgc9)
(DRIVE Xgc9 Xgc5)
(DRIVE Xgc5 Xgc6)
(DRIVE Xgc6 Xgc0)
(DRIVE Xgc0 Xgb9)
(DRIVE Xgb9 Xgb7)
(DRIVE Xgb7 Xgb1)
(DRIVE Xgb1 Xgb0)
(DRIVE Xgb0 Xga9)
(DRIVE Xga9 Xga8)
(DRIVE Xga8 Xga5)
(DRIVE Xga5 Xga1)
(DRIVE Xga1 Xga3)
(DROPOFF TA_Xaa5 Xga3)
(HOMESAFE TA_Xaa5 Xga3)
(DRIVE Xga3 Xga4)
(DROPOFF TA_Xaa6 Xga4)
(HOMESAFE TA_Xaa6 Xga4)
(DRIVE Xga4 Xga8)
(DRIVE Xga8 Xga5)
(DRIVE Xga5 Xga1)
(DRIVE Xga1 Xga0)
(DRIVE Xga0 Xad9)
(DRIVE Xad9 Xad0)
(DRIVE Xad0 Xac9)
(DRIVE Xac9 Xac4)
(DRIVE Xac4 Xac7)
(DROPOFF TA_Xaa3 Xac7)
(HOMESAFE TA_Xaa3 Xac7)
(DRIVE Xac7 Xac4)
(DRIVE Xac4 Xac9)
(DRIVE Xac9 Xad0)
(DRIVE Xad0 Xad9)
(DRIVE Xad9 Xga0)
(DRIVE Xga0 Xga1)
(DRIVE Xga1 Xga5)
(DRIVE Xga5 Xga8)
(DRIVE Xga8 Xga9)
(DRIVE Xga9 Xgb0)
(DRIVE Xgb0 Xgb3)
(DROPOFF TA_Xaa4 Xgb3)
(HOMESAFE TA_Xaa4 Xgb3)
(DRIVE Xgb3 Xgb0)
(DRIVE Xgb0 Xgb2)
(DROPOFF TA_Xaa7 Xgb2)
(HOMESAFE TA_Xaa7 Xgb2)
(DRIVE Xgb2 Xgb0)
(DRIVE Xgb0 Xga9)
(DRIVE Xga9 Xga8)
(DRIVE Xga8 Xga5)
(DRIVE Xga5 Xga1)
(DRIVE Xga1 Xga0)
(DRIVE Xga0 Xad9)
(DRIVE Xad9 Xad0)
(DRIVE Xad0 Xac9)
(DRIVE Xac9 Xac4)
(DRIVE Xac4 Xac7)
(DRIVE Xac7 Xac3)
(DROPOFF TA_Xab2 Xac3)
(HOMESAFE TA_Xab2 Xac3)
(DRIVE Xac3 Xac7)
(DRIVE Xac7 Xac4)
(DRIVE Xac4 Xac9)
(DRIVE Xac9 Xad0)
(DRIVE Xad0 Xad9)
(DRIVE Xad9 Xga0)
(DRIVE Xga0 Xga1)
(DRIVE Xga1 Xga5)
(DRIVE Xga5 Xga8)
(DRIVE Xga8 Xga9)
(DRIVE Xga9 Xgb0)
(DRIVE Xgb0 Xgb1)
(DRIVE Xgb1 Xgb7)
(DROPOFF TA_Xab4 Xgb7)
(HOMESAFE TA_Xab4 Xgb7)
(DRIVE Xgb7 Xgb4)
(DROPOFF TA_Xab5 Xgb4)
(HOMESAFE TA_Xab5 Xgb4)
(DRIVE Xgb4 Xgb3)
(DRIVE Xgb3 Xgb0)
(DRIVE Xgb0 Xga9)
(DRIVE Xga9 Xga8)
(DRIVE Xga8 Xga5)
(DRIVE Xga5 Xga1)
(DRIVE Xga1 Xga0)
(DRIVE Xga0 Xad9)
(DRIVE Xad9 Xad0)
(DRIVE Xad0 Xac9)
(DRIVE Xac9 Xac4)
(DRIVE Xac4 Xac7)
(DRIVE Xac7 Xac3)
(DRIVE Xac3 Xac6)
(DROPOFF TA_Xab7 Xac6)
(HOMESAFE TA_Xab7 Xac6)
(DRIVE Xac6 Xac3)
(DRIVE Xac3 Xac7)
(DRIVE Xac7 Xac4)
(DRIVE Xac4 Xac9)
(DRIVE Xac9 Xad0)
(DRIVE Xad0 Xad9)
(DRIVE Xad9 Xga0)
(DRIVE Xga0 Xga1)
(DRIVE Xga1 Xga5)
(DRIVE Xga5 Xga8)
(DRIVE Xga8 Xga9)
(DRIVE Xga9 Xgb0)
(DRIVE Xgb0 Xgb1)
(DRIVE Xgb1 Xgb6)
(DROPOFF TA_Xab8 Xgb6)
(HOMESAFE TA_Xab8 Xgb6)
(DRIVE Xgb6 Xgb9)
(DRIVE Xgb9 Xgc0)
(DRIVE Xgc0 Xgc3)
(DROPOFF TA_Xac2 Xgc3)
(HOMESAFE TA_Xac2 Xgc3)
(DRIVE Xgc3 Xgc0)
(DRIVE Xgc0 Xgb9)
(DRIVE Xgb9 Xgb8)
(DRIVE Xgb8 Xgb1)
(DRIVE Xgb1 Xgb0)
(DRIVE Xgb0 Xga9)
(DRIVE Xga9 Xga8)
(DRIVE Xga8 Xga5)
(DRIVE Xga5 Xga1)
(DRIVE Xga1 Xga0)
(DRIVE Xga0 Xad9)
(DRIVE Xad9 Xad0)
(DRIVE Xad0 Xac9)
(DRIVE Xac9 Xac4)
(DRIVE Xac4 Xac0)
(DRIVE Xac0 Xab9)
(DRIVE Xab9 Xab8)
(DROPOFF TA_Xac3 Xab8)
(HOMESAFE TA_Xac3 Xab8)
(DRIVE Xab8 Xab7)
(DROPOFF TA_Xac6 Xab7)
(HOMESAFE TA_Xac6 Xab7)
(DRIVE Xab7 Xab8)
(DRIVE Xab8 Xab9)
(DRIVE Xab9 Xac0)
(DRIVE Xac0 Xac4)
(DRIVE Xac4 Xac9)
(DRIVE Xac9 Xad0)
(DRIVE Xad0 Xad9)
(DRIVE Xad9 Xga0)
(DRIVE Xga0 Xga1)
(DRIVE Xga1 Xga5)
(DRIVE Xga5 Xga8)
(DRIVE Xga8 Xga9)
(DRIVE Xga9 Xgb0)
(DRIVE Xgb0 Xgb1)
(DRIVE Xgb1 Xgb8)
(DRIVE Xgb8 Xgb9)
(DRIVE Xgb9 Xgc0)
(DRIVE Xgc0 Xgc6)
(DRIVE Xgc6 Xgc5)
(DROPOFF TA_Xac7 Xgc5)
(HOMESAFE TA_Xac7 Xgc5)
(DRIVE Xgc5 Xgc6)
(DRIVE Xgc6 Xgc0)
(DRIVE Xgc0 Xgb9)
(DRIVE Xgb9 Xgb8)
(DRIVE Xgb8 Xgb1)
(DRIVE Xgb1 Xgb0)
(DRIVE Xgb0 Xga9)
(DRIVE Xga9 Xga8)
(DRIVE Xga8 Xga5)
(DRIVE Xga5 Xga1)
(DRIVE Xga1 Xga0)
(DRIVE Xga0 Xad9)
(DRIVE Xad9 Xad0)
(DRIVE Xad0 Xac9)
(DRIVE Xac9 Xac4)
(DRIVE Xac4 Xac0)
(DRIVE Xac0 Xab9)
(DRIVE Xab9 Xab8)
(DRIVE Xab8 Xab7)
(DRIVE Xab7 Xab4)
(DROPOFF TA_Xac8 Xab4)
(HOMESAFE TA_Xac8 Xab4)
(DRIVE Xab4 Xab7)
(DRIVE Xab7 Xab8)
(DRIVE Xab8 Xab9)
(DRIVE Xab9 Xac0)
(DRIVE Xac0 Xac4)
(DRIVE Xac4 Xac9)
(DRIVE Xac9 Xad0)
(DRIVE Xad0 Xad9)
(DRIVE Xad9 Xga0)
(DRIVE Xga0 Xga1)
(DRIVE Xga1 Xga5)
(DRIVE Xga5 Xga8)
(DRIVE Xga8 Xga9)
(DRIVE Xga9 Xgb0)
(DRIVE Xgb0 Xgb1)
(DRIVE Xgb1 Xgb8)
(DRIVE Xgb8 Xgb9)
(DRIVE Xgb9 Xgc0)
(DRIVE Xgc0 Xgc6)
(DRIVE Xgc6 Xgc5)
(DRIVE Xgc5 Xgc9)
(DRIVE Xgc9 Xgd0)
(DRIVE Xgd0 Xgd2)
(DRIVE Xgd2 Xgd5)
(DRIVE Xgd5 Xgd3)
(DROPOFF TA_Xad4 Xgd3)
(HOMESAFE TA_Xad4 Xgd3)
(DRIVE Xgd3 Xgd5)
(DRIVE Xgd5 Xgd2)
(DRIVE Xgd2 Xgd0)
(DRIVE Xgd0 Xgc9)
(DRIVE Xgc9 Xgc5)
(DRIVE Xgc5 Xgc6)
(DRIVE Xgc6 Xgc0)
(DRIVE Xgc0 Xgb9)
(DRIVE Xgb9 Xgb8)
(DRIVE Xgb8 Xgb1)
(DRIVE Xgb1 Xgb0)
(DRIVE Xgb0 Xga9)
(DRIVE Xga9 Xga8)
(DRIVE Xga8 Xga5)
(DRIVE Xga5 Xga1)
(DRIVE Xga1 Xga0)
(DRIVE Xga0 Xad9)
(DRIVE Xad9 Xad0)
(DRIVE Xad0 Xac9)
(DRIVE Xac9 Xac4)
(DRIVE Xac4 Xac0)
(DRIVE Xac0 Xab9)
(DRIVE Xab9 Xab8)
(DRIVE Xab8 Xab7)
(DRIVE Xab7 Xab4)
(DRIVE Xab4 Xab2)
(DROPOFF TA_Xad5 Xab2)
(HOMESAFE TA_Xad5 Xab2)
(DRIVE Xab2 Xab4)
(DRIVE Xab4 Xab7)
(DRIVE Xab7 Xab8)
(DRIVE Xab8 Xab9)
(DRIVE Xab9 Xac0)
(DRIVE Xac0 Xac4)
(DRIVE Xac4 Xac9)
(DRIVE Xac9 Xad0)
(DRIVE Xad0 Xad9)
(DRIVE Xad9 Xga0)
(DRIVE Xga0 Xga1)
(DRIVE Xga1 Xga5)
(DRIVE Xga5 Xga8)
(DRIVE Xga8 Xga9)
(DRIVE Xga9 Xgb0)
(DRIVE Xgb0 Xgb1)
(DRIVE Xgb1 Xgb8)
(DRIVE Xgb8 Xgb9)
(DRIVE Xgb9 Xgc0)
(DRIVE Xgc0 Xgc6)
(DRIVE Xgc6 Xgc5)
(DRIVE Xgc5 Xgc9)
(DRIVE Xgc9 Xgd0)
(DRIVE Xgd0 Xgd2)
(DRIVE Xgd2 Xgd5)
(DRIVE Xgd5 Xgd6)
(DRIVE Xgd6 Xgd4)
(DROPOFF TA_Xad6 Xgd4)
(HOMESAFE TA_Xad6 Xgd4)
(DRIVE Xgd4 Xgd6)
(DRIVE Xgd6 Xgd5)
(DRIVE Xgd5 Xgd2)
(DRIVE Xgd2 Xgd0)
(DRIVE Xgd0 Xgc9)
(DRIVE Xgc9 Xgc5)
(DRIVE Xgc5 Xgc6)
(DRIVE Xgc6 Xgc0)
(DRIVE Xgc0 Xgc7)
(DRIVE Xgc7 Xgc8)
(DROPOFF TA_Xad7 Xgc8)
(HOMESAFE TA_Xad7 Xgc8)
(DRIVE Xgc8 Xgc7)
(DRIVE Xgc7 Xgc0)
(DRIVE Xgc0 Xgc6)
(DRIVE Xgc6 Xgc5)
(DRIVE Xgc5 Xgc9)
(DRIVE Xgc9 Xgd0)
(DRIVE Xgd0 Xgd2)
(DRIVE Xgd2 Xgd5)
(DRIVE Xgd5 Xgd6)
(DRIVE Xgd6 Xgd9)
(DROPOFF TA_Xad8 Xgd9)
(HOMESAFE TA_Xad8 Xgd9)
(DRIVE Xgd9 Xgd6)
(DRIVE Xgd6 Xgd5)
(DRIVE Xgd5 Xgd2)
(DRIVE Xgd2 Xgd0)
(DRIVE Xgd0 Xgc9)
(DRIVE Xgc9 Xgc5)
(DRIVE Xgc5 Xgc6)
(DRIVE Xgc6 Xgc0)
(DRIVE Xgc0 Xgb9)
(DRIVE Xgb9 Xgb8)
(DRIVE Xgb8 Xgb1)
(DRIVE Xgb1 Xgb0)
(DRIVE Xgb0 Xga9)
(DRIVE Xga9 Xga8)
(DRIVE Xga8 Xga5)
(DRIVE Xga5 Xga1)
(DRIVE Xga1 Xga0)
(DRIVE Xga0 Xad9)
(DRIVE Xad9 Xad0)
(DRIVE Xad0 Xac9)
(DRIVE Xac9 Xac4)
(DRIVE Xac4 Xac0)
(DRIVE Xac0 Xab9)
(DRIVE Xab9 Xab8)
(DRIVE Xab8 Xab5)
(DROPOFF TA_Xga2 Xab5)
(HOMESAFE TA_Xga2 Xab5)
(DRIVE Xab5 Xab8)
(DRIVE Xab8 Xab9)
(DRIVE Xab9 Xac0)
(DRIVE Xac0 Xac4)
(DRIVE Xac4 Xac9)
(DRIVE Xac9 Xad0)
(DRIVE Xad0 Xad9)
(DRIVE Xad9 Xga0)
(DRIVE Xga0 Xga1)
(DRIVE Xga1 Xga5)
(DRIVE Xga5 Xga8)
(DRIVE Xga8 Xga9)
(DRIVE Xga9 Xgb0)
(DRIVE Xgb0 Xgb1)
(DRIVE Xgb1 Xgb8)
(DRIVE Xgb8 Xgb9)
(DRIVE Xgb9 Xgc0)
(DRIVE Xgc0 Xgc6)
(DRIVE Xgc6 Xgc5)
(DRIVE Xgc5 Xgc9)
(DRIVE Xgc9 Xgd0)
(DRIVE Xgd0 Xgd2)
(DRIVE Xgd2 Xgd5)
(DRIVE Xgd5 Xgd6)
(DRIVE Xgd6 Xgd8)
(DROPOFF TA_Xga3 Xgd8)
(HOMESAFE TA_Xga3 Xgd8)
(DRIVE Xgd8 Xgd6)
(DRIVE Xgd6 Xgd5)
(DRIVE Xgd5 Xgd2)
(DRIVE Xgd2 Xgd0)
(DRIVE Xgd0 Xgc9)
(DRIVE Xgc9 Xgc5)
(DRIVE Xgc5 Xgc6)
(DRIVE Xgc6 Xgc0)
(DRIVE Xgc0 Xgb9)
(DRIVE Xgb9 Xgb8)
(DRIVE Xgb8 Xgb1)
(DRIVE Xgb1 Xgb0)
(DRIVE Xgb0 Xga9)
(DRIVE Xga9 Xga8)
(DRIVE Xga8 Xga5)
(DRIVE Xga5 Xga1)
(DRIVE Xga1 Xga2)
(DROPOFF TA_Xga6 Xga2)
(HOMESAFE TA_Xga6 Xga2)
(DRIVE Xga2 Xga1)
(DRIVE Xga1 Xga5)
(DRIVE Xga5 Xga8)
(DRIVE Xga8 Xga9)
(DRIVE Xga9 Xgb0)
(DRIVE Xgb0 Xgb1)
(DRIVE Xgb1 Xgb8)
(DRIVE Xgb8 Xgb9)
(DRIVE Xgb9 Xgc0)
(DRIVE Xgc0 Xgc6)
(DRIVE Xgc6 Xgc5)
(DRIVE Xgc5 Xgc9)
(DRIVE Xgc9 Xgd0)
(DRIVE Xgd0 Xgd2)
(DRIVE Xgd2 Xgd5)
(DRIVE Xgd5 Xgd6)
(DRIVE Xgd6 Xgd7)
(DROPOFF TA_Xga4 Xgd7)
(HOMESAFE TA_Xga4 Xgd7)
(DRIVE Xgd7 Xgd6)
(DRIVE Xgd6 Xgd5)
(DRIVE Xgd5 Xgd2)
(DRIVE Xgd2 Xgd0)
(DRIVE Xgd0 Xgc9)
(DRIVE Xgc9 Xgc5)
(DRIVE Xgc5 Xgc6)
(DRIVE Xgc6 Xgc0)
(DRIVE Xgc0 Xgb9)
(DRIVE Xgb9 Xgb8)
(DRIVE Xgb8 Xgb1)
(DRIVE Xgb1 Xgb0)
(DRIVE Xgb0 Xga9)
(DRIVE Xga9 Xga8)
(DRIVE Xga8 Xga5)
(DRIVE Xga5 Xga1)
(DRIVE Xga1 Xga0)
(DRIVE Xga0 Xad9)
(DRIVE Xad9 Xad0)
(DRIVE Xad0 Xac9)
(DRIVE Xac9 Xac4)
(DRIVE Xac4 Xac7)
(DRIVE Xac7 Xac3)
(DRIVE Xac3 Xac6)
(DRIVE Xac6 Xac8)
(DROPOFF TA_Xga7 Xac8)
(HOMESAFE TA_Xga7 Xac8)
(DRIVE Xac8 Xac6)
(DRIVE Xac6 Xac3)
(DRIVE Xac3 Xac7)
(DRIVE Xac7 Xac4)
(DRIVE Xac4 Xac0)
(DRIVE Xac0 Xab9)
(DRIVE Xab9 Xab8)
(DRIVE Xab8 Xab7)
(DRIVE Xab7 Xab4)
(DRIVE Xab4 Xab2)
(DRIVE Xab2 Xab0)
(DRIVE Xab0 Xaa9)
(DRIVE Xaa9 Xaa8)
(DRIVE Xaa8 Xaa5)
(DROPOFF TA_Xgb2 Xaa5)
(HOMESAFE TA_Xgb2 Xaa5)
(DRIVE Xaa5 Xaa8)
(DRIVE Xaa8 Xaa9)
(DRIVE Xaa9 Xab0)
(DRIVE Xab0 Xab2)
(DRIVE Xab2 Xab4)
(DRIVE Xab4 Xab7)
(DRIVE Xab7 Xab8)
(DRIVE Xab8 Xab9)
(DRIVE Xab9 Xac0)
(DRIVE Xac0 Xac4)
(DRIVE Xac4 Xac9)
(DRIVE Xac9 Xad0)
(DRIVE Xad0 Xad9)
(DRIVE Xad9 Xga0)
(DRIVE Xga0 Xga1)
(DRIVE Xga1 Xga5)
(DRIVE Xga5 Xga6)
(DROPOFF TA_Xgb3 Xga6)
(HOMESAFE TA_Xgb3 Xga6)
(DRIVE Xga6 Xga5)
(DRIVE Xga5 Xga1)
(DRIVE Xga1 Xga0)
(DRIVE Xga0 Xad9)
(DRIVE Xad9 Xad0)
(DRIVE Xad0 Xac9)
(DRIVE Xac9 Xac4)
(DRIVE Xac4 Xac0)
(DRIVE Xac0 Xab9)
(DRIVE Xab9 Xab8)
(DRIVE Xab8 Xab7)
(DRIVE Xab7 Xab4)
(DRIVE Xab4 Xab2)
(DRIVE Xab2 Xab0)
(DRIVE Xab0 Xaa9)
(DRIVE Xaa9 Xaa8)
(DRIVE Xaa8 Xaa2)
(DRIVE Xaa2 Xaa4)
(DROPOFF TA_Xgb4 Xaa4)
(HOMESAFE TA_Xgb4 Xaa4)
(DRIVE Xaa4 Xaa2)
(DRIVE Xaa2 Xaa8)
(DRIVE Xaa8 Xaa9)
(DRIVE Xaa9 Xab0)
(DRIVE Xab0 Xab2)
(DRIVE Xab2 Xab4)
(DRIVE Xab4 Xab7)
(DRIVE Xab7 Xab8)
(DRIVE Xab8 Xab9)
(DRIVE Xab9 Xac0)
(DRIVE Xac0 Xac4)
(DRIVE Xac4 Xac9)
(DRIVE Xac9 Xad0)
(DRIVE Xad0 Xad9)
(DRIVE Xad9 Xad1)
(DRIVE Xad1 Xad2)
(DRIVE Xad2 Xad3)
(DRIVE Xad3 Xad8)
(DROPOFF TA_Xgb6 Xad8)
(HOMESAFE TA_Xgb6 Xad8)
(DRIVE Xad8 Xad3)
(DRIVE Xad3 Xad2)
(DRIVE Xad2 Xad1)
(DRIVE Xad1 Xad9)
(DRIVE Xad9 Xga0)
(DRIVE Xga0 Xga1)
(DRIVE Xga1 Xga5)
(DRIVE Xga5 Xga8)
(DRIVE Xga8 Xga9)
(DRIVE Xga9 Xgb0)
(DRIVE Xgb0 Xgb1)
(DRIVE Xgb1 Xgb8)
(DRIVE Xgb8 Xgb9)
(DRIVE Xgb9 Xgc0)
(DRIVE Xgc0 Xgc1)
(DROPOFF TA_Xgb7 Xgc1)
(HOMESAFE TA_Xgb7 Xgc1)
(DRIVE Xgc1 Xgc0)
(DRIVE Xgc0 Xgb9)
(DRIVE Xgb9 Xgb8)
(DRIVE Xgb8 Xgb1)
(DRIVE Xgb1 Xgb0)
(DRIVE Xgb0 Xga9)
(DRIVE Xga9 Xga8)
(DRIVE Xga8 Xga5)
(DRIVE Xga5 Xga1)
(DRIVE Xga1 Xga0)
(DRIVE Xga0 Xad9)
(DRIVE Xad9 Xad0)
(DRIVE Xad0 Xac9)
(DRIVE Xac9 Xac4)
(DRIVE Xac4 Xac2)
(DROPOFF TA_Xgc1 Xac2)
(HOMESAFE TA_Xgc1 Xac2)
(DRIVE Xac2 Xac4)
(DRIVE Xac4 Xac9)
(DRIVE Xac9 Xad0)
(DRIVE Xad0 Xad9)
(DRIVE Xad9 Xad1)
(DRIVE Xad1 Xad2)
(DRIVE Xad2 Xad3)
(DRIVE Xad3 Xad7)
(DROPOFF TA_Xgc2 Xad7)
(HOMESAFE TA_Xgc2 Xad7)
(DRIVE Xad7 Xad3)
(DRIVE Xad3 Xad2)
(DRIVE Xad2 Xad1)
(DRIVE Xad1 Xad9)
(DRIVE Xad9 Xga0)
(DRIVE Xga0 Xga1)
(DRIVE Xga1 Xga5)
(DRIVE Xga5 Xga8)
(DRIVE Xga8 Xga7)
(DROPOFF TA_Xgc3 Xga7)
(HOMESAFE TA_Xgc3 Xga7)
(DRIVE Xga7 Xga8)
(DRIVE Xga8 Xga5)
(DRIVE Xga5 Xga1)
(DRIVE Xga1 Xga0)
(DRIVE Xga0 Xad9)
(DRIVE Xad9 Xad0)
(DRIVE Xad0 Xac9)
(DRIVE Xac9 Xac4)
(DRIVE Xac4 Xac0)
(DRIVE Xac0 Xab9)
(DRIVE Xab9 Xab8)
(DRIVE Xab8 Xab7)
(DRIVE Xab7 Xab4)
(DRIVE Xab4 Xab2)
(DRIVE Xab2 Xab0)
(DRIVE Xab0 Xaa9)
(DRIVE Xaa9 Xaa8)
(DRIVE Xaa8 Xaa5)
(DRIVE Xaa5 Xaa6)
(DROPOFF TA_Xgc5 Xaa6)
(HOMESAFE TA_Xgc5 Xaa6)
(DRIVE Xaa6 Xaa5)
(DRIVE Xaa5 Xaa8)
(DRIVE Xaa8 Xaa9)
(DRIVE Xaa9 Xab0)
(DRIVE Xab0 Xab2)
(DRIVE Xab2 Xab4)
(DRIVE Xab4 Xab7)
(DRIVE Xab7 Xab8)
(DRIVE Xab8 Xab9)
(DRIVE Xab9 Xac0)
(DRIVE Xac0 Xac5)
(DRIVE Xac5 Xac9)
(DRIVE Xac9 Xad0)
(DRIVE Xad0 Xad9)
(DRIVE Xad9 Xad1)
(DRIVE Xad1 Xad2)
(DRIVE Xad2 Xad3)
(DRIVE Xad3 Xad6)
(DROPOFF TA_Xgc8 Xad6)
(HOMESAFE TA_Xgc8 Xad6)
(DRIVE Xad6 Xad3)
(DRIVE Xad3 Xad2)
(DRIVE Xad2 Xad1)
(DRIVE Xad1 Xad9)
(DRIVE Xad9 Xad0)
(DRIVE Xad0 Xac9)
(DRIVE Xac9 Xac4)
(DRIVE Xac4 Xac0)
(DRIVE Xac0 Xab9)
(DRIVE Xab9 Xab8)
(DRIVE Xab8 Xab7)
(DRIVE Xab7 Xab4)
(DRIVE Xab4 Xab2)
(DRIVE Xab2 Xab0)
(DRIVE Xab0 Xaa9)
(DRIVE Xaa9 Xaa8)
(DRIVE Xaa8 Xaa2)
(DRIVE Xaa2 Xaa4)
(DRIVE Xaa4 Xaa7)
(DROPOFF TA_Xgd3 Xaa7)
(HOMESAFE TA_Xgd3 Xaa7)
(DRIVE Xaa7 Xaa4)
(DRIVE Xaa4 Xaa2)
(DRIVE Xaa2 Xaa1)
(DRIVE Xaa1 Xaa0)
(DRIVE Xaa0 Xgd9)
(DRIVE Xgd9 Xgd6)
(DRIVE Xgd6 Xgd5)
(DRIVE Xgd5 Xgd2)
(DRIVE Xgd2 Xgd0)
(DRIVE Xgd0 Xgc9)
(DRIVE Xgc9 Xgc5)
(DRIVE Xgc5 Xgc6)
(DRIVE Xgc6 Xgc0)
(DRIVE Xgc0 Xgb9)
(DRIVE Xgb9 Xgb8)
(DRIVE Xgb8 Xgb1)
(DRIVE Xgb1 Xgb0)
(DRIVE Xgb0 Xga9)
(DRIVE Xga9 Xga8)
(DRIVE Xga8 Xga5)
(DRIVE Xga5 Xga1)
(DRIVE Xga1 Xga0)
(DRIVE Xga0 Xad9)
(DRIVE Xad9 Xad1)
(DRIVE Xad1 Xad2)
(DRIVE Xad2 Xad3)
(DRIVE Xad3 Xad5)
(DROPOFF TA_Xgd4 Xad5)
(HOMESAFE TA_Xgd4 Xad5)
(DRIVE Xad5 Xad3)
(DRIVE Xad3 Xad2)
(DRIVE Xad2 Xad1)
(DRIVE Xad1 Xad9)
(DRIVE Xad9 Xga0)
(DRIVE Xga0 Xga1)
(DRIVE Xga1 Xga5)
(DRIVE Xga5 Xga8)
(DRIVE Xga8 Xga9)
(DRIVE Xga9 Xgb0)
(DRIVE Xgb0 Xgb1)
(DRIVE Xgb1 Xgb8)
(DRIVE Xgb8 Xgb9)
(DRIVE Xgb9 Xgc0)
(DRIVE Xgc0 Xgc1)
(DRIVE Xgc1 Xgc2)
(DROPOFF TA_Xgd7 Xgc2)
(HOMESAFE TA_Xgd7 Xgc2)
(DRIVE Xgc2 Xgc1)
(DRIVE Xgc1 Xgc0)
(DRIVE Xgc0 Xgc6)
(DRIVE Xgc6 Xgc5)
(DRIVE Xgc5 Xgc9)
(DRIVE Xgc9 Xgd0)
(DRIVE Xgd0 Xgd2)
(DRIVE Xgd2 Xgd5)
(DRIVE Xgd5 Xgd6)
(DRIVE Xgd6 Xgd9)
(DRIVE Xgd9 Xaa0)
(DRIVE Xaa0 Xaa1)
(DRIVE Xaa1 Xaa2)
(DRIVE Xaa2 Xaa4)
(DRIVE Xaa4 Xaa3)
(DROPOFF TA_Xgd8 Xaa3)
(HOMESAFE TA_Xgd8 Xaa3)
(DRIVE Xaa3 Xaa4)
(DRIVE Xaa4 Xaa2)
(DRIVE Xaa2 Xaa1)
(DRIVE Xaa1 Xaa0)
(DRIVE Xaa0 Xgd9)
(DRIVE Xgd9 Xgd6)
(DRIVE Xgd6 Xgd5)
(DRIVE Xgd5 Xgd2)
(DRIVE Xgd2 Xgd0)
(DRIVE Xgd0 Xgc9)
(DRIVE Xgc9 Xgc5)
(DRIVE Xgc5 Xgc6)
(DRIVE Xgc6 Xgc0)
(DRIVE Xgc0 Xgb9)
(DRIVE Xgb9 Xgb8)
(DRIVE Xgb8 Xgb1)
(DRIVE Xgb1 Xgb0)
(DRIVE Xgb0 Xga9)
(DRIVE Xga9 Xga8)
(DRIVE Xga8 Xga5)
(DRIVE Xga5 Xga1)
(DRIVE Xga1 Xga0)
(DRIVE Xga0 Xad9)
(DRIVE Xad9 Xad1)
(DRIVE Xad1 Xad2)
(DRIVE Xad2 Xad3)
(DRIVE Xad3 Xad4)
(DROPOFF TA_Xgd9 Xad4)
(HOMESAFE TA_Xgd9 Xad4)
(DRIVE Xad4 Xad3)
(DRIVE Xad3 Xad2)
(DRIVE Xad2 Xad1)
(DRIVE Xad1 Xad9)
(DRIVE Xad9 Xga0)
(DRIVE Xga0 Xga1)
(DRIVE Xga1 Xga5)
(DRIVE Xga5 Xga8)
(DRIVE Xga8 Xga9)
(DRIVE Xga9 Xgb0)
(DRIVE Xgb0 Xgb1)
(DRIVE Xgb1 Xgb8)
(DRIVE Xgb8 Xgb9)
(DRIVE Xgb9 Xgc0)
(DRIVE Xgc0 Xgc6)
(DRIVE Xgc6 Xgc5)
(DRIVE Xgc5 Xgc9)
(DRIVE Xgc9 Xgd0)
(DRIVE Xgd0 Xgd2)
(DRIVE Xgd2 Xgd5)
(DRIVE Xgd5 Xgd6)
(DRIVE Xgd6 Xgd9)
(DRIVE Xgd9 Xaa0)
