(DRIVE XSoda XSenior)
(DROPOFF TA_XWellman XSenior)
(HOMESAFE TA_XWellman Xsenior)
(DRIVE XSenior XPitzer)
(DROPOFF TA_XStanley XPitzer)
(HOMESAFE TA_XStanley Xpitzer)
(DRIVE XPitzer XSoda)
(DRIVE XSoda XKoshland)
(DROPOFF TA_XPitzer XKoshland)
(HOMESAFE TA_XPitzer Xkoshland)
(DRIVE XKoshland XHildebrand)
(DROPOFF TA_XMorgan XHildebrand)
(HOMESAFE TA_XMorgan Xhildebrand)
(DRIVE XHildebrand XDoeLibrary)
(DROPOFF TA_XMcCone XDoeLibrary)
(HOMESAFE TA_XMccone XdoeLibrary)
(DRIVE XDoeLibrary XLifeSciences)
(DROPOFF TA_XKoshland XLifeSciences)
(HOMESAFE TA_XKoshland XlifeSciences)
(DRIVE XLifeSciences XMcCone)
(DROPOFF TA_XHertz XMcCone)
(HOMESAFE TA_XHertz XmcCone)
(DRIVE XMcCone XSoda)
(DRIVE XSoda XFoothill)
(DROPOFF TA_XHaasPavilion XFoothill)
(HOMESAFE TA_XHaaspavilion Xfoothill)
(DRIVE XFoothill XSoda)
(DRIVE XSoda XWellman)
(DROPOFF TA_XFoothill XWellman)
(HOMESAFE TA_XFoothill Xwellman)
(DRIVE XWellman XSoda)
(DRIVE XSoda XHertz)
(DROPOFF TA_XDoeLibrary XHertz)
(HOMESAFE TA_XDoelibrary Xhertz)
(DRIVE XHertz XSoda)
(DRIVE XSoda XBlackwell)
(DROPOFF TA_XBowles XBlackwell)
(HOMESAFE TA_XBowles Xblackwell)
(DRIVE XBlackwell XSoda)
(DRIVE XSoda XBowles)
(DROPOFF TA_XBlackwell XBowles)
(HOMESAFE TA_XBlackwell Xbowles)
(DRIVE XBowles XSoda)
(DRIVE XSoda XHaste)
(DROPOFF TA_XWheeler XHaste)
(HOMESAFE TA_XWheeler Xhaste)
(DRIVE XHaste XStanley)
(DROPOFF TA_XStern XStanley)
(HOMESAFE TA_XStern Xstanley)
(DRIVE XStanley XSoda)
(DRIVE XSoda XGiannini)
(DROPOFF TA_XSenior XGiannini)
(HOMESAFE TA_XSenior Xgiannini)
(DRIVE XGiannini XSoda)
(DRIVE XSoda XCheit)
(DROPOFF TA_XMoses XCheit)
(HOMESAFE TA_XMoses Xcheit)
(DRIVE XCheit XMorgan)
(DROPOFF TA_XHildebrand XMorgan)
(HOMESAFE TA_XHildebrand Xmorgan)
(DRIVE XMorgan XSoda)
(DRIVE XSoda XHaasPavilion)
(DROPOFF TA_XJacobs XHaasPavilion)
(HOMESAFE TA_XJacobs XhaasPavilion)
(DRIVE XHaasPavilion XSoda)
(DRIVE XSoda XWheeler)
(DROPOFF TA_XLifeSciences XWheeler)
(DRIVE XWheeler XBoalt)
(WALK TA_XLifeSciences XWheeler XJacobs)
(DROPOFF TA_XHaste XBoalt)
(HOMESAFE TA_XLifesciences Xjacobs)
(DRIVE XBoalt XDwinelle)
(DROPOFF TA_XGiannini XDwinelle)
(HOMESAFE TA_XGiannini Xdwinelle)
(DRIVE XDwinelle XStern)
(DROPOFF TA_XDwinelle XStern)
(HOMESAFE TA_XDwinelle Xstern)
(DRIVE XStern XMoses)
(DROPOFF TA_XCheit XMoses)
(HOMESAFE TA_XCheit Xmoses)
(DRIVE XMoses XWheeler)
(DROPOFF TA_XBoalt XWheeler)
(DRIVE XWheeler XSoda)
(HOMESAFE TA_XBoalt Xwheeler)
(HOMESAFE TA_XHaste Xboalt)
