(DROPOFF TA_Xstop44 Xstop0)
(HOMESAFE TA_Xstop44 Xstop0)
(DROPOFF TA_Xstop15 Xstop0)
(WALK TA_Xstop15 Xstop0 Xstop87)
(HOMESAFE TA_Xstop15 Xstop87)
(DROPOFF TA_Xstop19 Xstop0)
(WALK TA_Xstop19 Xstop0 Xstop99)
(HOMESAFE TA_Xstop19 Xstop99)
(DROPOFF TA_Xstop95 Xstop0)
(WALK TA_Xstop95 Xstop0 Xstop93)
(HOMESAFE TA_Xstop95 Xstop93)
(DROPOFF TA_Xstop29 Xstop0)
(WALK TA_Xstop29 Xstop0 Xstop96)
(HOMESAFE TA_Xstop29 Xstop96)
(DROPOFF TA_Xstop70 Xstop0)
(WALK TA_Xstop70 Xstop0 Xstop85)
(HOMESAFE TA_Xstop70 Xstop85)
(DROPOFF TA_Xstop75 Xstop0)
(WALK TA_Xstop75 Xstop0 Xstop90)
(HOMESAFE TA_Xstop75 Xstop90)
(DROPOFF TA_Xstop0 Xstop0)
(WALK TA_Xstop0 Xstop0 Xstop81)
(HOMESAFE TA_Xstop0 Xstop81)
(DROPOFF TA_Xstop65 Xstop0)
(WALK TA_Xstop65 Xstop0 Xstop78)
(HOMESAFE TA_Xstop65 Xstop78)
(DROPOFF TA_Xstop9 Xstop0)
(WALK TA_Xstop9 Xstop0 Xstop77)
(HOMESAFE TA_Xstop9 Xstop77)
(DROPOFF TA_Xstop79 Xstop0)
(WALK TA_Xstop79 Xstop0 Xstop75)
(HOMESAFE TA_Xstop79 Xstop75)
(DROPOFF TA_Xstop90 Xstop0)
(WALK TA_Xstop90 Xstop0 Xstop67)
(HOMESAFE TA_Xstop90 Xstop67)
(DROPOFF TA_Xstop4 Xstop0)
(WALK TA_Xstop4 Xstop0 Xstop65)
(HOMESAFE TA_Xstop4 Xstop65)
(DROPOFF TA_Xstop67 Xstop0)
(WALK TA_Xstop67 Xstop0 Xstop62)
(HOMESAFE TA_Xstop67 Xstop62)
(DROPOFF TA_Xstop33 Xstop0)
(WALK TA_Xstop33 Xstop0 Xstop61)
(HOMESAFE TA_Xstop33 Xstop61)
(DROPOFF TA_Xstop73 Xstop0)
(WALK TA_Xstop73 Xstop0 Xstop60)
(HOMESAFE TA_Xstop73 Xstop60)
(DROPOFF TA_Xstop85 Xstop0)
(WALK TA_Xstop85 Xstop0 Xstop52)
(HOMESAFE TA_Xstop85 Xstop52)
(DROPOFF TA_Xstop1 Xstop0)
(WALK TA_Xstop1 Xstop0 Xstop50)
(HOMESAFE TA_Xstop1 Xstop50)
(DROPOFF TA_Xstop96 Xstop0)
(WALK TA_Xstop96 Xstop0 Xstop44)
(HOMESAFE TA_Xstop96 Xstop44)
(DROPOFF TA_Xstop80 Xstop0)
(WALK TA_Xstop80 Xstop0 Xstop43)
(HOMESAFE TA_Xstop80 Xstop43)
(DROPOFF TA_Xstop52 Xstop0)
(WALK TA_Xstop52 Xstop0 Xstop38)
(HOMESAFE TA_Xstop52 Xstop38)
(DROPOFF TA_Xstop81 Xstop0)
(WALK TA_Xstop81 Xstop0 Xstop35)
(HOMESAFE TA_Xstop81 Xstop35)
(DROPOFF TA_Xstop2 Xstop0)
(WALK TA_Xstop2 Xstop0 Xstop33)
(HOMESAFE TA_Xstop2 Xstop33)
(DROPOFF TA_Xstop93 Xstop0)
(WALK TA_Xstop93 Xstop0 Xstop23)
(HOMESAFE TA_Xstop93 Xstop23)
(DROPOFF TA_Xstop16 Xstop0)
(WALK TA_Xstop16 Xstop0 Xstop19)
(HOMESAFE TA_Xstop16 Xstop19)
(DROPOFF TA_Xstop35 Xstop0)
(WALK TA_Xstop35 Xstop0 Xstop16)
(HOMESAFE TA_Xstop35 Xstop16)
(DROPOFF TA_Xstop28 Xstop0)
(WALK TA_Xstop28 Xstop0 Xstop8)
(HOMESAFE TA_Xstop28 Xstop8)
(DROPOFF TA_Xstop61 Xstop0)
(WALK TA_Xstop61 Xstop0 Xstop7)
(HOMESAFE TA_Xstop61 Xstop7)
(DROPOFF TA_Xstop94 Xstop0)
(WALK TA_Xstop94 Xstop0 Xstop5)
(HOMESAFE TA_Xstop94 Xstop5)
(DROPOFF TA_Xstop12 Xstop0)
(WALK TA_Xstop12 Xstop0 Xstop4)
(HOMESAFE TA_Xstop12 Xstop4)
(DROPOFF TA_Xstop43 Xstop0)
(WALK TA_Xstop43 Xstop0 Xstop2)
(HOMESAFE TA_Xstop43 Xstop2)
(DROPOFF TA_Xstop89 Xstop0)
(WALK TA_Xstop89 Xstop0 Xstop1)
(HOMESAFE TA_Xstop89 Xstop1)
(DROPOFF TA_Xstop30 Xstop0)
(WALK TA_Xstop30 Xstop0 Xlocation2)
(WALK TA_Xstop30 Xlocation2 Xstop89)
(HOMESAFE TA_Xstop30 Xstop89)
(DROPOFF TA_Xstop23 Xstop0)
(WALK TA_Xstop23 Xstop0 Xlocation2)
(WALK TA_Xstop23 Xlocation2 Xstop95)
(HOMESAFE TA_Xstop23 Xstop95)
(DROPOFF TA_Xstop5 Xstop0)
(WALK TA_Xstop5 Xstop0 Xlocation2)
(WALK TA_Xstop5 Xlocation2 Xstop79)
(HOMESAFE TA_Xstop5 Xstop79)
(DROPOFF TA_Xstop99 Xstop0)
(WALK TA_Xstop99 Xstop0 Xlocation2)
(WALK TA_Xstop99 Xlocation2 Xstop73)
(HOMESAFE TA_Xstop99 Xstop73)
(DROPOFF TA_Xstop38 Xstop0)
(WALK TA_Xstop38 Xstop0 Xlocation2)
(WALK TA_Xstop38 Xlocation2 Xstop70)
(HOMESAFE TA_Xstop38 Xstop70)
(DROPOFF TA_Xstop62 Xstop0)
(WALK TA_Xstop62 Xstop0 Xlocation2)
(WALK TA_Xstop62 Xlocation2 Xstop42)
(HOMESAFE TA_Xstop62 Xstop42)
(DROPOFF TA_Xstop50 Xstop0)
(WALK TA_Xstop50 Xstop0 Xlocation2)
(WALK TA_Xstop50 Xlocation2 Xstop30)
(HOMESAFE TA_Xstop50 Xstop30)
(DROPOFF TA_Xstop87 Xstop0)
(WALK TA_Xstop87 Xstop0 Xlocation2)
(WALK TA_Xstop87 Xlocation2 Xstop29)
(HOMESAFE TA_Xstop87 Xstop29)
(DROPOFF TA_Xstop46 Xstop0)
(WALK TA_Xstop46 Xstop0 Xlocation2)
(WALK TA_Xstop46 Xlocation2 Xstop15)
(HOMESAFE TA_Xstop46 Xstop15)
(DROPOFF TA_Xstop37 Xstop0)
(WALK TA_Xstop37 Xstop0 Xlocation2)
(WALK TA_Xstop37 Xlocation2 Xstop12)
(HOMESAFE TA_Xstop37 Xstop12)
(DROPOFF TA_Xstop18 Xstop0)
(WALK TA_Xstop18 Xstop0 Xlocation0)
(WALK TA_Xstop18 Xlocation0 Xstop94)
(HOMESAFE TA_Xstop18 Xstop94)
(DROPOFF TA_Xstop78 Xstop0)
(WALK TA_Xstop78 Xstop0 Xlocation0)
(WALK TA_Xstop78 Xlocation0 Xstop37)
(HOMESAFE TA_Xstop78 Xstop37)
(DROPOFF TA_Xstop8 Xstop0)
(WALK TA_Xstop8 Xstop0 Xlocation0)
(WALK TA_Xstop8 Xlocation0 Xstop28)
(HOMESAFE TA_Xstop8 Xstop28)
(DROPOFF TA_Xstop7 Xstop0)
(WALK TA_Xstop7 Xstop0 Xstop92)
(WALK TA_Xstop7 Xstop92 Xstop80)
(HOMESAFE TA_Xstop7 Xstop80)
(DROPOFF TA_Xstop77 Xstop0)
(WALK TA_Xstop77 Xstop0 Xstop92)
(WALK TA_Xstop77 Xstop92 Xstop9)
(HOMESAFE TA_Xstop77 Xstop9)
(DROPOFF TA_Xstop27 Xstop0)
(WALK TA_Xstop27 Xstop0 Xstop97)
(WALK TA_Xstop27 Xstop97 Xstop18)
(HOMESAFE TA_Xstop27 Xstop18)
(DROPOFF TA_Xstop60 Xstop0)
(WALK TA_Xstop60 Xstop0 Xstop88)
(WALK TA_Xstop60 Xstop88 Xstop27)
(HOMESAFE TA_Xstop60 Xstop27)
(DROPOFF TA_Xstop42 Xstop0)
(WALK TA_Xstop42 Xstop0 Xstop87)
(WALK TA_Xstop42 Xstop87 Xstop46)
(HOMESAFE TA_Xstop42 Xstop46)
