(DROPOFF TA_Xzzz Xf)
(HOMESAFE TA_Xzzz Xf)
(DRIVE Xf Xw)
(DROPOFF TA_Xf Xw)
(HOMESAFE TA_Xf Xw)
(DRIVE Xw Xc)
(DROPOFF TA_Xjjjjjjj Xc)
(HOMESAFE TA_Xjjjjjjj Xc)
(DRIVE Xc Xqqqqqq)
(DROPOFF TA_Xxxx Xqqqqqq)
(HOMESAFE TA_Xxxx Xqqqqqq)
(DRIVE Xqqqqqq Xffffffff)
(DROPOFF TA_Xbbbbbbbb Xffffffff)
(HOMESAFE TA_Xbbbbbbbb Xffffffff)
(DRIVE Xffffffff Xfffffff)
(DROPOFF TA_Xllllll Xfffffff)
(HOMESAFE TA_Xllllll Xfffffff)
(DRIVE Xfffffff Xuu)
(DROPOFF TA_Xdddddddd Xuu)
(DRIVE Xuu Xf)
(WALK TA_Xdddddddd Xuu Xxxxxxx)
(HOMESAFE TA_Xdddddddd Xxxxxxx)
(DRIVE Xf Xv)
(DROPOFF TA_Xiii Xv)
(HOMESAFE TA_Xiii Xv)
(DRIVE Xv Xuu)
(DROPOFF TA_Xv Xuu)
(DRIVE Xuu Xf)
(WALK TA_Xv Xuu Xwwww)
(HOMESAFE TA_Xv Xwwww)
(DRIVE Xf Xzzz)
(DROPOFF TA_Xp Xzzz)
(HOMESAFE TA_Xp Xzzz)
(DRIVE Xzzz Xuu)
(DROPOFF TA_Xj Xuu)
(DRIVE Xuu Xf)
(WALK TA_Xj Xuu Xttttt)
(HOMESAFE TA_Xj Xttttt)
(DRIVE Xf Xrrrrrr)
(DROPOFF TA_Xaaaaa Xrrrrrr)
(HOMESAFE TA_Xaaaaa Xrrrrrr)
(DRIVE Xrrrrrr Xuu)
(DROPOFF TA_Xvvvv Xuu)
(DRIVE Xuu Xf)
(WALK TA_Xvvvv Xuu Xff)
(HOMESAFE TA_Xvvvv Xff)
(DRIVE Xf Xssssss)
(DROPOFF TA_Xllllllll Xssssss)
(HOMESAFE TA_Xllllllll Xssssss)
(DRIVE Xssssss Xuuuuu)
(DROPOFF TA_Xq Xuuuuu)
(HOMESAFE TA_Xq Xuuuuu)
(DRIVE Xuuuuu Xjjjjjjj)
(DROPOFF TA_Xrrrrrr Xjjjjjjj)
(HOMESAFE TA_Xrrrrrr Xjjjjjjj)
(DRIVE Xjjjjjjj Xuu)
(DROPOFF TA_Xwwwwwww Xuu)
(DRIVE Xuu Xf)
(WALK TA_Xwwwwwww Xuu Xpp)
(HOMESAFE TA_Xwwwwwww Xpp)
(DRIVE Xf Xaaa)
(DROPOFF TA_Xfffffff Xaaa)
(DRIVE Xaaa Xf)
(WALK TA_Xfffffff Xaaa Xp)
(HOMESAFE TA_Xfffffff Xp)
(DRIVE Xf Xllllll)
(DROPOFF TA_Xnnnn Xllllll)
(HOMESAFE TA_Xnnnn Xllllll)
(DRIVE Xllllll Xuu)
(DROPOFF TA_Xrrrrrrrr Xuu)
(DRIVE Xuu Xf)
(WALK TA_Xrrrrrrrr Xuu Xq)
(HOMESAFE TA_Xrrrrrrrr Xq)
(DRIVE Xf Xs)
(DROPOFF TA_Xaaa Xs)
(HOMESAFE TA_Xaaa Xs)
(DRIVE Xs Xaaa)
(DROPOFF TA_Xc Xaaa)
(DRIVE Xaaa Xf)
(WALK TA_Xc Xaaa Xggggg)
(HOMESAFE TA_Xc Xggggg)
(DRIVE Xf Xaaa)
(DROPOFF TA_Xvv Xaaa)
(DRIVE Xaaa Xf)
(WALK TA_Xvv Xaaa Xhhhh)
(HOMESAFE TA_Xvv Xhhhh)
(DRIVE Xf Xssss)
(DROPOFF TA_Xffffffff Xssss)
(HOMESAFE TA_Xffffffff Xssss)
(DRIVE Xssss Xj)
(DROPOFF TA_Xff Xj)
(HOMESAFE TA_Xff Xj)
(DRIVE Xj Xaaa)
(DROPOFF TA_Xggggg Xaaa)
(DRIVE Xaaa Xf)
(WALK TA_Xggggg Xaaa Xvvvv)
(HOMESAFE TA_Xggggg Xvvvv)
(DRIVE Xf Xvv)
(DROPOFF TA_Xggg Xvv)
(HOMESAFE TA_Xggg Xvv)
(DRIVE Xvv Xaaa)
(DROPOFF TA_Xa Xaaa)
(DRIVE Xaaa Xf)
(WALK TA_Xa Xaaa Xuu)
(HOMESAFE TA_Xa Xuu)
(DRIVE Xf Xz)
(DROPOFF TA_Xhhhh Xz)
(HOMESAFE TA_Xhhhh Xz)
(DRIVE Xz Xaaa)
(DROPOFF TA_Xsss Xaaa)
(DRIVE Xaaa Xf)
(WALK TA_Xsss Xaaa Xjjjj)
(HOMESAFE TA_Xsss Xjjjj)
(DRIVE Xf Xss)
(DROPOFF TA_Xwwww Xss)
(HOMESAFE TA_Xwwww Xss)
(DRIVE Xss Xqqqqqqq)
(DROPOFF TA_Xqqqqqq Xqqqqqqq)
(DRIVE Xqqqqqqq Xf)
(WALK TA_Xqqqqqq Xqqqqqqq Xaaa)
(WALK TA_Xqqqqqq Xaaa Xbbbbbbbb)
(HOMESAFE TA_Xqqqqqq Xbbbbbbbb)
(DRIVE Xf Xqqqqqqq)
(DROPOFF TA_Xz Xqqqqqqq)
(DRIVE Xqqqqqqq Xf)
(WALK TA_Xz Xqqqqqqq Xhhh)
(HOMESAFE TA_Xz Xhhh)
(DRIVE Xf Xm)
(DROPOFF TA_Xhhh Xm)
(HOMESAFE TA_Xhhh Xm)
(DRIVE Xm Xqqqqqqq)
(DROPOFF TA_Xxxxxxx Xqqqqqqq)
(DRIVE Xqqqqqqq Xf)
(WALK TA_Xxxxxxx Xqqqqqqq Xaaa)
(WALK TA_Xxxxxxx Xaaa Xdddddddd)
(HOMESAFE TA_Xxxxxxx Xdddddddd)
(DRIVE Xf Xwwwwwww)
(DROPOFF TA_Xs Xwwwwwww)
(HOMESAFE TA_Xs Xwwwwwww)
(DRIVE Xwwwwwww Xqqqqqqq)
(DROPOFF TA_Xssssss Xqqqqqqq)
(DRIVE Xqqqqqqq Xf)
(WALK TA_Xssssss Xqqqqqqq Xeeee)
(HOMESAFE TA_Xssssss Xeeee)
(DRIVE Xf Xqqqqqqq)
(DROPOFF TA_Xw Xqqqqqqq)
(DRIVE Xqqqqqqq Xf)
(WALK TA_Xw Xqqqqqqq Xaaaaa)
(HOMESAFE TA_Xw Xaaaaa)
(DRIVE Xf Xlllll)
(DROPOFF TA_Xssss Xlllll)
(HOMESAFE TA_Xssss Xlllll)
(DRIVE Xlllll Xqqqqqqq)
(DROPOFF TA_Xlllll Xqqqqqqq)
(DRIVE Xqqqqqqq Xf)
(WALK TA_Xlllll Xqqqqqqq Xiii)
(HOMESAFE TA_Xlllll Xiii)
(DRIVE Xf Xaaa)
(DROPOFF TA_Xuu Xaaa)
(DRIVE Xaaa Xf)
(HOMESAFE TA_Xuu Xaaa)
(DRIVE Xf Xqq)
(DROPOFF TA_Xm Xqq)
(HOMESAFE TA_Xm Xqq)
(DRIVE Xqq Xsss)
(DROPOFF TA_Xeeee Xsss)
(DRIVE Xsss Xf)
(HOMESAFE TA_Xeeee Xsss)
(DRIVE Xf Xqqqqqqq)
(DROPOFF TA_Xpp Xqqqqqqq)
(DRIVE Xqqqqqqq Xf)
(WALK TA_Xpp Xqqqqqqq Xggg)
(HOMESAFE TA_Xpp Xggg)
(DRIVE Xf Xqqqqqqq)
(DROPOFF TA_Xss Xqqqqqqq)
(DRIVE Xqqqqqqq Xf)
(WALK TA_Xss Xqqqqqqq Xrrrrrrrr)
(HOMESAFE TA_Xss Xrrrrrrrr)
(DRIVE Xf Xxxx)
(DROPOFF TA_Xqqqqqqq Xxxx)
(HOMESAFE TA_Xqqqqqqq Xxxx)
(DRIVE Xxxx Xllllllll)
(DROPOFF TA_Xuuuuu Xllllllll)
(HOMESAFE TA_Xuuuuu Xllllllll)
(DRIVE Xllllllll Xa)
(DROPOFF TA_Xqq Xa)
(DRIVE Xa Xqqqqqqq)
(HOMESAFE TA_Xqq Xa)
(DROPOFF TA_Xttttt Xqqqqqqq)
(HOMESAFE TA_Xttttt Xqqqqqqq)
(DRIVE Xqqqqqqq Xnnnn)
(DROPOFF TA_Xjjjj Xnnnn)
(DRIVE Xnnnn Xf)
(HOMESAFE TA_Xjjjj Xnnnn)
