(DROPOFF TA_Xoooooooo Xgggggggg)
(HOMESAFE TA_Xoooooooo Xgggggggg)
(DRIVE Xgggggggg Xoooooooo)
(DROPOFF TA_Xgggggggg Xoooooooo)
(HOMESAFE TA_Xgggggggg Xoooooooo)
(DRIVE Xoooooooo Xffff)
(DROPOFF TA_Xuuuu Xffff)
(HOMESAFE TA_Xuuuu Xffff)
(DRIVE Xffff Xw)
(DROPOFF TA_Xxxxx Xw)
(HOMESAFE TA_Xxxxx Xw)
(DRIVE Xw Xvvvv)
(DROPOFF TA_Xfffffff Xvvvv)
(HOMESAFE TA_Xfffffff Xvvvv)
(DRIVE Xvvvv Xtt)
(DROPOFF TA_Xccccc Xtt)
(HOMESAFE TA_Xccccc Xtt)
(DRIVE Xtt Xqqqqqqq)
(DROPOFF TA_Xl Xqqqqqqq)
(HOMESAFE TA_Xl Xqqqqqqq)
(DRIVE Xqqqqqqq Xccccc)
(DROPOFF TA_Xaaaaaa Xccccc)
(HOMESAFE TA_Xaaaaaa Xccccc)
(DRIVE Xccccc Xgggg)
(DROPOFF TA_Xppp Xgggg)
(DRIVE Xgggg Xgggggggg)
(WALK TA_Xppp Xgggg Xfffff)
(HOMESAFE TA_Xppp Xfffff)
(DRIVE Xgggggggg Xkkkkkkk)
(DROPOFF TA_Xfffff Xkkkkkkk)
(HOMESAFE TA_Xfffff Xkkkkkkk)
(DRIVE Xkkkkkkk Xgggg)
(DROPOFF TA_Xkkkkkkk Xgggg)
(DRIVE Xgggg Xgggggggg)
(WALK TA_Xkkkkkkk Xgggg Xzzzzzzz)
(HOMESAFE TA_Xkkkkkkk Xzzzzzzz)
(DRIVE Xgggggggg Xgggg)
(DROPOFF TA_Xjjjjjjj Xgggg)
(DRIVE Xgggg Xgggggggg)
(WALK TA_Xjjjjjjj Xgggg Xttttt)
(HOMESAFE TA_Xjjjjjjj Xttttt)
(DRIVE Xgggggggg Xfffffff)
(DROPOFF TA_Xtt Xfffffff)
(DRIVE Xfffffff Xgggggggg)
(HOMESAFE TA_Xtt Xfffffff)
(DRIVE Xgggggggg Xgggg)
(DROPOFF TA_Xttttt Xgggg)
(DRIVE Xgggg Xgggggggg)
(HOMESAFE TA_Xttttt Xgggg)
(DRIVE Xgggggggg Xuuuu)
(DROPOFF TA_Xzzzzzzz Xuuuu)
(DRIVE Xuuuu Xgggggggg)
(WALK TA_Xzzzzzzz Xuuuu Xvvv)
(HOMESAFE TA_Xzzzzzzz Xvvv)
(DRIVE Xgggggggg Xxxxx)
(DROPOFF TA_Xcccccccc Xxxxx)
(HOMESAFE TA_Xcccccccc Xxxxx)
(DRIVE Xxxxx Xa)
(DROPOFF TA_Xqqqqqqq Xa)
(DRIVE Xa Xgggggggg)
(HOMESAFE TA_Xqqqqqqq Xa)
(DRIVE Xgggggggg Xuuuu)
(DROPOFF TA_Xvvvv Xuuuu)
(DRIVE Xuuuu Xgggggggg)
(HOMESAFE TA_Xvvvv Xuuuu)
(DRIVE Xgggggggg Xcccccccc)
(DROPOFF TA_Xgggg Xcccccccc)
(DRIVE Xcccccccc Xgggggggg)
(HOMESAFE TA_Xgggg Xcccccccc)
(DRIVE Xgggggggg Xjjjjjjj)
(DROPOFF TA_Xw Xjjjjjjj)
(DRIVE Xjjjjjjj Xgggggggg)
(HOMESAFE TA_Xw Xjjjjjjj)
(DRIVE Xgggggggg Xddd)
(DROPOFF TA_Xffff Xddd)
(DRIVE Xddd Xgggggggg)
(HOMESAFE TA_Xffff Xddd)
(DRIVE Xgggggggg Xaaaaaa)
(DROPOFF TA_Xvvv Xaaaaaa)
(HOMESAFE TA_Xvvv Xaaaaaa)
(DRIVE Xaaaaaa Xl)
(DROPOFF TA_Xa Xl)
(HOMESAFE TA_Xa Xl)
(DRIVE Xl Xppp)
(DROPOFF TA_Xddd Xppp)
(DRIVE Xppp Xgggggggg)
(HOMESAFE TA_Xddd Xppp)
