(DROPOFF TA_XBrackley XToccoa)
(WALK TA_XBrackley XToccoa XAshington)
(WALK TA_XBrackley XAshington XTiffin)
(WALK TA_XBrackley XTiffin XLedbury)
(HOMESAFE TA_XBrackley Xledbury)
(DROPOFF TA_XBisbee XToccoa)
(WALK TA_XBisbee XToccoa XAshington)
(WALK TA_XBisbee XAshington XDevizes)
(WALK TA_XBisbee XDevizes XWoodstock)
(HOMESAFE TA_XBisbee Xwoodstock)
(DROPOFF TA_XMuscatine XToccoa)
(WALK TA_XMuscatine XToccoa XAshington)
(WALK TA_XMuscatine XAshington XDevizes)
(WALK TA_XMuscatine XDevizes XMuscatine)
(HOMESAFE TA_XMuscatine Xmuscatine)
(DROPOFF TA_XLedbury XToccoa)
(WALK TA_XLedbury XToccoa XDothan)
(WALK TA_XLedbury XDothan XBeaconsfield)
(WALK TA_XLedbury XBeaconsfield XHudson)
(WALK TA_XLedbury XHudson XBisbee)
(HOMESAFE TA_XLedbury Xbisbee)
(DROPOFF TA_XWoodstock XToccoa)
(WALK TA_XWoodstock XToccoa XAshington)
(WALK TA_XWoodstock XAshington XTiffin)
(WALK TA_XWoodstock XTiffin XLedbury)
(WALK TA_XWoodstock XLedbury XBrackley)
(HOMESAFE TA_XWoodstock Xbrackley)
