(DRIVE XSusanneJohnBerrios XSpencerCourtneyBroth)
(DROPOFF TA_XGarryDavidKingery XSpencerCourtneyBroth)
(HOMESAFE TA_XGarrydavidkingery XspencerCourtneyBroth)
(DRIVE XSpencerCourtneyBroth XLaquitaJohnBrunette)
(DROPOFF TA_XSpencerCourtneyBroth XLaquitaJohnBrunette)
(HOMESAFE TA_XSpencercourtneybroth XlaquitaJohnBrunette)
(DRIVE XLaquitaJohnBrunette XClaudiaDavidTaylor)
(DROPOFF TA_XClaudiaDavidTaylor XClaudiaDavidTaylor)
(HOMESAFE TA_XClaudiadavidtaylor XclaudiaDavidTaylor)
(DRIVE XClaudiaDavidTaylor XJuanDebbieAllen)
(DROPOFF TA_XHarryNeilFranklin XJuanDebbieAllen)
(HOMESAFE TA_XHarryneilfranklin XjuanDebbieAllen)
(DRIVE XJuanDebbieAllen XClaudiaDavidTaylor)
(DRIVE XClaudiaDavidTaylor XGarryDavidKingery)
(DROPOFF TA_XMaryFrankieWomack XGarryDavidKingery)
(HOMESAFE TA_XMaryfrankiewomack XgarryDavidKingery)
(DRIVE XGarryDavidKingery XJuliaMollieHernandez)
(DROPOFF TA_XAntonioGeraldBaker XJuliaMollieHernandez)
(HOMESAFE TA_XAntoniogeraldbaker XjuliaMollieHernandez)
(DRIVE XJuliaMollieHernandez XSallyJamesGibson)
(DRIVE XSallyJamesGibson XMattieBarbaraEkstrom)
(DROPOFF TA_XJuanDebbieAllen XMattieBarbaraEkstrom)
(DRIVE XMattieBarbaraEkstrom XStephanieAaronWalker)
(DROPOFF TA_XFernandoLindaWatson XStephanieAaronWalker)
(HOMESAFE TA_XFernandolindawatson XstephanieAaronWalker)
(DRIVE XStephanieAaronWalker XMaryFrankieWomack)
(DROPOFF TA_XLaquitaJohnBrunette XMaryFrankieWomack)
(HOMESAFE TA_XJuandebbieallen XmattieBarbaraEkstrom)
(HOMESAFE TA_XLaquitajohnbrunette XmaryFrankieWomack)
(DRIVE XMaryFrankieWomack XDougHelenHornbeck)
(DROPOFF TA_XJuliaLindaGordon XDougHelenHornbeck)
(HOMESAFE TA_XJulialindagordon XdougHelenHornbeck)
(DRIVE XDougHelenHornbeck XSusanneJohnBerrios)
(DRIVE XSusanneJohnBerrios XSallyJamesGibson)
(DRIVE XSallyJamesGibson XHarryNeilFranklin)
(DROPOFF TA_XDougHelenHornbeck XHarryNeilFranklin)
(HOMESAFE TA_XDoughelenhornbeck XharryNeilFranklin)
(DRIVE XHarryNeilFranklin XDouglasRobertFerkovi)
(DROPOFF TA_XRalphClydeMills XDouglasRobertFerkovi)
(DRIVE XDouglasRobertFerkovi XRalphClydeMills)
(DROPOFF TA_XMattieBarbaraEkstrom XRalphClydeMills)
(HOMESAFE TA_XMattiebarbaraekstrom XralphClydeMills)
(DRIVE XRalphClydeMills XClaudiaDavidTaylor)
(DRIVE XClaudiaDavidTaylor XSusanneJohnBerrios)
(DRIVE XSusanneJohnBerrios XSallyJamesGibson)
(DRIVE XSallyJamesGibson XAntonioGeraldBaker)
(DROPOFF TA_XRubyLelandCollard XAntonioGeraldBaker)
(HOMESAFE TA_XRubylelandcollard XantonioGeraldBaker)
(DRIVE XAntonioGeraldBaker XSallyJamesGibson)
(WALK TA_XRalphClydeMills XDouglasRobertFerkovi XMonteMonicaLum)
(DRIVE XSallyJamesGibson XJorgeHeatherSamuels)
(DROPOFF TA_XJorgeHeatherSamuels XJorgeHeatherSamuels)
(HOMESAFE TA_XJorgeheathersamuels XjorgeHeatherSamuels)
(HOMESAFE TA_XRalphclydemills XmonteMonicaLum)
(DRIVE XJorgeHeatherSamuels XJuliaLindaGordon)
(DROPOFF TA_XJuliaMollieHernandez XJuliaLindaGordon)
(HOMESAFE TA_XJuliamolliehernandez XjuliaLindaGordon)
(DRIVE XJuliaLindaGordon XDorothyDavidStromme)
(DROPOFF TA_XStephanieAaronWalker XDorothyDavidStromme)
(HOMESAFE TA_XStephanieaaronwalker XdorothyDavidStromme)
(DRIVE XDorothyDavidStromme XJudithConstanceDelaf)
(DRIVE XJudithConstanceDelaf XFernandoLindaWatson)
(DROPOFF TA_XDorothyDavidStromme XFernandoLindaWatson)
(DRIVE XFernandoLindaWatson XSallyJamesGibson)
(DRIVE XSallyJamesGibson XDinahCatherineFaulkn)
(DROPOFF TA_XMonteMonicaLum XDinahCatherineFaulkn)
(DRIVE XDinahCatherineFaulkn XSandraBethSellers)
(DRIVE XSandraBethSellers XRubyLelandCollard)
(DROPOFF TA_XDinahCatherineFaulkn XRubyLelandCollard)
(HOMESAFE TA_XDinahcatherinefaulkn XrubyLelandCollard)
(HOMESAFE TA_XMontemonicalum XdinahCatherineFaulkn)
(DRIVE XRubyLelandCollard XDouglasRobertFerkovi)
(HOMESAFE TA_XDorothydavidstromme XfernandoLindaWatson)
(DROPOFF TA_XDouglasRobertFerkovi XDouglasRobertFerkovi)
(HOMESAFE TA_XDouglasrobertferkovi XdouglasRobertFerkovi)
(DRIVE XDouglasRobertFerkovi XSusanneJohnBerrios)
