(DROPOFF TA_XBrianRolandAli XSueJosephGarza)
(WALK TA_XBrianRolandAli XSueJosephGarza XDonaldDoloresKelly)
(HOMESAFE TA_XBrianrolandali XdonaldDoloresKelly)
(DROPOFF TA_XOllieGeorgeSova XSueJosephGarza)
(WALK TA_XOllieGeorgeSova XSueJosephGarza XAnnaKyleChang)
(HOMESAFE TA_XOlliegeorgesova XannaKyleChang)
(DROPOFF TA_XPatriciaBernardBrock XSueJosephGarza)
(WALK TA_XPatriciaBernardBrock XSueJosephGarza XSueCourtneyOsgood)
(HOMESAFE TA_XPatriciabernardbrock XsueCourtneyOsgood)
(DROPOFF TA_XJamesJaredGonzalez XSueJosephGarza)
(WALK TA_XJamesJaredGonzalez XSueJosephGarza XPaulShaneSoldner)
(HOMESAFE TA_XJamesjaredgonzalez XpaulShaneSoldner)
(DROPOFF TA_XMaryLindaKirkland XSueJosephGarza)
(WALK TA_XMaryLindaKirkland XSueJosephGarza XKennethShannonGardel)
(HOMESAFE TA_XMarylindakirkland XkennethShannonGardel)
(DROPOFF TA_XLucyBennyHaag XSueJosephGarza)
(WALK TA_XLucyBennyHaag XSueJosephGarza XOllieGeorgeSova)
(HOMESAFE TA_XLucybennyhaag XollieGeorgeSova)
(DROPOFF TA_XPaulEvanRichard XSueJosephGarza)
(WALK TA_XPaulEvanRichard XSueJosephGarza XLuisHelenHughes)
(HOMESAFE TA_XPaulevanrichard XluisHelenHughes)
(DROPOFF TA_XJessicaJohnSpells XSueJosephGarza)
(WALK TA_XJessicaJohnSpells XSueJosephGarza XWilliamGeorgeWilliam)
(HOMESAFE TA_XJessicajohnspells XwilliamGeorgeWilliam)
(DROPOFF TA_XPhyllisJackWilson XSueJosephGarza)
(WALK TA_XPhyllisJackWilson XSueJosephGarza XPaulEvanRichard)
(HOMESAFE TA_XPhyllisjackwilson XpaulEvanRichard)
(DROPOFF TA_XLauraPhilipWinkler XSueJosephGarza)
(WALK TA_XLauraPhilipWinkler XSueJosephGarza XThomasAnnieRuiz)
(HOMESAFE TA_XLauraphilipwinkler XthomasAnnieRuiz)
(DROPOFF TA_XKevinHaroldCyr XSueJosephGarza)
(WALK TA_XKevinHaroldCyr XSueJosephGarza XAlfredaKirstenMartin)
(HOMESAFE TA_XKevinharoldcyr XalfredaKirstenMartin)
(DROPOFF TA_XThomasAnnieRuiz XSueJosephGarza)
(WALK TA_XThomasAnnieRuiz XSueJosephGarza XJessicaJohnSpells)
(HOMESAFE TA_XThomasannieruiz XjessicaJohnSpells)
(DROPOFF TA_XMariaChristopherCast XSueJosephGarza)
(WALK TA_XMariaChristopherCast XSueJosephGarza XLillieKathleenCervan)
(HOMESAFE TA_XMariachristophercast XlillieKathleenCervan)
(DROPOFF TA_XWilliamGeorgeWilliam XSueJosephGarza)
(WALK TA_XWilliamGeorgeWilliam XSueJosephGarza XNathanKevinCorathers)
(HOMESAFE TA_XWilliamgeorgewilliam XnathanKevinCorathers)
(DROPOFF TA_XDarnellAliciaPeters XSueJosephGarza)
(WALK TA_XDarnellAliciaPeters XSueJosephGarza XBrianRolandAli)
(HOMESAFE TA_XDarnellaliciapeters XbrianRolandAli)
(DROPOFF TA_XAnnaKyleChang XSueJosephGarza)
(WALK TA_XAnnaKyleChang XSueJosephGarza XKevinHaroldCyr)
(HOMESAFE TA_XAnnakylechang XkevinHaroldCyr)
(DROPOFF TA_XAshleyWilliamClarke XSueJosephGarza)
(WALK TA_XAshleyWilliamClarke XSueJosephGarza XElsieJosephPhelps)
(HOMESAFE TA_XAshleywilliamclarke XelsieJosephPhelps)
(DROPOFF TA_XMarianLuluDiaz XSueJosephGarza)
(WALK TA_XMarianLuluDiaz XSueJosephGarza XKarenErmaJensen)
(HOMESAFE TA_XMarianluludiaz XkarenErmaJensen)
(DROPOFF TA_XWilburnDavidMiller XSueJosephGarza)
(WALK TA_XWilburnDavidMiller XSueJosephGarza XIraJimmyYang)
(HOMESAFE TA_XWilburndavidmiller XiraJimmyYang)
(DROPOFF TA_XCrystalShermanVida XSueJosephGarza)
(WALK TA_XCrystalShermanVida XSueJosephGarza XDonaldDoloresKelly)
(WALK TA_XCrystalShermanVida XDonaldDoloresKelly XJamesJaredGonzalez)
(HOMESAFE TA_XCrystalshermanvida XjamesJaredGonzalez)
(DROPOFF TA_XLillieKathleenCervan XSueJosephGarza)
(WALK TA_XLillieKathleenCervan XSueJosephGarza XDonaldDoloresKelly)
(WALK TA_XLillieKathleenCervan XDonaldDoloresKelly XBrianLuzArce)
(HOMESAFE TA_XLilliekathleencervan XbrianLuzArce)
(DROPOFF TA_XPamelaPageBullock XSueJosephGarza)
(WALK TA_XPamelaPageBullock XSueJosephGarza XDonaldDoloresKelly)
(WALK TA_XPamelaPageBullock XDonaldDoloresKelly XLucyBennyHaag)
(HOMESAFE TA_XPamelapagebullock XlucyBennyHaag)
(DROPOFF TA_XIraJimmyYang XSueJosephGarza)
(WALK TA_XIraJimmyYang XSueJosephGarza XDonaldDoloresKelly)
(WALK TA_XIraJimmyYang XDonaldDoloresKelly XJohnJoseJudd)
(HOMESAFE TA_XIrajimmyyang XjohnJoseJudd)
(DROPOFF TA_XBrianLuzArce XSueJosephGarza)
(WALK TA_XBrianLuzArce XSueJosephGarza XDonaldDoloresKelly)
(WALK TA_XBrianLuzArce XDonaldDoloresKelly XPhyllisJackWilson)
(HOMESAFE TA_XBrianluzarce XphyllisJackWilson)
(DROPOFF TA_XLuisHelenHughes XSueJosephGarza)
(WALK TA_XLuisHelenHughes XSueJosephGarza XDonaldDoloresKelly)
(WALK TA_XLuisHelenHughes XDonaldDoloresKelly XFranciscoFrancesHarr)
(HOMESAFE TA_XLuishelenhughes XfranciscoFrancesHarr)
(DROPOFF TA_XLeroySandraLewis XSueJosephGarza)
(WALK TA_XLeroySandraLewis XSueJosephGarza XDonaldDoloresKelly)
(WALK TA_XLeroySandraLewis XDonaldDoloresKelly XMaryLindaKirkland)
(HOMESAFE TA_XLeroysandralewis XmaryLindaKirkland)
(DROPOFF TA_XKarenErmaJensen XSueJosephGarza)
(WALK TA_XKarenErmaJensen XSueJosephGarza XDonaldDoloresKelly)
(WALK TA_XKarenErmaJensen XDonaldDoloresKelly XLauraPhilipWinkler)
(HOMESAFE TA_XKarenermajensen XlauraPhilipWinkler)
(DROPOFF TA_XChristinaDanaGrant XSueJosephGarza)
(WALK TA_XChristinaDanaGrant XSueJosephGarza XAnnaKyleChang)
(WALK TA_XChristinaDanaGrant XAnnaKyleChang XPatriciaBernardBrock)
(HOMESAFE TA_XChristinadanagrant XpatriciaBernardBrock)
(DROPOFF TA_XAlfredaKirstenMartin XSueJosephGarza)
(WALK TA_XAlfredaKirstenMartin XSueJosephGarza XAnnaKyleChang)
(WALK TA_XAlfredaKirstenMartin XAnnaKyleChang XChristinaDanaGrant)
(HOMESAFE TA_XAlfredakirstenmartin XchristinaDanaGrant)
(DROPOFF TA_XPaulShaneSoldner XSueJosephGarza)
(WALK TA_XPaulShaneSoldner XSueJosephGarza XAnnaKyleChang)
(WALK TA_XPaulShaneSoldner XAnnaKyleChang XMelindaKennethAzar)
(HOMESAFE TA_XPaulshanesoldner XmelindaKennethAzar)
(DROPOFF TA_XDonaldDoloresKelly XSueJosephGarza)
(WALK TA_XDonaldDoloresKelly XSueJosephGarza XSueCourtneyOsgood)
(WALK TA_XDonaldDoloresKelly XSueCourtneyOsgood XWilburnDavidMiller)
(HOMESAFE TA_XDonalddoloreskelly XwilburnDavidMiller)
(DROPOFF TA_XFranciscoFrancesHarr XSueJosephGarza)
(WALK TA_XFranciscoFrancesHarr XSueJosephGarza XSueCourtneyOsgood)
(WALK TA_XFranciscoFrancesHarr XSueCourtneyOsgood XPamelaPageBullock)
(HOMESAFE TA_XFranciscofrancesharr XpamelaPageBullock)
(DROPOFF TA_XSueCourtneyOsgood XSueJosephGarza)
(WALK TA_XSueCourtneyOsgood XSueJosephGarza XMatthewLarryMeli)
(WALK TA_XSueCourtneyOsgood XMatthewLarryMeli XDarnellAliciaPeters)
(HOMESAFE TA_XSuecourtneyosgood XdarnellAliciaPeters)
(DROPOFF TA_XMelindaKennethAzar XSueJosephGarza)
(WALK TA_XMelindaKennethAzar XSueJosephGarza XMatthewLarryMeli)
(WALK TA_XMelindaKennethAzar XMatthewLarryMeli XMarianLuluDiaz)
(HOMESAFE TA_XMelindakennethazar XmarianLuluDiaz)
(DROPOFF TA_XElsieJosephPhelps XSueJosephGarza)
(WALK TA_XElsieJosephPhelps XSueJosephGarza XPaulShaneSoldner)
(WALK TA_XElsieJosephPhelps XPaulShaneSoldner XJohnDustinKenny)
(HOMESAFE TA_XElsiejosephphelps XjohnDustinKenny)
(DROPOFF TA_XJohnJoseJudd XSueJosephGarza)
(WALK TA_XJohnJoseJudd XSueJosephGarza XPaulShaneSoldner)
(WALK TA_XJohnJoseJudd XPaulShaneSoldner XMariaChristopherCast)
(HOMESAFE TA_XJohnjosejudd XmariaChristopherCast)
(DROPOFF TA_XNathanKevinCorathers XSueJosephGarza)
(WALK TA_XNathanKevinCorathers XSueJosephGarza XJustinJavierToure)
(WALK TA_XNathanKevinCorathers XJustinJavierToure XLeroySandraLewis)
(HOMESAFE TA_XNathankevincorathers XleroySandraLewis)
(DROPOFF TA_XJohnDustinKenny XSueJosephGarza)
(WALK TA_XJohnDustinKenny XSueJosephGarza XKennethShannonGardel)
(WALK TA_XJohnDustinKenny XKennethShannonGardel XAshleyWilliamClarke)
(HOMESAFE TA_XJohndustinkenny XashleyWilliamClarke)
(DROPOFF TA_XKennethShannonGardel XSueJosephGarza)
(WALK TA_XKennethShannonGardel XSueJosephGarza XKennethShannonGardel)
(WALK TA_XKennethShannonGardel XKennethShannonGardel XCrystalShermanVida)
(HOMESAFE TA_XKennethshannongardel XcrystalShermanVida)
