(DRIVE Xyxgkyomjxk Xjfpegvbxzj)
(DROPOFF TA_Xzaleonoxwk Xjfpegvbxzj)
(HOMESAFE TA_Xzaleonoxwk Xjfpegvbxzj)
(DRIVE Xjfpegvbxzj Xumsvcpgcge)
(DROPOFF TA_Xbaqrfcdqgq Xumsvcpgcge)
(HOMESAFE TA_Xbaqrfcdqgq Xumsvcpgcge)
(DRIVE Xumsvcpgcge Xnlzrbkkyqa)
(DROPOFF TA_Xumsvcpgcge Xnlzrbkkyqa)
(HOMESAFE TA_Xumsvcpgcge Xnlzrbkkyqa)
(DRIVE Xnlzrbkkyqa Xfrpjxxhdzl)
(DROPOFF TA_Xuwrlcxuvmr Xfrpjxxhdzl)
(HOMESAFE TA_Xuwrlcxuvmr Xfrpjxxhdzl)
(DRIVE Xfrpjxxhdzl Xbaqrfcdqgq)
(DROPOFF TA_Xhqzspezetq Xbaqrfcdqgq)
(HOMESAFE TA_Xhqzspezetq Xbaqrfcdqgq)
(DRIVE Xbaqrfcdqgq Xuwrlcxuvmr)
(DROPOFF TA_Xdxqtzefxjr Xuwrlcxuvmr)
(HOMESAFE TA_Xdxqtzefxjr Xuwrlcxuvmr)
(DRIVE Xuwrlcxuvmr Xercckmiqub)
(DROPOFF TA_Xercckmiqub Xercckmiqub)
(HOMESAFE TA_Xercckmiqub Xercckmiqub)
(DRIVE Xercckmiqub Xnuhaokcdsy)
(DROPOFF TA_Xrblqbbolzt Xnuhaokcdsy)
(HOMESAFE TA_Xrblqbbolzt Xnuhaokcdsy)
(DRIVE Xnuhaokcdsy Xriraylfnkc)
(DROPOFF TA_Xlwpniynici Xriraylfnkc)
(HOMESAFE TA_Xlwpniynici Xriraylfnkc)
(DRIVE Xriraylfnkc Xrblqbbolzt)
(DROPOFF TA_Xfrpjxxhdzl Xrblqbbolzt)
(HOMESAFE TA_Xfrpjxxhdzl Xrblqbbolzt)
(DRIVE Xrblqbbolzt Xzaleonoxwk)
(DROPOFF TA_Xnlzrbkkyqa Xzaleonoxwk)
(HOMESAFE TA_Xnlzrbkkyqa Xzaleonoxwk)
(DRIVE Xzaleonoxwk Xdxqtzefxjr)
(DROPOFF TA_Xnuhaokcdsy Xdxqtzefxjr)
(HOMESAFE TA_Xnuhaokcdsy Xdxqtzefxjr)
(DRIVE Xdxqtzefxjr Xatolfdabrg)
(DROPOFF TA_Xjfpegvbxzj Xatolfdabrg)
(DRIVE Xatolfdabrg Xyxgkyomjxk)
(HOMESAFE TA_Xjfpegvbxzj Xatolfdabrg)
(DRIVE Xyxgkyomjxk Xhqzspezetq)
(DROPOFF TA_Xriraylfnkc Xhqzspezetq)
(DRIVE Xhqzspezetq Xyxgkyomjxk)
(HOMESAFE TA_Xriraylfnkc Xhqzspezetq)
(DRIVE Xyxgkyomjxk Xlwpniynici)
(DROPOFF TA_Xatolfdabrg Xlwpniynici)
(DRIVE Xlwpniynici Xyxgkyomjxk)
(HOMESAFE TA_Xatolfdabrg Xlwpniynici)
