(DRIVE Xqgyqjgwlbh Xdjtmyhmwnn)
(DROPOFF TA_Xfdbzjhgcmh Xdjtmyhmwnn)
(HOMESAFE TA_Xfdbzjhgcmh Xdjtmyhmwnn)
(DRIVE Xdjtmyhmwnn Xqgyqjgwlbh)
(DRIVE Xqgyqjgwlbh Xsthbsdqlwm)
(DROPOFF TA_Xuyirsvqblu Xsthbsdqlwm)
(HOMESAFE TA_Xuyirsvqblu Xsthbsdqlwm)
(DRIVE Xsthbsdqlwm Xrzgfaqookt)
(DROPOFF TA_Xsqlbmrxpwv Xrzgfaqookt)
(HOMESAFE TA_Xsqlbmrxpwv Xrzgfaqookt)
(DRIVE Xrzgfaqookt Xqgyqjgwlbh)
(DRIVE Xqgyqjgwlbh Xfeggaeevcb)
(DROPOFF TA_Xculutarzsm Xfeggaeevcb)
(HOMESAFE TA_Xculutarzsm Xfeggaeevcb)
(DRIVE Xfeggaeevcb Xqgyqjgwlbh)
(DRIVE Xqgyqjgwlbh Xculutarzsm)
(DROPOFF TA_Xajjekwybql Xculutarzsm)
(HOMESAFE TA_Xajjekwybql Xculutarzsm)
(DRIVE Xculutarzsm Xtvrzrioagg)
(DROPOFF TA_Xhpbkyqcejb Xtvrzrioagg)
(HOMESAFE TA_Xhpbkyqcejb Xtvrzrioagg)
(DRIVE Xtvrzrioagg Xbzcpozsody)
(DROPOFF TA_Xhrbvyznkmd Xbzcpozsody)
(HOMESAFE TA_Xhrbvyznkmd Xbzcpozsody)
(DRIVE Xbzcpozsody Xqgyqjgwlbh)
(DRIVE Xqgyqjgwlbh Xbnfhxmjqzg)
(DROPOFF TA_Xntlhpzyidk Xbnfhxmjqzg)
(HOMESAFE TA_Xntlhpzyidk Xbnfhxmjqzg)
(DRIVE Xbnfhxmjqzg Xqgyqjgwlbh)
(DRIVE Xqgyqjgwlbh Xajjekwybql)
(DROPOFF TA_Xyfvfzingng Xajjekwybql)
(HOMESAFE TA_Xyfvfzingng Xajjekwybql)
(DRIVE Xajjekwybql Xsmlsmfgyxa)
(DROPOFF TA_Xaruweadnpf Xsmlsmfgyxa)
(HOMESAFE TA_Xaruweadnpf Xsmlsmfgyxa)
(DRIVE Xsmlsmfgyxa Xhnnlwliezo)
(DROPOFF TA_Xxpcqolcpnf Xhnnlwliezo)
(HOMESAFE TA_Xxpcqolcpnf Xhnnlwliezo)
(DRIVE Xhnnlwliezo Xfnlmocuczk)
(DROPOFF TA_Xcddppqxsmb Xfnlmocuczk)
(HOMESAFE TA_Xcddppqxsmb Xfnlmocuczk)
(DRIVE Xfnlmocuczk Xtjcamfqmxd)
(DROPOFF TA_Xtvrzrioagg Xtjcamfqmxd)
(HOMESAFE TA_Xtvrzrioagg Xtjcamfqmxd)
(DRIVE Xtjcamfqmxd Xbvwklxlwsa)
(DROPOFF TA_Xgdtsmzpvig Xbvwklxlwsa)
(HOMESAFE TA_Xgdtsmzpvig Xbvwklxlwsa)
(DRIVE Xbvwklxlwsa Xhyficezvgi)
(DROPOFF TA_Xfnlmocuczk Xhyficezvgi)
(HOMESAFE TA_Xfnlmocuczk Xhyficezvgi)
(DRIVE Xhyficezvgi Xqgyqjgwlbh)
(DRIVE Xqgyqjgwlbh Xfwzkdpfinn)
(DROPOFF TA_Xhnnlwliezo Xfwzkdpfinn)
(HOMESAFE TA_Xhnnlwliezo Xfwzkdpfinn)
(DRIVE Xfwzkdpfinn Xhpbkyqcejb)
(DROPOFF TA_Xsngqmldfxu Xhpbkyqcejb)
(HOMESAFE TA_Xsngqmldfxu Xhpbkyqcejb)
(DRIVE Xhpbkyqcejb Xlgwqodunqt)
(DROPOFF TA_Xbvwklxlwsa Xlgwqodunqt)
(HOMESAFE TA_Xbvwklxlwsa Xlgwqodunqt)
(DRIVE Xlgwqodunqt Xysndikwwgh)
(DROPOFF TA_Xfeggaeevcb Xysndikwwgh)
(HOMESAFE TA_Xfeggaeevcb Xysndikwwgh)
(DRIVE Xysndikwwgh Xwmeeitskjx)
(DROPOFF TA_Xhyficezvgi Xwmeeitskjx)
(HOMESAFE TA_Xhyficezvgi Xwmeeitskjx)
(DRIVE Xwmeeitskjx Xkmwsevkfov)
(DRIVE Xkmwsevkfov Xsgizgtdhhn)
(DROPOFF TA_Xsgizgtdhhn Xsgizgtdhhn)
(HOMESAFE TA_Xsgizgtdhhn Xsgizgtdhhn)
(DRIVE Xsgizgtdhhn Xqgyqjgwlbh)
(DRIVE Xqgyqjgwlbh Xhqvifzhbmo)
(DROPOFF TA_Xlgwqodunqt Xhqvifzhbmo)
(HOMESAFE TA_Xlgwqodunqt Xhqvifzhbmo)
(DRIVE Xhqvifzhbmo Xqgyqjgwlbh)
(DRIVE Xqgyqjgwlbh Xczgfnbovhq)
(DROPOFF TA_Xbnfhxmjqzg Xczgfnbovhq)
(HOMESAFE TA_Xbnfhxmjqzg Xczgfnbovhq)
(DRIVE Xczgfnbovhq Xqlieaqyzel)
(DROPOFF TA_Xtdqzbpmftq Xqlieaqyzel)
(HOMESAFE TA_Xtdqzbpmftq Xqlieaqyzel)
(DRIVE Xqlieaqyzel Xuyirsvqblu)
(DROPOFF TA_Xkmwsevkfov Xuyirsvqblu)
(HOMESAFE TA_Xkmwsevkfov Xuyirsvqblu)
(DRIVE Xuyirsvqblu Xnpffaineub)
(DROPOFF TA_Xnpffaineub Xnpffaineub)
(HOMESAFE TA_Xnpffaineub Xnpffaineub)
(DRIVE Xnpffaineub Xkmwsevkfov)
(DROPOFF TA_Xsthbsdqlwm Xkmwsevkfov)
(HOMESAFE TA_Xsthbsdqlwm Xkmwsevkfov)
(DRIVE Xkmwsevkfov Xfdbzjhgcmh)
(DROPOFF TA_Xwegckoctcp Xfdbzjhgcmh)
(DRIVE Xfdbzjhgcmh Xqgyqjgwlbh)
(HOMESAFE TA_Xwegckoctcp Xfdbzjhgcmh)
(DRIVE Xqgyqjgwlbh Xiznialmand)
(DROPOFF TA_Xkgewtltijq Xiznialmand)
(HOMESAFE TA_Xkgewtltijq Xiznialmand)
(DRIVE Xiznialmand Xxpcqolcpnf)
(DROPOFF TA_Xgqulqjeire Xxpcqolcpnf)
(HOMESAFE TA_Xgqulqjeire Xxpcqolcpnf)
(DRIVE Xxpcqolcpnf Xsqlbmrxpwv)
(DROPOFF TA_Xwmeeitskjx Xsqlbmrxpwv)
(HOMESAFE TA_Xwmeeitskjx Xsqlbmrxpwv)
(DRIVE Xsqlbmrxpwv Xvvurcgizpo)
(DROPOFF TA_Xrzgfaqookt Xvvurcgizpo)
(HOMESAFE TA_Xrzgfaqookt Xvvurcgizpo)
(DRIVE Xvvurcgizpo Xcynraykzum)
(DROPOFF TA_Xiznialmand Xcynraykzum)
(HOMESAFE TA_Xiznialmand Xcynraykzum)
(DRIVE Xcynraykzum Xgqulqjeire)
(DROPOFF TA_Xfwzkdpfinn Xgqulqjeire)
(HOMESAFE TA_Xfwzkdpfinn Xgqulqjeire)
(DRIVE Xgqulqjeire Xsngqmldfxu)
(DROPOFF TA_Xvvurcgizpo Xsngqmldfxu)
(HOMESAFE TA_Xvvurcgizpo Xsngqmldfxu)
(DRIVE Xsngqmldfxu Xstxmhuffri)
(DROPOFF TA_Xysndikwwgh Xstxmhuffri)
(DRIVE Xstxmhuffri Xqgyqjgwlbh)
(WALK TA_Xysndikwwgh Xstxmhuffri Xntlhpzyidk)
(HOMESAFE TA_Xysndikwwgh Xntlhpzyidk)
(DRIVE Xqgyqjgwlbh Xyfvfzingng)
(DROPOFF TA_Xsmlsmfgyxa Xyfvfzingng)
(HOMESAFE TA_Xsmlsmfgyxa Xyfvfzingng)
(DRIVE Xyfvfzingng Xgdtsmzpvig)
(DROPOFF TA_Xatkqvymdax Xgdtsmzpvig)
(DRIVE Xgdtsmzpvig Xqgyqjgwlbh)
(HOMESAFE TA_Xatkqvymdax Xgdtsmzpvig)
(DRIVE Xqgyqjgwlbh Xkgewtltijq)
(DROPOFF TA_Xstxmhuffri Xkgewtltijq)
(HOMESAFE TA_Xstxmhuffri Xkgewtltijq)
(DRIVE Xkgewtltijq Xhrbvyznkmd)
(DROPOFF TA_Xtjcamfqmxd Xhrbvyznkmd)
(HOMESAFE TA_Xtjcamfqmxd Xhrbvyznkmd)
(DRIVE Xhrbvyznkmd Xsomaaudaxm)
(DROPOFF TA_Xcynraykzum Xsomaaudaxm)
(HOMESAFE TA_Xcynraykzum Xsomaaudaxm)
(DRIVE Xsomaaudaxm Xatkqvymdax)
(DROPOFF TA_Xhqvifzhbmo Xatkqvymdax)
(HOMESAFE TA_Xhqvifzhbmo Xatkqvymdax)
(DRIVE Xatkqvymdax Xstxmhuffri)
(DROPOFF TA_Xdjtmyhmwnn Xstxmhuffri)
(HOMESAFE TA_Xdjtmyhmwnn Xstxmhuffri)
(DRIVE Xstxmhuffri Xlpopityrof)
(DROPOFF TA_Xczgfnbovhq Xlpopityrof)
(HOMESAFE TA_Xczgfnbovhq Xlpopityrof)
(DRIVE Xlpopityrof Xqgyqjgwlbh)
(DRIVE Xqgyqjgwlbh Xwegckoctcp)
(DROPOFF TA_Xsomaaudaxm Xwegckoctcp)
(HOMESAFE TA_Xsomaaudaxm Xwegckoctcp)
(DRIVE Xwegckoctcp Xcddppqxsmb)
(DROPOFF TA_Xbzcpozsody Xcddppqxsmb)
(HOMESAFE TA_Xbzcpozsody Xcddppqxsmb)
(DRIVE Xcddppqxsmb Xtdqzbpmftq)
(DROPOFF TA_Xqlieaqyzel Xtdqzbpmftq)
(DRIVE Xtdqzbpmftq Xqgyqjgwlbh)
(HOMESAFE TA_Xqlieaqyzel Xtdqzbpmftq)
(DRIVE Xqgyqjgwlbh Xaruweadnpf)
(DROPOFF TA_Xlpopityrof Xaruweadnpf)
(DRIVE Xaruweadnpf Xqgyqjgwlbh)
(HOMESAFE TA_Xlpopityrof Xaruweadnpf)
