(DROPOFF TA_XCookbridge XChelmbourne)
(WALK TA_XCookbridge XChelmbourne XWhitavon)
(HOMESAFE TA_XCookbridge Xwhitavon)
(DROPOFF TA_XStaintree XChelmbourne)
(WALK TA_XStaintree XChelmbourne XEgcastle)
(HOMESAFE TA_XStaintree Xegcastle)
(DROPOFF TA_XLeatherlow XChelmbourne)
(WALK TA_XLeatherlow XChelmbourne XShaftwich)
(HOMESAFE TA_XLeatherlow Xshaftwich)
(DROPOFF TA_XWhitborough XChelmbourne)
(WALK TA_XWhitborough XChelmbourne XWaltbrook)
(HOMESAFE TA_XWhitborough Xwaltbrook)
(DROPOFF TA_XStapmoor XChelmbourne)
(WALK TA_XStapmoor XChelmbourne XEdgwich)
(HOMESAFE TA_XStapmoor Xedgwich)
(DROPOFF TA_XMarlton XChelmbourne)
(WALK TA_XMarlton XChelmbourne XElgrove)
(HOMESAFE TA_XMarlton Xelgrove)
(DROPOFF TA_XShrivside XChelmbourne)
(WALK TA_XShrivside XChelmbourne XStapwell)
(HOMESAFE TA_XShrivside Xstapwell)
(DROPOFF TA_XStapthorne XChelmbourne)
(WALK TA_XStapthorne XChelmbourne XCasney)
(WALK TA_XStapthorne XCasney XEnlow)
(HOMESAFE TA_XStapthorne Xenlow)
(DROPOFF TA_XWhitavon XChelmbourne)
(WALK TA_XWhitavon XChelmbourne XStainfield)
(WALK TA_XWhitavon XStainfield XStapthorne)
(HOMESAFE TA_XWhitavon Xstapthorne)
(DROPOFF TA_XEgborne XChelmbourne)
(WALK TA_XEgborne XChelmbourne XWaltwood)
(WALK TA_XEgborne XWaltwood XCookton)
(HOMESAFE TA_XEgborne Xcookton)
(DROPOFF TA_XPrestdon XChelmbourne)
(WALK TA_XPrestdon XChelmbourne XWetborne)
(WALK TA_XPrestdon XWetborne XHornley)
(HOMESAFE TA_XPrestdon Xhornley)
(DROPOFF TA_XSodside XChelmbourne)
(WALK TA_XSodside XChelmbourne XWaltbrook)
(WALK TA_XSodside XWaltbrook XHurstworth)
(HOMESAFE TA_XSodside Xhurstworth)
(DROPOFF TA_XBracklow XChelmbourne)
(WALK TA_XBracklow XChelmbourne XWaltwood)
(WALK TA_XBracklow XWaltwood XSodside)
(HOMESAFE TA_XBracklow Xsodside)
(DROPOFF TA_XDurditch XChelmbourne)
(WALK TA_XDurditch XChelmbourne XWaltbrook)
(WALK TA_XDurditch XWaltbrook XHartbage)
(HOMESAFE TA_XDurditch Xhartbage)
(DROPOFF TA_XElside XChelmbourne)
(WALK TA_XElside XChelmbourne XStapwold)
(WALK TA_XElside XStapwold XStapmoor)
(HOMESAFE TA_XElside Xstapmoor)
(DROPOFF TA_XSudworth XChelmbourne)
(WALK TA_XSudworth XChelmbourne XStainfield)
(WALK TA_XSudworth XStainfield XAldhall)
(HOMESAFE TA_XSudworth Xaldhall)
(DROPOFF TA_XKingsley XChelmbourne)
(WALK TA_XKingsley XChelmbourne XWaltbrook)
(WALK TA_XKingsley XWaltbrook XEnbage)
(HOMESAFE TA_XKingsley Xenbage)
(DROPOFF TA_XAlfwell XChelmbourne)
(WALK TA_XAlfwell XChelmbourne XStapwold)
(WALK TA_XAlfwell XStapwold XMarlton)
(HOMESAFE TA_XAlfwell Xmarlton)
(DROPOFF TA_XSudwich XChelmbourne)
(WALK TA_XSudwich XChelmbourne XWhitavon)
(WALK TA_XSudwich XWhitavon XWhitborough)
(HOMESAFE TA_XSudwich Xwhitborough)
(DROPOFF TA_XHurstworth XChelmbourne)
(WALK TA_XHurstworth XChelmbourne XStapwell)
(WALK TA_XHurstworth XStapwell XWenwang)
(HOMESAFE TA_XHurstworth Xwenwang)
(DROPOFF TA_XWenden XChelmbourne)
(WALK TA_XWenden XChelmbourne XCasney)
(WALK TA_XWenden XCasney XEgborne)
(HOMESAFE TA_XWenden Xegborne)
(DROPOFF TA_XShaftwich XChelmbourne)
(WALK TA_XShaftwich XChelmbourne XWetborne)
(WALK TA_XShaftwich XWetborne XCasford)
(HOMESAFE TA_XShaftwich Xcasford)
(DROPOFF TA_XPemwood XChelmbourne)
(WALK TA_XPemwood XChelmbourne XStapwell)
(WALK TA_XPemwood XStapwell XBrainbridge)
(HOMESAFE TA_XPemwood Xbrainbridge)
(DROPOFF TA_XRocktree XChelmbourne)
(WALK TA_XRocktree XChelmbourne XStainfield)
(WALK TA_XRocktree XStainfield XWenden)
(HOMESAFE TA_XRocktree Xwenden)
(DROPOFF TA_XEnbage XChelmbourne)
(WALK TA_XEnbage XChelmbourne XShaftwich)
(WALK TA_XEnbage XShaftwich XDartsted)
(HOMESAFE TA_XEnbage Xdartsted)
(DROPOFF TA_XHorndown XChelmbourne)
(WALK TA_XHorndown XChelmbourne XStapwell)
(WALK TA_XHorndown XStapwell XStaintree)
(HOMESAFE TA_XHorndown Xstaintree)
(DROPOFF TA_XElgrove XChelmbourne)
(WALK TA_XElgrove XChelmbourne XStainfield)
(WALK TA_XElgrove XStainfield XPemwood)
(HOMESAFE TA_XElgrove Xpemwood)
(DROPOFF TA_XHartbage XChelmbourne)
(WALK TA_XHartbage XChelmbourne XWaltwood)
(WALK TA_XHartbage XWaltwood XBarnham)
(HOMESAFE TA_XHartbage Xbarnham)
(DROPOFF TA_XBrainbridge XChelmbourne)
(WALK TA_XBrainbridge XChelmbourne XStapwold)
(WALK TA_XBrainbridge XStapwold XWenborough)
(HOMESAFE TA_XBrainbridge Xwenborough)
(DROPOFF TA_XBarnside XChelmbourne)
(WALK TA_XBarnside XChelmbourne XEdgwich)
(WALK TA_XBarnside XEdgwich XKingsley)
(HOMESAFE TA_XBarnside Xkingsley)
(DROPOFF TA_XCasford XChelmbourne)
(WALK TA_XCasford XChelmbourne XEgcastle)
(WALK TA_XCasford XEgcastle XCookbridge)
(HOMESAFE TA_XCasford Xcookbridge)
(DROPOFF TA_XAlfby XChelmbourne)
(WALK TA_XAlfby XChelmbourne XWetborne)
(WALK TA_XAlfby XWetborne XEdgchester)
(HOMESAFE TA_XAlfby Xedgchester)
(DROPOFF TA_XLeatherlake XChelmbourne)
(WALK TA_XLeatherlake XChelmbourne XEgcastle)
(WALK TA_XLeatherlake XEgcastle XAlfby)
(HOMESAFE TA_XLeatherlake Xalfby)
(DROPOFF TA_XHornley XChelmbourne)
(WALK TA_XHornley XChelmbourne XEdgwich)
(WALK TA_XHornley XEdgwich XLeatherlake)
(HOMESAFE TA_XHornley Xleatherlake)
(DROPOFF TA_XWenwang XChelmbourne)
(WALK TA_XWenwang XChelmbourne XElgrove)
(WALK TA_XWenwang XElgrove XRocktree)
(HOMESAFE TA_XWenwang Xrocktree)
(DROPOFF TA_XEdgwich XChelmbourne)
(WALK TA_XEdgwich XChelmbourne XEdgwich)
(WALK TA_XEdgwich XEdgwich XWhitover)
(HOMESAFE TA_XEdgwich Xwhitover)
(DROPOFF TA_XAldhall XChelmbourne)
(WALK TA_XAldhall XChelmbourne XStapwold)
(WALK TA_XAldhall XStapwold XStaflow)
(HOMESAFE TA_XAldhall Xstaflow)
(DROPOFF TA_XSouthmere XChelmbourne)
(WALK TA_XSouthmere XChelmbourne XCasney)
(WALK TA_XSouthmere XCasney XShrivlow)
(HOMESAFE TA_XSouthmere Xshrivlow)
(DROPOFF TA_XStainside XChelmbourne)
(WALK TA_XStainside XChelmbourne XWhitavon)
(WALK TA_XStainside XWhitavon XElside)
(HOMESAFE TA_XStainside Xelside)
(DROPOFF TA_XStapwell XChelmbourne)
(WALK TA_XStapwell XChelmbourne XWetborne)
(WALK TA_XStapwell XWetborne XEdgchester)
(WALK TA_XStapwell XEdgchester XHorncester)
(HOMESAFE TA_XStapwell Xhorncester)
(DROPOFF TA_XWyhead XChelmbourne)
(WALK TA_XWyhead XChelmbourne XWaltwood)
(WALK TA_XWyhead XWaltwood XBarnham)
(WALK TA_XWyhead XBarnham XPrestey)
(HOMESAFE TA_XWyhead Xprestey)
(DROPOFF TA_XEnlow XChelmbourne)
(WALK TA_XEnlow XChelmbourne XEgcastle)
(WALK TA_XEnlow XEgcastle XHornney)
(WALK TA_XEnlow XHornney XBursted)
(HOMESAFE TA_XEnlow Xbursted)
(DROPOFF TA_XCleredon XChelmbourne)
(WALK TA_XCleredon XChelmbourne XStainfield)
(WALK TA_XCleredon XStainfield XElside)
(WALK TA_XCleredon XElside XPemwold)
(HOMESAFE TA_XCleredon Xpemwold)
(DROPOFF TA_XCookton XChelmbourne)
(WALK TA_XCookton XChelmbourne XWaltwood)
(WALK TA_XCookton XWaltwood XWhitborough)
(WALK TA_XCookton XWhitborough XHorndown)
(HOMESAFE TA_XCookton Xhorndown)
(DROPOFF TA_XStainhall XChelmbourne)
(WALK TA_XStainhall XChelmbourne XElgrove)
(WALK TA_XStainhall XElgrove XStainden)
(WALK TA_XStainhall XStainden XFlitham)
(HOMESAFE TA_XStainhall Xflitham)
(DROPOFF TA_XWenborough XChelmbourne)
(WALK TA_XWenborough XChelmbourne XCasney)
(WALK TA_XWenborough XCasney XBarnsmith)
(WALK TA_XWenborough XBarnsmith XStainside)
(HOMESAFE TA_XWenborough Xstainside)
(DROPOFF TA_XPemwold XChelmbourne)
(WALK TA_XPemwold XChelmbourne XEgcastle)
(WALK TA_XPemwold XEgcastle XMelborne)
(WALK TA_XPemwold XMelborne XSudworth)
(HOMESAFE TA_XPemwold Xsudworth)
(DROPOFF TA_XFlitham XChelmbourne)
(WALK TA_XFlitham XChelmbourne XWaltwood)
(WALK TA_XFlitham XWaltwood XSodside)
(WALK TA_XFlitham XSodside XBracklow)
(HOMESAFE TA_XFlitham Xbracklow)
(DROPOFF TA_XWaltbrook XChelmbourne)
(WALK TA_XWaltbrook XChelmbourne XWaltbrook)
(WALK TA_XWaltbrook XWaltbrook XEnlow)
(WALK TA_XWaltbrook XEnlow XCleredon)
(HOMESAFE TA_XWaltbrook Xcleredon)
(DROPOFF TA_XDartsted XChelmbourne)
(WALK TA_XDartsted XChelmbourne XElgrove)
(WALK TA_XDartsted XElgrove XStainden)
(WALK TA_XDartsted XStainden XPrestdon)
(HOMESAFE TA_XDartsted Xprestdon)
(DROPOFF TA_XEgcastle XChelmbourne)
(WALK TA_XEgcastle XChelmbourne XWhitavon)
(WALK TA_XEgcastle XWhitavon XAlfcastle)
(WALK TA_XEgcastle XAlfcastle XDurditch)
(HOMESAFE TA_XEgcastle Xdurditch)
(DROPOFF TA_XStaflow XChelmbourne)
(WALK TA_XStaflow XChelmbourne XStapwold)
(WALK TA_XStaflow XStapwold XHornbridge)
(WALK TA_XStaflow XHornbridge XSudwich)
(HOMESAFE TA_XStaflow Xsudwich)
(DROPOFF TA_XHorncester XChelmbourne)
(WALK TA_XHorncester XChelmbourne XStapwold)
(WALK TA_XHorncester XStapwold XHornbridge)
(WALK TA_XHorncester XHornbridge XWyhead)
(HOMESAFE TA_XHorncester Xwyhead)
(DROPOFF TA_XWhitover XChelmbourne)
(WALK TA_XWhitover XChelmbourne XEgcastle)
(WALK TA_XWhitover XEgcastle XCookbridge)
(WALK TA_XWhitover XCookbridge XSouthmere)
(HOMESAFE TA_XWhitover Xsouthmere)
(DROPOFF TA_XBarnham XChelmbourne)
(WALK TA_XBarnham XChelmbourne XEdgwich)
(WALK TA_XBarnham XEdgwich XWhitover)
(WALK TA_XBarnham XWhitover XStainhall)
(HOMESAFE TA_XBarnham Xstainhall)
(DROPOFF TA_XShrivlow XChelmbourne)
(WALK TA_XShrivlow XChelmbourne XStapwold)
(WALK TA_XShrivlow XStapwold XMarlton)
(WALK TA_XShrivlow XMarlton XShrivside)
(HOMESAFE TA_XShrivlow Xshrivside)
(DROPOFF TA_XBursted XChelmbourne)
(WALK TA_XBursted XChelmbourne XStapwold)
(WALK TA_XBursted XStapwold XMarlton)
(WALK TA_XBursted XMarlton XAlfwell)
(HOMESAFE TA_XBursted Xalfwell)
(DROPOFF TA_XEdgchester XChelmbourne)
(WALK TA_XEdgchester XChelmbourne XShaftwich)
(WALK TA_XEdgchester XShaftwich XDartsted)
(WALK TA_XEdgchester XDartsted XLeatherlow)
(HOMESAFE TA_XEdgchester Xleatherlow)
(DROPOFF TA_XPrestey XChelmbourne)
(WALK TA_XPrestey XChelmbourne XEgcastle)
(WALK TA_XPrestey XEgcastle XSouthstoke)
(WALK TA_XPrestey XSouthstoke XEgwood)
(WALK TA_XPrestey XEgwood XBarnside)
(HOMESAFE TA_XPrestey Xbarnside)
