(DRIVE Xgv Xdw)
(DROPOFF TA_Xef Xdw)
(DRIVE Xdw Xgv)
(WALK TA_Xef Xdw Xsx)
(HOMESAFE TA_Xef Xsx)
(DRIVE Xgv Xxr)
(DRIVE Xxr Xfm)
(DROPOFF TA_Xmy Xfm)
(HOMESAFE TA_Xmy Xfm)
(DRIVE Xfm Xwl)
(DRIVE Xwl Xbj)
(DROPOFF TA_Xay Xbj)
(HOMESAFE TA_Xay Xbj)
(DRIVE Xbj Xgv)
(DRIVE Xgv Xdw)
(DRIVE Xdw Xij)
(DROPOFF TA_Xdw Xij)
(HOMESAFE TA_Xdw Xij)
(DRIVE Xij Xzh)
(DRIVE Xzh Xho)
(DROPOFF TA_Xzc Xho)
(HOMESAFE TA_Xzc Xho)
(DRIVE Xho Xwl)
(DRIVE Xwl Xdw)
(DROPOFF TA_Xoa Xdw)
(DRIVE Xdw Xgv)
(WALK TA_Xoa Xdw Xvf)
(WALK TA_Xoa Xvf Xyo)
(HOMESAFE TA_Xoa Xyo)
(DRIVE Xgv Xwl)
(DRIVE Xwl Xea)
(DROPOFF TA_Xhz Xea)
(HOMESAFE TA_Xhz Xea)
(DRIVE Xea Xrp)
(DROPOFF TA_Xil Xrp)
(DRIVE Xrp Xgv)
(WALK TA_Xil Xrp Xfr)
(WALK TA_Xil Xfr Xcm)
(WALK TA_Xil Xcm Xhz)
(WALK TA_Xil Xhz Xwo)
(HOMESAFE TA_Xil Xwo)
(DRIVE Xgv Xsu)
(DROPOFF TA_Xbg Xsu)
(DRIVE Xsu Xgv)
(HOMESAFE TA_Xbg Xsu)
(DRIVE Xgv Xrp)
(DROPOFF TA_Xej Xrp)
(DRIVE Xrp Xgv)
(HOMESAFE TA_Xej Xrp)
(DRIVE Xgv Xdw)
(DROPOFF TA_Xea Xdw)
(DRIVE Xdw Xgv)
(HOMESAFE TA_Xea Xdw)
(DRIVE Xgv Xfz)
(DROPOFF TA_Xwo Xfz)
(DRIVE Xfz Xgv)
(WALK TA_Xwo Xfz Xve)
(HOMESAFE TA_Xwo Xve)
(DRIVE Xgv Xxr)
(DRIVE Xxr Xzc)
(DROPOFF TA_Xec Xzc)
(HOMESAFE TA_Xec Xzc)
(DRIVE Xzc Xsc)
(DROPOFF TA_Xzo Xsc)
(DRIVE Xsc Xgv)
(HOMESAFE TA_Xzo Xsc)
(DRIVE Xgv Xfz)
(DROPOFF TA_Xbj Xfz)
(DRIVE Xfz Xgv)
(WALK TA_Xbj Xfz Xec)
(WALK TA_Xbj Xec Xmy)
(HOMESAFE TA_Xbj Xmy)
(DRIVE Xgv Xxr)
(DRIVE Xxr Xfm)
(DRIVE Xfm Xmb)
(DROPOFF TA_Xsx Xmb)
(HOMESAFE TA_Xsx Xmb)
(DRIVE Xmb Xrp)
(DRIVE Xrp Xfz)
(DROPOFF TA_Xcm Xfz)
(DRIVE Xfz Xgv)
(WALK TA_Xcm Xfz Xyl)
(WALK TA_Xcm Xyl Xyj)
(HOMESAFE TA_Xcm Xyj)
(DRIVE Xgv Xxr)
(DRIVE Xxr Xnx)
(DRIVE Xnx Xvs)
(DROPOFF TA_Xrp Xvs)
(HOMESAFE TA_Xrp Xvs)
(DRIVE Xvs Xrp)
(DRIVE Xrp Xfz)
(DROPOFF TA_Xyj Xfz)
(DRIVE Xfz Xgv)
(WALK TA_Xyj Xfz Xbg)
(HOMESAFE TA_Xyj Xbg)
(DRIVE Xgv Xxr)
(DRIVE Xxr Xil)
(DROPOFF TA_Xij Xil)
(HOMESAFE TA_Xij Xil)
(DRIVE Xil Xxr)
(DRIVE Xxr Xfz)
(DROPOFF TA_Xve Xfz)
(DRIVE Xfz Xgv)
(HOMESAFE TA_Xve Xfz)
(DRIVE Xgv Xgu)
(DROPOFF TA_Xyl Xgu)
(DRIVE Xgu Xgv)
(HOMESAFE TA_Xyl Xgu)
(DRIVE Xgv Xxr)
(DRIVE Xxr Xjz)
(DRIVE Xjz Xvf)
(DROPOFF TA_Xfz Xvf)
(HOMESAFE TA_Xfz Xvf)
(DRIVE Xvf Xgz)
(DROPOFF TA_Xsc Xgz)
(DRIVE Xgz Xgv)
(HOMESAFE TA_Xsc Xgz)
(DRIVE Xgv Xwl)
(DRIVE Xwl Xur)
(DROPOFF TA_Xuj Xur)
(HOMESAFE TA_Xuj Xur)
(DRIVE Xur Xef)
(DROPOFF TA_Xgz Xef)
(HOMESAFE TA_Xgz Xef)
(DRIVE Xef Xyl)
(DROPOFF TA_Xvf Xyl)
(HOMESAFE TA_Xvf Xyl)
(DRIVE Xyl Xci)
(DRIVE Xci Xaz)
(DRIVE Xaz Xzo)
(DROPOFF TA_Xkx Xzo)
(HOMESAFE TA_Xkx Xzo)
(DRIVE Xzo Xaz)
(DRIVE Xaz Xhz)
(DROPOFF TA_Xho Xhz)
(DRIVE Xhz Xgv)
(WALK TA_Xho Xhz Xnc)
(WALK TA_Xho Xnc Xec)
(HOMESAFE TA_Xho Xec)
(DRIVE Xgv Xxr)
(DRIVE Xxr Xft)
(DRIVE Xft Xej)
(DROPOFF TA_Xvs Xej)
(HOMESAFE TA_Xvs Xej)
(DRIVE Xej Xft)
(DRIVE Xft Xxr)
(DRIVE Xxr Xhz)
(DROPOFF TA_Xbx Xhz)
(DRIVE Xhz Xgv)
(HOMESAFE TA_Xbx Xhz)
(DRIVE Xgv Xxr)
(DRIVE Xxr Xft)
(DRIVE Xft Xoa)
(DROPOFF TA_Xxm Xoa)
(HOMESAFE TA_Xxm Xoa)
(DRIVE Xoa Xjz)
(DRIVE Xjz Xxr)
(DRIVE Xxr Xnx)
(DRIVE Xnx Xkx)
(DROPOFF TA_Xfm Xkx)
(HOMESAFE TA_Xfm Xkx)
(DRIVE Xkx Xbx)
(DROPOFF TA_Xet Xbx)
(DRIVE Xbx Xgv)
(HOMESAFE TA_Xet Xbx)
(DRIVE Xgv Xgz)
(DRIVE Xgz Xds)
(DROPOFF TA_Xur Xds)
(HOMESAFE TA_Xur Xds)
(DRIVE Xds Xet)
(DROPOFF TA_Xmb Xet)
(HOMESAFE TA_Xmb Xet)
(DRIVE Xet Xfr)
(DRIVE Xfr Xrp)
(DRIVE Xrp Xgv)
(DRIVE Xgv Xgz)
(DRIVE Xgz Xxm)
(DROPOFF TA_Xgu Xxm)
(HOMESAFE TA_Xgu Xxm)
(DRIVE Xxm Xgz)
(DRIVE Xgz Xcm)
(DROPOFF TA_Xyo Xcm)
(HOMESAFE TA_Xyo Xcm)
(DRIVE Xcm Xwl)
(DRIVE Xwl Xay)
(DROPOFF TA_Xsu Xay)
(DRIVE Xay Xgv)
(HOMESAFE TA_Xsu Xay)
(DRIVE Xgv Xuj)
(DROPOFF TA_Xds Xuj)
(DRIVE Xuj Xgv)
(HOMESAFE TA_Xds Xuj)
