(DRIVE Xim Xrv)
(DRIVE Xrv Xhf)
(DROPOFF TA_Xmm Xhf)
(DRIVE Xhf Xzw)
(WALK TA_Xmm Xhf Xak)
(HOMESAFE TA_Xmm Xak)
(DRIVE Xzw Xcr)
(DROPOFF TA_Xvu Xcr)
(HOMESAFE TA_Xvu Xcr)
(DRIVE Xcr Xzt)
(DROPOFF TA_Xnr Xzt)
(DRIVE Xzt Xmj)
(DRIVE Xmj Xhf)
(DROPOFF TA_Xeo Xhf)
(HOMESAFE TA_Xeo Xhf)
(DRIVE Xhf Xqq)
(DRIVE Xqq Xrq)
(DROPOFF TA_Xaf Xrq)
(DRIVE Xrq Xqq)
(WALK TA_Xaf Xrq Xll)
(DRIVE Xqq Xra)
(DROPOFF TA_Xjm Xra)
(HOMESAFE TA_Xjm Xra)
(WALK TA_Xaf Xll Xrq)
(DRIVE Xra Xeg)
(WALK TA_Xaf Xrq Xqq)
(DRIVE Xeg Xtj)
(DRIVE Xtj Xak)
(DRIVE Xak Xmy)
(DRIVE Xmy Xaa)
(DRIVE Xaa Xmm)
(DROPOFF TA_Xns Xmm)
(DRIVE Xmm Xaa)
(DRIVE Xaa Xeo)
(DROPOFF TA_Xxf Xeo)
(HOMESAFE TA_Xxf Xeo)
(WALK TA_Xaf Xqq Xrq)
(WALK TA_Xns Xmm Xaa)
(HOMESAFE TA_Xnr Xzt)
(DRIVE Xeo Xns)
(DROPOFF TA_Xxj Xns)
(DRIVE Xns Xvo)
(DROPOFF TA_Xvo Xvo)
(HOMESAFE TA_Xvo Xvo)
(WALK TA_Xaf Xrq Xqq)
(DRIVE Xvo Xaf)
(HOMESAFE TA_Xxj Xns)
(DROPOFF TA_Xfe Xaf)
(HOMESAFE TA_Xfe Xaf)
(DRIVE Xaf Xcy)
(DROPOFF TA_Xll Xcy)
(HOMESAFE TA_Xll Xcy)
(DRIVE Xcy Xzt)
(DRIVE Xzt Xjm)
(DROPOFF TA_Xmq Xjm)
(HOMESAFE TA_Xmq Xjm)
(DRIVE Xjm Xod)
(DRIVE Xod Xyq)
(DROPOFF TA_Xyq Xyq)
(DRIVE Xyq Xim)
(DROPOFF TA_Xak Xim)
(HOMESAFE TA_Xak Xim)
(WALK TA_Xyq Xyq Xmq)
(DRIVE Xim Xrv)
(DRIVE Xrv Xhf)
(WALK TA_Xaf Xqq Xrq)
(WALK TA_Xns Xaa Xxj)
(HOMESAFE TA_Xns Xxj)
(DRIVE Xhf Xrv)
(WALK TA_Xaf Xrq Xll)
(DRIVE Xrv Xmm)
(DROPOFF TA_Xob Xmm)
(DRIVE Xmm Xrv)
(DRIVE Xrv Xhf)
(HOMESAFE TA_Xob Xmm)
(DROPOFF TA_Xzt Xhf)
(DRIVE Xhf Xrv)
(WALK TA_Xzt Xhf Xmj)
(WALK TA_Xzt Xmj Xkh)
(WALK TA_Xaf Xll Xrq)
(WALK TA_Xyq Xmq Xyq)
(WALK TA_Xaf Xrq Xqq)
(WALK TA_Xzt Xkh Xhx)
(HOMESAFE TA_Xzt Xhx)
(DRIVE Xrv Xsg)
(DROPOFF TA_Xhf Xsg)
(HOMESAFE TA_Xhf Xsg)
(DRIVE Xsg Xrv)
(DRIVE Xrv Xxf)
(DROPOFF TA_Xhx Xxf)
(HOMESAFE TA_Xhx Xxf)
(DRIVE Xxf Xrv)
(DRIVE Xrv Xim)
(WALK TA_Xaf Xqq Xrq)
(WALK TA_Xyq Xyq Xmq)
(DRIVE Xim Xrv)
(DRIVE Xrv Xtj)
(DRIVE Xtj Xeg)
(WALK TA_Xaf Xrq Xqq)
(DRIVE Xeg Xob)
(DROPOFF TA_Xcr Xob)
(HOMESAFE TA_Xcr Xob)
(DRIVE Xob Xeg)
(DRIVE Xeg Xtj)
(DRIVE Xtj Xrv)
(DRIVE Xrv Xim)
(WALK TA_Xyq Xmq Xyq)
(HOMESAFE TA_Xyq Xyq)
(WALK TA_Xaf Xqq Xrq)
(DRIVE Xim Xmq)
(DROPOFF TA_Xra Xmq)
(HOMESAFE TA_Xra Xmq)
(DRIVE Xmq Xzo)
(DRIVE Xzo Xfe)
(DROPOFF TA_Xim Xfe)
(HOMESAFE TA_Xim Xfe)
(WALK TA_Xaf Xrq Xqq)
(WALK TA_Xaf Xqq Xpv)
(DRIVE Xfe Xzo)
(WALK TA_Xaf Xpv Xnr)
(HOMESAFE TA_Xaf Xnr)
(DRIVE Xzo Xrq)
(DROPOFF TA_Xrq Xrq)
(HOMESAFE TA_Xrq Xrq)
(DRIVE Xrq Xqq)
(DRIVE Xqq Xvu)
(DROPOFF TA_Xsg Xvu)
(HOMESAFE TA_Xsg Xvu)
(DRIVE Xvu Xll)
(DROPOFF TA_Xcy Xll)
(HOMESAFE TA_Xcy Xll)
(DRIVE Xll Xdl)
(DRIVE Xdl Xim)
