(DROPOFF TA_XAddison XSoda)
(WALK TA_XAddison XSoda XAddison)
(HOMESAFE TA_XAddison Xaddison)
(DROPOFF TA_XMadera XSoda)
(WALK TA_XMadera XSoda XPoppy)
(HOMESAFE TA_XMadera Xpoppy)
(DROPOFF TA_XBret XSoda)
(WALK TA_XBret XSoda XMadera)
(HOMESAFE TA_XBret Xmadera)
(DROPOFF TA_XHigh XSoda)
(WALK TA_XHigh XSoda XMabel)
(HOMESAFE TA_XHigh Xmabel)
(DROPOFF TA_XHaskell XSoda)
(WALK TA_XHaskell XSoda XDomingo)
(HOMESAFE TA_XHaskell Xdomingo)
(DROPOFF TA_XColumbia XSoda)
(WALK TA_XColumbia XSoda XForest)
(HOMESAFE TA_XColumbia Xforest)
(DROPOFF TA_XByron XSoda)
(WALK TA_XByron XSoda XColusa)
(HOMESAFE TA_XByron Xcolusa)
(DROPOFF TA_XBataan XSoda)
(WALK TA_XBataan XSoda XBataan)
(HOMESAFE TA_XBataan Xbataan)
(DROPOFF TA_XBrowning XSoda)
(WALK TA_XBrowning XSoda XBrowning)
(HOMESAFE TA_XBrowning Xbrowning)
(DROPOFF TA_XHospital XSoda)
(WALK TA_XHospital XSoda XArch)
(HOMESAFE TA_XHospital Xarch)
(DROPOFF TA_XBowditch XSoda)
(WALK TA_XBowditch XSoda XMabel)
(WALK TA_XBowditch XMabel XSummit)
(HOMESAFE TA_XBowditch Xsummit)
(DROPOFF TA_XEunice XSoda)
(WALK TA_XEunice XSoda XBreakwater)
(WALK TA_XEunice XBreakwater XGreenwood)
(HOMESAFE TA_XEunice Xgreenwood)
(DROPOFF TA_XMarin XSoda)
(WALK TA_XMarin XSoda XColusa)
(WALK TA_XMarin XColusa XSpring)
(HOMESAFE TA_XMarin Xspring)
(DROPOFF TA_XPoplar XSoda)
(WALK TA_XPoplar XSoda XDartmouth)
(WALK TA_XPoplar XDartmouth XHaskell)
(HOMESAFE TA_XPoplar Xhaskell)
(DROPOFF TA_XMenlo XSoda)
(WALK TA_XMenlo XSoda XIndian)
(WALK TA_XMenlo XIndian XHigh)
(HOMESAFE TA_XMenlo Xhigh)
(DROPOFF TA_XForest XSoda)
(WALK TA_XForest XSoda XBrowning)
(WALK TA_XForest XBrowning XKenilworth)
(HOMESAFE TA_XForest Xkenilworth)
(DROPOFF TA_XAjax XSoda)
(WALK TA_XAjax XSoda XArch)
(WALK TA_XAjax XArch XMuir)
(HOMESAFE TA_XAjax Xmuir)
(DROPOFF TA_XTerrace XSoda)
(WALK TA_XTerrace XSoda XCowper)
(WALK TA_XTerrace XCowper XEunice)
(HOMESAFE TA_XTerrace Xeunice)
(DROPOFF TA_XAllston XSoda)
(WALK TA_XAllston XSoda XDrury)
(WALK TA_XAllston XDrury XPoplar)
(HOMESAFE TA_XAllston Xpoplar)
(DROPOFF TA_XSpring XSoda)
(WALK TA_XSpring XSoda XColorado)
(WALK TA_XSpring XColorado XHeinz)
(HOMESAFE TA_XSpring Xheinz)
(DROPOFF TA_XArch XSoda)
(WALK TA_XArch XSoda XPoppy)
(WALK TA_XArch XPoppy XAjax)
(HOMESAFE TA_XArch Xajax)
(DROPOFF TA_XVermont XSoda)
(WALK TA_XVermont XSoda XWoodhaven)
(WALK TA_XVermont XWoodhaven XFulton)
(HOMESAFE TA_XVermont Xfulton)
(DROPOFF TA_XKenilworth XSoda)
(WALK TA_XKenilworth XSoda XBataan)
(WALK TA_XKenilworth XBataan XPardee)
(HOMESAFE TA_XKenilworth Xpardee)
(DROPOFF TA_XBristol XSoda)
(WALK TA_XBristol XSoda XArch)
(WALK TA_XBristol XArch XKeeler)
(HOMESAFE TA_XBristol Xkeeler)
(DROPOFF TA_XHeinz XSoda)
(WALK TA_XHeinz XSoda XBrowning)
(WALK TA_XHeinz XBrowning XShasta)
(HOMESAFE TA_XHeinz Xshasta)
(DROPOFF TA_XHaste XSoda)
(WALK TA_XHaste XSoda XBrowning)
(WALK TA_XHaste XBrowning XColumbia)
(HOMESAFE TA_XHaste Xcolumbia)
(DROPOFF TA_XAnne XSoda)
(WALK TA_XAnne XSoda XAddison)
(WALK TA_XAnne XAddison XBelrose)
(HOMESAFE TA_XAnne Xbelrose)
(DROPOFF TA_XSummit XSoda)
(WALK TA_XSummit XSoda XColorado)
(WALK TA_XSummit XColorado XCutter)
(HOMESAFE TA_XSummit Xcutter)
(DROPOFF TA_XHaviland XSoda)
(WALK TA_XHaviland XSoda XBreakwater)
(WALK TA_XHaviland XBreakwater XBristol)
(HOMESAFE TA_XHaviland Xbristol)
(DROPOFF TA_XBancroft XSoda)
(WALK TA_XBancroft XSoda XAcacia)
(WALK TA_XBancroft XAcacia XVermont)
(HOMESAFE TA_XBancroft Xvermont)
(DROPOFF TA_XBelrose XSoda)
(WALK TA_XBelrose XSoda XForest)
(WALK TA_XBelrose XForest XLewiston)
(HOMESAFE TA_XBelrose Xlewiston)
(DROPOFF TA_XPardee XSoda)
(WALK TA_XPardee XSoda XArch)
(WALK TA_XPardee XArch XAnne)
(HOMESAFE TA_XPardee Xanne)
(DROPOFF TA_XCutter XSoda)
(WALK TA_XCutter XSoda XBreakwater)
(WALK TA_XCutter XBreakwater XHaviland)
(HOMESAFE TA_XCutter Xhaviland)
(DROPOFF TA_XColusa XSoda)
(WALK TA_XColusa XSoda XAddison)
(WALK TA_XColusa XAddison XByron)
(HOMESAFE TA_XColusa Xbyron)
(DROPOFF TA_XBurnett XSoda)
(WALK TA_XBurnett XSoda XKentucky)
(WALK TA_XBurnett XKentucky XEdith)
(HOMESAFE TA_XBurnett Xedith)
(DROPOFF TA_XKeeler XSoda)
(WALK TA_XKeeler XSoda XAddison)
(WALK TA_XKeeler XAddison XMenlo)
(HOMESAFE TA_XKeeler Xmenlo)
(DROPOFF TA_XDomingo XSoda)
(WALK TA_XDomingo XSoda XDrury)
(WALK TA_XDomingo XDrury XHospital)
(HOMESAFE TA_XDomingo Xhospital)
(DROPOFF TA_XEdith XSoda)
(WALK TA_XEdith XSoda XColusa)
(WALK TA_XEdith XColusa XMartin)
(HOMESAFE TA_XEdith Xmartin)
(DROPOFF TA_XComstock XSoda)
(WALK TA_XComstock XSoda XWoodhaven)
(WALK TA_XComstock XWoodhaven XFlorida)
(HOMESAFE TA_XComstock Xflorida)
(DROPOFF TA_XGreenwood XSoda)
(WALK TA_XGreenwood XSoda XCowper)
(WALK TA_XGreenwood XCowper XHaste)
(HOMESAFE TA_XGreenwood Xhaste)
(DROPOFF TA_XMuir XSoda)
(WALK TA_XMuir XSoda XColorado)
(WALK TA_XMuir XColorado XBancroft)
(HOMESAFE TA_XMuir Xbancroft)
(DROPOFF TA_XFlorida XSoda)
(WALK TA_XFlorida XSoda XBreakwater)
(WALK TA_XFlorida XBreakwater XComstock)
(HOMESAFE TA_XFlorida Xcomstock)
(DROPOFF TA_XLewiston XSoda)
(WALK TA_XLewiston XSoda XDrury)
(WALK TA_XLewiston XDrury XMarin)
(HOMESAFE TA_XLewiston Xmarin)
(DROPOFF TA_XFulton XSoda)
(WALK TA_XFulton XSoda XYolo)
(WALK TA_XFulton XYolo XFresno)
(HOMESAFE TA_XFulton Xfresno)
(DROPOFF TA_XFresno XSoda)
(WALK TA_XFresno XSoda XMabel)
(WALK TA_XFresno XMabel XAllston)
(HOMESAFE TA_XFresno Xallston)
(DROPOFF TA_XMartin XSoda)
(WALK TA_XMartin XSoda XAcacia)
(WALK TA_XMartin XAcacia XTerrace)
(HOMESAFE TA_XMartin Xterrace)
(DROPOFF TA_XOverlook XSoda)
(WALK TA_XOverlook XSoda XAddison)
(WALK TA_XOverlook XAddison XBowditch)
(HOMESAFE TA_XOverlook Xbowditch)
(DROPOFF TA_XPoppy XSoda)
(WALK TA_XPoppy XSoda XBreakwater)
(WALK TA_XPoppy XBreakwater XOverlook)
(HOMESAFE TA_XPoppy Xoverlook)
(DROPOFF TA_XShasta XSoda)
(WALK TA_XShasta XSoda XBrowning)
(WALK TA_XShasta XBrowning XBret)
(HOMESAFE TA_XShasta Xbret)
(DROPOFF TA_XMabel XSoda)
(WALK TA_XMabel XSoda XAcacia)
(WALK TA_XMabel XAcacia XBurnett)
(HOMESAFE TA_XMabel Xburnett)
