(DROPOFF TA_Xy Xa)
(HOMESAFE TA_Xy Xa)
(DRIVE Xa Xb)
(DRIVE Xb Xc)
(DRIVE Xc Xd)
(DRIVE Xd Xe)
(DRIVE Xe Xf)
(DRIVE Xf Xg)
(DRIVE Xg Xh)
(DRIVE Xh Xi)
(DRIVE Xi Xj)
(DRIVE Xj Xk)
(DRIVE Xk Xl)
(DRIVE Xl Xm)
(DROPOFF TA_Xa Xm)
(HOMESAFE TA_Xa Xm)
(DRIVE Xm Xn)
(DRIVE Xn Xo)
(DROPOFF TA_Xc Xo)
(HOMESAFE TA_Xc Xo)
(DRIVE Xo Xp)
(DRIVE Xp Xq)
(DROPOFF TA_Xe Xq)
(HOMESAFE TA_Xe Xq)
(DRIVE Xq Xp)
(DRIVE Xp Xo)
(DRIVE Xo Xn)
(DRIVE Xn Xm)
(DRIVE Xm Xl)
(DRIVE Xl Xk)
(DROPOFF TA_Xg Xk)
(HOMESAFE TA_Xg Xk)
(DRIVE Xk Xj)
(DRIVE Xj Xi)
(DROPOFF TA_Xi Xi)
(HOMESAFE TA_Xi Xi)
(DRIVE Xi Xj)
(DRIVE Xj Xk)
(DRIVE Xk Xl)
(DRIVE Xl Xm)
(DRIVE Xm Xn)
(DRIVE Xn Xo)
(DRIVE Xo Xp)
(DRIVE Xp Xq)
(DRIVE Xq Xr)
(DROPOFF TA_Xk Xr)
(HOMESAFE TA_Xk Xr)
(DRIVE Xr Xs)
(DRIVE Xs Xt)
(DROPOFF TA_Xm Xt)
(HOMESAFE TA_Xm Xt)
(DRIVE Xt Xs)
(DRIVE Xs Xr)
(DRIVE Xr Xq)
(DRIVE Xq Xp)
(DRIVE Xp Xo)
(DRIVE Xo Xn)
(DRIVE Xn Xm)
(DRIVE Xm Xl)
(DRIVE Xl Xk)
(DRIVE Xk Xj)
(DRIVE Xj Xi)
(DRIVE Xi Xh)
(DRIVE Xh Xg)
(DROPOFF TA_Xo Xg)
(HOMESAFE TA_Xo Xg)
(DRIVE Xg Xf)
(DRIVE Xf Xe)
(DROPOFF TA_Xq Xe)
(HOMESAFE TA_Xq Xe)
(DRIVE Xe Xf)
(DRIVE Xf Xg)
(DRIVE Xg Xh)
(DRIVE Xh Xi)
(DRIVE Xi Xj)
(DRIVE Xj Xk)
(DRIVE Xk Xl)
(DRIVE Xl Xm)
(DRIVE Xm Xn)
(DRIVE Xn Xo)
(DRIVE Xo Xp)
(DRIVE Xp Xq)
(DRIVE Xq Xr)
(DRIVE Xr Xs)
(DRIVE Xs Xt)
(DRIVE Xt Xu)
(DRIVE Xu Xv)
(DROPOFF TA_Xr Xv)
(HOMESAFE TA_Xr Xv)
(DRIVE Xv Xw)
(DRIVE Xw Xx)
(DROPOFF TA_Xt Xx)
(HOMESAFE TA_Xt Xx)
(DRIVE Xx Xw)
(DRIVE Xw Xv)
(DRIVE Xv Xu)
(DRIVE Xu Xt)
(DRIVE Xt Xs)
(DRIVE Xs Xr)
(DRIVE Xr Xq)
(DRIVE Xq Xp)
(DRIVE Xp Xo)
(DRIVE Xo Xn)
(DRIVE Xn Xm)
(DRIVE Xm Xl)
(DRIVE Xl Xk)
(DRIVE Xk Xj)
(DRIVE Xj Xi)
(DRIVE Xi Xh)
(DRIVE Xh Xg)
(DRIVE Xg Xf)
(DRIVE Xf Xe)
(DRIVE Xe Xd)
(DRIVE Xd Xc)
(DROPOFF TA_Xv Xc)
(HOMESAFE TA_Xv Xc)
(DRIVE Xc Xd)
(DRIVE Xd Xe)
(DRIVE Xe Xf)
(DRIVE Xf Xg)
(DRIVE Xg Xh)
(DRIVE Xh Xi)
(DRIVE Xi Xj)
(DRIVE Xj Xk)
(DRIVE Xk Xl)
(DRIVE Xl Xm)
(DRIVE Xm Xn)
(DRIVE Xn Xo)
(DRIVE Xo Xp)
(DRIVE Xp Xq)
(DRIVE Xq Xr)
(DRIVE Xr Xs)
(DRIVE Xs Xt)
(DRIVE Xt Xu)
(DRIVE Xu Xv)
(DRIVE Xv Xw)
(DRIVE Xw Xx)
(DRIVE Xx Xy)
(DROPOFF TA_Xx Xy)
(HOMESAFE TA_Xx Xy)
(DRIVE Xy Xx)
(DRIVE Xx Xw)
(DRIVE Xw Xv)
(DRIVE Xv Xu)
(DRIVE Xu Xt)
(DRIVE Xt Xs)
(DRIVE Xs Xr)
(DRIVE Xr Xq)
(DRIVE Xq Xp)
(DRIVE Xp Xo)
(DRIVE Xo Xn)
(DRIVE Xn Xm)
(DRIVE Xm Xl)
(DRIVE Xl Xk)
(DRIVE Xk Xj)
(DRIVE Xj Xi)
(DRIVE Xi Xh)
(DRIVE Xh Xg)
(DRIVE Xg Xf)
(DRIVE Xf Xe)
(DRIVE Xe Xd)
(DRIVE Xd Xc)
(DRIVE Xc Xb)
(DRIVE Xb Xa)
