(DROPOFF TA_XKetterwold XCleresmith)
(WALK TA_XKetterwold XCleresmith XWarringwood)
(HOMESAFE TA_XKetterwold Xwarringwood)
(DROPOFF TA_XCannerrebeck XCleresmith)
(WALK TA_XCannerrebeck XCleresmith XWhitby)
(WALK TA_XCannerrebeck XWhitby XBothensborough)
(WALK TA_XCannerrebeck XBothensborough XChippingwood)
(HOMESAFE TA_XCannerrebeck Xchippingwood)
(DROPOFF TA_XWarrerbage XCleresmith)
(WALK TA_XWarrerbage XCleresmith XWhitby)
(WALK TA_XWarrerbage XWhitby XBothensborough)
(WALK TA_XWarrerbage XBothensborough XSodmersmith)
(WALK TA_XWarrerbage XSodmersmith XChedlake)
(WALK TA_XWarrerbage XChedlake XKetterwold)
(HOMESAFE TA_XWarrerbage Xketterwold)
(DROPOFF TA_XWetley XCleresmith)
(WALK TA_XWetley XCleresmith XWhitby)
(WALK TA_XWetley XWhitby XBothensborough)
(WALK TA_XWetley XBothensborough XSodmersmith)
(WALK TA_XWetley XSodmersmith XChedlake)
(WALK TA_XWetley XChedlake XKetterwold)
(WALK TA_XWetley XKetterwold XMilditch)
(HOMESAFE TA_XWetley Xmilditch)
(DROPOFF TA_XEggerrensling XCleresmith)
(WALK TA_XEggerrensling XCleresmith XWhitby)
(WALK TA_XEggerrensling XWhitby XBothensborough)
(WALK TA_XEggerrensling XBothensborough XSodmersmith)
(WALK TA_XEggerrensling XSodmersmith XChedlake)
(WALK TA_XEggerrensling XChedlake XKetterwold)
(WALK TA_XEggerrensling XKetterwold XMilditch)
(WALK TA_XEggerrensling XMilditch XWydon)
(WALK TA_XEggerrensling XWydon XEdgney)
(WALK TA_XEggerrensling XEdgney XBasfield)
(HOMESAFE TA_XEggerrensling Xbasfield)
(DROPOFF TA_XReddenwell XCleresmith)
(WALK TA_XReddenwell XCleresmith XWhitby)
(WALK TA_XReddenwell XWhitby XBothensborough)
(WALK TA_XReddenwell XBothensborough XSodmersmith)
(WALK TA_XReddenwell XSodmersmith XChedlake)
(WALK TA_XReddenwell XChedlake XKetterwold)
(WALK TA_XReddenwell XKetterwold XMilditch)
(WALK TA_XReddenwell XMilditch XWydon)
(WALK TA_XReddenwell XWydon XEdgney)
(WALK TA_XReddenwell XEdgney XWhitseyborough)
(WALK TA_XReddenwell XWhitseyborough XTodderworth)
(WALK TA_XReddenwell XTodderworth XWarrerbage)
(HOMESAFE TA_XReddenwell Xwarrerbage)
(DROPOFF TA_XSkelcastle XCleresmith)
(WALK TA_XSkelcastle XCleresmith XWhitby)
(WALK TA_XSkelcastle XWhitby XBothensborough)
(WALK TA_XSkelcastle XBothensborough XSodmersmith)
(WALK TA_XSkelcastle XSodmersmith XChedlake)
(WALK TA_XSkelcastle XChedlake XKetterwold)
(WALK TA_XSkelcastle XKetterwold XMilditch)
(WALK TA_XSkelcastle XMilditch XWydon)
(WALK TA_XSkelcastle XWydon XEdgney)
(WALK TA_XSkelcastle XEdgney XWhitseyborough)
(WALK TA_XSkelcastle XWhitseyborough XTodderworth)
(WALK TA_XSkelcastle XTodderworth XWarrerbage)
(WALK TA_XSkelcastle XWarrerbage XDurblechester)
(HOMESAFE TA_XSkelcastle Xdurblechester)
(DROPOFF TA_XHannerworth XCleresmith)
(WALK TA_XHannerworth XCleresmith XWhitby)
(WALK TA_XHannerworth XWhitby XBothensborough)
(WALK TA_XHannerworth XBothensborough XSodmersmith)
(WALK TA_XHannerworth XSodmersmith XChedlake)
(WALK TA_XHannerworth XChedlake XKetterwold)
(WALK TA_XHannerworth XKetterwold XMilditch)
(WALK TA_XHannerworth XMilditch XWydon)
(WALK TA_XHannerworth XWydon XEdgney)
(WALK TA_XHannerworth XEdgney XWhitseyborough)
(WALK TA_XHannerworth XWhitseyborough XTodderworth)
(WALK TA_XHannerworth XTodderworth XWarrerbage)
(WALK TA_XHannerworth XWarrerbage XDurblechester)
(WALK TA_XHannerworth XDurblechester XDribbasborne)
(WALK TA_XHannerworth XDribbasborne XHanworth)
(WALK TA_XHannerworth XHanworth XEllingey)
(HOMESAFE TA_XHannerworth Xellingey)
(DROPOFF TA_XPendrenslake XCleresmith)
(WALK TA_XPendrenslake XCleresmith XWhitby)
(WALK TA_XPendrenslake XWhitby XBothensborough)
(WALK TA_XPendrenslake XBothensborough XSodmersmith)
(WALK TA_XPendrenslake XSodmersmith XChedlake)
(WALK TA_XPendrenslake XChedlake XKetterwold)
(WALK TA_XPendrenslake XKetterwold XMilditch)
(WALK TA_XPendrenslake XMilditch XWydon)
(WALK TA_XPendrenslake XWydon XEdgney)
(WALK TA_XPendrenslake XEdgney XWhitseyborough)
(WALK TA_XPendrenslake XWhitseyborough XTodderworth)
(WALK TA_XPendrenslake XTodderworth XWarrerbage)
(WALK TA_XPendrenslake XWarrerbage XDurblechester)
(WALK TA_XPendrenslake XDurblechester XDribbasborne)
(WALK TA_XPendrenslake XDribbasborne XHanworth)
(WALK TA_XPendrenslake XHanworth XSunderbrough)
(WALK TA_XPendrenslake XSunderbrough XChillerlow)
(WALK TA_XPendrenslake XChillerlow XEggerrensling)
(HOMESAFE TA_XPendrenslake Xeggerrensling)
(DROPOFF TA_XChilcompcester XCleresmith)
(WALK TA_XChilcompcester XCleresmith XWhitby)
(WALK TA_XChilcompcester XWhitby XBothensborough)
(WALK TA_XChilcompcester XBothensborough XSodmersmith)
(WALK TA_XChilcompcester XSodmersmith XChedlake)
(WALK TA_XChilcompcester XChedlake XKetterwold)
(WALK TA_XChilcompcester XKetterwold XMilditch)
(WALK TA_XChilcompcester XMilditch XWydon)
(WALK TA_XChilcompcester XWydon XEdgney)
(WALK TA_XChilcompcester XEdgney XWhitseyborough)
(WALK TA_XChilcompcester XWhitseyborough XTodderworth)
(WALK TA_XChilcompcester XTodderworth XWarrerbage)
(WALK TA_XChilcompcester XWarrerbage XDurblechester)
(WALK TA_XChilcompcester XDurblechester XDribbasborne)
(WALK TA_XChilcompcester XDribbasborne XHanworth)
(WALK TA_XChilcompcester XHanworth XSunderbrough)
(WALK TA_XChilcompcester XSunderbrough XChillerlow)
(WALK TA_XChilcompcester XChillerlow XEggerrensling)
(WALK TA_XChilcompcester XEggerrensling XHannerworth)
(HOMESAFE TA_XChilcompcester Xhannerworth)
(DROPOFF TA_XCammenenwich XCleresmith)
(WALK TA_XCammenenwich XCleresmith XWhitby)
(WALK TA_XCammenenwich XWhitby XBothensborough)
(WALK TA_XCammenenwich XBothensborough XSodmersmith)
(WALK TA_XCammenenwich XSodmersmith XChedlake)
(WALK TA_XCammenenwich XChedlake XKetterwold)
(WALK TA_XCammenenwich XKetterwold XMilditch)
(WALK TA_XCammenenwich XMilditch XWydon)
(WALK TA_XCammenenwich XWydon XEdgney)
(WALK TA_XCammenenwich XEdgney XWhitseyborough)
(WALK TA_XCammenenwich XWhitseyborough XTodderworth)
(WALK TA_XCammenenwich XTodderworth XWarrerbage)
(WALK TA_XCammenenwich XWarrerbage XDurblechester)
(WALK TA_XCammenenwich XDurblechester XDribbasborne)
(WALK TA_XCammenenwich XDribbasborne XHanworth)
(WALK TA_XCammenenwich XHanworth XSunderbrough)
(WALK TA_XCammenenwich XSunderbrough XChillerlow)
(WALK TA_XCammenenwich XChillerlow XEggerrensling)
(WALK TA_XCammenenwich XEggerrensling XHannerworth)
(WALK TA_XCammenenwich XHannerworth XWaltcombe)
(WALK TA_XCammenenwich XWaltcombe XDribbinggrove)
(WALK TA_XCammenenwich XDribbinggrove XPendrenslake)
(HOMESAFE TA_XCammenenwich Xpendrenslake)
(DROPOFF TA_XElfield XCleresmith)
(WALK TA_XElfield XCleresmith XWhitby)
(WALK TA_XElfield XWhitby XBothensborough)
(WALK TA_XElfield XBothensborough XSodmersmith)
(WALK TA_XElfield XSodmersmith XChedlake)
(WALK TA_XElfield XChedlake XKetterwold)
(WALK TA_XElfield XKetterwold XMilditch)
(WALK TA_XElfield XMilditch XWydon)
(WALK TA_XElfield XWydon XEdgney)
(WALK TA_XElfield XEdgney XWhitseyborough)
(WALK TA_XElfield XWhitseyborough XTodderworth)
(WALK TA_XElfield XTodderworth XWarrerbage)
(WALK TA_XElfield XWarrerbage XDurblechester)
(WALK TA_XElfield XDurblechester XDribbasborne)
(WALK TA_XElfield XDribbasborne XHanworth)
(WALK TA_XElfield XHanworth XSunderbrough)
(WALK TA_XElfield XSunderbrough XChillerlow)
(WALK TA_XElfield XChillerlow XEggerrensling)
(WALK TA_XElfield XEggerrensling XHannerworth)
(WALK TA_XElfield XHannerworth XWaltcombe)
(WALK TA_XElfield XWaltcombe XDribbinggrove)
(WALK TA_XElfield XDribbinggrove XCheddlesport)
(WALK TA_XElfield XCheddlesport XPendton)
(WALK TA_XElfield XPendton XElfield)
(HOMESAFE TA_XElfield Xelfield)
(DROPOFF TA_XRibney XCleresmith)
(WALK TA_XRibney XCleresmith XWhitby)
(WALK TA_XRibney XWhitby XBothensborough)
(WALK TA_XRibney XBothensborough XSodmersmith)
(WALK TA_XRibney XSodmersmith XChedlake)
(WALK TA_XRibney XChedlake XKetterwold)
(WALK TA_XRibney XKetterwold XMilditch)
(WALK TA_XRibney XMilditch XWydon)
(WALK TA_XRibney XWydon XEdgney)
(WALK TA_XRibney XEdgney XWhitseyborough)
(WALK TA_XRibney XWhitseyborough XTodderworth)
(WALK TA_XRibney XTodderworth XWarrerbage)
(WALK TA_XRibney XWarrerbage XDurblechester)
(WALK TA_XRibney XDurblechester XDribbasborne)
(WALK TA_XRibney XDribbasborne XHanworth)
(WALK TA_XRibney XHanworth XSunderbrough)
(WALK TA_XRibney XSunderbrough XChillerlow)
(WALK TA_XRibney XChillerlow XEggerrensling)
(WALK TA_XRibney XEggerrensling XHannerworth)
(WALK TA_XRibney XHannerworth XWaltcombe)
(WALK TA_XRibney XWaltcombe XDribbinggrove)
(WALK TA_XRibney XDribbinggrove XCheddlesport)
(WALK TA_XRibney XCheddlesport XPendton)
(WALK TA_XRibney XPendton XElfield)
(WALK TA_XRibney XElfield XWarblesdown)
(HOMESAFE TA_XRibney Xwarblesdown)
(DROPOFF TA_XReddentree XCleresmith)
(WALK TA_XReddentree XCleresmith XWhitby)
(WALK TA_XReddentree XWhitby XBothensborough)
(WALK TA_XReddentree XBothensborough XSodmersmith)
(WALK TA_XReddentree XSodmersmith XChedlake)
(WALK TA_XReddentree XChedlake XKetterwold)
(WALK TA_XReddentree XKetterwold XMilditch)
(WALK TA_XReddentree XMilditch XWydon)
(WALK TA_XReddentree XWydon XEdgney)
(WALK TA_XReddentree XEdgney XWhitseyborough)
(WALK TA_XReddentree XWhitseyborough XTodderworth)
(WALK TA_XReddentree XTodderworth XWarrerbage)
(WALK TA_XReddentree XWarrerbage XDurblechester)
(WALK TA_XReddentree XDurblechester XDribbasborne)
(WALK TA_XReddentree XDribbasborne XHanworth)
(WALK TA_XReddentree XHanworth XSunderbrough)
(WALK TA_XReddentree XSunderbrough XChillerlow)
(WALK TA_XReddentree XChillerlow XEggerrensling)
(WALK TA_XReddentree XEggerrensling XHannerworth)
(WALK TA_XReddentree XHannerworth XWaltcombe)
(WALK TA_XReddentree XWaltcombe XDribbinggrove)
(WALK TA_XReddentree XDribbinggrove XCheddlesport)
(WALK TA_XReddentree XCheddlesport XPendton)
(WALK TA_XReddentree XPendton XElfield)
(WALK TA_XReddentree XElfield XWarblesdown)
(WALK TA_XReddentree XWarblesdown XWolvingrethorne)
(WALK TA_XReddentree XWolvingrethorne XCammingbury)
(WALK TA_XReddentree XCammingbury XSoddenreey)
(HOMESAFE TA_XReddentree Xsoddenreey)
(DROPOFF TA_XRockhead XCleresmith)
(WALK TA_XRockhead XCleresmith XWhitby)
(WALK TA_XRockhead XWhitby XBothensborough)
(WALK TA_XRockhead XBothensborough XSodmersmith)
(WALK TA_XRockhead XSodmersmith XChedlake)
(WALK TA_XRockhead XChedlake XKetterwold)
(WALK TA_XRockhead XKetterwold XMilditch)
(WALK TA_XRockhead XMilditch XWydon)
(WALK TA_XRockhead XWydon XEdgney)
(WALK TA_XRockhead XEdgney XWhitseyborough)
(WALK TA_XRockhead XWhitseyborough XTodderworth)
(WALK TA_XRockhead XTodderworth XWarrerbage)
(WALK TA_XRockhead XWarrerbage XDurblechester)
(WALK TA_XRockhead XDurblechester XDribbasborne)
(WALK TA_XRockhead XDribbasborne XHanworth)
(WALK TA_XRockhead XHanworth XSunderbrough)
(WALK TA_XRockhead XSunderbrough XChillerlow)
(WALK TA_XRockhead XChillerlow XEggerrensling)
(WALK TA_XRockhead XEggerrensling XHannerworth)
(WALK TA_XRockhead XHannerworth XWaltcombe)
(WALK TA_XRockhead XWaltcombe XDribbinggrove)
(WALK TA_XRockhead XDribbinggrove XCheddlesport)
(WALK TA_XRockhead XCheddlesport XPendton)
(WALK TA_XRockhead XPendton XElfield)
(WALK TA_XRockhead XElfield XWarblesdown)
(WALK TA_XRockhead XWarblesdown XWolvingrethorne)
(WALK TA_XRockhead XWolvingrethorne XCammingbury)
(WALK TA_XRockhead XCammingbury XBlanden)
(WALK TA_XRockhead XBlanden XEgwood)
(WALK TA_XRockhead XEgwood XSkelcastle)
(HOMESAFE TA_XRockhead Xskelcastle)
(DROPOFF TA_XSuddlebrough XCleresmith)
(WALK TA_XSuddlebrough XCleresmith XWhitby)
(WALK TA_XSuddlebrough XWhitby XBothensborough)
(WALK TA_XSuddlebrough XBothensborough XSodmersmith)
(WALK TA_XSuddlebrough XSodmersmith XChedlake)
(WALK TA_XSuddlebrough XChedlake XKetterwold)
(WALK TA_XSuddlebrough XKetterwold XMilditch)
(WALK TA_XSuddlebrough XMilditch XWydon)
(WALK TA_XSuddlebrough XWydon XEdgney)
(WALK TA_XSuddlebrough XEdgney XWhitseyborough)
(WALK TA_XSuddlebrough XWhitseyborough XTodderworth)
(WALK TA_XSuddlebrough XTodderworth XWarrerbage)
(WALK TA_XSuddlebrough XWarrerbage XDurblechester)
(WALK TA_XSuddlebrough XDurblechester XDribbasborne)
(WALK TA_XSuddlebrough XDribbasborne XHanworth)
(WALK TA_XSuddlebrough XHanworth XSunderbrough)
(WALK TA_XSuddlebrough XSunderbrough XChillerlow)
(WALK TA_XSuddlebrough XChillerlow XEggerrensling)
(WALK TA_XSuddlebrough XEggerrensling XHannerworth)
(WALK TA_XSuddlebrough XHannerworth XWaltcombe)
(WALK TA_XSuddlebrough XWaltcombe XDribbinggrove)
(WALK TA_XSuddlebrough XDribbinggrove XCheddlesport)
(WALK TA_XSuddlebrough XCheddlesport XPendton)
(WALK TA_XSuddlebrough XPendton XElfield)
(WALK TA_XSuddlebrough XElfield XWarblesdown)
(WALK TA_XSuddlebrough XWarblesdown XWolvingrethorne)
(WALK TA_XSuddlebrough XWolvingrethorne XCammingbury)
(WALK TA_XSuddlebrough XCammingbury XBlanden)
(WALK TA_XSuddlebrough XBlanden XEgwood)
(WALK TA_XSuddlebrough XEgwood XSkelcastle)
(WALK TA_XSuddlebrough XSkelcastle XCannerrebeck)
(HOMESAFE TA_XSuddlebrough Xcannerrebeck)
(DROPOFF TA_XMilditch XCleresmith)
(WALK TA_XMilditch XCleresmith XWhitby)
(WALK TA_XMilditch XWhitby XBothensborough)
(WALK TA_XMilditch XBothensborough XSodmersmith)
(WALK TA_XMilditch XSodmersmith XChedlake)
(WALK TA_XMilditch XChedlake XKetterwold)
(WALK TA_XMilditch XKetterwold XMilditch)
(WALK TA_XMilditch XMilditch XWydon)
(WALK TA_XMilditch XWydon XEdgney)
(WALK TA_XMilditch XEdgney XWhitseyborough)
(WALK TA_XMilditch XWhitseyborough XTodderworth)
(WALK TA_XMilditch XTodderworth XWarrerbage)
(WALK TA_XMilditch XWarrerbage XDurblechester)
(WALK TA_XMilditch XDurblechester XDribbasborne)
(WALK TA_XMilditch XDribbasborne XHanworth)
(WALK TA_XMilditch XHanworth XSunderbrough)
(WALK TA_XMilditch XSunderbrough XChillerlow)
(WALK TA_XMilditch XChillerlow XEggerrensling)
(WALK TA_XMilditch XEggerrensling XHannerworth)
(WALK TA_XMilditch XHannerworth XWaltcombe)
(WALK TA_XMilditch XWaltcombe XDribbinggrove)
(WALK TA_XMilditch XDribbinggrove XCheddlesport)
(WALK TA_XMilditch XCheddlesport XPendton)
(WALK TA_XMilditch XPendton XElfield)
(WALK TA_XMilditch XElfield XWarblesdown)
(WALK TA_XMilditch XWarblesdown XWolvingrethorne)
(WALK TA_XMilditch XWolvingrethorne XCammingbury)
(WALK TA_XMilditch XCammingbury XBlanden)
(WALK TA_XMilditch XBlanden XEgwood)
(WALK TA_XMilditch XEgwood XSkelcastle)
(WALK TA_XMilditch XSkelcastle XCannerrebeck)
(WALK TA_XMilditch XCannerrebeck XCiside)
(WALK TA_XMilditch XCiside XHartrenslow)
(WALK TA_XMilditch XHartrenslow XCammenenwich)
(HOMESAFE TA_XMilditch Xcammenenwich)
(DROPOFF TA_XBasfield XCleresmith)
(WALK TA_XBasfield XCleresmith XWhitby)
(WALK TA_XBasfield XWhitby XBothensborough)
(WALK TA_XBasfield XBothensborough XSodmersmith)
(WALK TA_XBasfield XSodmersmith XChedlake)
(WALK TA_XBasfield XChedlake XKetterwold)
(WALK TA_XBasfield XKetterwold XMilditch)
(WALK TA_XBasfield XMilditch XWydon)
(WALK TA_XBasfield XWydon XEdgney)
(WALK TA_XBasfield XEdgney XWhitseyborough)
(WALK TA_XBasfield XWhitseyborough XTodderworth)
(WALK TA_XBasfield XTodderworth XWarrerbage)
(WALK TA_XBasfield XWarrerbage XDurblechester)
(WALK TA_XBasfield XDurblechester XDribbasborne)
(WALK TA_XBasfield XDribbasborne XHanworth)
(WALK TA_XBasfield XHanworth XSunderbrough)
(WALK TA_XBasfield XSunderbrough XChillerlow)
(WALK TA_XBasfield XChillerlow XEggerrensling)
(WALK TA_XBasfield XEggerrensling XHannerworth)
(WALK TA_XBasfield XHannerworth XWaltcombe)
(WALK TA_XBasfield XWaltcombe XDribbinggrove)
(WALK TA_XBasfield XDribbinggrove XCheddlesport)
(WALK TA_XBasfield XCheddlesport XPendton)
(WALK TA_XBasfield XPendton XElfield)
(WALK TA_XBasfield XElfield XWarblesdown)
(WALK TA_XBasfield XWarblesdown XWolvingrethorne)
(WALK TA_XBasfield XWolvingrethorne XCammingbury)
(WALK TA_XBasfield XCammingbury XBlanden)
(WALK TA_XBasfield XBlanden XEgwood)
(WALK TA_XBasfield XEgwood XSkelcastle)
(WALK TA_XBasfield XSkelcastle XCannerrebeck)
(WALK TA_XBasfield XCannerrebeck XCiside)
(WALK TA_XBasfield XCiside XHartrenslow)
(WALK TA_XBasfield XHartrenslow XEnderavon)
(WALK TA_XBasfield XEnderavon XPemhampton)
(WALK TA_XBasfield XPemhampton XReddenwell)
(HOMESAFE TA_XBasfield Xreddenwell)
(DROPOFF TA_XBootworth XCleresmith)
(WALK TA_XBootworth XCleresmith XWhitby)
(WALK TA_XBootworth XWhitby XBothensborough)
(WALK TA_XBootworth XBothensborough XSodmersmith)
(WALK TA_XBootworth XSodmersmith XChedlake)
(WALK TA_XBootworth XChedlake XKetterwold)
(WALK TA_XBootworth XKetterwold XMilditch)
(WALK TA_XBootworth XMilditch XWydon)
(WALK TA_XBootworth XWydon XEdgney)
(WALK TA_XBootworth XEdgney XWhitseyborough)
(WALK TA_XBootworth XWhitseyborough XTodderworth)
(WALK TA_XBootworth XTodderworth XWarrerbage)
(WALK TA_XBootworth XWarrerbage XDurblechester)
(WALK TA_XBootworth XDurblechester XDribbasborne)
(WALK TA_XBootworth XDribbasborne XHanworth)
(WALK TA_XBootworth XHanworth XSunderbrough)
(WALK TA_XBootworth XSunderbrough XChillerlow)
(WALK TA_XBootworth XChillerlow XEggerrensling)
(WALK TA_XBootworth XEggerrensling XHannerworth)
(WALK TA_XBootworth XHannerworth XWaltcombe)
(WALK TA_XBootworth XWaltcombe XDribbinggrove)
(WALK TA_XBootworth XDribbinggrove XCheddlesport)
(WALK TA_XBootworth XCheddlesport XPendton)
(WALK TA_XBootworth XPendton XElfield)
(WALK TA_XBootworth XElfield XWarblesdown)
(WALK TA_XBootworth XWarblesdown XWolvingrethorne)
(WALK TA_XBootworth XWolvingrethorne XCammingbury)
(WALK TA_XBootworth XCammingbury XBlanden)
(WALK TA_XBootworth XBlanden XEgwood)
(WALK TA_XBootworth XEgwood XSkelcastle)
(WALK TA_XBootworth XSkelcastle XCannerrebeck)
(WALK TA_XBootworth XCannerrebeck XCiside)
(WALK TA_XBootworth XCiside XHartrenslow)
(WALK TA_XBootworth XHartrenslow XEnderavon)
(WALK TA_XBootworth XEnderavon XPemhampton)
(WALK TA_XBootworth XPemhampton XReddenwell)
(WALK TA_XBootworth XReddenwell XSuddlebrough)
(HOMESAFE TA_XBootworth Xsuddlebrough)
(DROPOFF TA_XShrivden XCleresmith)
(WALK TA_XShrivden XCleresmith XWhitby)
(WALK TA_XShrivden XWhitby XBothensborough)
(WALK TA_XShrivden XBothensborough XSodmersmith)
(WALK TA_XShrivden XSodmersmith XChedlake)
(WALK TA_XShrivden XChedlake XKetterwold)
(WALK TA_XShrivden XKetterwold XMilditch)
(WALK TA_XShrivden XMilditch XWydon)
(WALK TA_XShrivden XWydon XEdgney)
(WALK TA_XShrivden XEdgney XWhitseyborough)
(WALK TA_XShrivden XWhitseyborough XTodderworth)
(WALK TA_XShrivden XTodderworth XWarrerbage)
(WALK TA_XShrivden XWarrerbage XDurblechester)
(WALK TA_XShrivden XDurblechester XDribbasborne)
(WALK TA_XShrivden XDribbasborne XHanworth)
(WALK TA_XShrivden XHanworth XSunderbrough)
(WALK TA_XShrivden XSunderbrough XChillerlow)
(WALK TA_XShrivden XChillerlow XEggerrensling)
(WALK TA_XShrivden XEggerrensling XHannerworth)
(WALK TA_XShrivden XHannerworth XWaltcombe)
(WALK TA_XShrivden XWaltcombe XDribbinggrove)
(WALK TA_XShrivden XDribbinggrove XCheddlesport)
(WALK TA_XShrivden XCheddlesport XPendton)
(WALK TA_XShrivden XPendton XElfield)
(WALK TA_XShrivden XElfield XWarblesdown)
(WALK TA_XShrivden XWarblesdown XWolvingrethorne)
(WALK TA_XShrivden XWolvingrethorne XCammingbury)
(WALK TA_XShrivden XCammingbury XBlanden)
(WALK TA_XShrivden XBlanden XEgwood)
(WALK TA_XShrivden XEgwood XSkelcastle)
(WALK TA_XShrivden XSkelcastle XCannerrebeck)
(WALK TA_XShrivden XCannerrebeck XCiside)
(WALK TA_XShrivden XCiside XHartrenslow)
(WALK TA_XShrivden XHartrenslow XEnderavon)
(WALK TA_XShrivden XEnderavon XPemhampton)
(WALK TA_XShrivden XPemhampton XReddenwell)
(WALK TA_XShrivden XReddenwell XSuddlebrough)
(WALK TA_XShrivden XSuddlebrough XPendingstoke)
(WALK TA_XShrivden XPendingstoke XStainsdenwold)
(WALK TA_XShrivden XStainsdenwold XReddentree)
(HOMESAFE TA_XShrivden Xreddentree)
(DROPOFF TA_XWarringwood XCleresmith)
(WALK TA_XWarringwood XCleresmith XWhitby)
(WALK TA_XWarringwood XWhitby XBothensborough)
(WALK TA_XWarringwood XBothensborough XSodmersmith)
(WALK TA_XWarringwood XSodmersmith XChedlake)
(WALK TA_XWarringwood XChedlake XKetterwold)
(WALK TA_XWarringwood XKetterwold XMilditch)
(WALK TA_XWarringwood XMilditch XWydon)
(WALK TA_XWarringwood XWydon XEdgney)
(WALK TA_XWarringwood XEdgney XWhitseyborough)
(WALK TA_XWarringwood XWhitseyborough XTodderworth)
(WALK TA_XWarringwood XTodderworth XWarrerbage)
(WALK TA_XWarringwood XWarrerbage XDurblechester)
(WALK TA_XWarringwood XDurblechester XDribbasborne)
(WALK TA_XWarringwood XDribbasborne XHanworth)
(WALK TA_XWarringwood XHanworth XSunderbrough)
(WALK TA_XWarringwood XSunderbrough XChillerlow)
(WALK TA_XWarringwood XChillerlow XEggerrensling)
(WALK TA_XWarringwood XEggerrensling XHannerworth)
(WALK TA_XWarringwood XHannerworth XWaltcombe)
(WALK TA_XWarringwood XWaltcombe XDribbinggrove)
(WALK TA_XWarringwood XDribbinggrove XCheddlesport)
(WALK TA_XWarringwood XCheddlesport XPendton)
(WALK TA_XWarringwood XPendton XElfield)
(WALK TA_XWarringwood XElfield XWarblesdown)
(WALK TA_XWarringwood XWarblesdown XWolvingrethorne)
(WALK TA_XWarringwood XWolvingrethorne XCammingbury)
(WALK TA_XWarringwood XCammingbury XBlanden)
(WALK TA_XWarringwood XBlanden XEgwood)
(WALK TA_XWarringwood XEgwood XSkelcastle)
(WALK TA_XWarringwood XSkelcastle XCannerrebeck)
(WALK TA_XWarringwood XCannerrebeck XCiside)
(WALK TA_XWarringwood XCiside XHartrenslow)
(WALK TA_XWarringwood XHartrenslow XEnderavon)
(WALK TA_XWarringwood XEnderavon XPemhampton)
(WALK TA_XWarringwood XPemhampton XReddenwell)
(WALK TA_XWarringwood XReddenwell XSuddlebrough)
(WALK TA_XWarringwood XSuddlebrough XPendingstoke)
(WALK TA_XWarringwood XPendingstoke XStainsdenwold)
(WALK TA_XWarringwood XStainsdenwold XAshworth)
(WALK TA_XWarringwood XAshworth XCannenringwell)
(WALK TA_XWarringwood XCannenringwell XElmsbrook)
(HOMESAFE TA_XWarringwood Xelmsbrook)
(DROPOFF TA_XElmsbrook XCleresmith)
(WALK TA_XElmsbrook XCleresmith XWhitby)
(WALK TA_XElmsbrook XWhitby XBothensborough)
(WALK TA_XElmsbrook XBothensborough XSodmersmith)
(WALK TA_XElmsbrook XSodmersmith XChedlake)
(WALK TA_XElmsbrook XChedlake XKetterwold)
(WALK TA_XElmsbrook XKetterwold XMilditch)
(WALK TA_XElmsbrook XMilditch XWydon)
(WALK TA_XElmsbrook XWydon XEdgney)
(WALK TA_XElmsbrook XEdgney XWhitseyborough)
(WALK TA_XElmsbrook XWhitseyborough XTodderworth)
(WALK TA_XElmsbrook XTodderworth XWarrerbage)
(WALK TA_XElmsbrook XWarrerbage XDurblechester)
(WALK TA_XElmsbrook XDurblechester XDribbasborne)
(WALK TA_XElmsbrook XDribbasborne XHanworth)
(WALK TA_XElmsbrook XHanworth XSunderbrough)
(WALK TA_XElmsbrook XSunderbrough XChillerlow)
(WALK TA_XElmsbrook XChillerlow XEggerrensling)
(WALK TA_XElmsbrook XEggerrensling XHannerworth)
(WALK TA_XElmsbrook XHannerworth XWaltcombe)
(WALK TA_XElmsbrook XWaltcombe XDribbinggrove)
(WALK TA_XElmsbrook XDribbinggrove XCheddlesport)
(WALK TA_XElmsbrook XCheddlesport XPendton)
(WALK TA_XElmsbrook XPendton XElfield)
(WALK TA_XElmsbrook XElfield XWarblesdown)
(WALK TA_XElmsbrook XWarblesdown XWolvingrethorne)
(WALK TA_XElmsbrook XWolvingrethorne XCammingbury)
(WALK TA_XElmsbrook XCammingbury XBlanden)
(WALK TA_XElmsbrook XBlanden XEgwood)
(WALK TA_XElmsbrook XEgwood XSkelcastle)
(WALK TA_XElmsbrook XSkelcastle XCannerrebeck)
(WALK TA_XElmsbrook XCannerrebeck XCiside)
(WALK TA_XElmsbrook XCiside XHartrenslow)
(WALK TA_XElmsbrook XHartrenslow XEnderavon)
(WALK TA_XElmsbrook XEnderavon XPemhampton)
(WALK TA_XElmsbrook XPemhampton XReddenwell)
(WALK TA_XElmsbrook XReddenwell XSuddlebrough)
(WALK TA_XElmsbrook XSuddlebrough XPendingstoke)
(WALK TA_XElmsbrook XPendingstoke XStainsdenwold)
(WALK TA_XElmsbrook XStainsdenwold XAshworth)
(WALK TA_XElmsbrook XAshworth XCannenringwell)
(WALK TA_XElmsbrook XCannenringwell XElmsbrook)
(WALK TA_XElmsbrook XElmsbrook XChilcompcester)
(HOMESAFE TA_XElmsbrook Xchilcompcester)
(DROPOFF TA_XDurblechester XCleresmith)
(WALK TA_XDurblechester XCleresmith XWhitby)
(WALK TA_XDurblechester XWhitby XBothensborough)
(WALK TA_XDurblechester XBothensborough XSodmersmith)
(WALK TA_XDurblechester XSodmersmith XChedlake)
(WALK TA_XDurblechester XChedlake XKetterwold)
(WALK TA_XDurblechester XKetterwold XMilditch)
(WALK TA_XDurblechester XMilditch XWydon)
(WALK TA_XDurblechester XWydon XEdgney)
(WALK TA_XDurblechester XEdgney XWhitseyborough)
(WALK TA_XDurblechester XWhitseyborough XTodderworth)
(WALK TA_XDurblechester XTodderworth XWarrerbage)
(WALK TA_XDurblechester XWarrerbage XDurblechester)
(WALK TA_XDurblechester XDurblechester XDribbasborne)
(WALK TA_XDurblechester XDribbasborne XHanworth)
(WALK TA_XDurblechester XHanworth XSunderbrough)
(WALK TA_XDurblechester XSunderbrough XChillerlow)
(WALK TA_XDurblechester XChillerlow XEggerrensling)
(WALK TA_XDurblechester XEggerrensling XHannerworth)
(WALK TA_XDurblechester XHannerworth XWaltcombe)
(WALK TA_XDurblechester XWaltcombe XDribbinggrove)
(WALK TA_XDurblechester XDribbinggrove XCheddlesport)
(WALK TA_XDurblechester XCheddlesport XPendton)
(WALK TA_XDurblechester XPendton XElfield)
(WALK TA_XDurblechester XElfield XWarblesdown)
(WALK TA_XDurblechester XWarblesdown XWolvingrethorne)
(WALK TA_XDurblechester XWolvingrethorne XCammingbury)
(WALK TA_XDurblechester XCammingbury XBlanden)
(WALK TA_XDurblechester XBlanden XEgwood)
(WALK TA_XDurblechester XEgwood XSkelcastle)
(WALK TA_XDurblechester XSkelcastle XCannerrebeck)
(WALK TA_XDurblechester XCannerrebeck XCiside)
(WALK TA_XDurblechester XCiside XHartrenslow)
(WALK TA_XDurblechester XHartrenslow XEnderavon)
(WALK TA_XDurblechester XEnderavon XPemhampton)
(WALK TA_XDurblechester XPemhampton XReddenwell)
(WALK TA_XDurblechester XReddenwell XSuddlebrough)
(WALK TA_XDurblechester XSuddlebrough XPendingstoke)
(WALK TA_XDurblechester XPendingstoke XStainsdenwold)
(WALK TA_XDurblechester XStainsdenwold XAshworth)
(WALK TA_XDurblechester XAshworth XCannenringwell)
(WALK TA_XDurblechester XCannenringwell XElmsbrook)
(WALK TA_XDurblechester XElmsbrook XChilcompcester)
(WALK TA_XDurblechester XChilcompcester XHanscombe)
(WALK TA_XDurblechester XHanscombe XWatchmanshead)
(WALK TA_XDurblechester XWatchmanshead XShrivden)
(HOMESAFE TA_XDurblechester Xshrivden)
(DROPOFF TA_XChippingwood XCleresmith)
(WALK TA_XChippingwood XCleresmith XWhitby)
(WALK TA_XChippingwood XWhitby XBothensborough)
(WALK TA_XChippingwood XBothensborough XSodmersmith)
(WALK TA_XChippingwood XSodmersmith XChedlake)
(WALK TA_XChippingwood XChedlake XKetterwold)
(WALK TA_XChippingwood XKetterwold XMilditch)
(WALK TA_XChippingwood XMilditch XWydon)
(WALK TA_XChippingwood XWydon XEdgney)
(WALK TA_XChippingwood XEdgney XWhitseyborough)
(WALK TA_XChippingwood XWhitseyborough XTodderworth)
(WALK TA_XChippingwood XTodderworth XWarrerbage)
(WALK TA_XChippingwood XWarrerbage XDurblechester)
(WALK TA_XChippingwood XDurblechester XDribbasborne)
(WALK TA_XChippingwood XDribbasborne XHanworth)
(WALK TA_XChippingwood XHanworth XSunderbrough)
(WALK TA_XChippingwood XSunderbrough XChillerlow)
(WALK TA_XChippingwood XChillerlow XEggerrensling)
(WALK TA_XChippingwood XEggerrensling XHannerworth)
(WALK TA_XChippingwood XHannerworth XWaltcombe)
(WALK TA_XChippingwood XWaltcombe XDribbinggrove)
(WALK TA_XChippingwood XDribbinggrove XCheddlesport)
(WALK TA_XChippingwood XCheddlesport XPendton)
(WALK TA_XChippingwood XPendton XElfield)
(WALK TA_XChippingwood XElfield XWarblesdown)
(WALK TA_XChippingwood XWarblesdown XWolvingrethorne)
(WALK TA_XChippingwood XWolvingrethorne XCammingbury)
(WALK TA_XChippingwood XCammingbury XBlanden)
(WALK TA_XChippingwood XBlanden XEgwood)
(WALK TA_XChippingwood XEgwood XSkelcastle)
(WALK TA_XChippingwood XSkelcastle XCannerrebeck)
(WALK TA_XChippingwood XCannerrebeck XCiside)
(WALK TA_XChippingwood XCiside XHartrenslow)
(WALK TA_XChippingwood XHartrenslow XEnderavon)
(WALK TA_XChippingwood XEnderavon XPemhampton)
(WALK TA_XChippingwood XPemhampton XReddenwell)
(WALK TA_XChippingwood XReddenwell XSuddlebrough)
(WALK TA_XChippingwood XSuddlebrough XPendingstoke)
(WALK TA_XChippingwood XPendingstoke XStainsdenwold)
(WALK TA_XChippingwood XStainsdenwold XAshworth)
(WALK TA_XChippingwood XAshworth XCannenringwell)
(WALK TA_XChippingwood XCannenringwell XElmsbrook)
(WALK TA_XChippingwood XElmsbrook XChilcompcester)
(WALK TA_XChippingwood XChilcompcester XHanscombe)
(WALK TA_XChippingwood XHanscombe XWatchmanshead)
(WALK TA_XChippingwood XWatchmanshead XChippenden)
(WALK TA_XChippingwood XChippenden XCamsdenden)
(WALK TA_XChippingwood XCamsdenden XRockhead)
(HOMESAFE TA_XChippingwood Xrockhead)
(DROPOFF TA_XEllingey XCleresmith)
(WALK TA_XEllingey XCleresmith XWhitby)
(WALK TA_XEllingey XWhitby XBothensborough)
(WALK TA_XEllingey XBothensborough XSodmersmith)
(WALK TA_XEllingey XSodmersmith XChedlake)
(WALK TA_XEllingey XChedlake XKetterwold)
(WALK TA_XEllingey XKetterwold XMilditch)
(WALK TA_XEllingey XMilditch XWydon)
(WALK TA_XEllingey XWydon XEdgney)
(WALK TA_XEllingey XEdgney XWhitseyborough)
(WALK TA_XEllingey XWhitseyborough XTodderworth)
(WALK TA_XEllingey XTodderworth XWarrerbage)
(WALK TA_XEllingey XWarrerbage XDurblechester)
(WALK TA_XEllingey XDurblechester XDribbasborne)
(WALK TA_XEllingey XDribbasborne XHanworth)
(WALK TA_XEllingey XHanworth XSunderbrough)
(WALK TA_XEllingey XSunderbrough XChillerlow)
(WALK TA_XEllingey XChillerlow XEggerrensling)
(WALK TA_XEllingey XEggerrensling XHannerworth)
(WALK TA_XEllingey XHannerworth XWaltcombe)
(WALK TA_XEllingey XWaltcombe XDribbinggrove)
(WALK TA_XEllingey XDribbinggrove XCheddlesport)
(WALK TA_XEllingey XCheddlesport XPendton)
(WALK TA_XEllingey XPendton XElfield)
(WALK TA_XEllingey XElfield XWarblesdown)
(WALK TA_XEllingey XWarblesdown XWolvingrethorne)
(WALK TA_XEllingey XWolvingrethorne XCammingbury)
(WALK TA_XEllingey XCammingbury XBlanden)
(WALK TA_XEllingey XBlanden XEgwood)
(WALK TA_XEllingey XEgwood XSkelcastle)
(WALK TA_XEllingey XSkelcastle XCannerrebeck)
(WALK TA_XEllingey XCannerrebeck XCiside)
(WALK TA_XEllingey XCiside XHartrenslow)
(WALK TA_XEllingey XHartrenslow XEnderavon)
(WALK TA_XEllingey XEnderavon XPemhampton)
(WALK TA_XEllingey XPemhampton XReddenwell)
(WALK TA_XEllingey XReddenwell XSuddlebrough)
(WALK TA_XEllingey XSuddlebrough XPendingstoke)
(WALK TA_XEllingey XPendingstoke XStainsdenwold)
(WALK TA_XEllingey XStainsdenwold XAshworth)
(WALK TA_XEllingey XAshworth XCannenringwell)
(WALK TA_XEllingey XCannenringwell XElmsbrook)
(WALK TA_XEllingey XElmsbrook XChilcompcester)
(WALK TA_XEllingey XChilcompcester XHanscombe)
(WALK TA_XEllingey XHanscombe XWatchmanshead)
(WALK TA_XEllingey XWatchmanshead XChippenden)
(WALK TA_XEllingey XChippenden XCamsdenden)
(WALK TA_XEllingey XCamsdenden XRockhead)
(WALK TA_XEllingey XRockhead XBootworth)
(HOMESAFE TA_XEllingey Xbootworth)
(DROPOFF TA_XWarblesdown XCleresmith)
(WALK TA_XWarblesdown XCleresmith XWhitby)
(WALK TA_XWarblesdown XWhitby XBothensborough)
(WALK TA_XWarblesdown XBothensborough XSodmersmith)
(WALK TA_XWarblesdown XSodmersmith XChedlake)
(WALK TA_XWarblesdown XChedlake XKetterwold)
(WALK TA_XWarblesdown XKetterwold XMilditch)
(WALK TA_XWarblesdown XMilditch XWydon)
(WALK TA_XWarblesdown XWydon XEdgney)
(WALK TA_XWarblesdown XEdgney XWhitseyborough)
(WALK TA_XWarblesdown XWhitseyborough XTodderworth)
(WALK TA_XWarblesdown XTodderworth XWarrerbage)
(WALK TA_XWarblesdown XWarrerbage XDurblechester)
(WALK TA_XWarblesdown XDurblechester XDribbasborne)
(WALK TA_XWarblesdown XDribbasborne XHanworth)
(WALK TA_XWarblesdown XHanworth XSunderbrough)
(WALK TA_XWarblesdown XSunderbrough XChillerlow)
(WALK TA_XWarblesdown XChillerlow XEggerrensling)
(WALK TA_XWarblesdown XEggerrensling XHannerworth)
(WALK TA_XWarblesdown XHannerworth XWaltcombe)
(WALK TA_XWarblesdown XWaltcombe XDribbinggrove)
(WALK TA_XWarblesdown XDribbinggrove XCheddlesport)
(WALK TA_XWarblesdown XCheddlesport XPendton)
(WALK TA_XWarblesdown XPendton XElfield)
(WALK TA_XWarblesdown XElfield XWarblesdown)
(WALK TA_XWarblesdown XWarblesdown XWolvingrethorne)
(WALK TA_XWarblesdown XWolvingrethorne XCammingbury)
(WALK TA_XWarblesdown XCammingbury XBlanden)
(WALK TA_XWarblesdown XBlanden XEgwood)
(WALK TA_XWarblesdown XEgwood XSkelcastle)
(WALK TA_XWarblesdown XSkelcastle XCannerrebeck)
(WALK TA_XWarblesdown XCannerrebeck XCiside)
(WALK TA_XWarblesdown XCiside XHartrenslow)
(WALK TA_XWarblesdown XHartrenslow XEnderavon)
(WALK TA_XWarblesdown XEnderavon XPemhampton)
(WALK TA_XWarblesdown XPemhampton XReddenwell)
(WALK TA_XWarblesdown XReddenwell XSuddlebrough)
(WALK TA_XWarblesdown XSuddlebrough XPendingstoke)
(WALK TA_XWarblesdown XPendingstoke XStainsdenwold)
(WALK TA_XWarblesdown XStainsdenwold XAshworth)
(WALK TA_XWarblesdown XAshworth XCannenringwell)
(WALK TA_XWarblesdown XCannenringwell XElmsbrook)
(WALK TA_XWarblesdown XElmsbrook XChilcompcester)
(WALK TA_XWarblesdown XChilcompcester XHanscombe)
(WALK TA_XWarblesdown XHanscombe XWatchmanshead)
(WALK TA_XWarblesdown XWatchmanshead XChippenden)
(WALK TA_XWarblesdown XChippenden XCamsdenden)
(WALK TA_XWarblesdown XCamsdenden XRockhead)
(WALK TA_XWarblesdown XRockhead XBootworth)
(WALK TA_XWarblesdown XBootworth XDribbingenborne)
(WALK TA_XWarblesdown XDribbingenborne XDribside)
(WALK TA_XWarblesdown XDribside XRibney)
(HOMESAFE TA_XWarblesdown Xribney)
(DROPOFF TA_XSoddenreey XCleresmith)
(WALK TA_XSoddenreey XCleresmith XWhitby)
(WALK TA_XSoddenreey XWhitby XBothensborough)
(WALK TA_XSoddenreey XBothensborough XSodmersmith)
(WALK TA_XSoddenreey XSodmersmith XChedlake)
(WALK TA_XSoddenreey XChedlake XKetterwold)
(WALK TA_XSoddenreey XKetterwold XMilditch)
(WALK TA_XSoddenreey XMilditch XWydon)
(WALK TA_XSoddenreey XWydon XEdgney)
(WALK TA_XSoddenreey XEdgney XWhitseyborough)
(WALK TA_XSoddenreey XWhitseyborough XTodderworth)
(WALK TA_XSoddenreey XTodderworth XWarrerbage)
(WALK TA_XSoddenreey XWarrerbage XDurblechester)
(WALK TA_XSoddenreey XDurblechester XDribbasborne)
(WALK TA_XSoddenreey XDribbasborne XHanworth)
(WALK TA_XSoddenreey XHanworth XSunderbrough)
(WALK TA_XSoddenreey XSunderbrough XChillerlow)
(WALK TA_XSoddenreey XChillerlow XEggerrensling)
(WALK TA_XSoddenreey XEggerrensling XHannerworth)
(WALK TA_XSoddenreey XHannerworth XWaltcombe)
(WALK TA_XSoddenreey XWaltcombe XDribbinggrove)
(WALK TA_XSoddenreey XDribbinggrove XCheddlesport)
(WALK TA_XSoddenreey XCheddlesport XPendton)
(WALK TA_XSoddenreey XPendton XElfield)
(WALK TA_XSoddenreey XElfield XWarblesdown)
(WALK TA_XSoddenreey XWarblesdown XWolvingrethorne)
(WALK TA_XSoddenreey XWolvingrethorne XCammingbury)
(WALK TA_XSoddenreey XCammingbury XBlanden)
(WALK TA_XSoddenreey XBlanden XEgwood)
(WALK TA_XSoddenreey XEgwood XSkelcastle)
(WALK TA_XSoddenreey XSkelcastle XCannerrebeck)
(WALK TA_XSoddenreey XCannerrebeck XCiside)
(WALK TA_XSoddenreey XCiside XHartrenslow)
(WALK TA_XSoddenreey XHartrenslow XEnderavon)
(WALK TA_XSoddenreey XEnderavon XPemhampton)
(WALK TA_XSoddenreey XPemhampton XReddenwell)
(WALK TA_XSoddenreey XReddenwell XSuddlebrough)
(WALK TA_XSoddenreey XSuddlebrough XPendingstoke)
(WALK TA_XSoddenreey XPendingstoke XStainsdenwold)
(WALK TA_XSoddenreey XStainsdenwold XAshworth)
(WALK TA_XSoddenreey XAshworth XCannenringwell)
(WALK TA_XSoddenreey XCannenringwell XElmsbrook)
(WALK TA_XSoddenreey XElmsbrook XChilcompcester)
(WALK TA_XSoddenreey XChilcompcester XHanscombe)
(WALK TA_XSoddenreey XHanscombe XWatchmanshead)
(WALK TA_XSoddenreey XWatchmanshead XChippenden)
(WALK TA_XSoddenreey XChippenden XCamsdenden)
(WALK TA_XSoddenreey XCamsdenden XRockhead)
(WALK TA_XSoddenreey XRockhead XBootworth)
(WALK TA_XSoddenreey XBootworth XDribbingenborne)
(WALK TA_XSoddenreey XDribbingenborne XDribside)
(WALK TA_XSoddenreey XDribside XWendlemerford)
(WALK TA_XSoddenreey XWendlemerford XHamditch)
(WALK TA_XSoddenreey XHamditch XWetley)
(HOMESAFE TA_XSoddenreey Xwetley)
