(DROPOFF TA_XBootherlow XEgbertree)
(WALK TA_XBootherlow XEgbertree XBootherlow)
(HOMESAFE TA_XBootherlow Xbootherlow)
(DROPOFF TA_XSidensmith XEgbertree)
(WALK TA_XSidensmith XEgbertree XEmsham)
(WALK TA_XSidensmith XEmsham XBurrerchester)
(WALK TA_XSidensmith XBurrerchester XSkelhampton)
(HOMESAFE TA_XSidensmith Xskelhampton)
(DROPOFF TA_XCiringsmith XEgbertree)
(WALK TA_XCiringsmith XEgbertree XEmsham)
(WALK TA_XCiringsmith XEmsham XBurrerchester)
(WALK TA_XCiringsmith XBurrerchester XElmey)
(WALK TA_XCiringsmith XElmey XWatchwang)
(WALK TA_XCiringsmith XWatchwang XTodderbrough)
(HOMESAFE TA_XCiringsmith Xtodderbrough)
(DROPOFF TA_XReddledenthorne XEgbertree)
(WALK TA_XReddledenthorne XEgbertree XEmsham)
(WALK TA_XReddledenthorne XEmsham XBurrerchester)
(WALK TA_XReddledenthorne XBurrerchester XElmey)
(WALK TA_XReddledenthorne XElmey XWatchwang)
(WALK TA_XReddledenthorne XWatchwang XTodderbrough)
(WALK TA_XReddledenthorne XTodderbrough XCiringsmith)
(HOMESAFE TA_XReddledenthorne Xciringsmith)
(DROPOFF TA_XCleremere XEgbertree)
(WALK TA_XCleremere XEgbertree XEmsham)
(WALK TA_XCleremere XEmsham XBurrerchester)
(WALK TA_XCleremere XBurrerchester XElmey)
(WALK TA_XCleremere XElmey XWatchwang)
(WALK TA_XCleremere XWatchwang XTodderbrough)
(WALK TA_XCleremere XTodderbrough XCiringsmith)
(WALK TA_XCleremere XCiringsmith XRotling)
(WALK TA_XCleremere XRotling XKetley)
(WALK TA_XCleremere XKetley XMarlseybrough)
(HOMESAFE TA_XCleremere Xmarlseybrough)
(DROPOFF TA_XTipdown XEgbertree)
(WALK TA_XTipdown XEgbertree XEmsham)
(WALK TA_XTipdown XEmsham XBurrerchester)
(WALK TA_XTipdown XBurrerchester XElmey)
(WALK TA_XTipdown XElmey XWatchwang)
(WALK TA_XTipdown XWatchwang XTodderbrough)
(WALK TA_XTipdown XTodderbrough XCiringsmith)
(WALK TA_XTipdown XCiringsmith XRotling)
(WALK TA_XTipdown XRotling XKetley)
(WALK TA_XTipdown XKetley XClerelow)
(WALK TA_XTipdown XClerelow XBlanhead)
(WALK TA_XTipdown XBlanhead XShaftgrove)
(HOMESAFE TA_XTipdown Xshaftgrove)
(DROPOFF TA_XTodderbrough XEgbertree)
(WALK TA_XTodderbrough XEgbertree XEmsham)
(WALK TA_XTodderbrough XEmsham XBurrerchester)
(WALK TA_XTodderbrough XBurrerchester XElmey)
(WALK TA_XTodderbrough XElmey XWatchwang)
(WALK TA_XTodderbrough XWatchwang XTodderbrough)
(WALK TA_XTodderbrough XTodderbrough XCiringsmith)
(WALK TA_XTodderbrough XCiringsmith XRotling)
(WALK TA_XTodderbrough XRotling XKetley)
(WALK TA_XTodderbrough XKetley XClerelow)
(WALK TA_XTodderbrough XClerelow XBlanhead)
(WALK TA_XTodderbrough XBlanhead XShaftgrove)
(WALK TA_XTodderbrough XShaftgrove XSoddleney)
(HOMESAFE TA_XTodderbrough Xsoddleney)
(DROPOFF TA_XFalrensbury XEgbertree)
(WALK TA_XFalrensbury XEgbertree XEmsham)
(WALK TA_XFalrensbury XEmsham XBurrerchester)
(WALK TA_XFalrensbury XBurrerchester XElmey)
(WALK TA_XFalrensbury XElmey XWatchwang)
(WALK TA_XFalrensbury XWatchwang XTodderbrough)
(WALK TA_XFalrensbury XTodderbrough XCiringsmith)
(WALK TA_XFalrensbury XCiringsmith XRotling)
(WALK TA_XFalrensbury XRotling XKetley)
(WALK TA_XFalrensbury XKetley XClerelow)
(WALK TA_XFalrensbury XClerelow XBlanhead)
(WALK TA_XFalrensbury XBlanhead XShaftgrove)
(WALK TA_XFalrensbury XShaftgrove XSoddleney)
(WALK TA_XFalrensbury XSoddleney XEgginghall)
(WALK TA_XFalrensbury XEgginghall XEgmansdown)
(WALK TA_XFalrensbury XEgmansdown XReddledenthorne)
(HOMESAFE TA_XFalrensbury Xreddledenthorne)
(DROPOFF TA_XSoddleney XEgbertree)
(WALK TA_XSoddleney XEgbertree XEmsham)
(WALK TA_XSoddleney XEmsham XBurrerchester)
(WALK TA_XSoddleney XBurrerchester XElmey)
(WALK TA_XSoddleney XElmey XWatchwang)
(WALK TA_XSoddleney XWatchwang XTodderbrough)
(WALK TA_XSoddleney XTodderbrough XCiringsmith)
(WALK TA_XSoddleney XCiringsmith XRotling)
(WALK TA_XSoddleney XRotling XKetley)
(WALK TA_XSoddleney XKetley XClerelow)
(WALK TA_XSoddleney XClerelow XBlanhead)
(WALK TA_XSoddleney XBlanhead XShaftgrove)
(WALK TA_XSoddleney XShaftgrove XSoddleney)
(WALK TA_XSoddleney XSoddleney XEgginghall)
(WALK TA_XSoddleney XEgginghall XEgmansdown)
(WALK TA_XSoddleney XEgmansdown XEmsling)
(WALK TA_XSoddleney XEmsling XCamborough)
(WALK TA_XSoddleney XCamborough XCleremere)
(HOMESAFE TA_XSoddleney Xcleremere)
(DROPOFF TA_XSkelhampton XEgbertree)
(WALK TA_XSkelhampton XEgbertree XEmsham)
(WALK TA_XSkelhampton XEmsham XBurrerchester)
(WALK TA_XSkelhampton XBurrerchester XElmey)
(WALK TA_XSkelhampton XElmey XWatchwang)
(WALK TA_XSkelhampton XWatchwang XTodderbrough)
(WALK TA_XSkelhampton XTodderbrough XCiringsmith)
(WALK TA_XSkelhampton XCiringsmith XRotling)
(WALK TA_XSkelhampton XRotling XKetley)
(WALK TA_XSkelhampton XKetley XClerelow)
(WALK TA_XSkelhampton XClerelow XBlanhead)
(WALK TA_XSkelhampton XBlanhead XShaftgrove)
(WALK TA_XSkelhampton XShaftgrove XSoddleney)
(WALK TA_XSkelhampton XSoddleney XEgginghall)
(WALK TA_XSkelhampton XEgginghall XEgmansdown)
(WALK TA_XSkelhampton XEgmansdown XEmsling)
(WALK TA_XSkelhampton XEmsling XCamborough)
(WALK TA_XSkelhampton XCamborough XCleremere)
(WALK TA_XSkelhampton XCleremere XFulover)
(HOMESAFE TA_XSkelhampton Xfulover)
(DROPOFF TA_XShaftgrove XEgbertree)
(WALK TA_XShaftgrove XEgbertree XEmsham)
(WALK TA_XShaftgrove XEmsham XBurrerchester)
(WALK TA_XShaftgrove XBurrerchester XElmey)
(WALK TA_XShaftgrove XElmey XWatchwang)
(WALK TA_XShaftgrove XWatchwang XTodderbrough)
(WALK TA_XShaftgrove XTodderbrough XCiringsmith)
(WALK TA_XShaftgrove XCiringsmith XRotling)
(WALK TA_XShaftgrove XRotling XKetley)
(WALK TA_XShaftgrove XKetley XClerelow)
(WALK TA_XShaftgrove XClerelow XBlanhead)
(WALK TA_XShaftgrove XBlanhead XShaftgrove)
(WALK TA_XShaftgrove XShaftgrove XSoddleney)
(WALK TA_XShaftgrove XSoddleney XEgginghall)
(WALK TA_XShaftgrove XEgginghall XEgmansdown)
(WALK TA_XShaftgrove XEgmansdown XEmsling)
(WALK TA_XShaftgrove XEmsling XCamborough)
(WALK TA_XShaftgrove XCamborough XCleremere)
(WALK TA_XShaftgrove XCleremere XFulover)
(WALK TA_XShaftgrove XFulover XWorborough)
(WALK TA_XShaftgrove XWorborough XCandlesstanling)
(WALK TA_XShaftgrove XCandlesstanling XFalrensbury)
(HOMESAFE TA_XShaftgrove Xfalrensbury)
(DROPOFF TA_XFulover XEgbertree)
(WALK TA_XFulover XEgbertree XEmsham)
(WALK TA_XFulover XEmsham XBurrerchester)
(WALK TA_XFulover XBurrerchester XElmey)
(WALK TA_XFulover XElmey XWatchwang)
(WALK TA_XFulover XWatchwang XTodderbrough)
(WALK TA_XFulover XTodderbrough XCiringsmith)
(WALK TA_XFulover XCiringsmith XRotling)
(WALK TA_XFulover XRotling XKetley)
(WALK TA_XFulover XKetley XClerelow)
(WALK TA_XFulover XClerelow XBlanhead)
(WALK TA_XFulover XBlanhead XShaftgrove)
(WALK TA_XFulover XShaftgrove XSoddleney)
(WALK TA_XFulover XSoddleney XEgginghall)
(WALK TA_XFulover XEgginghall XEgmansdown)
(WALK TA_XFulover XEgmansdown XEmsling)
(WALK TA_XFulover XEmsling XCamborough)
(WALK TA_XFulover XCamborough XCleremere)
(WALK TA_XFulover XCleremere XFulover)
(WALK TA_XFulover XFulover XWorborough)
(WALK TA_XFulover XWorborough XCandlesstanling)
(WALK TA_XFulover XCandlesstanling XChipmerbrook)
(WALK TA_XFulover XChipmerbrook XLeatherlow)
(WALK TA_XFulover XLeatherlow XTipdown)
(HOMESAFE TA_XFulover Xtipdown)
(DROPOFF TA_XMarlseybrough XEgbertree)
(WALK TA_XMarlseybrough XEgbertree XEmsham)
(WALK TA_XMarlseybrough XEmsham XBurrerchester)
(WALK TA_XMarlseybrough XBurrerchester XElmey)
(WALK TA_XMarlseybrough XElmey XWatchwang)
(WALK TA_XMarlseybrough XWatchwang XTodderbrough)
(WALK TA_XMarlseybrough XTodderbrough XCiringsmith)
(WALK TA_XMarlseybrough XCiringsmith XRotling)
(WALK TA_XMarlseybrough XRotling XKetley)
(WALK TA_XMarlseybrough XKetley XClerelow)
(WALK TA_XMarlseybrough XClerelow XBlanhead)
(WALK TA_XMarlseybrough XBlanhead XShaftgrove)
(WALK TA_XMarlseybrough XShaftgrove XSoddleney)
(WALK TA_XMarlseybrough XSoddleney XEgginghall)
(WALK TA_XMarlseybrough XEgginghall XEgmansdown)
(WALK TA_XMarlseybrough XEgmansdown XEmsling)
(WALK TA_XMarlseybrough XEmsling XCamborough)
(WALK TA_XMarlseybrough XCamborough XCleremere)
(WALK TA_XMarlseybrough XCleremere XFulover)
(WALK TA_XMarlseybrough XFulover XWorborough)
(WALK TA_XMarlseybrough XWorborough XCandlesstanling)
(WALK TA_XMarlseybrough XCandlesstanling XChipmerbrook)
(WALK TA_XMarlseybrough XChipmerbrook XLeatherlow)
(WALK TA_XMarlseybrough XLeatherlow XTipdown)
(WALK TA_XMarlseybrough XTipdown XSidensmith)
(HOMESAFE TA_XMarlseybrough Xsidensmith)
