(DROPOFF TA_XSundlechester XHamsbourne)
(WALK TA_XSundlechester XHamsbourne XChipfield)
(HOMESAFE TA_XSundlechester Xchipfield)
(DROPOFF TA_XHamperrehampton XHamsbourne)
(WALK TA_XHamperrehampton XHamsbourne XSundlechester)
(HOMESAFE TA_XHamperrehampton Xsundlechester)
(DROPOFF TA_XCamhampton XHamsbourne)
(WALK TA_XCamhampton XHamsbourne XChipfield)
(WALK TA_XCamhampton XChipfield XChipsted)
(HOMESAFE TA_XCamhampton Xchipsted)
(DROPOFF TA_XChipsted XHamsbourne)
(WALK TA_XChipsted XHamsbourne XChipfield)
(WALK TA_XChipsted XChipfield XWarrewick)
(HOMESAFE TA_XChipsted Xwarrewick)
(DROPOFF TA_XRocklow XHamsbourne)
(WALK TA_XRocklow XHamsbourne XChipfield)
(WALK TA_XRocklow XChipfield XCimansbrough)
(HOMESAFE TA_XRocklow Xcimansbrough)
(DROPOFF TA_XWolvencester XHamsbourne)
(WALK TA_XWolvencester XHamsbourne XChipfield)
(WALK TA_XWolvencester XChipfield XHamperrehampton)
(HOMESAFE TA_XWolvencester Xhamperrehampton)
(DROPOFF TA_XCiley XHamsbourne)
(WALK TA_XCiley XHamsbourne XChipfield)
(WALK TA_XCiley XChipfield XCammercastle)
(HOMESAFE TA_XCiley Xcammercastle)
(DROPOFF TA_XChipfield XHamsbourne)
(WALK TA_XChipfield XHamsbourne XSundlechester)
(WALK TA_XChipfield XSundlechester XSkelgrove)
(WALK TA_XChipfield XSkelgrove XPrestbourne)
(HOMESAFE TA_XChipfield Xprestbourne)
(DROPOFF TA_XEnderton XHamsbourne)
(WALK TA_XEnderton XHamsbourne XChipfield)
(WALK TA_XEnderton XChipfield XEmmingrensbridge)
(WALK TA_XEnderton XEmmingrensbridge XSodderrenshead)
(HOMESAFE TA_XEnderton Xsodderrenshead)
(DROPOFF TA_XSudbage XHamsbourne)
(WALK TA_XSudbage XHamsbourne XChipfield)
(WALK TA_XSudbage XChipfield XCimansbrough)
(WALK TA_XSudbage XCimansbrough XCamswich)
(HOMESAFE TA_XSudbage Xcamswich)
(DROPOFF TA_XCimansbrough XHamsbourne)
(WALK TA_XCimansbrough XHamsbourne XSundlechester)
(WALK TA_XCimansbrough XSundlechester XSkelgrove)
(WALK TA_XCimansbrough XSkelgrove XSudbage)
(HOMESAFE TA_XCimansbrough Xsudbage)
(DROPOFF TA_XCandlesdon XHamsbourne)
(WALK TA_XCandlesdon XHamsbourne XChipfield)
(WALK TA_XCandlesdon XChipfield XHorscompborne)
(WALK TA_XCandlesdon XHorscompborne XRotmerby)
(HOMESAFE TA_XCandlesdon Xrotmerby)
(DROPOFF TA_XRotmerby XHamsbourne)
(WALK TA_XRotmerby XHamsbourne XChipfield)
(WALK TA_XRotmerby XChipfield XHorscompborne)
(WALK TA_XRotmerby XHorscompborne XCamhampton)
(HOMESAFE TA_XRotmerby Xcamhampton)
(DROPOFF TA_XMelshot XHamsbourne)
(WALK TA_XMelshot XHamsbourne XSundlechester)
(WALK TA_XMelshot XSundlechester XSkelgrove)
(WALK TA_XMelshot XSkelgrove XShaftthorne)
(HOMESAFE TA_XMelshot Xshaftthorne)
(DROPOFF TA_XCamswich XHamsbourne)
(WALK TA_XCamswich XHamsbourne XSundlechester)
(WALK TA_XCamswich XSundlechester XSkelgrove)
(WALK TA_XCamswich XSkelgrove XRocklow)
(HOMESAFE TA_XCamswich Xrocklow)
(DROPOFF TA_XSunderborough XHamsbourne)
(WALK TA_XSunderborough XHamsbourne XChipfield)
(WALK TA_XSunderborough XChipfield XHorscompborne)
(WALK TA_XSunderborough XHorscompborne XRotmerby)
(WALK TA_XSunderborough XRotmerby XChilringfield)
(HOMESAFE TA_XSunderborough Xchilringfield)
(DROPOFF TA_XHartberbury XHamsbourne)
(WALK TA_XHartberbury XHamsbourne XChipfield)
(WALK TA_XHartberbury XChipfield XCimansbrough)
(WALK TA_XHartberbury XCimansbrough XWendleslake)
(WALK TA_XHartberbury XWendleslake XBoothenrensborough)
(HOMESAFE TA_XHartberbury Xboothenrensborough)
(DROPOFF TA_XShaftthorne XHamsbourne)
(WALK TA_XShaftthorne XHamsbourne XChipfield)
(WALK TA_XShaftthorne XChipfield XHorscompborne)
(WALK TA_XShaftthorne XHorscompborne XCamhampton)
(WALK TA_XShaftthorne XCamhampton XHartberbury)
(HOMESAFE TA_XShaftthorne Xhartberbury)
(DROPOFF TA_XCammercastle XHamsbourne)
(WALK TA_XCammercastle XHamsbourne XChipfield)
(WALK TA_XCammercastle XChipfield XHorscompborne)
(WALK TA_XCammercastle XHorscompborne XRotmerby)
(WALK TA_XCammercastle XRotmerby XSunderborough)
(HOMESAFE TA_XCammercastle Xsunderborough)
(DROPOFF TA_XSodderrenshead XHamsbourne)
(WALK TA_XSodderrenshead XHamsbourne XChipfield)
(WALK TA_XSodderrenshead XChipfield XCimansbrough)
(WALK TA_XSodderrenshead XCimansbrough XCamswich)
(WALK TA_XSodderrenshead XCamswich XLeatherblesley)
(HOMESAFE TA_XSodderrenshead Xleatherblesley)
(DROPOFF TA_XPrestbourne XHamsbourne)
(WALK TA_XPrestbourne XHamsbourne XChipfield)
(WALK TA_XPrestbourne XChipfield XHorscompborne)
(WALK TA_XPrestbourne XHorscompborne XCamhampton)
(WALK TA_XPrestbourne XCamhampton XEnderton)
(HOMESAFE TA_XPrestbourne Xenderton)
(DROPOFF TA_XChilringfield XHamsbourne)
(WALK TA_XChilringfield XHamsbourne XSundlechester)
(WALK TA_XChilringfield XSundlechester XMelcompton)
(WALK TA_XChilringfield XMelcompton XPemstree)
(WALK TA_XChilringfield XPemstree XBotherstanport)
(WALK TA_XChilringfield XBotherstanport XWolvencester)
(HOMESAFE TA_XChilringfield Xwolvencester)
(DROPOFF TA_XBoothenrensborough XHamsbourne)
(WALK TA_XBoothenrensborough XHamsbourne XChipfield)
(WALK TA_XBoothenrensborough XChipfield XCimansbrough)
(WALK TA_XBoothenrensborough XCimansbrough XWendleslake)
(WALK TA_XBoothenrensborough XWendleslake XBoothenrensborough)
(WALK TA_XBoothenrensborough XBoothenrensborough XCandlesdon)
(HOMESAFE TA_XBoothenrensborough Xcandlesdon)
(DROPOFF TA_XWarrewick XHamsbourne)
(WALK TA_XWarrewick XHamsbourne XChipfield)
(WALK TA_XWarrewick XChipfield XHorscompborne)
(WALK TA_XWarrewick XHorscompborne XRotmerby)
(WALK TA_XWarrewick XRotmerby XSunderborough)
(WALK TA_XWarrewick XSunderborough XCiley)
(HOMESAFE TA_XWarrewick Xciley)
(DROPOFF TA_XLeatherblesley XHamsbourne)
(WALK TA_XLeatherblesley XHamsbourne XChipfield)
(WALK TA_XLeatherblesley XChipfield XCimansbrough)
(WALK TA_XLeatherblesley XCimansbrough XRocklow)
(WALK TA_XLeatherblesley XRocklow XDribstoke)
(WALK TA_XLeatherblesley XDribstoke XEndbeck)
(WALK TA_XLeatherblesley XEndbeck XMelshot)
(HOMESAFE TA_XLeatherblesley Xmelshot)
