(DROPOFF TA_XWorberbrook XWarfield)
(HOMESAFE TA_XWorberbrook Xwarfield)
(DROPOFF TA_XBotherseyworth XWarfield)
(WALK TA_XBotherseyworth XWarfield XBasringney)
(HOMESAFE TA_XBotherseyworth Xbasringney)
(DROPOFF TA_XChippingsted XWarfield)
(WALK TA_XChippingsted XWarfield XChilbury)
(HOMESAFE TA_XChippingsted Xchilbury)
(DROPOFF TA_XStainbrough XWarfield)
(WALK TA_XStainbrough XWarfield XHorndlecompside)
(WALK TA_XStainbrough XHorndlecompside XBastleseyham)
(HOMESAFE TA_XStainbrough Xbastleseyham)
(DROPOFF TA_XAshfield XWarfield)
(WALK TA_XAshfield XWarfield XCannerthorne)
(WALK TA_XAshfield XCannerthorne XStainbrough)
(HOMESAFE TA_XAshfield Xstainbrough)
(DROPOFF TA_XSuddlecombe XWarfield)
(WALK TA_XSuddlecombe XWarfield XChilbury)
(WALK TA_XSuddlecombe XChilbury XBrackcompwang)
(HOMESAFE TA_XSuddlecombe Xbrackcompwang)
(DROPOFF TA_XSoddlewick XWarfield)
(WALK TA_XSoddlewick XWarfield XKetsmith)
(WALK TA_XSoddlewick XKetsmith XWhitchester)
(HOMESAFE TA_XSoddlewick Xwhitchester)
(DROPOFF TA_XTipwick XWarfield)
(WALK TA_XTipwick XWarfield XKetsmith)
(WALK TA_XTipwick XKetsmith XAshfield)
(HOMESAFE TA_XTipwick Xashfield)
(DROPOFF TA_XSuddleover XWarfield)
(WALK TA_XSuddleover XWarfield XCannerthorne)
(WALK TA_XSuddleover XCannerthorne XTipwick)
(HOMESAFE TA_XSuddleover Xtipwick)
(DROPOFF TA_XBurglebrough XWarfield)
(WALK TA_XBurglebrough XWarfield XKetsmith)
(WALK TA_XBurglebrough XKetsmith XLeatherbleside)
(HOMESAFE TA_XBurglebrough Xleatherbleside)
(DROPOFF TA_XKetport XWarfield)
(WALK TA_XKetport XWarfield XCannerthorne)
(WALK TA_XKetport XCannerthorne XSouthbasport)
(HOMESAFE TA_XKetport Xsouthbasport)
(DROPOFF TA_XWyborne XWarfield)
(WALK TA_XWyborne XWarfield XKetsmith)
(WALK TA_XWyborne XKetsmith XSoddlewick)
(HOMESAFE TA_XWyborne Xsoddlewick)
(DROPOFF TA_XSuddleborne XWarfield)
(WALK TA_XSuddleborne XWarfield XCannerthorne)
(WALK TA_XSuddleborne XCannerthorne XTodtree)
(HOMESAFE TA_XSuddleborne Xtodtree)
(DROPOFF TA_XHannenmanswick XWarfield)
(WALK TA_XHannenmanswick XWarfield XBasringney)
(WALK TA_XHannenmanswick XBasringney XChedderrenswich)
(HOMESAFE TA_XHannenmanswick Xchedderrenswich)
(DROPOFF TA_XCambingstoke XWarfield)
(WALK TA_XCambingstoke XWarfield XBasringney)
(WALK TA_XCambingstoke XBasringney XSkelling)
(HOMESAFE TA_XCambingstoke Xskelling)
(DROPOFF TA_XPendlewood XWarfield)
(WALK TA_XPendlewood XWarfield XBasringney)
(WALK TA_XPendlewood XBasringney XSuddlecombe)
(HOMESAFE TA_XPendlewood Xsuddlecombe)
(DROPOFF TA_XDribbingworth XWarfield)
(WALK TA_XDribbingworth XWarfield XKetsmith)
(WALK TA_XDribbingworth XKetsmith XSkellingden)
(HOMESAFE TA_XDribbingworth Xskellingden)
(DROPOFF TA_XHammerringey XWarfield)
(WALK TA_XHammerringey XWarfield XKetsmith)
(WALK TA_XHammerringey XKetsmith XPendingbrook)
(HOMESAFE TA_XHammerringey Xpendingbrook)
(DROPOFF TA_XBarndberbrough XWarfield)
(WALK TA_XBarndberbrough XWarfield XKetsmith)
(WALK TA_XBarndberbrough XKetsmith XFullerbourne)
(WALK TA_XBarndberbrough XFullerbourne XNorthall)
(HOMESAFE TA_XBarndberbrough Xnorthall)
(DROPOFF TA_XSuddlecastle XWarfield)
(WALK TA_XSuddlecastle XWarfield XHorndlecompside)
(WALK TA_XSuddlecastle XHorndlecompside XDartseyworth)
(WALK TA_XSuddlecastle XDartseyworth XWorberbrook)
(HOMESAFE TA_XSuddlecastle Xworberbrook)
(DROPOFF TA_XChedtree XWarfield)
(WALK TA_XChedtree XWarfield XCannerthorne)
(WALK TA_XChedtree XCannerthorne XTipwick)
(WALK TA_XChedtree XTipwick XAshborne)
(HOMESAFE TA_XChedtree Xashborne)
(DROPOFF TA_XChilbury XWarfield)
(WALK TA_XChilbury XWarfield XKetsmith)
(WALK TA_XChilbury XKetsmith XPendingbrook)
(WALK TA_XChilbury XPendingbrook XChelmstanwell)
(HOMESAFE TA_XChilbury Xchelmstanwell)
(DROPOFF TA_XHorstlescompstoke XWarfield)
(WALK TA_XHorstlescompstoke XWarfield XCannerthorne)
(WALK TA_XHorstlescompstoke XCannerthorne XFaldinghead)
(WALK TA_XHorstlescompstoke XFaldinghead XHamsling)
(HOMESAFE TA_XHorstlescompstoke Xhamsling)
(DROPOFF TA_XSudsmith XWarfield)
(WALK TA_XSudsmith XWarfield XBasringney)
(WALK TA_XSudsmith XBasringney XSkellingden)
(WALK TA_XSudsmith XSkellingden XHorstlescompstoke)
(HOMESAFE TA_XSudsmith Xhorstlescompstoke)
(DROPOFF TA_XLeatherbleside XWarfield)
(WALK TA_XLeatherbleside XWarfield XCannerthorne)
(WALK TA_XLeatherbleside XCannerthorne XStainbrough)
(WALK TA_XLeatherbleside XStainbrough XCammerrensmoor)
(HOMESAFE TA_XLeatherbleside Xcammerrensmoor)
(DROPOFF TA_XPendingbrook XWarfield)
(WALK TA_XPendingbrook XWarfield XCannerthorne)
(WALK TA_XPendingbrook XCannerthorne XHamsey)
(WALK TA_XPendingbrook XHamsey XHannenmanswick)
(HOMESAFE TA_XPendingbrook Xhannenmanswick)
(DROPOFF TA_XCammerrensmoor XWarfield)
(WALK TA_XCammerrensmoor XWarfield XKetsmith)
(WALK TA_XCammerrensmoor XKetsmith XShaftfield)
(WALK TA_XCammerrensmoor XShaftfield XDribbingworth)
(HOMESAFE TA_XCammerrensmoor Xdribbingworth)
(DROPOFF TA_XSiringwang XWarfield)
(WALK TA_XSiringwang XWarfield XBasringney)
(WALK TA_XSiringwang XBasringney XSkellingden)
(WALK TA_XSiringwang XSkellingden XBarndberbrough)
(HOMESAFE TA_XSiringwang Xbarndberbrough)
(DROPOFF TA_XChedderrenswich XWarfield)
(WALK TA_XChedderrenswich XWarfield XHorndlecompside)
(WALK TA_XChedderrenswich XHorndlecompside XEgwood)
(WALK TA_XChedderrenswich XEgwood XSuddleborne)
(HOMESAFE TA_XChedderrenswich Xsuddleborne)
(DROPOFF TA_XSouthbasport XWarfield)
(WALK TA_XSouthbasport XWarfield XHorndlecompside)
(WALK TA_XSouthbasport XHorndlecompside XEgwood)
(WALK TA_XSouthbasport XEgwood XSuddleover)
(HOMESAFE TA_XSouthbasport Xsuddleover)
(DROPOFF TA_XFalport XWarfield)
(WALK TA_XFalport XWarfield XBasringney)
(WALK TA_XFalport XBasringney XSuddlecombe)
(WALK TA_XFalport XSuddlecombe XChippingsted)
(HOMESAFE TA_XFalport Xchippingsted)
(DROPOFF TA_XNorthall XWarfield)
(WALK TA_XNorthall XWarfield XHorndlecompside)
(WALK TA_XNorthall XHorndlecompside XDartseyworth)
(WALK TA_XNorthall XDartseyworth XEllingreham)
(HOMESAFE TA_XNorthall Xellingreham)
(DROPOFF TA_XCicombe XWarfield)
(WALK TA_XCicombe XWarfield XCannerthorne)
(WALK TA_XCicombe XCannerthorne XFaldinghead)
(WALK TA_XCicombe XFaldinghead XPendlewood)
(HOMESAFE TA_XCicombe Xpendlewood)
(DROPOFF TA_XWorhall XWarfield)
(WALK TA_XWorhall XWarfield XBasringney)
(WALK TA_XWorhall XBasringney XSkelling)
(WALK TA_XWorhall XSkelling XHammerringey)
(HOMESAFE TA_XWorhall Xhammerringey)
(DROPOFF TA_XWindling XWarfield)
(WALK TA_XWindling XWarfield XBasringney)
(WALK TA_XWindling XBasringney XSkelling)
(WALK TA_XWindling XSkelling XElmansham)
(HOMESAFE TA_XWindling Xelmansham)
(DROPOFF TA_XAshborne XWarfield)
(WALK TA_XAshborne XWarfield XCannerthorne)
(WALK TA_XAshborne XCannerthorne XRocktree)
(WALK TA_XAshborne XRocktree XFalport)
(HOMESAFE TA_XAshborne Xfalport)
(DROPOFF TA_XSkelling XWarfield)
(WALK TA_XSkelling XWarfield XKetsmith)
(WALK TA_XSkelling XKetsmith XShaftfield)
(WALK TA_XSkelling XShaftfield XChiphead)
(HOMESAFE TA_XSkelling Xchiphead)
(DROPOFF TA_XWhitchester XWarfield)
(WALK TA_XWhitchester XWarfield XKetsmith)
(WALK TA_XWhitchester XKetsmith XAshfield)
(WALK TA_XWhitchester XAshfield XMillendon)
(HOMESAFE TA_XWhitchester Xmillendon)
(DROPOFF TA_XChiphead XWarfield)
(WALK TA_XChiphead XWarfield XBasringney)
(WALK TA_XChiphead XBasringney XDribblewick)
(WALK TA_XChiphead XDribblewick XWindling)
(HOMESAFE TA_XChiphead Xwindling)
(DROPOFF TA_XBasringney XWarfield)
(WALK TA_XBasringney XWarfield XBasringney)
(WALK TA_XBasringney XBasringney XSkelling)
(WALK TA_XBasringney XSkelling XChedtree)
(HOMESAFE TA_XBasringney Xchedtree)
(DROPOFF TA_XTodtree XWarfield)
(WALK TA_XTodtree XWarfield XHorndlecompside)
(WALK TA_XTodtree XHorndlecompside XStainbrough)
(WALK TA_XTodtree XStainbrough XSiringwang)
(HOMESAFE TA_XTodtree Xsiringwang)
(DROPOFF TA_XMillendon XWarfield)
(WALK TA_XMillendon XWarfield XKetsmith)
(WALK TA_XMillendon XKetsmith XPendingbrook)
(WALK TA_XMillendon XPendingbrook XSuddlecastle)
(HOMESAFE TA_XMillendon Xsuddlecastle)
(DROPOFF TA_XBastleseyham XWarfield)
(WALK TA_XBastleseyham XWarfield XCannerthorne)
(WALK TA_XBastleseyham XCannerthorne XTipwick)
(WALK TA_XBastleseyham XTipwick XBurglebrough)
(HOMESAFE TA_XBastleseyham Xburglebrough)
(DROPOFF TA_XChelmstanwell XWarfield)
(WALK TA_XChelmstanwell XWarfield XCannerthorne)
(WALK TA_XChelmstanwell XCannerthorne XFaldinghead)
(WALK TA_XChelmstanwell XFaldinghead XKetport)
(HOMESAFE TA_XChelmstanwell Xketport)
(DROPOFF TA_XWarfield XWarfield)
(WALK TA_XWarfield XWarfield XCannerthorne)
(WALK TA_XWarfield XCannerthorne XTodtree)
(WALK TA_XWarfield XTodtree XWorhall)
(HOMESAFE TA_XWarfield Xworhall)
(DROPOFF TA_XBrackcompwang XWarfield)
(WALK TA_XBrackcompwang XWarfield XCannerthorne)
(WALK TA_XBrackcompwang XCannerthorne XTodtree)
(WALK TA_XBrackcompwang XTodtree XCambingstoke)
(HOMESAFE TA_XBrackcompwang Xcambingstoke)
(DROPOFF TA_XSkellingden XWarfield)
(WALK TA_XSkellingden XWarfield XKetsmith)
(WALK TA_XSkellingden XKetsmith XFullerbourne)
(WALK TA_XSkellingden XFullerbourne XCicombe)
(HOMESAFE TA_XSkellingden Xcicombe)
(DROPOFF TA_XEllingreham XWarfield)
(WALK TA_XEllingreham XWarfield XBasringney)
(WALK TA_XEllingreham XBasringney XChedderrenswich)
(WALK TA_XEllingreham XChedderrenswich XSkelbeck)
(WALK TA_XEllingreham XSkelbeck XSudsmith)
(HOMESAFE TA_XEllingreham Xsudsmith)
(DROPOFF TA_XElmansham XWarfield)
(WALK TA_XElmansham XWarfield XBasringney)
(WALK TA_XElmansham XBasringney XChedderrenswich)
(WALK TA_XElmansham XChedderrenswich XSkelbeck)
(WALK TA_XElmansham XSkelbeck XBotherseyworth)
(HOMESAFE TA_XElmansham Xbotherseyworth)
(DROPOFF TA_XHamsling XWarfield)
(WALK TA_XHamsling XWarfield XBasringney)
(WALK TA_XHamsling XBasringney XSuddlecombe)
(WALK TA_XHamsling XSuddlecombe XHorstlescompstoke)
(WALK TA_XHamsling XHorstlescompstoke XWyborne)
(HOMESAFE TA_XHamsling Xwyborne)
