(DROPOFF TA_XMidland XSantaClarita)
(WALK TA_XMidland XSantaClarita XCarrollton)
(HOMESAFE TA_XMidland Xcarrollton)
(DROPOFF TA_XWichita XSantaClarita)
(WALK TA_XWichita XSantaClarita XOklahomaCity)
(HOMESAFE TA_XWichita XoklahomaCity)
(DROPOFF TA_XHartford XSantaClarita)
(WALK TA_XHartford XSantaClarita XMiami)
(WALK TA_XHartford XMiami XGardenGrove)
(HOMESAFE TA_XHartford XgardenGrove)
(DROPOFF TA_XLosAngeles XSantaClarita)
(WALK TA_XLosAngeles XSantaClarita XEscondido)
(WALK TA_XLosAngeles XEscondido XStockton)
(HOMESAFE TA_XLosangeles Xstockton)
(DROPOFF TA_XShreveport XSantaClarita)
(WALK TA_XShreveport XSantaClarita XMiami)
(WALK TA_XShreveport XMiami XShreveport)
(HOMESAFE TA_XShreveport Xshreveport)
(DROPOFF TA_XBoston XSantaClarita)
(WALK TA_XBoston XSantaClarita XMiami)
(WALK TA_XBoston XMiami XLosAngeles)
(HOMESAFE TA_XBoston XlosAngeles)
(DROPOFF TA_XVictorville XSantaClarita)
(WALK TA_XVictorville XSantaClarita XReno)
(WALK TA_XVictorville XReno XPembrokePines)
(HOMESAFE TA_XVictorville XpembrokePines)
(DROPOFF TA_XAustin XSantaClarita)
(WALK TA_XAustin XSantaClarita XOklahomaCity)
(WALK TA_XAustin XOklahomaCity XOrlando)
(HOMESAFE TA_XAustin Xorlando)
(DROPOFF TA_XBrownsville XSantaClarita)
(WALK TA_XBrownsville XSantaClarita XMiami)
(WALK TA_XBrownsville XMiami XSunnyvale)
(HOMESAFE TA_XBrownsville Xsunnyvale)
(DROPOFF TA_XIndependence XSantaClarita)
(WALK TA_XIndependence XSantaClarita XMiami)
(WALK TA_XIndependence XMiami XScottsdale)
(HOMESAFE TA_XIndependence Xscottsdale)
(DROPOFF TA_XWorcester XSantaClarita)
(WALK TA_XWorcester XSantaClarita XMiami)
(WALK TA_XWorcester XMiami XHartford)
(HOMESAFE TA_XWorcester Xhartford)
(DROPOFF TA_XSurprise XSantaClarita)
(WALK TA_XSurprise XSantaClarita XMiami)
(WALK TA_XSurprise XMiami XHenderson)
(HOMESAFE TA_XSurprise Xhenderson)
(DROPOFF TA_XSunnyvale XSantaClarita)
(WALK TA_XSunnyvale XSantaClarita XMiami)
(WALK TA_XSunnyvale XMiami XStPetersburg)
(HOMESAFE TA_XSunnyvale XstPetersburg)
(DROPOFF TA_XLouisvilleJefferson XSantaClarita)
(WALK TA_XLouisvilleJefferson XSantaClarita XMiami)
(WALK TA_XLouisvilleJefferson XMiami XWorcester)
(HOMESAFE TA_XLouisvillejefferson Xworcester)
(DROPOFF TA_XWaco XSantaClarita)
(WALK TA_XWaco XSantaClarita XMiami)
(WALK TA_XWaco XMiami XSurprise)
(HOMESAFE TA_XWaco Xsurprise)
(DROPOFF TA_XLongBeach XSantaClarita)
(WALK TA_XLongBeach XSantaClarita XFortCollins)
(WALK TA_XLongBeach XFortCollins XAustin)
(HOMESAFE TA_XLongbeach Xaustin)
(DROPOFF TA_XNewark XSantaClarita)
(WALK TA_XNewark XSantaClarita XMiami)
(WALK TA_XNewark XMiami XLafayette)
(HOMESAFE TA_XNewark Xlafayette)
(DROPOFF TA_XOklahomaCity XSantaClarita)
(WALK TA_XOklahomaCity XSantaClarita XOklahomaCity)
(WALK TA_XOklahomaCity XOklahomaCity XSiouxFalls)
(HOMESAFE TA_XOklahomacity XsiouxFalls)
(DROPOFF TA_XStLouis XSantaClarita)
(WALK TA_XStLouis XSantaClarita XEscondido)
(WALK TA_XStLouis XEscondido XYonkers)
(HOMESAFE TA_XStlouis Xyonkers)
(DROPOFF TA_XLexingtonFa XSantaClarita)
(WALK TA_XLexingtonFa XSantaClarita XMiami)
(WALK TA_XLexingtonFa XMiami XNewark)
(HOMESAFE TA_XLexingtonfa Xnewark)
(DROPOFF TA_XPaterson XSantaClarita)
(WALK TA_XPaterson XSantaClarita XMiami)
(WALK TA_XPaterson XMiami XAllentown)
(HOMESAFE TA_XPaterson Xallentown)
(DROPOFF TA_XStPetersburg XSantaClarita)
(WALK TA_XStPetersburg XSantaClarita XEscondido)
(WALK TA_XStPetersburg XEscondido XIndianapolis)
(HOMESAFE TA_XStpetersburg Xindianapolis)
(DROPOFF TA_XPomona XSantaClarita)
(WALK TA_XPomona XSantaClarita XMiami)
(WALK TA_XPomona XMiami XLexingtonFa)
(HOMESAFE TA_XPomona XlexingtonFa)
(DROPOFF TA_XBeaumont XSantaClarita)
(WALK TA_XBeaumont XSantaClarita XOklahomaCity)
(WALK TA_XBeaumont XOklahomaCity XStamford)
(HOMESAFE TA_XBeaumont Xstamford)
(DROPOFF TA_XGardenGrove XSantaClarita)
(WALK TA_XGardenGrove XSantaClarita XMiami)
(WALK TA_XGardenGrove XMiami XVictorville)
(HOMESAFE TA_XGardengrove Xvictorville)
(DROPOFF TA_XScottsdale XSantaClarita)
(WALK TA_XScottsdale XSantaClarita XOklahomaCity)
(WALK TA_XScottsdale XOklahomaCity XVisalia)
(HOMESAFE TA_XScottsdale Xvisalia)
(DROPOFF TA_XCarrollton XSantaClarita)
(WALK TA_XCarrollton XSantaClarita XOklahomaCity)
(WALK TA_XCarrollton XOklahomaCity XAlexandria)
(HOMESAFE TA_XCarrollton Xalexandria)
(DROPOFF TA_XOrlando XSantaClarita)
(WALK TA_XOrlando XSantaClarita XEscondido)
(WALK TA_XOrlando XEscondido XPomona)
(HOMESAFE TA_XOrlando Xpomona)
(DROPOFF TA_XFayetteville XSantaClarita)
(WALK TA_XFayetteville XSantaClarita XEscondido)
(WALK TA_XFayetteville XEscondido XStLouis)
(HOMESAFE TA_XFayetteville XstLouis)
(DROPOFF TA_XWashington XSantaClarita)
(WALK TA_XWashington XSantaClarita XOklahomaCity)
(WALK TA_XWashington XOklahomaCity XOntario)
(HOMESAFE TA_XWashington Xontario)
(DROPOFF TA_XAlexandria XSantaClarita)
(WALK TA_XAlexandria XSantaClarita XMiami)
(WALK TA_XAlexandria XMiami XLouisvilleJefferson)
(HOMESAFE TA_XAlexandria XlouisvilleJefferson)
(DROPOFF TA_XLafayette XSantaClarita)
(WALK TA_XLafayette XSantaClarita XEscondido)
(WALK TA_XLafayette XEscondido XMidland)
(HOMESAFE TA_XLafayette Xmidland)
(DROPOFF TA_XStamford XSantaClarita)
(WALK TA_XStamford XSantaClarita XEscondido)
(WALK TA_XStamford XEscondido XFayetteville)
(HOMESAFE TA_XStamford Xfayetteville)
(DROPOFF TA_XBellevue XSantaClarita)
(WALK TA_XBellevue XSantaClarita XMiami)
(WALK TA_XBellevue XMiami XLongBeach)
(HOMESAFE TA_XBellevue XlongBeach)
(DROPOFF TA_XSiouxFalls XSantaClarita)
(WALK TA_XSiouxFalls XSantaClarita XEscondido)
(WALK TA_XSiouxFalls XEscondido XBeaumont)
(HOMESAFE TA_XSiouxfalls Xbeaumont)
(DROPOFF TA_XVisalia XSantaClarita)
(WALK TA_XVisalia XSantaClarita XFortCollins)
(WALK TA_XVisalia XFortCollins XWaco)
(HOMESAFE TA_XVisalia Xwaco)
(DROPOFF TA_XNewportNews XSantaClarita)
(WALK TA_XNewportNews XSantaClarita XOklahomaCity)
(WALK TA_XNewportNews XOklahomaCity XOmaha)
(HOMESAFE TA_XNewportnews Xomaha)
(DROPOFF TA_XOmaha XSantaClarita)
(WALK TA_XOmaha XSantaClarita XMiami)
(WALK TA_XOmaha XMiami XBrownsville)
(HOMESAFE TA_XOmaha Xbrownsville)
(DROPOFF TA_XHuntsville XSantaClarita)
(WALK TA_XHuntsville XSantaClarita XReno)
(WALK TA_XHuntsville XReno XConcord)
(HOMESAFE TA_XHuntsville Xconcord)
(DROPOFF TA_XConcord XSantaClarita)
(WALK TA_XConcord XSantaClarita XEscondido)
(WALK TA_XConcord XEscondido XHuntsville)
(HOMESAFE TA_XConcord Xhuntsville)
(DROPOFF TA_XPembrokePines XSantaClarita)
(WALK TA_XPembrokePines XSantaClarita XReno)
(WALK TA_XPembrokePines XReno XSanDiego)
(WALK TA_XPembrokePines XSanDiego XWestValleyCity)
(HOMESAFE TA_XPembrokepines XwestValleyCity)
(DROPOFF TA_XAllentown XSantaClarita)
(WALK TA_XAllentown XSantaClarita XEscondido)
(WALK TA_XAllentown XEscondido XModesto)
(WALK TA_XAllentown XModesto XIndependence)
(HOMESAFE TA_XAllentown Xindependence)
(DROPOFF TA_XOntario XSantaClarita)
(WALK TA_XOntario XSantaClarita XMiami)
(WALK TA_XOntario XMiami XRichmond)
(WALK TA_XOntario XRichmond XGarland)
(HOMESAFE TA_XOntario Xgarland)
(DROPOFF TA_XStockton XSantaClarita)
(WALK TA_XStockton XSantaClarita XMiami)
(WALK TA_XStockton XMiami XMcAllen)
(WALK TA_XStockton XMcAllen XRanchoCucamonga)
(HOMESAFE TA_XStockton XranchoCucamonga)
(DROPOFF TA_XRanchoCucamonga XSantaClarita)
(WALK TA_XRanchoCucamonga XSantaClarita XEscondido)
(WALK TA_XRanchoCucamonga XEscondido XFortWorth)
(WALK TA_XRanchoCucamonga XFortWorth XNewportNews)
(HOMESAFE TA_XRanchocucamonga XnewportNews)
(DROPOFF TA_XIndianapolis XSantaClarita)
(WALK TA_XIndianapolis XSantaClarita XMiami)
(WALK TA_XIndianapolis XMiami XDomination)
(WALK TA_XIndianapolis XDomination XWashington)
(HOMESAFE TA_XIndianapolis Xwashington)
(DROPOFF TA_XWestValleyCity XSantaClarita)
(WALK TA_XWestValleyCity XSantaClarita XEscondido)
(WALK TA_XWestValleyCity XEscondido XIndianapolis)
(WALK TA_XWestValleyCity XIndianapolis XWichita)
(HOMESAFE TA_XWestvalleycity Xwichita)
(DROPOFF TA_XHenderson XSantaClarita)
(WALK TA_XHenderson XSantaClarita XReno)
(WALK TA_XHenderson XReno XSanDiego)
(WALK TA_XHenderson XSanDiego XPaterson)
(HOMESAFE TA_XHenderson Xpaterson)
(DROPOFF TA_XYonkers XSantaClarita)
(WALK TA_XYonkers XSantaClarita XOklahomaCity)
(WALK TA_XYonkers XOklahomaCity XSantaAna)
(WALK TA_XYonkers XSantaAna XBellevue)
(HOMESAFE TA_XYonkers Xbellevue)
(DROPOFF TA_XGarland XSantaClarita)
(WALK TA_XGarland XSantaClarita XReno)
(WALK TA_XGarland XReno XFrisco)
(WALK TA_XGarland XFrisco XBoston)
(HOMESAFE TA_XGarland Xboston)
