(DRIVE XWaco XSanAntonio)
(DROPOFF TA_XNewark XSanAntonio)
(DRIVE XSanAntonio XWaco)
(DRIVE XWaco XOverlandPark)
(DRIVE XOverlandPark XAnnArbor)
(DROPOFF TA_XLincoln XAnnArbor)
(HOMESAFE TA_XLincoln XannArbor)
(WALK TA_XNewark XSanAntonio XMorenoValley)
(HOMESAFE TA_XNewark XmorenoValley)
(DRIVE XAnnArbor XPalmdale)
(DROPOFF TA_XRichmond XPalmdale)
(HOMESAFE TA_XRichmond Xpalmdale)
(DRIVE XPalmdale XStPaul)
(DROPOFF TA_XIrving XStPaul)
(DRIVE XStPaul XPalmdale)
(DRIVE XPalmdale XClarksville)
(DROPOFF TA_XChulaVista XClarksville)
(HOMESAFE TA_XChulavista Xclarksville)
(HOMESAFE TA_XIrving XstPaul)
(DRIVE XClarksville XPalmdale)
(DRIVE XPalmdale XLexingtonFa)
(DROPOFF TA_XAthensClarkeCounty XLexingtonFa)
(HOMESAFE TA_XAthensclarkecounty XlexingtonFa)
(DRIVE XLexingtonFa XPalmdale)
(DRIVE XPalmdale XFortCollins)
(DROPOFF TA_XSanBernardino XFortCollins)
(HOMESAFE TA_XSanbernardino XfortCollins)
(DRIVE XFortCollins XPalmdale)
(DRIVE XPalmdale XFortWayne)
(DROPOFF TA_XSaltLakeCity XFortWayne)
(HOMESAFE TA_XSaltlakecity XfortWayne)
(DRIVE XFortWayne XPalmdale)
(DRIVE XPalmdale XAthensClarkeCounty)
(DROPOFF TA_XFortCollins XAthensClarkeCounty)
(DRIVE XAthensClarkeCounty XPalmdale)
(DRIVE XPalmdale XBirmingham)
(WALK TA_XFortCollins XAthensClarkeCounty XSanFrancisco)
(WALK TA_XFortCollins XSanFrancisco XRichmond)
(HOMESAFE TA_XFortcollins Xrichmond)
(DRIVE XBirmingham XSaltLakeCity)
(DROPOFF TA_XOmaha XSaltLakeCity)
(DRIVE XSaltLakeCity XBirmingham)
(WALK TA_XOmaha XSaltLakeCity XRochester)
(WALK TA_XOmaha XRochester XOski)
(WALK TA_XOmaha XOski XChulaVista)
(HOMESAFE TA_XOmaha XchulaVista)
(DRIVE XBirmingham XPalmdale)
(DRIVE XPalmdale XAthensClarkeCounty)
(DROPOFF TA_XFortWayne XAthensClarkeCounty)
(DRIVE XAthensClarkeCounty XPalmdale)
(DRIVE XPalmdale XBirmingham)
(WALK TA_XFortWayne XAthensClarkeCounty XSanFrancisco)
(HOMESAFE TA_XFortwayne XsanFrancisco)
(DRIVE XBirmingham XPalmdale)
(DRIVE XPalmdale XAthensClarkeCounty)
(DROPOFF TA_XDetroit XAthensClarkeCounty)
(DRIVE XAthensClarkeCounty XPalmdale)
(WALK TA_XDetroit XAthensClarkeCounty XOWO)
(HOMESAFE TA_XDetroit XoWO)
(DRIVE XPalmdale XAthensClarkeCounty)
(DROPOFF TA_XStamford XAthensClarkeCounty)
(HOMESAFE TA_XStamford XathensClarkeCounty)
(DRIVE XAthensClarkeCounty XPalmdale)
(DRIVE XPalmdale XWestValleyCity)
(DROPOFF TA_XCary XWestValleyCity)
(DROPOFF TA_XStPaul XWestValleyCity)
(DRIVE XWestValleyCity XPalmdale)
(WALK TA_XCary XWestValleyCity XVictorville)
(WALK TA_XCary XVictorville XSanBernardino)
(DRIVE XPalmdale XBirmingham)
(DRIVE XBirmingham XLincoln)
(DROPOFF TA_XSterlingHeights XLincoln)
(HOMESAFE TA_XSterlingheights Xlincoln)
(DRIVE XLincoln XNewark)
(DROPOFF TA_XAnnArbor XNewark)
(HOMESAFE TA_XAnnarbor Xnewark)
(WALK TA_XCary XSanBernardino XStamford)
(WALK TA_XStPaul XWestValleyCity XVictorville)
(WALK TA_XStPaul XVictorville XSanBernardino)
(HOMESAFE TA_XStpaul XsanBernardino)
(DRIVE XNewark XSaltLakeCity)
(DROPOFF TA_XMorenoValley XSaltLakeCity)
(DRIVE XSaltLakeCity XAnnArbor)
(DRIVE XAnnArbor XOverlandPark)
(DRIVE XOverlandPark XSterlingHeights)
(DROPOFF TA_XLexingtonFa XSterlingHeights)
(HOMESAFE TA_XLexingtonfa XsterlingHeights)
(DRIVE XSterlingHeights XHenderson)
(DRIVE XHenderson XOmaha)
(DROPOFF TA_XSanFrancisco XOmaha)
(HOMESAFE TA_XSanfrancisco Xomaha)
(DRIVE XOmaha XKansasCity)
(DRIVE XKansasCity XOverlandPark)
(DRIVE XOverlandPark XDetroit)
(DROPOFF TA_XSanAntonio XDetroit)
(HOMESAFE TA_XSanantonio Xdetroit)
(WALK TA_XMorenoValley XSaltLakeCity XRochester)
(HOMESAFE TA_XMorenovalley Xrochester)
(DRIVE XDetroit XSaltLakeCity)
(DROPOFF TA_XOWO XSaltLakeCity)
(DRIVE XSaltLakeCity XIrving)
(DROPOFF TA_XClarksville XIrving)
(HOMESAFE TA_XClarksville Xirving)
(DRIVE XIrving XOverlandPark)
(HOMESAFE TA_XOWO XSaltLakeCity)
(HOMESAFE TA_XCary Xstamford)
(DRIVE XOverlandPark XCary)
(DROPOFF TA_XPalmdale XCary)
(HOMESAFE TA_XPalmdale Xcary)
(DRIVE XCary XOverlandPark)
(DRIVE XOverlandPark XWaco)
(DRIVE XWaco XSanAntonio)
(DROPOFF TA_XRochester XSanAntonio)
(HOMESAFE TA_XRochester XsanAntonio)
(DRIVE XSanAntonio XWaco)
