(DRIVE XvLeODpVlYSBeYNDYoXha XbiqCAetglYuANrTRzMiX)
(DRIVE XbiqCAetglYuANrTRzMiX XDDEuYWXXufMefzDjgEFm)
(DRIVE XDDEuYWXXufMefzDjgEFm XgzxzakmqbxbsOczuQVLG)
(DROPOFF TA_XCPszTohYUHARNedzFlDK XgzxzakmqbxbsOczuQVLG)
(HOMESAFE TA_XCPsztohyuharnedzfldk XgzxzakmqbxbsOczuQVLG)
(DRIVE XgzxzakmqbxbsOczuQVLG XwRjMmrpRuknxqunJrMAE)
(DRIVE XwRjMmrpRuknxqunJrMAE XDqUxIMslnixWfmkjQTmS)
(DROPOFF TA_XQQSjCkgLAWAPObYQvNsB XDqUxIMslnixWfmkjQTmS)
(HOMESAFE TA_XQQSjckglawapobyqvnsb XdqUxIMslnixWfmkjQTmS)
(DRIVE XDqUxIMslnixWfmkjQTmS XTqyFrXuGvuBuqnpYbjKc)
(DROPOFF TA_XNciLXNPTvMoXdbTDZmlg XTqyFrXuGvuBuqnpYbjKc)
(HOMESAFE TA_XNcilxnptvmoxdbtdzmlg XtqyFrXuGvuBuqnpYbjKc)
(DRIVE XTqyFrXuGvuBuqnpYbjKc XDqUxIMslnixWfmkjQTmS)
(DRIVE XDqUxIMslnixWfmkjQTmS XwRjMmrpRuknxqunJrMAE)
(DRIVE XwRjMmrpRuknxqunJrMAE XiBjjCWwkYToOKfrrLnny)
(DROPOFF TA_XFcEsyaTmqpoyvbDrHjlc XiBjjCWwkYToOKfrrLnny)
(HOMESAFE TA_XFcesyatmqpoyvbdrhjlc XiBjjCWwkYToOKfrrLnny)
(DRIVE XiBjjCWwkYToOKfrrLnny XwRjMmrpRuknxqunJrMAE)
(DRIVE XwRjMmrpRuknxqunJrMAE XTwgqMzgExFHTIfcwfBnr)
(DROPOFF TA_XQkAjrUUuVdzSMnlfJLcO XTwgqMzgExFHTIfcwfBnr)
(HOMESAFE TA_XQkajruuuvdzsmnlfjlco XtwgqMzgExFHTIfcwfBnr)
(DRIVE XTwgqMzgExFHTIfcwfBnr XwRjMmrpRuknxqunJrMAE)
(DRIVE XwRjMmrpRuknxqunJrMAE XDqUxIMslnixWfmkjQTmS)
(DRIVE XDqUxIMslnixWfmkjQTmS XajvbaFpYiEBJySPsSLaI)
(DRIVE XajvbaFpYiEBJySPsSLaI XfToHwimUqLsKcKLZHiUX)
(DROPOFF TA_XzxeoSbTqbWPpSzalAtBI XfToHwimUqLsKcKLZHiUX)
(HOMESAFE TA_Xzxeosbtqbwppszalatbi XfToHwimUqLsKcKLZHiUX)
(DRIVE XfToHwimUqLsKcKLZHiUX XajvbaFpYiEBJySPsSLaI)
(DRIVE XajvbaFpYiEBJySPsSLaI XFqdjKgdpEanmCnmxJMFA)
(DRIVE XFqdjKgdpEanmCnmxJMFA XfPxvnMVMFwhJbNBURdgD)
(DROPOFF TA_XybrQlUhznqOhsvndWAbl XfPxvnMVMFwhJbNBURdgD)
(HOMESAFE TA_Xybrqluhznqohsvndwabl XfPxvnMVMFwhJbNBURdgD)
(DRIVE XfPxvnMVMFwhJbNBURdgD XZbyHJLmoTqNpTnlUVJZC)
(DRIVE XZbyHJLmoTqNpTnlUVJZC XtVzUgXVoBYxBMnkkwFmk)
(DROPOFF TA_XfHcdXnOxSadpKeCUwNYm XtVzUgXVoBYxBMnkkwFmk)
(DRIVE XtVzUgXVoBYxBMnkkwFmk XZbyHJLmoTqNpTnlUVJZC)
(DRIVE XZbyHJLmoTqNpTnlUVJZC XfPxvnMVMFwhJbNBURdgD)
(DRIVE XfPxvnMVMFwhJbNBURdgD XVhDSPHxolLkNxxDnpUyx)
(DROPOFF TA_XCfkBzkPETvagyIDCsLTD XVhDSPHxolLkNxxDnpUyx)
(HOMESAFE TA_XCfkbzkpetvagyidcsltd XvhDSPHxolLkNxxDnpUyx)
(WALK TA_XfHcdXnOxSadpKeCUwNYm XtVzUgXVoBYxBMnkkwFmk XMlwlINEFqmyzZNPXRLJF)
(HOMESAFE TA_Xfhcdxnoxsadpkecuwnym XmlwlINEFqmyzZNPXRLJF)
(DRIVE XVhDSPHxolLkNxxDnpUyx XPLDOWRIeaCSVLMyDadzC)
(DROPOFF TA_XTqyFrXuGvuBuqnpYbjKc XPLDOWRIeaCSVLMyDadzC)
(HOMESAFE TA_XTqyfrxugvubuqnpybjkc XpLDOWRIeaCSVLMyDadzC)
(DRIVE XPLDOWRIeaCSVLMyDadzC XVhDSPHxolLkNxxDnpUyx)
(DRIVE XVhDSPHxolLkNxxDnpUyx XfPxvnMVMFwhJbNBURdgD)
(DRIVE XfPxvnMVMFwhJbNBURdgD XZbyHJLmoTqNpTnlUVJZC)
(DRIVE XZbyHJLmoTqNpTnlUVJZC XaCucdhmWbhlrgfstQigR)
(DROPOFF TA_XBXzACdzjLITNgbmDPlEu XaCucdhmWbhlrgfstQigR)
(HOMESAFE TA_XBXzacdzjlitngbmdpleu XaCucdhmWbhlrgfstQigR)
(DRIVE XaCucdhmWbhlrgfstQigR XZbyHJLmoTqNpTnlUVJZC)
(DRIVE XZbyHJLmoTqNpTnlUVJZC XfPxvnMVMFwhJbNBURdgD)
(DRIVE XfPxvnMVMFwhJbNBURdgD XklkbOWCZrzPBFVDxhNbj)
(DRIVE XklkbOWCZrzPBFVDxhNbj XdyUDfEGgAoSshTRjMZZg)
(DROPOFF TA_XcZgmtoPGHxdozTaDMiyf XdyUDfEGgAoSshTRjMZZg)
(DRIVE XdyUDfEGgAoSshTRjMZZg XklkbOWCZrzPBFVDxhNbj)
(DRIVE XklkbOWCZrzPBFVDxhNbj XVhDSPHxolLkNxxDnpUyx)
(WALK TA_XcZgmtoPGHxdozTaDMiyf XdyUDfEGgAoSshTRjMZZg XzxeoSbTqbWPpSzalAtBI)
(HOMESAFE TA_Xczgmtopghxdoztadmiyf XzxeoSbTqbWPpSzalAtBI)
(DRIVE XVhDSPHxolLkNxxDnpUyx XjwIBHKkXHTPVsOJwBOsr)
(DROPOFF TA_XruLqpYqEzGGiKysvsarb XjwIBHKkXHTPVsOJwBOsr)
(HOMESAFE TA_Xrulqpyqezggikysvsarb XjwIBHKkXHTPVsOJwBOsr)
(DRIVE XjwIBHKkXHTPVsOJwBOsr XVhDSPHxolLkNxxDnpUyx)
(DRIVE XVhDSPHxolLkNxxDnpUyx XklkbOWCZrzPBFVDxhNbj)
(DRIVE XklkbOWCZrzPBFVDxhNbj XdyUDfEGgAoSshTRjMZZg)
(DROPOFF TA_XCmbFyJmcvVqyCmJgQxeI XdyUDfEGgAoSshTRjMZZg)
(HOMESAFE TA_XCmbfyjmcvvqycmjgqxei XdyUDfEGgAoSshTRjMZZg)
(DRIVE XdyUDfEGgAoSshTRjMZZg XklkbOWCZrzPBFVDxhNbj)
(DRIVE XklkbOWCZrzPBFVDxhNbj XfPxvnMVMFwhJbNBURdgD)
(DRIVE XfPxvnMVMFwhJbNBURdgD XFqdjKgdpEanmCnmxJMFA)
(DRIVE XFqdjKgdpEanmCnmxJMFA XybrQlUhznqOhsvndWAbl)
(DROPOFF TA_XdyUDfEGgAoSshTRjMZZg XybrQlUhznqOhsvndWAbl)
(HOMESAFE TA_Xdyudfeggaosshtrjmzzg XybrQlUhznqOhsvndWAbl)
(DRIVE XybrQlUhznqOhsvndWAbl XLOMgYipCQQXQnRqEqRwO)
(DRIVE XLOMgYipCQQXQnRqEqRwO XqbmGewAditsWkTFHdxjP)
(DRIVE XqbmGewAditsWkTFHdxjP XcvlwIwajcIlbhZbyFgmq)
(DROPOFF TA_XRjKEHTlRvtaVBbyqZVAw XcvlwIwajcIlbhZbyFgmq)
(HOMESAFE TA_XRjkehtlrvtavbbyqzvaw XcvlwIwajcIlbhZbyFgmq)
(DRIVE XcvlwIwajcIlbhZbyFgmq XqbmGewAditsWkTFHdxjP)
(DRIVE XqbmGewAditsWkTFHdxjP XLOMgYipCQQXQnRqEqRwO)
(DRIVE XLOMgYipCQQXQnRqEqRwO XybrQlUhznqOhsvndWAbl)
(DRIVE XybrQlUhznqOhsvndWAbl XFqdjKgdpEanmCnmxJMFA)
(DRIVE XFqdjKgdpEanmCnmxJMFA XfPxvnMVMFwhJbNBURdgD)
(DRIVE XfPxvnMVMFwhJbNBURdgD XZbyHJLmoTqNpTnlUVJZC)
(DRIVE XZbyHJLmoTqNpTnlUVJZC XtVzUgXVoBYxBMnkkwFmk)
(DROPOFF TA_XmlipOrSnGcxXtoXBbRyl XtVzUgXVoBYxBMnkkwFmk)
(HOMESAFE TA_Xmliporsngcxxtoxbbryl XtVzUgXVoBYxBMnkkwFmk)
(DRIVE XtVzUgXVoBYxBMnkkwFmk XZbyHJLmoTqNpTnlUVJZC)
(DRIVE XZbyHJLmoTqNpTnlUVJZC XfPxvnMVMFwhJbNBURdgD)
(DRIVE XfPxvnMVMFwhJbNBURdgD XVhDSPHxolLkNxxDnpUyx)
(DRIVE XVhDSPHxolLkNxxDnpUyx XSouQfuEdAivolPXFbygH)
(DRIVE XSouQfuEdAivolPXFbygH XLGqbVTsFMANIedVHAALW)
(DRIVE XLGqbVTsFMANIedVHAALW XWCCOEUYmDvzZlrkDAqoi)
(DROPOFF TA_XjwIBHKkXHTPVsOJwBOsr XWCCOEUYmDvzZlrkDAqoi)
(DRIVE XWCCOEUYmDvzZlrkDAqoi XLGqbVTsFMANIedVHAALW)
(WALK TA_XjwIBHKkXHTPVsOJwBOsr XWCCOEUYmDvzZlrkDAqoi XxQaDpDGAXhDYzSMnMWvb)
(HOMESAFE TA_Xjwibhkkxhtpvsojwbosr XxQaDpDGAXhDYzSMnMWvb)
(DRIVE XLGqbVTsFMANIedVHAALW XSouQfuEdAivolPXFbygH)
(DRIVE XSouQfuEdAivolPXFbygH XVhDSPHxolLkNxxDnpUyx)
(DRIVE XVhDSPHxolLkNxxDnpUyx XfPxvnMVMFwhJbNBURdgD)
(DRIVE XfPxvnMVMFwhJbNBURdgD XFqdjKgdpEanmCnmxJMFA)
(DRIVE XFqdjKgdpEanmCnmxJMFA XybrQlUhznqOhsvndWAbl)
(DRIVE XybrQlUhznqOhsvndWAbl XruLqpYqEzGGiKysvsarb)
(DROPOFF TA_XxQaDpDGAXhDYzSMnMWvb XruLqpYqEzGGiKysvsarb)
(HOMESAFE TA_Xxqadpdgaxhdyzsmnmwvb XruLqpYqEzGGiKysvsarb)
(DRIVE XruLqpYqEzGGiKysvsarb XybrQlUhznqOhsvndWAbl)
(DRIVE XybrQlUhznqOhsvndWAbl XFqdjKgdpEanmCnmxJMFA)
(DRIVE XFqdjKgdpEanmCnmxJMFA XgzxzakmqbxbsOczuQVLG)
(DRIVE XgzxzakmqbxbsOczuQVLG XgIttwvzcgONwFblnGIqq)
(DROPOFF TA_XgIttwvzcgONwFblnGIqq XgIttwvzcgONwFblnGIqq)
(HOMESAFE TA_Xgittwvzcgonwfblngiqq XgIttwvzcgONwFblnGIqq)
(DRIVE XgIttwvzcgONwFblnGIqq XgzxzakmqbxbsOczuQVLG)
(DRIVE XgzxzakmqbxbsOczuQVLG XDDEuYWXXufMefzDjgEFm)
(DRIVE XDDEuYWXXufMefzDjgEFm XbiqCAetglYuANrTRzMiX)
(DRIVE XbiqCAetglYuANrTRzMiX XpdXCnKagnvEntNTuPHdK)
(DROPOFF TA_XOVoYVQPnlYoZBBKtyuLk XpdXCnKagnvEntNTuPHdK)
(HOMESAFE TA_XOVoyvqpnlyozbbktyulk XpdXCnKagnvEntNTuPHdK)
(DRIVE XpdXCnKagnvEntNTuPHdK XCPszTohYUHARNedzFlDK)
(DROPOFF TA_XNAHeKyyhAObyyUEUSkSU XCPszTohYUHARNedzFlDK)
(HOMESAFE TA_XNAHekyyhaobyyueusksu XcPszTohYUHARNedzFlDK)
(DRIVE XCPszTohYUHARNedzFlDK XWWpSpmTaSazKGIcNlBvp)
(DRIVE XWWpSpmTaSazKGIcNlBvp XEWpsBSEfAOWAjikCpvhc)
(DRIVE XEWpsBSEfAOWAjikCpvhc XjwIBHKkXHTPVsOJwBOsr)
(DRIVE XjwIBHKkXHTPVsOJwBOsr XVhDSPHxolLkNxxDnpUyx)
(DRIVE XVhDSPHxolLkNxxDnpUyx XSouQfuEdAivolPXFbygH)
(DRIVE XSouQfuEdAivolPXFbygH XLGqbVTsFMANIedVHAALW)
(DRIVE XLGqbVTsFMANIedVHAALW XWCCOEUYmDvzZlrkDAqoi)
(DROPOFF TA_XpdXCnKagnvEntNTuPHdK XWCCOEUYmDvzZlrkDAqoi)
(HOMESAFE TA_Xpdxcnkagnventntuphdk XwCCOEUYmDvzZlrkDAqoi)
(DRIVE XWCCOEUYmDvzZlrkDAqoi XLGqbVTsFMANIedVHAALW)
(DRIVE XLGqbVTsFMANIedVHAALW XbiqCAetglYuANrTRzMiX)
(DRIVE XbiqCAetglYuANrTRzMiX XDDEuYWXXufMefzDjgEFm)
(DRIVE XDDEuYWXXufMefzDjgEFm XgzxzakmqbxbsOczuQVLG)
(DRIVE XgzxzakmqbxbsOczuQVLG XgEufXNuuWhnlbNYaoQFJ)
(DROPOFF TA_XiDucfyZGMCbCQbXjbQqM XgEufXNuuWhnlbNYaoQFJ)
(HOMESAFE TA_Xiducfyzgmcbcqbxjbqqm XgEufXNuuWhnlbNYaoQFJ)
(DRIVE XgEufXNuuWhnlbNYaoQFJ XgzxzakmqbxbsOczuQVLG)
(DRIVE XgzxzakmqbxbsOczuQVLG XFqdjKgdpEanmCnmxJMFA)
(DRIVE XFqdjKgdpEanmCnmxJMFA XajvbaFpYiEBJySPsSLaI)
(DRIVE XajvbaFpYiEBJySPsSLaI XsBkAYRISjTYinLFSNcKW)
(DROPOFF TA_XsXfgLMwoysnMazVSWnhc XsBkAYRISjTYinLFSNcKW)
(HOMESAFE TA_Xsxfglmwoysnmazvswnhc XsBkAYRISjTYinLFSNcKW)
(DRIVE XsBkAYRISjTYinLFSNcKW XvGdJmIpYPUGRspXiVLdc)
(DRIVE XvGdJmIpYPUGRspXiVLdc XfPxvnMVMFwhJbNBURdgD)
(DRIVE XfPxvnMVMFwhJbNBURdgD XFqdjKgdpEanmCnmxJMFA)
(DRIVE XFqdjKgdpEanmCnmxJMFA XgzxzakmqbxbsOczuQVLG)
(DRIVE XgzxzakmqbxbsOczuQVLG XDDEuYWXXufMefzDjgEFm)
(DRIVE XDDEuYWXXufMefzDjgEFm XCfkBzkPETvagyIDCsLTD)
(DROPOFF TA_XNVEtShKeuxpaFIOiyVqE XCfkBzkPETvagyIDCsLTD)
(HOMESAFE TA_XNVEtshkeuxpafioiyvqe XcfkBzkPETvagyIDCsLTD)
(DRIVE XCfkBzkPETvagyIDCsLTD XDDEuYWXXufMefzDjgEFm)
(DRIVE XDDEuYWXXufMefzDjgEFm XgzxzakmqbxbsOczuQVLG)
(DRIVE XgzxzakmqbxbsOczuQVLG XUAwuKFcUHFyvaFCTLpOT)
(DRIVE XUAwuKFcUHFyvaFCTLpOT XBXzACdzjLITNgbmDPlEu)
(DROPOFF TA_XgEufXNuuWhnlbNYaoQFJ XBXzACdzjLITNgbmDPlEu)
(HOMESAFE TA_Xgeufxnuuwhnlbnyaoqfj XbXzACdzjLITNgbmDPlEu)
(DRIVE XBXzACdzjLITNgbmDPlEu XfvYrLpgzqLNOAQbahgax)
(DRIVE XfvYrLpgzqLNOAQbahgax XkOaPwvTTqhaYDvjPPZCZ)
(DRIVE XkOaPwvTTqhaYDvjPPZCZ XLOMgYipCQQXQnRqEqRwO)
(DRIVE XLOMgYipCQQXQnRqEqRwO XybrQlUhznqOhsvndWAbl)
(DROPOFF TA_XPLDOWRIeaCSVLMyDadzC XybrQlUhznqOhsvndWAbl)
(WALK TA_XPLDOWRIeaCSVLMyDadzC XybrQlUhznqOhsvndWAbl XNAHeKyyhAObyyUEUSkSU)
(DRIVE XybrQlUhznqOhsvndWAbl XLOMgYipCQQXQnRqEqRwO)
(WALK TA_XPLDOWRIeaCSVLMyDadzC XNAHeKyyhAObyyUEUSkSU XgMqbbwopmbxmOomqZjfm)
(WALK TA_XPLDOWRIeaCSVLMyDadzC XgMqbbwopmbxmOomqZjfm XUgFPXEAdAfcfHGIbNTsq)
(DRIVE XLOMgYipCQQXQnRqEqRwO XFcEsyaTmqpoyvbDrHjlc)
(DROPOFF TA_XgMqbbwopmbxmOomqZjfm XFcEsyaTmqpoyvbDrHjlc)
(HOMESAFE TA_Xgmqbbwopmbxmoomqzjfm XfcEsyaTmqpoyvbDrHjlc)
(DRIVE XFcEsyaTmqpoyvbDrHjlc XLOMgYipCQQXQnRqEqRwO)
(DRIVE XLOMgYipCQQXQnRqEqRwO XkOaPwvTTqhaYDvjPPZCZ)
(WALK TA_XPLDOWRIeaCSVLMyDadzC XUgFPXEAdAfcfHGIbNTsq XgMqbbwopmbxmOomqZjfm)
(WALK TA_XPLDOWRIeaCSVLMyDadzC XgMqbbwopmbxmOomqZjfm XCmbFyJmcvVqyCmJgQxeI)
(WALK TA_XPLDOWRIeaCSVLMyDadzC XCmbFyJmcvVqyCmJgQxeI XfHcdXnOxSadpKeCUwNYm)
(WALK TA_XPLDOWRIeaCSVLMyDadzC XfHcdXnOxSadpKeCUwNYm XfvEcAuRDdfuHEPLNpaTz)
(WALK TA_XPLDOWRIeaCSVLMyDadzC XfvEcAuRDdfuHEPLNpaTz XsXfgLMwoysnMazVSWnhc)
(DRIVE XkOaPwvTTqhaYDvjPPZCZ XLOMgYipCQQXQnRqEqRwO)
(DRIVE XLOMgYipCQQXQnRqEqRwO XybrQlUhznqOhsvndWAbl)
(DRIVE XybrQlUhznqOhsvndWAbl XruLqpYqEzGGiKysvsarb)
(HOMESAFE TA_XPLDOWRIeacsvlmydadzc XsXfgLMwoysnMazVSWnhc)
(DRIVE XruLqpYqEzGGiKysvsarb XAdXveYSBaneNwCQzrdSw)
(DROPOFF TA_XiBjjCWwkYToOKfrrLnny XAdXveYSBaneNwCQzrdSw)
(DRIVE XAdXveYSBaneNwCQzrdSw XQkAjrUUuVdzSMnlfJLcO)
(DROPOFF TA_XUgFPXEAdAfcfHGIbNTsq XQkAjrUUuVdzSMnlfJLcO)
(HOMESAFE TA_XUgfpxeadafcfhgibntsq XqkAjrUUuVdzSMnlfJLcO)
(DRIVE XQkAjrUUuVdzSMnlfJLcO XAdXveYSBaneNwCQzrdSw)
(DRIVE XAdXveYSBaneNwCQzrdSw XruLqpYqEzGGiKysvsarb)
(DRIVE XruLqpYqEzGGiKysvsarb XybrQlUhznqOhsvndWAbl)
(WALK TA_XiBjjCWwkYToOKfrrLnny XAdXveYSBaneNwCQzrdSw XgMqbbwopmbxmOomqZjfm)
(WALK TA_XiBjjCWwkYToOKfrrLnny XgMqbbwopmbxmOomqZjfm XCmbFyJmcvVqyCmJgQxeI)
(WALK TA_XiBjjCWwkYToOKfrrLnny XCmbFyJmcvVqyCmJgQxeI XfHcdXnOxSadpKeCUwNYm)
(WALK TA_XiBjjCWwkYToOKfrrLnny XfHcdXnOxSadpKeCUwNYm XfvEcAuRDdfuHEPLNpaTz)
(HOMESAFE TA_Xibjjcwwkytookfrrlnny XfvEcAuRDdfuHEPLNpaTz)
(DRIVE XybrQlUhznqOhsvndWAbl XruLqpYqEzGGiKysvsarb)
(DRIVE XruLqpYqEzGGiKysvsarb XAdXveYSBaneNwCQzrdSw)
(DROPOFF TA_XiBYHAWUhqeQPjphQzpdN XAdXveYSBaneNwCQzrdSw)
(DRIVE XAdXveYSBaneNwCQzrdSw XruLqpYqEzGGiKysvsarb)
(DRIVE XruLqpYqEzGGiKysvsarb XybrQlUhznqOhsvndWAbl)
(WALK TA_XiBYHAWUhqeQPjphQzpdN XAdXveYSBaneNwCQzrdSw XgMqbbwopmbxmOomqZjfm)
(WALK TA_XiBYHAWUhqeQPjphQzpdN XgMqbbwopmbxmOomqZjfm XUgFPXEAdAfcfHGIbNTsq)
(HOMESAFE TA_Xibyhawuhqeqpjphqzpdn XugFPXEAdAfcfHGIbNTsq)
(DRIVE XybrQlUhznqOhsvndWAbl XruLqpYqEzGGiKysvsarb)
(DRIVE XruLqpYqEzGGiKysvsarb XAdXveYSBaneNwCQzrdSw)
(DROPOFF TA_XfvEcAuRDdfuHEPLNpaTz XAdXveYSBaneNwCQzrdSw)
(DRIVE XAdXveYSBaneNwCQzrdSw XruLqpYqEzGGiKysvsarb)
(DRIVE XruLqpYqEzGGiKysvsarb XybrQlUhznqOhsvndWAbl)
(WALK TA_XfvEcAuRDdfuHEPLNpaTz XAdXveYSBaneNwCQzrdSw XgMqbbwopmbxmOomqZjfm)
(WALK TA_XfvEcAuRDdfuHEPLNpaTz XgMqbbwopmbxmOomqZjfm XCmbFyJmcvVqyCmJgQxeI)
(DRIVE XybrQlUhznqOhsvndWAbl XLOMgYipCQQXQnRqEqRwO)
(DRIVE XLOMgYipCQQXQnRqEqRwO XmlipOrSnGcxXtoXBbRyl)
(DROPOFF TA_XMlwlINEFqmyzZNPXRLJF XmlipOrSnGcxXtoXBbRyl)
(DRIVE XmlipOrSnGcxXtoXBbRyl XLOMgYipCQQXQnRqEqRwO)
(DRIVE XLOMgYipCQQXQnRqEqRwO XkOaPwvTTqhaYDvjPPZCZ)
(WALK TA_XMlwlINEFqmyzZNPXRLJF XmlipOrSnGcxXtoXBbRyl XiDucfyZGMCbCQbXjbQqM)
(WALK TA_XMlwlINEFqmyzZNPXRLJF XiDucfyZGMCbCQbXjbQqM XjzQJaGLLiuQLhhyqBagr)
(DRIVE XkOaPwvTTqhaYDvjPPZCZ XLOMgYipCQQXQnRqEqRwO)
(WALK TA_XMlwlINEFqmyzZNPXRLJF XjzQJaGLLiuQLhhyqBagr XiBYHAWUhqeQPjphQzpdN)
(HOMESAFE TA_XMlwlinefqmyzznpxrljf XiBYHAWUhqeQPjphQzpdN)
(DRIVE XLOMgYipCQQXQnRqEqRwO XybrQlUhznqOhsvndWAbl)
(DRIVE XybrQlUhznqOhsvndWAbl XruLqpYqEzGGiKysvsarb)
(DRIVE XruLqpYqEzGGiKysvsarb XAdXveYSBaneNwCQzrdSw)
(DROPOFF TA_XuyPyJzKFqWxgSNmpkDrB XAdXveYSBaneNwCQzrdSw)
(HOMESAFE TA_Xuypyjzkfqwxgsnmpkdrb XadXveYSBaneNwCQzrdSw)
(DRIVE XAdXveYSBaneNwCQzrdSw XruLqpYqEzGGiKysvsarb)
(DRIVE XruLqpYqEzGGiKysvsarb XybrQlUhznqOhsvndWAbl)
(DRIVE XybrQlUhznqOhsvndWAbl XLOMgYipCQQXQnRqEqRwO)
(DRIVE XLOMgYipCQQXQnRqEqRwO XmlipOrSnGcxXtoXBbRyl)
(DROPOFF TA_XjzQJaGLLiuQLhhyqBagr XmlipOrSnGcxXtoXBbRyl)
(DRIVE XmlipOrSnGcxXtoXBbRyl XLOMgYipCQQXQnRqEqRwO)
(WALK TA_XjzQJaGLLiuQLhhyqBagr XmlipOrSnGcxXtoXBbRyl XNVEtShKeuxpaFIOiyVqE)
(HOMESAFE TA_Xjzqjaglliuqlhhyqbagr XnVEtShKeuxpaFIOiyVqE)
(DRIVE XLOMgYipCQQXQnRqEqRwO XmlipOrSnGcxXtoXBbRyl)
(DROPOFF TA_XWCCOEUYmDvzZlrkDAqoi XmlipOrSnGcxXtoXBbRyl)
(DRIVE XmlipOrSnGcxXtoXBbRyl XLOMgYipCQQXQnRqEqRwO)
(DRIVE XLOMgYipCQQXQnRqEqRwO XkOaPwvTTqhaYDvjPPZCZ)
(WALK TA_XfvEcAuRDdfuHEPLNpaTz XCmbFyJmcvVqyCmJgQxeI XNciLXNPTvMoXdbTDZmlg)
(HOMESAFE TA_Xfvecaurddfuheplnpatz XnciLXNPTvMoXdbTDZmlg)
(DRIVE XkOaPwvTTqhaYDvjPPZCZ XFEqXJcVrZfnSsHEUPhnl)
(DRIVE XFEqXJcVrZfnSsHEUPhnl XASXwCgVTXDdhSXJwFovC)
(DROPOFF TA_XaCucdhmWbhlrgfstQigR XASXwCgVTXDdhSXJwFovC)
(HOMESAFE TA_Xacucdhmwbhlrgfstqigr XaSXwCgVTXDdhSXJwFovC)
(DRIVE XASXwCgVTXDdhSXJwFovC XLeLGVrNGvkwLbzIWTNFP)
(DRIVE XLeLGVrNGvkwLbzIWTNFP XaWvnTxwRCeZSoCnPnhDt)
(DRIVE XaWvnTxwRCeZSoCnPnhDt XybrQlUhznqOhsvndWAbl)
(DRIVE XybrQlUhznqOhsvndWAbl XuyPyJzKFqWxgSNmpkDrB)
(DROPOFF TA_XDqUxIMslnixWfmkjQTmS XuyPyJzKFqWxgSNmpkDrB)
(HOMESAFE TA_XDquximslnixwfmkjqtms XuyPyJzKFqWxgSNmpkDrB)
(DRIVE XuyPyJzKFqWxgSNmpkDrB XybrQlUhznqOhsvndWAbl)
(DRIVE XybrQlUhznqOhsvndWAbl XruLqpYqEzGGiKysvsarb)
(DRIVE XruLqpYqEzGGiKysvsarb XAdXveYSBaneNwCQzrdSw)
(WALK TA_XWCCOEUYmDvzZlrkDAqoi XmlipOrSnGcxXtoXBbRyl XiDucfyZGMCbCQbXjbQqM)
(DRIVE XAdXveYSBaneNwCQzrdSw XTwgqMzgExFHTIfcwfBnr)
(DRIVE XTwgqMzgExFHTIfcwfBnr XcZgmtoPGHxdozTaDMiyf)
(DROPOFF TA_XAdXveYSBaneNwCQzrdSw XcZgmtoPGHxdozTaDMiyf)
(DRIVE XcZgmtoPGHxdozTaDMiyf XTwgqMzgExFHTIfcwfBnr)
(DRIVE XTwgqMzgExFHTIfcwfBnr XAdXveYSBaneNwCQzrdSw)
(DRIVE XAdXveYSBaneNwCQzrdSw XruLqpYqEzGGiKysvsarb)
(DRIVE XruLqpYqEzGGiKysvsarb XWWpSpmTaSazKGIcNlBvp)
(DRIVE XWWpSpmTaSazKGIcNlBvp XEWpsBSEfAOWAjikCpvhc)
(DRIVE XEWpsBSEfAOWAjikCpvhc XCmbFyJmcvVqyCmJgQxeI)
(DROPOFF TA_XgzxzakmqbxbsOczuQVLG XCmbFyJmcvVqyCmJgQxeI)
(WALK TA_XWCCOEUYmDvzZlrkDAqoi XiDucfyZGMCbCQbXjbQqM XmlipOrSnGcxXtoXBbRyl)
(DRIVE XCmbFyJmcvVqyCmJgQxeI XEWpsBSEfAOWAjikCpvhc)
(WALK TA_XgzxzakmqbxbsOczuQVLG XCmbFyJmcvVqyCmJgQxeI XfHcdXnOxSadpKeCUwNYm)
(HOMESAFE TA_Xgzxzakmqbxbsoczuqvlg XfHcdXnOxSadpKeCUwNYm)
(DRIVE XEWpsBSEfAOWAjikCpvhc XCmbFyJmcvVqyCmJgQxeI)
(DROPOFF TA_XVhDSPHxolLkNxxDnpUyx XCmbFyJmcvVqyCmJgQxeI)
(DRIVE XCmbFyJmcvVqyCmJgQxeI XEWpsBSEfAOWAjikCpvhc)
(DRIVE XEWpsBSEfAOWAjikCpvhc XqbmGewAditsWkTFHdxjP)
(DRIVE XqbmGewAditsWkTFHdxjP XQQSjCkgLAWAPObYQvNsB)
(DROPOFF TA_XASXwCgVTXDdhSXJwFovC XQQSjCkgLAWAPObYQvNsB)
(HOMESAFE TA_XASXwcgvtxddhsxjwfovc XqQSjCkgLAWAPObYQvNsB)
(DRIVE XQQSjCkgLAWAPObYQvNsB XqbmGewAditsWkTFHdxjP)
(WALK TA_XVhDSPHxolLkNxxDnpUyx XCmbFyJmcvVqyCmJgQxeI XgMqbbwopmbxmOomqZjfm)
(DRIVE XqbmGewAditsWkTFHdxjP XLOMgYipCQQXQnRqEqRwO)
(WALK TA_XWCCOEUYmDvzZlrkDAqoi XmlipOrSnGcxXtoXBbRyl XiDucfyZGMCbCQbXjbQqM)
(WALK TA_XWCCOEUYmDvzZlrkDAqoi XiDucfyZGMCbCQbXjbQqM XjzQJaGLLiuQLhhyqBagr)
(HOMESAFE TA_XWCCOEUYmdvzzlrkdaqoi XjzQJaGLLiuQLhhyqBagr)
(DRIVE XLOMgYipCQQXQnRqEqRwO XmlipOrSnGcxXtoXBbRyl)
(DROPOFF TA_XfToHwimUqLsKcKLZHiUX XmlipOrSnGcxXtoXBbRyl)
(HOMESAFE TA_Xftohwimuqlskcklzhiux XmlipOrSnGcxXtoXBbRyl)
(DRIVE XmlipOrSnGcxXtoXBbRyl XiDucfyZGMCbCQbXjbQqM)
(DROPOFF TA_XDWWCMAjZQQIEKOIiHFQN XiDucfyZGMCbCQbXjbQqM)
(HOMESAFE TA_XDWWCMAjzqqiekoiihfqn XiDucfyZGMCbCQbXjbQqM)
(DRIVE XiDucfyZGMCbCQbXjbQqM XCfkBzkPETvagyIDCsLTD)
(DRIVE XCfkBzkPETvagyIDCsLTD XoCvaAQKOXXWgeSNnUmae)
(DRIVE XoCvaAQKOXXWgeSNnUmae XOVoYVQPnlYoZBBKtyuLk)
(DROPOFF TA_XsBkAYRISjTYinLFSNcKW XOVoYVQPnlYoZBBKtyuLk)
(HOMESAFE TA_Xsbkayrisjtyinlfsnckw XoVoYVQPnlYoZBBKtyuLk)
(DRIVE XOVoYVQPnlYoZBBKtyuLk XWWpSpmTaSazKGIcNlBvp)
(DRIVE XWWpSpmTaSazKGIcNlBvp XEWpsBSEfAOWAjikCpvhc)
(DRIVE XEWpsBSEfAOWAjikCpvhc XvLeODpVlYSBeYNDYoXha)
(DRIVE XvLeODpVlYSBeYNDYoXha XLOMgYipCQQXQnRqEqRwO)
(WALK TA_XAdXveYSBaneNwCQzrdSw XcZgmtoPGHxdozTaDMiyf XDWWCMAjZQQIEKOIiHFQN)
(DRIVE XLOMgYipCQQXQnRqEqRwO XqbmGewAditsWkTFHdxjP)
(DRIVE XqbmGewAditsWkTFHdxjP XQQSjCkgLAWAPObYQvNsB)
(DRIVE XQQSjCkgLAWAPObYQvNsB XRjKEHTlRvtaVBbyqZVAw)
(DROPOFF TA_XtVzUgXVoBYxBMnkkwFmk XRjKEHTlRvtaVBbyqZVAw)
(HOMESAFE TA_Xtvzugxvobyxbmnkkwfmk XrjKEHTlRvtaVBbyqZVAw)
(DRIVE XRjKEHTlRvtaVBbyqZVAw XQQSjCkgLAWAPObYQvNsB)
(DRIVE XQQSjCkgLAWAPObYQvNsB XqbmGewAditsWkTFHdxjP)
(DRIVE XqbmGewAditsWkTFHdxjP XLOMgYipCQQXQnRqEqRwO)
(WALK TA_XVhDSPHxolLkNxxDnpUyx XgMqbbwopmbxmOomqZjfm XCmbFyJmcvVqyCmJgQxeI)
(DRIVE XLOMgYipCQQXQnRqEqRwO XybrQlUhznqOhsvndWAbl)
(HOMESAFE TA_XVhdsphxollknxxdnpuyx XcmbFyJmcvVqyCmJgQxeI)
(DRIVE XybrQlUhznqOhsvndWAbl XNAHeKyyhAObyyUEUSkSU)
(DROPOFF TA_XcvlwIwajcIlbhZbyFgmq XNAHeKyyhAObyyUEUSkSU)
(HOMESAFE TA_Xcvlwiwajcilbhzbyfgmq XnAHeKyyhAObyyUEUSkSU)
(DRIVE XNAHeKyyhAObyyUEUSkSU XgMqbbwopmbxmOomqZjfm)
(DROPOFF TA_XTwgqMzgExFHTIfcwfBnr XgMqbbwopmbxmOomqZjfm)
(HOMESAFE TA_XTwgqmzgexfhtifcwfbnr XgMqbbwopmbxmOomqZjfm)
(DRIVE XgMqbbwopmbxmOomqZjfm XZbyHJLmoTqNpTnlUVJZC)
(DRIVE XZbyHJLmoTqNpTnlUVJZC XuyPyJzKFqWxgSNmpkDrB)
(DRIVE XuyPyJzKFqWxgSNmpkDrB XvLeODpVlYSBeYNDYoXha)
(WALK TA_XAdXveYSBaneNwCQzrdSw XDWWCMAjZQQIEKOIiHFQN XcZgmtoPGHxdozTaDMiyf)
(HOMESAFE TA_XAdxveysbanenwcqzrdsw XcZgmtoPGHxdozTaDMiyf)
(DRIVE XvLeODpVlYSBeYNDYoXha XEWpsBSEfAOWAjikCpvhc)
(DRIVE XEWpsBSEfAOWAjikCpvhc XMcOZQehrTygkGidmwyMe)
(DRIVE XMcOZQehrTygkGidmwyMe XDWWCMAjZQQIEKOIiHFQN)
(DROPOFF TA_XfPxvnMVMFwhJbNBURdgD XDWWCMAjZQQIEKOIiHFQN)
(HOMESAFE TA_Xfpxvnmvmfwhjbnburdgd XdWWCMAjZQQIEKOIiHFQN)
(DRIVE XDWWCMAjZQQIEKOIiHFQN XMcOZQehrTygkGidmwyMe)
(DRIVE XMcOZQehrTygkGidmwyMe XEWpsBSEfAOWAjikCpvhc)
(DRIVE XEWpsBSEfAOWAjikCpvhc XvLeODpVlYSBeYNDYoXha)
