(DROPOFF TA_XhpQFeVriPZmwKZcYFAWN XoUyBZvEHNPOWtAsHANHU)
(HOMESAFE TA_Xhpqfevripzmwkzcyfawn XoUyBZvEHNPOWtAsHANHU)
(DRIVE XoUyBZvEHNPOWtAsHANHU XikjgYLaZRolSrbIYyKBd)
(DRIVE XikjgYLaZRolSrbIYyKBd XtItiZloipgPmLuONrNnZ)
(DRIVE XtItiZloipgPmLuONrNnZ XJKNUHFrXPStBWMuUOVkj)
(DROPOFF TA_XUMfDYlvFlUVuogMRkWNG XJKNUHFrXPStBWMuUOVkj)
(HOMESAFE TA_XUMfdylvfluvuogmrkwng XjKNUHFrXPStBWMuUOVkj)
(DRIVE XJKNUHFrXPStBWMuUOVkj XQFaSXENOfunmdZIBqDsS)
(DRIVE XQFaSXENOfunmdZIBqDsS XUMfDYlvFlUVuogMRkWNG)
(DROPOFF TA_XoUyBZvEHNPOWtAsHANHU XUMfDYlvFlUVuogMRkWNG)
(DRIVE XUMfDYlvFlUVuogMRkWNG XQFaSXENOfunmdZIBqDsS)
(DRIVE XQFaSXENOfunmdZIBqDsS XJKNUHFrXPStBWMuUOVkj)
(DRIVE XJKNUHFrXPStBWMuUOVkj XCCYBPFZgoOONzoEeTKzC)
(DROPOFF TA_XeqwycKZriorIAbsUBjxu XCCYBPFZgoOONzoEeTKzC)
(HOMESAFE TA_Xeqwyckzrioriabsubjxu XcCYBPFZgoOONzoEeTKzC)
(DRIVE XCCYBPFZgoOONzoEeTKzC XJKNUHFrXPStBWMuUOVkj)
(DRIVE XJKNUHFrXPStBWMuUOVkj XtItiZloipgPmLuONrNnZ)
(DRIVE XtItiZloipgPmLuONrNnZ XcAvnOxZJtanpVvcAxJHM)
(DROPOFF TA_XOWCblOtQanZakRLMqMxz XcAvnOxZJtanpVvcAxJHM)
(HOMESAFE TA_XOWCblotqanzakrlmqmxz XcAvnOxZJtanpVvcAxJHM)
(DRIVE XcAvnOxZJtanpVvcAxJHM XtItiZloipgPmLuONrNnZ)
(DRIVE XtItiZloipgPmLuONrNnZ XikjgYLaZRolSrbIYyKBd)
(DRIVE XikjgYLaZRolSrbIYyKBd XNBTlGJqSnWahMvuDlXAm)
(DROPOFF TA_XgUlgGYCPZjsRiFLqnVun XNBTlGJqSnWahMvuDlXAm)
(HOMESAFE TA_Xgulggycpzjsriflqnvun XnBTlGJqSnWahMvuDlXAm)
(DRIVE XNBTlGJqSnWahMvuDlXAm XhpQFeVriPZmwKZcYFAWN)
(DROPOFF TA_XPojKKQvEDmFOnJinujFi XhpQFeVriPZmwKZcYFAWN)
(DRIVE XhpQFeVriPZmwKZcYFAWN XNBTlGJqSnWahMvuDlXAm)
(WALK TA_XPojKKQvEDmFOnJinujFi XhpQFeVriPZmwKZcYFAWN XPojKKQvEDmFOnJinujFi)
(WALK TA_XoUyBZvEHNPOWtAsHANHU XUMfDYlvFlUVuogMRkWNG XlPMfQyVLDIZczBuDgsVQ)
(WALK TA_XPojKKQvEDmFOnJinujFi XPojKKQvEDmFOnJinujFi XDsLevMWgWFWOQXFMbaQy)
(WALK TA_XPojKKQvEDmFOnJinujFi XDsLevMWgWFWOQXFMbaQy XgUlgGYCPZjsRiFLqnVun)
(HOMESAFE TA_XPojkkqvedmfonjinujfi XgUlgGYCPZjsRiFLqnVun)
(DRIVE XNBTlGJqSnWahMvuDlXAm XhpQFeVriPZmwKZcYFAWN)
(DROPOFF TA_XCCYBPFZgoOONzoEeTKzC XhpQFeVriPZmwKZcYFAWN)
(DRIVE XhpQFeVriPZmwKZcYFAWN XNBTlGJqSnWahMvuDlXAm)
(WALK TA_XCCYBPFZgoOONzoEeTKzC XhpQFeVriPZmwKZcYFAWN XPojKKQvEDmFOnJinujFi)
(HOMESAFE TA_XCCYBPFZgooonzoeetkzc XpojKKQvEDmFOnJinujFi)
(DRIVE XNBTlGJqSnWahMvuDlXAm XhpQFeVriPZmwKZcYFAWN)
(DROPOFF TA_XCXrruomvXfADUrHxMwZi XhpQFeVriPZmwKZcYFAWN)
(HOMESAFE TA_XCXrruomvxfadurhxmwzi XhpQFeVriPZmwKZcYFAWN)
(DRIVE XhpQFeVriPZmwKZcYFAWN XNBTlGJqSnWahMvuDlXAm)
(DRIVE XNBTlGJqSnWahMvuDlXAm XCcspnGXfrmzZRWjdMjLd)
(DRIVE XCcspnGXfrmzZRWjdMjLd XCCYBPFZgoOONzoEeTKzC)
(DRIVE XCCYBPFZgoOONzoEeTKzC XMeohNnftDTzllMTGwxnG)
(DROPOFF TA_XQMnEKXGwZYUlreveNjwA XMeohNnftDTzllMTGwxnG)
(HOMESAFE TA_XQMnekxgwzyulrevenjwa XmeohNnftDTzllMTGwxnG)
(DRIVE XMeohNnftDTzllMTGwxnG XeqwycKZriorIAbsUBjxu)
(DROPOFF TA_XeWVKeYegIFOJxvfRkjek XeqwycKZriorIAbsUBjxu)
(HOMESAFE TA_Xewvkeyegifojxvfrkjek XeqwycKZriorIAbsUBjxu)
(DRIVE XeqwycKZriorIAbsUBjxu XtItiZloipgPmLuONrNnZ)
(DRIVE XtItiZloipgPmLuONrNnZ XikjgYLaZRolSrbIYyKBd)
(DRIVE XikjgYLaZRolSrbIYyKBd XCXrruomvXfADUrHxMwZi)
(DROPOFF TA_XIuNNJvHSmYKpVBzmzuJX XCXrruomvXfADUrHxMwZi)
(HOMESAFE TA_XIunnjvhsmykpvbzmzujx XcXrruomvXfADUrHxMwZi)
(DRIVE XCXrruomvXfADUrHxMwZi XikjgYLaZRolSrbIYyKBd)
(DRIVE XikjgYLaZRolSrbIYyKBd XoUyBZvEHNPOWtAsHANHU)
(DRIVE XoUyBZvEHNPOWtAsHANHU XeWGFHgdBASXJbxQbYrCG)
(DROPOFF TA_XoMKDNkBacLxexXKHqXfF XeWGFHgdBASXJbxQbYrCG)
(HOMESAFE TA_Xomkdnkbaclxexxkhqxff XeWGFHgdBASXJbxQbYrCG)
(DRIVE XeWGFHgdBASXJbxQbYrCG XoUyBZvEHNPOWtAsHANHU)
(DRIVE XoUyBZvEHNPOWtAsHANHU XikjgYLaZRolSrbIYyKBd)
(DRIVE XikjgYLaZRolSrbIYyKBd XNBTlGJqSnWahMvuDlXAm)
(DRIVE XNBTlGJqSnWahMvuDlXAm XCcspnGXfrmzZRWjdMjLd)
(WALK TA_XoUyBZvEHNPOWtAsHANHU XlPMfQyVLDIZczBuDgsVQ XUMfDYlvFlUVuogMRkWNG)
(DROPOFF TA_XCcspnGXfrmzZRWjdMjLd XCcspnGXfrmzZRWjdMjLd)
(HOMESAFE TA_XCcspngxfrmzzrwjdmjld XccspnGXfrmzZRWjdMjLd)
(DRIVE XCcspnGXfrmzZRWjdMjLd XoMKDNkBacLxexXKHqXfF)
(DROPOFF TA_XcAvnOxZJtanpVvcAxJHM XoMKDNkBacLxexXKHqXfF)
(HOMESAFE TA_Xcavnoxzjtanpvvcaxjhm XoMKDNkBacLxexXKHqXfF)
(DRIVE XoMKDNkBacLxexXKHqXfF XCcspnGXfrmzZRWjdMjLd)
(WALK TA_XoUyBZvEHNPOWtAsHANHU XUMfDYlvFlUVuogMRkWNG XlPMfQyVLDIZczBuDgsVQ)
(DRIVE XCcspnGXfrmzZRWjdMjLd XCCYBPFZgoOONzoEeTKzC)
(DRIVE XCCYBPFZgoOONzoEeTKzC XJKNUHFrXPStBWMuUOVkj)
(HOMESAFE TA_Xouybzvehnpowtashanhu XlPMfQyVLDIZczBuDgsVQ)
(DRIVE XJKNUHFrXPStBWMuUOVkj XQFaSXENOfunmdZIBqDsS)
(DRIVE XQFaSXENOfunmdZIBqDsS XUMfDYlvFlUVuogMRkWNG)
(DROPOFF TA_XNBTlGJqSnWahMvuDlXAm XUMfDYlvFlUVuogMRkWNG)
(HOMESAFE TA_XNBTlgjqsnwahmvudlxam XuMfDYlvFlUVuogMRkWNG)
(DRIVE XUMfDYlvFlUVuogMRkWNG XQFaSXENOfunmdZIBqDsS)
(DRIVE XQFaSXENOfunmdZIBqDsS XeWVKeYegIFOJxvfRkjek)
(DROPOFF TA_XznYRMYifzQwyixuIXDnz XeWVKeYegIFOJxvfRkjek)
(HOMESAFE TA_Xznyrmyifzqwyixuixdnz XeWVKeYegIFOJxvfRkjek)
(DRIVE XeWVKeYegIFOJxvfRkjek XJKNUHFrXPStBWMuUOVkj)
(DRIVE XJKNUHFrXPStBWMuUOVkj XtItiZloipgPmLuONrNnZ)
(DRIVE XtItiZloipgPmLuONrNnZ XikjgYLaZRolSrbIYyKBd)
(DRIVE XikjgYLaZRolSrbIYyKBd XNBTlGJqSnWahMvuDlXAm)
(DRIVE XNBTlGJqSnWahMvuDlXAm XrqqedkokePZFdhDbMNpX)
(DRIVE XrqqedkokePZFdhDbMNpX XIUJDEWwYxhQimsCqnrFH)
(DROPOFF TA_XNVPacTSrBMpDkMBotiWB XIUJDEWwYxhQimsCqnrFH)
(DRIVE XIUJDEWwYxhQimsCqnrFH XrqqedkokePZFdhDbMNpX)
(DRIVE XrqqedkokePZFdhDbMNpX XCcspnGXfrmzZRWjdMjLd)
(DRIVE XCcspnGXfrmzZRWjdMjLd XYIofCjSpfjMZYcwDVdpu)
(DRIVE XYIofCjSpfjMZYcwDVdpu XhNRcEeFjmsmOnuOdNAXl)
(DROPOFF TA_XeWGFHgdBASXJbxQbYrCG XhNRcEeFjmsmOnuOdNAXl)
(HOMESAFE TA_Xewgfhgdbasxjbxqbyrcg XhNRcEeFjmsmOnuOdNAXl)
(DRIVE XhNRcEeFjmsmOnuOdNAXl XeWGFHgdBASXJbxQbYrCG)
(DRIVE XeWGFHgdBASXJbxQbYrCG XoUyBZvEHNPOWtAsHANHU)
(HOMESAFE TA_XNVPactsrbmpdkmbotiwb XiUJDEWwYxhQimsCqnrFH)
(DRIVE XoUyBZvEHNPOWtAsHANHU XJGmrlhNqKarRJZMikIzR)
(DRIVE XJGmrlhNqKarRJZMikIzR XfDAbzsYfiXDxOIsITcQl)
(DRIVE XfDAbzsYfiXDxOIsITcQl XNVPacTSrBMpDkMBotiWB)
(DROPOFF TA_XIUJDEWwYxhQimsCqnrFH XNVPacTSrBMpDkMBotiWB)
(HOMESAFE TA_XIUJDEWwyxhqimscqnrfh XnVPacTSrBMpDkMBotiWB)
(DRIVE XNVPacTSrBMpDkMBotiWB XfDAbzsYfiXDxOIsITcQl)
(DRIVE XfDAbzsYfiXDxOIsITcQl XIuNNJvHSmYKpVBzmzuJX)
(DROPOFF TA_XlPMfQyVLDIZczBuDgsVQ XIuNNJvHSmYKpVBzmzuJX)
(HOMESAFE TA_Xlpmfqyvldizczbudgsvq XiuNNJvHSmYKpVBzmzuJX)
(DRIVE XIuNNJvHSmYKpVBzmzuJX XrqqedkokePZFdhDbMNpX)
(DRIVE XrqqedkokePZFdhDbMNpX XhpQFeVriPZmwKZcYFAWN)
(DRIVE XhpQFeVriPZmwKZcYFAWN XUgaWwXBplvlUJzfeuZdN)
(DRIVE XUgaWwXBplvlUJzfeuZdN XeqwycKZriorIAbsUBjxu)
(DRIVE XeqwycKZriorIAbsUBjxu XVVzvLIOwARaWwhQTKPrx)
(DROPOFF TA_XMeohNnftDTzllMTGwxnG XVVzvLIOwARaWwhQTKPrx)
(WALK TA_XMeohNnftDTzllMTGwxnG XVVzvLIOwARaWwhQTKPrx XOWCblOtQanZakRLMqMxz)
(DROPOFF TA_XJKNUHFrXPStBWMuUOVkj XVVzvLIOwARaWwhQTKPrx)
(HOMESAFE TA_XJKNUHFrxpstbwmuuovkj XvVzvLIOwARaWwhQTKPrx)
(DRIVE XVVzvLIOwARaWwhQTKPrx XeqwycKZriorIAbsUBjxu)
(DRIVE XeqwycKZriorIAbsUBjxu XUgaWwXBplvlUJzfeuZdN)
(DRIVE XUgaWwXBplvlUJzfeuZdN XQMnEKXGwZYUlreveNjwA)
(HOMESAFE TA_XMeohnnftdtzllmtgwxng XoWCblOtQanZakRLMqMxz)
(DROPOFF TA_XhNRcEeFjmsmOnuOdNAXl XQMnEKXGwZYUlreveNjwA)
(HOMESAFE TA_Xhnrceefjmsmonuodnaxl XqMnEKXGwZYUlreveNjwA)
(DRIVE XQMnEKXGwZYUlreveNjwA XXZRBuctXhYPbWardFSZS)
(DRIVE XXZRBuctXhYPbWardFSZS XCcspnGXfrmzZRWjdMjLd)
(DRIVE XCcspnGXfrmzZRWjdMjLd XrqqedkokePZFdhDbMNpX)
(DRIVE XrqqedkokePZFdhDbMNpX XIuNNJvHSmYKpVBzmzuJX)
(DRIVE XIuNNJvHSmYKpVBzmzuJX XznYRMYifzQwyixuIXDnz)
(DROPOFF TA_XVVzvLIOwARaWwhQTKPrx XznYRMYifzQwyixuIXDnz)
(HOMESAFE TA_XVVzvliowarawwhqtkprx XznYRMYifzQwyixuIXDnz)
(DRIVE XznYRMYifzQwyixuIXDnz XIuNNJvHSmYKpVBzmzuJX)
(DRIVE XIuNNJvHSmYKpVBzmzuJX XfDAbzsYfiXDxOIsITcQl)
(DRIVE XfDAbzsYfiXDxOIsITcQl XJGmrlhNqKarRJZMikIzR)
(DRIVE XJGmrlhNqKarRJZMikIzR XoUyBZvEHNPOWtAsHANHU)
