(DRIVE XA XB)
(DRIVE XB XhC)
(DROPOFF TA_XhCG XhC)
(HOMESAFE TA_Xhcg XhC)
(DRIVE XhC XB)
(DRIVE XB XhJ)
(DROPOFF TA_XhCF XhJ)
(HOMESAFE TA_Xhcf XhJ)
(DRIVE XhJ XhI)
(DROPOFF TA_XhCD XhI)
(HOMESAFE TA_Xhcd XhI)
(DRIVE XhI XhJ)
(DRIVE XhJ XN)
(DRIVE XN XhO)
(DROPOFF TA_XhBX XhO)
(DRIVE XhO XN)
(WALK TA_XhBX XhO XhP)
(HOMESAFE TA_Xhbx XhP)
(DRIVE XN XhO)
(DROPOFF TA_XhBT XhO)
(DRIVE XhO XN)
(HOMESAFE TA_Xhbt XhO)
(DRIVE XN XT)
(DRIVE XT XhS)
(DROPOFF TA_XhBS XhS)
(DRIVE XhS XT)
(WALK TA_XhBS XhS XhR)
(HOMESAFE TA_Xhbs XhR)
(DRIVE XT XAB)
(DRIVE XAB XhAA)
(DROPOFF TA_XhBR XhAA)
(HOMESAFE TA_Xhbr XhAA)
(DRIVE XhAA XAB)
(DRIVE XAB XT)
(DRIVE XT XhS)
(DROPOFF TA_XhBQ XhS)
(HOMESAFE TA_Xhbq XhS)
(DRIVE XhS XT)
(DRIVE XT XU)
(DRIVE XU XhV)
(DROPOFF TA_XhBG XhV)
(DRIVE XhV XU)
(DRIVE XU XT)
(DRIVE XT XAB)
(DRIVE XAB XAK)
(DRIVE XAK XhAL)
(DROPOFF TA_XhBE XhAL)
(DRIVE XhAL XAK)
(WALK TA_XhBE XhAL XAM)
(WALK TA_XhBE XAM XhAN)
(HOMESAFE TA_Xhbe XhAN)
(DRIVE XAK XhAL)
(DROPOFF TA_XhBC XhAL)
(HOMESAFE TA_Xhbc XhAL)
(DRIVE XhAL XAK)
(DRIVE XAK XhAR)
(DROPOFF TA_XhAZ XhAR)
(HOMESAFE TA_Xhaz XhAR)
(DRIVE XhAR XBA)
(DRIVE XBA XhAZ)
(DROPOFF TA_XhAR XhAZ)
(HOMESAFE TA_Xhar XhAZ)
(DRIVE XhAZ XBA)
(DRIVE XBA XBB)
(DRIVE XBB XhBC)
(DROPOFF TA_XhAN XhBC)
(DRIVE XhBC XBB)
(DRIVE XBB XBA)
(WALK TA_XhAN XhBC XBD)
(WALK TA_XhAN XBD XhBE)
(HOMESAFE TA_Xhan XhBE)
(DRIVE XBA XBB)
(DRIVE XBB XhBC)
(DROPOFF TA_XhAL XhBC)
(HOMESAFE TA_Xhal XhBC)
(DRIVE XhBC XBB)
(DRIVE XBB XBA)
(DRIVE XBA XBL)
(DRIVE XBL XBU)
(DRIVE XBU XhBT)
(DROPOFF TA_XhAH XhBT)
(HOMESAFE TA_Xhah XhBT)
(DRIVE XhBT XhBS)
(DROPOFF TA_XhAA XhBS)
(DRIVE XhBS XhBT)
(DRIVE XhBT XBU)
(DRIVE XBU XCA)
(DRIVE XCA XCE)
(DRIVE XCE XhCG)
(DROPOFF TA_XhW XhCG)
(HOMESAFE TA_Xhw XhCG)
(DRIVE XhCG XCE)
(DRIVE XCE XhCD)
(DROPOFF TA_XhS XhCD)
(HOMESAFE TA_Xhs XhCD)
(DRIVE XhCD XCE)
(DRIVE XCE XhCF)
(DROPOFF TA_XhR XhCF)
(HOMESAFE TA_Xhr XhCF)
(DRIVE XhCF XCE)
(DRIVE XCE XCA)
(DRIVE XCA XBU)
(DRIVE XBU XBV)
(DRIVE XBV XBW)
(DRIVE XBW XhBX)
(DROPOFF TA_XhV XhBX)
(HOMESAFE TA_Xhv XhBX)
(DRIVE XhBX XBW)
(DRIVE XBW XBV)
(DRIVE XBV XBU)
(WALK TA_XhAA XhBS XhBR)
(HOMESAFE TA_Xhaa XhBR)
(DRIVE XBU XhBT)
(DRIVE XhBT XhBS)
(DROPOFF TA_XhP XhBS)
(HOMESAFE TA_Xhp XhBS)
(DRIVE XhBS XhBT)
(DRIVE XhBT XBU)
(DRIVE XBU XBL)
(DRIVE XBL XBM)
(DRIVE XBM XBN)
(DRIVE XBN XBO)
(DRIVE XBO XBP)
(WALK TA_XhBG XhV XhW)
(HOMESAFE TA_Xhbg XhW)
(DRIVE XBP XhBQ)
(DROPOFF TA_XhO XhBQ)
(DRIVE XhBQ XBP)
(DRIVE XBP XBO)
(DRIVE XBO XBN)
(DRIVE XBN XBM)
(DRIVE XBM XBL)
(HOMESAFE TA_Xho XhBQ)
(DRIVE XBL XBK)
(DRIVE XBK XBJ)
(DRIVE XBJ XBI)
(DRIVE XBI XBH)
(DRIVE XBH XhBG)
(DROPOFF TA_XhJ XhBG)
(DRIVE XhBG XBH)
(DRIVE XBH XBI)
(DRIVE XBI XBJ)
(DRIVE XBJ XBK)
(DRIVE XBK XBL)
(HOMESAFE TA_Xhj XhBG)
(DRIVE XBL XBA)
(DRIVE XBA XhAR)
(DRIVE XhAR XAK)
(DRIVE XAK XAJ)
(DRIVE XAJ XAI)
(DRIVE XAI XhAH)
(DROPOFF TA_XhI XhAH)
(DRIVE XhAH XAI)
(DRIVE XAI XAJ)
(DRIVE XAJ XAK)
(DRIVE XAK XAB)
(DRIVE XAB XT)
(HOMESAFE TA_Xhi XhAH)
(DRIVE XT XU)
(DRIVE XU XhV)
(DROPOFF TA_XhC XhV)
(HOMESAFE TA_Xhc XhV)
(DRIVE XhV XU)
(DRIVE XU XT)
(DRIVE XT XN)
(DRIVE XN XhJ)
(DRIVE XhJ XB)
(DRIVE XB XA)
