(DROPOFF TA_Xf50h Xa1)
(WALK TA_Xf50h Xa1 Xa21h)
(HOMESAFE TA_Xf50h Xa21h)
(DROPOFF TA_Xf49h Xa1)
(WALK TA_Xf49h Xa1 Xg1)
(WALK TA_Xf49h Xg1 Xb1h)
(HOMESAFE TA_Xf49h Xb1h)
(DROPOFF TA_Xf48h Xa1)
(WALK TA_Xf48h Xa1 Xg1)
(WALK TA_Xf48h Xg1 Xg2)
(WALK TA_Xf48h Xg2 Xf1h)
(HOMESAFE TA_Xf48h Xf1h)
(DROPOFF TA_Xf41h Xa1)
(WALK TA_Xf41h Xa1 Xg1)
(WALK TA_Xf41h Xg1 Xg2)
(WALK TA_Xf41h Xg2 Xd1)
(WALK TA_Xf41h Xd1 Xd8h)
(HOMESAFE TA_Xf41h Xd8h)
(DROPOFF TA_Xf23h Xa1)
(WALK TA_Xf23h Xa1 Xg1)
(WALK TA_Xf23h Xg1 Xg2)
(WALK TA_Xf23h Xg2 Xf1h)
(WALK TA_Xf23h Xf1h Xf18)
(WALK TA_Xf23h Xf18 Xf19h)
(HOMESAFE TA_Xf23h Xf19h)
(DROPOFF TA_Xf19h Xa1)
(WALK TA_Xf19h Xa1 Xg1)
(WALK TA_Xf19h Xg1 Xg2)
(WALK TA_Xf19h Xg2 Xf1h)
(WALK TA_Xf19h Xf1h Xf2)
(WALK TA_Xf19h Xf2 Xf3h)
(HOMESAFE TA_Xf19h Xf3h)
(DROPOFF TA_Xf30h Xa1)
(WALK TA_Xf30h Xa1 Xg1)
(WALK TA_Xf30h Xg1 Xg2)
(WALK TA_Xf30h Xg2 Xe1)
(WALK TA_Xf30h Xe1 Xe2)
(WALK TA_Xf30h Xe2 Xe4h)
(HOMESAFE TA_Xf30h Xe4h)
(DROPOFF TA_Xf11h Xa1)
(WALK TA_Xf11h Xa1 Xg1)
(WALK TA_Xf11h Xg1 Xg2)
(WALK TA_Xf11h Xg2 Xf1h)
(WALK TA_Xf11h Xf1h Xf8)
(WALK TA_Xf11h Xf8 Xf9h)
(HOMESAFE TA_Xf11h Xf9h)
(DROPOFF TA_Xf32h Xa1)
(WALK TA_Xf32h Xa1 Xg1)
(WALK TA_Xf32h Xg1 Xg2)
(WALK TA_Xf32h Xg2 Xf1h)
(WALK TA_Xf32h Xf1h Xf6)
(WALK TA_Xf32h Xf6 Xf7h)
(HOMESAFE TA_Xf32h Xf7h)
(DROPOFF TA_Xb5h Xa1)
(WALK TA_Xb5h Xa1 Xg1)
(WALK TA_Xb5h Xg1 Xg2)
(WALK TA_Xb5h Xg2 Xf1h)
(WALK TA_Xb5h Xf1h Xf16)
(WALK TA_Xb5h Xf16 Xf17h)
(HOMESAFE TA_Xb5h Xf17h)
(DROPOFF TA_Xb10h Xa1)
(WALK TA_Xb10h Xa1 Xg1)
(WALK TA_Xb10h Xg1 Xb1h)
(WALK TA_Xb10h Xb1h Xb15)
(WALK TA_Xb10h Xb15 Xb3)
(WALK TA_Xb10h Xb3 Xb5h)
(HOMESAFE TA_Xb10h Xb5h)
(DROPOFF TA_Xa21h Xa1)
(WALK TA_Xa21h Xa1 Xg1)
(WALK TA_Xa21h Xg1 Xg2)
(WALK TA_Xa21h Xg2 Xf1h)
(WALK TA_Xa21h Xf1h Xf4)
(WALK TA_Xa21h Xf4 Xf5h)
(HOMESAFE TA_Xa21h Xf5h)
(DROPOFF TA_Xf31h Xa1)
(WALK TA_Xf31h Xa1 Xg1)
(WALK TA_Xf31h Xg1 Xg2)
(WALK TA_Xf31h Xg2 Xf1h)
(WALK TA_Xf31h Xf1h Xf12)
(WALK TA_Xf31h Xf12 Xf13h)
(HOMESAFE TA_Xf31h Xf13h)
(DROPOFF TA_Xf53h Xa1)
(WALK TA_Xf53h Xa1 Xg1)
(WALK TA_Xf53h Xg1 Xg2)
(WALK TA_Xf53h Xg2 Xf1h)
(WALK TA_Xf53h Xf1h Xf10)
(WALK TA_Xf53h Xf10 Xf11h)
(HOMESAFE TA_Xf53h Xf11h)
(DROPOFF TA_Xf43h Xa1)
(WALK TA_Xf43h Xa1 Xg1)
(WALK TA_Xf43h Xg1 Xg2)
(WALK TA_Xf43h Xg2 Xf1h)
(WALK TA_Xf43h Xf1h Xf20)
(WALK TA_Xf43h Xf20 Xf21h)
(HOMESAFE TA_Xf43h Xf21h)
(DROPOFF TA_Xf45h Xa1)
(WALK TA_Xf45h Xa1 Xg1)
(WALK TA_Xf45h Xg1 Xb1h)
(WALK TA_Xf45h Xb1h Xb15)
(WALK TA_Xf45h Xb15 Xb3)
(WALK TA_Xf45h Xb3 Xb4h)
(HOMESAFE TA_Xf45h Xb4h)
(DROPOFF TA_Xf33h Xa1)
(WALK TA_Xf33h Xa1 Xg1)
(WALK TA_Xf33h Xg1 Xg2)
(WALK TA_Xf33h Xg2 Xf1h)
(WALK TA_Xf33h Xf1h Xf14)
(WALK TA_Xf33h Xf14 Xf15h)
(HOMESAFE TA_Xf33h Xf15h)
(DROPOFF TA_Xe6h Xa1)
(WALK TA_Xe6h Xa1 Xg1)
(WALK TA_Xe6h Xg1 Xg2)
(WALK TA_Xe6h Xg2 Xf1h)
(WALK TA_Xe6h Xf1h Xf20)
(WALK TA_Xe6h Xf20 Xf21h)
(WALK TA_Xe6h Xf21h Xf56h)
(HOMESAFE TA_Xe6h Xf56h)
(DROPOFF TA_Xc13h Xa1)
(WALK TA_Xc13h Xa1 Xg1)
(WALK TA_Xc13h Xg1 Xg2)
(WALK TA_Xc13h Xg2 Xf1h)
(WALK TA_Xc13h Xf1h Xf20)
(WALK TA_Xc13h Xf20 Xf21h)
(WALK TA_Xc13h Xf21h Xf34h)
(HOMESAFE TA_Xc13h Xf34h)
(DROPOFF TA_Xf61h Xa1)
(WALK TA_Xf61h Xa1 Xg1)
(WALK TA_Xf61h Xg1 Xb1h)
(WALK TA_Xf61h Xb1h Xb15)
(WALK TA_Xf61h Xb15 Xb3)
(WALK TA_Xf61h Xb3 Xb11)
(WALK TA_Xf61h Xb11 Xb10h)
(HOMESAFE TA_Xf61h Xb10h)
(DROPOFF TA_Xc17h Xa1)
(WALK TA_Xc17h Xa1 Xg1)
(WALK TA_Xc17h Xg1 Xg2)
(WALK TA_Xc17h Xg2 Xf1h)
(WALK TA_Xc17h Xf1h Xf20)
(WALK TA_Xc17h Xf20 Xf21h)
(WALK TA_Xc17h Xf21h Xf44h)
(HOMESAFE TA_Xc17h Xf44h)
(DROPOFF TA_Xf17h Xa1)
(WALK TA_Xf17h Xa1 Xg1)
(WALK TA_Xf17h Xg1 Xg2)
(WALK TA_Xf17h Xg2 Xf1h)
(WALK TA_Xf17h Xf1h Xf20)
(WALK TA_Xf17h Xf20 Xf21h)
(WALK TA_Xf17h Xf21h Xf54h)
(HOMESAFE TA_Xf17h Xf54h)
(DROPOFF TA_Xf52h Xa1)
(WALK TA_Xf52h Xa1 Xg1)
(WALK TA_Xf52h Xg1 Xg2)
(WALK TA_Xf52h Xg2 Xe1)
(WALK TA_Xf52h Xe1 Xe7)
(WALK TA_Xf52h Xe7 Xe5)
(WALK TA_Xf52h Xe5 Xe6h)
(HOMESAFE TA_Xf52h Xe6h)
(DROPOFF TA_Xf15h Xa1)
(WALK TA_Xf15h Xa1 Xg1)
(WALK TA_Xf15h Xg1 Xg2)
(WALK TA_Xf15h Xg2 Xf1h)
(WALK TA_Xf15h Xf1h Xf20)
(WALK TA_Xf15h Xf20 Xf21h)
(WALK TA_Xf15h Xf21h Xf42h)
(HOMESAFE TA_Xf15h Xf42h)
(DROPOFF TA_Xb7h Xa1)
(WALK TA_Xb7h Xa1 Xg1)
(WALK TA_Xb7h Xg1 Xg2)
(WALK TA_Xb7h Xg2 Xf1h)
(WALK TA_Xb7h Xf1h Xf20)
(WALK TA_Xb7h Xf20 Xf21h)
(WALK TA_Xb7h Xf21h Xf50h)
(HOMESAFE TA_Xb7h Xf50h)
(DROPOFF TA_Xd13h Xa1)
(WALK TA_Xd13h Xa1 Xg1)
(WALK TA_Xd13h Xg1 Xg2)
(WALK TA_Xd13h Xg2 Xf1h)
(WALK TA_Xd13h Xf1h Xf20)
(WALK TA_Xd13h Xf20 Xf21h)
(WALK TA_Xd13h Xf21h Xf32h)
(HOMESAFE TA_Xd13h Xf32h)
(DROPOFF TA_Xf9h Xa1)
(WALK TA_Xf9h Xa1 Xg1)
(WALK TA_Xf9h Xg1 Xg2)
(WALK TA_Xf9h Xg2 Xf1h)
(WALK TA_Xf9h Xf1h Xf20)
(WALK TA_Xf9h Xf20 Xf21h)
(WALK TA_Xf9h Xf21h Xf26h)
(HOMESAFE TA_Xf9h Xf26h)
(DROPOFF TA_Xf40h Xa1)
(WALK TA_Xf40h Xa1 Xg1)
(WALK TA_Xf40h Xg1 Xg2)
(WALK TA_Xf40h Xg2 Xf1h)
(WALK TA_Xf40h Xf1h Xf20)
(WALK TA_Xf40h Xf20 Xf21h)
(WALK TA_Xf40h Xf21h Xf60h)
(HOMESAFE TA_Xf40h Xf60h)
(DROPOFF TA_Xf35h Xa1)
(WALK TA_Xf35h Xa1 Xg1)
(WALK TA_Xf35h Xg1 Xb1h)
(WALK TA_Xf35h Xb1h Xb15)
(WALK TA_Xf35h Xb15 Xb3)
(WALK TA_Xf35h Xb3 Xb6)
(WALK TA_Xf35h Xb6 Xb7h)
(HOMESAFE TA_Xf35h Xb7h)
(DROPOFF TA_Xb1h Xa1)
(WALK TA_Xb1h Xa1 Xg1)
(WALK TA_Xb1h Xg1 Xg2)
(WALK TA_Xb1h Xg2 Xf1h)
(WALK TA_Xb1h Xf1h Xf20)
(WALK TA_Xb1h Xf20 Xf21h)
(WALK TA_Xb1h Xf21h Xf28h)
(HOMESAFE TA_Xb1h Xf28h)
(DROPOFF TA_Xf27h Xa1)
(WALK TA_Xf27h Xa1 Xg1)
(WALK TA_Xf27h Xg1 Xg2)
(WALK TA_Xf27h Xg2 Xf1h)
(WALK TA_Xf27h Xf1h Xf20)
(WALK TA_Xf27h Xf20 Xf21h)
(WALK TA_Xf27h Xf21h Xf36h)
(HOMESAFE TA_Xf27h Xf36h)
(DROPOFF TA_Xf60h Xa1)
(WALK TA_Xf60h Xa1 Xg1)
(WALK TA_Xf60h Xg1 Xg2)
(WALK TA_Xf60h Xg2 Xf1h)
(WALK TA_Xf60h Xf1h Xf20)
(WALK TA_Xf60h Xf20 Xf21h)
(WALK TA_Xf60h Xf21h Xf52h)
(HOMESAFE TA_Xf60h Xf52h)
(DROPOFF TA_Xf55h Xa1)
(WALK TA_Xf55h Xa1 Xg1)
(WALK TA_Xf55h Xg1 Xg2)
(WALK TA_Xf55h Xg2 Xf1h)
(WALK TA_Xf55h Xf1h Xf20)
(WALK TA_Xf55h Xf20 Xf21h)
(WALK TA_Xf55h Xf21h Xf40h)
(HOMESAFE TA_Xf55h Xf40h)
(DROPOFF TA_Xc15h Xa1)
(WALK TA_Xc15h Xa1 Xg1)
(WALK TA_Xc15h Xg1 Xg2)
(WALK TA_Xc15h Xg2 Xf1h)
(WALK TA_Xc15h Xf1h Xf20)
(WALK TA_Xc15h Xf20 Xf21h)
(WALK TA_Xc15h Xf21h Xf30h)
(HOMESAFE TA_Xc15h Xf30h)
(DROPOFF TA_Xf3h Xa1)
(WALK TA_Xf3h Xa1 Xg1)
(WALK TA_Xf3h Xg1 Xg2)
(WALK TA_Xf3h Xg2 Xf1h)
(WALK TA_Xf3h Xf1h Xf20)
(WALK TA_Xf3h Xf20 Xf21h)
(WALK TA_Xf3h Xf21h Xf38h)
(HOMESAFE TA_Xf3h Xf38h)
(DROPOFF TA_Xb4h Xa1)
(WALK TA_Xb4h Xa1 Xg1)
(WALK TA_Xb4h Xg1 Xg2)
(WALK TA_Xb4h Xg2 Xf1h)
(WALK TA_Xb4h Xf1h Xf20)
(WALK TA_Xb4h Xf20 Xf21h)
(WALK TA_Xb4h Xf21h Xf22h)
(HOMESAFE TA_Xb4h Xf22h)
(DROPOFF TA_Xf36h Xa1)
(WALK TA_Xf36h Xa1 Xg1)
(WALK TA_Xf36h Xg1 Xg2)
(WALK TA_Xf36h Xg2 Xf1h)
(WALK TA_Xf36h Xf1h Xf20)
(WALK TA_Xf36h Xf20 Xf21h)
(WALK TA_Xf36h Xf21h Xf24h)
(HOMESAFE TA_Xf36h Xf24h)
(DROPOFF TA_Xf1h Xa1)
(WALK TA_Xf1h Xa1 Xg1)
(WALK TA_Xf1h Xg1 Xg2)
(WALK TA_Xf1h Xg2 Xf1h)
(WALK TA_Xf1h Xf1h Xf20)
(WALK TA_Xf1h Xf20 Xf21h)
(WALK TA_Xf1h Xf21h Xf48h)
(HOMESAFE TA_Xf1h Xf48h)
(DROPOFF TA_Xf42h Xa1)
(WALK TA_Xf42h Xa1 Xg1)
(WALK TA_Xf42h Xg1 Xg2)
(WALK TA_Xf42h Xg2 Xf1h)
(WALK TA_Xf42h Xf1h Xf20)
(WALK TA_Xf42h Xf20 Xf21h)
(WALK TA_Xf42h Xf21h Xf58h)
(HOMESAFE TA_Xf42h Xf58h)
(DROPOFF TA_Xe4h Xa1)
(WALK TA_Xe4h Xa1 Xg1)
(WALK TA_Xe4h Xg1 Xg2)
(WALK TA_Xe4h Xg2 Xf1h)
(WALK TA_Xe4h Xf1h Xf20)
(WALK TA_Xe4h Xf20 Xf21h)
(WALK TA_Xe4h Xf21h Xf46h)
(HOMESAFE TA_Xe4h Xf46h)
(DROPOFF TA_Xf34h Xa1)
(WALK TA_Xf34h Xa1 Xg1)
(WALK TA_Xf34h Xg1 Xb1h)
(WALK TA_Xf34h Xb1h Xb15)
(WALK TA_Xf34h Xb15 Xb3)
(WALK TA_Xf34h Xb3 Xb14)
(WALK TA_Xf34h Xb14 Xb13h)
(HOMESAFE TA_Xf34h Xb13h)
(DROPOFF TA_Xf58h Xa1)
(WALK TA_Xf58h Xa1 Xg1)
(WALK TA_Xf58h Xg1 Xg2)
(WALK TA_Xf58h Xg2 Xf1h)
(WALK TA_Xf58h Xf1h Xf20)
(WALK TA_Xf58h Xf20 Xf21h)
(WALK TA_Xf58h Xf21h Xf26h)
(WALK TA_Xf58h Xf26h Xf27h)
(HOMESAFE TA_Xf58h Xf27h)
(DROPOFF TA_Xc19h Xa1)
(WALK TA_Xc19h Xa1 Xg1)
(WALK TA_Xc19h Xg1 Xg2)
(WALK TA_Xc19h Xg2 Xf1h)
(WALK TA_Xc19h Xf1h Xf20)
(WALK TA_Xc19h Xf20 Xf21h)
(WALK TA_Xc19h Xf21h Xf58h)
(WALK TA_Xc19h Xf58h Xf59h)
(HOMESAFE TA_Xc19h Xf59h)
(DROPOFF TA_Xf26h Xa1)
(WALK TA_Xf26h Xa1 Xg1)
(WALK TA_Xf26h Xg1 Xg2)
(WALK TA_Xf26h Xg2 Xf1h)
(WALK TA_Xf26h Xf1h Xf20)
(WALK TA_Xf26h Xf20 Xf21h)
(WALK TA_Xf26h Xf21h Xf48h)
(WALK TA_Xf26h Xf48h Xf49h)
(HOMESAFE TA_Xf26h Xf49h)
(DROPOFF TA_Xf38h Xa1)
(WALK TA_Xf38h Xa1 Xg1)
(WALK TA_Xf38h Xg1 Xg2)
(WALK TA_Xf38h Xg2 Xf1h)
(WALK TA_Xf38h Xf1h Xf20)
(WALK TA_Xf38h Xf20 Xf21h)
(WALK TA_Xf38h Xf21h Xf40h)
(WALK TA_Xf38h Xf40h Xf41h)
(HOMESAFE TA_Xf38h Xf41h)
(DROPOFF TA_Xf47h Xa1)
(WALK TA_Xf47h Xa1 Xg1)
(WALK TA_Xf47h Xg1 Xg2)
(WALK TA_Xf47h Xg2 Xf1h)
(WALK TA_Xf47h Xf1h Xf20)
(WALK TA_Xf47h Xf20 Xf21h)
(WALK TA_Xf47h Xf21h Xf28h)
(WALK TA_Xf47h Xf28h Xf29h)
(HOMESAFE TA_Xf47h Xf29h)
(DROPOFF TA_Xc11h Xa1)
(WALK TA_Xc11h Xa1 Xg1)
(WALK TA_Xc11h Xg1 Xg2)
(WALK TA_Xc11h Xg2 Xf1h)
(WALK TA_Xc11h Xf1h Xf20)
(WALK TA_Xc11h Xf20 Xf21h)
(WALK TA_Xc11h Xf21h Xf44h)
(WALK TA_Xc11h Xf44h Xf45h)
(HOMESAFE TA_Xc11h Xf45h)
(DROPOFF TA_Xf51h Xa1)
(WALK TA_Xf51h Xa1 Xg1)
(WALK TA_Xf51h Xg1 Xg2)
(WALK TA_Xf51h Xg2 Xf1h)
(WALK TA_Xf51h Xf1h Xf20)
(WALK TA_Xf51h Xf20 Xf21h)
(WALK TA_Xf51h Xf21h Xf22h)
(WALK TA_Xf51h Xf22h Xf23h)
(HOMESAFE TA_Xf51h Xf23h)
(DROPOFF TA_Xf7h Xa1)
(WALK TA_Xf7h Xa1 Xg1)
(WALK TA_Xf7h Xg1 Xg2)
(WALK TA_Xf7h Xg2 Xf1h)
(WALK TA_Xf7h Xf1h Xf20)
(WALK TA_Xf7h Xf20 Xf21h)
(WALK TA_Xf7h Xf21h Xf36h)
(WALK TA_Xf7h Xf36h Xf37h)
(HOMESAFE TA_Xf7h Xf37h)
(DROPOFF TA_Xf57h Xa1)
(WALK TA_Xf57h Xa1 Xg1)
(WALK TA_Xf57h Xg1 Xg2)
(WALK TA_Xf57h Xg2 Xf1h)
(WALK TA_Xf57h Xf1h Xf20)
(WALK TA_Xf57h Xf20 Xf21h)
(WALK TA_Xf57h Xf21h Xf56h)
(WALK TA_Xf57h Xf56h Xf57h)
(HOMESAFE TA_Xf57h Xf57h)
(DROPOFF TA_Xf25h Xa1)
(WALK TA_Xf25h Xa1 Xg1)
(WALK TA_Xf25h Xg1 Xg2)
(WALK TA_Xf25h Xg2 Xf1h)
(WALK TA_Xf25h Xf1h Xf20)
(WALK TA_Xf25h Xf20 Xf21h)
(WALK TA_Xf25h Xf21h Xf50h)
(WALK TA_Xf25h Xf50h Xf51h)
(HOMESAFE TA_Xf25h Xf51h)
(DROPOFF TA_Xf5h Xa1)
(WALK TA_Xf5h Xa1 Xg1)
(WALK TA_Xf5h Xg1 Xg2)
(WALK TA_Xf5h Xg2 Xf1h)
(WALK TA_Xf5h Xf1h Xf20)
(WALK TA_Xf5h Xf20 Xf21h)
(WALK TA_Xf5h Xf21h Xf60h)
(WALK TA_Xf5h Xf60h Xf61h)
(HOMESAFE TA_Xf5h Xf61h)
(DROPOFF TA_Xd8h Xa1)
(WALK TA_Xd8h Xa1 Xg1)
(WALK TA_Xd8h Xg1 Xg2)
(WALK TA_Xd8h Xg2 Xf1h)
(WALK TA_Xd8h Xf1h Xf20)
(WALK TA_Xd8h Xf20 Xf21h)
(WALK TA_Xd8h Xf21h Xf46h)
(WALK TA_Xd8h Xf46h Xf47h)
(HOMESAFE TA_Xd8h Xf47h)
(DROPOFF TA_Xf22h Xa1)
(WALK TA_Xf22h Xa1 Xg1)
(WALK TA_Xf22h Xg1 Xg2)
(WALK TA_Xf22h Xg2 Xf1h)
(WALK TA_Xf22h Xf1h Xf20)
(WALK TA_Xf22h Xf20 Xf21h)
(WALK TA_Xf22h Xf21h Xf24h)
(WALK TA_Xf22h Xf24h Xf25h)
(HOMESAFE TA_Xf22h Xf25h)
(DROPOFF TA_Xf28h Xa1)
(WALK TA_Xf28h Xa1 Xg1)
(WALK TA_Xf28h Xg1 Xg2)
(WALK TA_Xf28h Xg2 Xf1h)
(WALK TA_Xf28h Xf1h Xf20)
(WALK TA_Xf28h Xf20 Xf21h)
(WALK TA_Xf28h Xf21h Xf52h)
(WALK TA_Xf28h Xf52h Xf53h)
(HOMESAFE TA_Xf28h Xf53h)
(DROPOFF TA_Xb13h Xa1)
(WALK TA_Xb13h Xa1 Xg1)
(WALK TA_Xb13h Xg1 Xg2)
(WALK TA_Xb13h Xg2 Xc1)
(WALK TA_Xb13h Xc1 Xc2)
(WALK TA_Xb13h Xc2 Xc3)
(WALK TA_Xb13h Xc3 Xc5)
(WALK TA_Xb13h Xc5 Xc6h)
(HOMESAFE TA_Xb13h Xc6h)
(DROPOFF TA_Xf56h Xa1)
(WALK TA_Xf56h Xa1 Xg1)
(WALK TA_Xf56h Xg1 Xg2)
(WALK TA_Xf56h Xg2 Xf1h)
(WALK TA_Xf56h Xf1h Xf20)
(WALK TA_Xf56h Xf20 Xf21h)
(WALK TA_Xf56h Xf21h Xf38h)
(WALK TA_Xf56h Xf38h Xf39h)
(HOMESAFE TA_Xf56h Xf39h)
(DROPOFF TA_Xf46h Xa1)
(WALK TA_Xf46h Xa1 Xg1)
(WALK TA_Xf46h Xg1 Xg2)
(WALK TA_Xf46h Xg2 Xf1h)
(WALK TA_Xf46h Xf1h Xf20)
(WALK TA_Xf46h Xf20 Xf21h)
(WALK TA_Xf46h Xf21h Xf54h)
(WALK TA_Xf46h Xf54h Xf55h)
(HOMESAFE TA_Xf46h Xf55h)
(DROPOFF TA_Xf39h Xa1)
(WALK TA_Xf39h Xa1 Xg1)
(WALK TA_Xf39h Xg1 Xg2)
(WALK TA_Xf39h Xg2 Xf1h)
(WALK TA_Xf39h Xf1h Xf20)
(WALK TA_Xf39h Xf20 Xf21h)
(WALK TA_Xf39h Xf21h Xf42h)
(WALK TA_Xf39h Xf42h Xf43h)
(HOMESAFE TA_Xf39h Xf43h)
(DROPOFF TA_Xf21h Xa1)
(WALK TA_Xf21h Xa1 Xg1)
(WALK TA_Xf21h Xg1 Xg2)
(WALK TA_Xf21h Xg2 Xf1h)
(WALK TA_Xf21h Xf1h Xf20)
(WALK TA_Xf21h Xf20 Xf21h)
(WALK TA_Xf21h Xf21h Xf32h)
(WALK TA_Xf21h Xf32h Xf33h)
(HOMESAFE TA_Xf21h Xf33h)
(DROPOFF TA_Xc6h Xa1)
(WALK TA_Xc6h Xa1 Xg1)
(WALK TA_Xc6h Xg1 Xg2)
(WALK TA_Xc6h Xg2 Xf1h)
(WALK TA_Xc6h Xf1h Xf20)
(WALK TA_Xc6h Xf20 Xf21h)
(WALK TA_Xc6h Xf21h Xf30h)
(WALK TA_Xc6h Xf30h Xf31h)
(HOMESAFE TA_Xc6h Xf31h)
(DROPOFF TA_Xf24h Xa1)
(WALK TA_Xf24h Xa1 Xg1)
(WALK TA_Xf24h Xg1 Xg2)
(WALK TA_Xf24h Xg2 Xf1h)
(WALK TA_Xf24h Xf1h Xf20)
(WALK TA_Xf24h Xf20 Xf21h)
(WALK TA_Xf24h Xf21h Xf34h)
(WALK TA_Xf24h Xf34h Xf35h)
(HOMESAFE TA_Xf24h Xf35h)
(DROPOFF TA_Xf44h Xa1)
(WALK TA_Xf44h Xa1 Xg1)
(WALK TA_Xf44h Xg1 Xg2)
(WALK TA_Xf44h Xg2 Xc1)
(WALK TA_Xf44h Xc1 Xc2)
(WALK TA_Xf44h Xc2 Xc3)
(WALK TA_Xf44h Xc3 Xc8)
(WALK TA_Xf44h Xc8 Xc9)
(WALK TA_Xf44h Xc9 Xc16)
(WALK TA_Xf44h Xc16 Xc17h)
(HOMESAFE TA_Xf44h Xc17h)
(DROPOFF TA_Xf13h Xa1)
(WALK TA_Xf13h Xa1 Xg1)
(WALK TA_Xf13h Xg1 Xg2)
(WALK TA_Xf13h Xg2 Xd1)
(WALK TA_Xf13h Xd1 Xd2)
(WALK TA_Xf13h Xd2 Xd7)
(WALK TA_Xf13h Xd7 Xd6)
(WALK TA_Xf13h Xd6 Xd11)
(WALK TA_Xf13h Xd11 Xd12)
(WALK TA_Xf13h Xd12 Xd13h)
(HOMESAFE TA_Xf13h Xd13h)
(DROPOFF TA_Xc21h Xa1)
(WALK TA_Xc21h Xa1 Xg1)
(WALK TA_Xc21h Xg1 Xg2)
(WALK TA_Xc21h Xg2 Xc1)
(WALK TA_Xc21h Xc1 Xc2)
(WALK TA_Xc21h Xc2 Xc3)
(WALK TA_Xc21h Xc3 Xc8)
(WALK TA_Xc21h Xc8 Xc9)
(WALK TA_Xc21h Xc9 Xc10)
(WALK TA_Xc21h Xc10 Xc11h)
(HOMESAFE TA_Xc21h Xc11h)
(DROPOFF TA_Xf59h Xa1)
(WALK TA_Xf59h Xa1 Xg1)
(WALK TA_Xf59h Xg1 Xg2)
(WALK TA_Xf59h Xg2 Xc1)
(WALK TA_Xf59h Xc1 Xc2)
(WALK TA_Xf59h Xc2 Xc3)
(WALK TA_Xf59h Xc3 Xc8)
(WALK TA_Xf59h Xc8 Xc9)
(WALK TA_Xf59h Xc9 Xc16)
(WALK TA_Xf59h Xc16 Xc15h)
(HOMESAFE TA_Xf59h Xc15h)
(DROPOFF TA_Xf29h Xa1)
(WALK TA_Xf29h Xa1 Xg1)
(WALK TA_Xf29h Xg1 Xg2)
(WALK TA_Xf29h Xg2 Xc1)
(WALK TA_Xf29h Xc1 Xc2)
(WALK TA_Xf29h Xc2 Xc3)
(WALK TA_Xf29h Xc3 Xc8)
(WALK TA_Xf29h Xc8 Xc9)
(WALK TA_Xf29h Xc9 Xc12)
(WALK TA_Xf29h Xc12 Xc13h)
(HOMESAFE TA_Xf29h Xc13h)
(DROPOFF TA_Xf54h Xa1)
(WALK TA_Xf54h Xa1 Xg1)
(WALK TA_Xf54h Xg1 Xg2)
(WALK TA_Xf54h Xg2 Xc1)
(WALK TA_Xf54h Xc1 Xc2)
(WALK TA_Xf54h Xc2 Xc3)
(WALK TA_Xf54h Xc3 Xc8)
(WALK TA_Xf54h Xc8 Xc9)
(WALK TA_Xf54h Xc9 Xc18)
(WALK TA_Xf54h Xc18 Xc19h)
(HOMESAFE TA_Xf54h Xc19h)
(DROPOFF TA_Xf37h Xa1)
(WALK TA_Xf37h Xa1 Xg1)
(WALK TA_Xf37h Xg1 Xg2)
(WALK TA_Xf37h Xg2 Xc1)
(WALK TA_Xf37h Xc1 Xc2)
(WALK TA_Xf37h Xc2 Xc3)
(WALK TA_Xf37h Xc3 Xc8)
(WALK TA_Xf37h Xc8 Xc9)
(WALK TA_Xf37h Xc9 Xc20)
(WALK TA_Xf37h Xc20 Xc21h)
(HOMESAFE TA_Xf37h Xc21h)
