(DRIVE XSoda Xlocation35)
(DRIVE Xlocation35 Xlocation13)
(DROPOFF TA_Xlocation10 Xlocation13)
(HOMESAFE TA_Xlocation10 Xlocation13)
(DRIVE Xlocation13 Xlocation38)
(DRIVE Xlocation38 Xlocation5)
(DROPOFF TA_Xlocation2 Xlocation5)
(HOMESAFE TA_Xlocation2 Xlocation5)
(DRIVE Xlocation5 Xlocation16)
(DROPOFF TA_Xlocation22 Xlocation16)
(HOMESAFE TA_Xlocation22 Xlocation16)
(DRIVE Xlocation16 Xlocation30)
(DRIVE Xlocation30 Xlocation23)
(DRIVE Xlocation23 Xlocation31)
(DRIVE Xlocation31 Xlocation21)
(DRIVE Xlocation21 Xlocation2)
(DROPOFF TA_Xlocation3 Xlocation2)
(HOMESAFE TA_Xlocation3 Xlocation2)
(DRIVE Xlocation2 Xlocation8)
(DROPOFF TA_Xlocation14 Xlocation8)
(HOMESAFE TA_Xlocation14 Xlocation8)
(DRIVE Xlocation8 Xlocation31)
(DRIVE Xlocation31 Xlocation21)
(DROPOFF TA_Xlocation1 Xlocation21)
(HOMESAFE TA_Xlocation1 Xlocation21)
(DRIVE Xlocation21 Xlocation6)
(DROPOFF TA_Xlocation11 Xlocation6)
(HOMESAFE TA_Xlocation11 Xlocation6)
(DRIVE Xlocation6 Xlocation24)
(DROPOFF TA_Xlocation23 Xlocation24)
(HOMESAFE TA_Xlocation23 Xlocation24)
(DRIVE Xlocation24 Xlocation36)
(DRIVE Xlocation36 Xlocation19)
(DROPOFF TA_Xlocation6 Xlocation19)
(HOMESAFE TA_Xlocation6 Xlocation19)
(DRIVE Xlocation19 Xlocation9)
(DROPOFF TA_Xlocation8 Xlocation9)
(HOMESAFE TA_Xlocation8 Xlocation9)
(DRIVE Xlocation9 Xlocation23)
(DROPOFF TA_Xlocation25 Xlocation23)
(HOMESAFE TA_Xlocation25 Xlocation23)
(DRIVE Xlocation23 Xlocation46)
(DRIVE Xlocation46 Xlocation7)
(DRIVE Xlocation7 Xlocation43)
(DRIVE Xlocation43 Xlocation14)
(DROPOFF TA_Xlocation16 Xlocation14)
(HOMESAFE TA_Xlocation16 Xlocation14)
(DRIVE Xlocation14 Xlocation25)
(DRIVE Xlocation25 Xlocation45)
(DRIVE Xlocation45 Xlocation10)
(DRIVE Xlocation10 Xlocation11)
(DROPOFF TA_Xlocation4 Xlocation11)
(HOMESAFE TA_Xlocation4 Xlocation11)
(DRIVE Xlocation11 Xlocation18)
(DRIVE Xlocation18 Xlocation12)
(DROPOFF TA_Xlocation21 Xlocation12)
(HOMESAFE TA_Xlocation21 Xlocation12)
(DRIVE Xlocation12 Xlocation25)
(DROPOFF TA_Xlocation7 Xlocation25)
(HOMESAFE TA_Xlocation7 Xlocation25)
(DRIVE Xlocation25 Xlocation43)
(DRIVE Xlocation43 Xlocation34)
(DRIVE Xlocation34 Xlocation33)
(DRIVE Xlocation33 Xlocation1)
(DROPOFF TA_Xlocation19 Xlocation1)
(HOMESAFE TA_Xlocation19 Xlocation1)
(DRIVE Xlocation1 Xlocation8)
(DRIVE Xlocation8 Xlocation44)
(DRIVE Xlocation44 Xlocation25)
(DRIVE Xlocation25 Xlocation3)
(DROPOFF TA_Xlocation12 Xlocation3)
(HOMESAFE TA_Xlocation12 Xlocation3)
(DRIVE Xlocation3 Xlocation10)
(DRIVE Xlocation10 Xlocation7)
(DROPOFF TA_Xlocation5 Xlocation7)
(HOMESAFE TA_Xlocation5 Xlocation7)
(DRIVE Xlocation7 Xlocation46)
(DRIVE Xlocation46 Xlocation4)
(DROPOFF TA_Xlocation17 Xlocation4)
(HOMESAFE TA_Xlocation17 Xlocation4)
(DRIVE Xlocation4 Xlocation18)
(DRIVE Xlocation18 Xlocation10)
(DROPOFF TA_Xlocation24 Xlocation10)
(HOMESAFE TA_Xlocation24 Xlocation10)
(DRIVE Xlocation10 Xlocation18)
(DROPOFF TA_Xlocation20 Xlocation18)
(HOMESAFE TA_Xlocation20 Xlocation18)
(DRIVE Xlocation18 Xlocation12)
(DRIVE Xlocation12 Xlocation17)
(DROPOFF TA_Xlocation9 Xlocation17)
(HOMESAFE TA_Xlocation9 Xlocation17)
(DRIVE Xlocation17 Xlocation2)
(DRIVE Xlocation2 Xlocation4)
(DRIVE Xlocation4 Xlocation22)
(DROPOFF TA_Xlocation13 Xlocation22)
(HOMESAFE TA_Xlocation13 Xlocation22)
(DRIVE Xlocation22 Xlocation18)
(DRIVE Xlocation18 Xlocation35)
(DRIVE Xlocation35 Xlocation20)
(DROPOFF TA_Xlocation15 Xlocation20)
(HOMESAFE TA_Xlocation15 Xlocation20)
(DRIVE Xlocation20 Xlocation9)
(DRIVE Xlocation9 Xlocation46)
(DRIVE Xlocation46 Xlocation15)
(DROPOFF TA_Xlocation18 Xlocation15)
(HOMESAFE TA_Xlocation18 Xlocation15)
(DRIVE Xlocation15 Xlocation44)
(DRIVE Xlocation44 Xlocation25)
(DRIVE Xlocation25 XSoda)
