(DRIVE XSoda Xkevin)
(DROPOFF TA_Xluo Xkevin)
(DRIVE Xkevin XSoda)
(HOMESAFE TA_Xluo Xkevin)
(DRIVE XSoda Xjarrett)
(DROPOFF TA_Xyanay Xjarrett)
(DRIVE Xjarrett XSoda)
(HOMESAFE TA_Xyanay Xjarrett)
(DRIVE XSoda Xwang)
(DROPOFF TA_Xrouzbahani Xwang)
(DRIVE Xwang XSoda)
(HOMESAFE TA_Xrouzbahani Xwang)
(DRIVE XSoda Xsathvik)
(DROPOFF TA_Xsteven Xsathvik)
(DRIVE Xsathvik XSoda)
(HOMESAFE TA_Xsteven Xsathvik)
(DRIVE XSoda Xkanika)
(DROPOFF TA_Xgregory Xkanika)
(DRIVE Xkanika XSoda)
(HOMESAFE TA_Xgregory Xkanika)
(DRIVE XSoda Xgregory)
(DROPOFF TA_Xchandran Xgregory)
(DRIVE Xgregory XSoda)
(HOMESAFE TA_Xchandran Xgregory)
(DRIVE XSoda Xellen)
(DROPOFF TA_Xjarrett Xellen)
(DRIVE Xellen XSoda)
(HOMESAFE TA_Xjarrett Xellen)
(DRIVE XSoda Xweaver)
(DROPOFF TA_Xsathvik Xweaver)
(DRIVE Xweaver XSoda)
(HOMESAFE TA_Xsathvik Xweaver)
(DRIVE XSoda Xmack)
(DROPOFF TA_Xdu Xmack)
(DRIVE Xmack XSoda)
(HOMESAFE TA_Xdu Xmack)
(DRIVE XSoda Xchandran)
(DROPOFF TA_Xberit Xchandran)
(DRIVE Xchandran XSoda)
(HOMESAFE TA_Xberit Xchandran)
(DRIVE XSoda Xrouzbahani)
(DROPOFF TA_Xvaibhav Xrouzbahani)
(DRIVE Xrouzbahani XSoda)
(HOMESAFE TA_Xvaibhav Xrouzbahani)
(DRIVE XSoda Xli)
(DROPOFF TA_Xyash Xli)
(HOMESAFE TA_Xyash Xli)
(DRIVE Xli Xsahai)
(DROPOFF TA_Xgibson Xsahai)
(HOMESAFE TA_Xgibson Xsahai)
(DRIVE Xsahai Xcaroline)
(DROPOFF TA_Xmack Xcaroline)
(HOMESAFE TA_Xmack Xcaroline)
(DRIVE Xcaroline Xgibson)
(DROPOFF TA_Xcaroline Xgibson)
(HOMESAFE TA_Xcaroline Xgibson)
(DRIVE Xgibson Xsteven)
(DROPOFF TA_Xli Xsteven)
(HOMESAFE TA_Xli Xsteven)
(DRIVE Xsteven Xluo)
(DROPOFF TA_Xwang Xluo)
(HOMESAFE TA_Xwang Xluo)
(DRIVE Xluo Xvaibhav)
(DROPOFF TA_Xtran Xvaibhav)
(HOMESAFE TA_Xtran Xvaibhav)
(DRIVE Xvaibhav Xyanay)
(DROPOFF TA_Xsahai Xyanay)
(HOMESAFE TA_Xsahai Xyanay)
(DRIVE Xyanay Xyip)
(DROPOFF TA_Xyip Xyip)
(HOMESAFE TA_Xyip Xyip)
(DRIVE Xyip Xberit)
(DROPOFF TA_Xweaver Xberit)
(HOMESAFE TA_Xweaver Xberit)
(DRIVE Xberit Xscott)
(DROPOFF TA_Xellen Xscott)
(HOMESAFE TA_Xellen Xscott)
(DRIVE Xscott Xyash)
(DROPOFF TA_Xscott Xyash)
(HOMESAFE TA_Xscott Xyash)
(DRIVE Xyash Xdu)
(DROPOFF TA_Xkevin Xdu)
(HOMESAFE TA_Xkevin Xdu)
(DRIVE Xdu Xtran)
(DROPOFF TA_Xkanika Xtran)
(DRIVE Xtran XSoda)
(HOMESAFE TA_Xkanika Xtran)
