(DRIVE XKaimganj XMilpaAlta)
(DROPOFF TA_XAnahuac XMilpaAlta)
(HOMESAFE TA_XAnahuac XmilpaAlta)
(DRIVE XMilpaAlta XGobernadorGalvez)
(DROPOFF TA_XRacine XGobernadorGalvez)
(HOMESAFE TA_XRacine XgobernadorGalvez)
(DRIVE XGobernadorGalvez XTsirang)
(DROPOFF TA_XGobernadorGalvez XTsirang)
(DRIVE XTsirang XMilpaAlta)
(DRIVE XMilpaAlta XKaimganj)
(WALK TA_XGobernadorGalvez XTsirang XBrecht)
(HOMESAFE TA_XGobernadorgalvez Xbrecht)
(DRIVE XKaimganj XFagaras)
(DROPOFF TA_XMilpaAlta XFagaras)
(HOMESAFE TA_XMilpaalta Xfagaras)
(DRIVE XFagaras XKaimganj)
(DRIVE XKaimganj XIsakogorka)
(DROPOFF TA_XMontecatiniTerme XIsakogorka)
(HOMESAFE TA_XMontecatiniterme Xisakogorka)
(DRIVE XIsakogorka XYucheng)
(DROPOFF TA_XKorolev XYucheng)
(HOMESAFE TA_XKorolev Xyucheng)
(DRIVE XYucheng XMalaybalay)
(DRIVE XMalaybalay XDankov)
(DROPOFF TA_XIrvine XDankov)
(HOMESAFE TA_XIrvine Xdankov)
(DRIVE XDankov XMarseille)
(DRIVE XMarseille XNovopokrovskaya)
(DROPOFF TA_XFandriana XNovopokrovskaya)
(HOMESAFE TA_XFandriana Xnovopokrovskaya)
(DRIVE XNovopokrovskaya XGobernadorGalvez)
(DRIVE XGobernadorGalvez XTsirang)
(DROPOFF TA_XLeixlip XTsirang)
(DRIVE XTsirang XGobernadorGalvez)
(WALK TA_XLeixlip XTsirang XKorolev)
(HOMESAFE TA_XLeixlip Xkorolev)
(DRIVE XGobernadorGalvez XTsirang)
(DROPOFF TA_XBrecht XTsirang)
(HOMESAFE TA_XBrecht Xtsirang)
(DRIVE XTsirang XMilpaAlta)
(DRIVE XMilpaAlta XAnahuac)
(DROPOFF TA_XGobo XAnahuac)
(HOMESAFE TA_XGobo Xanahuac)
(DRIVE XAnahuac XMilpaAlta)
(DRIVE XMilpaAlta XTocache)
(DROPOFF TA_XPilibhit XTocache)
(DRIVE XTocache XMilpaAlta)
(WALK TA_XPilibhit XTocache XFandriana)
(HOMESAFE TA_XPilibhit Xfandriana)
(DRIVE XMilpaAlta XPinas)
(DRIVE XPinas XKarasuyama)
(DROPOFF TA_XEncarnaciondeDiaz XKarasuyama)
(HOMESAFE TA_XEncarnaciondediaz Xkarasuyama)
(DRIVE XKarasuyama XPinas)
(DRIVE XPinas XTocache)
(DROPOFF TA_XTsirang XTocache)
(HOMESAFE TA_XTsirang Xtocache)
(DRIVE XTocache XMilpaAlta)
(DRIVE XMilpaAlta XKaimganj)
(DRIVE XKaimganj XLeixlip)
(DROPOFF TA_XIsakogorka XLeixlip)
(HOMESAFE TA_XIsakogorka Xleixlip)
(DRIVE XLeixlip XKaimganj)
(DRIVE XKaimganj XMilpaAlta)
(DRIVE XMilpaAlta XGobo)
(DROPOFF TA_XYucheng XGobo)
(HOMESAFE TA_XYucheng Xgobo)
(DRIVE XGobo XMilpaAlta)
(DRIVE XMilpaAlta XPinhalNovo)
(DROPOFF TA_XFagaras XPinhalNovo)
(DRIVE XPinhalNovo XMilpaAlta)
(DRIVE XMilpaAlta XGobernadorGalvez)
(WALK TA_XFagaras XPinhalNovo XRacine)
(HOMESAFE TA_XFagaras Xracine)
(DRIVE XGobernadorGalvez XMilpaAlta)
(DRIVE XMilpaAlta XPinhalNovo)
(DROPOFF TA_XDankov XPinhalNovo)
(HOMESAFE TA_XDankov XpinhalNovo)
(DRIVE XPinhalNovo XMilpaAlta)
(DRIVE XMilpaAlta XGobernadorGalvez)
(DRIVE XGobernadorGalvez XNarangba)
(DROPOFF TA_XKarasuyama XNarangba)
(HOMESAFE TA_XKarasuyama Xnarangba)
(DRIVE XNarangba XGobernadorGalvez)
(DRIVE XGobernadorGalvez XNovopokrovskaya)
(DRIVE XNovopokrovskaya XMesa)
(DRIVE XMesa XEncarnaciondeDiaz)
(DROPOFF TA_XNovopokrovskaya XEncarnaciondeDiaz)
(HOMESAFE TA_XNovopokrovskaya XencarnaciondeDiaz)
(DRIVE XEncarnaciondeDiaz XMesa)
(DRIVE XMesa XVagonoremont)
(DRIVE XVagonoremont XAlbi)
(DROPOFF TA_XTocache XAlbi)
(HOMESAFE TA_XTocache Xalbi)
(DRIVE XAlbi XJalaun)
(DRIVE XJalaun XMontecatiniTerme)
(DROPOFF TA_XNarangba XMontecatiniTerme)
(HOMESAFE TA_XNarangba XmontecatiniTerme)
(DRIVE XMontecatiniTerme XMilpaAlta)
(DRIVE XMilpaAlta XKaimganj)
(DRIVE XKaimganj XFagaras)
(DRIVE XFagaras XPilibhit)
(DROPOFF TA_XTsukawaki XPilibhit)
(HOMESAFE TA_XTsukawaki Xpilibhit)
(DRIVE XPilibhit XIrvine)
(DROPOFF TA_XPinhalNovo XIrvine)
(DRIVE XIrvine XPilibhit)
(DRIVE XPilibhit XFagaras)
(DRIVE XFagaras XKaimganj)
(DRIVE XKaimganj XIsakogorka)
(DRIVE XIsakogorka XYucheng)
(DRIVE XYucheng XTsukawaki)
(DROPOFF TA_XAlbi XTsukawaki)
(HOMESAFE TA_XAlbi Xtsukawaki)
(HOMESAFE TA_XPinhalnovo Xirvine)
(DRIVE XTsukawaki XYucheng)
(DRIVE XYucheng XIsakogorka)
(DRIVE XIsakogorka XKaimganj)
