(DRIVE XEFLJOTk X0e)
(DROPOFF TA_XTb5qjVS0DSkDKD X0e)
(HOMESAFE TA_XTb5qjvs0dskdkd X0e)
(DRIVE X0e XcPnISetFj7gG8o9K)
(DROPOFF TA_XqKAN35ZxfJxs2n XcPnISetFj7gG8o9K)
(DRIVE XcPnISetFj7gG8o9K XEFLJOTk)
(WALK TA_XqKAN35ZxfJxs2n XcPnISetFj7gG8o9K XQyWIcdD7GorZtfQJb)
(HOMESAFE TA_Xqkan35zxfjxs2n XqyWIcdD7GorZtfQJb)
(DRIVE XEFLJOTk XqKAN35ZxfJxs2n)
(DROPOFF TA_XI0a5SBtiDKckQxXh155L XqKAN35ZxfJxs2n)
(DRIVE XqKAN35ZxfJxs2n XEFLJOTk)
(WALK TA_XI0a5SBtiDKckQxXh155L XqKAN35ZxfJxs2n XXn8chReB4cAIE2gsbLF)
(HOMESAFE TA_XI0a5sbtidkckqxxh155l Xxn8chReB4cAIE2gsbLF)
(DRIVE XEFLJOTk XqKAN35ZxfJxs2n)
(DROPOFF TA_XQyWIcdD7GorZtfQJb XqKAN35ZxfJxs2n)
(DRIVE XqKAN35ZxfJxs2n XEFLJOTk)
(HOMESAFE TA_XQywicdd7gorztfqjb XqKAN35ZxfJxs2n)
(DRIVE XEFLJOTk XcPnISetFj7gG8o9K)
(DROPOFF TA_XKpec XcPnISetFj7gG8o9K)
(DRIVE XcPnISetFj7gG8o9K XEFLJOTk)
(WALK TA_XKpec XcPnISetFj7gG8o9K X6mx6unEnl)
(HOMESAFE TA_XKpec X6mx6unEnl)
(DRIVE XEFLJOTk XcPnISetFj7gG8o9K)
(DROPOFF TA_XIRUxJNqQHDtKwk XcPnISetFj7gG8o9K)
(DRIVE XcPnISetFj7gG8o9K XEFLJOTk)
(HOMESAFE TA_XIRUxjnqqhdtkwk XcPnISetFj7gG8o9K)
(DRIVE XEFLJOTk XQ7Ib7B)
(DRIVE XQ7Ib7B XEJOi3LI92xJB)
(DROPOFF TA_XSoHxfA XEJOi3LI92xJB)
(HOMESAFE TA_XSohxfa XeJOi3LI92xJB)
(DRIVE XEJOi3LI92xJB XtZ)
(DROPOFF TA_XtZ XtZ)
(DRIVE XtZ XEFLJOTk)
(WALK TA_XtZ XtZ Xr5x)
(HOMESAFE TA_Xtz Xr5x)
(DRIVE XEFLJOTk XQ7Ib7B)
(DRIVE XQ7Ib7B X4pWeD5)
(DROPOFF TA_XfMV6tQxP X4pWeD5)
(HOMESAFE TA_Xfmv6tqxp X4pWeD5)
(DRIVE X4pWeD5 XtZ)
(DROPOFF TA_XvngV9R4 XtZ)
(DRIVE XtZ XEFLJOTk)
(HOMESAFE TA_Xvngv9r4 XtZ)
(DRIVE XEFLJOTk XmQzeU6iv7)
(DROPOFF TA_XmQzeU6iv7 XmQzeU6iv7)
(DRIVE XmQzeU6iv7 XEFLJOTk)
(HOMESAFE TA_Xmqzeu6iv7 XmQzeU6iv7)
(DRIVE XEFLJOTk XK6)
(DROPOFF TA_Xq9b8L0oiOJr XK6)
(DRIVE XK6 XEFLJOTk)
(HOMESAFE TA_Xq9b8l0oiojr Xk6)
(DRIVE XEFLJOTk X9PHu2NLeEO)
(DROPOFF TA_X13GDMZYtkIBDG8SVi5px X9PHu2NLeEO)
(DRIVE X9PHu2NLeEO XEFLJOTk)
(HOMESAFE TA_X13GDMZYtkibdg8svi5px X9PHu2NLeEO)
(DRIVE XEFLJOTk X4W)
(DROPOFF TA_X8I1AatPM X4W)
(DRIVE X4W XEFLJOTk)
(HOMESAFE TA_X8I1Aatpm X4W)
(DRIVE XEFLJOTk XSoHxfA)
(DROPOFF TA_XcPnISetFj7gG8o9K XSoHxfA)
(DRIVE XSoHxfA XEFLJOTk)
(WALK TA_XcPnISetFj7gG8o9K XSoHxfA XIRUxJNqQHDtKwk)
(HOMESAFE TA_Xcpnisetfj7gg8o9k XiRUxJNqQHDtKwk)
(DRIVE XEFLJOTk XQ7Ib7B)
(DRIVE XQ7Ib7B X13GDMZYtkIBDG8SVi5px)
(DROPOFF TA_X7F9H97joVTdU8ZEpeb X13GDMZYtkIBDG8SVi5px)
(HOMESAFE TA_X7F9H97jovtdu8zepeb X13GDMZYtkIBDG8SVi5px)
(DRIVE X13GDMZYtkIBDG8SVi5px XEcsTlClw)
(DRIVE XEcsTlClw XS5)
(DROPOFF TA_XK6 XS5)
(DRIVE XS5 XEFLJOTk)
(HOMESAFE TA_XK6 XS5)
(DRIVE XEFLJOTk XSoHxfA)
(DROPOFF TA_XEJOi3LI92xJB XSoHxfA)
(DRIVE XSoHxfA XEFLJOTk)
(HOMESAFE TA_XEJOi3li92xjb XsoHxfA)
(DRIVE XEFLJOTk X1p3lWfo8qHHC)
(DROPOFF TA_X4W X1p3lWfo8qHHC)
(DRIVE X1p3lWfo8qHHC XEFLJOTk)
(HOMESAFE TA_X4W X1p3lWfo8qHHC)
(DRIVE XEFLJOTk XfMV6tQxP)
(DROPOFF TA_XXn8chReB4cAIE2gsbLF XfMV6tQxP)
(DRIVE XfMV6tQxP XEFLJOTk)
(HOMESAFE TA_XXn8chreb4caie2gsblf XfMV6tQxP)
(DRIVE XEFLJOTk XTb5qjVS0DSkDKD)
(DROPOFF TA_XS5 XTb5qjVS0DSkDKD)
(DRIVE XTb5qjVS0DSkDKD XEFLJOTk)
(HOMESAFE TA_XS5 XTb5qjVS0DSkDKD)
(DRIVE XEFLJOTk XJQX0b)
(DROPOFF TA_X4pWeD5 XJQX0b)
(DRIVE XJQX0b XEFLJOTk)
(WALK TA_X4pWeD5 XJQX0b X4W)
(WALK TA_X4pWeD5 X4W XI0a5SBtiDKckQxXh155L)
(HOMESAFE TA_X4pwed5 Xi0a5SBtiDKckQxXh155L)
(DRIVE XEFLJOTk XQ7Ib7B)
(DRIVE XQ7Ib7B X8I1AatPM)
(DROPOFF TA_XAUKNFdTo X8I1AatPM)
(HOMESAFE TA_XAUKNFdto X8I1AatPM)
(DRIVE X8I1AatPM X7F9H97joVTdU8ZEpeb)
(DROPOFF TA_XfgxHyKXvIAKSHtMEoO X7F9H97joVTdU8ZEpeb)
(HOMESAFE TA_Xfgxhykxviakshtmeoo X7F9H97joVTdU8ZEpeb)
(DRIVE X7F9H97joVTdU8ZEpeb XJQX0b)
(DRIVE XJQX0b XvngV9R4)
(DROPOFF TA_XJQX0b XvngV9R4)
(DRIVE XvngV9R4 XEFLJOTk)
(HOMESAFE TA_XJQX0b XvngV9R4)
(DRIVE XEFLJOTk XJQX0b)
(DROPOFF TA_X6mx6unEnl XJQX0b)
(DRIVE XJQX0b XEFLJOTk)
(WALK TA_X6mx6unEnl XJQX0b Xuyp6KKxfzDAWVnn)
(WALK TA_X6mx6unEnl Xuyp6KKxfzDAWVnn XAUKNFdTo)
(HOMESAFE TA_X6mx6unenl XaUKNFdTo)
(DRIVE XEFLJOTk XQ7Ib7B)
(DRIVE XQ7Ib7B Xq9b8L0oiOJr)
(DROPOFF TA_Xr5x Xq9b8L0oiOJr)
(HOMESAFE TA_Xr5x Xq9b8L0oiOJr)
(DRIVE Xq9b8L0oiOJr XJQX0b)
(DROPOFF TA_X0e XJQX0b)
(DRIVE XJQX0b XEFLJOTk)
(HOMESAFE TA_X0e XjQX0b)
(DRIVE XEFLJOTk XsR1n9b)
(DRIVE XsR1n9b XfgxHyKXvIAKSHtMEoO)
(DROPOFF TA_X9PHu2NLeEO XfgxHyKXvIAKSHtMEoO)
(HOMESAFE TA_X9PHu2nleeo XfgxHyKXvIAKSHtMEoO)
(DRIVE XfgxHyKXvIAKSHtMEoO XKpec)
(DROPOFF TA_X1p3lWfo8qHHC XKpec)
(DRIVE XKpec XEFLJOTk)
(HOMESAFE TA_X1p3lwfo8qhhc Xkpec)
