(DROPOFF TA_XWvomb2LC XyqRn7pcv)
(HOMESAFE TA_XWvomb2lc XyqRn7pcv)
(DRIVE XyqRn7pcv XmpBvpan0)
(DRIVE XmpBvpan0 XRKTqv0lO)
(DROPOFF TA_X7xyYvlir XRKTqv0lO)
(HOMESAFE TA_X7xyyvlir XrKTqv0lO)
(DRIVE XRKTqv0lO XxaYYL0Xr)
(DROPOFF TA_XhC2ZPbzA XxaYYL0Xr)
(DRIVE XxaYYL0Xr XyqRn7pcv)
(HOMESAFE TA_Xhc2zpbza XxaYYL0Xr)
(DRIVE XyqRn7pcv XmpBvpan0)
(DRIVE XmpBvpan0 Xne5PzSYX)
(DROPOFF TA_XlRFv66dO Xne5PzSYX)
(HOMESAFE TA_Xlrfv66do Xne5PzSYX)
(DRIVE Xne5PzSYX XrKjRBwvM)
(DROPOFF TA_Xne5PzSYX XrKjRBwvM)
(HOMESAFE TA_Xne5pzsyx XrKjRBwvM)
(DRIVE XrKjRBwvM XhcJG54h4)
(DROPOFF TA_X5Zo9R33z XhcJG54h4)
(HOMESAFE TA_X5Zo9r33z XhcJG54h4)
(DRIVE XhcJG54h4 XmB6fiF0u)
(DROPOFF TA_XfsgAjhrq XmB6fiF0u)
(HOMESAFE TA_Xfsgajhrq XmB6fiF0u)
(DRIVE XmB6fiF0u Xi4M5A6hw)
(DROPOFF TA_X2XMfF8YA Xi4M5A6hw)
(DRIVE Xi4M5A6hw XyqRn7pcv)
(WALK TA_X2XMfF8YA Xi4M5A6hw XfsgAjhrq)
(HOMESAFE TA_X2XMff8ya XfsgAjhrq)
(DRIVE XyqRn7pcv XmpBvpan0)
(DRIVE XmpBvpan0 Xne5PzSYX)
(DRIVE Xne5PzSYX XLQU5lyru)
(DROPOFF TA_XRKTqv0lO XLQU5lyru)
(HOMESAFE TA_XRKTqv0lo XlQU5lyru)
(DRIVE XLQU5lyru XhcJG54h4)
(DRIVE XhcJG54h4 XuzY67sfN)
(DROPOFF TA_X6XOrbPEm XuzY67sfN)
(HOMESAFE TA_X6XOrbpem XuzY67sfN)
(DRIVE XuzY67sfN XXlaUIvCb)
(DROPOFF TA_XmB6fiF0u XXlaUIvCb)
(HOMESAFE TA_Xmb6fif0u XxlaUIvCb)
(DRIVE XXlaUIvCb Xi4M5A6hw)
(DROPOFF TA_Xzcy1X765 Xi4M5A6hw)
(DRIVE Xi4M5A6hw XyqRn7pcv)
(HOMESAFE TA_Xzcy1x765 Xi4M5A6hw)
(DRIVE XyqRn7pcv XmpBvpan0)
(DRIVE XmpBvpan0 X4bzLzw2O)
(DRIVE X4bzLzw2O Xd0naUNzM)
(DRIVE Xd0naUNzM XTv0Ngo2a)
(DROPOFF TA_XyqRn7pcv XTv0Ngo2a)
(HOMESAFE TA_Xyqrn7pcv Xtv0Ngo2a)
(DRIVE XTv0Ngo2a X5Zo9R33z)
(DROPOFF TA_Xi4M5A6hw X5Zo9R33z)
(HOMESAFE TA_Xi4m5a6hw X5Zo9R33z)
(DRIVE X5Zo9R33z X6XOrbPEm)
(DROPOFF TA_Xo5fxSomz X6XOrbPEm)
(HOMESAFE TA_Xo5fxsomz X6XOrbPEm)
(DRIVE X6XOrbPEm XhC2ZPbzA)
(DROPOFF TA_X1JmiRMy2 XhC2ZPbzA)
(HOMESAFE TA_X1Jmirmy2 XhC2ZPbzA)
(DRIVE XhC2ZPbzA Xzcy1X765)
(DROPOFF TA_XmmiVeCrf Xzcy1X765)
(HOMESAFE TA_Xmmivecrf Xzcy1X765)
(DRIVE Xzcy1X765 XrJm7nPd7)
(DROPOFF TA_XTv0Ngo2a XrJm7nPd7)
(HOMESAFE TA_XTv0ngo2a XrJm7nPd7)
(DRIVE XrJm7nPd7 XTMAXVAcF)
(DRIVE XTMAXVAcF XlRFv66dO)
(DROPOFF TA_XXlaUIvCb XlRFv66dO)
(HOMESAFE TA_XXlauivcb XlRFv66dO)
(DRIVE XlRFv66dO X7xyYvlir)
(DROPOFF TA_XhcJG54h4 X7xyYvlir)
(HOMESAFE TA_Xhcjg54h4 X7xyYvlir)
(DRIVE X7xyYvlir X2XMfF8YA)
(DROPOFF TA_XrKjRBwvM X2XMfF8YA)
(HOMESAFE TA_Xrkjrbwvm X2XMfF8YA)
(DRIVE X2XMfF8YA X4bzLzw2O)
(DRIVE X4bzLzw2O XmmiVeCrf)
(DROPOFF TA_XrJm7nPd7 XmmiVeCrf)
(HOMESAFE TA_Xrjm7npd7 XmmiVeCrf)
(DRIVE XmmiVeCrf XmpBvpan0)
(DRIVE XmpBvpan0 Xz3tqnoFm)
(DRIVE Xz3tqnoFm X1JmiRMy2)
(DROPOFF TA_XxaYYL0Xr X1JmiRMy2)
(HOMESAFE TA_Xxayyl0xr X1JmiRMy2)
(DRIVE X1JmiRMy2 XcbK8BQiu)
(DRIVE XcbK8BQiu XWvomb2LC)
(DROPOFF TA_XuzY67sfN XWvomb2LC)
(HOMESAFE TA_Xuzy67sfn Xwvomb2LC)
(DRIVE XWvomb2LC Xo5fxSomz)
(DROPOFF TA_XLQU5lyru Xo5fxSomz)
(HOMESAFE TA_XLQU5lyru Xo5fxSomz)
(DRIVE Xo5fxSomz XmpBvpan0)
(DRIVE XmpBvpan0 XyqRn7pcv)
