(DROPOFF TA_XMyr XSoda)
(WALK TA_XMyr XSoda XRepublicCity)
(HOMESAFE TA_XMyr XrepublicCity)
(DROPOFF TA_XNorthernWaterTribe XSoda)
(WALK TA_XNorthernWaterTribe XSoda XLorath)
(HOMESAFE TA_XNorthernwatertribe Xlorath)
(DROPOFF TA_XTheKindegarden XSoda)
(WALK TA_XTheKindegarden XSoda XLorath)
(WALK TA_XTheKindegarden XLorath XLys)
(HOMESAFE TA_XThekindegarden Xlys)
(DROPOFF TA_XPhlegethon XSoda)
(WALK TA_XPhlegethon XSoda XRepublicCity)
(WALK TA_XPhlegethon XRepublicCity XRokusIsland)
(HOMESAFE TA_XPhlegethon XrokusIsland)
(DROPOFF TA_XSiWongDesert XSoda)
(WALK TA_XSiWongDesert XSoda XLorath)
(WALK TA_XSiWongDesert XLorath XLys)
(WALK TA_XSiWongDesert XLys XMyr)
(HOMESAFE TA_XSiwongdesert Xmyr)
(DROPOFF TA_XLorath XSoda)
(WALK TA_XLorath XSoda XRepublicCity)
(WALK TA_XLorath XRepublicCity XRokusIsland)
(WALK TA_XLorath XRokusIsland XLakeLaogai)
(HOMESAFE TA_XLorath XlakeLaogai)
(DROPOFF TA_XAcheron XSoda)
(WALK TA_XAcheron XSoda XLorath)
(WALK TA_XAcheron XLorath XLys)
(WALK TA_XAcheron XLys XMyr)
(WALK TA_XAcheron XMyr XNorvos)
(HOMESAFE TA_XAcheron Xnorvos)
(DROPOFF TA_XMuspelheim XSoda)
(WALK TA_XMuspelheim XSoda XRepublicCity)
(WALK TA_XMuspelheim XRepublicCity XRokusIsland)
(WALK TA_XMuspelheim XRokusIsland XLakeLaogai)
(WALK TA_XMuspelheim XLakeLaogai XOmashu)
(HOMESAFE TA_XMuspelheim Xomashu)
(DROPOFF TA_XTatooine XSoda)
(WALK TA_XTatooine XSoda XRepublicCity)
(WALK TA_XTatooine XRepublicCity XRokusIsland)
(WALK TA_XTatooine XRokusIsland XLakeLaogai)
(WALK TA_XTatooine XLakeLaogai XOmashu)
(WALK TA_XTatooine XOmashu XCaveOfTwoLovers)
(HOMESAFE TA_XTatooine XcaveOfTwoLovers)
(DROPOFF TA_XNorthernAirTemple XSoda)
(WALK TA_XNorthernAirTemple XSoda XLorath)
(WALK TA_XNorthernAirTemple XLorath XLys)
(WALK TA_XNorthernAirTemple XLys XMyr)
(WALK TA_XNorthernAirTemple XMyr XNorvos)
(WALK TA_XNorthernAirTemple XNorvos XPentos2)
(HOMESAFE TA_XNorthernairtemple Xpentos2)
(DROPOFF TA_XHoth XSoda)
(WALK TA_XHoth XSoda XRepublicCity)
(WALK TA_XHoth XRepublicCity XRokusIsland)
(WALK TA_XHoth XRokusIsland XLakeLaogai)
(WALK TA_XHoth XLakeLaogai XOmashu)
(WALK TA_XHoth XOmashu XCaveOfTwoLovers)
(WALK TA_XHoth XCaveOfTwoLovers XSiWongDesert)
(HOMESAFE TA_XHoth XsiWongDesert)
(DROPOFF TA_XSantasWorkshop XSoda)
(WALK TA_XSantasWorkshop XSoda XLorath)
(WALK TA_XSantasWorkshop XLorath XLys)
(WALK TA_XSantasWorkshop XLys XMyr)
(WALK TA_XSantasWorkshop XMyr XNorvos)
(WALK TA_XSantasWorkshop XNorvos XPentos2)
(WALK TA_XSantasWorkshop XPentos2 XTyrosh)
(HOMESAFE TA_XSantasworkshop Xtyrosh)
(DROPOFF TA_XRepublicCity XSoda)
(WALK TA_XRepublicCity XSoda XLorath)
(WALK TA_XRepublicCity XLorath XLys)
(WALK TA_XRepublicCity XLys XMyr)
(WALK TA_XRepublicCity XMyr XNorvos)
(WALK TA_XRepublicCity XNorvos XPentos2)
(WALK TA_XRepublicCity XPentos2 XTyrosh)
(WALK TA_XRepublicCity XTyrosh XVolantis)
(HOMESAFE TA_XRepubliccity Xvolantis)
(DROPOFF TA_XLakeLaogai XSoda)
(WALK TA_XLakeLaogai XSoda XRepublicCity)
(WALK TA_XLakeLaogai XRepublicCity XRokusIsland)
(WALK TA_XLakeLaogai XRokusIsland XLakeLaogai)
(WALK TA_XLakeLaogai XLakeLaogai XOmashu)
(WALK TA_XLakeLaogai XOmashu XCaveOfTwoLovers)
(WALK TA_XLakeLaogai XCaveOfTwoLovers XSiWongDesert)
(WALK TA_XLakeLaogai XSiWongDesert XIslandOfKyoshi)
(HOMESAFE TA_XLakelaogai XislandOfKyoshi)
(DROPOFF TA_XDroon XSoda)
(WALK TA_XDroon XSoda XLorath)
(WALK TA_XDroon XLorath XLys)
(WALK TA_XDroon XLys XMyr)
(WALK TA_XDroon XMyr XNorvos)
(WALK TA_XDroon XNorvos XPentos2)
(WALK TA_XDroon XPentos2 XTyrosh)
(WALK TA_XDroon XTyrosh XVolantis)
(WALK TA_XDroon XVolantis XHoth)
(HOMESAFE TA_XDroon Xhoth)
(DROPOFF TA_XPolarExpress XSoda)
(WALK TA_XPolarExpress XSoda XRepublicCity)
(WALK TA_XPolarExpress XRepublicCity XRokusIsland)
(WALK TA_XPolarExpress XRokusIsland XLakeLaogai)
(WALK TA_XPolarExpress XLakeLaogai XOmashu)
(WALK TA_XPolarExpress XOmashu XCaveOfTwoLovers)
(WALK TA_XPolarExpress XCaveOfTwoLovers XSiWongDesert)
(WALK TA_XPolarExpress XSiWongDesert XIslandOfKyoshi)
(WALK TA_XPolarExpress XIslandOfKyoshi XEmberIsland)
(HOMESAFE TA_XPolarexpress XemberIsland)
(DROPOFF TA_XVolantis XSoda)
(WALK TA_XVolantis XSoda XRepublicCity)
(WALK TA_XVolantis XRepublicCity XRokusIsland)
(WALK TA_XVolantis XRokusIsland XLakeLaogai)
(WALK TA_XVolantis XLakeLaogai XOmashu)
(WALK TA_XVolantis XOmashu XCaveOfTwoLovers)
(WALK TA_XVolantis XCaveOfTwoLovers XSiWongDesert)
(WALK TA_XVolantis XSiWongDesert XIslandOfKyoshi)
(WALK TA_XVolantis XIslandOfKyoshi XEmberIsland)
(WALK TA_XVolantis XEmberIsland XSouthernWaterTribe)
(HOMESAFE TA_XVolantis XsouthernWaterTribe)
(DROPOFF TA_XTyrosh XSoda)
(WALK TA_XTyrosh XSoda XLorath)
(WALK TA_XTyrosh XLorath XLys)
(WALK TA_XTyrosh XLys XMyr)
(WALK TA_XTyrosh XMyr XNorvos)
(WALK TA_XTyrosh XNorvos XPentos2)
(WALK TA_XTyrosh XPentos2 XTyrosh)
(WALK TA_XTyrosh XTyrosh XVolantis)
(WALK TA_XTyrosh XVolantis XHoth)
(WALK TA_XTyrosh XHoth XTatooine)
(HOMESAFE TA_XTyrosh Xtatooine)
(DROPOFF TA_XLethe XSoda)
(WALK TA_XLethe XSoda XRepublicCity)
(WALK TA_XLethe XRepublicCity XRokusIsland)
(WALK TA_XLethe XRokusIsland XLakeLaogai)
(WALK TA_XLethe XLakeLaogai XOmashu)
(WALK TA_XLethe XOmashu XCaveOfTwoLovers)
(WALK TA_XLethe XCaveOfTwoLovers XSiWongDesert)
(WALK TA_XLethe XSiWongDesert XIslandOfKyoshi)
(WALK TA_XLethe XIslandOfKyoshi XEmberIsland)
(WALK TA_XLethe XEmberIsland XSouthernWaterTribe)
(WALK TA_XLethe XSouthernWaterTribe XNorthernWaterTribe)
(HOMESAFE TA_XLethe XnorthernWaterTribe)
(DROPOFF TA_XNiffelheim XSoda)
(WALK TA_XNiffelheim XSoda XLorath)
(WALK TA_XNiffelheim XLorath XLys)
(WALK TA_XNiffelheim XLys XMyr)
(WALK TA_XNiffelheim XMyr XNorvos)
(WALK TA_XNiffelheim XNorvos XPentos2)
(WALK TA_XNiffelheim XPentos2 XTyrosh)
(WALK TA_XNiffelheim XTyrosh XVolantis)
(WALK TA_XNiffelheim XVolantis XHoth)
(WALK TA_XNiffelheim XHoth XTatooine)
(WALK TA_XNiffelheim XTatooine XNaboo)
(HOMESAFE TA_XNiffelheim Xnaboo)
(DROPOFF TA_XHomeworld XSoda)
(WALK TA_XHomeworld XSoda XRepublicCity)
(WALK TA_XHomeworld XRepublicCity XRokusIsland)
(WALK TA_XHomeworld XRokusIsland XLakeLaogai)
(WALK TA_XHomeworld XLakeLaogai XOmashu)
(WALK TA_XHomeworld XOmashu XCaveOfTwoLovers)
(WALK TA_XHomeworld XCaveOfTwoLovers XSiWongDesert)
(WALK TA_XHomeworld XSiWongDesert XIslandOfKyoshi)
(WALK TA_XHomeworld XIslandOfKyoshi XEmberIsland)
(WALK TA_XHomeworld XEmberIsland XSouthernWaterTribe)
(WALK TA_XHomeworld XSouthernWaterTribe XNorthernWaterTribe)
(WALK TA_XHomeworld XNorthernWaterTribe XEasternAirTemple)
(HOMESAFE TA_XHomeworld XeasternAirTemple)
(DROPOFF TA_XBespin XSoda)
(WALK TA_XBespin XSoda XLorath)
(WALK TA_XBespin XLorath XLys)
(WALK TA_XBespin XLys XMyr)
(WALK TA_XBespin XMyr XNorvos)
(WALK TA_XBespin XNorvos XPentos2)
(WALK TA_XBespin XPentos2 XTyrosh)
(WALK TA_XBespin XTyrosh XVolantis)
(WALK TA_XBespin XVolantis XHoth)
(WALK TA_XBespin XHoth XTatooine)
(WALK TA_XBespin XTatooine XNaboo)
(WALK TA_XBespin XNaboo XCoruscant)
(HOMESAFE TA_XBespin Xcoruscant)
(DROPOFF TA_XCocytus XSoda)
(WALK TA_XCocytus XSoda XRepublicCity)
(WALK TA_XCocytus XRepublicCity XRokusIsland)
(WALK TA_XCocytus XRokusIsland XLakeLaogai)
(WALK TA_XCocytus XLakeLaogai XOmashu)
(WALK TA_XCocytus XOmashu XCaveOfTwoLovers)
(WALK TA_XCocytus XCaveOfTwoLovers XSiWongDesert)
(WALK TA_XCocytus XSiWongDesert XIslandOfKyoshi)
(WALK TA_XCocytus XIslandOfKyoshi XEmberIsland)
(WALK TA_XCocytus XEmberIsland XSouthernWaterTribe)
(WALK TA_XCocytus XSouthernWaterTribe XNorthernWaterTribe)
(WALK TA_XCocytus XNorthernWaterTribe XEasternAirTemple)
(WALK TA_XCocytus XEasternAirTemple XWesternAirTemple)
(HOMESAFE TA_XCocytus XwesternAirTemple)
(DROPOFF TA_XElysium XSoda)
(WALK TA_XElysium XSoda XLorath)
(WALK TA_XElysium XLorath XLys)
(WALK TA_XElysium XLys XMyr)
(WALK TA_XElysium XMyr XNorvos)
(WALK TA_XElysium XNorvos XPentos2)
(WALK TA_XElysium XPentos2 XTyrosh)
(WALK TA_XElysium XTyrosh XVolantis)
(WALK TA_XElysium XVolantis XHoth)
(WALK TA_XElysium XHoth XTatooine)
(WALK TA_XElysium XTatooine XNaboo)
(WALK TA_XElysium XNaboo XCoruscant)
(WALK TA_XElysium XCoruscant XBespin)
(HOMESAFE TA_XElysium Xbespin)
(DROPOFF TA_XStyx XSoda)
(WALK TA_XStyx XSoda XLorath)
(WALK TA_XStyx XLorath XLys)
(WALK TA_XStyx XLys XMyr)
(WALK TA_XStyx XMyr XNorvos)
(WALK TA_XStyx XNorvos XPentos2)
(WALK TA_XStyx XPentos2 XTyrosh)
(WALK TA_XStyx XTyrosh XVolantis)
(WALK TA_XStyx XVolantis XHoth)
(WALK TA_XStyx XHoth XTatooine)
(WALK TA_XStyx XTatooine XNaboo)
(WALK TA_XStyx XNaboo XCoruscant)
(WALK TA_XStyx XCoruscant XBespin)
(WALK TA_XStyx XBespin XMustafar)
(HOMESAFE TA_XStyx Xmustafar)
(DROPOFF TA_XRokusIsland XSoda)
(WALK TA_XRokusIsland XSoda XRepublicCity)
(WALK TA_XRokusIsland XRepublicCity XRokusIsland)
(WALK TA_XRokusIsland XRokusIsland XLakeLaogai)
(WALK TA_XRokusIsland XLakeLaogai XOmashu)
(WALK TA_XRokusIsland XOmashu XCaveOfTwoLovers)
(WALK TA_XRokusIsland XCaveOfTwoLovers XSiWongDesert)
(WALK TA_XRokusIsland XSiWongDesert XIslandOfKyoshi)
(WALK TA_XRokusIsland XIslandOfKyoshi XEmberIsland)
(WALK TA_XRokusIsland XEmberIsland XSouthernWaterTribe)
(WALK TA_XRokusIsland XSouthernWaterTribe XNorthernWaterTribe)
(WALK TA_XRokusIsland XNorthernWaterTribe XEasternAirTemple)
(WALK TA_XRokusIsland XEasternAirTemple XWesternAirTemple)
(WALK TA_XRokusIsland XWesternAirTemple XSouthernAirTemple)
(HOMESAFE TA_XRokusisland XsouthernAirTemple)
(DROPOFF TA_XWesternAirTemple XSoda)
(WALK TA_XWesternAirTemple XSoda XLorath)
(WALK TA_XWesternAirTemple XLorath XLys)
(WALK TA_XWesternAirTemple XLys XMyr)
(WALK TA_XWesternAirTemple XMyr XNorvos)
(WALK TA_XWesternAirTemple XNorvos XPentos2)
(WALK TA_XWesternAirTemple XPentos2 XTyrosh)
(WALK TA_XWesternAirTemple XTyrosh XVolantis)
(WALK TA_XWesternAirTemple XVolantis XHoth)
(WALK TA_XWesternAirTemple XHoth XTatooine)
(WALK TA_XWesternAirTemple XTatooine XNaboo)
(WALK TA_XWesternAirTemple XNaboo XCoruscant)
(WALK TA_XWesternAirTemple XCoruscant XBespin)
(WALK TA_XWesternAirTemple XBespin XMustafar)
(WALK TA_XWesternAirTemple XMustafar XNiffelheim)
(HOMESAFE TA_XWesternairtemple Xniffelheim)
(DROPOFF TA_XSouthernWaterTribe XSoda)
(WALK TA_XSouthernWaterTribe XSoda XRepublicCity)
(WALK TA_XSouthernWaterTribe XRepublicCity XRokusIsland)
(WALK TA_XSouthernWaterTribe XRokusIsland XLakeLaogai)
(WALK TA_XSouthernWaterTribe XLakeLaogai XOmashu)
(WALK TA_XSouthernWaterTribe XOmashu XCaveOfTwoLovers)
(WALK TA_XSouthernWaterTribe XCaveOfTwoLovers XSiWongDesert)
(WALK TA_XSouthernWaterTribe XSiWongDesert XIslandOfKyoshi)
(WALK TA_XSouthernWaterTribe XIslandOfKyoshi XEmberIsland)
(WALK TA_XSouthernWaterTribe XEmberIsland XSouthernWaterTribe)
(WALK TA_XSouthernWaterTribe XSouthernWaterTribe XNorthernWaterTribe)
(WALK TA_XSouthernWaterTribe XNorthernWaterTribe XEasternAirTemple)
(WALK TA_XSouthernWaterTribe XEasternAirTemple XWesternAirTemple)
(WALK TA_XSouthernWaterTribe XWesternAirTemple XSouthernAirTemple)
(WALK TA_XSouthernWaterTribe XSouthernAirTemple XNorthernAirTemple)
(HOMESAFE TA_XSouthernwatertribe XnorthernAirTemple)
(DROPOFF TA_XEmberIsland XSoda)
(WALK TA_XEmberIsland XSoda XLorath)
(WALK TA_XEmberIsland XLorath XLys)
(WALK TA_XEmberIsland XLys XMyr)
(WALK TA_XEmberIsland XMyr XNorvos)
(WALK TA_XEmberIsland XNorvos XPentos2)
(WALK TA_XEmberIsland XPentos2 XTyrosh)
(WALK TA_XEmberIsland XTyrosh XVolantis)
(WALK TA_XEmberIsland XVolantis XHoth)
(WALK TA_XEmberIsland XHoth XTatooine)
(WALK TA_XEmberIsland XTatooine XNaboo)
(WALK TA_XEmberIsland XNaboo XCoruscant)
(WALK TA_XEmberIsland XCoruscant XBespin)
(WALK TA_XEmberIsland XBespin XMustafar)
(WALK TA_XEmberIsland XMustafar XNiffelheim)
(WALK TA_XEmberIsland XNiffelheim XMuspelheim)
(HOMESAFE TA_XEmberisland Xmuspelheim)
(DROPOFF TA_XHel XSoda)
(WALK TA_XHel XSoda XRepublicCity)
(WALK TA_XHel XRepublicCity XRokusIsland)
(WALK TA_XHel XRokusIsland XLakeLaogai)
(WALK TA_XHel XLakeLaogai XOmashu)
(WALK TA_XHel XOmashu XCaveOfTwoLovers)
(WALK TA_XHel XCaveOfTwoLovers XSiWongDesert)
(WALK TA_XHel XSiWongDesert XIslandOfKyoshi)
(WALK TA_XHel XIslandOfKyoshi XEmberIsland)
(WALK TA_XHel XEmberIsland XSouthernWaterTribe)
(WALK TA_XHel XSouthernWaterTribe XNorthernWaterTribe)
(WALK TA_XHel XNorthernWaterTribe XEasternAirTemple)
(WALK TA_XHel XEasternAirTemple XWesternAirTemple)
(WALK TA_XHel XWesternAirTemple XSouthernAirTemple)
(WALK TA_XHel XSouthernAirTemple XNorthernAirTemple)
(WALK TA_XHel XNorthernAirTemple XBaSingSe)
(HOMESAFE TA_XHel XbaSingSe)
(DROPOFF TA_XEasternAirTemple XSoda)
(WALK TA_XEasternAirTemple XSoda XRepublicCity)
(WALK TA_XEasternAirTemple XRepublicCity XRokusIsland)
(WALK TA_XEasternAirTemple XRokusIsland XLakeLaogai)
(WALK TA_XEasternAirTemple XLakeLaogai XOmashu)
(WALK TA_XEasternAirTemple XOmashu XCaveOfTwoLovers)
(WALK TA_XEasternAirTemple XCaveOfTwoLovers XSiWongDesert)
(WALK TA_XEasternAirTemple XSiWongDesert XIslandOfKyoshi)
(WALK TA_XEasternAirTemple XIslandOfKyoshi XEmberIsland)
(WALK TA_XEasternAirTemple XEmberIsland XSouthernWaterTribe)
(WALK TA_XEasternAirTemple XSouthernWaterTribe XNorthernWaterTribe)
(WALK TA_XEasternAirTemple XNorthernWaterTribe XEasternAirTemple)
(WALK TA_XEasternAirTemple XEasternAirTemple XWesternAirTemple)
(WALK TA_XEasternAirTemple XWesternAirTemple XSouthernAirTemple)
(WALK TA_XEasternAirTemple XSouthernAirTemple XNorthernAirTemple)
(WALK TA_XEasternAirTemple XNorthernAirTemple XBaSingSe)
(WALK TA_XEasternAirTemple XBaSingSe XTheKindegarden)
(HOMESAFE TA_XEasternairtemple XtheKindegarden)
(DROPOFF TA_XGanges XSoda)
(WALK TA_XGanges XSoda XLorath)
(WALK TA_XGanges XLorath XLys)
(WALK TA_XGanges XLys XMyr)
(WALK TA_XGanges XMyr XNorvos)
(WALK TA_XGanges XNorvos XPentos2)
(WALK TA_XGanges XPentos2 XTyrosh)
(WALK TA_XGanges XTyrosh XVolantis)
(WALK TA_XGanges XVolantis XHoth)
(WALK TA_XGanges XHoth XTatooine)
(WALK TA_XGanges XTatooine XNaboo)
(WALK TA_XGanges XNaboo XCoruscant)
(WALK TA_XGanges XCoruscant XBespin)
(WALK TA_XGanges XBespin XMustafar)
(WALK TA_XGanges XMustafar XNiffelheim)
(WALK TA_XGanges XNiffelheim XMuspelheim)
(WALK TA_XGanges XMuspelheim XVanaheim)
(HOMESAFE TA_XGanges Xvanaheim)
(DROPOFF TA_XIslandOfKyoshi XSoda)
(WALK TA_XIslandOfKyoshi XSoda XLorath)
(WALK TA_XIslandOfKyoshi XLorath XLys)
(WALK TA_XIslandOfKyoshi XLys XMyr)
(WALK TA_XIslandOfKyoshi XMyr XNorvos)
(WALK TA_XIslandOfKyoshi XNorvos XPentos2)
(WALK TA_XIslandOfKyoshi XPentos2 XTyrosh)
(WALK TA_XIslandOfKyoshi XTyrosh XVolantis)
(WALK TA_XIslandOfKyoshi XVolantis XHoth)
(WALK TA_XIslandOfKyoshi XHoth XTatooine)
(WALK TA_XIslandOfKyoshi XTatooine XNaboo)
(WALK TA_XIslandOfKyoshi XNaboo XCoruscant)
(WALK TA_XIslandOfKyoshi XCoruscant XBespin)
(WALK TA_XIslandOfKyoshi XBespin XMustafar)
(WALK TA_XIslandOfKyoshi XMustafar XNiffelheim)
(WALK TA_XIslandOfKyoshi XNiffelheim XMuspelheim)
(WALK TA_XIslandOfKyoshi XMuspelheim XVanaheim)
(WALK TA_XIslandOfKyoshi XVanaheim XYggdrasil)
(HOMESAFE TA_XIslandofkyoshi Xyggdrasil)
(DROPOFF TA_XTirNaNog XSoda)
(WALK TA_XTirNaNog XSoda XRepublicCity)
(WALK TA_XTirNaNog XRepublicCity XRokusIsland)
(WALK TA_XTirNaNog XRokusIsland XLakeLaogai)
(WALK TA_XTirNaNog XLakeLaogai XOmashu)
(WALK TA_XTirNaNog XOmashu XCaveOfTwoLovers)
(WALK TA_XTirNaNog XCaveOfTwoLovers XSiWongDesert)
(WALK TA_XTirNaNog XSiWongDesert XIslandOfKyoshi)
(WALK TA_XTirNaNog XIslandOfKyoshi XEmberIsland)
(WALK TA_XTirNaNog XEmberIsland XSouthernWaterTribe)
(WALK TA_XTirNaNog XSouthernWaterTribe XNorthernWaterTribe)
(WALK TA_XTirNaNog XNorthernWaterTribe XEasternAirTemple)
(WALK TA_XTirNaNog XEasternAirTemple XWesternAirTemple)
(WALK TA_XTirNaNog XWesternAirTemple XSouthernAirTemple)
(WALK TA_XTirNaNog XSouthernAirTemple XNorthernAirTemple)
(WALK TA_XTirNaNog XNorthernAirTemple XBaSingSe)
(WALK TA_XTirNaNog XBaSingSe XTheKindegarden)
(WALK TA_XTirNaNog XTheKindegarden XHomeworld)
(HOMESAFE TA_XTirnanog Xhomeworld)
(DROPOFF TA_XAsgard XSoda)
(WALK TA_XAsgard XSoda XLorath)
(WALK TA_XAsgard XLorath XLys)
(WALK TA_XAsgard XLys XMyr)
(WALK TA_XAsgard XMyr XNorvos)
(WALK TA_XAsgard XNorvos XPentos2)
(WALK TA_XAsgard XPentos2 XTyrosh)
(WALK TA_XAsgard XTyrosh XVolantis)
(WALK TA_XAsgard XVolantis XHoth)
(WALK TA_XAsgard XHoth XTatooine)
(WALK TA_XAsgard XTatooine XNaboo)
(WALK TA_XAsgard XNaboo XCoruscant)
(WALK TA_XAsgard XCoruscant XBespin)
(WALK TA_XAsgard XBespin XMustafar)
(WALK TA_XAsgard XMustafar XNiffelheim)
(WALK TA_XAsgard XNiffelheim XMuspelheim)
(WALK TA_XAsgard XMuspelheim XVanaheim)
(WALK TA_XAsgard XVanaheim XYggdrasil)
(WALK TA_XAsgard XYggdrasil XAsgard)
(HOMESAFE TA_XAsgard Xasgard)
(DROPOFF TA_XNorvos XSoda)
(WALK TA_XNorvos XSoda XRepublicCity)
(WALK TA_XNorvos XRepublicCity XRokusIsland)
(WALK TA_XNorvos XRokusIsland XLakeLaogai)
(WALK TA_XNorvos XLakeLaogai XOmashu)
(WALK TA_XNorvos XOmashu XCaveOfTwoLovers)
(WALK TA_XNorvos XCaveOfTwoLovers XSiWongDesert)
(WALK TA_XNorvos XSiWongDesert XIslandOfKyoshi)
(WALK TA_XNorvos XIslandOfKyoshi XEmberIsland)
(WALK TA_XNorvos XEmberIsland XSouthernWaterTribe)
(WALK TA_XNorvos XSouthernWaterTribe XNorthernWaterTribe)
(WALK TA_XNorvos XNorthernWaterTribe XEasternAirTemple)
(WALK TA_XNorvos XEasternAirTemple XWesternAirTemple)
(WALK TA_XNorvos XWesternAirTemple XSouthernAirTemple)
(WALK TA_XNorvos XSouthernAirTemple XNorthernAirTemple)
(WALK TA_XNorvos XNorthernAirTemple XBaSingSe)
(WALK TA_XNorvos XBaSingSe XTheKindegarden)
(WALK TA_XNorvos XTheKindegarden XHomeworld)
(WALK TA_XNorvos XHomeworld XOoo)
(HOMESAFE TA_XNorvos Xooo)
(DROPOFF TA_XOthrys XSoda)
(WALK TA_XOthrys XSoda XRepublicCity)
(WALK TA_XOthrys XRepublicCity XRokusIsland)
(WALK TA_XOthrys XRokusIsland XLakeLaogai)
(WALK TA_XOthrys XLakeLaogai XOmashu)
(WALK TA_XOthrys XOmashu XCaveOfTwoLovers)
(WALK TA_XOthrys XCaveOfTwoLovers XSiWongDesert)
(WALK TA_XOthrys XSiWongDesert XIslandOfKyoshi)
(WALK TA_XOthrys XIslandOfKyoshi XEmberIsland)
(WALK TA_XOthrys XEmberIsland XSouthernWaterTribe)
(WALK TA_XOthrys XSouthernWaterTribe XNorthernWaterTribe)
(WALK TA_XOthrys XNorthernWaterTribe XEasternAirTemple)
(WALK TA_XOthrys XEasternAirTemple XWesternAirTemple)
(WALK TA_XOthrys XWesternAirTemple XSouthernAirTemple)
(WALK TA_XOthrys XSouthernAirTemple XNorthernAirTemple)
(WALK TA_XOthrys XNorthernAirTemple XBaSingSe)
(WALK TA_XOthrys XBaSingSe XTheKindegarden)
(WALK TA_XOthrys XTheKindegarden XHomeworld)
(WALK TA_XOthrys XHomeworld XOoo)
(WALK TA_XOthrys XOoo XPolarExpress)
(HOMESAFE TA_XOthrys XpolarExpress)
(DROPOFF TA_XVanaheim XSoda)
(WALK TA_XVanaheim XSoda XLorath)
(WALK TA_XVanaheim XLorath XLys)
(WALK TA_XVanaheim XLys XMyr)
(WALK TA_XVanaheim XMyr XNorvos)
(WALK TA_XVanaheim XNorvos XPentos2)
(WALK TA_XVanaheim XPentos2 XTyrosh)
(WALK TA_XVanaheim XTyrosh XVolantis)
(WALK TA_XVanaheim XVolantis XHoth)
(WALK TA_XVanaheim XHoth XTatooine)
(WALK TA_XVanaheim XTatooine XNaboo)
(WALK TA_XVanaheim XNaboo XCoruscant)
(WALK TA_XVanaheim XCoruscant XBespin)
(WALK TA_XVanaheim XBespin XMustafar)
(WALK TA_XVanaheim XMustafar XNiffelheim)
(WALK TA_XVanaheim XNiffelheim XMuspelheim)
(WALK TA_XVanaheim XMuspelheim XVanaheim)
(WALK TA_XVanaheim XVanaheim XYggdrasil)
(WALK TA_XVanaheim XYggdrasil XAsgard)
(WALK TA_XVanaheim XAsgard XElysium)
(HOMESAFE TA_XVanaheim Xelysium)
(DROPOFF TA_XSouthernAirTemple XSoda)
(WALK TA_XSouthernAirTemple XSoda XLorath)
(WALK TA_XSouthernAirTemple XLorath XLys)
(WALK TA_XSouthernAirTemple XLys XMyr)
(WALK TA_XSouthernAirTemple XMyr XNorvos)
(WALK TA_XSouthernAirTemple XNorvos XPentos2)
(WALK TA_XSouthernAirTemple XPentos2 XTyrosh)
(WALK TA_XSouthernAirTemple XTyrosh XVolantis)
(WALK TA_XSouthernAirTemple XVolantis XHoth)
(WALK TA_XSouthernAirTemple XHoth XTatooine)
(WALK TA_XSouthernAirTemple XTatooine XNaboo)
(WALK TA_XSouthernAirTemple XNaboo XCoruscant)
(WALK TA_XSouthernAirTemple XCoruscant XBespin)
(WALK TA_XSouthernAirTemple XBespin XMustafar)
(WALK TA_XSouthernAirTemple XMustafar XNiffelheim)
(WALK TA_XSouthernAirTemple XNiffelheim XMuspelheim)
(WALK TA_XSouthernAirTemple XMuspelheim XVanaheim)
(WALK TA_XSouthernAirTemple XVanaheim XYggdrasil)
(WALK TA_XSouthernAirTemple XYggdrasil XAsgard)
(WALK TA_XSouthernAirTemple XAsgard XElysium)
(WALK TA_XSouthernAirTemple XElysium XTartarus)
(HOMESAFE TA_XSouthernairtemple Xtartarus)
(DROPOFF TA_XTartarus XSoda)
(WALK TA_XTartarus XSoda XRepublicCity)
(WALK TA_XTartarus XRepublicCity XRokusIsland)
(WALK TA_XTartarus XRokusIsland XLakeLaogai)
(WALK TA_XTartarus XLakeLaogai XOmashu)
(WALK TA_XTartarus XOmashu XCaveOfTwoLovers)
(WALK TA_XTartarus XCaveOfTwoLovers XSiWongDesert)
(WALK TA_XTartarus XSiWongDesert XIslandOfKyoshi)
(WALK TA_XTartarus XIslandOfKyoshi XEmberIsland)
(WALK TA_XTartarus XEmberIsland XSouthernWaterTribe)
(WALK TA_XTartarus XSouthernWaterTribe XNorthernWaterTribe)
(WALK TA_XTartarus XNorthernWaterTribe XEasternAirTemple)
(WALK TA_XTartarus XEasternAirTemple XWesternAirTemple)
(WALK TA_XTartarus XWesternAirTemple XSouthernAirTemple)
(WALK TA_XTartarus XSouthernAirTemple XNorthernAirTemple)
(WALK TA_XTartarus XNorthernAirTemple XBaSingSe)
(WALK TA_XTartarus XBaSingSe XTheKindegarden)
(WALK TA_XTartarus XTheKindegarden XHomeworld)
(WALK TA_XTartarus XHomeworld XOoo)
(WALK TA_XTartarus XOoo XPolarExpress)
(WALK TA_XTartarus XPolarExpress XHel)
(HOMESAFE TA_XTartarus Xhel)
(DROPOFF TA_XCoruscant XSoda)
(WALK TA_XCoruscant XSoda XRepublicCity)
(WALK TA_XCoruscant XRepublicCity XRokusIsland)
(WALK TA_XCoruscant XRokusIsland XLakeLaogai)
(WALK TA_XCoruscant XLakeLaogai XOmashu)
(WALK TA_XCoruscant XOmashu XCaveOfTwoLovers)
(WALK TA_XCoruscant XCaveOfTwoLovers XSiWongDesert)
(WALK TA_XCoruscant XSiWongDesert XIslandOfKyoshi)
(WALK TA_XCoruscant XIslandOfKyoshi XEmberIsland)
(WALK TA_XCoruscant XEmberIsland XSouthernWaterTribe)
(WALK TA_XCoruscant XSouthernWaterTribe XNorthernWaterTribe)
(WALK TA_XCoruscant XNorthernWaterTribe XEasternAirTemple)
(WALK TA_XCoruscant XEasternAirTemple XWesternAirTemple)
(WALK TA_XCoruscant XWesternAirTemple XSouthernAirTemple)
(WALK TA_XCoruscant XSouthernAirTemple XNorthernAirTemple)
(WALK TA_XCoruscant XNorthernAirTemple XBaSingSe)
(WALK TA_XCoruscant XBaSingSe XTheKindegarden)
(WALK TA_XCoruscant XTheKindegarden XHomeworld)
(WALK TA_XCoruscant XHomeworld XOoo)
(WALK TA_XCoruscant XOoo XPolarExpress)
(WALK TA_XCoruscant XPolarExpress XHel)
(WALK TA_XCoruscant XHel XSantasWorkshop)
(HOMESAFE TA_XCoruscant XsantasWorkshop)
(DROPOFF TA_XYggdrasil XSoda)
(WALK TA_XYggdrasil XSoda XLorath)
(WALK TA_XYggdrasil XLorath XLys)
(WALK TA_XYggdrasil XLys XMyr)
(WALK TA_XYggdrasil XMyr XNorvos)
(WALK TA_XYggdrasil XNorvos XPentos2)
(WALK TA_XYggdrasil XPentos2 XTyrosh)
(WALK TA_XYggdrasil XTyrosh XVolantis)
(WALK TA_XYggdrasil XVolantis XHoth)
(WALK TA_XYggdrasil XHoth XTatooine)
(WALK TA_XYggdrasil XTatooine XNaboo)
(WALK TA_XYggdrasil XNaboo XCoruscant)
(WALK TA_XYggdrasil XCoruscant XBespin)
(WALK TA_XYggdrasil XBespin XMustafar)
(WALK TA_XYggdrasil XMustafar XNiffelheim)
(WALK TA_XYggdrasil XNiffelheim XMuspelheim)
(WALK TA_XYggdrasil XMuspelheim XVanaheim)
(WALK TA_XYggdrasil XVanaheim XYggdrasil)
(WALK TA_XYggdrasil XYggdrasil XAsgard)
(WALK TA_XYggdrasil XAsgard XElysium)
(WALK TA_XYggdrasil XElysium XTartarus)
(WALK TA_XYggdrasil XTartarus XAsphodel)
(HOMESAFE TA_XYggdrasil Xasphodel)
(DROPOFF TA_XTroy XSoda)
(WALK TA_XTroy XSoda XRepublicCity)
(WALK TA_XTroy XRepublicCity XRokusIsland)
(WALK TA_XTroy XRokusIsland XLakeLaogai)
(WALK TA_XTroy XLakeLaogai XOmashu)
(WALK TA_XTroy XOmashu XCaveOfTwoLovers)
(WALK TA_XTroy XCaveOfTwoLovers XSiWongDesert)
(WALK TA_XTroy XSiWongDesert XIslandOfKyoshi)
(WALK TA_XTroy XIslandOfKyoshi XEmberIsland)
(WALK TA_XTroy XEmberIsland XSouthernWaterTribe)
(WALK TA_XTroy XSouthernWaterTribe XNorthernWaterTribe)
(WALK TA_XTroy XNorthernWaterTribe XEasternAirTemple)
(WALK TA_XTroy XEasternAirTemple XWesternAirTemple)
(WALK TA_XTroy XWesternAirTemple XSouthernAirTemple)
(WALK TA_XTroy XSouthernAirTemple XNorthernAirTemple)
(WALK TA_XTroy XNorthernAirTemple XBaSingSe)
(WALK TA_XTroy XBaSingSe XTheKindegarden)
(WALK TA_XTroy XTheKindegarden XHomeworld)
(WALK TA_XTroy XHomeworld XOoo)
(WALK TA_XTroy XOoo XPolarExpress)
(WALK TA_XTroy XPolarExpress XHel)
(WALK TA_XTroy XHel XSantasWorkshop)
(WALK TA_XTroy XSantasWorkshop XCocytus)
(HOMESAFE TA_XTroy Xcocytus)
(DROPOFF TA_XNaboo XSoda)
(WALK TA_XNaboo XSoda XLorath)
(WALK TA_XNaboo XLorath XLys)
(WALK TA_XNaboo XLys XMyr)
(WALK TA_XNaboo XMyr XNorvos)
(WALK TA_XNaboo XNorvos XPentos2)
(WALK TA_XNaboo XPentos2 XTyrosh)
(WALK TA_XNaboo XTyrosh XVolantis)
(WALK TA_XNaboo XVolantis XHoth)
(WALK TA_XNaboo XHoth XTatooine)
(WALK TA_XNaboo XTatooine XNaboo)
(WALK TA_XNaboo XNaboo XCoruscant)
(WALK TA_XNaboo XCoruscant XBespin)
(WALK TA_XNaboo XBespin XMustafar)
(WALK TA_XNaboo XMustafar XNiffelheim)
(WALK TA_XNaboo XNiffelheim XMuspelheim)
(WALK TA_XNaboo XMuspelheim XVanaheim)
(WALK TA_XNaboo XVanaheim XYggdrasil)
(WALK TA_XNaboo XYggdrasil XAsgard)
(WALK TA_XNaboo XAsgard XElysium)
(WALK TA_XNaboo XElysium XTartarus)
(WALK TA_XNaboo XTartarus XAsphodel)
(WALK TA_XNaboo XAsphodel XDroon)
(HOMESAFE TA_XNaboo Xdroon)
(DROPOFF TA_XOoo XSoda)
(WALK TA_XOoo XSoda XLorath)
(WALK TA_XOoo XLorath XLys)
(WALK TA_XOoo XLys XMyr)
(WALK TA_XOoo XMyr XNorvos)
(WALK TA_XOoo XNorvos XPentos2)
(WALK TA_XOoo XPentos2 XTyrosh)
(WALK TA_XOoo XTyrosh XVolantis)
(WALK TA_XOoo XVolantis XHoth)
(WALK TA_XOoo XHoth XTatooine)
(WALK TA_XOoo XTatooine XNaboo)
(WALK TA_XOoo XNaboo XCoruscant)
(WALK TA_XOoo XCoruscant XBespin)
(WALK TA_XOoo XBespin XMustafar)
(WALK TA_XOoo XMustafar XNiffelheim)
(WALK TA_XOoo XNiffelheim XMuspelheim)
(WALK TA_XOoo XMuspelheim XVanaheim)
(WALK TA_XOoo XVanaheim XYggdrasil)
(WALK TA_XOoo XYggdrasil XAsgard)
(WALK TA_XOoo XAsgard XElysium)
(WALK TA_XOoo XElysium XTartarus)
(WALK TA_XOoo XTartarus XAsphodel)
(WALK TA_XOoo XAsphodel XDroon)
(WALK TA_XOoo XDroon XOlympus)
(HOMESAFE TA_XOoo Xolympus)
(DROPOFF TA_XOlympus XSoda)
(WALK TA_XOlympus XSoda XRepublicCity)
(WALK TA_XOlympus XRepublicCity XRokusIsland)
(WALK TA_XOlympus XRokusIsland XLakeLaogai)
(WALK TA_XOlympus XLakeLaogai XOmashu)
(WALK TA_XOlympus XOmashu XCaveOfTwoLovers)
(WALK TA_XOlympus XCaveOfTwoLovers XSiWongDesert)
(WALK TA_XOlympus XSiWongDesert XIslandOfKyoshi)
(WALK TA_XOlympus XIslandOfKyoshi XEmberIsland)
(WALK TA_XOlympus XEmberIsland XSouthernWaterTribe)
(WALK TA_XOlympus XSouthernWaterTribe XNorthernWaterTribe)
(WALK TA_XOlympus XNorthernWaterTribe XEasternAirTemple)
(WALK TA_XOlympus XEasternAirTemple XWesternAirTemple)
(WALK TA_XOlympus XWesternAirTemple XSouthernAirTemple)
(WALK TA_XOlympus XSouthernAirTemple XNorthernAirTemple)
(WALK TA_XOlympus XNorthernAirTemple XBaSingSe)
(WALK TA_XOlympus XBaSingSe XTheKindegarden)
(WALK TA_XOlympus XTheKindegarden XHomeworld)
(WALK TA_XOlympus XHomeworld XOoo)
(WALK TA_XOlympus XOoo XPolarExpress)
(WALK TA_XOlympus XPolarExpress XHel)
(WALK TA_XOlympus XHel XSantasWorkshop)
(WALK TA_XOlympus XSantasWorkshop XCocytus)
(WALK TA_XOlympus XCocytus XPhlegethon)
(HOMESAFE TA_XOlympus Xphlegethon)
(DROPOFF TA_XLys XSoda)
(WALK TA_XLys XSoda XRepublicCity)
(WALK TA_XLys XRepublicCity XRokusIsland)
(WALK TA_XLys XRokusIsland XLakeLaogai)
(WALK TA_XLys XLakeLaogai XOmashu)
(WALK TA_XLys XOmashu XCaveOfTwoLovers)
(WALK TA_XLys XCaveOfTwoLovers XSiWongDesert)
(WALK TA_XLys XSiWongDesert XIslandOfKyoshi)
(WALK TA_XLys XIslandOfKyoshi XEmberIsland)
(WALK TA_XLys XEmberIsland XSouthernWaterTribe)
(WALK TA_XLys XSouthernWaterTribe XNorthernWaterTribe)
(WALK TA_XLys XNorthernWaterTribe XEasternAirTemple)
(WALK TA_XLys XEasternAirTemple XWesternAirTemple)
(WALK TA_XLys XWesternAirTemple XSouthernAirTemple)
(WALK TA_XLys XSouthernAirTemple XNorthernAirTemple)
(WALK TA_XLys XNorthernAirTemple XBaSingSe)
(WALK TA_XLys XBaSingSe XTheKindegarden)
(WALK TA_XLys XTheKindegarden XHomeworld)
(WALK TA_XLys XHomeworld XOoo)
(WALK TA_XLys XOoo XPolarExpress)
(WALK TA_XLys XPolarExpress XHel)
(WALK TA_XLys XHel XSantasWorkshop)
(WALK TA_XLys XSantasWorkshop XCocytus)
(WALK TA_XLys XCocytus XPhlegethon)
(WALK TA_XLys XPhlegethon XLethe)
(HOMESAFE TA_XLys Xlethe)
(DROPOFF TA_XAsphodel XSoda)
(WALK TA_XAsphodel XSoda XLorath)
(WALK TA_XAsphodel XLorath XLys)
(WALK TA_XAsphodel XLys XMyr)
(WALK TA_XAsphodel XMyr XNorvos)
(WALK TA_XAsphodel XNorvos XPentos2)
(WALK TA_XAsphodel XPentos2 XTyrosh)
(WALK TA_XAsphodel XTyrosh XVolantis)
(WALK TA_XAsphodel XVolantis XHoth)
(WALK TA_XAsphodel XHoth XTatooine)
(WALK TA_XAsphodel XTatooine XNaboo)
(WALK TA_XAsphodel XNaboo XCoruscant)
(WALK TA_XAsphodel XCoruscant XBespin)
(WALK TA_XAsphodel XBespin XMustafar)
(WALK TA_XAsphodel XMustafar XNiffelheim)
(WALK TA_XAsphodel XNiffelheim XMuspelheim)
(WALK TA_XAsphodel XMuspelheim XVanaheim)
(WALK TA_XAsphodel XVanaheim XYggdrasil)
(WALK TA_XAsphodel XYggdrasil XAsgard)
(WALK TA_XAsphodel XAsgard XElysium)
(WALK TA_XAsphodel XElysium XTartarus)
(WALK TA_XAsphodel XTartarus XAsphodel)
(WALK TA_XAsphodel XAsphodel XDroon)
(WALK TA_XAsphodel XDroon XOlympus)
(WALK TA_XAsphodel XOlympus XKailash)
(HOMESAFE TA_XAsphodel Xkailash)
(DROPOFF TA_XMustafar XSoda)
(WALK TA_XMustafar XSoda XRepublicCity)
(WALK TA_XMustafar XRepublicCity XRokusIsland)
(WALK TA_XMustafar XRokusIsland XLakeLaogai)
(WALK TA_XMustafar XLakeLaogai XOmashu)
(WALK TA_XMustafar XOmashu XCaveOfTwoLovers)
(WALK TA_XMustafar XCaveOfTwoLovers XSiWongDesert)
(WALK TA_XMustafar XSiWongDesert XIslandOfKyoshi)
(WALK TA_XMustafar XIslandOfKyoshi XEmberIsland)
(WALK TA_XMustafar XEmberIsland XSouthernWaterTribe)
(WALK TA_XMustafar XSouthernWaterTribe XNorthernWaterTribe)
(WALK TA_XMustafar XNorthernWaterTribe XEasternAirTemple)
(WALK TA_XMustafar XEasternAirTemple XWesternAirTemple)
(WALK TA_XMustafar XWesternAirTemple XSouthernAirTemple)
(WALK TA_XMustafar XSouthernAirTemple XNorthernAirTemple)
(WALK TA_XMustafar XNorthernAirTemple XBaSingSe)
(WALK TA_XMustafar XBaSingSe XTheKindegarden)
(WALK TA_XMustafar XTheKindegarden XHomeworld)
(WALK TA_XMustafar XHomeworld XOoo)
(WALK TA_XMustafar XOoo XPolarExpress)
(WALK TA_XMustafar XPolarExpress XHel)
(WALK TA_XMustafar XHel XSantasWorkshop)
(WALK TA_XMustafar XSantasWorkshop XCocytus)
(WALK TA_XMustafar XCocytus XPhlegethon)
(WALK TA_XMustafar XPhlegethon XLethe)
(WALK TA_XMustafar XLethe XAcheron)
(HOMESAFE TA_XMustafar Xacheron)
(DROPOFF TA_XPentos2 XSoda)
(WALK TA_XPentos2 XSoda XLorath)
(WALK TA_XPentos2 XLorath XLys)
(WALK TA_XPentos2 XLys XMyr)
(WALK TA_XPentos2 XMyr XNorvos)
(WALK TA_XPentos2 XNorvos XPentos2)
(WALK TA_XPentos2 XPentos2 XTyrosh)
(WALK TA_XPentos2 XTyrosh XVolantis)
(WALK TA_XPentos2 XVolantis XHoth)
(WALK TA_XPentos2 XHoth XTatooine)
(WALK TA_XPentos2 XTatooine XNaboo)
(WALK TA_XPentos2 XNaboo XCoruscant)
(WALK TA_XPentos2 XCoruscant XBespin)
(WALK TA_XPentos2 XBespin XMustafar)
(WALK TA_XPentos2 XMustafar XNiffelheim)
(WALK TA_XPentos2 XNiffelheim XMuspelheim)
(WALK TA_XPentos2 XMuspelheim XVanaheim)
(WALK TA_XPentos2 XVanaheim XYggdrasil)
(WALK TA_XPentos2 XYggdrasil XAsgard)
(WALK TA_XPentos2 XAsgard XElysium)
(WALK TA_XPentos2 XElysium XTartarus)
(WALK TA_XPentos2 XTartarus XAsphodel)
(WALK TA_XPentos2 XAsphodel XDroon)
(WALK TA_XPentos2 XDroon XOlympus)
(WALK TA_XPentos2 XOlympus XKailash)
(WALK TA_XPentos2 XKailash XTroy)
(HOMESAFE TA_XPentos2 Xtroy)
(DROPOFF TA_XKailash XSoda)
(WALK TA_XKailash XSoda XRepublicCity)
(WALK TA_XKailash XRepublicCity XRokusIsland)
(WALK TA_XKailash XRokusIsland XLakeLaogai)
(WALK TA_XKailash XLakeLaogai XOmashu)
(WALK TA_XKailash XOmashu XCaveOfTwoLovers)
(WALK TA_XKailash XCaveOfTwoLovers XSiWongDesert)
(WALK TA_XKailash XSiWongDesert XIslandOfKyoshi)
(WALK TA_XKailash XIslandOfKyoshi XEmberIsland)
(WALK TA_XKailash XEmberIsland XSouthernWaterTribe)
(WALK TA_XKailash XSouthernWaterTribe XNorthernWaterTribe)
(WALK TA_XKailash XNorthernWaterTribe XEasternAirTemple)
(WALK TA_XKailash XEasternAirTemple XWesternAirTemple)
(WALK TA_XKailash XWesternAirTemple XSouthernAirTemple)
(WALK TA_XKailash XSouthernAirTemple XNorthernAirTemple)
(WALK TA_XKailash XNorthernAirTemple XBaSingSe)
(WALK TA_XKailash XBaSingSe XTheKindegarden)
(WALK TA_XKailash XTheKindegarden XHomeworld)
(WALK TA_XKailash XHomeworld XOoo)
(WALK TA_XKailash XOoo XPolarExpress)
(WALK TA_XKailash XPolarExpress XHel)
(WALK TA_XKailash XHel XSantasWorkshop)
(WALK TA_XKailash XSantasWorkshop XCocytus)
(WALK TA_XKailash XCocytus XPhlegethon)
(WALK TA_XKailash XPhlegethon XLethe)
(WALK TA_XKailash XLethe XAcheron)
(WALK TA_XKailash XAcheron XStyx)
(HOMESAFE TA_XKailash Xstyx)
(DROPOFF TA_XBaSingSe XSoda)
(WALK TA_XBaSingSe XSoda XLorath)
(WALK TA_XBaSingSe XLorath XLys)
(WALK TA_XBaSingSe XLys XMyr)
(WALK TA_XBaSingSe XMyr XNorvos)
(WALK TA_XBaSingSe XNorvos XPentos2)
(WALK TA_XBaSingSe XPentos2 XTyrosh)
(WALK TA_XBaSingSe XTyrosh XVolantis)
(WALK TA_XBaSingSe XVolantis XHoth)
(WALK TA_XBaSingSe XHoth XTatooine)
(WALK TA_XBaSingSe XTatooine XNaboo)
(WALK TA_XBaSingSe XNaboo XCoruscant)
(WALK TA_XBaSingSe XCoruscant XBespin)
(WALK TA_XBaSingSe XBespin XMustafar)
(WALK TA_XBaSingSe XMustafar XNiffelheim)
(WALK TA_XBaSingSe XNiffelheim XMuspelheim)
(WALK TA_XBaSingSe XMuspelheim XVanaheim)
(WALK TA_XBaSingSe XVanaheim XYggdrasil)
(WALK TA_XBaSingSe XYggdrasil XAsgard)
(WALK TA_XBaSingSe XAsgard XElysium)
(WALK TA_XBaSingSe XElysium XTartarus)
(WALK TA_XBaSingSe XTartarus XAsphodel)
(WALK TA_XBaSingSe XAsphodel XDroon)
(WALK TA_XBaSingSe XDroon XOlympus)
(WALK TA_XBaSingSe XOlympus XKailash)
(WALK TA_XBaSingSe XKailash XTroy)
(WALK TA_XBaSingSe XTroy XTirNaNog)
(HOMESAFE TA_XBasingse XtirNaNog)
(DROPOFF TA_XCaveOfTwoLovers XSoda)
(WALK TA_XCaveOfTwoLovers XSoda XRepublicCity)
(WALK TA_XCaveOfTwoLovers XRepublicCity XRokusIsland)
(WALK TA_XCaveOfTwoLovers XRokusIsland XLakeLaogai)
(WALK TA_XCaveOfTwoLovers XLakeLaogai XOmashu)
(WALK TA_XCaveOfTwoLovers XOmashu XCaveOfTwoLovers)
(WALK TA_XCaveOfTwoLovers XCaveOfTwoLovers XSiWongDesert)
(WALK TA_XCaveOfTwoLovers XSiWongDesert XIslandOfKyoshi)
(WALK TA_XCaveOfTwoLovers XIslandOfKyoshi XEmberIsland)
(WALK TA_XCaveOfTwoLovers XEmberIsland XSouthernWaterTribe)
(WALK TA_XCaveOfTwoLovers XSouthernWaterTribe XNorthernWaterTribe)
(WALK TA_XCaveOfTwoLovers XNorthernWaterTribe XEasternAirTemple)
(WALK TA_XCaveOfTwoLovers XEasternAirTemple XWesternAirTemple)
(WALK TA_XCaveOfTwoLovers XWesternAirTemple XSouthernAirTemple)
(WALK TA_XCaveOfTwoLovers XSouthernAirTemple XNorthernAirTemple)
(WALK TA_XCaveOfTwoLovers XNorthernAirTemple XBaSingSe)
(WALK TA_XCaveOfTwoLovers XBaSingSe XTheKindegarden)
(WALK TA_XCaveOfTwoLovers XTheKindegarden XHomeworld)
(WALK TA_XCaveOfTwoLovers XHomeworld XOoo)
(WALK TA_XCaveOfTwoLovers XOoo XPolarExpress)
(WALK TA_XCaveOfTwoLovers XPolarExpress XHel)
(WALK TA_XCaveOfTwoLovers XHel XSantasWorkshop)
(WALK TA_XCaveOfTwoLovers XSantasWorkshop XCocytus)
(WALK TA_XCaveOfTwoLovers XCocytus XPhlegethon)
(WALK TA_XCaveOfTwoLovers XPhlegethon XLethe)
(WALK TA_XCaveOfTwoLovers XLethe XAcheron)
(WALK TA_XCaveOfTwoLovers XAcheron XStyx)
(WALK TA_XCaveOfTwoLovers XStyx XGanges)
(HOMESAFE TA_XCaveoftwolovers Xganges)
(DROPOFF TA_XOmashu XSoda)
(WALK TA_XOmashu XSoda XLorath)
(WALK TA_XOmashu XLorath XLys)
(WALK TA_XOmashu XLys XMyr)
(WALK TA_XOmashu XMyr XNorvos)
(WALK TA_XOmashu XNorvos XPentos2)
(WALK TA_XOmashu XPentos2 XTyrosh)
(WALK TA_XOmashu XTyrosh XVolantis)
(WALK TA_XOmashu XVolantis XHoth)
(WALK TA_XOmashu XHoth XTatooine)
(WALK TA_XOmashu XTatooine XNaboo)
(WALK TA_XOmashu XNaboo XCoruscant)
(WALK TA_XOmashu XCoruscant XBespin)
(WALK TA_XOmashu XBespin XMustafar)
(WALK TA_XOmashu XMustafar XNiffelheim)
(WALK TA_XOmashu XNiffelheim XMuspelheim)
(WALK TA_XOmashu XMuspelheim XVanaheim)
(WALK TA_XOmashu XVanaheim XYggdrasil)
(WALK TA_XOmashu XYggdrasil XAsgard)
(WALK TA_XOmashu XAsgard XElysium)
(WALK TA_XOmashu XElysium XTartarus)
(WALK TA_XOmashu XTartarus XAsphodel)
(WALK TA_XOmashu XAsphodel XDroon)
(WALK TA_XOmashu XDroon XOlympus)
(WALK TA_XOmashu XOlympus XKailash)
(WALK TA_XOmashu XKailash XTroy)
(WALK TA_XOmashu XTroy XTirNaNog)
(WALK TA_XOmashu XTirNaNog XOthrys)
(HOMESAFE TA_XOmashu Xothrys)
