(DRIVE X0a X0c)
(DROPOFF TA_X7k X0c)
(DRIVE X0c X0a)
(DRIVE X0a X7l)
(DRIVE X7l X7i)
(DRIVE X7i X7j)
(DROPOFF TA_X7j X7j)
(HOMESAFE TA_X7j X7j)
(DRIVE X7j X7i)
(WALK TA_X7k X0c X0b)
(DRIVE X7i X7k)
(DROPOFF TA_X7g X7k)
(HOMESAFE TA_X7g X7k)
(DRIVE X7k X7i)
(DRIVE X7i X7l)
(DRIVE X7l X0a)
(DRIVE X0a X0d)
(DRIVE X0d X0e)
(DRIVE X0e X0g)
(DROPOFF TA_X7f X0g)
(HOMESAFE TA_X7f X0g)
(DRIVE X0g X0e)
(DRIVE X0e X0h)
(DRIVE X0h X0i)
(DRIVE X0i X0j)
(DROPOFF TA_X7c X0j)
(HOMESAFE TA_X7c X0j)
(DRIVE X0j X0i)
(DRIVE X0i X0h)
(DRIVE X0h X0e)
(DRIVE X0e X0f)
(DROPOFF TA_X7b X0f)
(HOMESAFE TA_X7b X0f)
(DRIVE X0f X0e)
(DRIVE X0e X0d)
(DRIVE X0d X0a)
(DRIVE X0a X7l)
(DRIVE X7l X7i)
(DRIVE X7i X7h)
(DRIVE X7h X7e)
(DRIVE X7e X7g)
(DROPOFF TA_X6k X7g)
(HOMESAFE TA_X6k X7g)
(DRIVE X7g X7e)
(DRIVE X7e X7d)
(HOMESAFE TA_X7k X0b)
(DRIVE X7d X7a)
(DRIVE X7a X7c)
(DROPOFF TA_X6j X7c)
(HOMESAFE TA_X6j X7c)
(DRIVE X7c X7b)
(DROPOFF TA_X6g X7b)
(HOMESAFE TA_X6g X7b)
(DRIVE X7b X7a)
(DRIVE X7a X6l)
(DRIVE X6l X6i)
(DRIVE X6i X6j)
(DROPOFF TA_X6f X6j)
(HOMESAFE TA_X6f X6j)
(DRIVE X6j X6i)
(DRIVE X6i X6h)
(DRIVE X6h X6e)
(DRIVE X6e X6g)
(DROPOFF TA_X6c X6g)
(HOMESAFE TA_X6c X6g)
(DRIVE X6g X6e)
(DRIVE X6e X6d)
(DRIVE X6d X6a)
(DRIVE X6a X6c)
(DROPOFF TA_X6b X6c)
(HOMESAFE TA_X6b X6c)
(DRIVE X6c X6b)
(DROPOFF TA_X5k X6b)
(HOMESAFE TA_X5k X6b)
(DRIVE X6b X6a)
(DRIVE X6a X5l)
(DRIVE X5l X5i)
(DRIVE X5i X5j)
(DROPOFF TA_X5j X5j)
(HOMESAFE TA_X5j X5j)
(DRIVE X5j X5i)
(DRIVE X5i X5h)
(DRIVE X5h X5e)
(DRIVE X5e X5g)
(DROPOFF TA_X5g X5g)
(HOMESAFE TA_X5g X5g)
(DRIVE X5g X5e)
(DRIVE X5e X5d)
(DRIVE X5d X5a)
(DRIVE X5a X5b)
(DROPOFF TA_X5f X5b)
(HOMESAFE TA_X5f X5b)
(DRIVE X5b X5c)
(DROPOFF TA_X5c X5c)
(HOMESAFE TA_X5c X5c)
(DRIVE X5c X5a)
(DRIVE X5a X4l)
(DRIVE X4l X4i)
(DRIVE X4i X4h)
(DRIVE X4h X4e)
(DRIVE X4e X4g)
(DROPOFF TA_X5b X4g)
(HOMESAFE TA_X5b X4g)
(DRIVE X4g X4e)
(DRIVE X4e X4d)
(DRIVE X4d X4a)
(DRIVE X4a X4c)
(DROPOFF TA_X4k X4c)
(HOMESAFE TA_X4k X4c)
(DRIVE X4c X4b)
(DROPOFF TA_X4j X4b)
(HOMESAFE TA_X4j X4b)
(DRIVE X4b X4a)
(DRIVE X4a X3l)
(DRIVE X3l X3i)
(DRIVE X3i X3j)
(DROPOFF TA_X4g X3j)
(HOMESAFE TA_X4g X3j)
(DRIVE X3j X3i)
(DRIVE X3i X3h)
(DRIVE X3h X3e)
(DRIVE X3e X3g)
(DROPOFF TA_X4f X3g)
(HOMESAFE TA_X4f X3g)
(DRIVE X3g X3e)
(DRIVE X3e X3d)
(DRIVE X3d X3a)
(DRIVE X3a X3c)
(DROPOFF TA_X4c X3c)
(HOMESAFE TA_X4c X3c)
(DRIVE X3c X3b)
(DROPOFF TA_X4b X3b)
(HOMESAFE TA_X4b X3b)
(DRIVE X3b X3a)
(DRIVE X3a X2l)
(DRIVE X2l X2i)
(DRIVE X2i X2j)
(DROPOFF TA_X3k X2j)
(HOMESAFE TA_X3k X2j)
(DRIVE X2j X2i)
(DRIVE X2i X2l)
(DRIVE X2l X3a)
(DRIVE X3a X3d)
(DRIVE X3d X3e)
(DRIVE X3e X3f)
(DROPOFF TA_X3j X3f)
(HOMESAFE TA_X3j X3f)
(DRIVE X3f X3e)
(DRIVE X3e X3h)
(DRIVE X3h X3i)
(DRIVE X3i X3k)
(DROPOFF TA_X3g X3k)
(HOMESAFE TA_X3g X3k)
(DRIVE X3k X3i)
(DRIVE X3i X3l)
(DRIVE X3l X4a)
(DRIVE X4a X4d)
(DRIVE X4d X4e)
(DRIVE X4e X4f)
(DROPOFF TA_X3f X4f)
(HOMESAFE TA_X3f X4f)
(DRIVE X4f X4e)
(DRIVE X4e X4d)
(DRIVE X4d X4a)
(DRIVE X4a X3l)
(DRIVE X3l X3i)
(DRIVE X3i X3h)
(DRIVE X3h X3e)
(DRIVE X3e X3d)
(DRIVE X3d X3a)
(DRIVE X3a X2l)
(DRIVE X2l X2i)
(DRIVE X2i X2k)
(DROPOFF TA_X3c X2k)
(HOMESAFE TA_X3c X2k)
(DRIVE X2k X2i)
(DRIVE X2i X2h)
(DRIVE X2h X2e)
(DRIVE X2e X2d)
(DRIVE X2d X2a)
(DRIVE X2a X2c)
(DROPOFF TA_X3b X2c)
(HOMESAFE TA_X3b X2c)
(DRIVE X2c X2b)
(DROPOFF TA_X2k X2b)
(HOMESAFE TA_X2k X2b)
(DRIVE X2b X2a)
(DRIVE X2a X1l)
(DRIVE X1l X1i)
(DRIVE X1i X1j)
(DROPOFF TA_X2j X1j)
(HOMESAFE TA_X2j X1j)
(DRIVE X1j X1k)
(DROPOFF TA_X2g X1k)
(HOMESAFE TA_X2g X1k)
(DRIVE X1k X1i)
(DRIVE X1i X1h)
(DRIVE X1h X1e)
(DRIVE X1e X1d)
(DRIVE X1d X1a)
(DRIVE X1a X1c)
(DROPOFF TA_X2f X1c)
(HOMESAFE TA_X2f X1c)
(DRIVE X1c X1b)
(DROPOFF TA_X2c X1b)
(HOMESAFE TA_X2c X1b)
(DRIVE X1b X1a)
(DRIVE X1a X0l)
(DRIVE X0l X0i)
(DRIVE X0i X0h)
(DRIVE X0h X0e)
(DRIVE X0e X0d)
(DRIVE X0d X0a)
(DRIVE X0a X0c)
(DROPOFF TA_X2b X0c)
(HOMESAFE TA_X2b X0c)
(DRIVE X0c X0a)
(DRIVE X0a X7l)
(DRIVE X7l X7i)
(DRIVE X7i X7h)
(DRIVE X7h X7e)
(DRIVE X7e X7f)
(DROPOFF TA_X1k X7f)
(HOMESAFE TA_X1k X7f)
(DRIVE X7f X7e)
(DRIVE X7e X7d)
(DRIVE X7d X7a)
(DRIVE X7a X6l)
(DRIVE X6l X6i)
(DRIVE X6i X6k)
(DROPOFF TA_X1j X6k)
(HOMESAFE TA_X1j X6k)
(DRIVE X6k X6i)
(DRIVE X6i X6h)
(DRIVE X6h X6e)
(DRIVE X6e X6f)
(DROPOFF TA_X1g X6f)
(HOMESAFE TA_X1g X6f)
(DRIVE X6f X6e)
(DRIVE X6e X6d)
(DRIVE X6d X6a)
(DRIVE X6a X5l)
(DRIVE X5l X5i)
(DRIVE X5i X5k)
(DROPOFF TA_X1f X5k)
(HOMESAFE TA_X1f X5k)
(DRIVE X5k X5i)
(DRIVE X5i X5h)
(DRIVE X5h X5e)
(DRIVE X5e X5f)
(DROPOFF TA_X1c X5f)
(HOMESAFE TA_X1c X5f)
(DRIVE X5f X5e)
(DRIVE X5e X5h)
(DRIVE X5h X5i)
(DRIVE X5i X5l)
(DRIVE X5l X6a)
(DRIVE X6a X6d)
(DRIVE X6d X6e)
(DRIVE X6e X6h)
(DRIVE X6h X6i)
(DRIVE X6i X6l)
(DRIVE X6l X7a)
(DRIVE X7a X7d)
(DRIVE X7d X7e)
(DRIVE X7e X7h)
(DRIVE X7h X7i)
(DRIVE X7i X7l)
(DRIVE X7l X0a)
(DRIVE X0a X0d)
(DRIVE X0d X0e)
(DRIVE X0e X0h)
(DRIVE X0h X0i)
(DRIVE X0i X0k)
(DROPOFF TA_X1b X0k)
(HOMESAFE TA_X1b X0k)
(DRIVE X0k X0i)
(DRIVE X0i X0l)
(DRIVE X0l X1a)
(DRIVE X1a X1d)
(DRIVE X1d X1e)
(DRIVE X1e X1g)
(DROPOFF TA_X0k X1g)
(HOMESAFE TA_X0k X1g)
(DRIVE X1g X1f)
(DROPOFF TA_X0j X1f)
(HOMESAFE TA_X0j X1f)
(DRIVE X1f X1e)
(DRIVE X1e X1h)
(DRIVE X1h X1i)
(DRIVE X1i X1l)
(DRIVE X1l X2a)
(DRIVE X2a X2d)
(DRIVE X2d X2e)
(DRIVE X2e X2g)
(DROPOFF TA_X0g X2g)
(HOMESAFE TA_X0g X2g)
(DRIVE X2g X2f)
(DROPOFF TA_X0f X2f)
(HOMESAFE TA_X0f X2f)
(DRIVE X2f X2e)
(DRIVE X2e X2h)
(DRIVE X2h X2i)
(DRIVE X2i X2l)
(DRIVE X2l X3a)
(DRIVE X3a X3d)
(DRIVE X3d X3e)
(DRIVE X3e X3h)
(DRIVE X3h X3i)
(DRIVE X3i X3l)
(DRIVE X3l X4a)
(DRIVE X4a X4d)
(DRIVE X4d X4e)
(DRIVE X4e X4h)
(DRIVE X4h X4i)
(DRIVE X4i X4j)
(DROPOFF TA_X0c X4j)
(HOMESAFE TA_X0c X4j)
(DRIVE X4j X4k)
(DROPOFF TA_X0b X4k)
(HOMESAFE TA_X0b X4k)
(DRIVE X4k X4i)
(DRIVE X4i X4l)
(DRIVE X4l X5a)
(DRIVE X5a X5d)
(DRIVE X5d X5e)
(DRIVE X5e X5h)
(DRIVE X5h X5i)
(DRIVE X5i X5l)
(DRIVE X5l X6a)
(DRIVE X6a X6d)
(DRIVE X6d X6e)
(DRIVE X6e X6h)
(DRIVE X6h X6i)
(DRIVE X6i X6l)
(DRIVE X6l X7a)
(DRIVE X7a X7d)
(DRIVE X7d X7e)
(DRIVE X7e X7h)
(DRIVE X7h X7i)
(DRIVE X7i X7l)
(DRIVE X7l X0a)
