(DRIVE X0a X0c)
(DROPOFF TA_X3k X0c)
(DRIVE X0c X0a)
(DRIVE X0a X3l)
(DRIVE X3l X3i)
(DRIVE X3i X3j)
(DROPOFF TA_X3j X3j)
(HOMESAFE TA_X3j X3j)
(DRIVE X3j X3i)
(WALK TA_X3k X0c X0b)
(DRIVE X3i X3k)
(DROPOFF TA_X3g X3k)
(HOMESAFE TA_X3g X3k)
(DRIVE X3k X3i)
(DRIVE X3i X3l)
(DRIVE X3l X0a)
(DRIVE X0a X0d)
(DRIVE X0d X0e)
(DRIVE X0e X0g)
(DROPOFF TA_X3f X0g)
(HOMESAFE TA_X3f X0g)
(DRIVE X0g X0e)
(DRIVE X0e X0h)
(DRIVE X0h X0i)
(DRIVE X0i X0j)
(DROPOFF TA_X3c X0j)
(HOMESAFE TA_X3c X0j)
(DRIVE X0j X0i)
(DRIVE X0i X0h)
(DRIVE X0h X0e)
(DRIVE X0e X0f)
(DROPOFF TA_X3b X0f)
(HOMESAFE TA_X3b X0f)
(DRIVE X0f X0e)
(DRIVE X0e X0d)
(DRIVE X0d X0a)
(DRIVE X0a X3l)
(DRIVE X3l X3i)
(DRIVE X3i X3h)
(DRIVE X3h X3e)
(DRIVE X3e X3g)
(DROPOFF TA_X2k X3g)
(HOMESAFE TA_X2k X3g)
(DRIVE X3g X3e)
(DRIVE X3e X3d)
(HOMESAFE TA_X3k X0b)
(DRIVE X3d X3a)
(DRIVE X3a X3c)
(DROPOFF TA_X2j X3c)
(HOMESAFE TA_X2j X3c)
(DRIVE X3c X3b)
(DROPOFF TA_X2g X3b)
(HOMESAFE TA_X2g X3b)
(DRIVE X3b X3a)
(DRIVE X3a X2l)
(DRIVE X2l X2i)
(DRIVE X2i X2h)
(DRIVE X2h X2e)
(DRIVE X2e X2g)
(DROPOFF TA_X2f X2g)
(HOMESAFE TA_X2f X2g)
(DRIVE X2g X2e)
(DRIVE X2e X2d)
(DRIVE X2d X2a)
(DRIVE X2a X2c)
(DROPOFF TA_X2c X2c)
(HOMESAFE TA_X2c X2c)
(DRIVE X2c X2b)
(DROPOFF TA_X2b X2b)
(HOMESAFE TA_X2b X2b)
(DRIVE X2b X2a)
(DRIVE X2a X1l)
(DRIVE X1l X1i)
(DRIVE X1i X1j)
(DROPOFF TA_X1k X1j)
(HOMESAFE TA_X1k X1j)
(DRIVE X1j X1i)
(DRIVE X1i X1h)
(DRIVE X1h X1e)
(DRIVE X1e X1g)
(DROPOFF TA_X1j X1g)
(HOMESAFE TA_X1j X1g)
(DRIVE X1g X1e)
(DRIVE X1e X1d)
(DRIVE X1d X1a)
(DRIVE X1a X1c)
(DROPOFF TA_X1g X1c)
(HOMESAFE TA_X1g X1c)
(DRIVE X1c X1b)
(DROPOFF TA_X1f X1b)
(HOMESAFE TA_X1f X1b)
(DRIVE X1b X1a)
(DRIVE X1a X1d)
(DRIVE X1d X1e)
(DRIVE X1e X1f)
(DROPOFF TA_X1c X1f)
(HOMESAFE TA_X1c X1f)
(DRIVE X1f X1e)
(DRIVE X1e X1h)
(DRIVE X1h X1i)
(DRIVE X1i X1k)
(DROPOFF TA_X1b X1k)
(HOMESAFE TA_X1b X1k)
(DRIVE X1k X1i)
(DRIVE X1i X1l)
(DRIVE X1l X2a)
(DRIVE X2a X2d)
(DRIVE X2d X2e)
(DRIVE X2e X2h)
(DRIVE X2h X2i)
(DRIVE X2i X2j)
(DROPOFF TA_X0k X2j)
(HOMESAFE TA_X0k X2j)
(DRIVE X2j X2k)
(DROPOFF TA_X0j X2k)
(HOMESAFE TA_X0j X2k)
(DRIVE X2k X2i)
(DRIVE X2i X2l)
(DRIVE X2l X3a)
(DRIVE X3a X3d)
(DRIVE X3d X3e)
(DRIVE X3e X3f)
(DROPOFF TA_X0g X3f)
(DRIVE X3f X3e)
(HOMESAFE TA_X0g X3f)
(DRIVE X3e X3h)
(DRIVE X3h X3i)
(DRIVE X3i X3l)
(DRIVE X3l X0a)
(DRIVE X0a X0c)
(DROPOFF TA_X0f X0c)
(DRIVE X0c X0a)
(HOMESAFE TA_X0f X0c)
(DRIVE X0a X0d)
(DRIVE X0d X0e)
(DRIVE X0e X0h)
(DRIVE X0h X0i)
(DRIVE X0i X0k)
(DROPOFF TA_X0c X0k)
(HOMESAFE TA_X0c X0k)
(DRIVE X0k X0i)
(DRIVE X0i X0h)
(DRIVE X0h X0e)
(DRIVE X0e X0d)
(DRIVE X0d X0a)
(DRIVE X0a X3l)
(DRIVE X3l X3i)
(DRIVE X3i X3h)
(DRIVE X3h X3e)
(DRIVE X3e X3d)
(DRIVE X3d X3a)
(DRIVE X3a X2l)
(DRIVE X2l X2i)
(DRIVE X2i X2h)
(DRIVE X2h X2e)
(DRIVE X2e X2f)
(DROPOFF TA_X0b X2f)
(HOMESAFE TA_X0b X2f)
(DRIVE X2f X2e)
(DRIVE X2e X2h)
(DRIVE X2h X2i)
(DRIVE X2i X2l)
(DRIVE X2l X3a)
(DRIVE X3a X3d)
(DRIVE X3d X3e)
(DRIVE X3e X3h)
(DRIVE X3h X3i)
(DRIVE X3i X3l)
(DRIVE X3l X0a)
