(DROPOFF TA_XBerkeleyWest XGreenhouse)
(WALK TA_XBerkeleyWest XGreenhouse XCafe3)
(HOMESAFE TA_XBerkeleywest Xcafe3)
(DROPOFF TA_XEyeCenter XGreenhouse)
(WALK TA_XEyeCenter XGreenhouse XEnergyBuilding)
(HOMESAFE TA_XEyecenter XenergyBuilding)
(DROPOFF TA_XStarrLibrary XGreenhouse)
(WALK TA_XStarrLibrary XGreenhouse XCareerCenter)
(HOMESAFE TA_XStarrlibrary XcareerCenter)
(DROPOFF TA_XBerkeleyMuseum XGreenhouse)
(WALK TA_XBerkeleyMuseum XGreenhouse XEvansDiamond)
(HOMESAFE TA_XBerkeleymuseum XevansDiamond)
(DROPOFF TA_XCareerCenter XGreenhouse)
(WALK TA_XCareerCenter XGreenhouse XCaliforniaStadium)
(HOMESAFE TA_XCareercenter XcaliforniaStadium)
(DROPOFF TA_XDonnerLab XGreenhouse)
(WALK TA_XDonnerLab XGreenhouse XChavezCenter)
(HOMESAFE TA_XDonnerlab XchavezCenter)
(DROPOFF TA_XCafe3 XGreenhouse)
(WALK TA_XCafe3 XGreenhouse XCalvinLaboratory)
(HOMESAFE TA_XCafe3 XcalvinLaboratory)
(DROPOFF TA_XEshlemanHall XGreenhouse)
(WALK TA_XEshlemanHall XGreenhouse XCaliforniaHall)
(HOMESAFE TA_XEshlemanhall XcaliforniaHall)
(DROPOFF TA_XDoeLibrary XGreenhouse)
(WALK TA_XDoeLibrary XGreenhouse XEdwardsStadium)
(HOMESAFE TA_XDoelibrary XedwardsStadium)
(DROPOFF TA_XEdwardsStadium XGreenhouse)
(WALK TA_XEdwardsStadium XGreenhouse XBerkeleyWest)
(HOMESAFE TA_XEdwardsstadium XberkeleyWest)
(DROPOFF TA_XGayleyRd XGreenhouse)
(WALK TA_XGayleyRd XGreenhouse XGeneticsPlantBldg)
(HOMESAFE TA_XGayleyrd XgeneticsPlantBldg)
(DROPOFF TA_XChavezCenter XGreenhouse)
(WALK TA_XChavezCenter XGreenhouse XBlumHall)
(HOMESAFE TA_XChavezcenter XblumHall)
(DROPOFF TA_XFoundersRock XGreenhouse)
(WALK TA_XFoundersRock XGreenhouse XDwinelleHall)
(HOMESAFE TA_XFoundersrock XdwinelleHall)
(DROPOFF TA_XClassGate XGreenhouse)
(WALK TA_XClassGate XGreenhouse XHertzHall)
(HOMESAFE TA_XClassgate XhertzHall)
(DROPOFF TA_XHertzHall XGreenhouse)
(WALK TA_XHertzHall XGreenhouse XEtcheverryHall)
(HOMESAFE TA_XHertzhall XetcheverryHall)
(DROPOFF TA_XDavisHall XGreenhouse)
(WALK TA_XDavisHall XGreenhouse Xunit3)
(HOMESAFE TA_XDavishall Xunit3)
(DROPOFF TA_XClassFountain XGreenhouse)
(WALK TA_XClassFountain XGreenhouse XDurhamTheatre)
(HOMESAFE TA_XClassfountain XdurhamTheatre)
(DROPOFF TA_XDwinelleAnnex XGreenhouse)
(WALK TA_XDwinelleAnnex XGreenhouse XGianniniHall)
(HOMESAFE TA_XDwinelleannex XgianniniHall)
(DROPOFF TA_XEvansDiamond XGreenhouse)
(WALK TA_XEvansDiamond XGreenhouse XStarrLibrary)
(HOMESAFE TA_XEvansdiamond XstarrLibrary)
(DROPOFF TA_XClarkCampus XGreenhouse)
(WALK TA_XClarkCampus XGreenhouse XBerkeleyMuseum)
(HOMESAFE TA_XClarkcampus XberkeleyMuseum)
(DROPOFF TA_XEtcheverryHall XGreenhouse)
(WALK TA_XEtcheverryHall XGreenhouse XDonnerLab)
(HOMESAFE TA_XEtcheverryhall XdonnerLab)
(DROPOFF TA_XCalvinLaboratory XGreenhouse)
(WALK TA_XCalvinLaboratory XGreenhouse XImagingCenter)
(HOMESAFE TA_XCalvinlaboratory XimagingCenter)
(DROPOFF TA_XChanAuditorium XGreenhouse)
(WALK TA_XChanAuditorium XGreenhouse XFacultyClub)
(HOMESAFE TA_XChanauditorium XfacultyClub)
(DROPOFF TA_XChouHall XGreenhouse)
(WALK TA_XChouHall XGreenhouse XClarkCampus)
(HOMESAFE TA_XChouhall XclarkCampus)
(DROPOFF TA_XEvansHall XGreenhouse)
(WALK TA_XEvansHall XGreenhouse XGayleyRd)
(HOMESAFE TA_XEvanshall XgayleyRd)
(DROPOFF TA_Xunit3 XGreenhouse)
(WALK TA_Xunit3 XGreenhouse XDoeLibrary)
(HOMESAFE TA_Xunit3 XdoeLibrary)
(DROPOFF TA_XDwinelleHall XGreenhouse)
(WALK TA_XDwinelleHall XGreenhouse XCNMAT)
(HOMESAFE TA_XDwinellehall XcNMAT)
(DROPOFF TA_XDurhamTheatre XGreenhouse)
(WALK TA_XDurhamTheatre XGreenhouse XFacultyGlade)
(HOMESAFE TA_XDurhamtheatre XfacultyGlade)
(DROPOFF TA_XGeneticsPlantBldg XGreenhouse)
(WALK TA_XGeneticsPlantBldg XGreenhouse XChanAuditorium)
(HOMESAFE TA_XGeneticsplantbldg XchanAuditorium)
(DROPOFF TA_XCNMAT XGreenhouse)
(WALK TA_XCNMAT XGreenhouse XBlackwellHall)
(HOMESAFE TA_XCNMAT XBlackwellHall)
(DROPOFF TA_XDurantHall XGreenhouse)
(WALK TA_XDurantHall XGreenhouse XFrankWay)
(HOMESAFE TA_XDuranthall XfrankWay)
(DROPOFF TA_XCaliforniaStadium XGreenhouse)
(WALK TA_XCaliforniaStadium XGreenhouse XFoxCottage)
(HOMESAFE TA_XCaliforniastadium XfoxCottage)
(DROPOFF TA_XCampbellHall XGreenhouse)
(WALK TA_XCampbellHall XGreenhouse XCampbellHall)
(HOMESAFE TA_XCampbellhall XcampbellHall)
(DROPOFF TA_XGianniniHall XGreenhouse)
(WALK TA_XGianniniHall XGreenhouse XBoaltHall)
(HOMESAFE TA_XGianninihall XboaltHall)
(DROPOFF TA_XFrankWay XGreenhouse)
(WALK TA_XFrankWay XGreenhouse XChouHall)
(HOMESAFE TA_XFrankway XchouHall)
(DROPOFF TA_XCyclotronRd XGreenhouse)
(WALK TA_XCyclotronRd XGreenhouse XDurantHall)
(HOMESAFE TA_XCyclotronrd XdurantHall)
(DROPOFF TA_XCoryHall XGreenhouse)
(WALK TA_XCoryHall XGreenhouse XBotanGarden)
(HOMESAFE TA_XCoryhall XbotanGarden)
(DROPOFF TA_XFoxCottage XGreenhouse)
(WALK TA_XFoxCottage XGreenhouse XEastGate)
(HOMESAFE TA_XFoxcottage XeastGate)
(DROPOFF TA_XFacultyGlade XGreenhouse)
(WALK TA_XFacultyGlade XGreenhouse XDwinelleAnnex)
(HOMESAFE TA_XFacultyglade XdwinelleAnnex)
(DROPOFF TA_XCheitHall XGreenhouse)
(WALK TA_XCheitHall XGreenhouse XFoundersRock)
(HOMESAFE TA_XCheithall XfoundersRock)
(DROPOFF TA_XFacultyClub XGreenhouse)
(WALK TA_XFacultyClub XGreenhouse XCheitHall)
(HOMESAFE TA_XFacultyclub XcheitHall)
(DROPOFF TA_XEnergyBuilding XGreenhouse)
(WALK TA_XEnergyBuilding XGreenhouse XBirgeHall)
(HOMESAFE TA_XEnergybuilding XbirgeHall)
(DROPOFF TA_XEastGate XGreenhouse)
(WALK TA_XEastGate XGreenhouse XClassGate)
(HOMESAFE TA_XEastgate XclassGate)
(DROPOFF TA_XImagingCenter XGreenhouse)
(WALK TA_XImagingCenter XGreenhouse XDavisHall)
(HOMESAFE TA_XImagingcenter XdavisHall)
(DROPOFF TA_XBirgeHall XGreenhouse)
(WALK TA_XBirgeHall XGreenhouse XEshlemanHall)
(HOMESAFE TA_XBirgehall XeshlemanHall)
(DROPOFF TA_XCaliforniaHall XGreenhouse)
(WALK TA_XCaliforniaHall XGreenhouse XCyclotronRd)
(HOMESAFE TA_XCaliforniahall XcyclotronRd)
(DROPOFF TA_XBotanGarden XGreenhouse)
(WALK TA_XBotanGarden XGreenhouse XClassFountain)
(HOMESAFE TA_XBotangarden XclassFountain)
(DROPOFF TA_XBoaltHall XGreenhouse)
(WALK TA_XBoaltHall XGreenhouse XCoryHall)
(HOMESAFE TA_XBoalthall XcoryHall)
(DROPOFF TA_XBlumHall XGreenhouse)
(WALK TA_XBlumHall XGreenhouse XEyeCenter)
(HOMESAFE TA_XBlumhall XeyeCenter)
(DROPOFF TA_XBlackwellHall XGreenhouse)
(WALK TA_XBlackwellHall XGreenhouse XEvansHall)
(HOMESAFE TA_XBlackwellhall XevansHall)
