(DRIVE Xpace Xexclusive)
(DRIVE Xexclusive Xoutput)
(DROPOFF TA_Xskeleton Xoutput)
(HOMESAFE TA_Xskeleton Xoutput)
(DRIVE Xoutput Xinjury)
(DROPOFF TA_Xapproval Xinjury)
(HOMESAFE TA_Xapproval Xinjury)
(DRIVE Xinjury Xdue)
(DRIVE Xdue Xinjection)
(DRIVE Xinjection Xopposed)
(DROPOFF TA_Xinjury Xopposed)
(DRIVE Xopposed Xinjection)
(WALK TA_Xinjury Xopposed Xbrake)
(WALK TA_Xinjury Xbrake Xheadline)
(WALK TA_Xinjury Xheadline Xaudience)
(HOMESAFE TA_Xinjury Xaudience)
(DRIVE Xinjection Xopposed)
(DROPOFF TA_Xpage Xopposed)
(DRIVE Xopposed Xinjection)
(WALK TA_Xpage Xopposed Xbrake)
(WALK TA_Xpage Xbrake Xheadline)
(HOMESAFE TA_Xpage Xheadline)
(DRIVE Xinjection Xopposed)
(DRIVE Xopposed Xbrake)
(DROPOFF TA_Xking Xbrake)
(WALK TA_Xking Xbrake Xnationalist)
(DROPOFF TA_Xguarantee Xbrake)
(WALK TA_Xking Xnationalist Xfeature)
(HOMESAFE TA_Xking Xfeature)
(DRIVE Xbrake Xopposed)
(DRIVE Xopposed Xinjection)
(DRIVE Xinjection Xprofound)
(WALK TA_Xguarantee Xbrake Xmixture)
(HOMESAFE TA_Xguarantee Xmixture)
(DRIVE Xprofound Xinjection)
(DRIVE Xinjection Xopposed)
(DROPOFF TA_Xexcuse Xopposed)
(WALK TA_Xexcuse Xopposed Xbrake)
(HOMESAFE TA_Xexcuse Xbrake)
(DROPOFF TA_Xopposed Xopposed)
(DRIVE Xopposed Xinjection)
(DRIVE Xinjection Xprofound)
(WALK TA_Xopposed Xopposed Xking)
(WALK TA_Xopposed Xking Xlikely)
(DRIVE Xprofound Xinjection)
(WALK TA_Xopposed Xlikely Xcirculation)
(HOMESAFE TA_Xopposed Xcirculation)
(DRIVE Xinjection Xdue)
(DRIVE Xdue Xexcuse)
(DROPOFF TA_Xvoice Xexcuse)
(HOMESAFE TA_Xvoice Xexcuse)
(DRIVE Xexcuse Xdue)
(DRIVE Xdue Xking)
(DRIVE Xking Xapproval)
(DROPOFF TA_Xnationalist Xapproval)
(HOMESAFE TA_Xnationalist Xapproval)
(DRIVE Xapproval Xking)
(DROPOFF TA_Xoutput Xking)
(DRIVE Xking Xopposed)
(DROPOFF TA_Xfeature Xopposed)
(HOMESAFE TA_Xfeature Xopposed)
(DRIVE Xopposed Xinjection)
(WALK TA_Xoutput Xking Xlikely)
(WALK TA_Xoutput Xlikely Xmarket)
(HOMESAFE TA_Xoutput Xmarket)
(DRIVE Xinjection Xopposed)
(DRIVE Xopposed Xthumb)
(DRIVE Xthumb Xenter)
(DROPOFF TA_Xcirculation Xenter)
(HOMESAFE TA_Xcirculation Xenter)
(DRIVE Xenter Xthumb)
(DRIVE Xthumb Xopposed)
(DRIVE Xopposed Xking)
(DROPOFF TA_Xthrone Xking)
(HOMESAFE TA_Xthrone Xking)
(DRIVE Xking Xlikely)
(DROPOFF TA_Xmixture Xlikely)
(DRIVE Xlikely Xking)
(DRIVE Xking Xopposed)
(DRIVE Xopposed Xinjection)
(WALK TA_Xmixture Xlikely Xpage)
(WALK TA_Xmixture Xpage Xguarantee)
(HOMESAFE TA_Xmixture Xguarantee)
(DRIVE Xinjection Xopposed)
(DRIVE Xopposed Xbrake)
(DRIVE Xbrake Xpier)
(DRIVE Xpier Xlikely)
(DROPOFF TA_Xmarket Xlikely)
(DRIVE Xlikely Xpier)
(WALK TA_Xmarket Xlikely Xpage)
(HOMESAFE TA_Xmarket Xpage)
(DRIVE Xpier Xlikely)
(DROPOFF TA_Xlikely Xlikely)
(HOMESAFE TA_Xlikely Xlikely)
(DRIVE Xlikely Xpier)
(DRIVE Xpier Xbrake)
(DRIVE Xbrake Xnationalist)
(DROPOFF TA_Xbrake Xnationalist)
(HOMESAFE TA_Xbrake Xnationalist)
(DRIVE Xnationalist Xbrake)
(DRIVE Xbrake Xopposed)
(DRIVE Xopposed Xthumb)
(DRIVE Xthumb Xexempt)
(DROPOFF TA_Xhonor Xexempt)
(HOMESAFE TA_Xhonor Xexempt)
(DRIVE Xexempt Xthumb)
(DRIVE Xthumb Xopposed)
(DRIVE Xopposed Xskeleton)
(DROPOFF TA_Xheadline Xskeleton)
(HOMESAFE TA_Xheadline Xskeleton)
(DRIVE Xskeleton Xinjury)
(DRIVE Xinjury Xoutput)
(DRIVE Xoutput Xexclusive)
(DRIVE Xexclusive Xwinner)
(DRIVE Xwinner Xview)
(DRIVE Xview Xprison)
(DRIVE Xprison Xapproval)
(DRIVE Xapproval Xvoice)
(DROPOFF TA_Xaudience Xvoice)
(HOMESAFE TA_Xaudience Xvoice)
(DRIVE Xvoice Xdue)
(DRIVE Xdue Xgate)
(DROPOFF TA_Xgate Xgate)
(HOMESAFE TA_Xgate Xgate)
(DRIVE Xgate Xtablet)
(DRIVE Xtablet Xapproval)
(DRIVE Xapproval Xprison)
(DRIVE Xprison Xhonor)
(DROPOFF TA_Xenter Xhonor)
(DRIVE Xhonor Xprison)
(DRIVE Xprison Xenter)
(HOMESAFE TA_Xenter Xhonor)
(DRIVE Xenter Xdeposit)
(DROPOFF TA_Xexempt Xdeposit)
(HOMESAFE TA_Xexempt Xdeposit)
(DRIVE Xdeposit Xother)
(DRIVE Xother Xunderstand)
(DRIVE Xunderstand Xoutput)
(DRIVE Xoutput Xexclusive)
(DROPOFF TA_Xdeposit Xexclusive)
(DRIVE Xexclusive Xpace)
(WALK TA_Xdeposit Xexclusive Xthrone)
(HOMESAFE TA_Xdeposit Xthrone)
