(DRIVE X3Yw8H XhQySr)
(DRIVE XhQySr Xycoh0)
(DROPOFF TA_XRTNKK Xycoh0)
(HOMESAFE TA_XRTNKK Xycoh0)
(DRIVE Xycoh0 XhQySr)
(DRIVE XhQySr XxNFYO)
(DROPOFF TA_X3Yw8H XxNFYO)
(DRIVE XxNFYO XhQySr)
(WALK TA_X3Yw8H XxNFYO XKHHwN)
(HOMESAFE TA_X3Yw8h XkHHwN)
(DRIVE XhQySr XxNFYO)
(DROPOFF TA_XcvjQc XxNFYO)
(HOMESAFE TA_Xcvjqc XxNFYO)
(DRIVE XxNFYO XhQySr)
(DRIVE XhQySr Xycoh0)
(DRIVE Xycoh0 XmiscC)
(DROPOFF TA_XTz4zy XmiscC)
(HOMESAFE TA_XTz4zy XmiscC)
(DRIVE XmiscC Xycoh0)
(DRIVE Xycoh0 XhQySr)
(DRIVE XhQySr X3Yw8H)
(DROPOFF TA_Xiaf34 X3Yw8H)
(HOMESAFE TA_Xiaf34 X3Yw8H)
(DRIVE X3Yw8H XIWj7Z)
(DRIVE XIWj7Z XEQJ7U)
(DRIVE XEQJ7U X5PNx4)
(DROPOFF TA_XzSmKp X5PNx4)
(DRIVE X5PNx4 Xs8jhm)
(WALK TA_XzSmKp X5PNx4 Xx5InZ)
(DRIVE Xs8jhm Xw0i4E)
(DROPOFF TA_X5PNx4 Xw0i4E)
(DRIVE Xw0i4E Xs8jhm)
(WALK TA_XzSmKp Xx5InZ X5PNx4)
(DRIVE Xs8jhm XJcs3B)
(WALK TA_X5PNx4 Xw0i4E Xs8jhm)
(WALK TA_X5PNx4 Xs8jhm X9e1Io)
(HOMESAFE TA_X5PNx4 X9e1Io)
(DRIVE XJcs3B Xs8jhm)
(WALK TA_XzSmKp X5PNx4 Xx5InZ)
(DRIVE Xs8jhm Xw0i4E)
(DROPOFF TA_X9e1Io Xw0i4E)
(DRIVE Xw0i4E Xs8jhm)
(DRIVE Xs8jhm XJcs3B)
(DRIVE XJcs3B XEQJ7U)
(WALK TA_XzSmKp Xx5InZ XP18zR)
(DRIVE XEQJ7U X5PNx4)
(DROPOFF TA_XTT3Hk X5PNx4)
(HOMESAFE TA_Xzsmkp Xp18zR)
(HOMESAFE TA_XTT3Hk X5PNx4)
(WALK TA_X9e1Io Xw0i4E Xs8jhm)
(DRIVE X5PNx4 XfEdtk)
(DRIVE XfEdtk XTz4zy)
(DROPOFF TA_XKHHwN XTz4zy)
(HOMESAFE TA_XKHHwn Xtz4zy)
(DRIVE XTz4zy XfEdtk)
(DRIVE XfEdtk XZ7joj)
(DROPOFF TA_XM5wZP XZ7joj)
(DRIVE XZ7joj XfEdtk)
(WALK TA_XM5wZP XZ7joj XM5wZP)
(DRIVE XfEdtk XEQJ7U)
(WALK TA_X9e1Io Xs8jhm X5ayvc)
(DRIVE XEQJ7U XBSqOv)
(DROPOFF TA_XOhHc9 XBSqOv)
(HOMESAFE TA_XM5wzp Xm5wZP)
(HOMESAFE TA_XOhhc9 XbSqOv)
(WALK TA_X9e1Io X5ayvc XOhHc9)
(DRIVE XBSqOv XQUkKU)
(DROPOFF TA_XP18zR XQUkKU)
(HOMESAFE TA_XP18zr XqUkKU)
(DRIVE XQUkKU XCmuV1)
(DRIVE XCmuV1 XcvjQc)
(DROPOFF TA_XQUkKU XcvjQc)
(DRIVE XcvjQc X3Yw8H)
(WALK TA_XQUkKU XcvjQc XJYR5M)
(HOMESAFE TA_XQUkku XjYR5M)
(DRIVE X3Yw8H XcvjQc)
(DROPOFF TA_XZ7joj XcvjQc)
(DRIVE XcvjQc X3Yw8H)
(DRIVE X3Yw8H XhQySr)
(WALK TA_XZ7joj XcvjQc XCmuV1)
(WALK TA_XZ7joj XCmuV1 XzSmKp)
(HOMESAFE TA_XZ7joj XzSmKp)
(DRIVE XhQySr X3Yw8H)
(DRIVE X3Yw8H XcvjQc)
(DROPOFF TA_XxNFYO XcvjQc)
(HOMESAFE TA_Xxnfyo XcvjQc)
(DRIVE XcvjQc X3Yw8H)
(DRIVE X3Yw8H XIWj7Z)
(DRIVE XIWj7Z XEQJ7U)
(HOMESAFE TA_X9e1io XohHc9)
(DRIVE XEQJ7U XfEdtk)
(DRIVE XfEdtk Xs8jhm)
(DRIVE Xs8jhm Xw0i4E)
(DROPOFF TA_XBSqOv Xw0i4E)
(DRIVE Xw0i4E Xs8jhm)
(DRIVE Xs8jhm XJcs3B)
(DRIVE XJcs3B XEQJ7U)
(DRIVE XEQJ7U X8MJwv)
(DROPOFF TA_XEvuAH X8MJwv)
(HOMESAFE TA_XEvuah X8MJwv)
(DRIVE X8MJwv XEQJ7U)
(DRIVE XEQJ7U XZ7joj)
(DROPOFF TA_XVm2RV XZ7joj)
(HOMESAFE TA_XVm2rv Xz7joj)
(DRIVE XZ7joj XEQJ7U)
(DRIVE XEQJ7U XTT3Hk)
(DROPOFF TA_Xw0i4E XTT3Hk)
(HOMESAFE TA_Xw0i4e XtT3Hk)
(DRIVE XTT3Hk XEQJ7U)
(DRIVE XEQJ7U XIWj7Z)
(WALK TA_XBSqOv Xw0i4E Xs8jhm)
(WALK TA_XBSqOv Xs8jhm XRTNKK)
(DRIVE XIWj7Z XEQJ7U)
(DRIVE XEQJ7U Xiaf34)
(DROPOFF TA_XmiscC Xiaf34)
(HOMESAFE TA_Xmiscc Xiaf34)
(DRIVE Xiaf34 XEQJ7U)
(DRIVE XEQJ7U XvN0gV)
(DROPOFF TA_XvN0gV XvN0gV)
(HOMESAFE TA_Xvn0gv XvN0gV)
(HOMESAFE TA_XBSqov XrTNKK)
(DRIVE XvN0gV XEQJ7U)
(DRIVE XEQJ7U XVm2RV)
(DROPOFF TA_XJYR5M XVm2RV)
(HOMESAFE TA_XJYR5M XVm2RV)
(DRIVE XVm2RV XRTNKK)
(DRIVE XRTNKK Xs8jhm)
(DRIVE Xs8jhm Xw0i4E)
(DROPOFF TA_Xycoh0 Xw0i4E)
(DRIVE Xw0i4E Xs8jhm)
(DRIVE Xs8jhm XJcs3B)
(DRIVE XJcs3B XEQJ7U)
(HOMESAFE TA_Xycoh0 Xw0i4E)
(DRIVE XEQJ7U XIWj7Z)
(DRIVE XIWj7Z X3Yw8H)
(DRIVE X3Yw8H XhQySr)
(DRIVE XhQySr Xycoh0)
(DRIVE Xycoh0 XEvuAH)
(DROPOFF TA_X8MJwv XEvuAH)
(HOMESAFE TA_X8MJwv XevuAH)
(DRIVE XEvuAH Xycoh0)
(DRIVE Xycoh0 XhQySr)
(DRIVE XhQySr X3Yw8H)
