(DRIVE XLesnoy XGatesNorth)
(DROPOFF TA_XYangambi XGatesNorth)
(HOMESAFE TA_XYangambi XgatesNorth)
(DRIVE XGatesNorth XLesnoy)
(DROPOFF TA_XBrentwood XLesnoy)
(HOMESAFE TA_XBrentwood Xlesnoy)
(DRIVE XLesnoy XHueytown)
(DROPOFF TA_XFranceville XHueytown)
(HOMESAFE TA_XFranceville Xhueytown)
(DRIVE XHueytown XFranceville)
(DROPOFF TA_XPortogruaro XFranceville)
(DRIVE XFranceville XBeveren)
(WALK TA_XPortogruaro XFranceville XRutherglen)
(DRIVE XBeveren XSun)
(DROPOFF TA_XWinsford XSun)
(HOMESAFE TA_XPortogruaro Xrutherglen)
(HOMESAFE TA_XWinsford Xsun)
(DRIVE XSun XBeveren)
(DRIVE XBeveren XStade)
(DROPOFF TA_XLesnoy XStade)
(HOMESAFE TA_XLesnoy Xstade)
(DRIVE XStade XPortogruaro)
(DROPOFF TA_XBlackpool XPortogruaro)
(DRIVE XPortogruaro XArtur)
(DROPOFF TA_XGatesNorth XArtur)
(HOMESAFE TA_XGatesnorth Xartur)
(WALK TA_XBlackpool XPortogruaro XHudiksvall)
(HOMESAFE TA_XBlackpool Xhudiksvall)
(DRIVE XArtur XPortogruaro)
(DROPOFF TA_XGisborne XPortogruaro)
(DRIVE XPortogruaro XBeveren)
(DRIVE XBeveren XZgorzelec)
(DROPOFF TA_XGlogovac XZgorzelec)
(HOMESAFE TA_XGlogovac Xzgorzelec)
(DRIVE XZgorzelec XBeveren)
(DRIVE XBeveren XMeerut)
(HOMESAFE TA_XGisborne Xportogruaro)
(DROPOFF TA_XSungurlu XMeerut)
(HOMESAFE TA_XSungurlu Xmeerut)
(DRIVE XMeerut XGisborne)
(DROPOFF TA_XStade XGisborne)
(HOMESAFE TA_XStade Xgisborne)
(DRIVE XGisborne XKen)
(DRIVE XKen XBrentwood)
(DROPOFF TA_XHueytown XBrentwood)
(HOMESAFE TA_XHueytown Xbrentwood)
(DRIVE XBrentwood XHueytown)
(DRIVE XHueytown XMalaut)
(DROPOFF TA_XPingyi XMalaut)
(DRIVE XMalaut XBeveren)
(WALK TA_XPingyi XMalaut XVisitacion)
(HOMESAFE TA_XPingyi Xvisitacion)
(DRIVE XBeveren XMalaut)
(DROPOFF TA_XMalaut XMalaut)
(HOMESAFE TA_XMalaut Xmalaut)
(DRIVE XMalaut XBeveren)
(DRIVE XBeveren XKundla)
(DROPOFF TA_XIshim XKundla)
(HOMESAFE TA_XIshim Xkundla)
(DRIVE XKundla XBeveren)
(DRIVE XBeveren XIshim)
(DROPOFF TA_XZgorzelec XIshim)
(HOMESAFE TA_XZgorzelec Xishim)
(DRIVE XIshim XGisborne)
(DRIVE XGisborne XFranceville)
(DROPOFF TA_XSun XFranceville)
(HOMESAFE TA_XSun Xfranceville)
(DRIVE XFranceville XHueytown)
(DRIVE XHueytown XBlackpool)
(DROPOFF TA_XVisitacion XBlackpool)
(HOMESAFE TA_XVisitacion Xblackpool)
(DRIVE XBlackpool XGisborne)
(DRIVE XGisborne XWinsford)
(DROPOFF TA_XKundla XWinsford)
(DRIVE XWinsford XGisborne)
(DRIVE XGisborne XPingyi)
(DROPOFF TA_XMeerut XPingyi)
(HOMESAFE TA_XMeerut Xpingyi)
(DRIVE XPingyi XGisborne)
(DRIVE XGisborne XDharmapuri)
(DROPOFF TA_XArtur XDharmapuri)
(DRIVE XDharmapuri XGisborne)
(DRIVE XGisborne XGlogovac)
(DROPOFF TA_XDharmapuri XGlogovac)
(HOMESAFE TA_XKundla Xwinsford)
(HOMESAFE TA_XDharmapuri Xglogovac)
(DRIVE XGlogovac XAndijon)
(DRIVE XAndijon XYangambi)
(DROPOFF TA_XRutherglen XYangambi)
(HOMESAFE TA_XRutherglen Xyangambi)
(DRIVE XYangambi XBeveren)
(DRIVE XBeveren XSungurlu)
(DROPOFF TA_XHudiksvall XSungurlu)
(HOMESAFE TA_XArtur Xdharmapuri)
(DRIVE XSungurlu XLesnoy)
(HOMESAFE TA_XHudiksvall Xsungurlu)
