(DRIVE XL0 XL2)
(DRIVE XL2 XL4)
(DRIVE XL4 XH20)
(DROPOFF TA_XH25 XH20)
(HOMESAFE TA_XH25 XH20)
(DRIVE XH20 XL4)
(DRIVE XL4 XL10)
(DRIVE XL10 XL11)
(DRIVE XL11 XL13)
(DRIVE XL13 XL14)
(DRIVE XL14 XL18)
(DRIVE XL18 XL19)
(DRIVE XL19 XL25)
(DRIVE XL25 XH1)
(DROPOFF TA_XH24 XH1)
(HOMESAFE TA_XH24 XH1)
(DRIVE XH1 XH2)
(DROPOFF TA_XH23 XH2)
(HOMESAFE TA_XH23 XH2)
(DRIVE XH2 XH3)
(DROPOFF TA_XH22 XH3)
(HOMESAFE TA_XH22 XH3)
(DRIVE XH3 XH4)
(DROPOFF TA_XH21 XH4)
(HOMESAFE TA_XH21 XH4)
(DRIVE XH4 XH5)
(DROPOFF TA_XH20 XH5)
(HOMESAFE TA_XH20 XH5)
(DRIVE XH5 XH6)
(DROPOFF TA_XH19 XH6)
(HOMESAFE TA_XH19 XH6)
(DRIVE XH6 XH12)
(DROPOFF TA_XH18 XH12)
(HOMESAFE TA_XH18 XH12)
(DRIVE XH12 XH13)
(DROPOFF TA_XH17 XH13)
(HOMESAFE TA_XH17 XH13)
(DRIVE XH13 XH14)
(DROPOFF TA_XH16 XH14)
(HOMESAFE TA_XH16 XH14)
(DRIVE XH14 XH15)
(DROPOFF TA_XH15 XH15)
(HOMESAFE TA_XH15 XH15)
(DRIVE XH15 XH14)
(DRIVE XH14 XH16)
(DROPOFF TA_XH14 XH16)
(HOMESAFE TA_XH14 XH16)
(DRIVE XH16 XH17)
(DROPOFF TA_XH13 XH17)
(DRIVE XH17 XH18)
(DROPOFF TA_XH12 XH18)
(HOMESAFE TA_XH12 XH18)
(WALK TA_XH13 XH17 XH19)
(HOMESAFE TA_XH13 XH19)
(DRIVE XH18 XH21)
(DROPOFF TA_XH11 XH21)
(HOMESAFE TA_XH11 XH21)
(DRIVE XH21 XH22)
(DROPOFF TA_XH10 XH22)
(HOMESAFE TA_XH10 XH22)
(DRIVE XH22 XH23)
(DROPOFF TA_XH9 XH23)
(HOMESAFE TA_XH9 XH23)
(DRIVE XH23 XL1)
(DRIVE XL1 XH25)
(DROPOFF TA_XH8 XH25)
(HOMESAFE TA_XH8 XH25)
(DRIVE XH25 XH24)
(DROPOFF TA_XH7 XH24)
(HOMESAFE TA_XH7 XH24)
(DRIVE XH24 XL1)
(DRIVE XL1 XH23)
(DRIVE XH23 XH22)
(DRIVE XH22 XH21)
(DRIVE XH21 XH18)
(DRIVE XH18 XH17)
(DROPOFF TA_XH6 XH17)
(HOMESAFE TA_XH6 XH17)
(DRIVE XH17 XH16)
(DRIVE XH16 XH13)
(DRIVE XH13 XH12)
(DRIVE XH12 XH6)
(DRIVE XH6 XH8)
(DROPOFF TA_XH5 XH8)
(DRIVE XH8 XH6)
(DRIVE XH6 XH9)
(DROPOFF TA_XH4 XH9)
(HOMESAFE TA_XH4 XH9)
(DRIVE XH9 XH11)
(DROPOFF TA_XH3 XH11)
(HOMESAFE TA_XH3 XH11)
(DRIVE XH11 XH10)
(WALK TA_XH5 XH8 XH7)
(DROPOFF TA_XH2 XH10)
(DRIVE XH10 XH11)
(DRIVE XH11 XH6)
(HOMESAFE TA_XH5 XH7)
(HOMESAFE TA_XH2 XH10)
(DRIVE XH6 XH8)
(DROPOFF TA_XH1 XH8)
(DRIVE XH8 XH6)
(HOMESAFE TA_XH1 XH8)
(DRIVE XH6 XH5)
(DRIVE XH5 XH4)
(DRIVE XH4 XH3)
(DRIVE XH3 XH2)
(DRIVE XH2 XH1)
(DRIVE XH1 XL25)
(DRIVE XL25 XL19)
(DRIVE XL19 XL18)
(DRIVE XL18 XL14)
(DRIVE XL14 XL13)
(DRIVE XL13 XL11)
(DRIVE XL11 XL10)
(DRIVE XL10 XL6)
(DRIVE XL6 XL3)
(DRIVE XL3 XL2)
(DRIVE XL2 XL0)
