(DRIVE Xcreate Xsteward)
(DROPOFF TA_Xline Xsteward)
(HOMESAFE TA_Xline Xsteward)
(DRIVE Xsteward Xchildish)
(DROPOFF TA_Xmerit Xchildish)
(HOMESAFE TA_Xmerit Xchildish)
(DRIVE Xchildish Xcancel)
(DROPOFF TA_Xhide Xcancel)
(HOMESAFE TA_Xhide Xcancel)
(DRIVE Xcancel Xsteward)
(DRIVE Xsteward Xcreate)
(DRIVE Xcreate Xaccessible)
(DROPOFF TA_Xpredict Xaccessible)
(DRIVE Xaccessible Xcreate)
(HOMESAFE TA_Xpredict Xaccessible)
(DRIVE Xcreate Xsteward)
(DRIVE Xsteward Xminimize)
(DROPOFF TA_Xfuss Xminimize)
(HOMESAFE TA_Xfuss Xminimize)
(DRIVE Xminimize Xmosaic)
(DRIVE Xmosaic Xcreate)
(DRIVE Xcreate Xperception)
(DROPOFF TA_Xdirect Xperception)
(HOMESAFE TA_Xdirect Xperception)
(DRIVE Xperception Xscrap)
(DROPOFF TA_Xcontract Xscrap)
(HOMESAFE TA_Xcontract Xscrap)
(DRIVE Xscrap Xsalmon)
(DRIVE Xsalmon Xballot)
(DROPOFF TA_Xscrap Xballot)
(HOMESAFE TA_Xscrap Xballot)
(DRIVE Xballot Xsuffer)
(DRIVE Xsuffer Xchildish)
(DRIVE Xchildish Xhide)
(DROPOFF TA_Xaccessible Xhide)
(DRIVE Xhide Xcreate)
(HOMESAFE TA_Xaccessible Xhide)
(DRIVE Xcreate Xpride)
(DROPOFF TA_Xlinear Xpride)
(DRIVE Xpride Xcreate)
(HOMESAFE TA_Xlinear Xpride)
(DRIVE Xcreate Xchildish)
(DRIVE Xchildish Xsuffer)
(DROPOFF TA_Xpride Xsuffer)
(HOMESAFE TA_Xpride Xsuffer)
(DRIVE Xsuffer Xchildish)
(DRIVE Xchildish Xbelief)
(DROPOFF TA_Xcrew Xbelief)
(HOMESAFE TA_Xcrew Xbelief)
(DRIVE Xbelief Xcreate)
(DRIVE Xcreate Xsteward)
(DRIVE Xsteward Xnationalism)
(DROPOFF TA_Xcreation Xnationalism)
(HOMESAFE TA_Xcreation Xnationalism)
(DRIVE Xnationalism Xvote)
(DRIVE Xvote Xchildish)
(DRIVE Xchildish Xappear)
(DROPOFF TA_Xcommunity Xappear)
(DRIVE Xappear Xcreate)
(HOMESAFE TA_Xcommunity Xappear)
(DRIVE Xcreate Xchildish)
(DRIVE Xchildish Xcreation)
(DROPOFF TA_Xprove Xcreation)
(HOMESAFE TA_Xprove Xcreation)
(DRIVE Xcreation Xvote)
(DRIVE Xvote Xpupil)
(DROPOFF TA_Xthink Xpupil)
(HOMESAFE TA_Xthink Xpupil)
(DRIVE Xpupil Xsalmon)
(DRIVE Xsalmon Xminimize)
(DRIVE Xminimize Xthink)
(DROPOFF TA_Xbattery Xthink)
(HOMESAFE TA_Xbattery Xthink)
(DRIVE Xthink Xcolon)
(DROPOFF TA_Xcelebration Xcolon)
(HOMESAFE TA_Xcelebration Xcolon)
(DRIVE Xcolon Xmosaic)
(DRIVE Xmosaic Xcreate)
(DRIVE Xcreate Xchildish)
(DRIVE Xchildish Xfuss)
(DROPOFF TA_Xnationalism Xfuss)
(HOMESAFE TA_Xnationalism Xfuss)
(DRIVE Xfuss Xchildish)
(DRIVE Xchildish Xcreate)
(DRIVE Xcreate Xexotic)
(DROPOFF TA_Xadult Xexotic)
(DRIVE Xexotic Xcreate)
(HOMESAFE TA_Xadult Xexotic)
(DRIVE Xcreate Xmerit)
(DROPOFF TA_Xtin Xmerit)
(DRIVE Xmerit Xcreate)
(HOMESAFE TA_Xtin Xmerit)
(DRIVE Xcreate Xchildish)
(DRIVE Xchildish Xbattery)
(DROPOFF TA_Xfeign Xbattery)
(HOMESAFE TA_Xfeign Xbattery)
(DRIVE Xbattery Xintegrated)
(DRIVE Xintegrated Xcelebration)
(DROPOFF TA_Xfarewell Xcelebration)
(HOMESAFE TA_Xfarewell Xcelebration)
(DRIVE Xcelebration Xsalmon)
(DRIVE Xsalmon Xdeck)
(DROPOFF TA_Xbracket Xdeck)
(HOMESAFE TA_Xbracket Xdeck)
(DRIVE Xdeck Xpride)
(DRIVE Xpride Xcreate)
(DRIVE Xcreate Xmechanism)
(DROPOFF TA_Xexotic Xmechanism)
(DRIVE Xmechanism Xcreate)
(HOMESAFE TA_Xexotic Xmechanism)
(DRIVE Xcreate Xpride)
(DRIVE Xpride Xbracket)
(DROPOFF TA_Xballot Xbracket)
(HOMESAFE TA_Xballot Xbracket)
(DRIVE Xbracket Xsalmon)
(DRIVE Xsalmon Xchildish)
(DRIVE Xchildish Xdose)
(DROPOFF TA_Xsteward Xdose)
(HOMESAFE TA_Xsteward Xdose)
(DRIVE Xdose Xchildish)
(DRIVE Xchildish Xpredict)
(DROPOFF TA_Xperception Xpredict)
(DRIVE Xpredict Xcreate)
(HOMESAFE TA_Xperception Xpredict)
(DRIVE Xcreate Xconcern)
(DROPOFF TA_Xconcern Xconcern)
(DRIVE Xconcern Xcreate)
(HOMESAFE TA_Xconcern Xconcern)
(DRIVE Xcreate Xmaze)
(DROPOFF TA_Xcancel Xmaze)
(DRIVE Xmaze Xcreate)
(HOMESAFE TA_Xcancel Xmaze)
(DRIVE Xcreate Xbreakin)
(DROPOFF TA_Xbreakin Xbreakin)
(DRIVE Xbreakin Xcreate)
(HOMESAFE TA_Xbreakin Xbreakin)
(DRIVE Xcreate Xmosaic)
(DRIVE Xmosaic Xcrew)
(DROPOFF TA_Xcolon Xcrew)
(HOMESAFE TA_Xcolon Xcrew)
(DRIVE Xcrew Xappear)
(DRIVE Xappear Xtop)
(DROPOFF TA_Xchildish Xtop)
(DRIVE Xtop Xcreate)
(HOMESAFE TA_Xchildish Xtop)
(DRIVE Xcreate Xmosaic)
(DRIVE Xmosaic Xminimize)
(DRIVE Xminimize Xabsorption)
(DROPOFF TA_Xdose Xabsorption)
(HOMESAFE TA_Xdose Xabsorption)
(DRIVE Xabsorption Xadult)
(DROPOFF TA_Xtransmission Xadult)
(HOMESAFE TA_Xtransmission Xadult)
(DRIVE Xadult Xminimize)
(DRIVE Xminimize Xfarewell)
(DROPOFF TA_Xmagnitude Xfarewell)
(DRIVE Xfarewell Xcreate)
(HOMESAFE TA_Xmagnitude Xfarewell)
(DRIVE Xcreate Xchildish)
(DRIVE Xchildish Xcompany)
(DROPOFF TA_Xsuffer Xcompany)
(HOMESAFE TA_Xsuffer Xcompany)
(DRIVE Xcompany Xformation)
(DRIVE Xformation Xtin)
(DROPOFF TA_Xtop Xtin)
(HOMESAFE TA_Xtop Xtin)
(DRIVE Xtin Xcelebration)
(DRIVE Xcelebration Xprove)
(DROPOFF TA_Xabsorption Xprove)
(HOMESAFE TA_Xabsorption Xprove)
(DRIVE Xprove Xcancel)
(DRIVE Xcancel Xbasketball)
(DROPOFF TA_Xskip Xbasketball)
(DRIVE Xbasketball Xcreate)
(HOMESAFE TA_Xskip Xbasketball)
(DRIVE Xcreate Xfeign)
(DROPOFF TA_Xbasketball Xfeign)
(DRIVE Xfeign Xcreate)
(HOMESAFE TA_Xbasketball Xfeign)
(DRIVE Xcreate Xcommunity)
(DROPOFF TA_Xpupil Xcommunity)
(DRIVE Xcommunity Xcreate)
(HOMESAFE TA_Xpupil Xcommunity)
(DRIVE Xcreate Xdirect)
(DROPOFF TA_Xdeck Xdirect)
(DRIVE Xdirect Xcreate)
(HOMESAFE TA_Xdeck Xdirect)
(DRIVE Xcreate Xmagnitude)
(DROPOFF TA_Xappear Xmagnitude)
(DRIVE Xmagnitude Xcreate)
(HOMESAFE TA_Xappear Xmagnitude)
(DRIVE Xcreate Xmosaic)
(DRIVE Xmosaic Xline)
(DROPOFF TA_Xbelief Xline)
(HOMESAFE TA_Xbelief Xline)
(DRIVE Xline Xmosaic)
(DRIVE Xmosaic Xlinear)
(DROPOFF TA_Xpastel Xlinear)
(HOMESAFE TA_Xpastel Xlinear)
(DRIVE Xlinear Xcontract)
(DROPOFF TA_Xmaze Xcontract)
(HOMESAFE TA_Xmaze Xcontract)
(DRIVE Xcontract Xappear)
(DRIVE Xappear Xtransmission)
(DROPOFF TA_Xminimize Xtransmission)
(HOMESAFE TA_Xminimize Xtransmission)
(DRIVE Xtransmission Xmosaic)
(DRIVE Xmosaic Xpastel)
(DROPOFF TA_Xmechanism Xpastel)
(HOMESAFE TA_Xmechanism Xpastel)
(DRIVE Xpastel Xmagnetic)
(DRIVE Xmagnetic Xskip)
(DROPOFF TA_Xcompany Xskip)
(HOMESAFE TA_Xcompany Xskip)
(DRIVE Xskip Xtop)
(DRIVE Xtop Xcreate)
