(DRIVE Xsteward Xexotic)
(DROPOFF TA_Xdeck Xexotic)
(HOMESAFE TA_Xdeck Xexotic)
(DRIVE Xexotic Xcompany)
(DROPOFF TA_Xskip Xcompany)
(HOMESAFE TA_Xskip Xcompany)
(DRIVE Xcompany Xhide)
(DROPOFF TA_Xcrew Xhide)
(HOMESAFE TA_Xcrew Xhide)
(DRIVE Xhide Xcompany)
(DRIVE Xcompany Xbasketball)
(DROPOFF TA_Xscrap Xbasketball)
(HOMESAFE TA_Xscrap Xbasketball)
(DRIVE Xbasketball Xexotic)
(DRIVE Xexotic Xfarewell)
(DROPOFF TA_Xcompany Xfarewell)
(HOMESAFE TA_Xcompany Xfarewell)
(DRIVE Xfarewell Xline)
(DRIVE Xline Xtin)
(DROPOFF TA_Xbasketball Xtin)
(HOMESAFE TA_Xbasketball Xtin)
(DRIVE Xtin Xlinear)
(DROPOFF TA_Xbelief Xlinear)
(HOMESAFE TA_Xbelief Xlinear)
(DRIVE Xlinear Xskip)
(DROPOFF TA_Xexotic Xskip)
(HOMESAFE TA_Xexotic Xskip)
(DRIVE Xskip Xfuss)
(DRIVE Xfuss Xballot)
(DROPOFF TA_Xcreation Xballot)
(HOMESAFE TA_Xcreation Xballot)
(DRIVE Xballot Xchildish)
(DROPOFF TA_Xperception Xchildish)
(DRIVE Xchildish Xminimize)
(DROPOFF TA_Xhide Xminimize)
(HOMESAFE TA_Xhide Xminimize)
(DRIVE Xminimize Xappear)
(DROPOFF TA_Xtop Xappear)
(HOMESAFE TA_Xtop Xappear)
(DRIVE Xappear Xcreation)
(DROPOFF TA_Xconcern Xcreation)
(HOMESAFE TA_Xperception Xchildish)
(DRIVE Xcreation Xbattery)
(DRIVE Xbattery Xsteward)
(WALK TA_Xconcern Xcreation Xperception)
(HOMESAFE TA_Xconcern Xperception)
(DRIVE Xsteward Xdeck)
(DROPOFF TA_Xcommunity Xdeck)
(HOMESAFE TA_Xcommunity Xdeck)
(DRIVE Xdeck Xsteward)
(DRIVE Xsteward Xballot)
(DRIVE Xballot Xcommunity)
(DROPOFF TA_Xpastel Xcommunity)
(HOMESAFE TA_Xpastel Xcommunity)
(DRIVE Xcommunity Xcreation)
(DROPOFF TA_Xchildish Xcreation)
(HOMESAFE TA_Xchildish Xcreation)
(DRIVE Xcreation Xbattery)
(DROPOFF TA_Xtin Xbattery)
(HOMESAFE TA_Xtin Xbattery)
(DRIVE Xbattery Xsteward)
(DRIVE Xsteward Xadult)
(DROPOFF TA_Xfarewell Xadult)
(HOMESAFE TA_Xfarewell Xadult)
(DRIVE Xadult Xsteward)
(DRIVE Xsteward Xconcern)
(DROPOFF TA_Xballot Xconcern)
(DRIVE Xconcern Xsteward)
(WALK TA_Xballot Xconcern Xpastel)
(DRIVE Xsteward Xthink)
(DROPOFF TA_Xlinear Xthink)
(DRIVE Xthink Xsteward)
(WALK TA_Xballot Xpastel Xscrap)
(HOMESAFE TA_Xballot Xscrap)
(DRIVE Xsteward Xchildish)
(DRIVE Xchildish Xbelief)
(HOMESAFE TA_Xlinear Xthink)
(DROPOFF TA_Xminimize Xbelief)
(HOMESAFE TA_Xminimize Xbelief)
(DRIVE Xbelief Xprove)
(DRIVE Xprove Xconcern)
(DROPOFF TA_Xthink Xconcern)
(DRIVE Xconcern Xpastel)
(DROPOFF TA_Xadult Xpastel)
(DRIVE Xpastel Xfuss)
(DRIVE Xfuss Xtop)
(DROPOFF TA_Xappear Xtop)
(HOMESAFE TA_Xappear Xtop)
(HOMESAFE TA_Xadult Xpastel)
(HOMESAFE TA_Xthink Xconcern)
(DRIVE Xtop Xcrew)
(DROPOFF TA_Xbattery Xcrew)
(DRIVE Xcrew Xballot)
(HOMESAFE TA_Xbattery Xcrew)
(DRIVE Xballot Xsteward)
