(DRIVE XSoda Xbuilding4)
(DRIVE Xbuilding4 Xbuilding25)
(DROPOFF TA_Xbuilding55 Xbuilding25)
(HOMESAFE TA_Xbuilding55 Xbuilding25)
(DRIVE Xbuilding25 Xbuilding50)
(DROPOFF TA_Xbuilding54 Xbuilding50)
(HOMESAFE TA_Xbuilding54 Xbuilding50)
(DRIVE Xbuilding50 Xbuilding25)
(DRIVE Xbuilding25 Xbuilding4)
(DRIVE Xbuilding4 Xbuilding21)
(DROPOFF TA_Xbuilding53 Xbuilding21)
(HOMESAFE TA_Xbuilding53 Xbuilding21)
(DRIVE Xbuilding21 Xbuilding46)
(DROPOFF TA_Xbuilding52 Xbuilding46)
(HOMESAFE TA_Xbuilding52 Xbuilding46)
(DRIVE Xbuilding46 Xbuilding21)
(DRIVE Xbuilding21 Xbuilding4)
(DRIVE Xbuilding4 Xbuilding24)
(DROPOFF TA_Xbuilding51 Xbuilding24)
(HOMESAFE TA_Xbuilding51 Xbuilding24)
(DRIVE Xbuilding24 Xbuilding49)
(DROPOFF TA_Xbuilding50 Xbuilding49)
(HOMESAFE TA_Xbuilding50 Xbuilding49)
(DRIVE Xbuilding49 Xbuilding24)
(DRIVE Xbuilding24 Xbuilding4)
(DRIVE Xbuilding4 Xbuilding22)
(DROPOFF TA_Xbuilding49 Xbuilding22)
(HOMESAFE TA_Xbuilding49 Xbuilding22)
(DRIVE Xbuilding22 Xbuilding47)
(DROPOFF TA_Xbuilding48 Xbuilding47)
(HOMESAFE TA_Xbuilding48 Xbuilding47)
(DRIVE Xbuilding47 Xbuilding22)
(DRIVE Xbuilding22 Xbuilding4)
(DRIVE Xbuilding4 Xbuilding23)
(DROPOFF TA_Xbuilding47 Xbuilding23)
(HOMESAFE TA_Xbuilding47 Xbuilding23)
(DRIVE Xbuilding23 Xbuilding48)
(DROPOFF TA_Xbuilding46 Xbuilding48)
(HOMESAFE TA_Xbuilding46 Xbuilding48)
(DRIVE Xbuilding48 Xbuilding23)
(DRIVE Xbuilding23 Xbuilding4)
(DRIVE Xbuilding4 XSoda)
(DRIVE XSoda Xbuilding3)
(DRIVE Xbuilding3 Xbuilding17)
(DROPOFF TA_Xbuilding45 Xbuilding17)
(HOMESAFE TA_Xbuilding45 Xbuilding17)
(DRIVE Xbuilding17 Xbuilding42)
(DROPOFF TA_Xbuilding44 Xbuilding42)
(HOMESAFE TA_Xbuilding44 Xbuilding42)
(DRIVE Xbuilding42 Xbuilding17)
(DRIVE Xbuilding17 Xbuilding3)
(DRIVE Xbuilding3 Xbuilding19)
(DROPOFF TA_Xbuilding43 Xbuilding19)
(HOMESAFE TA_Xbuilding43 Xbuilding19)
(DRIVE Xbuilding19 Xbuilding44)
(DROPOFF TA_Xbuilding42 Xbuilding44)
(HOMESAFE TA_Xbuilding42 Xbuilding44)
(DRIVE Xbuilding44 Xbuilding19)
(DRIVE Xbuilding19 Xbuilding3)
(DRIVE Xbuilding3 Xbuilding20)
(DROPOFF TA_Xbuilding41 Xbuilding20)
(HOMESAFE TA_Xbuilding41 Xbuilding20)
(DRIVE Xbuilding20 Xbuilding45)
(DROPOFF TA_Xbuilding40 Xbuilding45)
(HOMESAFE TA_Xbuilding40 Xbuilding45)
(DRIVE Xbuilding45 Xbuilding20)
(DRIVE Xbuilding20 Xbuilding3)
(DRIVE Xbuilding3 Xbuilding18)
(DROPOFF TA_Xbuilding39 Xbuilding18)
(HOMESAFE TA_Xbuilding39 Xbuilding18)
(DRIVE Xbuilding18 Xbuilding43)
(DROPOFF TA_Xbuilding38 Xbuilding43)
(HOMESAFE TA_Xbuilding38 Xbuilding43)
(DRIVE Xbuilding43 Xbuilding18)
(DRIVE Xbuilding18 Xbuilding3)
(DRIVE Xbuilding3 Xbuilding16)
(DROPOFF TA_Xbuilding37 Xbuilding16)
(HOMESAFE TA_Xbuilding37 Xbuilding16)
(DRIVE Xbuilding16 Xbuilding41)
(DROPOFF TA_Xbuilding36 Xbuilding41)
(HOMESAFE TA_Xbuilding36 Xbuilding41)
(DRIVE Xbuilding41 Xbuilding16)
(DRIVE Xbuilding16 Xbuilding3)
(DRIVE Xbuilding3 XSoda)
(DRIVE XSoda Xbuilding1)
(DRIVE Xbuilding1 Xbuilding6)
(DROPOFF TA_Xbuilding35 Xbuilding6)
(HOMESAFE TA_Xbuilding35 Xbuilding6)
(DRIVE Xbuilding6 Xbuilding31)
(DROPOFF TA_Xbuilding34 Xbuilding31)
(HOMESAFE TA_Xbuilding34 Xbuilding31)
(DRIVE Xbuilding31 Xbuilding6)
(DRIVE Xbuilding6 Xbuilding1)
(DRIVE Xbuilding1 Xbuilding9)
(DROPOFF TA_Xbuilding33 Xbuilding9)
(HOMESAFE TA_Xbuilding33 Xbuilding9)
(DRIVE Xbuilding9 Xbuilding34)
(DROPOFF TA_Xbuilding32 Xbuilding34)
(HOMESAFE TA_Xbuilding32 Xbuilding34)
(DRIVE Xbuilding34 Xbuilding9)
(DRIVE Xbuilding9 Xbuilding1)
(DRIVE Xbuilding1 Xbuilding8)
(DROPOFF TA_Xbuilding31 Xbuilding8)
(HOMESAFE TA_Xbuilding31 Xbuilding8)
(DRIVE Xbuilding8 Xbuilding33)
(DROPOFF TA_Xbuilding30 Xbuilding33)
(HOMESAFE TA_Xbuilding30 Xbuilding33)
(DRIVE Xbuilding33 Xbuilding8)
(DRIVE Xbuilding8 Xbuilding1)
(DRIVE Xbuilding1 Xbuilding7)
(DROPOFF TA_Xbuilding29 Xbuilding7)
(HOMESAFE TA_Xbuilding29 Xbuilding7)
(DRIVE Xbuilding7 Xbuilding32)
(DROPOFF TA_Xbuilding28 Xbuilding32)
(HOMESAFE TA_Xbuilding28 Xbuilding32)
(DRIVE Xbuilding32 Xbuilding7)
(DRIVE Xbuilding7 Xbuilding1)
(DRIVE Xbuilding1 Xbuilding10)
(DROPOFF TA_Xbuilding27 Xbuilding10)
(HOMESAFE TA_Xbuilding27 Xbuilding10)
(DRIVE Xbuilding10 Xbuilding35)
(DROPOFF TA_Xbuilding26 Xbuilding35)
(HOMESAFE TA_Xbuilding26 Xbuilding35)
(DRIVE Xbuilding35 Xbuilding10)
(DRIVE Xbuilding10 Xbuilding1)
(DRIVE Xbuilding1 XSoda)
(DRIVE XSoda Xbuilding5)
(DRIVE Xbuilding5 Xbuilding27)
(DROPOFF TA_Xbuilding25 Xbuilding27)
(HOMESAFE TA_Xbuilding25 Xbuilding27)
(DRIVE Xbuilding27 Xbuilding52)
(DROPOFF TA_Xbuilding24 Xbuilding52)
(HOMESAFE TA_Xbuilding24 Xbuilding52)
(DRIVE Xbuilding52 Xbuilding27)
(DRIVE Xbuilding27 Xbuilding5)
(DRIVE Xbuilding5 Xbuilding30)
(DROPOFF TA_Xbuilding23 Xbuilding30)
(HOMESAFE TA_Xbuilding23 Xbuilding30)
(DRIVE Xbuilding30 Xbuilding55)
(DROPOFF TA_Xbuilding22 Xbuilding55)
(HOMESAFE TA_Xbuilding22 Xbuilding55)
(DRIVE Xbuilding55 Xbuilding30)
(DRIVE Xbuilding30 Xbuilding5)
(DRIVE Xbuilding5 Xbuilding26)
(DROPOFF TA_Xbuilding21 Xbuilding26)
(HOMESAFE TA_Xbuilding21 Xbuilding26)
(DRIVE Xbuilding26 Xbuilding51)
(DROPOFF TA_Xbuilding20 Xbuilding51)
(HOMESAFE TA_Xbuilding20 Xbuilding51)
(DRIVE Xbuilding51 Xbuilding26)
(DRIVE Xbuilding26 Xbuilding5)
(DRIVE Xbuilding5 Xbuilding29)
(DROPOFF TA_Xbuilding19 Xbuilding29)
(HOMESAFE TA_Xbuilding19 Xbuilding29)
(DRIVE Xbuilding29 Xbuilding54)
(DROPOFF TA_Xbuilding18 Xbuilding54)
(HOMESAFE TA_Xbuilding18 Xbuilding54)
(DRIVE Xbuilding54 Xbuilding29)
(DRIVE Xbuilding29 Xbuilding5)
(DRIVE Xbuilding5 Xbuilding28)
(DROPOFF TA_Xbuilding17 Xbuilding28)
(HOMESAFE TA_Xbuilding17 Xbuilding28)
(DRIVE Xbuilding28 Xbuilding53)
(DROPOFF TA_Xbuilding16 Xbuilding53)
(HOMESAFE TA_Xbuilding16 Xbuilding53)
(DRIVE Xbuilding53 Xbuilding28)
(DRIVE Xbuilding28 Xbuilding5)
(DRIVE Xbuilding5 XSoda)
(DRIVE XSoda Xbuilding2)
(DRIVE Xbuilding2 Xbuilding14)
(DROPOFF TA_Xbuilding15 Xbuilding14)
(HOMESAFE TA_Xbuilding15 Xbuilding14)
(DRIVE Xbuilding14 Xbuilding39)
(DROPOFF TA_Xbuilding14 Xbuilding39)
(HOMESAFE TA_Xbuilding14 Xbuilding39)
(DRIVE Xbuilding39 Xbuilding14)
(DRIVE Xbuilding14 Xbuilding2)
(DRIVE Xbuilding2 Xbuilding15)
(DROPOFF TA_Xbuilding13 Xbuilding15)
(HOMESAFE TA_Xbuilding13 Xbuilding15)
(DRIVE Xbuilding15 Xbuilding40)
(DROPOFF TA_Xbuilding12 Xbuilding40)
(HOMESAFE TA_Xbuilding12 Xbuilding40)
(DRIVE Xbuilding40 Xbuilding15)
(DRIVE Xbuilding15 Xbuilding2)
(DRIVE Xbuilding2 Xbuilding13)
(DROPOFF TA_Xbuilding11 Xbuilding13)
(HOMESAFE TA_Xbuilding11 Xbuilding13)
(DRIVE Xbuilding13 Xbuilding38)
(DROPOFF TA_Xbuilding10 Xbuilding38)
(HOMESAFE TA_Xbuilding10 Xbuilding38)
(DRIVE Xbuilding38 Xbuilding13)
(DRIVE Xbuilding13 Xbuilding2)
(DRIVE Xbuilding2 Xbuilding12)
(DROPOFF TA_Xbuilding9 Xbuilding12)
(HOMESAFE TA_Xbuilding9 Xbuilding12)
(DRIVE Xbuilding12 Xbuilding37)
(DROPOFF TA_Xbuilding8 Xbuilding37)
(HOMESAFE TA_Xbuilding8 Xbuilding37)
(DRIVE Xbuilding37 Xbuilding12)
(DRIVE Xbuilding12 Xbuilding2)
(DRIVE Xbuilding2 Xbuilding11)
(DROPOFF TA_Xbuilding7 Xbuilding11)
(HOMESAFE TA_Xbuilding7 Xbuilding11)
(DRIVE Xbuilding11 Xbuilding36)
(DROPOFF TA_Xbuilding6 Xbuilding36)
(HOMESAFE TA_Xbuilding6 Xbuilding36)
(DRIVE Xbuilding36 Xbuilding11)
(DRIVE Xbuilding11 Xbuilding2)
(DRIVE Xbuilding2 XSoda)
