(DRIVE XSoda Xbuilding3)
(DRIVE Xbuilding3 Xbuilding16)
(DROPOFF TA_Xbuilding29 Xbuilding16)
(HOMESAFE TA_Xbuilding29 Xbuilding16)
(DRIVE Xbuilding16 Xbuilding28)
(DROPOFF TA_Xbuilding28 Xbuilding28)
(HOMESAFE TA_Xbuilding28 Xbuilding28)
(DRIVE Xbuilding28 Xbuilding16)
(DRIVE Xbuilding16 Xbuilding3)
(DRIVE Xbuilding3 Xbuilding14)
(DROPOFF TA_Xbuilding27 Xbuilding14)
(HOMESAFE TA_Xbuilding27 Xbuilding14)
(DRIVE Xbuilding14 Xbuilding3)
(DRIVE Xbuilding3 Xbuilding17)
(DROPOFF TA_Xbuilding26 Xbuilding17)
(HOMESAFE TA_Xbuilding26 Xbuilding17)
(DRIVE Xbuilding17 Xbuilding3)
(DRIVE Xbuilding3 Xbuilding15)
(DROPOFF TA_Xbuilding25 Xbuilding15)
(HOMESAFE TA_Xbuilding25 Xbuilding15)
(DRIVE Xbuilding15 Xbuilding3)
(DRIVE Xbuilding3 XSoda)
(DRIVE XSoda Xbuilding5)
(DRIVE Xbuilding5 Xbuilding23)
(DROPOFF TA_Xbuilding24 Xbuilding23)
(HOMESAFE TA_Xbuilding24 Xbuilding23)
(DRIVE Xbuilding23 Xbuilding5)
(DRIVE Xbuilding5 Xbuilding24)
(DROPOFF TA_Xbuilding23 Xbuilding24)
(HOMESAFE TA_Xbuilding23 Xbuilding24)
(DRIVE Xbuilding24 Xbuilding5)
(DRIVE Xbuilding5 Xbuilding25)
(DROPOFF TA_Xbuilding22 Xbuilding25)
(HOMESAFE TA_Xbuilding22 Xbuilding25)
(DRIVE Xbuilding25 Xbuilding5)
(DRIVE Xbuilding5 Xbuilding22)
(DROPOFF TA_Xbuilding21 Xbuilding22)
(HOMESAFE TA_Xbuilding21 Xbuilding22)
(DRIVE Xbuilding22 Xbuilding5)
(DRIVE Xbuilding5 XSoda)
(DRIVE XSoda Xbuilding4)
(DRIVE Xbuilding4 Xbuilding18)
(DROPOFF TA_Xbuilding20 Xbuilding18)
(HOMESAFE TA_Xbuilding20 Xbuilding18)
(DRIVE Xbuilding18 Xbuilding4)
(DRIVE Xbuilding4 Xbuilding20)
(DROPOFF TA_Xbuilding19 Xbuilding20)
(HOMESAFE TA_Xbuilding19 Xbuilding20)
(DRIVE Xbuilding20 Xbuilding4)
(DRIVE Xbuilding4 Xbuilding21)
(DROPOFF TA_Xbuilding18 Xbuilding21)
(HOMESAFE TA_Xbuilding18 Xbuilding21)
(DRIVE Xbuilding21 Xbuilding29)
(DROPOFF TA_Xbuilding17 Xbuilding29)
(HOMESAFE TA_Xbuilding17 Xbuilding29)
(DRIVE Xbuilding29 Xbuilding21)
(DRIVE Xbuilding21 Xbuilding4)
(DRIVE Xbuilding4 Xbuilding19)
(DROPOFF TA_Xbuilding16 Xbuilding19)
(HOMESAFE TA_Xbuilding16 Xbuilding19)
(DRIVE Xbuilding19 Xbuilding4)
(DRIVE Xbuilding4 XSoda)
(DRIVE XSoda Xbuilding1)
(DRIVE Xbuilding1 Xbuilding6)
(DROPOFF TA_Xbuilding15 Xbuilding6)
(HOMESAFE TA_Xbuilding15 Xbuilding6)
(DRIVE Xbuilding6 Xbuilding26)
(DROPOFF TA_Xbuilding14 Xbuilding26)
(HOMESAFE TA_Xbuilding14 Xbuilding26)
(DRIVE Xbuilding26 Xbuilding6)
(DRIVE Xbuilding6 Xbuilding1)
(DRIVE Xbuilding1 Xbuilding8)
(DROPOFF TA_Xbuilding13 Xbuilding8)
(HOMESAFE TA_Xbuilding13 Xbuilding8)
(DRIVE Xbuilding8 Xbuilding1)
(DRIVE Xbuilding1 Xbuilding9)
(DROPOFF TA_Xbuilding12 Xbuilding9)
(HOMESAFE TA_Xbuilding12 Xbuilding9)
(DRIVE Xbuilding9 Xbuilding1)
(DRIVE Xbuilding1 Xbuilding7)
(DROPOFF TA_Xbuilding11 Xbuilding7)
(HOMESAFE TA_Xbuilding11 Xbuilding7)
(DRIVE Xbuilding7 Xbuilding1)
(DRIVE Xbuilding1 XSoda)
(DRIVE XSoda Xbuilding2)
(DRIVE Xbuilding2 Xbuilding12)
(DROPOFF TA_Xbuilding10 Xbuilding12)
(HOMESAFE TA_Xbuilding10 Xbuilding12)
(DRIVE Xbuilding12 Xbuilding2)
(DRIVE Xbuilding2 Xbuilding13)
(DROPOFF TA_Xbuilding9 Xbuilding13)
(HOMESAFE TA_Xbuilding9 Xbuilding13)
(DRIVE Xbuilding13 Xbuilding2)
(DRIVE Xbuilding2 Xbuilding11)
(DROPOFF TA_Xbuilding8 Xbuilding11)
(HOMESAFE TA_Xbuilding8 Xbuilding11)
(DRIVE Xbuilding11 Xbuilding27)
(DROPOFF TA_Xbuilding7 Xbuilding27)
(DRIVE Xbuilding27 Xbuilding11)
(DRIVE Xbuilding11 Xbuilding2)
(HOMESAFE TA_Xbuilding7 Xbuilding27)
(DRIVE Xbuilding2 Xbuilding10)
(DROPOFF TA_Xbuilding6 Xbuilding10)
(DRIVE Xbuilding10 Xbuilding2)
(HOMESAFE TA_Xbuilding6 Xbuilding10)
(DRIVE Xbuilding2 XSoda)
