(DROPOFF TA_Xg1 Xstart)
(WALK TA_Xg1 Xstart Xa5)
(HOMESAFE TA_Xg1 Xa5)
(DROPOFF TA_Xg2 Xstart)
(WALK TA_Xg2 Xstart Xa4)
(HOMESAFE TA_Xg2 Xa4)
(DROPOFF TA_Xg3 Xstart)
(WALK TA_Xg3 Xstart Xa3)
(HOMESAFE TA_Xg3 Xa3)
(DROPOFF TA_Xg4 Xstart)
(WALK TA_Xg4 Xstart Xa2)
(HOMESAFE TA_Xg4 Xa2)
(DROPOFF TA_Xg5 Xstart)
(WALK TA_Xg5 Xstart Xa1)
(HOMESAFE TA_Xg5 Xa1)
(DROPOFF TA_Xg6 Xstart)
(WALK TA_Xg6 Xstart Xd1)
(HOMESAFE TA_Xg6 Xd1)
(DROPOFF TA_Xg7 Xstart)
(WALK TA_Xg7 Xstart Xf14)
(HOMESAFE TA_Xg7 Xf14)
(DROPOFF TA_Xg8 Xstart)
(WALK TA_Xg8 Xstart Xf11)
(HOMESAFE TA_Xg8 Xf11)
(DROPOFF TA_Xg9 Xstart)
(WALK TA_Xg9 Xstart Xg9)
(HOMESAFE TA_Xg9 Xg9)
(DROPOFF TA_Xg10 Xstart)
(WALK TA_Xg10 Xstart Xg8)
(HOMESAFE TA_Xg10 Xg8)
(DROPOFF TA_Xg11 Xstart)
(WALK TA_Xg11 Xstart Xg6)
(HOMESAFE TA_Xg11 Xg6)
(DROPOFF TA_Xg12 Xstart)
(WALK TA_Xg12 Xstart Xg5)
(HOMESAFE TA_Xg12 Xg5)
(DROPOFF TA_Xg13 Xstart)
(WALK TA_Xg13 Xstart Xg4)
(HOMESAFE TA_Xg13 Xg4)
(DROPOFF TA_Xg14 Xstart)
(WALK TA_Xg14 Xstart Xg3)
(HOMESAFE TA_Xg14 Xg3)
(DROPOFF TA_Xg15 Xstart)
(WALK TA_Xg15 Xstart Xf14)
(WALK TA_Xg15 Xf14 Xf13)
(HOMESAFE TA_Xg15 Xf13)
(DROPOFF TA_Xg16 Xstart)
(WALK TA_Xg16 Xstart Xf11)
(WALK TA_Xg16 Xf11 Xf12)
(HOMESAFE TA_Xg16 Xf12)
(DROPOFF TA_Xg17 Xstart)
(WALK TA_Xg17 Xstart Xg9)
(WALK TA_Xg17 Xg9 Xg13)
(HOMESAFE TA_Xg17 Xg13)
(DROPOFF TA_Xg18 Xstart)
(WALK TA_Xg18 Xstart Xg9)
(WALK TA_Xg18 Xg9 Xg12)
(HOMESAFE TA_Xg18 Xg12)
(DROPOFF TA_Xg19 Xstart)
(WALK TA_Xg19 Xstart Xg9)
(WALK TA_Xg19 Xg9 Xg7)
(HOMESAFE TA_Xg19 Xg7)
(DROPOFF TA_Xg20 Xstart)
(WALK TA_Xg20 Xstart Xg8)
(WALK TA_Xg20 Xg8 Xg10)
(HOMESAFE TA_Xg20 Xg10)
(DROPOFF TA_Xg21 Xstart)
(WALK TA_Xg21 Xstart Xg6)
(WALK TA_Xg21 Xg6 Xg2)
(HOMESAFE TA_Xg21 Xg2)
(DROPOFF TA_Xg22 Xstart)
(WALK TA_Xg22 Xstart Xg5)
(WALK TA_Xg22 Xg5 Xg1)
(HOMESAFE TA_Xg22 Xg1)
(DROPOFF TA_Xg23 Xstart)
(WALK TA_Xg23 Xstart Xh6)
(WALK TA_Xg23 Xh6 Xh18)
(HOMESAFE TA_Xg23 Xh18)
(DROPOFF TA_Xg24 Xstart)
(WALK TA_Xg24 Xstart Xh6)
(WALK TA_Xg24 Xh6 Xh17)
(HOMESAFE TA_Xg24 Xh17)
(DROPOFF TA_Xg25 Xstart)
(WALK TA_Xg25 Xstart Xh4)
(WALK TA_Xg25 Xh4 Xh22)
(HOMESAFE TA_Xg25 Xh22)
(DROPOFF TA_Xf11 Xstart)
(WALK TA_Xf11 Xstart Xh3)
(WALK TA_Xf11 Xh3 Xh26)
(HOMESAFE TA_Xf11 Xh26)
(DROPOFF TA_Xf12 Xstart)
(WALK TA_Xf12 Xstart Xe14)
(WALK TA_Xf12 Xe14 Xe24)
(HOMESAFE TA_Xf12 Xe24)
(DROPOFF TA_Xf13 Xstart)
(WALK TA_Xf13 Xstart Xe3)
(WALK TA_Xf13 Xe3 Xe20)
(HOMESAFE TA_Xf13 Xe20)
(DROPOFF TA_Xf14 Xstart)
(WALK TA_Xf14 Xstart Xe1)
(WALK TA_Xf14 Xe1 Xe19)
(HOMESAFE TA_Xf14 Xe19)
(DROPOFF TA_Xf15 Xstart)
(WALK TA_Xf15 Xstart Xd3)
(WALK TA_Xf15 Xd3 Xd4)
(HOMESAFE TA_Xf15 Xd4)
(DROPOFF TA_Xf16 Xstart)
(WALK TA_Xf16 Xstart Xc6)
(WALK TA_Xf16 Xc6 Xc5)
(HOMESAFE TA_Xf16 Xc5)
(DROPOFF TA_Xf17 Xstart)
(WALK TA_Xf17 Xstart Xc3)
(WALK TA_Xf17 Xc3 Xc1)
(HOMESAFE TA_Xf17 Xc1)
(DROPOFF TA_Xf18 Xstart)
(WALK TA_Xf18 Xstart Xf14)
(WALK TA_Xf18 Xf14 Xf10)
(WALK TA_Xf18 Xf10 Xf20)
(HOMESAFE TA_Xf18 Xf20)
(DROPOFF TA_Xf19 Xstart)
(WALK TA_Xf19 Xstart Xf14)
(WALK TA_Xf19 Xf14 Xf10)
(WALK TA_Xf19 Xf10 Xf18)
(HOMESAFE TA_Xf19 Xf18)
(DROPOFF TA_Xf20 Xstart)
(WALK TA_Xf20 Xstart Xf14)
(WALK TA_Xf20 Xf14 Xf8)
(WALK TA_Xf20 Xf8 Xf17)
(HOMESAFE TA_Xf20 Xf17)
(DROPOFF TA_Xb1 Xstart)
(WALK TA_Xb1 Xstart Xf14)
(WALK TA_Xb1 Xf14 Xf7)
(WALK TA_Xb1 Xf7 Xf15)
(HOMESAFE TA_Xb1 Xf15)
(DROPOFF TA_Xb2 Xstart)
(WALK TA_Xb2 Xstart Xg9)
(WALK TA_Xb2 Xg9 Xg13)
(WALK TA_Xb2 Xg13 Xg17)
(HOMESAFE TA_Xb2 Xg17)
(DROPOFF TA_Xb3 Xstart)
(WALK TA_Xb3 Xstart Xg9)
(WALK TA_Xb3 Xg9 Xg13)
(WALK TA_Xb3 Xg13 Xg16)
(HOMESAFE TA_Xb3 Xg16)
(DROPOFF TA_Xb4 Xstart)
(WALK TA_Xb4 Xstart Xg9)
(WALK TA_Xb4 Xg9 Xg12)
(WALK TA_Xb4 Xg12 Xg15)
(HOMESAFE TA_Xb4 Xg15)
(DROPOFF TA_Xb5 Xstart)
(WALK TA_Xb5 Xstart Xg8)
(WALK TA_Xb5 Xg8 Xg10)
(WALK TA_Xb5 Xg10 Xg11)
(HOMESAFE TA_Xb5 Xg11)
(DROPOFF TA_Xb6 Xstart)
(WALK TA_Xb6 Xstart Xh4)
(WALK TA_Xb6 Xh4 Xh25)
(WALK TA_Xb6 Xh25 Xh24)
(HOMESAFE TA_Xb6 Xh24)
(DROPOFF TA_Xb15 Xstart)
(WALK TA_Xb15 Xstart Xh2)
(WALK TA_Xb15 Xh2 Xh8)
(WALK TA_Xb15 Xh8 Xh9)
(HOMESAFE TA_Xb15 Xh9)
(DROPOFF TA_Xb24 Xstart)
(WALK TA_Xb24 Xstart Xe17)
(WALK TA_Xb24 Xe17 Xe18)
(WALK TA_Xb24 Xe18 Xe25)
(HOMESAFE TA_Xb24 Xe25)
(DROPOFF TA_Xb25 Xstart)
(WALK TA_Xb25 Xstart Xe14)
(WALK TA_Xb25 Xe14 Xe8)
(WALK TA_Xb25 Xe8 Xe22)
(HOMESAFE TA_Xb25 Xe22)
(DROPOFF TA_Xb26 Xstart)
(WALK TA_Xb26 Xstart Xe5)
(WALK TA_Xb26 Xe5 Xe4)
(WALK TA_Xb26 Xe4 Xe21)
(HOMESAFE TA_Xb26 Xe21)
(DROPOFF TA_Xc1 Xstart)
(WALK TA_Xc1 Xstart Xd3)
(WALK TA_Xc1 Xd3 Xd4)
(WALK TA_Xc1 Xd4 Xd5)
(HOMESAFE TA_Xc1 Xd5)
(DROPOFF TA_Xc5 Xstart)
(WALK TA_Xc5 Xstart Xf14)
(WALK TA_Xc5 Xf14 Xf10)
(WALK TA_Xc5 Xf10 Xf20)
(WALK TA_Xc5 Xf20 Xf19)
(HOMESAFE TA_Xc5 Xf19)
(DROPOFF TA_Xc10 Xstart)
(WALK TA_Xc10 Xstart Xf14)
(WALK TA_Xc10 Xf14 Xf8)
(WALK TA_Xc10 Xf8 Xf17)
(WALK TA_Xc10 Xf17 Xf16)
(HOMESAFE TA_Xc10 Xf16)
(DROPOFF TA_Xc13 Xstart)
(WALK TA_Xc13 Xstart Xg9)
(WALK TA_Xc13 Xg9 Xg13)
(WALK TA_Xc13 Xg13 Xg17)
(WALK TA_Xc13 Xg17 Xg21)
(HOMESAFE TA_Xc13 Xg21)
(DROPOFF TA_Xc15 Xstart)
(WALK TA_Xc15 Xstart Xg9)
(WALK TA_Xc15 Xg9 Xg13)
(WALK TA_Xc15 Xg13 Xg16)
(WALK TA_Xc15 Xg16 Xg20)
(HOMESAFE TA_Xc15 Xg20)
(DROPOFF TA_Xc17 Xstart)
(WALK TA_Xc17 Xstart Xg9)
(WALK TA_Xc17 Xg9 Xg12)
(WALK TA_Xc17 Xg12 Xg15)
(WALK TA_Xc17 Xg15 Xg19)
(HOMESAFE TA_Xc17 Xg19)
(DROPOFF TA_Xc21 Xstart)
(WALK TA_Xc21 Xstart Xg8)
(WALK TA_Xc21 Xg8 Xg10)
(WALK TA_Xc21 Xg10 Xg11)
(WALK TA_Xc21 Xg11 Xg14)
(HOMESAFE TA_Xc21 Xg14)
(DROPOFF TA_Xc23 Xstart)
(WALK TA_Xc23 Xstart Xh7)
(WALK TA_Xc23 Xh7 Xh15)
(WALK TA_Xc23 Xh15 Xh14)
(WALK TA_Xc23 Xh14 Xh13)
(HOMESAFE TA_Xc23 Xh13)
(DROPOFF TA_Xc26 Xstart)
(WALK TA_Xc26 Xstart Xe14)
(WALK TA_Xc26 Xe14 Xe24)
(WALK TA_Xc26 Xe24 Xe12)
(WALK TA_Xc26 Xe12 Xe23)
(HOMESAFE TA_Xc26 Xe23)
(DROPOFF TA_Xc27 Xstart)
(WALK TA_Xc27 Xstart Xc6)
(WALK TA_Xc27 Xc6 Xc7)
(WALK TA_Xc27 Xc7 Xc24)
(WALK TA_Xc27 Xc24 Xc23)
(HOMESAFE TA_Xc27 Xc23)
(DROPOFF TA_Xc31 Xstart)
(WALK TA_Xc31 Xstart Xc3)
(WALK TA_Xc31 Xc3 Xc8)
(WALK TA_Xc31 Xc8 Xc9)
(WALK TA_Xc31 Xc9 Xc10)
(HOMESAFE TA_Xc31 Xc10)
(DROPOFF TA_Xc33 Xstart)
(WALK TA_Xc33 Xstart Xb16)
(WALK TA_Xc33 Xb16 Xb10)
(WALK TA_Xc33 Xb10 Xb11)
(WALK TA_Xc33 Xb11 Xb3)
(HOMESAFE TA_Xc33 Xb3)
(DROPOFF TA_Xd1 Xstart)
(WALK TA_Xd1 Xstart Xg9)
(WALK TA_Xd1 Xg9 Xg13)
(WALK TA_Xd1 Xg13 Xg17)
(WALK TA_Xd1 Xg17 Xg21)
(WALK TA_Xd1 Xg21 Xg25)
(HOMESAFE TA_Xd1 Xg25)
(DROPOFF TA_Xd4 Xstart)
(WALK TA_Xd4 Xstart Xg9)
(WALK TA_Xd4 Xg9 Xg13)
(WALK TA_Xd4 Xg13 Xg17)
(WALK TA_Xd4 Xg17 Xg21)
(WALK TA_Xd4 Xg21 Xg24)
(HOMESAFE TA_Xd4 Xg24)
(DROPOFF TA_Xd5 Xstart)
(WALK TA_Xd5 Xstart Xg9)
(WALK TA_Xd5 Xg9 Xg12)
(WALK TA_Xd5 Xg12 Xg15)
(WALK TA_Xd5 Xg15 Xg19)
(WALK TA_Xd5 Xg19 Xg23)
(HOMESAFE TA_Xd5 Xg23)
(DROPOFF TA_Xa1 Xstart)
(WALK TA_Xa1 Xstart Xc6)
(WALK TA_Xa1 Xc6 Xc7)
(WALK TA_Xa1 Xc7 Xc24)
(WALK TA_Xa1 Xc24 Xc23)
(WALK TA_Xa1 Xc23 Xc21)
(HOMESAFE TA_Xa1 Xc21)
(DROPOFF TA_Xa2 Xstart)
(WALK TA_Xa2 Xstart Xc6)
(WALK TA_Xa2 Xc6 Xc7)
(WALK TA_Xa2 Xc7 Xc24)
(WALK TA_Xa2 Xc24 Xc18)
(WALK TA_Xa2 Xc18 Xc17)
(HOMESAFE TA_Xa2 Xc17)
(DROPOFF TA_Xa3 Xstart)
(WALK TA_Xa3 Xstart Xc3)
(WALK TA_Xa3 Xc3 Xc8)
(WALK TA_Xa3 Xc8 Xc11)
(WALK TA_Xa3 Xc11 Xc12)
(WALK TA_Xa3 Xc12 Xc13)
(HOMESAFE TA_Xa3 Xc13)
(DROPOFF TA_Xa4 Xstart)
(WALK TA_Xa4 Xstart Xb16)
(WALK TA_Xa4 Xb16 Xb10)
(WALK TA_Xa4 Xb10 Xb11)
(WALK TA_Xa4 Xb11 Xb12)
(WALK TA_Xa4 Xb12 Xb4)
(HOMESAFE TA_Xa4 Xb4)
(DROPOFF TA_Xa5 Xstart)
(WALK TA_Xa5 Xstart Xb16)
(WALK TA_Xa5 Xb16 Xb10)
(WALK TA_Xa5 Xb10 Xb9)
(WALK TA_Xa5 Xb9 Xb8)
(WALK TA_Xa5 Xb8 Xb2)
(HOMESAFE TA_Xa5 Xb2)
(DROPOFF TA_Xe19 Xstart)
(WALK TA_Xe19 Xstart Xg9)
(WALK TA_Xe19 Xg9 Xg13)
(WALK TA_Xe19 Xg13 Xg17)
(WALK TA_Xe19 Xg17 Xg21)
(WALK TA_Xe19 Xg21 Xg25)
(WALK TA_Xe19 Xg25 Xg22)
(HOMESAFE TA_Xe19 Xg22)
(DROPOFF TA_Xe20 Xstart)
(WALK TA_Xe20 Xstart Xg9)
(WALK TA_Xe20 Xg9 Xg12)
(WALK TA_Xe20 Xg12 Xg15)
(WALK TA_Xe20 Xg15 Xg19)
(WALK TA_Xe20 Xg19 Xg23)
(WALK TA_Xe20 Xg23 Xg18)
(HOMESAFE TA_Xe20 Xg18)
(DROPOFF TA_Xe21 Xstart)
(WALK TA_Xe21 Xstart Xc3)
(WALK TA_Xe21 Xc3 Xc8)
(WALK TA_Xe21 Xc8 Xc11)
(WALK TA_Xe21 Xc11 Xc12)
(WALK TA_Xe21 Xc12 Xc13)
(WALK TA_Xe21 Xc13 Xc15)
(HOMESAFE TA_Xe21 Xc15)
(DROPOFF TA_Xe22 Xstart)
(WALK TA_Xe22 Xstart Xb16)
(WALK TA_Xe22 Xb16 Xb17)
(WALK TA_Xe22 Xb17 Xb18)
(WALK TA_Xe22 Xb18 Xb23)
(WALK TA_Xe22 Xb23 Xb27)
(WALK TA_Xe22 Xb27 Xb26)
(HOMESAFE TA_Xe22 Xb26)
(DROPOFF TA_Xe23 Xstart)
(WALK TA_Xe23 Xstart Xb16)
(WALK TA_Xe23 Xb16 Xb17)
(WALK TA_Xe23 Xb17 Xb18)
(WALK TA_Xe23 Xb18 Xb19)
(WALK TA_Xe23 Xb19 Xb20)
(WALK TA_Xe23 Xb20 Xb24)
(HOMESAFE TA_Xe23 Xb24)
(DROPOFF TA_Xe24 Xstart)
(WALK TA_Xe24 Xstart Xb16)
(WALK TA_Xe24 Xb16 Xb10)
(WALK TA_Xe24 Xb10 Xb11)
(WALK TA_Xe24 Xb11 Xb12)
(WALK TA_Xe24 Xb12 Xb13)
(WALK TA_Xe24 Xb13 Xb5)
(HOMESAFE TA_Xe24 Xb5)
(DROPOFF TA_Xe25 Xstart)
(WALK TA_Xe25 Xstart Xb16)
(WALK TA_Xe25 Xb16 Xb10)
(WALK TA_Xe25 Xb10 Xb9)
(WALK TA_Xe25 Xb9 Xb8)
(WALK TA_Xe25 Xb8 Xb7)
(WALK TA_Xe25 Xb7 Xb1)
(HOMESAFE TA_Xe25 Xb1)
(DROPOFF TA_Xh9 Xstart)
(WALK TA_Xh9 Xstart Xc6)
(WALK TA_Xh9 Xc6 Xc7)
(WALK TA_Xh9 Xc7 Xc24)
(WALK TA_Xh9 Xc24 Xc23)
(WALK TA_Xh9 Xc23 Xc30)
(WALK TA_Xh9 Xc30 Xc29)
(WALK TA_Xh9 Xc29 Xc27)
(HOMESAFE TA_Xh9 Xc27)
(DROPOFF TA_Xh13 Xstart)
(WALK TA_Xh13 Xstart Xc3)
(WALK TA_Xh13 Xc3 Xc8)
(WALK TA_Xh13 Xc8 Xc11)
(WALK TA_Xh13 Xc11 Xc20)
(WALK TA_Xh13 Xc20 Xc36)
(WALK TA_Xh13 Xc36 Xc35)
(WALK TA_Xh13 Xc35 Xc31)
(HOMESAFE TA_Xh13 Xc31)
(DROPOFF TA_Xh17 Xstart)
(WALK TA_Xh17 Xstart Xb16)
(WALK TA_Xh17 Xb16 Xb17)
(WALK TA_Xh17 Xb17 Xb18)
(WALK TA_Xh17 Xb18 Xb19)
(WALK TA_Xh17 Xb19 Xb20)
(WALK TA_Xh17 Xb20 Xb21)
(WALK TA_Xh17 Xb21 Xb25)
(HOMESAFE TA_Xh17 Xb25)
(DROPOFF TA_Xh18 Xstart)
(WALK TA_Xh18 Xstart Xb16)
(WALK TA_Xh18 Xb16 Xb10)
(WALK TA_Xh18 Xb10 Xb11)
(WALK TA_Xh18 Xb11 Xb12)
(WALK TA_Xh18 Xb12 Xb13)
(WALK TA_Xh18 Xb13 Xb14)
(WALK TA_Xh18 Xb14 Xb6)
(HOMESAFE TA_Xh18 Xb6)
(DROPOFF TA_Xh22 Xstart)
(WALK TA_Xh22 Xstart Xc6)
(WALK TA_Xh22 Xc6 Xc7)
(WALK TA_Xh22 Xc7 Xc24)
(WALK TA_Xh22 Xc24 Xc23)
(WALK TA_Xh22 Xc23 Xc30)
(WALK TA_Xh22 Xc30 Xc29)
(WALK TA_Xh22 Xc29 Xc27)
(WALK TA_Xh22 Xc27 Xc26)
(HOMESAFE TA_Xh22 Xc26)
(DROPOFF TA_Xh24 Xstart)
(WALK TA_Xh24 Xstart Xc3)
(WALK TA_Xh24 Xc3 Xc8)
(WALK TA_Xh24 Xc8 Xc11)
(WALK TA_Xh24 Xc11 Xc20)
(WALK TA_Xh24 Xc20 Xc36)
(WALK TA_Xh24 Xc36 Xc35)
(WALK TA_Xh24 Xc35 Xc31)
(WALK TA_Xh24 Xc31 Xc33)
(HOMESAFE TA_Xh24 Xc33)
(DROPOFF TA_Xh26 Xstart)
(WALK TA_Xh26 Xstart Xb16)
(WALK TA_Xh26 Xb16 Xb17)
(WALK TA_Xh26 Xb17 Xb18)
(WALK TA_Xh26 Xb18 Xb19)
(WALK TA_Xh26 Xb19 Xb20)
(WALK TA_Xh26 Xb20 Xb21)
(WALK TA_Xh26 Xb21 Xb22)
(WALK TA_Xh26 Xb22 Xb15)
(HOMESAFE TA_Xh26 Xb15)
