(DRIVE Xstart Xc6)
(DRIVE Xc6 Xc7)
(DRIVE Xc7 Xc24)
(DRIVE Xc24 Xc23)
(DROPOFF TA_Xa5 Xc23)
(HOMESAFE TA_Xa5 Xc23)
(DRIVE Xc23 Xc24)
(DRIVE Xc24 Xc7)
(DRIVE Xc7 Xc6)
(DRIVE Xc6 Xc3)
(DRIVE Xc3 Xc1)
(DROPOFF TA_Xa4 Xc1)
(HOMESAFE TA_Xa4 Xc1)
(DRIVE Xc1 Xc3)
(DRIVE Xc3 Xc8)
(DRIVE Xc8 Xc11)
(DRIVE Xc11 Xc20)
(DRIVE Xc20 Xc17)
(DROPOFF TA_Xa3 Xc17)
(HOMESAFE TA_Xa3 Xc17)
(DRIVE Xc17 Xc20)
(DRIVE Xc20 Xc36)
(DRIVE Xc36 Xc35)
(DRIVE Xc35 Xc31)
(DRIVE Xc31 Xc33)
(DROPOFF TA_Xa2 Xc33)
(HOMESAFE TA_Xa2 Xc33)
(DRIVE Xc33 Xc31)
(DROPOFF TA_Xa1 Xc31)
(DRIVE Xc31 Xc35)
(DRIVE Xc35 Xc36)
(DRIVE Xc36 Xc20)
(DRIVE Xc20 Xc11)
(DRIVE Xc11 Xc12)
(DRIVE Xc12 Xc10)
(DROPOFF TA_Xd5 Xc10)
(DRIVE Xc10 Xc12)
(DRIVE Xc12 Xc11)
(DRIVE Xc11 Xc20)
(DRIVE Xc20 Xc21)
(DROPOFF TA_Xd4 Xc21)
(HOMESAFE TA_Xd4 Xc21)
(DRIVE Xc21 Xc23)
(DRIVE Xc23 Xc24)
(DRIVE Xc24 Xc7)
(DRIVE Xc7 Xc6)
(DRIVE Xc6 Xc5)
(DROPOFF TA_Xd1 Xc5)
(HOMESAFE TA_Xd1 Xc5)
(DRIVE Xc5 Xc6)
(DRIVE Xc6 Xstart)
(DRIVE Xstart Xa1)
(DROPOFF TA_Xc33 Xa1)
(HOMESAFE TA_Xc33 Xa1)
(DRIVE Xa1 Xstart)
(WALK TA_Xd5 Xc10 Xc13)
(DRIVE Xstart Xa2)
(DROPOFF TA_Xc31 Xa2)
(HOMESAFE TA_Xc31 Xa2)
(DRIVE Xa2 Xstart)
(WALK TA_Xa1 Xc31 Xc27)
(DRIVE Xstart Xa5)
(DROPOFF TA_Xc27 Xa5)
(HOMESAFE TA_Xc27 Xa5)
(DRIVE Xa5 Xstart)
(WALK TA_Xd5 Xc13 Xc15)
(DRIVE Xstart Xa4)
(DROPOFF TA_Xc26 Xa4)
(HOMESAFE TA_Xc26 Xa4)
(DRIVE Xa4 Xstart)
(WALK TA_Xa1 Xc27 Xc31)
(DRIVE Xstart Xa3)
(DROPOFF TA_Xc23 Xa3)
(HOMESAFE TA_Xc23 Xa3)
(DRIVE Xa3 Xstart)
(DRIVE Xstart Xd1)
(DROPOFF TA_Xc21 Xd1)
(HOMESAFE TA_Xc21 Xd1)
(DRIVE Xd1 Xd2)
(DRIVE Xd2 Xd4)
(DROPOFF TA_Xc17 Xd4)
(DRIVE Xd4 Xd5)
(DROPOFF TA_Xc15 Xd5)
(DRIVE Xd5 Xd6)
(DRIVE Xd6 Xd3)
(DRIVE Xd3 Xstart)
(HOMESAFE TA_Xd5 Xc15)
(DRIVE Xstart Xc3)
(DRIVE Xc3 Xc8)
(DRIVE Xc8 Xc9)
(DRIVE Xc9 Xc10)
(DROPOFF TA_Xc13 Xc10)
(HOMESAFE TA_Xc13 Xc10)
(DRIVE Xc10 Xc13)
(DROPOFF TA_Xc10 Xc13)
(HOMESAFE TA_Xa1 Xc31)
(DRIVE Xc13 Xc12)
(DRIVE Xc12 Xc11)
(DRIVE Xc11 Xc20)
(DRIVE Xc20 Xc36)
(DRIVE Xc36 Xc35)
(DRIVE Xc35 Xc31)
(DRIVE Xc31 Xc27)
(HOMESAFE TA_Xc10 Xc13)
(HOMESAFE TA_Xc17 Xd4)
(HOMESAFE TA_Xc15 Xd5)
(DROPOFF TA_Xc5 Xc27)
(HOMESAFE TA_Xc5 Xc27)
(DRIVE Xc27 Xc26)
(DROPOFF TA_Xc1 Xc26)
(DRIVE Xc26 Xc27)
(HOMESAFE TA_Xc1 Xc26)
(DRIVE Xc27 Xc29)
(DRIVE Xc29 Xc30)
(DRIVE Xc30 Xc23)
(DRIVE Xc23 Xc24)
(DRIVE Xc24 Xc7)
(DRIVE Xc7 Xc6)
(DRIVE Xc6 Xstart)
