(DRIVE XQatar XSenegal)
(DROPOFF TA_XCzechRepublic XSenegal)
(DRIVE XSenegal XQatar)
(WALK TA_XCzechRepublic XSenegal XMorocco)
(WALK TA_XCzechRepublic XMorocco XLiberia)
(WALK TA_XCzechRepublic XLiberia XPeru)
(HOMESAFE TA_XCzechrepublic Xperu)
(DRIVE XQatar XSenegal)
(DROPOFF TA_XBelarus XSenegal)
(DRIVE XSenegal XQatar)
(WALK TA_XBelarus XSenegal XMorocco)
(WALK TA_XBelarus XMorocco XUzbekistan)
(HOMESAFE TA_XBelarus Xuzbekistan)
(DRIVE XQatar XSenegal)
(DROPOFF TA_XPeru XSenegal)
(DRIVE XSenegal XQatar)
(WALK TA_XPeru XSenegal XMorocco)
(WALK TA_XPeru XMorocco XLiberia)
(HOMESAFE TA_XPeru Xliberia)
(DRIVE XQatar XSenegal)
(DROPOFF TA_XNicaragua XSenegal)
(DRIVE XSenegal XQatar)
(WALK TA_XNicaragua XSenegal XMorocco)
(WALK TA_XNicaragua XMorocco XArmenia)
(HOMESAFE TA_XNicaragua Xarmenia)
(DRIVE XQatar XSenegal)
(DROPOFF TA_XGabon XSenegal)
(DRIVE XSenegal XQatar)
(WALK TA_XGabon XSenegal XMorocco)
(WALK TA_XGabon XMorocco XKyrgyzstan)
(HOMESAFE TA_XGabon Xkyrgyzstan)
(DRIVE XQatar XSenegal)
(DROPOFF TA_XHaiti XSenegal)
(DRIVE XSenegal XQatar)
(WALK TA_XHaiti XSenegal XMorocco)
(WALK TA_XHaiti XMorocco XVaticanCity)
(HOMESAFE TA_XHaiti XvaticanCity)
(DRIVE XQatar XSenegal)
(DROPOFF TA_XTajikistan XSenegal)
(DRIVE XSenegal XQatar)
(WALK TA_XTajikistan XSenegal XAngola)
(HOMESAFE TA_XTajikistan Xangola)
(DRIVE XQatar XSenegal)
(DROPOFF TA_XMongolia XSenegal)
(DRIVE XSenegal XQatar)
(WALK TA_XMongolia XSenegal XUnitedKingdom)
(WALK TA_XMongolia XUnitedKingdom XEstonia)
(HOMESAFE TA_XMongolia Xestonia)
(DRIVE XQatar XSenegal)
(DROPOFF TA_XDanzig XSenegal)
(DRIVE XSenegal XQatar)
(WALK TA_XDanzig XSenegal XUnitedKingdom)
(WALK TA_XDanzig XUnitedKingdom XKosovo)
(HOMESAFE TA_XDanzig Xkosovo)
(DRIVE XQatar XSenegal)
(DROPOFF TA_XMorocco XSenegal)
(DRIVE XSenegal XQatar)
(WALK TA_XMorocco XSenegal XLebanon)
(HOMESAFE TA_XMorocco Xlebanon)
(DRIVE XQatar XSenegal)
(DROPOFF TA_XLiberia XSenegal)
(DRIVE XSenegal XQatar)
(WALK TA_XLiberia XSenegal XMongolia)
(HOMESAFE TA_XLiberia Xmongolia)
(DRIVE XQatar XSenegal)
(DROPOFF TA_XUAE XSenegal)
(DRIVE XSenegal XQatar)
(WALK TA_XUAE XSenegal XTunisia)
(WALK TA_XUAE XTunisia XSweden)
(HOMESAFE TA_XUAE XSweden)
(DRIVE XQatar XSenegal)
(DROPOFF TA_XArmenia XSenegal)
(DRIVE XSenegal XQatar)
(HOMESAFE TA_XArmenia Xsenegal)
(DRIVE XQatar XBelarus)
(DROPOFF TA_XAustralia XBelarus)
(DRIVE XBelarus XQatar)
(HOMESAFE TA_XAustralia Xbelarus)
(DRIVE XQatar XSingapore)
(DROPOFF TA_XEstonia XSingapore)
(DRIVE XSingapore XQatar)
(HOMESAFE TA_XEstonia Xsingapore)
(DRIVE XQatar XMontenegro)
(DROPOFF TA_XSweden XMontenegro)
(DRIVE XMontenegro XQatar)
(HOMESAFE TA_XSweden Xmontenegro)
(DRIVE XQatar XGeorgia)
(DROPOFF TA_XMontenegro XGeorgia)
(DRIVE XGeorgia XQatar)
(HOMESAFE TA_XMontenegro Xgeorgia)
(DRIVE XQatar XHonduras)
(DRIVE XHonduras XCzechRepublic)
(DROPOFF TA_XRussianFederation XCzechRepublic)
(HOMESAFE TA_XRussianfederation XczechRepublic)
(DRIVE XCzechRepublic XTajikistan)
(DROPOFF TA_XEgypt XTajikistan)
(DRIVE XTajikistan XQatar)
(HOMESAFE TA_XEgypt Xtajikistan)
(DRIVE XQatar XHonduras)
(DRIVE XHonduras XTanzania)
(DROPOFF TA_XFrance XTanzania)
(HOMESAFE TA_XFrance Xtanzania)
(DRIVE XTanzania XBelarus)
(DRIVE XBelarus XBurundi)
(DROPOFF TA_XCostaRica XBurundi)
(DRIVE XBurundi XQatar)
(HOMESAFE TA_XCostarica Xburundi)
(DRIVE XQatar XSaintLucia)
(DROPOFF TA_XSenegal XSaintLucia)
(DRIVE XSaintLucia XQatar)
(HOMESAFE TA_XSenegal XsaintLucia)
(DRIVE XQatar XRussianFederation)
(DROPOFF TA_XSierraLeone XRussianFederation)
(DRIVE XRussianFederation XQatar)
(HOMESAFE TA_XSierraleone XrussianFederation)
(DRIVE XQatar XMontenegro)
(DRIVE XMontenegro XGabon)
(DROPOFF TA_XDemofChina XGabon)
(HOMESAFE TA_XDemofchina Xgabon)
(DRIVE XGabon XMali)
(DROPOFF TA_XKosovo XMali)
(HOMESAFE TA_XKosovo Xmali)
(DRIVE XMali XBelgium)
(DROPOFF TA_XNetherlands XBelgium)
(DRIVE XBelgium XQatar)
(HOMESAFE TA_XNetherlands Xbelgium)
(DRIVE XQatar XSanMarino)
(DROPOFF TA_XUnitedKingdom XSanMarino)
(DRIVE XSanMarino XQatar)
(HOMESAFE TA_XUnitedkingdom XsanMarino)
(DRIVE XQatar XUnitedKingdom)
(DROPOFF TA_XMacedonia XUnitedKingdom)
(DRIVE XUnitedKingdom XQatar)
(HOMESAFE TA_XMacedonia XunitedKingdom)
(DRIVE XQatar XMontenegro)
(DRIVE XMontenegro XMalta)
(DROPOFF TA_XSingapore XMalta)
(HOMESAFE TA_XSingapore Xmalta)
(DRIVE XMalta XMorocco)
(DROPOFF TA_XMozambique XMorocco)
(HOMESAFE TA_XMozambique Xmorocco)
(DRIVE XMorocco XTuvalu)
(DROPOFF TA_XBelgium XTuvalu)
(DRIVE XTuvalu XQatar)
(HOMESAFE TA_XBelgium Xtuvalu)
(DRIVE XQatar XMontenegro)
(DRIVE XMontenegro XUAE)
(DROPOFF TA_XAngola XUAE)
(HOMESAFE TA_XAngola XuAE)
(DRIVE XUAE XSingapore)
(DRIVE XSingapore XMozambique)
(DROPOFF TA_XGuyana XMozambique)
(DRIVE XMozambique XQatar)
(HOMESAFE TA_XGuyana Xmozambique)
(DRIVE XQatar XMacedonia)
(DROPOFF TA_XTanzania XMacedonia)
(DRIVE XMacedonia XQatar)
(HOMESAFE TA_XTanzania Xmacedonia)
(DRIVE XQatar XDanzig)
(DROPOFF TA_XUzbekistan XDanzig)
(DRIVE XDanzig XQatar)
(HOMESAFE TA_XUzbekistan Xdanzig)
(DRIVE XQatar XGuyana)
(DROPOFF TA_XMali XGuyana)
(DRIVE XGuyana XQatar)
(HOMESAFE TA_XMali Xguyana)
(DRIVE XQatar XMontenegro)
(DRIVE XMontenegro XTunisia)
(DROPOFF TA_XSanMarino XTunisia)
(HOMESAFE TA_XSanmarino Xtunisia)
(DRIVE XTunisia XGuineaBissau)
(DROPOFF TA_XGuineaBissau XGuineaBissau)
(DRIVE XGuineaBissau XQatar)
(HOMESAFE TA_XGuineabissau XguineaBissau)
(DRIVE XQatar XAustralia)
(DROPOFF TA_XTunisia XAustralia)
(DRIVE XAustralia XQatar)
(HOMESAFE TA_XTunisia Xaustralia)
(DRIVE XQatar XAlbania)
(DROPOFF TA_XVaticanCity XAlbania)
(DRIVE XAlbania XQatar)
(HOMESAFE TA_XVaticancity Xalbania)
(DRIVE XQatar XAndorra)
(DROPOFF TA_XMalta XAndorra)
(DRIVE XAndorra XQatar)
(HOMESAFE TA_XMalta Xandorra)
(DRIVE XQatar XSingapore)
(DRIVE XSingapore XCostaRica)
(DROPOFF TA_XLebanon XCostaRica)
(HOMESAFE TA_XLebanon XcostaRica)
(DRIVE XCostaRica XIran)
(DRIVE XIran XQatar)
(DRIVE XQatar XFrance)
(DROPOFF TA_XTuvalu XFrance)
(DRIVE XFrance XQatar)
(HOMESAFE TA_XTuvalu Xfrance)
(DRIVE XQatar XEgypt)
(DROPOFF TA_XAlbania XEgypt)
(DRIVE XEgypt XQatar)
(HOMESAFE TA_XAlbania Xegypt)
(DRIVE XQatar XHaiti)
(DROPOFF TA_XKyrgyzstan XHaiti)
(DRIVE XHaiti XQatar)
(HOMESAFE TA_XKyrgyzstan Xhaiti)
(DRIVE XQatar XSierraLeone)
(DROPOFF TA_XAmerica XSierraLeone)
(DRIVE XSierraLeone XQatar)
(HOMESAFE TA_XAmerica XsierraLeone)
(DRIVE XQatar XNetherlands)
(DROPOFF TA_XBurundi XNetherlands)
(DRIVE XNetherlands XQatar)
(HOMESAFE TA_XBurundi Xnetherlands)
(DRIVE XQatar XDemofChina)
(DROPOFF TA_XAndorra XDemofChina)
(DRIVE XDemofChina XQatar)
(HOMESAFE TA_XAndorra XdemofChina)
(DRIVE XQatar XAmerica)
(DROPOFF TA_XSaintLucia XAmerica)
(HOMESAFE TA_XSaintlucia Xamerica)
(DRIVE XAmerica XBhutan)
(DRIVE XBhutan XNicaragua)
(DROPOFF TA_XGeorgia XNicaragua)
(HOMESAFE TA_XGeorgia Xnicaragua)
(DRIVE XNicaragua XAndorra)
(DRIVE XAndorra XQatar)
