(DRIVE XNepal XAfghanistan)
(DROPOFF TA_XSaintLucia XAfghanistan)
(HOMESAFE TA_XSaintlucia Xafghanistan)
(DRIVE XAfghanistan XVietnam)
(DROPOFF TA_XAzerbaijan XVietnam)
(HOMESAFE TA_XAzerbaijan Xvietnam)
(DRIVE XVietnam XNepal)
(DRIVE XNepal XNewZealand)
(DROPOFF TA_XTajikistan XNewZealand)
(HOMESAFE TA_XTajikistan XnewZealand)
(DRIVE XNewZealand XSerbia)
(DROPOFF TA_XVaticanCity XSerbia)
(HOMESAFE TA_XVaticancity Xserbia)
(DRIVE XSerbia XVietnam)
(DRIVE XVietnam XFiji)
(DROPOFF TA_XEstonia XFiji)
(HOMESAFE TA_XEstonia Xfiji)
(DRIVE XFiji XNepal)
(DRIVE XNepal XNiger)
(DROPOFF TA_XBotswana XNiger)
(HOMESAFE TA_XBotswana Xniger)
(DRIVE XNiger XSlovakia)
(DROPOFF TA_XUAE XSlovakia)
(HOMESAFE TA_XUAE XSlovakia)
(DRIVE XSlovakia XNepal)
(DRIVE XNepal XAfghanistan)
(DRIVE XAfghanistan XSuriname)
(DROPOFF TA_XSerbia XSuriname)
(HOMESAFE TA_XSerbia Xsuriname)
(DRIVE XSuriname XBelarus)
(DROPOFF TA_XNewZealand XBelarus)
(HOMESAFE TA_XNewzealand Xbelarus)
(DRIVE XBelarus XNepal)
(DRIVE XNepal XAfghanistan)
(DRIVE XAfghanistan XBelgium)
(DRIVE XBelgium XBotswana)
(DROPOFF TA_XBelarus XBotswana)
(HOMESAFE TA_XBelarus Xbotswana)
(DRIVE XBotswana XBelgium)
(DRIVE XBelgium XAfghanistan)
(DRIVE XAfghanistan XEstonia)
(DROPOFF TA_XTanzania XEstonia)
(HOMESAFE TA_XTanzania Xestonia)
(DRIVE XEstonia XBosHerzegovina)
(DRIVE XBosHerzegovina XArgentina)
(DROPOFF TA_XGeorgia XArgentina)
(DRIVE XArgentina XNepal)
(HOMESAFE TA_XGeorgia Xargentina)
(DRIVE XNepal XGeorgia)
(DROPOFF TA_XPanama XGeorgia)
(HOMESAFE TA_XPanama Xgeorgia)
(DRIVE XGeorgia XTajikistan)
(DROPOFF TA_XSuriname XTajikistan)
(HOMESAFE TA_XSuriname Xtajikistan)
(DRIVE XTajikistan XSaintLucia)
(DROPOFF TA_XFiji XSaintLucia)
(DRIVE XSaintLucia XNepal)
(HOMESAFE TA_XFiji XsaintLucia)
(DRIVE XNepal XKuwait)
(DROPOFF TA_XArgentina XKuwait)
(DRIVE XKuwait XNepal)
(HOMESAFE TA_XArgentina Xkuwait)
(DRIVE XNepal XAfghanistan)
(DRIVE XAfghanistan XLiechtenstein)
(DROPOFF TA_XVietnam XLiechtenstein)
(HOMESAFE TA_XVietnam Xliechtenstein)
(DRIVE XLiechtenstein XTanzania)
(DROPOFF TA_XNiger XTanzania)
(DRIVE XTanzania XNepal)
(HOMESAFE TA_XNiger Xtanzania)
(DRIVE XNepal XAfghanistan)
(DRIVE XAfghanistan XAzerbaijan)
(DROPOFF TA_XMarshallIslands XAzerbaijan)
(HOMESAFE TA_XMarshallislands Xazerbaijan)
(DRIVE XAzerbaijan XPalau)
(DROPOFF TA_XAfghanistan XPalau)
(HOMESAFE TA_XAfghanistan Xpalau)
(DRIVE XPalau XAfghanistan)
(DRIVE XAfghanistan XPanama)
(DROPOFF TA_XSlovakia XPanama)
(HOMESAFE TA_XSlovakia Xpanama)
(DRIVE XPanama XBahrain)
(DRIVE XBahrain XVaticanCity)
(DROPOFF TA_XPalau XVaticanCity)
(HOMESAFE TA_XPalau XvaticanCity)
(DRIVE XVaticanCity XUAE)
(DROPOFF TA_XLiechtenstein XUAE)
(DRIVE XUAE XNepal)
(HOMESAFE TA_XLiechtenstein XuAE)
(DRIVE XNepal XBosHerzegovina)
(DRIVE XBosHerzegovina XMauritius)
(DROPOFF TA_XMauritius XMauritius)
(HOMESAFE TA_XMauritius Xmauritius)
(DRIVE XMauritius XNiger)
(DRIVE XNiger XMarshallIslands)
(DROPOFF TA_XKuwait XMarshallIslands)
(HOMESAFE TA_XKuwait XmarshallIslands)
(DRIVE XMarshallIslands XSlovakia)
(DRIVE XSlovakia XNepal)
