(DROPOFF TA_Xc XP)
(WALK TA_Xc XP Xk)
(HOMESAFE TA_Xc Xk)
(DROPOFF TA_Xd XP)
(WALK TA_Xd XP Xf)
(HOMESAFE TA_Xd Xf)
(DROPOFF TA_XT XP)
(WALK TA_XT XP Xa)
(HOMESAFE TA_XT Xa)
(DROPOFF TA_Xk XP)
(WALK TA_Xk XP Xb)
(HOMESAFE TA_Xk Xb)
(DROPOFF TA_XB XP)
(WALK TA_XB XP XN)
(HOMESAFE TA_XB XN)
(DROPOFF TA_XS XP)
(WALK TA_XS XP Xj)
(HOMESAFE TA_XS Xj)
(DROPOFF TA_Xm XP)
(WALK TA_Xm XP Xd)
(HOMESAFE TA_Xm Xd)
(DROPOFF TA_Xr XP)
(WALK TA_Xr XP Xc)
(HOMESAFE TA_Xr Xc)
(DROPOFF TA_XE XP)
(WALK TA_XE XP XF)
(WALK TA_XE XF XE)
(HOMESAFE TA_XE XE)
(DROPOFF TA_Xi XP)
(WALK TA_Xi XP Xj)
(WALK TA_Xi Xj Xh)
(HOMESAFE TA_Xi Xh)
(DROPOFF TA_XN XP)
(WALK TA_XN XP Xk)
(WALK TA_XN Xk Xi)
(HOMESAFE TA_XN Xi)
(DROPOFF TA_Xb XP)
(WALK TA_Xb XP Xl)
(WALK TA_Xb Xl Xm)
(HOMESAFE TA_Xb Xm)
(DROPOFF TA_Xg XP)
(WALK TA_Xg XP Xn)
(WALK TA_Xg Xn Xo)
(HOMESAFE TA_Xg Xo)
(DROPOFF TA_XJ XP)
(WALK TA_XJ XP Xn)
(WALK TA_XJ Xn Xq)
(HOMESAFE TA_XJ Xq)
(DROPOFF TA_XU XP)
(WALK TA_XU XP XF)
(WALK TA_XU XF XI)
(WALK TA_XU XI XJ)
(HOMESAFE TA_XU XJ)
(DROPOFF TA_Xq XP)
(WALK TA_Xq XP Xn)
(WALK TA_Xq Xn Xq)
(WALK TA_Xq Xq Xr)
(HOMESAFE TA_Xq Xr)
(DROPOFF TA_Xa XP)
(WALK TA_Xa XP XO)
(WALK TA_Xa XO XR)
(WALK TA_Xa XR XU)
(HOMESAFE TA_Xa Xu)
(DROPOFF TA_XX XP)
(WALK TA_XX XP XM)
(WALK TA_XX XM XQ)
(WALK TA_XX XQ XS)
(HOMESAFE TA_XX XS)
(DROPOFF TA_Xf XP)
(WALK TA_Xf XP Xj)
(WALK TA_Xf Xj Xh)
(WALK TA_Xf Xh Xg)
(HOMESAFE TA_Xf Xg)
(DROPOFF TA_Xh XP)
(WALK TA_Xh XP Xn)
(WALK TA_Xh Xn Xs)
(WALK TA_Xh Xs Xv)
(WALK TA_Xh Xv Xx)
(HOMESAFE TA_Xh Xx)
(DROPOFF TA_Xx XP)
(WALK TA_Xx XP XM)
(WALK TA_Xx XM XQ)
(WALK TA_Xx XQ XS)
(WALK TA_Xx XS XT)
(HOMESAFE TA_Xx Xt)
(DROPOFF TA_XK XP)
(WALK TA_XK XP XF)
(WALK TA_XK XF XI)
(WALK TA_XK XI XJ)
(WALK TA_XK XJ XK)
(HOMESAFE TA_XK XK)
(DROPOFF TA_XL XP)
(WALK TA_XL XP XF)
(WALK TA_XL XF XI)
(WALK TA_XL XI XD)
(WALK TA_XL XD XC)
(WALK TA_XL XC XB)
(HOMESAFE TA_XL XB)
(DROPOFF TA_Xo XP)
(WALK TA_Xo XP XO)
(WALK TA_Xo XO XR)
(WALK TA_Xo XR XU)
(WALK TA_Xo XU XW)
(WALK TA_Xo XW XX)
(HOMESAFE TA_Xo Xx)
(DROPOFF TA_Xj XP)
(WALK TA_Xj XP XF)
(WALK TA_Xj XF XI)
(WALK TA_Xj XI XJ)
(WALK TA_Xj XJ XK)
(WALK TA_Xj XK XL)
(HOMESAFE TA_Xj Xl)
