(DRIVE Xl0 Xl3)
(DRIVE Xl3 Xh17)
(DROPOFF TA_Xh24 Xh17)
(HOMESAFE TA_Xh24 Xh17)
(DRIVE Xh17 Xh13)
(DROPOFF TA_Xh23 Xh13)
(DRIVE Xh13 Xh1)
(DROPOFF TA_Xh22 Xh1)
(HOMESAFE TA_Xh22 Xh1)
(DRIVE Xh1 Xl8)
(WALK TA_Xh23 Xh13 Xh22)
(DRIVE Xl8 Xl7)
(DRIVE Xl7 Xh16)
(DROPOFF TA_Xh21 Xh16)
(HOMESAFE TA_Xh21 Xh16)
(DRIVE Xh16 Xh9)
(DROPOFF TA_Xh20 Xh9)
(DRIVE Xh9 Xh16)
(WALK TA_Xh23 Xh22 Xh19)
(WALK TA_Xh20 Xh9 Xh23)
(DRIVE Xh16 Xl0)
(DRIVE Xl0 Xl3)
(DRIVE Xl3 Xh3)
(DROPOFF TA_Xh19 Xh3)
(HOMESAFE TA_Xh19 Xh3)
(DRIVE Xh3 Xh7)
(DROPOFF TA_Xh18 Xh7)
(HOMESAFE TA_Xh18 Xh7)
(DRIVE Xh7 Xh6)
(DROPOFF TA_Xh3 Xh6)
(HOMESAFE TA_Xh3 Xh6)
(DRIVE Xh6 Xh0)
(DROPOFF TA_Xh17 Xh0)
(HOMESAFE TA_Xh17 Xh0)
(WALK TA_Xh23 Xh19 Xh22)
(DRIVE Xh0 Xh3)
(DRIVE Xh3 Xh2)
(DROPOFF TA_Xh16 Xh2)
(HOMESAFE TA_Xh16 Xh2)
(DROPOFF TA_Xh0 Xh2)
(DRIVE Xh2 Xl1)
(DRIVE Xl1 Xl3)
(WALK TA_Xh0 Xh2 Xh12)
(HOMESAFE TA_Xh0 Xh12)
(DRIVE Xl3 Xl1)
(DRIVE Xl1 Xh5)
(DROPOFF TA_Xh15 Xh5)
(HOMESAFE TA_Xh15 Xh5)
(DRIVE Xh5 Xl2)
(DRIVE Xl2 Xh4)
(DROPOFF TA_Xh14 Xh4)
(HOMESAFE TA_Xh14 Xh4)
(DRIVE Xh4 Xh6)
(DRIVE Xh6 Xl0)
(WALK TA_Xh20 Xh23 Xh8)
(WALK TA_Xh20 Xh8 Xh24)
(DRIVE Xl0 Xl3)
(DRIVE Xl3 Xh20)
(DROPOFF TA_Xh13 Xh20)
(HOMESAFE TA_Xh13 Xh20)
(DRIVE Xh20 Xl3)
(DRIVE Xl3 Xh17)
(WALK TA_Xh20 Xh24 Xh8)
(DRIVE Xh17 Xh15)
(DROPOFF TA_Xh12 Xh15)
(HOMESAFE TA_Xh12 Xh15)
(DRIVE Xh15 Xl7)
(DRIVE Xl7 Xh10)
(DROPOFF TA_Xh11 Xh10)
(HOMESAFE TA_Xh11 Xh10)
(DRIVE Xh10 Xl5)
(DRIVE Xl5 Xh11)
(DROPOFF TA_Xh10 Xh11)
(DRIVE Xh11 Xl0)
(WALK TA_Xh20 Xh8 Xh23)
(WALK TA_Xh20 Xh23 Xh9)
(DRIVE Xl0 Xh16)
(DRIVE Xh16 Xh21)
(HOMESAFE TA_Xh20 Xh9)
(DROPOFF TA_Xh9 Xh21)
(HOMESAFE TA_Xh9 Xh21)
(DRIVE Xh21 Xh24)
(DROPOFF TA_Xh8 Xh24)
(HOMESAFE TA_Xh8 Xh24)
(DRIVE Xh24 Xh8)
(DROPOFF TA_Xh7 Xh8)
(HOMESAFE TA_Xh7 Xh8)
(DRIVE Xh8 Xh23)
(DROPOFF TA_Xh6 Xh23)
(HOMESAFE TA_Xh6 Xh23)
(HOMESAFE TA_Xh10 Xh11)
(DRIVE Xh23 Xh14)
(DROPOFF TA_Xh5 Xh14)
(DRIVE Xh14 Xl0)
(HOMESAFE TA_Xh5 Xh14)
(WALK TA_Xh23 Xh22 Xh18)
(HOMESAFE TA_Xh23 Xh18)
(DRIVE Xl0 Xh2)
(DRIVE Xh2 Xh22)
(DROPOFF TA_Xh4 Xh22)
(HOMESAFE TA_Xh4 Xh22)
(DRIVE Xh22 Xh19)
(DROPOFF TA_Xh2 Xh19)
(DRIVE Xh19 Xl0)
(WALK TA_Xh2 Xh19 Xh22)
(WALK TA_Xh2 Xh22 Xh13)
(HOMESAFE TA_Xh2 Xh13)
(DRIVE Xl0 Xh19)
(DROPOFF TA_Xh1 Xh19)
(HOMESAFE TA_Xh1 Xh19)
(DRIVE Xh19 Xl0)
