(DROPOFF TA_XMiPSEwVMn3bbGh4tbRTf XvBhpoFdJZxyttIlfaf7D)
(WALK TA_XMiPSEwVMn3bbGh4tbRTf XvBhpoFdJZxyttIlfaf7D XvLwJebpyApE3MPksc9OW)
(HOMESAFE TA_XMipsewvmn3bbgh4tbrtf XvLwJebpyApE3MPksc9OW)
(DROPOFF TA_XRpMJGAvULIBCQ0RI369s XvBhpoFdJZxyttIlfaf7D)
(WALK TA_XRpMJGAvULIBCQ0RI369s XvBhpoFdJZxyttIlfaf7D XXWHR07Y6kfSBbEuD62PN)
(HOMESAFE TA_XRpmjgavulibcq0ri369s XxWHR07Y6kfSBbEuD62PN)
(DROPOFF TA_XJEGgKJfdY8owvwdYhKMk XvBhpoFdJZxyttIlfaf7D)
(WALK TA_XJEGgKJfdY8owvwdYhKMk XvBhpoFdJZxyttIlfaf7D Xzs7X4IJgeJEM8iqAbvF3)
(HOMESAFE TA_XJEGgkjfdy8owvwdyhkmk Xzs7X4IJgeJEM8iqAbvF3)
(DROPOFF TA_X8Le4AI986fwHZXPoOMK1 XvBhpoFdJZxyttIlfaf7D)
(WALK TA_X8Le4AI986fwHZXPoOMK1 XvBhpoFdJZxyttIlfaf7D XDybFcuyeWxt51LawzVvs)
(HOMESAFE TA_X8Le4ai986fwhzxpoomk1 XdybFcuyeWxt51LawzVvs)
(DROPOFF TA_XWwLzOfqcc3FIzub2jh8R XvBhpoFdJZxyttIlfaf7D)
(WALK TA_XWwLzOfqcc3FIzub2jh8R XvBhpoFdJZxyttIlfaf7D XJ00g7hlLLSWTXvTYK9v2)
(HOMESAFE TA_XWwlzofqcc3fizub2jh8r Xj00g7hlLLSWTXvTYK9v2)
(DROPOFF TA_XR7crXexksQ4TN5zY2ck3 XvBhpoFdJZxyttIlfaf7D)
(WALK TA_XR7crXexksQ4TN5zY2ck3 XvBhpoFdJZxyttIlfaf7D XrkMvLqMMN5Aq3onq5XeZ)
(HOMESAFE TA_XR7crxexksq4tn5zy2ck3 XrkMvLqMMN5Aq3onq5XeZ)
(DROPOFF TA_XXYk0VV4ujV55qqS8YiHV XvBhpoFdJZxyttIlfaf7D)
(WALK TA_XXYk0VV4ujV55qqS8YiHV XvBhpoFdJZxyttIlfaf7D XtUVqKo1E6AibIE6zShkv)
(HOMESAFE TA_XXYk0vv4ujv55qqs8yihv XtUVqKo1E6AibIE6zShkv)
(DROPOFF TA_XNAqhSs9OpS9XtIaJtTCD XvBhpoFdJZxyttIlfaf7D)
(WALK TA_XNAqhSs9OpS9XtIaJtTCD XvBhpoFdJZxyttIlfaf7D Xd6xeP6xeDJ3O2jY8D4pB)
(HOMESAFE TA_XNAqhss9ops9xtiajttcd Xd6xeP6xeDJ3O2jY8D4pB)
(DROPOFF TA_XR6ZzYYWqarkWldqbKDab XvBhpoFdJZxyttIlfaf7D)
(WALK TA_XR6ZzYYWqarkWldqbKDab XvBhpoFdJZxyttIlfaf7D XMiPSEwVMn3bbGh4tbRTf)
(HOMESAFE TA_XR6Zzyywqarkwldqbkdab XmiPSEwVMn3bbGh4tbRTf)
(DROPOFF TA_XWN0Nl06Zx9w6LYUHMZam XvBhpoFdJZxyttIlfaf7D)
(WALK TA_XWN0Nl06Zx9w6LYUHMZam XvBhpoFdJZxyttIlfaf7D XqM7lEl3z2COceXw7x0EC)
(HOMESAFE TA_XWN0Nl06zx9w6lyuhmzam XqM7lEl3z2COceXw7x0EC)
(DROPOFF TA_Xzs7X4IJgeJEM8iqAbvF3 XvBhpoFdJZxyttIlfaf7D)
(WALK TA_Xzs7X4IJgeJEM8iqAbvF3 XvBhpoFdJZxyttIlfaf7D XjTdja1e2hUhydiExPlJM)
(HOMESAFE TA_Xzs7x4ijgejem8iqabvf3 XjTdja1e2hUhydiExPlJM)
(DROPOFF TA_Xcs6LkMYfySGYUzb8VLcc XvBhpoFdJZxyttIlfaf7D)
(WALK TA_Xcs6LkMYfySGYUzb8VLcc XvBhpoFdJZxyttIlfaf7D X17OoKHzumyPaqfjSSc7S)
(HOMESAFE TA_Xcs6lkmyfysgyuzb8vlcc X17OoKHzumyPaqfjSSc7S)
(DROPOFF TA_XvLwJebpyApE3MPksc9OW XvBhpoFdJZxyttIlfaf7D)
(WALK TA_XvLwJebpyApE3MPksc9OW XvBhpoFdJZxyttIlfaf7D X8mLI4Cl8exxeLw5eLCvi)
(HOMESAFE TA_Xvlwjebpyape3mpksc9ow X8mLI4Cl8exxeLw5eLCvi)
(DROPOFF TA_Xohy3S5QXymEhh63dMBQE XvBhpoFdJZxyttIlfaf7D)
(WALK TA_Xohy3S5QXymEhh63dMBQE XvBhpoFdJZxyttIlfaf7D XnB1RHSnvjX4nG0Tch5En)
(HOMESAFE TA_Xohy3s5qxymehh63dmbqe XnB1RHSnvjX4nG0Tch5En)
(DROPOFF TA_XRRlYwTFLYqL48JIMSAmC XvBhpoFdJZxyttIlfaf7D)
(WALK TA_XRRlYwTFLYqL48JIMSAmC XvBhpoFdJZxyttIlfaf7D X6koX1rNvAwrB84m39eQv)
(HOMESAFE TA_XRRlywtflyql48jimsamc X6koX1rNvAwrB84m39eQv)
(DROPOFF TA_X2LthmnS3Cdd5FBfY5GQ9 XvBhpoFdJZxyttIlfaf7D)
(WALK TA_X2LthmnS3Cdd5FBfY5GQ9 XvBhpoFdJZxyttIlfaf7D XW1jWYYdH0atiKtbaVDRT)
(HOMESAFE TA_X2Lthmns3cdd5fbfy5gq9 Xw1jWYYdH0atiKtbaVDRT)
(DROPOFF TA_XDybFcuyeWxt51LawzVvs XvBhpoFdJZxyttIlfaf7D)
(WALK TA_XDybFcuyeWxt51LawzVvs XvBhpoFdJZxyttIlfaf7D X9B0w6Ahn3NsugfNn6veD)
(HOMESAFE TA_XDybfcuyewxt51lawzvvs X9B0w6Ahn3NsugfNn6veD)
(DROPOFF TA_XrMd1TXBMCuFfO59jF1Tq XvBhpoFdJZxyttIlfaf7D)
(WALK TA_XrMd1TXBMCuFfO59jF1Tq XvBhpoFdJZxyttIlfaf7D Xohy3S5QXymEhh63dMBQE)
(HOMESAFE TA_Xrmd1txbmcuffo59jf1tq Xohy3S5QXymEhh63dMBQE)
(DROPOFF TA_X7PoxePhwnlLvMilKVpER XvBhpoFdJZxyttIlfaf7D)
(WALK TA_X7PoxePhwnlLvMilKVpER XvBhpoFdJZxyttIlfaf7D XXBxLd5K0m0Gtk5fTL45q)
(HOMESAFE TA_X7Poxephwnllvmilkvper XxBxLd5K0m0Gtk5fTL45q)
(DROPOFF TA_XJ00g7hlLLSWTXvTYK9v2 XvBhpoFdJZxyttIlfaf7D)
(WALK TA_XJ00g7hlLLSWTXvTYK9v2 XvBhpoFdJZxyttIlfaf7D XR7crXexksQ4TN5zY2ck3)
(HOMESAFE TA_XJ00g7hlllswtxvtyk9v2 Xr7crXexksQ4TN5zY2ck3)
(DROPOFF TA_XjTdja1e2hUhydiExPlJM XvBhpoFdJZxyttIlfaf7D)
(WALK TA_XjTdja1e2hUhydiExPlJM XvBhpoFdJZxyttIlfaf7D XInZnvPu8h9zAoLCNj2in)
(HOMESAFE TA_Xjtdja1e2huhydiexpljm XinZnvPu8h9zAoLCNj2in)
(DROPOFF TA_Xmv3tFPDoT2NlrLp24T9l XvBhpoFdJZxyttIlfaf7D)
(WALK TA_Xmv3tFPDoT2NlrLp24T9l XvBhpoFdJZxyttIlfaf7D Xmv3tFPDoT2NlrLp24T9l)
(HOMESAFE TA_Xmv3tfpdot2nlrlp24t9l Xmv3tFPDoT2NlrLp24T9l)
(DROPOFF TA_XtUVqKo1E6AibIE6zShkv XvBhpoFdJZxyttIlfaf7D)
(WALK TA_XtUVqKo1E6AibIE6zShkv XvBhpoFdJZxyttIlfaf7D XXgDMuo1AqytyG9qTqNv4)
(WALK TA_XtUVqKo1E6AibIE6zShkv XXgDMuo1AqytyG9qTqNv4 Xn2Cqtp5v2DuwGX7LhuzE)
(HOMESAFE TA_Xtuvqko1e6aibie6zshkv Xn2Cqtp5v2DuwGX7LhuzE)
(DROPOFF TA_XrkMvLqMMN5Aq3onq5XeZ XvBhpoFdJZxyttIlfaf7D)
(WALK TA_XrkMvLqMMN5Aq3onq5XeZ XvBhpoFdJZxyttIlfaf7D XvZUMyUDxLY7qRIRiUPr2)
(WALK TA_XrkMvLqMMN5Aq3onq5XeZ XvZUMyUDxLY7qRIRiUPr2 XrMd1TXBMCuFfO59jF1Tq)
(HOMESAFE TA_Xrkmvlqmmn5aq3onq5xez XrMd1TXBMCuFfO59jF1Tq)
(DROPOFF TA_Xiki3BohF22ET0rMPxXQ5 XvBhpoFdJZxyttIlfaf7D)
(WALK TA_Xiki3BohF22ET0rMPxXQ5 XvBhpoFdJZxyttIlfaf7D XIz79VMi2nkM7feHNxIEU)
(WALK TA_Xiki3BohF22ET0rMPxXQ5 XIz79VMi2nkM7feHNxIEU X7PoxePhwnlLvMilKVpER)
(HOMESAFE TA_Xiki3bohf22et0rmpxxq5 X7PoxePhwnlLvMilKVpER)
(DROPOFF TA_X6koX1rNvAwrB84m39eQv XvBhpoFdJZxyttIlfaf7D)
(WALK TA_X6koX1rNvAwrB84m39eQv XvBhpoFdJZxyttIlfaf7D XnB1RHSnvjX4nG0Tch5En)
(WALK TA_X6koX1rNvAwrB84m39eQv XnB1RHSnvjX4nG0Tch5En XuUumBfQJDh6S0d06Kb78)
(HOMESAFE TA_X6kox1rnvawrb84m39eqv XuUumBfQJDh6S0d06Kb78)
(DROPOFF TA_X17OoKHzumyPaqfjSSc7S XvBhpoFdJZxyttIlfaf7D)
(WALK TA_X17OoKHzumyPaqfjSSc7S XvBhpoFdJZxyttIlfaf7D XW1jWYYdH0atiKtbaVDRT)
(WALK TA_X17OoKHzumyPaqfjSSc7S XW1jWYYdH0atiKtbaVDRT XXYk0VV4ujV55qqS8YiHV)
(HOMESAFE TA_X17Ookhzumypaqfjssc7s XxYk0VV4ujV55qqS8YiHV)
(DROPOFF TA_XXX8iZd9Mw56dkKCstFAC XvBhpoFdJZxyttIlfaf7D)
(WALK TA_XXX8iZd9Mw56dkKCstFAC XvBhpoFdJZxyttIlfaf7D X535WuquKiicRqEyzCI3d)
(HOMESAFE TA_XXX8izd9mw56dkkcstfac X535WuquKiicRqEyzCI3d)
(DROPOFF TA_XqkrT0EYt8AHuefFD25g1 XvBhpoFdJZxyttIlfaf7D)
(WALK TA_XqkrT0EYt8AHuefFD25g1 XvBhpoFdJZxyttIlfaf7D Xiki3BohF22ET0rMPxXQ5)
(HOMESAFE TA_Xqkrt0eyt8ahueffd25g1 Xiki3BohF22ET0rMPxXQ5)
(DROPOFF TA_XXBxLd5K0m0Gtk5fTL45q XvBhpoFdJZxyttIlfaf7D)
(WALK TA_XXBxLd5K0m0Gtk5fTL45q XvBhpoFdJZxyttIlfaf7D XqkrT0EYt8AHuefFD25g1)
(HOMESAFE TA_XXBxld5k0m0gtk5ftl45q XqkrT0EYt8AHuefFD25g1)
(DROPOFF TA_XEHYUZOt1fTtm7KJue8on XvBhpoFdJZxyttIlfaf7D)
(WALK TA_XEHYUZOt1fTtm7KJue8on XvBhpoFdJZxyttIlfaf7D X2LthmnS3Cdd5FBfY5GQ9)
(HOMESAFE TA_XEHYUZOt1fttm7kjue8on X2LthmnS3Cdd5FBfY5GQ9)
(DROPOFF TA_X37APL8dpwT5Ds5AIG0t4 XvBhpoFdJZxyttIlfaf7D)
(WALK TA_X37APL8dpwT5Ds5AIG0t4 XvBhpoFdJZxyttIlfaf7D XR6ZzYYWqarkWldqbKDab)
(HOMESAFE TA_X37APL8dpwt5ds5aig0t4 Xr6ZzYYWqarkWldqbKDab)
(DROPOFF TA_X9B0w6Ahn3NsugfNn6veD XvBhpoFdJZxyttIlfaf7D)
(WALK TA_X9B0w6Ahn3NsugfNn6veD XvBhpoFdJZxyttIlfaf7D Xfp9JaV5iTp8QxXwwkR68)
(HOMESAFE TA_X9B0w6ahn3nsugfnn6ved Xfp9JaV5iTp8QxXwwkR68)
(DROPOFF TA_XuUumBfQJDh6S0d06Kb78 XvBhpoFdJZxyttIlfaf7D)
(WALK TA_XuUumBfQJDh6S0d06Kb78 XvBhpoFdJZxyttIlfaf7D X8Le4AI986fwHZXPoOMK1)
(HOMESAFE TA_Xuuumbfqjdh6s0d06kb78 X8Le4AI986fwHZXPoOMK1)
(DROPOFF TA_XeKaPpzrMwOPxNzeoOSFH XvBhpoFdJZxyttIlfaf7D)
(WALK TA_XeKaPpzrMwOPxNzeoOSFH XvBhpoFdJZxyttIlfaf7D XoFNlFPub6zLirsQwo0fu)
(HOMESAFE TA_Xekappzrmwopxnzeoosfh XoFNlFPub6zLirsQwo0fu)
(DROPOFF TA_Xfp9JaV5iTp8QxXwwkR68 XvBhpoFdJZxyttIlfaf7D)
(WALK TA_Xfp9JaV5iTp8QxXwwkR68 XvBhpoFdJZxyttIlfaf7D XWwLzOfqcc3FIzub2jh8R)
(HOMESAFE TA_Xfp9jav5itp8qxxwwkr68 XwwLzOfqcc3FIzub2jh8R)
(DROPOFF TA_Xd6xeP6xeDJ3O2jY8D4pB XvBhpoFdJZxyttIlfaf7D)
(WALK TA_Xd6xeP6xeDJ3O2jY8D4pB XvBhpoFdJZxyttIlfaf7D X37APL8dpwT5Ds5AIG0t4)
(HOMESAFE TA_Xd6xep6xedj3o2jy8d4pb X37APL8dpwT5Ds5AIG0t4)
(DROPOFF TA_X6PPTzNGrNxrgfdvm8cwZ XvBhpoFdJZxyttIlfaf7D)
(WALK TA_X6PPTzNGrNxrgfdvm8cwZ XvBhpoFdJZxyttIlfaf7D XJEGgKJfdY8owvwdYhKMk)
(HOMESAFE TA_X6PPTzngrnxrgfdvm8cwz XjEGgKJfdY8owvwdYhKMk)
(DROPOFF TA_XwHEcyeduhdH7p3Lr1PtC XvBhpoFdJZxyttIlfaf7D)
(WALK TA_XwHEcyeduhdH7p3Lr1PtC XvBhpoFdJZxyttIlfaf7D XNAqhSs9OpS9XtIaJtTCD)
(HOMESAFE TA_Xwhecyeduhdh7p3lr1ptc XnAqhSs9OpS9XtIaJtTCD)
(DROPOFF TA_XW1jWYYdH0atiKtbaVDRT XvBhpoFdJZxyttIlfaf7D)
(WALK TA_XW1jWYYdH0atiKtbaVDRT XvBhpoFdJZxyttIlfaf7D Xcs6LkMYfySGYUzb8VLcc)
(HOMESAFE TA_XW1jwyydh0atiktbavdrt Xcs6LkMYfySGYUzb8VLcc)
(DROPOFF TA_X535WuquKiicRqEyzCI3d XvBhpoFdJZxyttIlfaf7D)
(WALK TA_X535WuquKiicRqEyzCI3d XvBhpoFdJZxyttIlfaf7D XwHEcyeduhdH7p3Lr1PtC)
(HOMESAFE TA_X535Wuqukiicrqeyzci3d XwHEcyeduhdH7p3Lr1PtC)
(DROPOFF TA_X4ilNvg3IkxoJuvkwqYsS XvBhpoFdJZxyttIlfaf7D)
(WALK TA_X4ilNvg3IkxoJuvkwqYsS XvBhpoFdJZxyttIlfaf7D XXX8iZd9Mw56dkKCstFAC)
(HOMESAFE TA_X4ilnvg3ikxojuvkwqyss XxX8iZd9Mw56dkKCstFAC)
(DROPOFF TA_XInZnvPu8h9zAoLCNj2in XvBhpoFdJZxyttIlfaf7D)
(WALK TA_XInZnvPu8h9zAoLCNj2in XvBhpoFdJZxyttIlfaf7D X4ilNvg3IkxoJuvkwqYsS)
(HOMESAFE TA_XInznvpu8h9zaolcnj2in X4ilNvg3IkxoJuvkwqYsS)
(DROPOFF TA_XnB1RHSnvjX4nG0Tch5En XvBhpoFdJZxyttIlfaf7D)
(WALK TA_XnB1RHSnvjX4nG0Tch5En XvBhpoFdJZxyttIlfaf7D XWN0Nl06Zx9w6LYUHMZam)
(HOMESAFE TA_Xnb1rhsnvjx4ng0tch5en XwN0Nl06Zx9w6LYUHMZam)
(DROPOFF TA_XXWHR07Y6kfSBbEuD62PN XvBhpoFdJZxyttIlfaf7D)
(WALK TA_XXWHR07Y6kfSBbEuD62PN XvBhpoFdJZxyttIlfaf7D XRRlYwTFLYqL48JIMSAmC)
(HOMESAFE TA_XXWHR07Y6kfsbbeud62pn XrRlYwTFLYqL48JIMSAmC)
(DROPOFF TA_XfHfopcx4v3MKBN0TMn7s XvBhpoFdJZxyttIlfaf7D)
(WALK TA_XfHfopcx4v3MKBN0TMn7s XvBhpoFdJZxyttIlfaf7D XfHfopcx4v3MKBN0TMn7s)
(HOMESAFE TA_Xfhfopcx4v3mkbn0tmn7s XfHfopcx4v3MKBN0TMn7s)
(DROPOFF TA_XoFNlFPub6zLirsQwo0fu XvBhpoFdJZxyttIlfaf7D)
(WALK TA_XoFNlFPub6zLirsQwo0fu XvBhpoFdJZxyttIlfaf7D XRpMJGAvULIBCQ0RI369s)
(HOMESAFE TA_Xofnlfpub6zlirsqwo0fu XrpMJGAvULIBCQ0RI369s)
(DROPOFF TA_XqM7lEl3z2COceXw7x0EC XvBhpoFdJZxyttIlfaf7D)
(WALK TA_XqM7lEl3z2COceXw7x0EC XvBhpoFdJZxyttIlfaf7D X6PPTzNGrNxrgfdvm8cwZ)
(HOMESAFE TA_Xqm7lel3z2cocexw7x0ec X6PPTzNGrNxrgfdvm8cwZ)
(DROPOFF TA_X8mLI4Cl8exxeLw5eLCvi XvBhpoFdJZxyttIlfaf7D)
(WALK TA_X8mLI4Cl8exxeLw5eLCvi XvBhpoFdJZxyttIlfaf7D XEHYUZOt1fTtm7KJue8on)
(HOMESAFE TA_X8mli4cl8exxelw5elcvi XeHYUZOt1fTtm7KJue8on)
(DROPOFF TA_Xn2Cqtp5v2DuwGX7LhuzE XvBhpoFdJZxyttIlfaf7D)
(WALK TA_Xn2Cqtp5v2DuwGX7LhuzE XvBhpoFdJZxyttIlfaf7D XeKaPpzrMwOPxNzeoOSFH)
(HOMESAFE TA_Xn2cqtp5v2duwgx7lhuze XeKaPpzrMwOPxNzeoOSFH)
