(DRIVE X0EzLvznzqSsDTCbR5WWQ X75EgdJC8MacBE2zKZlon)
(DROPOFF TA_XtnUjNl6cWuoaXQEfxH4p X75EgdJC8MacBE2zKZlon)
(HOMESAFE TA_Xtnujnl6cwuoaxqefxh4p X75EgdJC8MacBE2zKZlon)
(DRIVE X75EgdJC8MacBE2zKZlon X0EzLvznzqSsDTCbR5WWQ)
(DRIVE X0EzLvznzqSsDTCbR5WWQ XcZGUbNgsLGnuZE3Ot20K)
(DROPOFF TA_Xb69ITlIgTtPRUIpmSw5o XcZGUbNgsLGnuZE3Ot20K)
(DRIVE XcZGUbNgsLGnuZE3Ot20K X0EzLvznzqSsDTCbR5WWQ)
(DRIVE X0EzLvznzqSsDTCbR5WWQ XoFJmSdI9Mubs3awqWY5w)
(DROPOFF TA_XN0EmviMgt156P2Bd7oet XoFJmSdI9Mubs3awqWY5w)
(HOMESAFE TA_XN0Emvimgt156p2bd7oet XoFJmSdI9Mubs3awqWY5w)
(DRIVE XoFJmSdI9Mubs3awqWY5w X3iRTkaf7suaV2i91D7AI)
(DROPOFF TA_X75EgdJC8MacBE2zKZlon X3iRTkaf7suaV2i91D7AI)
(DRIVE X3iRTkaf7suaV2i91D7AI XLtVuPtXkki7L0rCf1ysG)
(DROPOFF TA_XLS3fS52ozGva9KBtcfZZ XLtVuPtXkki7L0rCf1ysG)
(HOMESAFE TA_XLS3fs52ozgva9kbtcfzz XltVuPtXkki7L0rCf1ysG)
(DRIVE XLtVuPtXkki7L0rCf1ysG XlEZ0YMvUzTvQYxlTiMir)
(DROPOFF TA_XpWBi6tyyRZpOm0dbsZfH XlEZ0YMvUzTvQYxlTiMir)
(HOMESAFE TA_Xb69itligttpruipmsw5o XcZGUbNgsLGnuZE3Ot20K)
(DRIVE XlEZ0YMvUzTvQYxlTiMir XN0EmviMgt156P2Bd7oet)
(DROPOFF TA_XLtVuPtXkki7L0rCf1ysG XN0EmviMgt156P2Bd7oet)
(HOMESAFE TA_XLtvuptxkki7l0rcf1ysg Xn0EmviMgt156P2Bd7oet)
(DRIVE XN0EmviMgt156P2Bd7oet XIVZaGmLbfT5MQpxXO2DP)
(DROPOFF TA_XidUlMWK1ZaKWh4awCdHY XIVZaGmLbfT5MQpxXO2DP)
(HOMESAFE TA_Xidulmwk1zakwh4awcdhy XiVZaGmLbfT5MQpxXO2DP)
(DRIVE XIVZaGmLbfT5MQpxXO2DP XTWpWLT2JICvczaB6q8Bo)
(DROPOFF TA_Xwrf0xNKoLGLKfuhe6hpI XTWpWLT2JICvczaB6q8Bo)
(HOMESAFE TA_Xwrf0xnkolglkfuhe6hpi XtWpWLT2JICvczaB6q8Bo)
(DRIVE XTWpWLT2JICvczaB6q8Bo Xhk9ECfFhibg7bmIlco5h)
(DROPOFF TA_XvgcAaadTbDs3lU9Z1t49 Xhk9ECfFhibg7bmIlco5h)
(DRIVE Xhk9ECfFhibg7bmIlco5h X0EzLvznzqSsDTCbR5WWQ)
(WALK TA_XvgcAaadTbDs3lU9Z1t49 Xhk9ECfFhibg7bmIlco5h Xj7jI3vJM5SWQs3N9YWK4)
(DRIVE X0EzLvznzqSsDTCbR5WWQ Xwrf0xNKoLGLKfuhe6hpI)
(DROPOFF TA_XK5LnOJV1Zh18kgMnZsVe Xwrf0xNKoLGLKfuhe6hpI)
(HOMESAFE TA_Xpwbi6tyyrzpom0dbszfh XlEZ0YMvUzTvQYxlTiMir)
(HOMESAFE TA_XK5Lnojv1zh18kgmnzsve Xwrf0xNKoLGLKfuhe6hpI)
(DRIVE Xwrf0xNKoLGLKfuhe6hpI XvgcAaadTbDs3lU9Z1t49)
(DROPOFF TA_Xhk9ECfFhibg7bmIlco5h XvgcAaadTbDs3lU9Z1t49)
(DRIVE XvgcAaadTbDs3lU9Z1t49 X0EzLvznzqSsDTCbR5WWQ)
(DRIVE X0EzLvznzqSsDTCbR5WWQ Xb69ITlIgTtPRUIpmSw5o)
(DROPOFF TA_XcZGUbNgsLGnuZE3Ot20K Xb69ITlIgTtPRUIpmSw5o)
(HOMESAFE TA_Xczgubngslgnuze3ot20k Xb69ITlIgTtPRUIpmSw5o)
(DRIVE Xb69ITlIgTtPRUIpmSw5o XYRtAAkfi0YIaAv0XqGni)
(DROPOFF TA_XTWpWLT2JICvczaB6q8Bo XYRtAAkfi0YIaAv0XqGni)
(HOMESAFE TA_XTWpwlt2jicvczab6q8bo XyRtAAkfi0YIaAv0XqGni)
(HOMESAFE TA_Xhk9ecffhibg7bmilco5h XvgcAaadTbDs3lU9Z1t49)
(DRIVE XYRtAAkfi0YIaAv0XqGni XHET4yE4ksHFmFRytJhfu)
(DROPOFF TA_XIVZaGmLbfT5MQpxXO2DP XHET4yE4ksHFmFRytJhfu)
(HOMESAFE TA_XIVZagmlbft5mqpxxo2dp XhET4yE4ksHFmFRytJhfu)
(DRIVE XHET4yE4ksHFmFRytJhfu XcZGUbNgsLGnuZE3Ot20K)
(WALK TA_X75EgdJC8MacBE2zKZlon X3iRTkaf7suaV2i91D7AI XidUlMWK1ZaKWh4awCdHY)
(HOMESAFE TA_X75Egdjc8macbe2zkzlon XidUlMWK1ZaKWh4awCdHY)
(HOMESAFE TA_Xvgcaaadtbds3lu9z1t49 Xj7jI3vJM5SWQs3N9YWK4)
(DRIVE XcZGUbNgsLGnuZE3Ot20K Xm5Au4RgVgXhOUKbKSdGW)
(DROPOFF TA_XHET4yE4ksHFmFRytJhfu Xm5Au4RgVgXhOUKbKSdGW)
(HOMESAFE TA_XHET4ye4kshfmfrytjhfu Xm5Au4RgVgXhOUKbKSdGW)
(DRIVE Xm5Au4RgVgXhOUKbKSdGW XpWBi6tyyRZpOm0dbsZfH)
(DROPOFF TA_XLTgssryHh3BZe1w1IMJd XpWBi6tyyRZpOm0dbsZfH)
(HOMESAFE TA_XLTgssryhh3bze1w1imjd XpWBi6tyyRZpOm0dbsZfH)
(DRIVE XpWBi6tyyRZpOm0dbsZfH X4ZMxz7AKccmgx6JK5gZn)
(DROPOFF TA_XI7VRK3VugXxRlgxCe54Q X4ZMxz7AKccmgx6JK5gZn)
(HOMESAFE TA_XI7VRK3Vugxxrlgxce54q X4ZMxz7AKccmgx6JK5gZn)
(DRIVE X4ZMxz7AKccmgx6JK5gZn X3iRTkaf7suaV2i91D7AI)
(DROPOFF TA_XoFJmSdI9Mubs3awqWY5w X3iRTkaf7suaV2i91D7AI)
(DRIVE X3iRTkaf7suaV2i91D7AI XI7VRK3VugXxRlgxCe54Q)
(DROPOFF TA_Xm5Au4RgVgXhOUKbKSdGW XI7VRK3VugXxRlgxCe54Q)
(DRIVE XI7VRK3VugXxRlgxCe54Q XK5LnOJV1Zh18kgMnZsVe)
(DROPOFF TA_X4ZMxz7AKccmgx6JK5gZn XK5LnOJV1Zh18kgMnZsVe)
(DRIVE XK5LnOJV1Zh18kgMnZsVe Xhk9ECfFhibg7bmIlco5h)
(DROPOFF TA_X3iRTkaf7suaV2i91D7AI Xhk9ECfFhibg7bmIlco5h)
(HOMESAFE TA_X3irtkaf7suav2i91d7ai Xhk9ECfFhibg7bmIlco5h)
(DRIVE Xhk9ECfFhibg7bmIlco5h XLTgssryHh3BZe1w1IMJd)
(DROPOFF TA_XYRtAAkfi0YIaAv0XqGni XLTgssryHh3BZe1w1IMJd)
(HOMESAFE TA_XYRtaakfi0yiaav0xqgni XlTgssryHh3BZe1w1IMJd)
(HOMESAFE TA_Xm5au4rgvgxhoukbksdgw Xi7VRK3VugXxRlgxCe54Q)
(HOMESAFE TA_X4ZMxz7akccmgx6jk5gzn Xk5LnOJV1Zh18kgMnZsVe)
(DRIVE XLTgssryHh3BZe1w1IMJd XtnUjNl6cWuoaXQEfxH4p)
(DROPOFF TA_XlEZ0YMvUzTvQYxlTiMir XtnUjNl6cWuoaXQEfxH4p)
(DRIVE XtnUjNl6cWuoaXQEfxH4p XLS3fS52ozGva9KBtcfZZ)
(DROPOFF TA_Xj7jI3vJM5SWQs3N9YWK4 XLS3fS52ozGva9KBtcfZZ)
(DRIVE XLS3fS52ozGva9KBtcfZZ X0EzLvznzqSsDTCbR5WWQ)
(HOMESAFE TA_Xlez0ymvuztvqyxltimir XtnUjNl6cWuoaXQEfxH4p)
(HOMESAFE TA_Xofjmsdi9mubs3awqwy5w X3iRTkaf7suaV2i91D7AI)
(HOMESAFE TA_Xj7ji3vjm5swqs3n9ywk4 XlS3fS52ozGva9KBtcfZZ)
